----------------------------------------
Timestamp: 3/12/2016 4:26:54 AM

Message: HandlingInstanceID: cd4d4f6b-5e58-47ab-a861-5dba80bdca67
An exception of type 'System.Web.HttpException' occurred and was caught.
------------------------------------------------------------------------
03/12/2016 04:26:54
Type : System.Web.HttpException, System.Web, Version=4.0.0.0, Culture=neutral, PublicKeyToken=b03f5f7f11d50a3a
Message : This is an invalid webresource request.
Source : System.Web
Help link : 
WebEventCode : 0
ErrorCode : -2147467259
Data : System.Collections.ListDictionaryInternal
TargetSite : Void System.Web.IHttpHandler.ProcessRequest(System.Web.HttpContext)
HResult : -2147467259
Stack Trace :    at System.Web.Handlers.AssemblyResourceLoader.System.Web.IHttpHandler.ProcessRequest(HttpContext context)
   at System.Web.HttpApplication.CallHandlerExecutionStep.System.Web.HttpApplication.IExecutionStep.Execute()
   at System.Web.HttpApplication.ExecuteStep(IExecutionStep step, Boolean& completedSynchronously)

Additional Info:

MachineName : WINDOWS01
TimeStamp : 3/12/2016 4:26:54 AM
FullName : Telerik.Sitefinity.Utilities, Version=5.2.3700.0, Culture=neutral, PublicKeyToken=b28c218413bdf563
AppDomainName : /LM/W3SVC/76/ROOT-1-131022265907845287
ThreadIdentity : 
WindowsIdentity : WINDOWS01\IWPD_279(oldsugar)
Requested URL : http://oldsugarmill.com/WebResource.axd?d=Nknh5KnngG6TDMivW9zTOINCGAWKUDXpa9L6a-hSdhzzeLNs8hs357lhyCFO59PvqRVxyChOpJarkG-0PxOIu3ABQ24uSO0VgeYvr4xy44S9Yyjn9wp46OYUTqwqoF4uGvx1ZGxW-v2vf6ASZFhC0ZCUsKxCM3FDdaB0Vg21ANCu1tH-XTCHObNma5C7EWy50&t=635602821211473645


Category: ErrorLog

Priority: 0

EventId: 90000

Severity: Error

Title:Enterprise Library Exception Handling

Machine: WINDOWS01

App Domain: /LM/W3SVC/76/ROOT-1-131022265907845287

ProcessId: 48240

Process Name: C:\Windows\SysWOW64\inetsrv\w3wp.exe

Thread Name: 

Win32 ThreadId:49368

Extended Properties: 
----------------------------------------
----------------------------------------
Timestamp: 3/12/2016 5:00:26 AM

Message: HandlingInstanceID: bd483eaf-03a3-4895-a810-9827396c1abc
An exception of type 'System.Web.HttpException' occurred and was caught.
------------------------------------------------------------------------
03/12/2016 05:00:26
Type : System.Web.HttpException, System.Web, Version=4.0.0.0, Culture=neutral, PublicKeyToken=b03f5f7f11d50a3a
Message : This is an invalid script resource request.
Source : System.Web.Extensions
Help link : 
WebEventCode : 0
ErrorCode : -2147467259
Data : System.Collections.ListDictionaryInternal
TargetSite : Void ProcessRequest(System.Web.HttpContextBase, VirtualFileReader, System.Action`2[System.String,System.Exception], Boolean)
HResult : -2147467259
Stack Trace :    at System.Web.Handlers.ScriptResourceHandler.ProcessRequest(HttpContextBase context, VirtualFileReader fileReader, Action`2 logAction, Boolean validatePath)
   at System.Web.Handlers.ScriptResourceHandler.ProcessRequest(HttpContext context)
   at System.Web.Handlers.ScriptResourceHandler.System.Web.IHttpHandler.ProcessRequest(HttpContext context)
   at System.Web.HttpApplication.CallHandlerExecutionStep.System.Web.HttpApplication.IExecutionStep.Execute()
   at System.Web.HttpApplication.ExecuteStep(IExecutionStep step, Boolean& completedSynchronously)

Additional Info:

MachineName : WINDOWS01
TimeStamp : 3/12/2016 5:00:26 AM
FullName : Telerik.Sitefinity.Utilities, Version=5.2.3700.0, Culture=neutral, PublicKeyToken=b28c218413bdf563
AppDomainName : /LM/W3SVC/76/ROOT-1-131022265907845287
ThreadIdentity : 
WindowsIdentity : WINDOWS01\IWPD_279(oldsugar)
Requested URL : http://oldsugarmill.com/ScriptResource.axd?d=d1jVB0Ic6F2kj2BAU26OTT7xMSL7lYHpYwFzQJ-d8WyMPC-UI3BUyfFbQV8xrqh7KNBl-tCnryKGlxTqUT9W0G5C3cgZZpGWrEY8ISu9GGB0d2srVrqjce1KDcCbt3mHfn_MIdlfdgYGfMt2t4XinHoIF5fb_cebWPPpa1EkpF3PG_aURiy5L4OCH8OSH3IJ0&t=155533f4


Category: ErrorLog

Priority: 0

EventId: 90000

Severity: Error

Title:Enterprise Library Exception Handling

Machine: WINDOWS01

App Domain: /LM/W3SVC/76/ROOT-1-131022265907845287

ProcessId: 48240

Process Name: C:\Windows\SysWOW64\inetsrv\w3wp.exe

Thread Name: 

Win32 ThreadId:10844

Extended Properties: 
----------------------------------------
----------------------------------------
Timestamp: 3/12/2016 5:00:26 AM

Message: HandlingInstanceID: 85f83c61-b498-445c-9ccc-09610b6c3583
An exception of type 'System.Web.HttpException' occurred and was caught.
------------------------------------------------------------------------
03/12/2016 05:00:26
Type : System.Web.HttpException, System.Web, Version=4.0.0.0, Culture=neutral, PublicKeyToken=b03f5f7f11d50a3a
Message : This is an invalid webresource request.
Source : System.Web
Help link : 
WebEventCode : 0
ErrorCode : -2147467259
Data : System.Collections.ListDictionaryInternal
TargetSite : Void System.Web.IHttpHandler.ProcessRequest(System.Web.HttpContext)
HResult : -2147467259
Stack Trace :    at System.Web.Handlers.AssemblyResourceLoader.System.Web.IHttpHandler.ProcessRequest(HttpContext context)
   at System.Web.HttpApplication.CallHandlerExecutionStep.System.Web.HttpApplication.IExecutionStep.Execute()
   at System.Web.HttpApplication.ExecuteStep(IExecutionStep step, Boolean& completedSynchronously)

Additional Info:

MachineName : WINDOWS01
TimeStamp : 3/12/2016 5:00:26 AM
FullName : Telerik.Sitefinity.Utilities, Version=5.2.3700.0, Culture=neutral, PublicKeyToken=b28c218413bdf563
AppDomainName : /LM/W3SVC/76/ROOT-1-131022265907845287
ThreadIdentity : 
WindowsIdentity : WINDOWS01\IWPD_279(oldsugar)
Requested URL : http://oldsugarmill.com/WebResource.axd?d=RddVaHdOujm3nOPvVYm3MPXiG0I8-n66r3Bou-fgaGFjSRoAlW4F6ZRVk4wgVHdbkqL9EjruayyaEK2Xt29IfkS7BnQ7fY4ux8-ctZMpIRQ1&t=635793053982061497


Category: ErrorLog

Priority: 0

EventId: 90000

Severity: Error

Title:Enterprise Library Exception Handling

Machine: WINDOWS01

App Domain: /LM/W3SVC/76/ROOT-1-131022265907845287

ProcessId: 48240

Process Name: C:\Windows\SysWOW64\inetsrv\w3wp.exe

Thread Name: 

Win32 ThreadId:15956

Extended Properties: 
----------------------------------------
----------------------------------------
Timestamp: 3/12/2016 5:00:26 AM

Message: HandlingInstanceID: a7565c9f-2b1c-4663-b2fa-39a9a22cb9d1
An exception of type 'System.Web.HttpException' occurred and was caught.
------------------------------------------------------------------------
03/12/2016 05:00:26
Type : System.Web.HttpException, System.Web, Version=4.0.0.0, Culture=neutral, PublicKeyToken=b03f5f7f11d50a3a
Message : This is an invalid webresource request.
Source : System.Web
Help link : 
WebEventCode : 0
ErrorCode : -2147467259
Data : System.Collections.ListDictionaryInternal
TargetSite : Void System.Web.IHttpHandler.ProcessRequest(System.Web.HttpContext)
HResult : -2147467259
Stack Trace :    at System.Web.Handlers.AssemblyResourceLoader.System.Web.IHttpHandler.ProcessRequest(HttpContext context)
   at System.Web.HttpApplication.CallHandlerExecutionStep.System.Web.HttpApplication.IExecutionStep.Execute()
   at System.Web.HttpApplication.ExecuteStep(IExecutionStep step, Boolean& completedSynchronously)

Additional Info:

MachineName : WINDOWS01
TimeStamp : 3/12/2016 5:00:26 AM
FullName : Telerik.Sitefinity.Utilities, Version=5.2.3700.0, Culture=neutral, PublicKeyToken=b28c218413bdf563
AppDomainName : /LM/W3SVC/76/ROOT-1-131022265907845287
ThreadIdentity : 
WindowsIdentity : WINDOWS01\IWPD_279(oldsugar)
Requested URL : http://oldsugarmill.com/WebResource.axd?d=01Nj0Sfd7LLBXiMYF7qfJ-EIgQLNrkm2Y3mm4lAAY4wx7Pda-DUf3Wl5ATi54LqqbaqiyZ8fqAPYLTpPwvoUCg4d7zKsy4abAegoYYCp656kvVGP0GQxtTkUB4LYlieDwyqPlPYpGbKdYMP1FbOj8zPHsGuE0n0UCqcTv5nJYMjhhmiKLpAccs7pTlB7kLF_0&t=635602821211473645


Category: ErrorLog

Priority: 0

EventId: 90000

Severity: Error

Title:Enterprise Library Exception Handling

Machine: WINDOWS01

App Domain: /LM/W3SVC/76/ROOT-1-131022265907845287

ProcessId: 48240

Process Name: C:\Windows\SysWOW64\inetsrv\w3wp.exe

Thread Name: 

Win32 ThreadId:36336

Extended Properties: 
----------------------------------------
----------------------------------------
Timestamp: 3/12/2016 5:42:52 AM

Message: HandlingInstanceID: 226bdc09-33f8-4286-a88f-23facb2afe7e
An exception of type 'System.Web.HttpException' occurred and was caught.
------------------------------------------------------------------------
03/12/2016 05:42:52
Type : System.Web.HttpException, System.Web, Version=4.0.0.0, Culture=neutral, PublicKeyToken=b03f5f7f11d50a3a
Message : This is an invalid script resource request.
Source : System.Web.Extensions
Help link : 
WebEventCode : 0
ErrorCode : -2147467259
Data : System.Collections.ListDictionaryInternal
TargetSite : Void ProcessRequest(System.Web.HttpContextBase, VirtualFileReader, System.Action`2[System.String,System.Exception], Boolean)
HResult : -2147467259
Stack Trace :    at System.Web.Handlers.ScriptResourceHandler.ProcessRequest(HttpContextBase context, VirtualFileReader fileReader, Action`2 logAction, Boolean validatePath)
   at System.Web.Handlers.ScriptResourceHandler.ProcessRequest(HttpContext context)
   at System.Web.Handlers.ScriptResourceHandler.System.Web.IHttpHandler.ProcessRequest(HttpContext context)
   at System.Web.HttpApplication.CallHandlerExecutionStep.System.Web.HttpApplication.IExecutionStep.Execute()
   at System.Web.HttpApplication.ExecuteStep(IExecutionStep step, Boolean& completedSynchronously)

Additional Info:

MachineName : WINDOWS01
TimeStamp : 3/12/2016 5:42:52 AM
FullName : Telerik.Sitefinity.Utilities, Version=5.2.3700.0, Culture=neutral, PublicKeyToken=b28c218413bdf563
AppDomainName : /LM/W3SVC/76/ROOT-1-131022337804523048
ThreadIdentity : 
WindowsIdentity : WINDOWS01\IWPD_279(oldsugar)
Requested URL : http://oldsugarmill.com/ScriptResource.axd?d=HY_3B4ze9Z9p3oXogwdGRjbDadtzLfumjvyEeCZsbjp6qGEPn5sRBg6RJnh8JAr8d0hOwbQP6Zldk0jqYCJ2Jam7PouzMzumEqsUlU9kKggspjT3uKIBHmV2EONi8DmJeJXEmDbPKDWGrv2m375YJQVAuOMJqSeqQ29k5gb_c9eLTJA3_CtQG22Fb1GvuYZbNPw0AF1B8s9ZcAvynq0mlg2&t=155533f4


Category: ErrorLog

Priority: 0

EventId: 90000

Severity: Error

Title:Enterprise Library Exception Handling

Machine: WINDOWS01

App Domain: /LM/W3SVC/76/ROOT-1-131022337804523048

ProcessId: 50404

Process Name: C:\Windows\SysWOW64\inetsrv\w3wp.exe

Thread Name: 

Win32 ThreadId:34132

Extended Properties: 
----------------------------------------
----------------------------------------
Timestamp: 3/12/2016 5:42:52 AM

Message: HandlingInstanceID: 41d4f76a-e8dd-4674-b63a-54df6426477c
An exception of type 'System.Web.HttpException' occurred and was caught.
------------------------------------------------------------------------
03/12/2016 05:42:52
Type : System.Web.HttpException, System.Web, Version=4.0.0.0, Culture=neutral, PublicKeyToken=b03f5f7f11d50a3a
Message : This is an invalid script resource request.
Source : System.Web.Extensions
Help link : 
WebEventCode : 0
ErrorCode : -2147467259
Data : System.Collections.ListDictionaryInternal
TargetSite : Void ProcessRequest(System.Web.HttpContextBase, VirtualFileReader, System.Action`2[System.String,System.Exception], Boolean)
HResult : -2147467259
Stack Trace :    at System.Web.Handlers.ScriptResourceHandler.ProcessRequest(HttpContextBase context, VirtualFileReader fileReader, Action`2 logAction, Boolean validatePath)
   at System.Web.Handlers.ScriptResourceHandler.ProcessRequest(HttpContext context)
   at System.Web.Handlers.ScriptResourceHandler.System.Web.IHttpHandler.ProcessRequest(HttpContext context)
   at System.Web.HttpApplication.CallHandlerExecutionStep.System.Web.HttpApplication.IExecutionStep.Execute()
   at System.Web.HttpApplication.ExecuteStep(IExecutionStep step, Boolean& completedSynchronously)

Additional Info:

MachineName : WINDOWS01
TimeStamp : 3/12/2016 5:42:52 AM
FullName : Telerik.Sitefinity.Utilities, Version=5.2.3700.0, Culture=neutral, PublicKeyToken=b28c218413bdf563
AppDomainName : /LM/W3SVC/76/ROOT-1-131022337804523048
ThreadIdentity : 
WindowsIdentity : WINDOWS01\IWPD_279(oldsugar)
Requested URL : http://oldsugarmill.com/ScriptResource.axd?d=ux9BMhmEymc0lbeyj0DS4yVC8Vzx7aUfChR1RlcjXGEtfSYSIDs4AycJq9stksyULiBJSneu4eakbV3QbXpAkzKvYGNUOufxvR6-b33HTDPKL3QEqQwSERKmiWB1eHQ-gm1PVO2lFzqQjRRF5CPtU_cQNdlx7sjriMeqbrnMW6zey7IhI7Av0GyDAcEeXPC30&t=155533f4


Category: ErrorLog

Priority: 0

EventId: 90000

Severity: Error

Title:Enterprise Library Exception Handling

Machine: WINDOWS01

App Domain: /LM/W3SVC/76/ROOT-1-131022337804523048

ProcessId: 50404

Process Name: C:\Windows\SysWOW64\inetsrv\w3wp.exe

Thread Name: 

Win32 ThreadId:49860

Extended Properties: 
----------------------------------------
----------------------------------------
Timestamp: 3/12/2016 6:35:52 AM

Message: HandlingInstanceID: f58dfdf6-6141-4f50-8629-b18be496e5a0
An exception of type 'System.Web.HttpException' occurred and was caught.
------------------------------------------------------------------------
03/12/2016 06:35:52
Type : System.Web.HttpException, System.Web, Version=4.0.0.0, Culture=neutral, PublicKeyToken=b03f5f7f11d50a3a
Message : The requested page doesn't exist or you do not have sufficient privileges to view it.
Source : Telerik.Sitefinity
Help link : 
WebEventCode : 0
ErrorCode : -2147467259
Data : System.Collections.ListDictionaryInternal
TargetSite : Boolean ProcessRedirects(System.Web.HttpContextBase, Telerik.Sitefinity.Web.PageSiteNode ByRef, Boolean, System.String[])
HResult : -2147467259
Stack Trace :    at Telerik.Sitefinity.Web.SitefinityRoute.ProcessRedirects(HttpContextBase httpContext, PageSiteNode& node, Boolean isAdditionalUrl, String[] urlParams)
   at Telerik.Sitefinity.Web.SitefinityRoute.GetRouteData(HttpContextBase httpContext)
   at System.Web.Routing.RouteCollection.GetRouteData(HttpContextBase httpContext)
   at System.Web.Routing.UrlRoutingModule.PostResolveRequestCache(HttpContextBase context)
   at System.Web.Routing.UrlRoutingModule.OnApplicationPostResolveRequestCache(Object sender, EventArgs e)
   at System.Web.HttpApplication.SyncEventExecutionStep.System.Web.HttpApplication.IExecutionStep.Execute()
   at System.Web.HttpApplication.ExecuteStep(IExecutionStep step, Boolean& completedSynchronously)

Additional Info:

MachineName : WINDOWS01
TimeStamp : 3/12/2016 6:35:52 AM
FullName : Telerik.Sitefinity.Utilities, Version=5.2.3700.0, Culture=neutral, PublicKeyToken=b28c218413bdf563
AppDomainName : /LM/W3SVC/76/ROOT-1-131022337804523048
ThreadIdentity : 
WindowsIdentity : WINDOWS01\IWPD_279(oldsugar)
Requested URL : http://oldsugarmill.com/topbar/about


Category: ErrorLog

Priority: 0

EventId: 90000

Severity: Error

Title:Enterprise Library Exception Handling

Machine: WINDOWS01

App Domain: /LM/W3SVC/76/ROOT-1-131022337804523048

ProcessId: 50404

Process Name: C:\Windows\SysWOW64\inetsrv\w3wp.exe

Thread Name: 

Win32 ThreadId:17612

Extended Properties: 
----------------------------------------
----------------------------------------
Timestamp: 3/12/2016 6:50:47 AM

Message: HandlingInstanceID: bf81e85b-d9a8-4908-a058-4706d97728b3
An exception of type 'System.Web.HttpException' occurred and was caught.
------------------------------------------------------------------------
03/12/2016 06:50:47
Type : System.Web.HttpException, System.Web, Version=4.0.0.0, Culture=neutral, PublicKeyToken=b03f5f7f11d50a3a
Message : The requested page doesn't exist or you do not have sufficient privileges to view it.
Source : Telerik.Sitefinity
Help link : 
WebEventCode : 0
ErrorCode : -2147467259
Data : System.Collections.ListDictionaryInternal
TargetSite : Boolean ProcessRedirects(System.Web.HttpContextBase, Telerik.Sitefinity.Web.PageSiteNode ByRef, Boolean, System.String[])
HResult : -2147467259
Stack Trace :    at Telerik.Sitefinity.Web.SitefinityRoute.ProcessRedirects(HttpContextBase httpContext, PageSiteNode& node, Boolean isAdditionalUrl, String[] urlParams)
   at Telerik.Sitefinity.Web.SitefinityRoute.GetRouteData(HttpContextBase httpContext)
   at System.Web.Routing.RouteCollection.GetRouteData(HttpContextBase httpContext)
   at System.Web.Routing.UrlRoutingModule.PostResolveRequestCache(HttpContextBase context)
   at System.Web.Routing.UrlRoutingModule.OnApplicationPostResolveRequestCache(Object sender, EventArgs e)
   at System.Web.HttpApplication.SyncEventExecutionStep.System.Web.HttpApplication.IExecutionStep.Execute()
   at System.Web.HttpApplication.ExecuteStep(IExecutionStep step, Boolean& completedSynchronously)

Additional Info:

MachineName : WINDOWS01
TimeStamp : 3/12/2016 6:50:47 AM
FullName : Telerik.Sitefinity.Utilities, Version=5.2.3700.0, Culture=neutral, PublicKeyToken=b28c218413bdf563
AppDomainName : /LM/W3SVC/76/ROOT-1-131022337804523048
ThreadIdentity : 
WindowsIdentity : WINDOWS01\IWPD_279(oldsugar)
Requested URL : http://oldsugarmill.com/topbar/about


Category: ErrorLog

Priority: 0

EventId: 90000

Severity: Error

Title:Enterprise Library Exception Handling

Machine: WINDOWS01

App Domain: /LM/W3SVC/76/ROOT-1-131022337804523048

ProcessId: 50404

Process Name: C:\Windows\SysWOW64\inetsrv\w3wp.exe

Thread Name: 

Win32 ThreadId:13200

Extended Properties: 
----------------------------------------
----------------------------------------
Timestamp: 3/12/2016 6:57:13 AM

Message: HandlingInstanceID: 1e750b89-c7b8-4b58-85b0-03fde3302527
An exception of type 'System.Web.HttpException' occurred and was caught.
------------------------------------------------------------------------
03/12/2016 06:57:13
Type : System.Web.HttpException, System.Web, Version=4.0.0.0, Culture=neutral, PublicKeyToken=b03f5f7f11d50a3a
Message : This is an invalid script resource request.
Source : System.Web.Extensions
Help link : 
WebEventCode : 0
ErrorCode : -2147467259
Data : System.Collections.ListDictionaryInternal
TargetSite : Void ProcessRequest(System.Web.HttpContextBase, VirtualFileReader, System.Action`2[System.String,System.Exception], Boolean)
HResult : -2147467259
Stack Trace :    at System.Web.Handlers.ScriptResourceHandler.ProcessRequest(HttpContextBase context, VirtualFileReader fileReader, Action`2 logAction, Boolean validatePath)
   at System.Web.Handlers.ScriptResourceHandler.ProcessRequest(HttpContext context)
   at System.Web.Handlers.ScriptResourceHandler.System.Web.IHttpHandler.ProcessRequest(HttpContext context)
   at System.Web.HttpApplication.CallHandlerExecutionStep.System.Web.HttpApplication.IExecutionStep.Execute()
   at System.Web.HttpApplication.ExecuteStep(IExecutionStep step, Boolean& completedSynchronously)

Additional Info:

MachineName : WINDOWS01
TimeStamp : 3/12/2016 6:57:13 AM
FullName : Telerik.Sitefinity.Utilities, Version=5.2.3700.0, Culture=neutral, PublicKeyToken=b28c218413bdf563
AppDomainName : /LM/W3SVC/76/ROOT-1-131022337804523048
ThreadIdentity : 
WindowsIdentity : WINDOWS01\IWPD_279(oldsugar)
Requested URL : http://oldsugarmill.com/ScriptResource.axd?d=9RQpeSuDXD47N6bn_ht7l_Gqh34sBlBVXOSnSPNAaHgsoUI4UPNP5NPIWLDkJss4djVn2yM7Vn0PwDVh6zA_ZdibPyjj0J4LZ6qFsN7o_UJmuhG-S5VUp8a4BK6S-Cq9YCJCEVrFSDqp8CG1IPxOhvXrIA9qXtK45KYmnFCEbgM8bLj7FJn44tbtcjd0B41O2xoKEBGg7bvvn6QmkMgyYg2&t=155533f4


Category: ErrorLog

Priority: 0

EventId: 90000

Severity: Error

Title:Enterprise Library Exception Handling

Machine: WINDOWS01

App Domain: /LM/W3SVC/76/ROOT-1-131022337804523048

ProcessId: 50404

Process Name: C:\Windows\SysWOW64\inetsrv\w3wp.exe

Thread Name: 

Win32 ThreadId:26828

Extended Properties: 
----------------------------------------
----------------------------------------
Timestamp: 3/12/2016 6:57:13 AM

Message: HandlingInstanceID: 72ac8ac9-e1eb-4359-9aac-44885395717f
An exception of type 'System.Web.HttpException' occurred and was caught.
------------------------------------------------------------------------
03/12/2016 06:57:13
Type : System.Web.HttpException, System.Web, Version=4.0.0.0, Culture=neutral, PublicKeyToken=b03f5f7f11d50a3a
Message : This is an invalid script resource request.
Source : System.Web.Extensions
Help link : 
WebEventCode : 0
ErrorCode : -2147467259
Data : System.Collections.ListDictionaryInternal
TargetSite : Void ProcessRequest(System.Web.HttpContextBase, VirtualFileReader, System.Action`2[System.String,System.Exception], Boolean)
HResult : -2147467259
Stack Trace :    at System.Web.Handlers.ScriptResourceHandler.ProcessRequest(HttpContextBase context, VirtualFileReader fileReader, Action`2 logAction, Boolean validatePath)
   at System.Web.Handlers.ScriptResourceHandler.ProcessRequest(HttpContext context)
   at System.Web.Handlers.ScriptResourceHandler.System.Web.IHttpHandler.ProcessRequest(HttpContext context)
   at System.Web.HttpApplication.CallHandlerExecutionStep.System.Web.HttpApplication.IExecutionStep.Execute()
   at System.Web.HttpApplication.ExecuteStep(IExecutionStep step, Boolean& completedSynchronously)

Additional Info:

MachineName : WINDOWS01
TimeStamp : 3/12/2016 6:57:13 AM
FullName : Telerik.Sitefinity.Utilities, Version=5.2.3700.0, Culture=neutral, PublicKeyToken=b28c218413bdf563
AppDomainName : /LM/W3SVC/76/ROOT-1-131022337804523048
ThreadIdentity : 
WindowsIdentity : WINDOWS01\IWPD_279(oldsugar)
Requested URL : http://oldsugarmill.com/ScriptResource.axd?d=YSvBOp8omx7DEi34IMiWHdvuPMBJkn-uAC0wrq61GZ6VbbA67wlDoe7ZscKR-oKzULbmECuO5v-3snNFwSTmltobY8Cz0T6uPuMm2rOJ0rwaBlMmPiYrv098Z_PSjmv9k0FvqionlJccOvFiKdC7-prwVo-FonqQKELv1ylYdQ69ng_IiCspR6InSyReZtb60&t=155533f4


Category: ErrorLog

Priority: 0

EventId: 90000

Severity: Error

Title:Enterprise Library Exception Handling

Machine: WINDOWS01

App Domain: /LM/W3SVC/76/ROOT-1-131022337804523048

ProcessId: 50404

Process Name: C:\Windows\SysWOW64\inetsrv\w3wp.exe

Thread Name: 

Win32 ThreadId:1032

Extended Properties: 
----------------------------------------
----------------------------------------
Timestamp: 3/12/2016 7:34:11 AM

Message: HandlingInstanceID: cc3ceb30-e8a6-4b3e-9858-3ffcc9a0c51b
An exception of type 'System.Web.HttpException' occurred and was caught.
------------------------------------------------------------------------
03/12/2016 07:34:11
Type : System.Web.HttpException, System.Web, Version=4.0.0.0, Culture=neutral, PublicKeyToken=b03f5f7f11d50a3a
Message : File not found.
Source : Telerik.Sitefinity
Help link : 
WebEventCode : 0
ErrorCode : -2147467259
Data : System.Collections.ListDictionaryInternal
TargetSite : IOutputItem GetOutputItem(System.Web.HttpRequest, System.Web.HttpResponse, Telerik.Microsoft.Practices.EnterpriseLibrary.Caching.ICacheManager, System.String, Telerik.Sitefinity.Libraries.Model.MediaContent ByRef)
HResult : -2147467259
Stack Trace :    at Telerik.Sitefinity.Modules.Libraries.Web.LibraryHttpHandler.GetOutputItem(HttpRequest request, HttpResponse response, ICacheManager cache, String key, MediaContent& content)
   at Telerik.Sitefinity.Modules.Libraries.Web.LibraryHttpHandler.ProcessRequest(HttpContext context)
   at System.Web.HttpApplication.CallHandlerExecutionStep.System.Web.HttpApplication.IExecutionStep.Execute()
   at System.Web.HttpApplication.ExecuteStep(IExecutionStep step, Boolean& completedSynchronously)

Additional Info:

MachineName : WINDOWS01
TimeStamp : 3/12/2016 7:34:11 AM
FullName : Telerik.Sitefinity.Utilities, Version=5.2.3700.0, Culture=neutral, PublicKeyToken=b28c218413bdf563
AppDomainName : /LM/W3SVC/76/ROOT-1-131022337804523048
ThreadIdentity : 
WindowsIdentity : WINDOWS01\IWPD_279(oldsugar)
Requested URL : http://oldsugarmill.com/images/buyhere.png


Category: ErrorLog

Priority: 0

EventId: 90000

Severity: Error

Title:Enterprise Library Exception Handling

Machine: WINDOWS01

App Domain: /LM/W3SVC/76/ROOT-1-131022337804523048

ProcessId: 50404

Process Name: C:\Windows\SysWOW64\inetsrv\w3wp.exe

Thread Name: 

Win32 ThreadId:37884

Extended Properties: 
----------------------------------------
----------------------------------------
Timestamp: 3/12/2016 7:38:24 AM

Message: HandlingInstanceID: 542341fc-5c97-4265-857d-d2be3c5222f3
An exception of type 'System.Web.HttpException' occurred and was caught.
------------------------------------------------------------------------
03/12/2016 07:38:24
Type : System.Web.HttpException, System.Web, Version=4.0.0.0, Culture=neutral, PublicKeyToken=b03f5f7f11d50a3a
Message : File not found.
Source : Telerik.Sitefinity
Help link : 
WebEventCode : 0
ErrorCode : -2147467259
Data : System.Collections.ListDictionaryInternal
TargetSite : IOutputItem GetOutputItem(System.Web.HttpRequest, System.Web.HttpResponse, Telerik.Microsoft.Practices.EnterpriseLibrary.Caching.ICacheManager, System.String, Telerik.Sitefinity.Libraries.Model.MediaContent ByRef)
HResult : -2147467259
Stack Trace :    at Telerik.Sitefinity.Modules.Libraries.Web.LibraryHttpHandler.GetOutputItem(HttpRequest request, HttpResponse response, ICacheManager cache, String key, MediaContent& content)
   at Telerik.Sitefinity.Modules.Libraries.Web.LibraryHttpHandler.ProcessRequest(HttpContext context)
   at System.Web.HttpApplication.CallHandlerExecutionStep.System.Web.HttpApplication.IExecutionStep.Execute()
   at System.Web.HttpApplication.ExecuteStep(IExecutionStep step, Boolean& completedSynchronously)

Additional Info:

MachineName : WINDOWS01
TimeStamp : 3/12/2016 7:38:24 AM
FullName : Telerik.Sitefinity.Utilities, Version=5.2.3700.0, Culture=neutral, PublicKeyToken=b28c218413bdf563
AppDomainName : /LM/W3SVC/76/ROOT-1-131022337804523048
ThreadIdentity : 
WindowsIdentity : WINDOWS01\IWPD_279(oldsugar)
Requested URL : http://oldsugarmill.com/images/buyhere.png


Category: ErrorLog

Priority: 0

EventId: 90000

Severity: Error

Title:Enterprise Library Exception Handling

Machine: WINDOWS01

App Domain: /LM/W3SVC/76/ROOT-1-131022337804523048

ProcessId: 50404

Process Name: C:\Windows\SysWOW64\inetsrv\w3wp.exe

Thread Name: 

Win32 ThreadId:31828

Extended Properties: 
----------------------------------------
----------------------------------------
Timestamp: 3/12/2016 7:52:14 AM

Message: HandlingInstanceID: 4c9b898f-b0cc-4f47-8659-a115230ffd57
An exception of type 'System.Web.HttpException' occurred and was caught.
------------------------------------------------------------------------
03/12/2016 07:52:14
Type : System.Web.HttpException, System.Web, Version=4.0.0.0, Culture=neutral, PublicKeyToken=b03f5f7f11d50a3a
Message : This is an invalid script resource request.
Source : System.Web.Extensions
Help link : 
WebEventCode : 0
ErrorCode : -2147467259
Data : System.Collections.ListDictionaryInternal
TargetSite : Void ProcessRequest(System.Web.HttpContextBase, VirtualFileReader, System.Action`2[System.String,System.Exception], Boolean)
HResult : -2147467259
Stack Trace :    at System.Web.Handlers.ScriptResourceHandler.ProcessRequest(HttpContextBase context, VirtualFileReader fileReader, Action`2 logAction, Boolean validatePath)
   at System.Web.Handlers.ScriptResourceHandler.ProcessRequest(HttpContext context)
   at System.Web.Handlers.ScriptResourceHandler.System.Web.IHttpHandler.ProcessRequest(HttpContext context)
   at System.Web.HttpApplication.CallHandlerExecutionStep.System.Web.HttpApplication.IExecutionStep.Execute()
   at System.Web.HttpApplication.ExecuteStep(IExecutionStep step, Boolean& completedSynchronously)

Additional Info:

MachineName : WINDOWS01
TimeStamp : 3/12/2016 7:52:14 AM
FullName : Telerik.Sitefinity.Utilities, Version=5.2.3700.0, Culture=neutral, PublicKeyToken=b28c218413bdf563
AppDomainName : /LM/W3SVC/76/ROOT-1-131022425822998586
ThreadIdentity : 
WindowsIdentity : WINDOWS01\IWPD_279(oldsugar)
Requested URL : http://oldsugarmill.com/ScriptResource.axd?d=JR1RhtLhaiivbnBfqIGtaCOKO0X0jXu_JFWgzMmySTWUQ-n_ljLJ_wyXqHId0VngVqTsZV16IZpLfMmj6mu5OcTXkcxu_XNYw-Kwk2XLDrhUqHQUu530RVwtV_n6oZUxj8fxmYgGHFQQGZw027cRfjLhGNPs0t8W8sIVuyROezS7B-MndL-QvODAffdeuKgcjuAJOi91OcL8zT3SN5XNWA2&t=155533f4


Category: ErrorLog

Priority: 0

EventId: 90000

Severity: Error

Title:Enterprise Library Exception Handling

Machine: WINDOWS01

App Domain: /LM/W3SVC/76/ROOT-1-131022425822998586

ProcessId: 47976

Process Name: C:\Windows\SysWOW64\inetsrv\w3wp.exe

Thread Name: 

Win32 ThreadId:13940

Extended Properties: 
----------------------------------------
----------------------------------------
Timestamp: 3/12/2016 7:52:14 AM

Message: HandlingInstanceID: 639b8d96-a866-4861-9526-f4c8c5ac68b6
An exception of type 'System.Web.HttpException' occurred and was caught.
------------------------------------------------------------------------
03/12/2016 07:52:14
Type : System.Web.HttpException, System.Web, Version=4.0.0.0, Culture=neutral, PublicKeyToken=b03f5f7f11d50a3a
Message : This is an invalid script resource request.
Source : System.Web.Extensions
Help link : 
WebEventCode : 0
ErrorCode : -2147467259
Data : System.Collections.ListDictionaryInternal
TargetSite : Void ProcessRequest(System.Web.HttpContextBase, VirtualFileReader, System.Action`2[System.String,System.Exception], Boolean)
HResult : -2147467259
Stack Trace :    at System.Web.Handlers.ScriptResourceHandler.ProcessRequest(HttpContextBase context, VirtualFileReader fileReader, Action`2 logAction, Boolean validatePath)
   at System.Web.Handlers.ScriptResourceHandler.ProcessRequest(HttpContext context)
   at System.Web.Handlers.ScriptResourceHandler.System.Web.IHttpHandler.ProcessRequest(HttpContext context)
   at System.Web.HttpApplication.CallHandlerExecutionStep.System.Web.HttpApplication.IExecutionStep.Execute()
   at System.Web.HttpApplication.ExecuteStep(IExecutionStep step, Boolean& completedSynchronously)

Additional Info:

MachineName : WINDOWS01
TimeStamp : 3/12/2016 7:52:14 AM
FullName : Telerik.Sitefinity.Utilities, Version=5.2.3700.0, Culture=neutral, PublicKeyToken=b28c218413bdf563
AppDomainName : /LM/W3SVC/76/ROOT-1-131022425822998586
ThreadIdentity : 
WindowsIdentity : WINDOWS01\IWPD_279(oldsugar)
Requested URL : http://oldsugarmill.com/ScriptResource.axd?d=GOaoao_mb-ine5HmUHY_PQbh_T19m1Kth-bwJnV2k9fz2cdRIhTgwDMQE7J9uUGbSTNHyBrSQeWFslBrOx9DvEW8O0dfCHp95EREEbtsiabxTsOQlYSdvBxvsIO6w379RUH6EZZqTgP8vBMRND8MIXWYMddfn0yFmDbtBhBYx_UPp_SvJS8SJB-Ul9hJ9H2O0&t=155533f4


Category: ErrorLog

Priority: 0

EventId: 90000

Severity: Error

Title:Enterprise Library Exception Handling

Machine: WINDOWS01

App Domain: /LM/W3SVC/76/ROOT-1-131022425822998586

ProcessId: 47976

Process Name: C:\Windows\SysWOW64\inetsrv\w3wp.exe

Thread Name: 

Win32 ThreadId:17344

Extended Properties: 
----------------------------------------
----------------------------------------
Timestamp: 3/12/2016 8:27:55 AM

Message: HandlingInstanceID: 5590613d-b069-4347-8617-5e079c913fe7
An exception of type 'System.Web.HttpException' occurred and was caught.
------------------------------------------------------------------------
03/12/2016 08:27:55
Type : System.Web.HttpException, System.Web, Version=4.0.0.0, Culture=neutral, PublicKeyToken=b03f5f7f11d50a3a
Message : This is an invalid script resource request.
Source : System.Web.Extensions
Help link : 
WebEventCode : 0
ErrorCode : -2147467259
Data : System.Collections.ListDictionaryInternal
TargetSite : Void ProcessRequest(System.Web.HttpContextBase, VirtualFileReader, System.Action`2[System.String,System.Exception], Boolean)
HResult : -2147467259
Stack Trace :    at System.Web.Handlers.ScriptResourceHandler.ProcessRequest(HttpContextBase context, VirtualFileReader fileReader, Action`2 logAction, Boolean validatePath)
   at System.Web.Handlers.ScriptResourceHandler.ProcessRequest(HttpContext context)
   at System.Web.Handlers.ScriptResourceHandler.System.Web.IHttpHandler.ProcessRequest(HttpContext context)
   at System.Web.HttpApplication.CallHandlerExecutionStep.System.Web.HttpApplication.IExecutionStep.Execute()
   at System.Web.HttpApplication.ExecuteStep(IExecutionStep step, Boolean& completedSynchronously)

Additional Info:

MachineName : WINDOWS01
TimeStamp : 3/12/2016 8:27:55 AM
FullName : Telerik.Sitefinity.Utilities, Version=5.2.3700.0, Culture=neutral, PublicKeyToken=b28c218413bdf563
AppDomainName : /LM/W3SVC/76/ROOT-1-131022425822998586
ThreadIdentity : 
WindowsIdentity : WINDOWS01\IWPD_279(oldsugar)
Requested URL : http://oldsugarmill.com/ScriptResource.axd?d=iLps9YRB8biIxP0qzyC-rFGjgES02obs6AgN7ilbkYI30V7EjMkNeyy54EOzhNMix3R1AAVT_-9Umtngh1k8gypxrbxhGroUwsFJo86EfLZcFvTkSFTlxKVvlJrvcjkXzNt_lUHr75yllw3KIRP5-2GxJn8ES3fr2FhmhvQ_bSs36ulp26TAUhKkfNnuI95W0&t=155533f4


Category: ErrorLog

Priority: 0

EventId: 90000

Severity: Error

Title:Enterprise Library Exception Handling

Machine: WINDOWS01

App Domain: /LM/W3SVC/76/ROOT-1-131022425822998586

ProcessId: 47976

Process Name: C:\Windows\SysWOW64\inetsrv\w3wp.exe

Thread Name: 

Win32 ThreadId:38428

Extended Properties: 
----------------------------------------
----------------------------------------
Timestamp: 3/12/2016 8:27:56 AM

Message: HandlingInstanceID: b8667698-799a-40c8-b6a1-c4e58cf0704f
An exception of type 'System.Web.HttpException' occurred and was caught.
------------------------------------------------------------------------
03/12/2016 08:27:56
Type : System.Web.HttpException, System.Web, Version=4.0.0.0, Culture=neutral, PublicKeyToken=b03f5f7f11d50a3a
Message : This is an invalid script resource request.
Source : System.Web.Extensions
Help link : 
WebEventCode : 0
ErrorCode : -2147467259
Data : System.Collections.ListDictionaryInternal
TargetSite : Void ProcessRequest(System.Web.HttpContextBase, VirtualFileReader, System.Action`2[System.String,System.Exception], Boolean)
HResult : -2147467259
Stack Trace :    at System.Web.Handlers.ScriptResourceHandler.ProcessRequest(HttpContextBase context, VirtualFileReader fileReader, Action`2 logAction, Boolean validatePath)
   at System.Web.Handlers.ScriptResourceHandler.ProcessRequest(HttpContext context)
   at System.Web.Handlers.ScriptResourceHandler.System.Web.IHttpHandler.ProcessRequest(HttpContext context)
   at System.Web.HttpApplication.CallHandlerExecutionStep.System.Web.HttpApplication.IExecutionStep.Execute()
   at System.Web.HttpApplication.ExecuteStep(IExecutionStep step, Boolean& completedSynchronously)

Additional Info:

MachineName : WINDOWS01
TimeStamp : 3/12/2016 8:27:56 AM
FullName : Telerik.Sitefinity.Utilities, Version=5.2.3700.0, Culture=neutral, PublicKeyToken=b28c218413bdf563
AppDomainName : /LM/W3SVC/76/ROOT-1-131022425822998586
ThreadIdentity : 
WindowsIdentity : WINDOWS01\IWPD_279(oldsugar)
Requested URL : http://oldsugarmill.com/ScriptResource.axd?d=7Z2tVnqd4R6_SFonb5lJ1WbyYIjH92rxIrtFZj96dGSfsvCACAnvAQfsNzoIDwmFCSTLvIdLorX0ZOpCOZU9l1UF74l4BWbuMft1TOqTcfycs5C-dmYZ5TuPUcnK5Sm4yPggirq2UzF_nIw7izxJEsjdA2jsE01LcHhXo7JyUp0_AcerjP6CSNJH919UbXITWWEKQeQviLmrsmXiMxKxeg2&t=155533f4


Category: ErrorLog

Priority: 0

EventId: 90000

Severity: Error

Title:Enterprise Library Exception Handling

Machine: WINDOWS01

App Domain: /LM/W3SVC/76/ROOT-1-131022425822998586

ProcessId: 47976

Process Name: C:\Windows\SysWOW64\inetsrv\w3wp.exe

Thread Name: 

Win32 ThreadId:19868

Extended Properties: 
----------------------------------------
----------------------------------------
Timestamp: 3/12/2016 8:44:52 AM

Message: HandlingInstanceID: fe37843d-387d-4761-ae17-3c2d6dca2daa
An exception of type 'System.Web.HttpException' occurred and was caught.
------------------------------------------------------------------------
03/12/2016 08:44:52
Type : System.Web.HttpException, System.Web, Version=4.0.0.0, Culture=neutral, PublicKeyToken=b03f5f7f11d50a3a
Message : The requested page doesn't exist or you do not have sufficient privileges to view it.
Source : Telerik.Sitefinity
Help link : 
WebEventCode : 0
ErrorCode : -2147467259
Data : System.Collections.ListDictionaryInternal
TargetSite : Boolean ProcessRedirects(System.Web.HttpContextBase, Telerik.Sitefinity.Web.PageSiteNode ByRef, Boolean, System.String[])
HResult : -2147467259
Stack Trace :    at Telerik.Sitefinity.Web.SitefinityRoute.ProcessRedirects(HttpContextBase httpContext, PageSiteNode& node, Boolean isAdditionalUrl, String[] urlParams)
   at Telerik.Sitefinity.Web.SitefinityRoute.GetRouteData(HttpContextBase httpContext)
   at System.Web.Routing.RouteCollection.GetRouteData(HttpContextBase httpContext)
   at System.Web.Routing.UrlRoutingModule.PostResolveRequestCache(HttpContextBase context)
   at System.Web.Routing.UrlRoutingModule.OnApplicationPostResolveRequestCache(Object sender, EventArgs e)
   at System.Web.HttpApplication.SyncEventExecutionStep.System.Web.HttpApplication.IExecutionStep.Execute()
   at System.Web.HttpApplication.ExecuteStep(IExecutionStep step, Boolean& completedSynchronously)

Additional Info:

MachineName : WINDOWS01
TimeStamp : 3/12/2016 8:44:52 AM
FullName : Telerik.Sitefinity.Utilities, Version=5.2.3700.0, Culture=neutral, PublicKeyToken=b28c218413bdf563
AppDomainName : /LM/W3SVC/76/ROOT-1-131022425822998586
ThreadIdentity : 
WindowsIdentity : WINDOWS01\IWPD_279(oldsugar)
Requested URL : http://oldsugarmill.com/topbar/about


Category: ErrorLog

Priority: 0

EventId: 90000

Severity: Error

Title:Enterprise Library Exception Handling

Machine: WINDOWS01

App Domain: /LM/W3SVC/76/ROOT-1-131022425822998586

ProcessId: 47976

Process Name: C:\Windows\SysWOW64\inetsrv\w3wp.exe

Thread Name: 

Win32 ThreadId:37928

Extended Properties: 
----------------------------------------
----------------------------------------
Timestamp: 3/12/2016 10:32:41 AM

Message: HandlingInstanceID: 29268dab-3c3d-4b98-9119-df3e1b098bb6
An exception of type 'System.Web.HttpException' occurred and was caught.
------------------------------------------------------------------------
03/12/2016 10:32:41
Type : System.Web.HttpException, System.Web, Version=4.0.0.0, Culture=neutral, PublicKeyToken=b03f5f7f11d50a3a
Message : This is an invalid script resource request.
Source : System.Web.Extensions
Help link : 
WebEventCode : 0
ErrorCode : -2147467259
Data : System.Collections.ListDictionaryInternal
TargetSite : Void ProcessRequest(System.Web.HttpContextBase, VirtualFileReader, System.Action`2[System.String,System.Exception], Boolean)
HResult : -2147467259
Stack Trace :    at System.Web.Handlers.ScriptResourceHandler.ProcessRequest(HttpContextBase context, VirtualFileReader fileReader, Action`2 logAction, Boolean validatePath)
   at System.Web.Handlers.ScriptResourceHandler.ProcessRequest(HttpContext context)
   at System.Web.Handlers.ScriptResourceHandler.System.Web.IHttpHandler.ProcessRequest(HttpContext context)
   at System.Web.HttpApplication.CallHandlerExecutionStep.System.Web.HttpApplication.IExecutionStep.Execute()
   at System.Web.HttpApplication.ExecuteStep(IExecutionStep step, Boolean& completedSynchronously)

Additional Info:

MachineName : WINDOWS01
TimeStamp : 3/12/2016 10:32:41 AM
FullName : Telerik.Sitefinity.Utilities, Version=5.2.3700.0, Culture=neutral, PublicKeyToken=b28c218413bdf563
AppDomainName : /LM/W3SVC/76/ROOT-1-131022523490918376
ThreadIdentity : 
WindowsIdentity : WINDOWS01\IWPD_279(oldsugar)
Requested URL : http://oldsugarmill.com/ScriptResource.axd?d=LkROy0e9yU-2aqWKhAJ924tBNiwA8fNBC-th-0Vy2yBlSHGFDYlS3QrhfW10L_TeglUcM29FlzvlX7Z8uasV6mFlhKsEijPHK6KrDVwbfduKbBvvrzU1YUDq4t9dubj_TeryxevJ4LU_Z4fO2ocotvCIp__0-wWMyc8Gd0LBnx2htT0YfCUov8olYuKZ3VJaq8q7wFXHojC5OXyEfO1oDw2&t=155533f4


Category: ErrorLog

Priority: 0

EventId: 90000

Severity: Error

Title:Enterprise Library Exception Handling

Machine: WINDOWS01

App Domain: /LM/W3SVC/76/ROOT-1-131022523490918376

ProcessId: 42208

Process Name: C:\Windows\SysWOW64\inetsrv\w3wp.exe

Thread Name: 

Win32 ThreadId:26948

Extended Properties: 
----------------------------------------
----------------------------------------
Timestamp: 3/12/2016 10:32:41 AM

Message: HandlingInstanceID: 256844b6-747e-4181-8f9b-10247d50dabe
An exception of type 'System.Web.HttpException' occurred and was caught.
------------------------------------------------------------------------
03/12/2016 10:32:41
Type : System.Web.HttpException, System.Web, Version=4.0.0.0, Culture=neutral, PublicKeyToken=b03f5f7f11d50a3a
Message : This is an invalid script resource request.
Source : System.Web.Extensions
Help link : 
WebEventCode : 0
ErrorCode : -2147467259
Data : System.Collections.ListDictionaryInternal
TargetSite : Void ProcessRequest(System.Web.HttpContextBase, VirtualFileReader, System.Action`2[System.String,System.Exception], Boolean)
HResult : -2147467259
Stack Trace :    at System.Web.Handlers.ScriptResourceHandler.ProcessRequest(HttpContextBase context, VirtualFileReader fileReader, Action`2 logAction, Boolean validatePath)
   at System.Web.Handlers.ScriptResourceHandler.ProcessRequest(HttpContext context)
   at System.Web.Handlers.ScriptResourceHandler.System.Web.IHttpHandler.ProcessRequest(HttpContext context)
   at System.Web.HttpApplication.CallHandlerExecutionStep.System.Web.HttpApplication.IExecutionStep.Execute()
   at System.Web.HttpApplication.ExecuteStep(IExecutionStep step, Boolean& completedSynchronously)

Additional Info:

MachineName : WINDOWS01
TimeStamp : 3/12/2016 10:32:41 AM
FullName : Telerik.Sitefinity.Utilities, Version=5.2.3700.0, Culture=neutral, PublicKeyToken=b28c218413bdf563
AppDomainName : /LM/W3SVC/76/ROOT-1-131022523490918376
ThreadIdentity : 
WindowsIdentity : WINDOWS01\IWPD_279(oldsugar)
Requested URL : http://oldsugarmill.com/ScriptResource.axd?d=o5ji9bS2IRRDYdDKDAbzXeabD4wl9WpShN3lH2UhccybIs1IqJnDgpkiNmVEc3Okhh7ytaQsqx_61XcME_nyvhMeSG21bh-GgzM5E7TQZJsbFvgiJVJ9ou1dPac_b86XmIFaUAo-Fze1M4ndRRDzSUfe30La-sPIsgtsHlt48jx0AS6VDbhYwRhImwX48RxC0&t=155533f4


Category: ErrorLog

Priority: 0

EventId: 90000

Severity: Error

Title:Enterprise Library Exception Handling

Machine: WINDOWS01

App Domain: /LM/W3SVC/76/ROOT-1-131022523490918376

ProcessId: 42208

Process Name: C:\Windows\SysWOW64\inetsrv\w3wp.exe

Thread Name: 

Win32 ThreadId:39544

Extended Properties: 
----------------------------------------
----------------------------------------
Timestamp: 3/12/2016 1:04:01 PM

Message: HandlingInstanceID: a8209838-d843-4286-ba9f-70db65e12709
An exception of type 'System.Web.HttpException' occurred and was caught.
------------------------------------------------------------------------
03/12/2016 13:04:01
Type : System.Web.HttpException, System.Web, Version=4.0.0.0, Culture=neutral, PublicKeyToken=b03f5f7f11d50a3a
Message : This is an invalid script resource request.
Source : System.Web.Extensions
Help link : 
WebEventCode : 0
ErrorCode : -2147467259
Data : System.Collections.ListDictionaryInternal
TargetSite : Void ProcessRequest(System.Web.HttpContextBase, VirtualFileReader, System.Action`2[System.String,System.Exception], Boolean)
HResult : -2147467259
Stack Trace :    at System.Web.Handlers.ScriptResourceHandler.ProcessRequest(HttpContextBase context, VirtualFileReader fileReader, Action`2 logAction, Boolean validatePath)
   at System.Web.Handlers.ScriptResourceHandler.ProcessRequest(HttpContext context)
   at System.Web.Handlers.ScriptResourceHandler.System.Web.IHttpHandler.ProcessRequest(HttpContext context)
   at System.Web.HttpApplication.CallHandlerExecutionStep.System.Web.HttpApplication.IExecutionStep.Execute()
   at System.Web.HttpApplication.ExecuteStep(IExecutionStep step, Boolean& completedSynchronously)

Additional Info:

MachineName : WINDOWS01
TimeStamp : 3/12/2016 1:04:01 PM
FullName : Telerik.Sitefinity.Utilities, Version=5.2.3700.0, Culture=neutral, PublicKeyToken=b28c218413bdf563
AppDomainName : /LM/W3SVC/76/ROOT-1-131022582738526034
ThreadIdentity : 
WindowsIdentity : WINDOWS01\IWPD_279(oldsugar)
Requested URL : http://oldsugarmill.com/ScriptResource.axd?d=nlO8PQHJu5W25jfcaHfdkJTA-6r_1oCwlo5j5FIHCwQJzUkGUuXpJaH2nWOVzPXtTCeUWejG4FGIQjHvlauGB86z72ClYKij_dLTM2gpPYdhjSvgn9RgBRPr601amJ9BIRLU2gRNFD0Deqlx-SJoYlKmDTIZMpMab8ZxY5xaOqtWnZhFmpPlrKjp0CZW0mNDYPjdodjJV_bxwwqnb99Pgg2&t=155533f4


Category: ErrorLog

Priority: 0

EventId: 90000

Severity: Error

Title:Enterprise Library Exception Handling

Machine: WINDOWS01

App Domain: /LM/W3SVC/76/ROOT-1-131022582738526034

ProcessId: 12984

Process Name: C:\Windows\SysWOW64\inetsrv\w3wp.exe

Thread Name: 

Win32 ThreadId:20868

Extended Properties: 
----------------------------------------
----------------------------------------
Timestamp: 3/12/2016 1:04:02 PM

Message: HandlingInstanceID: 3dca3f99-4d7b-4148-acec-b92f660d7214
An exception of type 'System.Web.HttpException' occurred and was caught.
------------------------------------------------------------------------
03/12/2016 13:04:02
Type : System.Web.HttpException, System.Web, Version=4.0.0.0, Culture=neutral, PublicKeyToken=b03f5f7f11d50a3a
Message : This is an invalid script resource request.
Source : System.Web.Extensions
Help link : 
WebEventCode : 0
ErrorCode : -2147467259
Data : System.Collections.ListDictionaryInternal
TargetSite : Void ProcessRequest(System.Web.HttpContextBase, VirtualFileReader, System.Action`2[System.String,System.Exception], Boolean)
HResult : -2147467259
Stack Trace :    at System.Web.Handlers.ScriptResourceHandler.ProcessRequest(HttpContextBase context, VirtualFileReader fileReader, Action`2 logAction, Boolean validatePath)
   at System.Web.Handlers.ScriptResourceHandler.ProcessRequest(HttpContext context)
   at System.Web.Handlers.ScriptResourceHandler.System.Web.IHttpHandler.ProcessRequest(HttpContext context)
   at System.Web.HttpApplication.CallHandlerExecutionStep.System.Web.HttpApplication.IExecutionStep.Execute()
   at System.Web.HttpApplication.ExecuteStep(IExecutionStep step, Boolean& completedSynchronously)

Additional Info:

MachineName : WINDOWS01
TimeStamp : 3/12/2016 1:04:02 PM
FullName : Telerik.Sitefinity.Utilities, Version=5.2.3700.0, Culture=neutral, PublicKeyToken=b28c218413bdf563
AppDomainName : /LM/W3SVC/76/ROOT-1-131022582738526034
ThreadIdentity : 
WindowsIdentity : WINDOWS01\IWPD_279(oldsugar)
Requested URL : http://oldsugarmill.com/ScriptResource.axd?d=k76Zb9HXmEIJe_2iZmWBGGHR-1jdfGSGIfzYD8Sr1SuE64YW4ofRkbUnr79rHrbwg4Ef7rF2RG5ijRn99Jd4Zjx3pS0BbIigqneH2WxCwwKMa8r6QE5zhP6mAkM81BkOqfSgntqRQpNwQitpf6B4SUacJbITsUzFjI1LYyCFUOy1bPMZtiuUE36PdGHb4cNP0&t=155533f4


Category: ErrorLog

Priority: 0

EventId: 90000

Severity: Error

Title:Enterprise Library Exception Handling

Machine: WINDOWS01

App Domain: /LM/W3SVC/76/ROOT-1-131022582738526034

ProcessId: 12984

Process Name: C:\Windows\SysWOW64\inetsrv\w3wp.exe

Thread Name: 

Win32 ThreadId:48324

Extended Properties: 
----------------------------------------
----------------------------------------
Timestamp: 3/12/2016 1:46:16 PM

Message: HandlingInstanceID: af4229bf-4220-4c55-a5df-b51e5b4df6ed
An exception of type 'System.Web.HttpException' occurred and was caught.
------------------------------------------------------------------------
03/12/2016 13:46:16
Type : System.Web.HttpException, System.Web, Version=4.0.0.0, Culture=neutral, PublicKeyToken=b03f5f7f11d50a3a
Message : This is an invalid script resource request.
Source : System.Web.Extensions
Help link : 
WebEventCode : 0
ErrorCode : -2147467259
Data : System.Collections.ListDictionaryInternal
TargetSite : Void ProcessRequest(System.Web.HttpContextBase, VirtualFileReader, System.Action`2[System.String,System.Exception], Boolean)
HResult : -2147467259
Stack Trace :    at System.Web.Handlers.ScriptResourceHandler.ProcessRequest(HttpContextBase context, VirtualFileReader fileReader, Action`2 logAction, Boolean validatePath)
   at System.Web.Handlers.ScriptResourceHandler.ProcessRequest(HttpContext context)
   at System.Web.Handlers.ScriptResourceHandler.System.Web.IHttpHandler.ProcessRequest(HttpContext context)
   at System.Web.HttpApplication.CallHandlerExecutionStep.System.Web.HttpApplication.IExecutionStep.Execute()
   at System.Web.HttpApplication.ExecuteStep(IExecutionStep step, Boolean& completedSynchronously)

Additional Info:

MachineName : WINDOWS01
TimeStamp : 3/12/2016 1:46:16 PM
FullName : Telerik.Sitefinity.Utilities, Version=5.2.3700.0, Culture=neutral, PublicKeyToken=b28c218413bdf563
AppDomainName : /LM/W3SVC/76/ROOT-1-131022582738526034
ThreadIdentity : 
WindowsIdentity : WINDOWS01\IWPD_279(oldsugar)
Requested URL : http://oldsugarmill.com/ScriptResource.axd?d=XygQxh4AaCQhB3_w5V7VF-ul9BATjwVXLEu5rFejXhNaWb8_tgUwx9SmnXVa2ecWR1R1VmC2fcoUC86Rllq2LFUBzMYl0gP34cyu5ZvWIevNmypSTWCOsX79vcvQnHqNi9A4KZiUReRJlahNxbGUpImAr9-p_TfvTyybYecm4Up8LaafElSeheV-wmdJ71o-uAL1D_8Rf3neHVlGnLZqrg2&t=155533f4


Category: ErrorLog

Priority: 0

EventId: 90000

Severity: Error

Title:Enterprise Library Exception Handling

Machine: WINDOWS01

App Domain: /LM/W3SVC/76/ROOT-1-131022582738526034

ProcessId: 12984

Process Name: C:\Windows\SysWOW64\inetsrv\w3wp.exe

Thread Name: 

Win32 ThreadId:20840

Extended Properties: 
----------------------------------------
----------------------------------------
Timestamp: 3/12/2016 1:46:16 PM

Message: HandlingInstanceID: 7568d56e-be82-4ed5-86c6-5293eac594af
An exception of type 'System.Web.HttpException' occurred and was caught.
------------------------------------------------------------------------
03/12/2016 13:46:16
Type : System.Web.HttpException, System.Web, Version=4.0.0.0, Culture=neutral, PublicKeyToken=b03f5f7f11d50a3a
Message : This is an invalid script resource request.
Source : System.Web.Extensions
Help link : 
WebEventCode : 0
ErrorCode : -2147467259
Data : System.Collections.ListDictionaryInternal
TargetSite : Void ProcessRequest(System.Web.HttpContextBase, VirtualFileReader, System.Action`2[System.String,System.Exception], Boolean)
HResult : -2147467259
Stack Trace :    at System.Web.Handlers.ScriptResourceHandler.ProcessRequest(HttpContextBase context, VirtualFileReader fileReader, Action`2 logAction, Boolean validatePath)
   at System.Web.Handlers.ScriptResourceHandler.ProcessRequest(HttpContext context)
   at System.Web.Handlers.ScriptResourceHandler.System.Web.IHttpHandler.ProcessRequest(HttpContext context)
   at System.Web.HttpApplication.CallHandlerExecutionStep.System.Web.HttpApplication.IExecutionStep.Execute()
   at System.Web.HttpApplication.ExecuteStep(IExecutionStep step, Boolean& completedSynchronously)

Additional Info:

MachineName : WINDOWS01
TimeStamp : 3/12/2016 1:46:16 PM
FullName : Telerik.Sitefinity.Utilities, Version=5.2.3700.0, Culture=neutral, PublicKeyToken=b28c218413bdf563
AppDomainName : /LM/W3SVC/76/ROOT-1-131022582738526034
ThreadIdentity : 
WindowsIdentity : WINDOWS01\IWPD_279(oldsugar)
Requested URL : http://oldsugarmill.com/ScriptResource.axd?d=exXzvluop8agsqs3c_F4gPCoalCu_1LqjTWtUgZ_LVnry6s-yKxm_ZSTt2opRSqiU-8dqnI5wcxR0q5to9lrjkkmfjTDdcmL1CW0X2AEogNJbVwiDYNIgrdTdN7y0l06JRpoL6Nx1gXXTWKFxF3FWxqX9hz0K_Ifq4nU_fceDRznCzUcpJP5MHcf5BGLSCgc0&t=155533f4


Category: ErrorLog

Priority: 0

EventId: 90000

Severity: Error

Title:Enterprise Library Exception Handling

Machine: WINDOWS01

App Domain: /LM/W3SVC/76/ROOT-1-131022582738526034

ProcessId: 12984

Process Name: C:\Windows\SysWOW64\inetsrv\w3wp.exe

Thread Name: 

Win32 ThreadId:7572

Extended Properties: 
----------------------------------------
----------------------------------------
Timestamp: 3/12/2016 2:12:22 PM

Message: HandlingInstanceID: f42c62fa-4384-445f-b957-66d2aad5d2c8
An exception of type 'System.Web.HttpException' occurred and was caught.
------------------------------------------------------------------------
03/12/2016 14:12:22
Type : System.Web.HttpException, System.Web, Version=4.0.0.0, Culture=neutral, PublicKeyToken=b03f5f7f11d50a3a
Message : The requested page doesn't exist or you do not have sufficient privileges to view it.
Source : Telerik.Sitefinity
Help link : 
WebEventCode : 0
ErrorCode : -2147467259
Data : System.Collections.ListDictionaryInternal
TargetSite : Boolean ProcessRedirects(System.Web.HttpContextBase, Telerik.Sitefinity.Web.PageSiteNode ByRef, Boolean, System.String[])
HResult : -2147467259
Stack Trace :    at Telerik.Sitefinity.Web.SitefinityRoute.ProcessRedirects(HttpContextBase httpContext, PageSiteNode& node, Boolean isAdditionalUrl, String[] urlParams)
   at Telerik.Sitefinity.Web.SitefinityRoute.GetRouteData(HttpContextBase httpContext)
   at System.Web.Routing.RouteCollection.GetRouteData(HttpContextBase httpContext)
   at System.Web.Routing.UrlRoutingModule.PostResolveRequestCache(HttpContextBase context)
   at System.Web.Routing.UrlRoutingModule.OnApplicationPostResolveRequestCache(Object sender, EventArgs e)
   at System.Web.HttpApplication.SyncEventExecutionStep.System.Web.HttpApplication.IExecutionStep.Execute()
   at System.Web.HttpApplication.ExecuteStep(IExecutionStep step, Boolean& completedSynchronously)

Additional Info:

MachineName : WINDOWS01
TimeStamp : 3/12/2016 2:12:22 PM
FullName : Telerik.Sitefinity.Utilities, Version=5.2.3700.0, Culture=neutral, PublicKeyToken=b28c218413bdf563
AppDomainName : /LM/W3SVC/76/ROOT-1-131022655274961155
ThreadIdentity : 
WindowsIdentity : WINDOWS01\IWPD_279(oldsugar)
Requested URL : http://oldsugarmill.com/topbar/about


Category: ErrorLog

Priority: 0

EventId: 90000

Severity: Error

Title:Enterprise Library Exception Handling

Machine: WINDOWS01

App Domain: /LM/W3SVC/76/ROOT-1-131022655274961155

ProcessId: 37036

Process Name: C:\Windows\SysWOW64\inetsrv\w3wp.exe

Thread Name: 

Win32 ThreadId:38016

Extended Properties: 
----------------------------------------
----------------------------------------
Timestamp: 3/12/2016 2:15:35 PM

Message: HandlingInstanceID: a89badae-5d9c-4d1a-9e3c-863b5cbd50ca
An exception of type 'System.Web.HttpException' occurred and was caught.
------------------------------------------------------------------------
03/12/2016 14:15:35
Type : System.Web.HttpException, System.Web, Version=4.0.0.0, Culture=neutral, PublicKeyToken=b03f5f7f11d50a3a
Message : This is an invalid script resource request.
Source : System.Web.Extensions
Help link : 
WebEventCode : 0
ErrorCode : -2147467259
Data : System.Collections.ListDictionaryInternal
TargetSite : Void ProcessRequest(System.Web.HttpContextBase, VirtualFileReader, System.Action`2[System.String,System.Exception], Boolean)
HResult : -2147467259
Stack Trace :    at System.Web.Handlers.ScriptResourceHandler.ProcessRequest(HttpContextBase context, VirtualFileReader fileReader, Action`2 logAction, Boolean validatePath)
   at System.Web.Handlers.ScriptResourceHandler.ProcessRequest(HttpContext context)
   at System.Web.Handlers.ScriptResourceHandler.System.Web.IHttpHandler.ProcessRequest(HttpContext context)
   at System.Web.HttpApplication.CallHandlerExecutionStep.System.Web.HttpApplication.IExecutionStep.Execute()
   at System.Web.HttpApplication.ExecuteStep(IExecutionStep step, Boolean& completedSynchronously)

Additional Info:

MachineName : WINDOWS01
TimeStamp : 3/12/2016 2:15:35 PM
FullName : Telerik.Sitefinity.Utilities, Version=5.2.3700.0, Culture=neutral, PublicKeyToken=b28c218413bdf563
AppDomainName : /LM/W3SVC/76/ROOT-1-131022655274961155
ThreadIdentity : 
WindowsIdentity : WINDOWS01\IWPD_279(oldsugar)
Requested URL : http://oldsugarmill.com/ScriptResource.axd?d=Tuuib9XFRN_whJVi3nWUXNthHYt8ejZVF0pYug539k0Y0RZcjcgwRFN2LWduq1bXhCPW8lp9I90tEvuVFdw67-ocZ8PbJ0JMTNvMwhC90i3kuSx-pivPhCv8SWr4f8VIbtbgaecAyPdu9yi2CFcP5yc9PopfPa3FCdfFJ7FycFVc_04n--Y7VupRm0JPKhX60&t=155533f4


Category: ErrorLog

Priority: 0

EventId: 90000

Severity: Error

Title:Enterprise Library Exception Handling

Machine: WINDOWS01

App Domain: /LM/W3SVC/76/ROOT-1-131022655274961155

ProcessId: 37036

Process Name: C:\Windows\SysWOW64\inetsrv\w3wp.exe

Thread Name: 

Win32 ThreadId:40676

Extended Properties: 
----------------------------------------
----------------------------------------
Timestamp: 3/12/2016 2:15:36 PM

Message: HandlingInstanceID: a2629df5-ae73-4ae2-ae1a-48bba4af5178
An exception of type 'System.Web.HttpException' occurred and was caught.
------------------------------------------------------------------------
03/12/2016 14:15:36
Type : System.Web.HttpException, System.Web, Version=4.0.0.0, Culture=neutral, PublicKeyToken=b03f5f7f11d50a3a
Message : This is an invalid script resource request.
Source : System.Web.Extensions
Help link : 
WebEventCode : 0
ErrorCode : -2147467259
Data : System.Collections.ListDictionaryInternal
TargetSite : Void ProcessRequest(System.Web.HttpContextBase, VirtualFileReader, System.Action`2[System.String,System.Exception], Boolean)
HResult : -2147467259
Stack Trace :    at System.Web.Handlers.ScriptResourceHandler.ProcessRequest(HttpContextBase context, VirtualFileReader fileReader, Action`2 logAction, Boolean validatePath)
   at System.Web.Handlers.ScriptResourceHandler.ProcessRequest(HttpContext context)
   at System.Web.Handlers.ScriptResourceHandler.System.Web.IHttpHandler.ProcessRequest(HttpContext context)
   at System.Web.HttpApplication.CallHandlerExecutionStep.System.Web.HttpApplication.IExecutionStep.Execute()
   at System.Web.HttpApplication.ExecuteStep(IExecutionStep step, Boolean& completedSynchronously)

Additional Info:

MachineName : WINDOWS01
TimeStamp : 3/12/2016 2:15:36 PM
FullName : Telerik.Sitefinity.Utilities, Version=5.2.3700.0, Culture=neutral, PublicKeyToken=b28c218413bdf563
AppDomainName : /LM/W3SVC/76/ROOT-1-131022655274961155
ThreadIdentity : 
WindowsIdentity : WINDOWS01\IWPD_279(oldsugar)
Requested URL : http://oldsugarmill.com/ScriptResource.axd?d=tdOkytZhEP2RMgMDbU4BpQkrBKu6qeAyVAlJxssu_B9TphMAjXYZagyekUljWfToObjXDXjRVkv0BvHIZiZAE7wBXNdijpEwWZA-wbqs0NdiCjMuRILRSMHv_P_pIGZyhBoltW0CmXWv7RdQnEYtbrD1Q2yXqq3TI_AjiwpFO-am6LbK30GKeFfHMHQmVmhQ-155aPukgLSVRB9PJu64SQ2&t=155533f4


Category: ErrorLog

Priority: 0

EventId: 90000

Severity: Error

Title:Enterprise Library Exception Handling

Machine: WINDOWS01

App Domain: /LM/W3SVC/76/ROOT-1-131022655274961155

ProcessId: 37036

Process Name: C:\Windows\SysWOW64\inetsrv\w3wp.exe

Thread Name: 

Win32 ThreadId:21500

Extended Properties: 
----------------------------------------
----------------------------------------
Timestamp: 3/12/2016 3:53:45 PM

Message: HandlingInstanceID: b74143bf-cae3-43dd-8b62-f9647f5162dd
An exception of type 'System.Web.HttpException' occurred and was caught.
------------------------------------------------------------------------
03/12/2016 15:53:45
Type : System.Web.HttpException, System.Web, Version=4.0.0.0, Culture=neutral, PublicKeyToken=b03f5f7f11d50a3a
Message : This is an invalid script resource request.
Source : System.Web.Extensions
Help link : 
WebEventCode : 0
ErrorCode : -2147467259
Data : System.Collections.ListDictionaryInternal
TargetSite : Void ProcessRequest(System.Web.HttpContextBase, VirtualFileReader, System.Action`2[System.String,System.Exception], Boolean)
HResult : -2147467259
Stack Trace :    at System.Web.Handlers.ScriptResourceHandler.ProcessRequest(HttpContextBase context, VirtualFileReader fileReader, Action`2 logAction, Boolean validatePath)
   at System.Web.Handlers.ScriptResourceHandler.ProcessRequest(HttpContext context)
   at System.Web.Handlers.ScriptResourceHandler.System.Web.IHttpHandler.ProcessRequest(HttpContext context)
   at System.Web.HttpApplication.CallHandlerExecutionStep.System.Web.HttpApplication.IExecutionStep.Execute()
   at System.Web.HttpApplication.ExecuteStep(IExecutionStep step, Boolean& completedSynchronously)

Additional Info:

MachineName : WINDOWS01
TimeStamp : 3/12/2016 3:53:45 PM
FullName : Telerik.Sitefinity.Utilities, Version=5.2.3700.0, Culture=neutral, PublicKeyToken=b28c218413bdf563
AppDomainName : /LM/W3SVC/76/ROOT-1-131022664735371048
ThreadIdentity : 
WindowsIdentity : WINDOWS01\IWPD_279(oldsugar)
Requested URL : http://oldsugarmill.com/ScriptResource.axd?d=PKjREe2xVQVMLFK-q1U6TnU-jchTzRUeBpAXZAtFAjeBfkQRhkcmGoDoXn4uVH_yaHSU7W1NVEmXJrbPbZVUz0GkNhABmY5xtDa-O0ox5ilttzj3TNNZV3rLPhiraiKTtuLMIL2peUvZZQHr3lpP6DrZP6WfLpRfOZwicIniJYCcHA9U9RqkzhycjQSpzoly0&t=155533f4


Category: ErrorLog

Priority: 0

EventId: 90000

Severity: Error

Title:Enterprise Library Exception Handling

Machine: WINDOWS01

App Domain: /LM/W3SVC/76/ROOT-1-131022664735371048

ProcessId: 48540

Process Name: C:\Windows\SysWOW64\inetsrv\w3wp.exe

Thread Name: 

Win32 ThreadId:37300

Extended Properties: 
----------------------------------------
----------------------------------------
Timestamp: 3/12/2016 3:53:45 PM

Message: HandlingInstanceID: 37d440eb-59a3-48c1-87eb-ef2b218684e2
An exception of type 'System.Web.HttpException' occurred and was caught.
------------------------------------------------------------------------
03/12/2016 15:53:45
Type : System.Web.HttpException, System.Web, Version=4.0.0.0, Culture=neutral, PublicKeyToken=b03f5f7f11d50a3a
Message : This is an invalid script resource request.
Source : System.Web.Extensions
Help link : 
WebEventCode : 0
ErrorCode : -2147467259
Data : System.Collections.ListDictionaryInternal
TargetSite : Void ProcessRequest(System.Web.HttpContextBase, VirtualFileReader, System.Action`2[System.String,System.Exception], Boolean)
HResult : -2147467259
Stack Trace :    at System.Web.Handlers.ScriptResourceHandler.ProcessRequest(HttpContextBase context, VirtualFileReader fileReader, Action`2 logAction, Boolean validatePath)
   at System.Web.Handlers.ScriptResourceHandler.ProcessRequest(HttpContext context)
   at System.Web.Handlers.ScriptResourceHandler.System.Web.IHttpHandler.ProcessRequest(HttpContext context)
   at System.Web.HttpApplication.CallHandlerExecutionStep.System.Web.HttpApplication.IExecutionStep.Execute()
   at System.Web.HttpApplication.ExecuteStep(IExecutionStep step, Boolean& completedSynchronously)

Additional Info:

MachineName : WINDOWS01
TimeStamp : 3/12/2016 3:53:45 PM
FullName : Telerik.Sitefinity.Utilities, Version=5.2.3700.0, Culture=neutral, PublicKeyToken=b28c218413bdf563
AppDomainName : /LM/W3SVC/76/ROOT-1-131022664735371048
ThreadIdentity : 
WindowsIdentity : WINDOWS01\IWPD_279(oldsugar)
Requested URL : http://oldsugarmill.com/ScriptResource.axd?d=dl35JehURKQrV0LPcI0CpkiQH0zyUJvCHZIkrH_xuT4ThLMhI6d-ZmxRpem3fbmZ_NNTqJf5SVDVFk_mOQVhC_uCemyI-k5jeTsE1n8UriXJQjs-o25Xq1q88sesJBmwEpX7uj0KjxWRRUHX1xGsfXSV0-jSRRn9JI5o7Xv0ifMrCpTgg5NEiUdqXvqLzn_4Ke0ae57gAHaOCDxEKlp8OQ2&t=155533f4


Category: ErrorLog

Priority: 0

EventId: 90000

Severity: Error

Title:Enterprise Library Exception Handling

Machine: WINDOWS01

App Domain: /LM/W3SVC/76/ROOT-1-131022664735371048

ProcessId: 48540

Process Name: C:\Windows\SysWOW64\inetsrv\w3wp.exe

Thread Name: 

Win32 ThreadId:18468

Extended Properties: 
----------------------------------------
----------------------------------------
Timestamp: 3/12/2016 6:29:11 PM

Message: HandlingInstanceID: 6e9ae641-6785-4c0f-b88e-46926058486a
An exception of type 'System.Web.HttpException' occurred and was caught.
------------------------------------------------------------------------
03/12/2016 18:29:11
Type : System.Web.HttpException, System.Web, Version=4.0.0.0, Culture=neutral, PublicKeyToken=b03f5f7f11d50a3a
Message : File not found.
Source : Telerik.Sitefinity
Help link : 
WebEventCode : 0
ErrorCode : -2147467259
Data : System.Collections.ListDictionaryInternal
TargetSite : IOutputItem GetOutputItem(System.Web.HttpRequest, System.Web.HttpResponse, Telerik.Microsoft.Practices.EnterpriseLibrary.Caching.ICacheManager, System.String, Telerik.Sitefinity.Libraries.Model.MediaContent ByRef)
HResult : -2147467259
Stack Trace :    at Telerik.Sitefinity.Modules.Libraries.Web.LibraryHttpHandler.GetOutputItem(HttpRequest request, HttpResponse response, ICacheManager cache, String key, MediaContent& content)
   at Telerik.Sitefinity.Modules.Libraries.Web.LibraryHttpHandler.ProcessRequest(HttpContext context)
   at System.Web.HttpApplication.CallHandlerExecutionStep.System.Web.HttpApplication.IExecutionStep.Execute()
   at System.Web.HttpApplication.ExecuteStep(IExecutionStep step, Boolean& completedSynchronously)

Additional Info:

MachineName : WINDOWS01
TimeStamp : 3/12/2016 6:29:11 PM
FullName : Telerik.Sitefinity.Utilities, Version=5.2.3700.0, Culture=neutral, PublicKeyToken=b28c218413bdf563
AppDomainName : /LM/W3SVC/76/ROOT-1-131022745274032957
ThreadIdentity : 
WindowsIdentity : WINDOWS01\IWPD_279(oldsugar)
Requested URL : http://oldsugarmill.com/images/temp_logo.jpg


Category: ErrorLog

Priority: 0

EventId: 90000

Severity: Error

Title:Enterprise Library Exception Handling

Machine: WINDOWS01

App Domain: /LM/W3SVC/76/ROOT-1-131022745274032957

ProcessId: 28392

Process Name: C:\Windows\SysWOW64\inetsrv\w3wp.exe

Thread Name: 

Win32 ThreadId:46096

Extended Properties: 
----------------------------------------
----------------------------------------
Timestamp: 3/12/2016 6:56:57 PM

Message: HandlingInstanceID: 302e3292-cb41-48ed-91cb-d83544a0703f
An exception of type 'System.Web.HttpException' occurred and was caught.
------------------------------------------------------------------------
03/12/2016 18:56:57
Type : System.Web.HttpException, System.Web, Version=4.0.0.0, Culture=neutral, PublicKeyToken=b03f5f7f11d50a3a
Message : Request timed out.
Source : 
Help link : 
WebEventCode : 3001
ErrorCode : -2147467259
Data : System.Collections.ListDictionaryInternal
TargetSite : 
HResult : -2147467259
Stack Trace : The stack trace is unavailable.
Additional Info:

MachineName : WINDOWS01
TimeStamp : 3/12/2016 6:56:57 PM
FullName : Telerik.Sitefinity.Utilities, Version=5.2.3700.0, Culture=neutral, PublicKeyToken=b28c218413bdf563
AppDomainName : /LM/W3SVC/76/ROOT-1-131022745274032957
ThreadIdentity : 
WindowsIdentity : WINDOWS01\IWPD_279(oldsugar)
Requested URL : http://oldsugarmill.com/images/default-source/default-album/osm_weddingpage_content.png?sfvrsn=0


Category: ErrorLog

Priority: 0

EventId: 90000

Severity: Error

Title:Enterprise Library Exception Handling

Machine: WINDOWS01

App Domain: /LM/W3SVC/76/ROOT-1-131022745274032957

ProcessId: 28392

Process Name: C:\Windows\SysWOW64\inetsrv\w3wp.exe

Thread Name: 

Win32 ThreadId:23996

Extended Properties: 
----------------------------------------
----------------------------------------
Timestamp: 3/12/2016 7:09:33 PM

Message: HandlingInstanceID: c29c1439-4321-48bf-89ae-24a7a00d61d9
An exception of type 'System.Web.HttpException' occurred and was caught.
------------------------------------------------------------------------
03/12/2016 19:09:33
Type : System.Web.HttpException, System.Web, Version=4.0.0.0, Culture=neutral, PublicKeyToken=b03f5f7f11d50a3a
Message : File not found.
Source : Telerik.Sitefinity
Help link : 
WebEventCode : 0
ErrorCode : -2147467259
Data : System.Collections.ListDictionaryInternal
TargetSite : IOutputItem GetOutputItem(System.Web.HttpRequest, System.Web.HttpResponse, Telerik.Microsoft.Practices.EnterpriseLibrary.Caching.ICacheManager, System.String, Telerik.Sitefinity.Libraries.Model.MediaContent ByRef)
HResult : -2147467259
Stack Trace :    at Telerik.Sitefinity.Modules.Libraries.Web.LibraryHttpHandler.GetOutputItem(HttpRequest request, HttpResponse response, ICacheManager cache, String key, MediaContent& content)
   at Telerik.Sitefinity.Modules.Libraries.Web.LibraryHttpHandler.ProcessRequest(HttpContext context)
   at System.Web.HttpApplication.CallHandlerExecutionStep.System.Web.HttpApplication.IExecutionStep.Execute()
   at System.Web.HttpApplication.ExecuteStep(IExecutionStep step, Boolean& completedSynchronously)

Additional Info:

MachineName : WINDOWS01
TimeStamp : 3/12/2016 7:09:33 PM
FullName : Telerik.Sitefinity.Utilities, Version=5.2.3700.0, Culture=neutral, PublicKeyToken=b28c218413bdf563
AppDomainName : /LM/W3SVC/76/ROOT-1-131022745274032957
ThreadIdentity : 
WindowsIdentity : WINDOWS01\IWPD_279(oldsugar)
Requested URL : http://oldsugarmill.com/images/bubble.png


Category: ErrorLog

Priority: 0

EventId: 90000

Severity: Error

Title:Enterprise Library Exception Handling

Machine: WINDOWS01

App Domain: /LM/W3SVC/76/ROOT-1-131022745274032957

ProcessId: 28392

Process Name: C:\Windows\SysWOW64\inetsrv\w3wp.exe

Thread Name: 

Win32 ThreadId:37720

Extended Properties: 
----------------------------------------
----------------------------------------
Timestamp: 3/13/2016 12:49:15 AM

Message: HandlingInstanceID: c8f94f1d-7f7e-46d6-bea2-afc0c36f9a8a
An exception of type 'System.Web.HttpException' occurred and was caught.
------------------------------------------------------------------------
03/13/2016 00:49:15
Type : System.Web.HttpException, System.Web, Version=4.0.0.0, Culture=neutral, PublicKeyToken=b03f5f7f11d50a3a
Message : The requested page doesn't exist or you do not have sufficient privileges to view it.
Source : Telerik.Sitefinity
Help link : 
WebEventCode : 0
ErrorCode : -2147467259
Data : System.Collections.ListDictionaryInternal
TargetSite : Boolean ProcessRedirects(System.Web.HttpContextBase, Telerik.Sitefinity.Web.PageSiteNode ByRef, Boolean, System.String[])
HResult : -2147467259
Stack Trace :    at Telerik.Sitefinity.Web.SitefinityRoute.ProcessRedirects(HttpContextBase httpContext, PageSiteNode& node, Boolean isAdditionalUrl, String[] urlParams)
   at Telerik.Sitefinity.Web.SitefinityRoute.GetRouteData(HttpContextBase httpContext)
   at System.Web.Routing.RouteCollection.GetRouteData(HttpContextBase httpContext)
   at System.Web.Routing.UrlRoutingModule.PostResolveRequestCache(HttpContextBase context)
   at System.Web.Routing.UrlRoutingModule.OnApplicationPostResolveRequestCache(Object sender, EventArgs e)
   at System.Web.HttpApplication.SyncEventExecutionStep.System.Web.HttpApplication.IExecutionStep.Execute()
   at System.Web.HttpApplication.ExecuteStep(IExecutionStep step, Boolean& completedSynchronously)

Additional Info:

MachineName : WINDOWS01
TimeStamp : 3/13/2016 12:49:15 AM
FullName : Telerik.Sitefinity.Utilities, Version=5.2.3700.0, Culture=neutral, PublicKeyToken=b28c218413bdf563
AppDomainName : /LM/W3SVC/76/ROOT-1-131022971840058516
ThreadIdentity : 
WindowsIdentity : WINDOWS01\IWPD_279(oldsugar)
Requested URL : http://oldsugarmill.com/topbar/about


Category: ErrorLog

Priority: 0

EventId: 90000

Severity: Error

Title:Enterprise Library Exception Handling

Machine: WINDOWS01

App Domain: /LM/W3SVC/76/ROOT-1-131022971840058516

ProcessId: 14568

Process Name: C:\Windows\SysWOW64\inetsrv\w3wp.exe

Thread Name: 

Win32 ThreadId:38228

Extended Properties: 
----------------------------------------
----------------------------------------
Timestamp: 3/13/2016 12:52:39 AM

Message: HandlingInstanceID: ea7087d7-0cff-4115-aa3f-4c4432b30422
An exception of type 'System.Web.HttpException' occurred and was caught.
------------------------------------------------------------------------
03/13/2016 00:52:39
Type : System.Web.HttpException, System.Web, Version=4.0.0.0, Culture=neutral, PublicKeyToken=b03f5f7f11d50a3a
Message : The requested page doesn't exist or you do not have sufficient privileges to view it.
Source : Telerik.Sitefinity
Help link : 
WebEventCode : 0
ErrorCode : -2147467259
Data : System.Collections.ListDictionaryInternal
TargetSite : Boolean ProcessRedirects(System.Web.HttpContextBase, Telerik.Sitefinity.Web.PageSiteNode ByRef, Boolean, System.String[])
HResult : -2147467259
Stack Trace :    at Telerik.Sitefinity.Web.SitefinityRoute.ProcessRedirects(HttpContextBase httpContext, PageSiteNode& node, Boolean isAdditionalUrl, String[] urlParams)
   at Telerik.Sitefinity.Web.SitefinityRoute.GetRouteData(HttpContextBase httpContext)
   at System.Web.Routing.RouteCollection.GetRouteData(HttpContextBase httpContext)
   at System.Web.Routing.UrlRoutingModule.PostResolveRequestCache(HttpContextBase context)
   at System.Web.Routing.UrlRoutingModule.OnApplicationPostResolveRequestCache(Object sender, EventArgs e)
   at System.Web.HttpApplication.SyncEventExecutionStep.System.Web.HttpApplication.IExecutionStep.Execute()
   at System.Web.HttpApplication.ExecuteStep(IExecutionStep step, Boolean& completedSynchronously)

Additional Info:

MachineName : WINDOWS01
TimeStamp : 3/13/2016 12:52:39 AM
FullName : Telerik.Sitefinity.Utilities, Version=5.2.3700.0, Culture=neutral, PublicKeyToken=b28c218413bdf563
AppDomainName : /LM/W3SVC/76/ROOT-1-131022971840058516
ThreadIdentity : 
WindowsIdentity : WINDOWS01\IWPD_279(oldsugar)
Requested URL : http://oldsugarmill.com/topbar/about


Category: ErrorLog

Priority: 0

EventId: 90000

Severity: Error

Title:Enterprise Library Exception Handling

Machine: WINDOWS01

App Domain: /LM/W3SVC/76/ROOT-1-131022971840058516

ProcessId: 14568

Process Name: C:\Windows\SysWOW64\inetsrv\w3wp.exe

Thread Name: 

Win32 ThreadId:34236

Extended Properties: 
----------------------------------------
----------------------------------------
Timestamp: 3/13/2016 1:31:31 AM

Message: HandlingInstanceID: 7750509e-daf8-4acc-a593-c474397d0109
An exception of type 'System.Web.HttpException' occurred and was caught.
------------------------------------------------------------------------
03/13/2016 01:31:31
Type : System.Web.HttpException, System.Web, Version=4.0.0.0, Culture=neutral, PublicKeyToken=b03f5f7f11d50a3a
Message : This is an invalid script resource request.
Source : System.Web.Extensions
Help link : 
WebEventCode : 0
ErrorCode : -2147467259
Data : System.Collections.ListDictionaryInternal
TargetSite : Void ProcessRequest(System.Web.HttpContextBase, VirtualFileReader, System.Action`2[System.String,System.Exception], Boolean)
HResult : -2147467259
Stack Trace :    at System.Web.Handlers.ScriptResourceHandler.ProcessRequest(HttpContextBase context, VirtualFileReader fileReader, Action`2 logAction, Boolean validatePath)
   at System.Web.Handlers.ScriptResourceHandler.ProcessRequest(HttpContext context)
   at System.Web.Handlers.ScriptResourceHandler.System.Web.IHttpHandler.ProcessRequest(HttpContext context)
   at System.Web.HttpApplication.CallHandlerExecutionStep.System.Web.HttpApplication.IExecutionStep.Execute()
   at System.Web.HttpApplication.ExecuteStep(IExecutionStep step, Boolean& completedSynchronously)

Additional Info:

MachineName : WINDOWS01
TimeStamp : 3/13/2016 1:31:31 AM
FullName : Telerik.Sitefinity.Utilities, Version=5.2.3700.0, Culture=neutral, PublicKeyToken=b28c218413bdf563
AppDomainName : /LM/W3SVC/76/ROOT-1-131023044465077658
ThreadIdentity : 
WindowsIdentity : WINDOWS01\IWPD_279(oldsugar)
Requested URL : http://oldsugarmill.com/ScriptResource.axd?d=LjDYmnnI42hNXWjUlbO_dvt4m3nSiPYCgiHnLI_Bp2b3GumNUozO8EnWc-pIUihbMQ2SURx8WGQvIujUFJV4WhklMLIVPFXKHBu_CmWCWd-rkAXzAK_TkBzy24ZUDyA6qunlml-tef29AA_Ubg85FkAPKSyUUKfWj83d3BhTEITAb4nOZUwoBDJnYlFRR7m90&t=155533f4


Category: ErrorLog

Priority: 0

EventId: 90000

Severity: Error

Title:Enterprise Library Exception Handling

Machine: WINDOWS01

App Domain: /LM/W3SVC/76/ROOT-1-131023044465077658

ProcessId: 31108

Process Name: C:\Windows\SysWOW64\inetsrv\w3wp.exe

Thread Name: 

Win32 ThreadId:43020

Extended Properties: 
----------------------------------------
----------------------------------------
Timestamp: 3/13/2016 2:07:53 AM

Message: HandlingInstanceID: b410df5d-ffc7-49d3-888f-148a72841b2c
An exception of type 'System.Runtime.InteropServices.COMException' occurred and was caught.
-------------------------------------------------------------------------------------------
03/13/2016 02:07:53
Type : System.Runtime.InteropServices.COMException, mscorlib, Version=4.0.0.0, Culture=neutral, PublicKeyToken=b77a5c561934e089
Message : The I/O operation has been aborted because of either a thread exit or an application request. (Exception from HRESULT: 0x800703E3)
Source : 
Help link : 
ErrorCode : -2147023901
Data : System.Collections.ListDictionaryInternal
TargetSite : 
HResult : -2147023901
Stack Trace : The stack trace is unavailable.
Additional Info:

MachineName : WINDOWS01
TimeStamp : 3/13/2016 2:07:53 AM
FullName : Telerik.Sitefinity.Utilities, Version=5.2.3700.0, Culture=neutral, PublicKeyToken=b28c218413bdf563
AppDomainName : /LM/W3SVC/76/ROOT-1-131023044465077658
ThreadIdentity : 
WindowsIdentity : WINDOWS01\IWPD_279(oldsugar)
Requested URL : http://oldsugarmill.com/images/default-source/default-album/osm_portwine2016_websm.jpg?sfvrsn=0


Category: ErrorLog

Priority: 0

EventId: 90000

Severity: Error

Title:Enterprise Library Exception Handling

Machine: WINDOWS01

App Domain: /LM/W3SVC/76/ROOT-1-131023044465077658

ProcessId: 31108

Process Name: C:\Windows\SysWOW64\inetsrv\w3wp.exe

Thread Name: 

Win32 ThreadId:27272

Extended Properties: 
----------------------------------------
----------------------------------------
Timestamp: 3/13/2016 3:39:44 AM

Message: HandlingInstanceID: c2dd7afd-a24d-4419-8f0c-152e251be7bd
An exception of type 'System.Web.HttpException' occurred and was caught.
------------------------------------------------------------------------
03/13/2016 03:39:44
Type : System.Web.HttpException, System.Web, Version=4.0.0.0, Culture=neutral, PublicKeyToken=b03f5f7f11d50a3a
Message : This is an invalid webresource request.
Source : System.Web
Help link : 
WebEventCode : 0
ErrorCode : -2147467259
Data : System.Collections.ListDictionaryInternal
TargetSite : Void System.Web.IHttpHandler.ProcessRequest(System.Web.HttpContext)
HResult : -2147467259
Stack Trace :    at System.Web.Handlers.AssemblyResourceLoader.System.Web.IHttpHandler.ProcessRequest(HttpContext context)
   at System.Web.HttpApplication.CallHandlerExecutionStep.System.Web.HttpApplication.IExecutionStep.Execute()
   at System.Web.HttpApplication.ExecuteStep(IExecutionStep step, Boolean& completedSynchronously)

Additional Info:

MachineName : WINDOWS01
TimeStamp : 3/13/2016 3:39:44 AM
FullName : Telerik.Sitefinity.Utilities, Version=5.2.3700.0, Culture=neutral, PublicKeyToken=b28c218413bdf563
AppDomainName : /LM/W3SVC/76/ROOT-1-131023131647576099
ThreadIdentity : 
WindowsIdentity : WINDOWS01\IWPD_279(oldsugar)
Requested URL : http://oldsugarmill.com/WebResource.axd?d=u1-pDjMeCiiebq_OV_LRpWFvxU9vthOQqkOKTMEU6q7fxq2gm9jiPtDA1X2GCAnidhnLrhbgqW0QMtCgZaLdYVUMDGvYm5uY-Dz1TESewpc1&t=635793053982061497


Category: ErrorLog

Priority: 0

EventId: 90000

Severity: Error

Title:Enterprise Library Exception Handling

Machine: WINDOWS01

App Domain: /LM/W3SVC/76/ROOT-1-131023131647576099

ProcessId: 14036

Process Name: C:\Windows\SysWOW64\inetsrv\w3wp.exe

Thread Name: 

Win32 ThreadId:30236

Extended Properties: 
----------------------------------------
----------------------------------------
Timestamp: 3/13/2016 3:39:44 AM

Message: HandlingInstanceID: 2c8bb17e-e632-462a-8e44-52ece335d66d
An exception of type 'System.Web.HttpException' occurred and was caught.
------------------------------------------------------------------------
03/13/2016 03:39:44
Type : System.Web.HttpException, System.Web, Version=4.0.0.0, Culture=neutral, PublicKeyToken=b03f5f7f11d50a3a
Message : This is an invalid script resource request.
Source : System.Web.Extensions
Help link : 
WebEventCode : 0
ErrorCode : -2147467259
Data : System.Collections.ListDictionaryInternal
TargetSite : Void ProcessRequest(System.Web.HttpContextBase, VirtualFileReader, System.Action`2[System.String,System.Exception], Boolean)
HResult : -2147467259
Stack Trace :    at System.Web.Handlers.ScriptResourceHandler.ProcessRequest(HttpContextBase context, VirtualFileReader fileReader, Action`2 logAction, Boolean validatePath)
   at System.Web.Handlers.ScriptResourceHandler.ProcessRequest(HttpContext context)
   at System.Web.Handlers.ScriptResourceHandler.System.Web.IHttpHandler.ProcessRequest(HttpContext context)
   at System.Web.HttpApplication.CallHandlerExecutionStep.System.Web.HttpApplication.IExecutionStep.Execute()
   at System.Web.HttpApplication.ExecuteStep(IExecutionStep step, Boolean& completedSynchronously)

Additional Info:

MachineName : WINDOWS01
TimeStamp : 3/13/2016 3:39:44 AM
FullName : Telerik.Sitefinity.Utilities, Version=5.2.3700.0, Culture=neutral, PublicKeyToken=b28c218413bdf563
AppDomainName : /LM/W3SVC/76/ROOT-1-131023131647576099
ThreadIdentity : 
WindowsIdentity : WINDOWS01\IWPD_279(oldsugar)
Requested URL : http://oldsugarmill.com/ScriptResource.axd?d=GOaoao_mb-ine5HmUHY_PQbh_T19m1Kth-bwJnV2k9fz2cdRIhTgwDMQE7J9uUGbSTNHyBrSQeWFslBrOx9DvEW8O0dfCHp95EREEbtsiabxTsOQlYSdvBxvsIO6w379RUH6EZZqTgP8vBMRND8MIXWYMddfn0yFmDbtBhBYx_UPp_SvJS8SJB-Ul9hJ9H2O0&t=155533f4


Category: ErrorLog

Priority: 0

EventId: 90000

Severity: Error

Title:Enterprise Library Exception Handling

Machine: WINDOWS01

App Domain: /LM/W3SVC/76/ROOT-1-131023131647576099

ProcessId: 14036

Process Name: C:\Windows\SysWOW64\inetsrv\w3wp.exe

Thread Name: 

Win32 ThreadId:35240

Extended Properties: 
----------------------------------------
----------------------------------------
Timestamp: 3/13/2016 3:39:44 AM

Message: HandlingInstanceID: b98a7253-b57d-4c95-95f4-009c4324e143
An exception of type 'System.Web.HttpException' occurred and was caught.
------------------------------------------------------------------------
03/13/2016 03:39:44
Type : System.Web.HttpException, System.Web, Version=4.0.0.0, Culture=neutral, PublicKeyToken=b03f5f7f11d50a3a
Message : This is an invalid script resource request.
Source : System.Web.Extensions
Help link : 
WebEventCode : 0
ErrorCode : -2147467259
Data : System.Collections.ListDictionaryInternal
TargetSite : Void ProcessRequest(System.Web.HttpContextBase, VirtualFileReader, System.Action`2[System.String,System.Exception], Boolean)
HResult : -2147467259
Stack Trace :    at System.Web.Handlers.ScriptResourceHandler.ProcessRequest(HttpContextBase context, VirtualFileReader fileReader, Action`2 logAction, Boolean validatePath)
   at System.Web.Handlers.ScriptResourceHandler.ProcessRequest(HttpContext context)
   at System.Web.Handlers.ScriptResourceHandler.System.Web.IHttpHandler.ProcessRequest(HttpContext context)
   at System.Web.HttpApplication.CallHandlerExecutionStep.System.Web.HttpApplication.IExecutionStep.Execute()
   at System.Web.HttpApplication.ExecuteStep(IExecutionStep step, Boolean& completedSynchronously)

Additional Info:

MachineName : WINDOWS01
TimeStamp : 3/13/2016 3:39:44 AM
FullName : Telerik.Sitefinity.Utilities, Version=5.2.3700.0, Culture=neutral, PublicKeyToken=b28c218413bdf563
AppDomainName : /LM/W3SVC/76/ROOT-1-131023131647576099
ThreadIdentity : 
WindowsIdentity : WINDOWS01\IWPD_279(oldsugar)
Requested URL : http://oldsugarmill.com/ScriptResource.axd?d=JR1RhtLhaiivbnBfqIGtaCOKO0X0jXu_JFWgzMmySTWUQ-n_ljLJ_wyXqHId0VngVqTsZV16IZpLfMmj6mu5OcTXkcxu_XNYw-Kwk2XLDrhUqHQUu530RVwtV_n6oZUxj8fxmYgGHFQQGZw027cRfjLhGNPs0t8W8sIVuyROezS7B-MndL-QvODAffdeuKgcjuAJOi91OcL8zT3SN5XNWA2&t=155533f4


Category: ErrorLog

Priority: 0

EventId: 90000

Severity: Error

Title:Enterprise Library Exception Handling

Machine: WINDOWS01

App Domain: /LM/W3SVC/76/ROOT-1-131023131647576099

ProcessId: 14036

Process Name: C:\Windows\SysWOW64\inetsrv\w3wp.exe

Thread Name: 

Win32 ThreadId:26412

Extended Properties: 
----------------------------------------
----------------------------------------
Timestamp: 13/03/2016 04:01:52

Message: HandlingInstanceID: 9fa9b0cf-8874-4ecf-86f9-f14cf4eb727c
An exception of type 'System.Web.HttpException' occurred and was caught.
------------------------------------------------------------------------
03/13/2016 04:01:52
Type : System.Web.HttpException, System.Web, Version=4.0.0.0, Culture=neutral, PublicKeyToken=b03f5f7f11d50a3a
Message : This is an invalid script resource request.
Source : System.Web.Extensions
Help link : 
WebEventCode : 0
ErrorCode : -2147467259
Data : System.Collections.ListDictionaryInternal
TargetSite : Void ProcessRequest(System.Web.HttpContextBase, VirtualFileReader, System.Action`2[System.String,System.Exception], Boolean)
HResult : -2147467259
Stack Trace :    at System.Web.Handlers.ScriptResourceHandler.ProcessRequest(HttpContextBase context, VirtualFileReader fileReader, Action`2 logAction, Boolean validatePath)
   at System.Web.Handlers.ScriptResourceHandler.ProcessRequest(HttpContext context)
   at System.Web.Handlers.ScriptResourceHandler.System.Web.IHttpHandler.ProcessRequest(HttpContext context)
   at System.Web.HttpApplication.CallHandlerExecutionStep.System.Web.HttpApplication.IExecutionStep.Execute()
   at System.Web.HttpApplication.ExecuteStep(IExecutionStep step, Boolean& completedSynchronously)

Additional Info:

MachineName : WINDOWS01
TimeStamp : 13/03/2016 04:01:52
FullName : Telerik.Sitefinity.Utilities, Version=5.2.3700.0, Culture=neutral, PublicKeyToken=b28c218413bdf563
AppDomainName : /LM/W3SVC/76/ROOT-1-131023131647576099
ThreadIdentity : 
WindowsIdentity : WINDOWS01\IWPD_279(oldsugar)
Requested URL : http://oldsugarmill.com/ScriptResource.axd?d=0WP8iddTMKqyb_L_dId3IdpPjrOs6CVF-E7rLR1lpduZDOT4eYrbs8SemRgyqmlv36l0VpJjfZ-TFjJcuZMeXb5nzI-nBKd1ULuNhgH9TvgSn9UQwDHZOo3zZNoi5w0e9_ioezDI2FxiLyN6ZlINx_D_awIeHQa692uH-i9BH9C7Tp7W-sPhWgIr-ax1PEDyvb6nHalt8Aq8ZAhBVW3DXQ2&t=155533f4


Category: ErrorLog

Priority: 0

EventId: 90000

Severity: Error

Title:Enterprise Library Exception Handling

Machine: WINDOWS01

App Domain: /LM/W3SVC/76/ROOT-1-131023131647576099

ProcessId: 14036

Process Name: C:\Windows\SysWOW64\inetsrv\w3wp.exe

Thread Name: 

Win32 ThreadId:25612

Extended Properties: 
----------------------------------------
----------------------------------------
Timestamp: 13/03/2016 04:01:53

Message: HandlingInstanceID: bc14cfec-7af6-41e0-b3d1-1d271894cfac
An exception of type 'System.Web.HttpException' occurred and was caught.
------------------------------------------------------------------------
03/13/2016 04:01:53
Type : System.Web.HttpException, System.Web, Version=4.0.0.0, Culture=neutral, PublicKeyToken=b03f5f7f11d50a3a
Message : This is an invalid script resource request.
Source : System.Web.Extensions
Help link : 
WebEventCode : 0
ErrorCode : -2147467259
Data : System.Collections.ListDictionaryInternal
TargetSite : Void ProcessRequest(System.Web.HttpContextBase, VirtualFileReader, System.Action`2[System.String,System.Exception], Boolean)
HResult : -2147467259
Stack Trace :    at System.Web.Handlers.ScriptResourceHandler.ProcessRequest(HttpContextBase context, VirtualFileReader fileReader, Action`2 logAction, Boolean validatePath)
   at System.Web.Handlers.ScriptResourceHandler.ProcessRequest(HttpContext context)
   at System.Web.Handlers.ScriptResourceHandler.System.Web.IHttpHandler.ProcessRequest(HttpContext context)
   at System.Web.HttpApplication.CallHandlerExecutionStep.System.Web.HttpApplication.IExecutionStep.Execute()
   at System.Web.HttpApplication.ExecuteStep(IExecutionStep step, Boolean& completedSynchronously)

Additional Info:

MachineName : WINDOWS01
TimeStamp : 13/03/2016 04:01:53
FullName : Telerik.Sitefinity.Utilities, Version=5.2.3700.0, Culture=neutral, PublicKeyToken=b28c218413bdf563
AppDomainName : /LM/W3SVC/76/ROOT-1-131023131647576099
ThreadIdentity : 
WindowsIdentity : WINDOWS01\IWPD_279(oldsugar)
Requested URL : http://oldsugarmill.com/ScriptResource.axd?d=6Gh-24IbcfxNUDG6c4DeP4U-jXEQltQdIC5o7BeF0as45UI3gfFl7blPRbZlemHGRkoBwCaDgsKLHEeHS8vpgYptK37cba8lSQRaolhutM1X5jOjBrc5D8sEokXRe6YKYgcuz8QOiJfzLuNs8Q0PAFPs_BU43Yr3qdj4QaHpgUx7XU-__5m46wDkDVJMf_iI0&t=155533f4


Category: ErrorLog

Priority: 0

EventId: 90000

Severity: Error

Title:Enterprise Library Exception Handling

Machine: WINDOWS01

App Domain: /LM/W3SVC/76/ROOT-1-131023131647576099

ProcessId: 14036

Process Name: C:\Windows\SysWOW64\inetsrv\w3wp.exe

Thread Name: 

Win32 ThreadId:51052

Extended Properties: 
----------------------------------------
