----------------------------------------
Timestamp: 20/11/2012 00:14:08

Message: HandlingInstanceID: c8c44a3b-0333-414d-a4b5-56dae35fedd8
An exception of type 'Telerik.OpenAccess.Exceptions.AuthorizationException' occurred and was caught.
----------------------------------------------------------------------------------------------------
11/20/2012 00:14:08
Type : Telerik.OpenAccess.Exceptions.AuthorizationException, Telerik.OpenAccess, Version=2012.3.1012.1, Culture=neutral, PublicKeyToken=7ce17eeaf1d59342
Message : Access denied for user 'oldsugar_finity'@'oldsugarmill.com' (using password: YES)
Source : Unity_ILEmit_DynamicClasses
Help link : 
InnerExceptions : System.Exception[]
FailedObject : 
BackendError : Telerik.OpenAccess.RT.sql.SQLException: Access denied for user 'oldsugar_finity'@'oldsugarmill.com' (using password: YES)
   at Telerik.OpenAccess.RT.Adonet2Generic.Impl.DBDriver.connect(ConnectionString connectionString, IDictionary driverProps, ConnectionPoolType poolType, LogEventStore pes)
   at OpenAccessRuntime.Relational.sql.SqlDriver.InitializeFor(ConnectionString connectionString, Boolean noConnect, PropertySet props, DBDriver& driver, Connection& conn, ConnectionPoolType poolType)
Reason : Runtime
CanRetry : True
Data : System.Collections.ListDictionaryInternal
TargetSite : Void Initialize(System.String, System.Collections.Specialized.NameValueCollection, System.Type)
Stack Trace :    at DynamicModule.ns.Wrapped_OpenAccessMetaDataProvider_3d4f741e3e344f419b6e83a682c1b921.Initialize(String providerName, NameValueCollection config, Type managerType)
   at Telerik.Sitefinity.Data.ManagerBase`1.InstantiateProvider(IDataProviderSettings providerSettings, Type providerType, ExceptionPolicyName policy, ManagerBase`1 manager)

Additional Info:

MachineName : WEB03
TimeStamp : 20/11/2012 00:14:08
FullName : Telerik.Sitefinity.Utilities, Version=5.2.3700.0, Culture=neutral, PublicKeyToken=b28c218413bdf563
AppDomainName : /LM/W3SVC/124/ROOT-1-129978440340068750
ThreadIdentity : 
WindowsIdentity : SWBROADBAND\oldsugar
Requested URL : http://127.0.0.1/
	Inner Exception
	---------------
	Type : Telerik.OpenAccess.RT.sql.SQLException, Telerik.OpenAccess.Runtime, Version=2012.3.1012.1, Culture=neutral, PublicKeyToken=7ce17eeaf1d59342
	Message : Access denied for user 'oldsugar_finity'@'oldsugarmill.com' (using password: YES)
	Source : Telerik.OpenAccess.Runtime
	Help link : 
	ErrorCode : 1045
	Number : 1045
	ObjectId : 
	Description : SQLState=;Access denied for user 'oldsugar_finity'@'oldsugarmill.com' (using password: YES)
	Data : System.Collections.ListDictionaryInternal
	TargetSite : Telerik.OpenAccess.RT.sql.Connection connect(Telerik.OpenAccess.Config.Sql.ConnectionString, System.Collections.IDictionary, Telerik.OpenAccess.ConnectionPoolType, OpenAccessRuntime.logging.LogEventStore)
	Stack Trace :    at Telerik.OpenAccess.RT.Adonet2Generic.Impl.DBDriver.connect(ConnectionString connectionString, IDictionary driverProps, ConnectionPoolType poolType, LogEventStore pes)
	   at OpenAccessRuntime.Relational.sql.SqlDriver.InitializeFor(ConnectionString connectionString, Boolean noConnect, PropertySet props, DBDriver& driver, Connection& conn, ConnectionPoolType poolType)



Category: ErrorLog

Priority: 0

EventId: 9010

Severity: Warning

Title:Enterprise Library Exception Handling

Machine: WEB03

App Domain: /LM/W3SVC/124/ROOT-1-129978440340068750

ProcessId: 4276

Process Name: C:\Windows\SysWOW64\inetsrv\w3wp.exe

Thread Name: 

Win32 ThreadId:19900

Extended Properties: 
----------------------------------------
----------------------------------------
Timestamp: 20/11/2012 00:14:08

Message: HandlingInstanceID: aae543e9-dea1-428a-a85d-d41854080aef
An exception of type 'Telerik.OpenAccess.Exceptions.AuthorizationException' occurred and was caught.
----------------------------------------------------------------------------------------------------
11/20/2012 00:14:08
Type : Telerik.OpenAccess.Exceptions.AuthorizationException, Telerik.OpenAccess, Version=2012.3.1012.1, Culture=neutral, PublicKeyToken=7ce17eeaf1d59342
Message : Access denied for user 'oldsugar_finity'@'oldsugarmill.com' (using password: YES)
Source : Unity_ILEmit_DynamicClasses
Help link : 
InnerExceptions : System.Exception[]
FailedObject : 
BackendError : Telerik.OpenAccess.RT.sql.SQLException: Access denied for user 'oldsugar_finity'@'oldsugarmill.com' (using password: YES)
   at Telerik.OpenAccess.RT.Adonet2Generic.Impl.DBDriver.connect(ConnectionString connectionString, IDictionary driverProps, ConnectionPoolType poolType, LogEventStore pes)
   at OpenAccessRuntime.Relational.sql.SqlDriver.InitializeFor(ConnectionString connectionString, Boolean noConnect, PropertySet props, DBDriver& driver, Connection& conn, ConnectionPoolType poolType)
Reason : Runtime
CanRetry : True
Data : System.Collections.ListDictionaryInternal
TargetSite : Void Initialize(System.String, System.Collections.Specialized.NameValueCollection, System.Type)
Stack Trace :    at DynamicModule.ns.Wrapped_OpenAccessMetaDataProvider_3d4f741e3e344f419b6e83a682c1b921.Initialize(String providerName, NameValueCollection config, Type managerType)
   at Telerik.Sitefinity.Data.ManagerBase`1.InstantiateProvider(IDataProviderSettings providerSettings, Type providerType, ExceptionPolicyName policy, ManagerBase`1 manager)

Additional Info:

MachineName : WEB03
TimeStamp : 20/11/2012 00:14:08
FullName : Telerik.Sitefinity.Utilities, Version=5.2.3700.0, Culture=neutral, PublicKeyToken=b28c218413bdf563
AppDomainName : /LM/W3SVC/124/ROOT-1-129978440340068750
ThreadIdentity : 
WindowsIdentity : SWBROADBAND\oldsugar
Requested URL : http://127.0.0.1/
	Inner Exception
	---------------
	Type : Telerik.OpenAccess.RT.sql.SQLException, Telerik.OpenAccess.Runtime, Version=2012.3.1012.1, Culture=neutral, PublicKeyToken=7ce17eeaf1d59342
	Message : Access denied for user 'oldsugar_finity'@'oldsugarmill.com' (using password: YES)
	Source : Telerik.OpenAccess.Runtime
	Help link : 
	ErrorCode : 1045
	Number : 1045
	ObjectId : 
	Description : SQLState=;Access denied for user 'oldsugar_finity'@'oldsugarmill.com' (using password: YES)
	Data : System.Collections.ListDictionaryInternal
	TargetSite : Telerik.OpenAccess.RT.sql.Connection connect(Telerik.OpenAccess.Config.Sql.ConnectionString, System.Collections.IDictionary, Telerik.OpenAccess.ConnectionPoolType, OpenAccessRuntime.logging.LogEventStore)
	Stack Trace :    at Telerik.OpenAccess.RT.Adonet2Generic.Impl.DBDriver.connect(ConnectionString connectionString, IDictionary driverProps, ConnectionPoolType poolType, LogEventStore pes)
	   at OpenAccessRuntime.Relational.sql.SqlDriver.InitializeFor(ConnectionString connectionString, Boolean noConnect, PropertySet props, DBDriver& driver, Connection& conn, ConnectionPoolType poolType)



Category: ErrorLog

Priority: 0

EventId: 90030

Severity: Error

Title:Enterprise Library Exception Handling

Machine: WEB03

App Domain: /LM/W3SVC/124/ROOT-1-129978440340068750

ProcessId: 4276

Process Name: C:\Windows\SysWOW64\inetsrv\w3wp.exe

Thread Name: 

Win32 ThreadId:19900

Extended Properties: 
----------------------------------------
----------------------------------------
Timestamp: 20/11/2012 00:16:38

Message: HandlingInstanceID: fe387e2d-a598-4f3e-b641-abe45b02e457
An exception of type 'Telerik.OpenAccess.Exceptions.AuthorizationException' occurred and was caught.
----------------------------------------------------------------------------------------------------
11/20/2012 00:16:38
Type : Telerik.OpenAccess.Exceptions.AuthorizationException, Telerik.OpenAccess, Version=2012.3.1012.1, Culture=neutral, PublicKeyToken=7ce17eeaf1d59342
Message : Access denied for user 'oldsugar_finity'@'oldsugarmill.com' (using password: YES)
Source : Unity_ILEmit_DynamicClasses
Help link : 
InnerExceptions : System.Exception[]
FailedObject : 
BackendError : Telerik.OpenAccess.RT.sql.SQLException: Access denied for user 'oldsugar_finity'@'oldsugarmill.com' (using password: YES)
   at Telerik.OpenAccess.RT.Adonet2Generic.Impl.DBDriver.connect(ConnectionString connectionString, IDictionary driverProps, ConnectionPoolType poolType, LogEventStore pes)
   at OpenAccessRuntime.Relational.sql.SqlDriver.InitializeFor(ConnectionString connectionString, Boolean noConnect, PropertySet props, DBDriver& driver, Connection& conn, ConnectionPoolType poolType)
Reason : Runtime
CanRetry : True
Data : System.Collections.ListDictionaryInternal
TargetSite : Void Initialize(System.String, System.Collections.Specialized.NameValueCollection, System.Type)
Stack Trace :    at DynamicModule.ns.Wrapped_OpenAccessMetaDataProvider_a05af94dfcd14f808e2e6cca2fba8beb.Initialize(String providerName, NameValueCollection config, Type managerType)
   at Telerik.Sitefinity.Data.ManagerBase`1.InstantiateProvider(IDataProviderSettings providerSettings, Type providerType, ExceptionPolicyName policy, ManagerBase`1 manager)

Additional Info:

MachineName : WEB03
TimeStamp : 20/11/2012 00:16:38
FullName : Telerik.Sitefinity.Utilities, Version=5.2.3700.0, Culture=neutral, PublicKeyToken=b28c218413bdf563
AppDomainName : /LM/W3SVC/124/ROOT-2-129978441940381250
ThreadIdentity : 
WindowsIdentity : SWBROADBAND\oldsugar
Requested URL : http://127.0.0.1/
	Inner Exception
	---------------
	Type : Telerik.OpenAccess.RT.sql.SQLException, Telerik.OpenAccess.Runtime, Version=2012.3.1012.1, Culture=neutral, PublicKeyToken=7ce17eeaf1d59342
	Message : Access denied for user 'oldsugar_finity'@'oldsugarmill.com' (using password: YES)
	Source : Telerik.OpenAccess.Runtime
	Help link : 
	ErrorCode : 1045
	Number : 1045
	ObjectId : 
	Description : SQLState=;Access denied for user 'oldsugar_finity'@'oldsugarmill.com' (using password: YES)
	Data : System.Collections.ListDictionaryInternal
	TargetSite : Telerik.OpenAccess.RT.sql.Connection connect(Telerik.OpenAccess.Config.Sql.ConnectionString, System.Collections.IDictionary, Telerik.OpenAccess.ConnectionPoolType, OpenAccessRuntime.logging.LogEventStore)
	Stack Trace :    at Telerik.OpenAccess.RT.Adonet2Generic.Impl.DBDriver.connect(ConnectionString connectionString, IDictionary driverProps, ConnectionPoolType poolType, LogEventStore pes)
	   at OpenAccessRuntime.Relational.sql.SqlDriver.InitializeFor(ConnectionString connectionString, Boolean noConnect, PropertySet props, DBDriver& driver, Connection& conn, ConnectionPoolType poolType)



Category: ErrorLog

Priority: 0

EventId: 9010

Severity: Warning

Title:Enterprise Library Exception Handling

Machine: WEB03

App Domain: /LM/W3SVC/124/ROOT-2-129978441940381250

ProcessId: 4276

Process Name: C:\Windows\SysWOW64\inetsrv\w3wp.exe

Thread Name: 

Win32 ThreadId:19464

Extended Properties: 
----------------------------------------
----------------------------------------
Timestamp: 20/11/2012 00:16:39

Message: HandlingInstanceID: 7fb0b2d9-a828-4cf3-998f-97beba9f8398
An exception of type 'Telerik.OpenAccess.Exceptions.AuthorizationException' occurred and was caught.
----------------------------------------------------------------------------------------------------
11/20/2012 00:16:39
Type : Telerik.OpenAccess.Exceptions.AuthorizationException, Telerik.OpenAccess, Version=2012.3.1012.1, Culture=neutral, PublicKeyToken=7ce17eeaf1d59342
Message : Access denied for user 'oldsugar_finity'@'oldsugarmill.com' (using password: YES)
Source : Unity_ILEmit_DynamicClasses
Help link : 
InnerExceptions : System.Exception[]
FailedObject : 
BackendError : Telerik.OpenAccess.RT.sql.SQLException: Access denied for user 'oldsugar_finity'@'oldsugarmill.com' (using password: YES)
   at Telerik.OpenAccess.RT.Adonet2Generic.Impl.DBDriver.connect(ConnectionString connectionString, IDictionary driverProps, ConnectionPoolType poolType, LogEventStore pes)
   at OpenAccessRuntime.Relational.sql.SqlDriver.InitializeFor(ConnectionString connectionString, Boolean noConnect, PropertySet props, DBDriver& driver, Connection& conn, ConnectionPoolType poolType)
Reason : Runtime
CanRetry : True
Data : System.Collections.ListDictionaryInternal
TargetSite : Void Initialize(System.String, System.Collections.Specialized.NameValueCollection, System.Type)
Stack Trace :    at DynamicModule.ns.Wrapped_OpenAccessMetaDataProvider_a05af94dfcd14f808e2e6cca2fba8beb.Initialize(String providerName, NameValueCollection config, Type managerType)
   at Telerik.Sitefinity.Data.ManagerBase`1.InstantiateProvider(IDataProviderSettings providerSettings, Type providerType, ExceptionPolicyName policy, ManagerBase`1 manager)

Additional Info:

MachineName : WEB03
TimeStamp : 20/11/2012 00:16:39
FullName : Telerik.Sitefinity.Utilities, Version=5.2.3700.0, Culture=neutral, PublicKeyToken=b28c218413bdf563
AppDomainName : /LM/W3SVC/124/ROOT-2-129978441940381250
ThreadIdentity : 
WindowsIdentity : SWBROADBAND\oldsugar
Requested URL : http://127.0.0.1/
	Inner Exception
	---------------
	Type : Telerik.OpenAccess.RT.sql.SQLException, Telerik.OpenAccess.Runtime, Version=2012.3.1012.1, Culture=neutral, PublicKeyToken=7ce17eeaf1d59342
	Message : Access denied for user 'oldsugar_finity'@'oldsugarmill.com' (using password: YES)
	Source : Telerik.OpenAccess.Runtime
	Help link : 
	ErrorCode : 1045
	Number : 1045
	ObjectId : 
	Description : SQLState=;Access denied for user 'oldsugar_finity'@'oldsugarmill.com' (using password: YES)
	Data : System.Collections.ListDictionaryInternal
	TargetSite : Telerik.OpenAccess.RT.sql.Connection connect(Telerik.OpenAccess.Config.Sql.ConnectionString, System.Collections.IDictionary, Telerik.OpenAccess.ConnectionPoolType, OpenAccessRuntime.logging.LogEventStore)
	Stack Trace :    at Telerik.OpenAccess.RT.Adonet2Generic.Impl.DBDriver.connect(ConnectionString connectionString, IDictionary driverProps, ConnectionPoolType poolType, LogEventStore pes)
	   at OpenAccessRuntime.Relational.sql.SqlDriver.InitializeFor(ConnectionString connectionString, Boolean noConnect, PropertySet props, DBDriver& driver, Connection& conn, ConnectionPoolType poolType)



Category: ErrorLog

Priority: 0

EventId: 90030

Severity: Error

Title:Enterprise Library Exception Handling

Machine: WEB03

App Domain: /LM/W3SVC/124/ROOT-2-129978441940381250

ProcessId: 4276

Process Name: C:\Windows\SysWOW64\inetsrv\w3wp.exe

Thread Name: 

Win32 ThreadId:19464

Extended Properties: 
----------------------------------------
