----------------------------------------
Timestamp: 4/9/2015 10:58:21 PM

Message: HandlingInstanceID: 88aae44d-ae0a-4a76-b1e7-c22f045d2de9
An exception of type 'System.Web.HttpException' occurred and was caught.
------------------------------------------------------------------------
04/09/2015 23:58:21
Type : System.Web.HttpException, System.Web, Version=4.0.0.0, Culture=neutral, PublicKeyToken=b03f5f7f11d50a3a
Message : Page not found
Source : Telerik.Sitefinity
Help link : 
WebEventCode : 0
ErrorCode : -2147467259
Data : System.Collections.ListDictionaryInternal
TargetSite : Void handler_PreRenderComplete(System.Object, System.EventArgs)
HResult : -2147467259
Stack Trace :    at Telerik.Sitefinity.Web.PageRouteHandler.handler_PreRenderComplete(Object sender, EventArgs e)
   at System.EventHandler.Invoke(Object sender, EventArgs e)
   at System.Web.UI.Page.OnPreRenderComplete(EventArgs e)
   at System.Web.UI.Page.ProcessRequestMain(Boolean includeStagesBeforeAsyncPoint, Boolean includeStagesAfterAsyncPoint)

Additional Info:

MachineName : WINDOWS01
TimeStamp : 4/9/2015 10:58:21 PM
FullName : Telerik.Sitefinity.Utilities, Version=5.2.3700.0, Culture=neutral, PublicKeyToken=b28c218413bdf563
AppDomainName : /LM/W3SVC/76/ROOT-1-130730919760293508
ThreadIdentity : 
WindowsIdentity : WINDOWS01\IWPD_279(oldsugar)
Requested URL : http://oldsugarmill.com/topbar/trade-media/trackback/


Category: ErrorLog

Priority: 0

EventId: 90000

Severity: Error

Title:Enterprise Library Exception Handling

Machine: WINDOWS01

App Domain: /LM/W3SVC/76/ROOT-1-130730919760293508

ProcessId: 21944

Process Name: C:\Windows\SysWOW64\inetsrv\w3wp.exe

Thread Name: 

Win32 ThreadId:11204

Extended Properties: 
----------------------------------------
----------------------------------------
Timestamp: 09/04/2015 23:40:59

Message: HandlingInstanceID: 624acc54-33d9-4a4b-850a-34ee3c21666b
An exception of type 'System.Web.HttpException' occurred and was caught.
------------------------------------------------------------------------
04/10/2015 00:40:59
Type : System.Web.HttpException, System.Web, Version=4.0.0.0, Culture=neutral, PublicKeyToken=b03f5f7f11d50a3a
Message : This is an invalid script resource request.
Source : System.Web.Extensions
Help link : 
WebEventCode : 0
ErrorCode : -2147467259
Data : System.Collections.ListDictionaryInternal
TargetSite : Void ProcessRequest(System.Web.HttpContextBase, VirtualFileReader, System.Action`2[System.String,System.Exception], Boolean)
HResult : -2147467259
Stack Trace :    at System.Web.Handlers.ScriptResourceHandler.ProcessRequest(HttpContextBase context, VirtualFileReader fileReader, Action`2 logAction, Boolean validatePath)
   at System.Web.Handlers.ScriptResourceHandler.ProcessRequest(HttpContext context)
   at System.Web.Handlers.ScriptResourceHandler.System.Web.IHttpHandler.ProcessRequest(HttpContext context)
   at System.Web.HttpApplication.CallHandlerExecutionStep.System.Web.HttpApplication.IExecutionStep.Execute()
   at System.Web.HttpApplication.ExecuteStep(IExecutionStep step, Boolean& completedSynchronously)

Additional Info:

MachineName : WINDOWS01
TimeStamp : 09/04/2015 23:40:59
FullName : Telerik.Sitefinity.Utilities, Version=5.2.3700.0, Culture=neutral, PublicKeyToken=b28c218413bdf563
AppDomainName : /LM/W3SVC/76/ROOT-1-130730956503499164
ThreadIdentity : 
WindowsIdentity : WINDOWS01\IWPD_279(oldsugar)
Requested URL : http://oldsugarmill.com/ScriptResource.axd?d=VpL58lVJ8Vybba8nVXoV1rI5R1Vvg4LwhqR-7XaHqaTUP2zDbQH07ePMPbhnCMS0vEmO8BzJYXKDf4mV8xrhwfqqQHHvUz-KoQBtB5bdBGlm_HtagYbI8UiIoacH7qB7QvxuEVKf23wLK8a-5uAAn9m_G_UBF41bvsoRWznLSWNeYUmb4HUrgr-MMRPjlWplbAD6XGktONt1vJxAb7AqVw2&t=155533f4


Category: ErrorLog

Priority: 0

EventId: 90000

Severity: Error

Title:Enterprise Library Exception Handling

Machine: WINDOWS01

App Domain: /LM/W3SVC/76/ROOT-1-130730956503499164

ProcessId: 13060

Process Name: C:\Windows\SysWOW64\inetsrv\w3wp.exe

Thread Name: 

Win32 ThreadId:29800

Extended Properties: 
----------------------------------------
----------------------------------------
Timestamp: 09/04/2015 23:40:59

Message: HandlingInstanceID: ab1f3303-3e73-4ae7-87d3-bb730035da47
An exception of type 'System.Web.HttpException' occurred and was caught.
------------------------------------------------------------------------
04/10/2015 00:40:59
Type : System.Web.HttpException, System.Web, Version=4.0.0.0, Culture=neutral, PublicKeyToken=b03f5f7f11d50a3a
Message : This is an invalid script resource request.
Source : System.Web.Extensions
Help link : 
WebEventCode : 0
ErrorCode : -2147467259
Data : System.Collections.ListDictionaryInternal
TargetSite : Void ProcessRequest(System.Web.HttpContextBase, VirtualFileReader, System.Action`2[System.String,System.Exception], Boolean)
HResult : -2147467259
Stack Trace :    at System.Web.Handlers.ScriptResourceHandler.ProcessRequest(HttpContextBase context, VirtualFileReader fileReader, Action`2 logAction, Boolean validatePath)
   at System.Web.Handlers.ScriptResourceHandler.ProcessRequest(HttpContext context)
   at System.Web.Handlers.ScriptResourceHandler.System.Web.IHttpHandler.ProcessRequest(HttpContext context)
   at System.Web.HttpApplication.CallHandlerExecutionStep.System.Web.HttpApplication.IExecutionStep.Execute()
   at System.Web.HttpApplication.ExecuteStep(IExecutionStep step, Boolean& completedSynchronously)

Additional Info:

MachineName : WINDOWS01
TimeStamp : 09/04/2015 23:40:59
FullName : Telerik.Sitefinity.Utilities, Version=5.2.3700.0, Culture=neutral, PublicKeyToken=b28c218413bdf563
AppDomainName : /LM/W3SVC/76/ROOT-1-130730956503499164
ThreadIdentity : 
WindowsIdentity : WINDOWS01\IWPD_279(oldsugar)
Requested URL : http://oldsugarmill.com/ScriptResource.axd?d=mgxNLZhCpyKUl_46HSVZ77qcgc9zliHVIrGU3ZujEJzd0Ix7pjD_CiwUHxlv4KW89YWr59cLBJNgT7uJYdgPz7k7POFPfGlIQY22XY3wkMdSMDB_3KM24todXc6JQ4AZjBKqc9WSzXsZ85GU8f9cxvr-TpCyRgnmPJLVQY8DP1Q8WLz9TUp2D-PrRRh3lKbS0&t=155533f4


Category: ErrorLog

Priority: 0

EventId: 90000

Severity: Error

Title:Enterprise Library Exception Handling

Machine: WINDOWS01

App Domain: /LM/W3SVC/76/ROOT-1-130730956503499164

ProcessId: 13060

Process Name: C:\Windows\SysWOW64\inetsrv\w3wp.exe

Thread Name: 

Win32 ThreadId:28752

Extended Properties: 
----------------------------------------
----------------------------------------
Timestamp: 10/04/2015 02:43:05

Message: HandlingInstanceID: d348adff-29bf-4f4e-8d25-d0d1ab3a687e
An exception of type 'System.Web.HttpException' occurred and was caught.
------------------------------------------------------------------------
04/10/2015 03:43:05
Type : System.Web.HttpException, System.Web, Version=4.0.0.0, Culture=neutral, PublicKeyToken=b03f5f7f11d50a3a
Message : This is an invalid script resource request.
Source : System.Web.Extensions
Help link : 
WebEventCode : 0
ErrorCode : -2147467259
Data : System.Collections.ListDictionaryInternal
TargetSite : Void ProcessRequest(System.Web.HttpContextBase, VirtualFileReader, System.Action`2[System.String,System.Exception], Boolean)
HResult : -2147467259
Stack Trace :    at System.Web.Handlers.ScriptResourceHandler.ProcessRequest(HttpContextBase context, VirtualFileReader fileReader, Action`2 logAction, Boolean validatePath)
   at System.Web.Handlers.ScriptResourceHandler.ProcessRequest(HttpContext context)
   at System.Web.Handlers.ScriptResourceHandler.System.Web.IHttpHandler.ProcessRequest(HttpContext context)
   at System.Web.HttpApplication.CallHandlerExecutionStep.System.Web.HttpApplication.IExecutionStep.Execute()
   at System.Web.HttpApplication.ExecuteStep(IExecutionStep step, Boolean& completedSynchronously)

Additional Info:

MachineName : WINDOWS01
TimeStamp : 10/04/2015 02:43:05
FullName : Telerik.Sitefinity.Utilities, Version=5.2.3700.0, Culture=neutral, PublicKeyToken=b28c218413bdf563
AppDomainName : /LM/W3SVC/76/ROOT-1-130731058201357964
ThreadIdentity : 
WindowsIdentity : WINDOWS01\IWPD_279(oldsugar)
Requested URL : http://oldsugarmill.swbroadband.co.uk/ScriptResource.axd?d=ABUMwacQ9UwIy71LwZX7oRYbMDUENzQsrETRRCURs2mFV9Wg3oytzrj7rkY133Lyz8VA-5A1LTB9tBHMiVV4G-KmhmYoD1npPADUpCzpB5DiB7wsFcxetCwtB4l7EcEy8A0O0F2tfZbDy45SX8HoaHlWuin8xeuKYG5uLTLT6PmzOZzZdrvhqaw-EUAhMZyi0&t=155533f4


Category: ErrorLog

Priority: 0

EventId: 90000

Severity: Error

Title:Enterprise Library Exception Handling

Machine: WINDOWS01

App Domain: /LM/W3SVC/76/ROOT-1-130731058201357964

ProcessId: 12600

Process Name: C:\Windows\SysWOW64\inetsrv\w3wp.exe

Thread Name: 

Win32 ThreadId:6728

Extended Properties: 
----------------------------------------
----------------------------------------
Timestamp: 10/04/2015 02:43:06

Message: HandlingInstanceID: 43d39a32-f75e-43cf-92d5-c38c7857e4af
An exception of type 'System.Web.HttpException' occurred and was caught.
------------------------------------------------------------------------
04/10/2015 03:43:06
Type : System.Web.HttpException, System.Web, Version=4.0.0.0, Culture=neutral, PublicKeyToken=b03f5f7f11d50a3a
Message : This is an invalid webresource request.
Source : System.Web
Help link : 
WebEventCode : 0
ErrorCode : -2147467259
Data : System.Collections.ListDictionaryInternal
TargetSite : Void System.Web.IHttpHandler.ProcessRequest(System.Web.HttpContext)
HResult : -2147467259
Stack Trace :    at System.Web.Handlers.AssemblyResourceLoader.System.Web.IHttpHandler.ProcessRequest(HttpContext context)
   at System.Web.HttpApplication.CallHandlerExecutionStep.System.Web.HttpApplication.IExecutionStep.Execute()
   at System.Web.HttpApplication.ExecuteStep(IExecutionStep step, Boolean& completedSynchronously)

Additional Info:

MachineName : WINDOWS01
TimeStamp : 10/04/2015 02:43:06
FullName : Telerik.Sitefinity.Utilities, Version=5.2.3700.0, Culture=neutral, PublicKeyToken=b28c218413bdf563
AppDomainName : /LM/W3SVC/76/ROOT-1-130731058201357964
ThreadIdentity : 
WindowsIdentity : WINDOWS01\IWPD_279(oldsugar)
Requested URL : http://oldsugarmill.swbroadband.co.uk/WebResource.axd?d=04wBnwgah4c_NqcwjwLp4A1L2Lsu8-RlTLPLBPitaZnh8NcMperY1lWnFC7e77fG-cw6UrgiXCO1S2kz2F696XvkPvbasNxVtMhoZgmLmCE1&t=635418570520000000


Category: ErrorLog

Priority: 0

EventId: 90000

Severity: Error

Title:Enterprise Library Exception Handling

Machine: WINDOWS01

App Domain: /LM/W3SVC/76/ROOT-1-130731058201357964

ProcessId: 12600

Process Name: C:\Windows\SysWOW64\inetsrv\w3wp.exe

Thread Name: 

Win32 ThreadId:12064

Extended Properties: 
----------------------------------------
----------------------------------------
Timestamp: 10/04/2015 02:43:06

Message: HandlingInstanceID: fbae066c-5451-4b49-af55-11f894b0fcd4
An exception of type 'System.Web.HttpException' occurred and was caught.
------------------------------------------------------------------------
04/10/2015 03:43:06
Type : System.Web.HttpException, System.Web, Version=4.0.0.0, Culture=neutral, PublicKeyToken=b03f5f7f11d50a3a
Message : This is an invalid script resource request.
Source : System.Web.Extensions
Help link : 
WebEventCode : 0
ErrorCode : -2147467259
Data : System.Collections.ListDictionaryInternal
TargetSite : Void ProcessRequest(System.Web.HttpContextBase, VirtualFileReader, System.Action`2[System.String,System.Exception], Boolean)
HResult : -2147467259
Stack Trace :    at System.Web.Handlers.ScriptResourceHandler.ProcessRequest(HttpContextBase context, VirtualFileReader fileReader, Action`2 logAction, Boolean validatePath)
   at System.Web.Handlers.ScriptResourceHandler.ProcessRequest(HttpContext context)
   at System.Web.Handlers.ScriptResourceHandler.System.Web.IHttpHandler.ProcessRequest(HttpContext context)
   at System.Web.HttpApplication.CallHandlerExecutionStep.System.Web.HttpApplication.IExecutionStep.Execute()
   at System.Web.HttpApplication.ExecuteStep(IExecutionStep step, Boolean& completedSynchronously)

Additional Info:

MachineName : WINDOWS01
TimeStamp : 10/04/2015 02:43:06
FullName : Telerik.Sitefinity.Utilities, Version=5.2.3700.0, Culture=neutral, PublicKeyToken=b28c218413bdf563
AppDomainName : /LM/W3SVC/76/ROOT-1-130731058201357964
ThreadIdentity : 
WindowsIdentity : WINDOWS01\IWPD_279(oldsugar)
Requested URL : http://oldsugarmill.swbroadband.co.uk/ScriptResource.axd?d=6smmcrCNvkNfizAxxDmbXtB7Wx-Phxvn5zIN_F3l1NmQaWLvwcuVNvGs_jFbfTwFWCnDzChJWS3DSo2KVW9SxNSz8ld0PyTyCw-c6j1wxz4lRd4OWY3SbuxgqwXyzmmeONXI9xkYZ_S-O6qWm9bggklYKVXYseHnI9Uez_JGA_8tb5B2pU_PDB4FE-7v-ObjriNURORgnNx05rEO0Gc8iw2&t=155533f4


Category: ErrorLog

Priority: 0

EventId: 90000

Severity: Error

Title:Enterprise Library Exception Handling

Machine: WINDOWS01

App Domain: /LM/W3SVC/76/ROOT-1-130731058201357964

ProcessId: 12600

Process Name: C:\Windows\SysWOW64\inetsrv\w3wp.exe

Thread Name: 

Win32 ThreadId:16768

Extended Properties: 
----------------------------------------
----------------------------------------
Timestamp: 10/04/2015 03:52:01

Message: HandlingInstanceID: fc018dda-ff3e-4308-acbb-d1ea1dd130fd
An exception of type 'System.Web.HttpException' occurred and was caught.
------------------------------------------------------------------------
04/10/2015 04:52:01
Type : System.Web.HttpException, System.Web, Version=4.0.0.0, Culture=neutral, PublicKeyToken=b03f5f7f11d50a3a
Message : This is an invalid webresource request.
Source : System.Web
Help link : 
WebEventCode : 0
ErrorCode : -2147467259
Data : System.Collections.ListDictionaryInternal
TargetSite : Void System.Web.IHttpHandler.ProcessRequest(System.Web.HttpContext)
HResult : -2147467259
Stack Trace :    at System.Web.Handlers.AssemblyResourceLoader.System.Web.IHttpHandler.ProcessRequest(HttpContext context)
   at System.Web.HttpApplication.CallHandlerExecutionStep.System.Web.HttpApplication.IExecutionStep.Execute()
   at System.Web.HttpApplication.ExecuteStep(IExecutionStep step, Boolean& completedSynchronously)

Additional Info:

MachineName : WINDOWS01
TimeStamp : 10/04/2015 03:52:01
FullName : Telerik.Sitefinity.Utilities, Version=5.2.3700.0, Culture=neutral, PublicKeyToken=b28c218413bdf563
AppDomainName : /LM/W3SVC/76/ROOT-1-130731112393772111
ThreadIdentity : 
WindowsIdentity : WINDOWS01\IWPD_279(oldsugar)
Requested URL : http://oldsugarmill.swbroadband.co.uk/WebResource.axd?d=9bzdFnZVfa0jK7jRp88XFXoWwsTkCmppl1lJQoaOwRPamMEUHm4k375xWH58IKpNsc-J5qpdNiiplC2m_KNNgBmIL6Q4bskEpPUmJNi01NVSk7T_MEx1E14H8RFhhxag5J07P32Tgcc3gK7dEgxug10GDkpPHtjJyAsNr3so8XGkW5kbPQTV2QmEVwiqpE970&t=635602821211473645


Category: ErrorLog

Priority: 0

EventId: 90000

Severity: Error

Title:Enterprise Library Exception Handling

Machine: WINDOWS01

App Domain: /LM/W3SVC/76/ROOT-1-130731112393772111

ProcessId: 21700

Process Name: C:\Windows\SysWOW64\inetsrv\w3wp.exe

Thread Name: 

Win32 ThreadId:18792

Extended Properties: 
----------------------------------------
----------------------------------------
Timestamp: 10/04/2015 09:52:15

Message: HandlingInstanceID: 1dd0b0a6-5b04-4202-98a9-c6a20247ddbf
An exception of type 'System.Web.HttpException' occurred and was caught.
------------------------------------------------------------------------
04/10/2015 10:52:15
Type : System.Web.HttpException, System.Web, Version=4.0.0.0, Culture=neutral, PublicKeyToken=b03f5f7f11d50a3a
Message : This is an invalid script resource request.
Source : System.Web.Extensions
Help link : 
WebEventCode : 0
ErrorCode : -2147467259
Data : System.Collections.ListDictionaryInternal
TargetSite : Void ProcessRequest(System.Web.HttpContextBase, VirtualFileReader, System.Action`2[System.String,System.Exception], Boolean)
HResult : -2147467259
Stack Trace :    at System.Web.Handlers.ScriptResourceHandler.ProcessRequest(HttpContextBase context, VirtualFileReader fileReader, Action`2 logAction, Boolean validatePath)
   at System.Web.Handlers.ScriptResourceHandler.ProcessRequest(HttpContext context)
   at System.Web.Handlers.ScriptResourceHandler.System.Web.IHttpHandler.ProcessRequest(HttpContext context)
   at System.Web.HttpApplication.CallHandlerExecutionStep.System.Web.HttpApplication.IExecutionStep.Execute()
   at System.Web.HttpApplication.ExecuteStep(IExecutionStep step, Boolean& completedSynchronously)

Additional Info:

MachineName : WINDOWS01
TimeStamp : 10/04/2015 09:52:15
FullName : Telerik.Sitefinity.Utilities, Version=5.2.3700.0, Culture=neutral, PublicKeyToken=b28c218413bdf563
AppDomainName : /LM/W3SVC/76/ROOT-1-130731330487812843
ThreadIdentity : 
WindowsIdentity : WINDOWS01\IWPD_279(oldsugar)
Requested URL : http://oldsugarmill.swbroadband.co.uk/ScriptResource.axd?d=epHELCOQnKtAkRFvHWeEZ7fddqUpp-nNvAJg8wnB9hTEtEjXF44gJHuB-KsdeHPIzUGZ_gstE1HBKk4gk46xisM6NM3ZIBG1npPGfwL9HCn1hGQeynmbJkk7w_rB5UWcgkgl82gKUyPxVJenMrjWH_MA8z2tWyi6KH8Y4-T-HwcgqM1jUvLaDAP6i6-m6cP00&t=155533f4


Category: ErrorLog

Priority: 0

EventId: 90000

Severity: Error

Title:Enterprise Library Exception Handling

Machine: WINDOWS01

App Domain: /LM/W3SVC/76/ROOT-1-130731330487812843

ProcessId: 23428

Process Name: C:\Windows\SysWOW64\inetsrv\w3wp.exe

Thread Name: 

Win32 ThreadId:23260

Extended Properties: 
----------------------------------------
----------------------------------------
Timestamp: 10/04/2015 09:52:15

Message: HandlingInstanceID: 18b54564-5a63-4153-b0f7-a9d34c39c871
An exception of type 'System.Web.HttpException' occurred and was caught.
------------------------------------------------------------------------
04/10/2015 10:52:15
Type : System.Web.HttpException, System.Web, Version=4.0.0.0, Culture=neutral, PublicKeyToken=b03f5f7f11d50a3a
Message : This is an invalid webresource request.
Source : System.Web
Help link : 
WebEventCode : 0
ErrorCode : -2147467259
Data : System.Collections.ListDictionaryInternal
TargetSite : Void System.Web.IHttpHandler.ProcessRequest(System.Web.HttpContext)
HResult : -2147467259
Stack Trace :    at System.Web.Handlers.AssemblyResourceLoader.System.Web.IHttpHandler.ProcessRequest(HttpContext context)
   at System.Web.HttpApplication.CallHandlerExecutionStep.System.Web.HttpApplication.IExecutionStep.Execute()
   at System.Web.HttpApplication.ExecuteStep(IExecutionStep step, Boolean& completedSynchronously)

Additional Info:

MachineName : WINDOWS01
TimeStamp : 10/04/2015 09:52:15
FullName : Telerik.Sitefinity.Utilities, Version=5.2.3700.0, Culture=neutral, PublicKeyToken=b28c218413bdf563
AppDomainName : /LM/W3SVC/76/ROOT-1-130731330487812843
ThreadIdentity : 
WindowsIdentity : WINDOWS01\IWPD_279(oldsugar)
Requested URL : http://oldsugarmill.swbroadband.co.uk/WebResource.axd?d=3oPx4iBdlgOS340I4OJCcCBu5HDAbvZ9Gdz4pgNZ3NmQpFnfy-JL2E9ISq5BCOIZmGCY3c4QD6ZRzKLP2tUc-Ep3ySiIqPyS50uprhy1QOY1&t=635374375680526886


Category: ErrorLog

Priority: 0

EventId: 90000

Severity: Error

Title:Enterprise Library Exception Handling

Machine: WINDOWS01

App Domain: /LM/W3SVC/76/ROOT-1-130731330487812843

ProcessId: 23428

Process Name: C:\Windows\SysWOW64\inetsrv\w3wp.exe

Thread Name: 

Win32 ThreadId:23608

Extended Properties: 
----------------------------------------
----------------------------------------
Timestamp: 10/04/2015 09:52:16

Message: HandlingInstanceID: 4a6fdc1c-8f9b-4a94-bc26-33b93112fbcb
An exception of type 'System.Web.HttpException' occurred and was caught.
------------------------------------------------------------------------
04/10/2015 10:52:16
Type : System.Web.HttpException, System.Web, Version=4.0.0.0, Culture=neutral, PublicKeyToken=b03f5f7f11d50a3a
Message : This is an invalid script resource request.
Source : System.Web.Extensions
Help link : 
WebEventCode : 0
ErrorCode : -2147467259
Data : System.Collections.ListDictionaryInternal
TargetSite : Void ProcessRequest(System.Web.HttpContextBase, VirtualFileReader, System.Action`2[System.String,System.Exception], Boolean)
HResult : -2147467259
Stack Trace :    at System.Web.Handlers.ScriptResourceHandler.ProcessRequest(HttpContextBase context, VirtualFileReader fileReader, Action`2 logAction, Boolean validatePath)
   at System.Web.Handlers.ScriptResourceHandler.ProcessRequest(HttpContext context)
   at System.Web.Handlers.ScriptResourceHandler.System.Web.IHttpHandler.ProcessRequest(HttpContext context)
   at System.Web.HttpApplication.CallHandlerExecutionStep.System.Web.HttpApplication.IExecutionStep.Execute()
   at System.Web.HttpApplication.ExecuteStep(IExecutionStep step, Boolean& completedSynchronously)

Additional Info:

MachineName : WINDOWS01
TimeStamp : 10/04/2015 09:52:16
FullName : Telerik.Sitefinity.Utilities, Version=5.2.3700.0, Culture=neutral, PublicKeyToken=b28c218413bdf563
AppDomainName : /LM/W3SVC/76/ROOT-1-130731330487812843
ThreadIdentity : 
WindowsIdentity : WINDOWS01\IWPD_279(oldsugar)
Requested URL : http://oldsugarmill.swbroadband.co.uk/ScriptResource.axd?d=0stwrdLQjvJKm29-wxRSxYNvF1uj_xocAl4qiEuuz2-aY2eA-Cnrwmt2WvKLP1Z1WPFCaUOrNUTxnLhKEWlc-RNAIL8azqTCsZXx1FWZkgQN5-HN78_kv4Pw0RqPklpMgqvRV53KKCqpvu7-vWjfctACx4rcxfYPF4svC4kb7OAG7c3N_aWX-jrJZ-vX61xnc4_r6YO2tpef5NHoGFvHew2&t=155533f4


Category: ErrorLog

Priority: 0

EventId: 90000

Severity: Error

Title:Enterprise Library Exception Handling

Machine: WINDOWS01

App Domain: /LM/W3SVC/76/ROOT-1-130731330487812843

ProcessId: 23428

Process Name: C:\Windows\SysWOW64\inetsrv\w3wp.exe

Thread Name: 

Win32 ThreadId:23260

Extended Properties: 
----------------------------------------
----------------------------------------
Timestamp: 10/04/2015 10:39:44

Message: HandlingInstanceID: 618282d6-be92-4c84-8844-429d2e65c158
An exception of type 'System.Web.HttpException' occurred and was caught.
------------------------------------------------------------------------
04/10/2015 11:39:43
Type : System.Web.HttpException, System.Web, Version=4.0.0.0, Culture=neutral, PublicKeyToken=b03f5f7f11d50a3a
Message : This is an invalid script resource request.
Source : System.Web.Extensions
Help link : 
WebEventCode : 0
ErrorCode : -2147467259
Data : System.Collections.ListDictionaryInternal
TargetSite : Void ProcessRequest(System.Web.HttpContextBase, VirtualFileReader, System.Action`2[System.String,System.Exception], Boolean)
HResult : -2147467259
Stack Trace :    at System.Web.Handlers.ScriptResourceHandler.ProcessRequest(HttpContextBase context, VirtualFileReader fileReader, Action`2 logAction, Boolean validatePath)
   at System.Web.Handlers.ScriptResourceHandler.ProcessRequest(HttpContext context)
   at System.Web.Handlers.ScriptResourceHandler.System.Web.IHttpHandler.ProcessRequest(HttpContext context)
   at System.Web.HttpApplication.CallHandlerExecutionStep.System.Web.HttpApplication.IExecutionStep.Execute()
   at System.Web.HttpApplication.ExecuteStep(IExecutionStep step, Boolean& completedSynchronously)

Additional Info:

MachineName : WINDOWS01
TimeStamp : 10/04/2015 10:39:44
FullName : Telerik.Sitefinity.Utilities, Version=5.2.3700.0, Culture=neutral, PublicKeyToken=b28c218413bdf563
AppDomainName : /LM/W3SVC/76/ROOT-1-130731359592648174
ThreadIdentity : 
WindowsIdentity : WINDOWS01\IWPD_279(oldsugar)
Requested URL : http://oldsugarmill.swbroadband.co.uk/ScriptResource.axd?d=WwTcfwAjvVQ5_BXaG8tW_jwOqAzyK-xyAejM5WnHCfh-GnTdCejkTlWa2r0mc4T1EgdbmgGBBr8Xl2cF30pVE6V5aWphxye_2cp6dxRSdccgCdUgQDxGE1pOUE22biKX2WB6v_aNvPO0wBhvIGyhkeEUECCQI69upUYb3cSD_dWRrxTIVKWacVtabrB0mYO80&t=155533f4


Category: ErrorLog

Priority: 0

EventId: 90000

Severity: Error

Title:Enterprise Library Exception Handling

Machine: WINDOWS01

App Domain: /LM/W3SVC/76/ROOT-1-130731359592648174

ProcessId: 25860

Process Name: C:\Windows\SysWOW64\inetsrv\w3wp.exe

Thread Name: 

Win32 ThreadId:30208

Extended Properties: 
----------------------------------------
----------------------------------------
Timestamp: 10/04/2015 10:39:44

Message: HandlingInstanceID: 7a8d5e9e-1144-407e-b517-e757f76f86c4
An exception of type 'System.Web.HttpException' occurred and was caught.
------------------------------------------------------------------------
04/10/2015 11:39:44
Type : System.Web.HttpException, System.Web, Version=4.0.0.0, Culture=neutral, PublicKeyToken=b03f5f7f11d50a3a
Message : This is an invalid script resource request.
Source : System.Web.Extensions
Help link : 
WebEventCode : 0
ErrorCode : -2147467259
Data : System.Collections.ListDictionaryInternal
TargetSite : Void ProcessRequest(System.Web.HttpContextBase, VirtualFileReader, System.Action`2[System.String,System.Exception], Boolean)
HResult : -2147467259
Stack Trace :    at System.Web.Handlers.ScriptResourceHandler.ProcessRequest(HttpContextBase context, VirtualFileReader fileReader, Action`2 logAction, Boolean validatePath)
   at System.Web.Handlers.ScriptResourceHandler.ProcessRequest(HttpContext context)
   at System.Web.Handlers.ScriptResourceHandler.System.Web.IHttpHandler.ProcessRequest(HttpContext context)
   at System.Web.HttpApplication.CallHandlerExecutionStep.System.Web.HttpApplication.IExecutionStep.Execute()
   at System.Web.HttpApplication.ExecuteStep(IExecutionStep step, Boolean& completedSynchronously)

Additional Info:

MachineName : WINDOWS01
TimeStamp : 10/04/2015 10:39:44
FullName : Telerik.Sitefinity.Utilities, Version=5.2.3700.0, Culture=neutral, PublicKeyToken=b28c218413bdf563
AppDomainName : /LM/W3SVC/76/ROOT-1-130731359592648174
ThreadIdentity : 
WindowsIdentity : WINDOWS01\IWPD_279(oldsugar)
Requested URL : http://oldsugarmill.swbroadband.co.uk/ScriptResource.axd?d=Aughgh1RO7JndsD6uZ0UbFPi9vbqu2xWTl---_eNq0pDbinwW5JgonhlRg2HqpeCLArnAsn26QIgTnpkRzuLlfQz50s0dAk7elsPlvVqP5HOVLUkPVf4o88AJSy-ctL4riMyZ8sj_EYQq5vSRsdp_T8syOVrARj-9XG4fIKyFX-QlWzP2enuYS9Pm0StQIIjVbWBJk32IwNp9VyDUZsLIg2&t=155533f4


Category: ErrorLog

Priority: 0

EventId: 90000

Severity: Error

Title:Enterprise Library Exception Handling

Machine: WINDOWS01

App Domain: /LM/W3SVC/76/ROOT-1-130731359592648174

ProcessId: 25860

Process Name: C:\Windows\SysWOW64\inetsrv\w3wp.exe

Thread Name: 

Win32 ThreadId:14928

Extended Properties: 
----------------------------------------
----------------------------------------
Timestamp: 10/04/2015 10:39:45

Message: HandlingInstanceID: 582776ce-431a-4ac0-b483-0a5bf5024e55
An exception of type 'System.Web.HttpException' occurred and was caught.
------------------------------------------------------------------------
04/10/2015 11:39:45
Type : System.Web.HttpException, System.Web, Version=4.0.0.0, Culture=neutral, PublicKeyToken=b03f5f7f11d50a3a
Message : This is an invalid script resource request.
Source : System.Web.Extensions
Help link : 
WebEventCode : 0
ErrorCode : -2147467259
Data : System.Collections.ListDictionaryInternal
TargetSite : Void ProcessRequest(System.Web.HttpContextBase, VirtualFileReader, System.Action`2[System.String,System.Exception], Boolean)
HResult : -2147467259
Stack Trace :    at System.Web.Handlers.ScriptResourceHandler.ProcessRequest(HttpContextBase context, VirtualFileReader fileReader, Action`2 logAction, Boolean validatePath)
   at System.Web.Handlers.ScriptResourceHandler.ProcessRequest(HttpContext context)
   at System.Web.Handlers.ScriptResourceHandler.System.Web.IHttpHandler.ProcessRequest(HttpContext context)
   at System.Web.HttpApplication.CallHandlerExecutionStep.System.Web.HttpApplication.IExecutionStep.Execute()
   at System.Web.HttpApplication.ExecuteStep(IExecutionStep step, Boolean& completedSynchronously)

Additional Info:

MachineName : WINDOWS01
TimeStamp : 10/04/2015 10:39:45
FullName : Telerik.Sitefinity.Utilities, Version=5.2.3700.0, Culture=neutral, PublicKeyToken=b28c218413bdf563
AppDomainName : /LM/W3SVC/76/ROOT-1-130731359592648174
ThreadIdentity : 
WindowsIdentity : WINDOWS01\IWPD_279(oldsugar)
Requested URL : http://oldsugarmill.swbroadband.co.uk/ScriptResource.axd?d=S3iAp8O_JCFaaJNKha-BGiEqq2G5j8IDslzfyVfD9-w0ktKFx7zT44LYGDav9l4E_gTNF3X7V2jEwX4iO630McwPPmgfu3id9yJDtEmEG6Rrw6-mL_wjxPDl1AtHWViER7pbsQ2pRipwSP7sWEzj2Opjts52w4wNHSGzJ_40yqsuWsQgnerkl9XCYNvrwD920&t=155533f4


Category: ErrorLog

Priority: 0

EventId: 90000

Severity: Error

Title:Enterprise Library Exception Handling

Machine: WINDOWS01

App Domain: /LM/W3SVC/76/ROOT-1-130731359592648174

ProcessId: 25860

Process Name: C:\Windows\SysWOW64\inetsrv\w3wp.exe

Thread Name: 

Win32 ThreadId:24988

Extended Properties: 
----------------------------------------
----------------------------------------
Timestamp: 10/04/2015 10:39:46

Message: HandlingInstanceID: 5133063f-ed79-4924-9400-433da0a42064
An exception of type 'System.Web.HttpException' occurred and was caught.
------------------------------------------------------------------------
04/10/2015 11:39:46
Type : System.Web.HttpException, System.Web, Version=4.0.0.0, Culture=neutral, PublicKeyToken=b03f5f7f11d50a3a
Message : This is an invalid script resource request.
Source : System.Web.Extensions
Help link : 
WebEventCode : 0
ErrorCode : -2147467259
Data : System.Collections.ListDictionaryInternal
TargetSite : Void ProcessRequest(System.Web.HttpContextBase, VirtualFileReader, System.Action`2[System.String,System.Exception], Boolean)
HResult : -2147467259
Stack Trace :    at System.Web.Handlers.ScriptResourceHandler.ProcessRequest(HttpContextBase context, VirtualFileReader fileReader, Action`2 logAction, Boolean validatePath)
   at System.Web.Handlers.ScriptResourceHandler.ProcessRequest(HttpContext context)
   at System.Web.Handlers.ScriptResourceHandler.System.Web.IHttpHandler.ProcessRequest(HttpContext context)
   at System.Web.HttpApplication.CallHandlerExecutionStep.System.Web.HttpApplication.IExecutionStep.Execute()
   at System.Web.HttpApplication.ExecuteStep(IExecutionStep step, Boolean& completedSynchronously)

Additional Info:

MachineName : WINDOWS01
TimeStamp : 10/04/2015 10:39:46
FullName : Telerik.Sitefinity.Utilities, Version=5.2.3700.0, Culture=neutral, PublicKeyToken=b28c218413bdf563
AppDomainName : /LM/W3SVC/76/ROOT-1-130731359592648174
ThreadIdentity : 
WindowsIdentity : WINDOWS01\IWPD_279(oldsugar)
Requested URL : http://oldsugarmill.swbroadband.co.uk/ScriptResource.axd?d=IwLdxS7Xzc50oV88ndGHZc1AFG2yrFgDQnP6N-Us5V17uEO1rQnkqlqrAo_2sK6IGkVV1YC9uRHQS5x_g654HexRFAe75gipJiPpZRbHUfjPRweV8FamlaoEjJaEwKMDwf01U4yBZ3E-ISz-ijYkKCq9l6A52aExLHt_YAX3yA2aLOcMABHKKUcSwQKHy_g8n8RQ08PpAp2WpaIWupkCcQ2&t=155533f4


Category: ErrorLog

Priority: 0

EventId: 90000

Severity: Error

Title:Enterprise Library Exception Handling

Machine: WINDOWS01

App Domain: /LM/W3SVC/76/ROOT-1-130731359592648174

ProcessId: 25860

Process Name: C:\Windows\SysWOW64\inetsrv\w3wp.exe

Thread Name: 

Win32 ThreadId:28808

Extended Properties: 
----------------------------------------
----------------------------------------
Timestamp: 10/04/2015 10:39:46

Message: HandlingInstanceID: ad8d2771-c5ca-4bb9-a2bc-261abffad27d
An exception of type 'System.Web.HttpException' occurred and was caught.
------------------------------------------------------------------------
04/10/2015 11:39:46
Type : System.Web.HttpException, System.Web, Version=4.0.0.0, Culture=neutral, PublicKeyToken=b03f5f7f11d50a3a
Message : This is an invalid webresource request.
Source : System.Web
Help link : 
WebEventCode : 0
ErrorCode : -2147467259
Data : System.Collections.ListDictionaryInternal
TargetSite : Void System.Web.IHttpHandler.ProcessRequest(System.Web.HttpContext)
HResult : -2147467259
Stack Trace :    at System.Web.Handlers.AssemblyResourceLoader.System.Web.IHttpHandler.ProcessRequest(HttpContext context)
   at System.Web.HttpApplication.CallHandlerExecutionStep.System.Web.HttpApplication.IExecutionStep.Execute()
   at System.Web.HttpApplication.ExecuteStep(IExecutionStep step, Boolean& completedSynchronously)

Additional Info:

MachineName : WINDOWS01
TimeStamp : 10/04/2015 10:39:46
FullName : Telerik.Sitefinity.Utilities, Version=5.2.3700.0, Culture=neutral, PublicKeyToken=b28c218413bdf563
AppDomainName : /LM/W3SVC/76/ROOT-1-130731359592648174
ThreadIdentity : 
WindowsIdentity : WINDOWS01\IWPD_279(oldsugar)
Requested URL : http://oldsugarmill.swbroadband.co.uk/WebResource.axd?d=EZkPFFdv9cWmbHl3snXg_6M5_7igBttSxSNv9MwGRBdYL715ivztnf3PccuQPeftrMP6p9lH4sjVlOlBEfR7McAhg2D0HFb-ibYWWoS4xik1&t=635374375680526886


Category: ErrorLog

Priority: 0

EventId: 90000

Severity: Error

Title:Enterprise Library Exception Handling

Machine: WINDOWS01

App Domain: /LM/W3SVC/76/ROOT-1-130731359592648174

ProcessId: 25860

Process Name: C:\Windows\SysWOW64\inetsrv\w3wp.exe

Thread Name: 

Win32 ThreadId:10232

Extended Properties: 
----------------------------------------
----------------------------------------
Timestamp: 4/10/2015 1:13:49 PM

Message: HandlingInstanceID: bf2fb5ba-edf4-48ad-b6c1-beb4eeed604a
An exception of type 'System.Web.HttpException' occurred and was caught.
------------------------------------------------------------------------
04/10/2015 14:13:48
Type : System.Web.HttpException, System.Web, Version=4.0.0.0, Culture=neutral, PublicKeyToken=b03f5f7f11d50a3a
Message : Page not found
Source : Telerik.Sitefinity
Help link : 
WebEventCode : 0
ErrorCode : -2147467259
Data : System.Collections.ListDictionaryInternal
TargetSite : Void handler_PreRenderComplete(System.Object, System.EventArgs)
HResult : -2147467259
Stack Trace :    at Telerik.Sitefinity.Web.PageRouteHandler.handler_PreRenderComplete(Object sender, EventArgs e)
   at System.EventHandler.Invoke(Object sender, EventArgs e)
   at System.Web.UI.Page.OnPreRenderComplete(EventArgs e)
   at System.Web.UI.Page.ProcessRequestMain(Boolean includeStagesBeforeAsyncPoint, Boolean includeStagesAfterAsyncPoint)

Additional Info:

MachineName : WINDOWS01
TimeStamp : 4/10/2015 1:13:49 PM
FullName : Telerik.Sitefinity.Utilities, Version=5.2.3700.0, Culture=neutral, PublicKeyToken=b28c218413bdf563
AppDomainName : /LM/W3SVC/76/ROOT-1-130731444171865500
ThreadIdentity : 
WindowsIdentity : WINDOWS01\IWPD_279(oldsugar)
Requested URL : http://oldsugarmill.com/topbar/trade-media/trackback/


Category: ErrorLog

Priority: 0

EventId: 90000

Severity: Error

Title:Enterprise Library Exception Handling

Machine: WINDOWS01

App Domain: /LM/W3SVC/76/ROOT-1-130731444171865500

ProcessId: 25848

Process Name: C:\Windows\SysWOW64\inetsrv\w3wp.exe

Thread Name: 

Win32 ThreadId:4324

Extended Properties: 
----------------------------------------
----------------------------------------
Timestamp: 10/04/2015 14:06:27

Message: HandlingInstanceID: 635ccb2c-49c8-44a6-867d-e5e948d35b74
An exception of type 'System.Web.HttpException' occurred and was caught.
------------------------------------------------------------------------
04/10/2015 15:06:27
Type : System.Web.HttpException, System.Web, Version=4.0.0.0, Culture=neutral, PublicKeyToken=b03f5f7f11d50a3a
Message : This is an invalid script resource request.
Source : System.Web.Extensions
Help link : 
WebEventCode : 0
ErrorCode : -2147467259
Data : System.Collections.ListDictionaryInternal
TargetSite : Void ProcessRequest(System.Web.HttpContextBase, VirtualFileReader, System.Action`2[System.String,System.Exception], Boolean)
HResult : -2147467259
Stack Trace :    at System.Web.Handlers.ScriptResourceHandler.ProcessRequest(HttpContextBase context, VirtualFileReader fileReader, Action`2 logAction, Boolean validatePath)
   at System.Web.Handlers.ScriptResourceHandler.ProcessRequest(HttpContext context)
   at System.Web.Handlers.ScriptResourceHandler.System.Web.IHttpHandler.ProcessRequest(HttpContext context)
   at System.Web.HttpApplication.CallHandlerExecutionStep.System.Web.HttpApplication.IExecutionStep.Execute()
   at System.Web.HttpApplication.ExecuteStep(IExecutionStep step, Boolean& completedSynchronously)

Additional Info:

MachineName : WINDOWS01
TimeStamp : 10/04/2015 14:06:27
FullName : Telerik.Sitefinity.Utilities, Version=5.2.3700.0, Culture=neutral, PublicKeyToken=b28c218413bdf563
AppDomainName : /LM/W3SVC/76/ROOT-1-130731477470703634
ThreadIdentity : 
WindowsIdentity : WINDOWS01\IWPD_279(oldsugar)
Requested URL : http://oldsugarmill.swbroadband.co.uk/ScriptResource.axd?d=GTR4WUw9pwt6MS5ZmjCj304Ym8WKZvNCnIvoXcj3ahmsVzvsTK1KEmPJJL65abHP3FH5YhbHCD0mQTLT5jTpYgktv_jQcvXHgi5kE3ekLG5OBjI4PmJrS6QWzZmKk10gG3GJkUnMQLyKgT_JSi1GmfYkfoA69ZpMP4a3a8rFHfrSBmc6MIQgA32LGA1eO3KBhw26IzNEbJ7cDldU17hPMg2&t=155533f4


Category: ErrorLog

Priority: 0

EventId: 90000

Severity: Error

Title:Enterprise Library Exception Handling

Machine: WINDOWS01

App Domain: /LM/W3SVC/76/ROOT-1-130731477470703634

ProcessId: 23348

Process Name: C:\Windows\SysWOW64\inetsrv\w3wp.exe

Thread Name: 

Win32 ThreadId:10816

Extended Properties: 
----------------------------------------
----------------------------------------
Timestamp: 10/04/2015 14:06:27

Message: HandlingInstanceID: 11da07c8-9ef7-468b-aa42-62b81655bf17
An exception of type 'System.Web.HttpException' occurred and was caught.
------------------------------------------------------------------------
04/10/2015 15:06:27
Type : System.Web.HttpException, System.Web, Version=4.0.0.0, Culture=neutral, PublicKeyToken=b03f5f7f11d50a3a
Message : This is an invalid webresource request.
Source : System.Web
Help link : 
WebEventCode : 0
ErrorCode : -2147467259
Data : System.Collections.ListDictionaryInternal
TargetSite : Void System.Web.IHttpHandler.ProcessRequest(System.Web.HttpContext)
HResult : -2147467259
Stack Trace :    at System.Web.Handlers.AssemblyResourceLoader.System.Web.IHttpHandler.ProcessRequest(HttpContext context)
   at System.Web.HttpApplication.CallHandlerExecutionStep.System.Web.HttpApplication.IExecutionStep.Execute()
   at System.Web.HttpApplication.ExecuteStep(IExecutionStep step, Boolean& completedSynchronously)

Additional Info:

MachineName : WINDOWS01
TimeStamp : 10/04/2015 14:06:27
FullName : Telerik.Sitefinity.Utilities, Version=5.2.3700.0, Culture=neutral, PublicKeyToken=b28c218413bdf563
AppDomainName : /LM/W3SVC/76/ROOT-1-130731477470703634
ThreadIdentity : 
WindowsIdentity : WINDOWS01\IWPD_279(oldsugar)
Requested URL : http://oldsugarmill.swbroadband.co.uk/WebResource.axd?d=NJv0VhPXJNUo35kKr6nRgjut2EQWlKBxM-3stcmPg-SVcBzgvEikVvwyf5vLDF0Jy4SvP_kcBUbc_jduD9evtcEP8pfbondUUWgBe2tEg7c1&t=635374375680526886


Category: ErrorLog

Priority: 0

EventId: 90000

Severity: Error

Title:Enterprise Library Exception Handling

Machine: WINDOWS01

App Domain: /LM/W3SVC/76/ROOT-1-130731477470703634

ProcessId: 23348

Process Name: C:\Windows\SysWOW64\inetsrv\w3wp.exe

Thread Name: 

Win32 ThreadId:23044

Extended Properties: 
----------------------------------------
----------------------------------------
Timestamp: 10/04/2015 14:06:28

Message: HandlingInstanceID: c457a76e-e70f-40ac-9c2e-d0c2ea76320b
An exception of type 'System.Web.HttpException' occurred and was caught.
------------------------------------------------------------------------
04/10/2015 15:06:28
Type : System.Web.HttpException, System.Web, Version=4.0.0.0, Culture=neutral, PublicKeyToken=b03f5f7f11d50a3a
Message : This is an invalid script resource request.
Source : System.Web.Extensions
Help link : 
WebEventCode : 0
ErrorCode : -2147467259
Data : System.Collections.ListDictionaryInternal
TargetSite : Void ProcessRequest(System.Web.HttpContextBase, VirtualFileReader, System.Action`2[System.String,System.Exception], Boolean)
HResult : -2147467259
Stack Trace :    at System.Web.Handlers.ScriptResourceHandler.ProcessRequest(HttpContextBase context, VirtualFileReader fileReader, Action`2 logAction, Boolean validatePath)
   at System.Web.Handlers.ScriptResourceHandler.ProcessRequest(HttpContext context)
   at System.Web.Handlers.ScriptResourceHandler.System.Web.IHttpHandler.ProcessRequest(HttpContext context)
   at System.Web.HttpApplication.CallHandlerExecutionStep.System.Web.HttpApplication.IExecutionStep.Execute()
   at System.Web.HttpApplication.ExecuteStep(IExecutionStep step, Boolean& completedSynchronously)

Additional Info:

MachineName : WINDOWS01
TimeStamp : 10/04/2015 14:06:28
FullName : Telerik.Sitefinity.Utilities, Version=5.2.3700.0, Culture=neutral, PublicKeyToken=b28c218413bdf563
AppDomainName : /LM/W3SVC/76/ROOT-1-130731477470703634
ThreadIdentity : 
WindowsIdentity : WINDOWS01\IWPD_279(oldsugar)
Requested URL : http://oldsugarmill.swbroadband.co.uk/ScriptResource.axd?d=6EJ9W7Ml1Ya7JWaMj2pii12C8rzgdQIYa95V1NF0GhThEPPlO07hLAhfQu9RdiroU4cd7m3g78eMpvdxfJEws4Stg6z8XmD4hY6DXBA8k0ARXwRaPPSUtRyFM1E4YaqJcI_YUxvYEUAo-4-2yRzvRy3ljmfV1A8xmHgtdqQpoK2ZVOQIfXHymOz5ekNs538n0&t=155533f4


Category: ErrorLog

Priority: 0

EventId: 90000

Severity: Error

Title:Enterprise Library Exception Handling

Machine: WINDOWS01

App Domain: /LM/W3SVC/76/ROOT-1-130731477470703634

ProcessId: 23348

Process Name: C:\Windows\SysWOW64\inetsrv\w3wp.exe

Thread Name: 

Win32 ThreadId:10816

Extended Properties: 
----------------------------------------
----------------------------------------
Timestamp: 4/10/2015 5:08:00 PM

Message: HandlingInstanceID: ff5cfa36-31b7-4ddb-b8b8-7f66666120d8
An exception of type 'System.Web.HttpException' occurred and was caught.
------------------------------------------------------------------------
04/10/2015 18:08:00
Type : System.Web.HttpException, System.Web, Version=4.0.0.0, Culture=neutral, PublicKeyToken=b03f5f7f11d50a3a
Message : File not found.
Source : Telerik.Sitefinity
Help link : 
WebEventCode : 0
ErrorCode : -2147467259
Data : System.Collections.ListDictionaryInternal
TargetSite : IOutputItem GetOutputItem(System.Web.HttpRequest, System.Web.HttpResponse, Telerik.Microsoft.Practices.EnterpriseLibrary.Caching.ICacheManager, System.String, Telerik.Sitefinity.Libraries.Model.MediaContent ByRef)
HResult : -2147467259
Stack Trace :    at Telerik.Sitefinity.Modules.Libraries.Web.LibraryHttpHandler.GetOutputItem(HttpRequest request, HttpResponse response, ICacheManager cache, String key, MediaContent& content)
   at Telerik.Sitefinity.Modules.Libraries.Web.LibraryHttpHandler.ProcessRequest(HttpContext context)
   at System.Web.HttpApplication.CallHandlerExecutionStep.System.Web.HttpApplication.IExecutionStep.Execute()
   at System.Web.HttpApplication.ExecuteStep(IExecutionStep step, Boolean& completedSynchronously)

Additional Info:

MachineName : WINDOWS01
TimeStamp : 4/10/2015 5:08:00 PM
FullName : Telerik.Sitefinity.Utilities, Version=5.2.3700.0, Culture=neutral, PublicKeyToken=b28c218413bdf563
AppDomainName : /LM/W3SVC/76/ROOT-1-130731565481691433
ThreadIdentity : 
WindowsIdentity : WINDOWS01\IWPD_279(oldsugar)
Requested URL : http://oldsugarmill.com/images/springflingposter.jpg


Category: ErrorLog

Priority: 0

EventId: 90000

Severity: Error

Title:Enterprise Library Exception Handling

Machine: WINDOWS01

App Domain: /LM/W3SVC/76/ROOT-1-130731565481691433

ProcessId: 3792

Process Name: C:\Windows\SysWOW64\inetsrv\w3wp.exe

Thread Name: 

Win32 ThreadId:4668

Extended Properties: 
----------------------------------------
----------------------------------------
Timestamp: 4/10/2015 5:08:03 PM

Message: HandlingInstanceID: eb55c9e8-2142-4d48-90bd-7623474786f6
An exception of type 'System.Web.HttpException' occurred and was caught.
------------------------------------------------------------------------
04/10/2015 18:08:03
Type : System.Web.HttpException, System.Web, Version=4.0.0.0, Culture=neutral, PublicKeyToken=b03f5f7f11d50a3a
Message : File not found.
Source : Telerik.Sitefinity
Help link : 
WebEventCode : 0
ErrorCode : -2147467259
Data : System.Collections.ListDictionaryInternal
TargetSite : IOutputItem GetOutputItem(System.Web.HttpRequest, System.Web.HttpResponse, Telerik.Microsoft.Practices.EnterpriseLibrary.Caching.ICacheManager, System.String, Telerik.Sitefinity.Libraries.Model.MediaContent ByRef)
HResult : -2147467259
Stack Trace :    at Telerik.Sitefinity.Modules.Libraries.Web.LibraryHttpHandler.GetOutputItem(HttpRequest request, HttpResponse response, ICacheManager cache, String key, MediaContent& content)
   at Telerik.Sitefinity.Modules.Libraries.Web.LibraryHttpHandler.ProcessRequest(HttpContext context)
   at System.Web.HttpApplication.CallHandlerExecutionStep.System.Web.HttpApplication.IExecutionStep.Execute()
   at System.Web.HttpApplication.ExecuteStep(IExecutionStep step, Boolean& completedSynchronously)

Additional Info:

MachineName : WINDOWS01
TimeStamp : 4/10/2015 5:08:03 PM
FullName : Telerik.Sitefinity.Utilities, Version=5.2.3700.0, Culture=neutral, PublicKeyToken=b28c218413bdf563
AppDomainName : /LM/W3SVC/76/ROOT-1-130731565481691433
ThreadIdentity : 
WindowsIdentity : WINDOWS01\IWPD_279(oldsugar)
Requested URL : http://oldsugarmill.com/images/springflingposter.jpg


Category: ErrorLog

Priority: 0

EventId: 90000

Severity: Error

Title:Enterprise Library Exception Handling

Machine: WINDOWS01

App Domain: /LM/W3SVC/76/ROOT-1-130731565481691433

ProcessId: 3792

Process Name: C:\Windows\SysWOW64\inetsrv\w3wp.exe

Thread Name: 

Win32 ThreadId:24744

Extended Properties: 
----------------------------------------
----------------------------------------
Timestamp: 10/04/2015 18:44:06

Message: HandlingInstanceID: d50685ac-8e81-4469-a4a3-1dcfcc850e03
An exception of type 'System.Web.HttpException' occurred and was caught.
------------------------------------------------------------------------
04/10/2015 19:44:06
Type : System.Web.HttpException, System.Web, Version=4.0.0.0, Culture=neutral, PublicKeyToken=b03f5f7f11d50a3a
Message : This is an invalid script resource request.
Source : System.Web.Extensions
Help link : 
WebEventCode : 0
ErrorCode : -2147467259
Data : System.Collections.ListDictionaryInternal
TargetSite : Void ProcessRequest(System.Web.HttpContextBase, VirtualFileReader, System.Action`2[System.String,System.Exception], Boolean)
HResult : -2147467259
Stack Trace :    at System.Web.Handlers.ScriptResourceHandler.ProcessRequest(HttpContextBase context, VirtualFileReader fileReader, Action`2 logAction, Boolean validatePath)
   at System.Web.Handlers.ScriptResourceHandler.ProcessRequest(HttpContext context)
   at System.Web.Handlers.ScriptResourceHandler.System.Web.IHttpHandler.ProcessRequest(HttpContext context)
   at System.Web.HttpApplication.CallHandlerExecutionStep.System.Web.HttpApplication.IExecutionStep.Execute()
   at System.Web.HttpApplication.ExecuteStep(IExecutionStep step, Boolean& completedSynchronously)

Additional Info:

MachineName : WINDOWS01
TimeStamp : 10/04/2015 18:44:06
FullName : Telerik.Sitefinity.Utilities, Version=5.2.3700.0, Culture=neutral, PublicKeyToken=b28c218413bdf563
AppDomainName : /LM/W3SVC/76/ROOT-1-130731628640841302
ThreadIdentity : 
WindowsIdentity : WINDOWS01\IWPD_279(oldsugar)
Requested URL : http://oldsugarmill.com/ScriptResource.axd?d=MgLKEjUZF9S8wGwalEWOquiSM7wSlsU1AS4ZfRPOSqcQZb9-IPl4hJ66N2_fhbQQ-eZ3nKIZGklXa97w3IKZaTpESLUTr0JqZJ2wmh9Bmw0KZxwE8ORwNtCR04YtG3q9rgSi-7y1rEMFQ5xW5n8JKuvdnj3lrq8VdmO_k7DgqKxyRePfegqL3q0Qk8Cl3pvP0&t=155533f4


Category: ErrorLog

Priority: 0

EventId: 90000

Severity: Error

Title:Enterprise Library Exception Handling

Machine: WINDOWS01

App Domain: /LM/W3SVC/76/ROOT-1-130731628640841302

ProcessId: 8036

Process Name: C:\Windows\SysWOW64\inetsrv\w3wp.exe

Thread Name: 

Win32 ThreadId:28148

Extended Properties: 
----------------------------------------
----------------------------------------
Timestamp: 10/04/2015 18:44:06

Message: HandlingInstanceID: b99967f7-6a06-42e1-b824-92d2c4064731
An exception of type 'System.Web.HttpException' occurred and was caught.
------------------------------------------------------------------------
04/10/2015 19:44:06
Type : System.Web.HttpException, System.Web, Version=4.0.0.0, Culture=neutral, PublicKeyToken=b03f5f7f11d50a3a
Message : This is an invalid script resource request.
Source : System.Web.Extensions
Help link : 
WebEventCode : 0
ErrorCode : -2147467259
Data : System.Collections.ListDictionaryInternal
TargetSite : Void ProcessRequest(System.Web.HttpContextBase, VirtualFileReader, System.Action`2[System.String,System.Exception], Boolean)
HResult : -2147467259
Stack Trace :    at System.Web.Handlers.ScriptResourceHandler.ProcessRequest(HttpContextBase context, VirtualFileReader fileReader, Action`2 logAction, Boolean validatePath)
   at System.Web.Handlers.ScriptResourceHandler.ProcessRequest(HttpContext context)
   at System.Web.Handlers.ScriptResourceHandler.System.Web.IHttpHandler.ProcessRequest(HttpContext context)
   at System.Web.HttpApplication.CallHandlerExecutionStep.System.Web.HttpApplication.IExecutionStep.Execute()
   at System.Web.HttpApplication.ExecuteStep(IExecutionStep step, Boolean& completedSynchronously)

Additional Info:

MachineName : WINDOWS01
TimeStamp : 10/04/2015 18:44:06
FullName : Telerik.Sitefinity.Utilities, Version=5.2.3700.0, Culture=neutral, PublicKeyToken=b28c218413bdf563
AppDomainName : /LM/W3SVC/76/ROOT-1-130731628640841302
ThreadIdentity : 
WindowsIdentity : WINDOWS01\IWPD_279(oldsugar)
Requested URL : http://oldsugarmill.com/ScriptResource.axd?d=cqzDlbe9uDAhmarBFA-n_2HlGPfjBvWL5Zk8qouY78oUVnIQpgKkTVbS38oSU-20zl8LObP7AckFUsfLCT-6dRcoV4J7_WPwcWP2n6GRXUoj6pzLQC1GgD-T2qMncCw75rzriPA_1cF_yIN35J-HRme6SpfH7_aNAfiJ1BFxO2a-EF0scp0E1sbBUS-GIUoiFx-wMxYUOy4_UmY33EgYCA2&t=155533f4


Category: ErrorLog

Priority: 0

EventId: 90000

Severity: Error

Title:Enterprise Library Exception Handling

Machine: WINDOWS01

App Domain: /LM/W3SVC/76/ROOT-1-130731628640841302

ProcessId: 8036

Process Name: C:\Windows\SysWOW64\inetsrv\w3wp.exe

Thread Name: 

Win32 ThreadId:11872

Extended Properties: 
----------------------------------------
----------------------------------------
Timestamp: 4/10/2015 9:15:03 PM

Message: HandlingInstanceID: 6431a0a9-2297-4172-9578-bb19fb5cf3c1
An exception of type 'System.Web.HttpException' occurred and was caught.
------------------------------------------------------------------------
04/10/2015 22:15:03
Type : System.Web.HttpException, System.Web, Version=4.0.0.0, Culture=neutral, PublicKeyToken=b03f5f7f11d50a3a
Message : Page not found
Source : Telerik.Sitefinity
Help link : 
WebEventCode : 0
ErrorCode : -2147467259
Data : System.Collections.ListDictionaryInternal
TargetSite : Void handler_PreRenderComplete(System.Object, System.EventArgs)
HResult : -2147467259
Stack Trace :    at Telerik.Sitefinity.Web.PageRouteHandler.handler_PreRenderComplete(Object sender, EventArgs e)
   at System.EventHandler.Invoke(Object sender, EventArgs e)
   at System.Web.UI.Page.OnPreRenderComplete(EventArgs e)
   at System.Web.UI.Page.ProcessRequestMain(Boolean includeStagesBeforeAsyncPoint, Boolean includeStagesAfterAsyncPoint)

Additional Info:

MachineName : WINDOWS01
TimeStamp : 4/10/2015 9:15:03 PM
FullName : Telerik.Sitefinity.Utilities, Version=5.2.3700.0, Culture=neutral, PublicKeyToken=b28c218413bdf563
AppDomainName : /LM/W3SVC/76/ROOT-1-130731739715664658
ThreadIdentity : 
WindowsIdentity : WINDOWS01\IWPD_279(oldsugar)
Requested URL : http://oldsugarmill.com/index/footbar/contact


Category: ErrorLog

Priority: 0

EventId: 90000

Severity: Error

Title:Enterprise Library Exception Handling

Machine: WINDOWS01

App Domain: /LM/W3SVC/76/ROOT-1-130731739715664658

ProcessId: 6408

Process Name: C:\Windows\SysWOW64\inetsrv\w3wp.exe

Thread Name: 

Win32 ThreadId:29148

Extended Properties: 
----------------------------------------
----------------------------------------
Timestamp: 4/10/2015 9:15:03 PM

Message: HandlingInstanceID: c937c41a-48e9-472a-9d0f-4ec7d520a0c8
An exception of type 'System.Web.HttpException' occurred and was caught.
------------------------------------------------------------------------
04/10/2015 22:15:03
Type : System.Web.HttpException, System.Web, Version=4.0.0.0, Culture=neutral, PublicKeyToken=b03f5f7f11d50a3a
Message : Page not found
Source : Telerik.Sitefinity
Help link : 
WebEventCode : 0
ErrorCode : -2147467259
Data : System.Collections.ListDictionaryInternal
TargetSite : Void handler_PreRenderComplete(System.Object, System.EventArgs)
HResult : -2147467259
Stack Trace :    at Telerik.Sitefinity.Web.PageRouteHandler.handler_PreRenderComplete(Object sender, EventArgs e)
   at System.EventHandler.Invoke(Object sender, EventArgs e)
   at System.Web.UI.Page.OnPreRenderComplete(EventArgs e)
   at System.Web.UI.Page.ProcessRequestMain(Boolean includeStagesBeforeAsyncPoint, Boolean includeStagesAfterAsyncPoint)

Additional Info:

MachineName : WINDOWS01
TimeStamp : 4/10/2015 9:15:03 PM
FullName : Telerik.Sitefinity.Utilities, Version=5.2.3700.0, Culture=neutral, PublicKeyToken=b28c218413bdf563
AppDomainName : /LM/W3SVC/76/ROOT-1-130731739715664658
ThreadIdentity : 
WindowsIdentity : WINDOWS01\IWPD_279(oldsugar)
Requested URL : http://oldsugarmill.com/index/footbar/mailing-list


Category: ErrorLog

Priority: 0

EventId: 90000

Severity: Error

Title:Enterprise Library Exception Handling

Machine: WINDOWS01

App Domain: /LM/W3SVC/76/ROOT-1-130731739715664658

ProcessId: 6408

Process Name: C:\Windows\SysWOW64\inetsrv\w3wp.exe

Thread Name: 

Win32 ThreadId:12068

Extended Properties: 
----------------------------------------
----------------------------------------
Timestamp: 4/10/2015 9:15:04 PM

Message: HandlingInstanceID: 7c22d492-1898-4f98-a0ea-f1e57e2b0310
An exception of type 'System.Web.HttpException' occurred and was caught.
------------------------------------------------------------------------
04/10/2015 22:15:04
Type : System.Web.HttpException, System.Web, Version=4.0.0.0, Culture=neutral, PublicKeyToken=b03f5f7f11d50a3a
Message : Page not found
Source : Telerik.Sitefinity
Help link : 
WebEventCode : 0
ErrorCode : -2147467259
Data : System.Collections.ListDictionaryInternal
TargetSite : Void handler_PreRenderComplete(System.Object, System.EventArgs)
HResult : -2147467259
Stack Trace :    at Telerik.Sitefinity.Web.PageRouteHandler.handler_PreRenderComplete(Object sender, EventArgs e)
   at System.EventHandler.Invoke(Object sender, EventArgs e)
   at System.Web.UI.Page.OnPreRenderComplete(EventArgs e)
   at System.Web.UI.Page.ProcessRequestMain(Boolean includeStagesBeforeAsyncPoint, Boolean includeStagesAfterAsyncPoint)

Additional Info:

MachineName : WINDOWS01
TimeStamp : 4/10/2015 9:15:04 PM
FullName : Telerik.Sitefinity.Utilities, Version=5.2.3700.0, Culture=neutral, PublicKeyToken=b28c218413bdf563
AppDomainName : /LM/W3SVC/76/ROOT-1-130731739715664658
ThreadIdentity : 
WindowsIdentity : WINDOWS01\IWPD_279(oldsugar)
Requested URL : http://oldsugarmill.com/index/sidebar/hospitality-partners


Category: ErrorLog

Priority: 0

EventId: 90000

Severity: Error

Title:Enterprise Library Exception Handling

Machine: WINDOWS01

App Domain: /LM/W3SVC/76/ROOT-1-130731739715664658

ProcessId: 6408

Process Name: C:\Windows\SysWOW64\inetsrv\w3wp.exe

Thread Name: 

Win32 ThreadId:6292

Extended Properties: 
----------------------------------------
----------------------------------------
Timestamp: 4/10/2015 9:15:04 PM

Message: HandlingInstanceID: a453b482-a962-48f6-b9c6-7adcc86863cf
An exception of type 'System.Web.HttpException' occurred and was caught.
------------------------------------------------------------------------
04/10/2015 22:15:04
Type : System.Web.HttpException, System.Web, Version=4.0.0.0, Culture=neutral, PublicKeyToken=b03f5f7f11d50a3a
Message : Page not found
Source : Telerik.Sitefinity
Help link : 
WebEventCode : 0
ErrorCode : -2147467259
Data : System.Collections.ListDictionaryInternal
TargetSite : Void handler_PreRenderComplete(System.Object, System.EventArgs)
HResult : -2147467259
Stack Trace :    at Telerik.Sitefinity.Web.PageRouteHandler.handler_PreRenderComplete(Object sender, EventArgs e)
   at System.EventHandler.Invoke(Object sender, EventArgs e)
   at System.Web.UI.Page.OnPreRenderComplete(EventArgs e)
   at System.Web.UI.Page.ProcessRequestMain(Boolean includeStagesBeforeAsyncPoint, Boolean includeStagesAfterAsyncPoint)

Additional Info:

MachineName : WINDOWS01
TimeStamp : 4/10/2015 9:15:04 PM
FullName : Telerik.Sitefinity.Utilities, Version=5.2.3700.0, Culture=neutral, PublicKeyToken=b28c218413bdf563
AppDomainName : /LM/W3SVC/76/ROOT-1-130731739715664658
ThreadIdentity : 
WindowsIdentity : WINDOWS01\IWPD_279(oldsugar)
Requested URL : http://oldsugarmill.com/index/sidebar/private-events


Category: ErrorLog

Priority: 0

EventId: 90000

Severity: Error

Title:Enterprise Library Exception Handling

Machine: WINDOWS01

App Domain: /LM/W3SVC/76/ROOT-1-130731739715664658

ProcessId: 6408

Process Name: C:\Windows\SysWOW64\inetsrv\w3wp.exe

Thread Name: 

Win32 ThreadId:12068

Extended Properties: 
----------------------------------------
----------------------------------------
Timestamp: 4/10/2015 9:15:05 PM

Message: HandlingInstanceID: 0199e7c2-67a5-4c7f-a9b7-39f4c78732c4
An exception of type 'System.Web.HttpException' occurred and was caught.
------------------------------------------------------------------------
04/10/2015 22:15:05
Type : System.Web.HttpException, System.Web, Version=4.0.0.0, Culture=neutral, PublicKeyToken=b03f5f7f11d50a3a
Message : Page not found
Source : Telerik.Sitefinity
Help link : 
WebEventCode : 0
ErrorCode : -2147467259
Data : System.Collections.ListDictionaryInternal
TargetSite : Void handler_PreRenderComplete(System.Object, System.EventArgs)
HResult : -2147467259
Stack Trace :    at Telerik.Sitefinity.Web.PageRouteHandler.handler_PreRenderComplete(Object sender, EventArgs e)
   at System.EventHandler.Invoke(Object sender, EventArgs e)
   at System.Web.UI.Page.OnPreRenderComplete(EventArgs e)
   at System.Web.UI.Page.ProcessRequestMain(Boolean includeStagesBeforeAsyncPoint, Boolean includeStagesAfterAsyncPoint)

Additional Info:

MachineName : WINDOWS01
TimeStamp : 4/10/2015 9:15:05 PM
FullName : Telerik.Sitefinity.Utilities, Version=5.2.3700.0, Culture=neutral, PublicKeyToken=b28c218413bdf563
AppDomainName : /LM/W3SVC/76/ROOT-1-130731739715664658
ThreadIdentity : 
WindowsIdentity : WINDOWS01\IWPD_279(oldsugar)
Requested URL : http://oldsugarmill.com/index/sidebar/visitor-info


Category: ErrorLog

Priority: 0

EventId: 90000

Severity: Error

Title:Enterprise Library Exception Handling

Machine: WINDOWS01

App Domain: /LM/W3SVC/76/ROOT-1-130731739715664658

ProcessId: 6408

Process Name: C:\Windows\SysWOW64\inetsrv\w3wp.exe

Thread Name: 

Win32 ThreadId:29148

Extended Properties: 
----------------------------------------
----------------------------------------
Timestamp: 4/10/2015 9:15:05 PM

Message: HandlingInstanceID: 52c65c81-1e76-4429-8250-7f1a4f411817
An exception of type 'System.Web.HttpException' occurred and was caught.
------------------------------------------------------------------------
04/10/2015 22:15:05
Type : System.Web.HttpException, System.Web, Version=4.0.0.0, Culture=neutral, PublicKeyToken=b03f5f7f11d50a3a
Message : Page not found
Source : Telerik.Sitefinity
Help link : 
WebEventCode : 0
ErrorCode : -2147467259
Data : System.Collections.ListDictionaryInternal
TargetSite : Void handler_PreRenderComplete(System.Object, System.EventArgs)
HResult : -2147467259
Stack Trace :    at Telerik.Sitefinity.Web.PageRouteHandler.handler_PreRenderComplete(Object sender, EventArgs e)
   at System.EventHandler.Invoke(Object sender, EventArgs e)
   at System.Web.UI.Page.OnPreRenderComplete(EventArgs e)
   at System.Web.UI.Page.ProcessRequestMain(Boolean includeStagesBeforeAsyncPoint, Boolean includeStagesAfterAsyncPoint)

Additional Info:

MachineName : WINDOWS01
TimeStamp : 4/10/2015 9:15:05 PM
FullName : Telerik.Sitefinity.Utilities, Version=5.2.3700.0, Culture=neutral, PublicKeyToken=b28c218413bdf563
AppDomainName : /LM/W3SVC/76/ROOT-1-130731739715664658
ThreadIdentity : 
WindowsIdentity : WINDOWS01\IWPD_279(oldsugar)
Requested URL : http://oldsugarmill.com/index/sidebar/weddings


Category: ErrorLog

Priority: 0

EventId: 90000

Severity: Error

Title:Enterprise Library Exception Handling

Machine: WINDOWS01

App Domain: /LM/W3SVC/76/ROOT-1-130731739715664658

ProcessId: 6408

Process Name: C:\Windows\SysWOW64\inetsrv\w3wp.exe

Thread Name: 

Win32 ThreadId:6292

Extended Properties: 
----------------------------------------
----------------------------------------
Timestamp: 4/10/2015 9:15:06 PM

Message: HandlingInstanceID: 86c60aa0-8e50-4bbc-af11-be9423e4f144
An exception of type 'System.Web.HttpException' occurred and was caught.
------------------------------------------------------------------------
04/10/2015 22:15:06
Type : System.Web.HttpException, System.Web, Version=4.0.0.0, Culture=neutral, PublicKeyToken=b03f5f7f11d50a3a
Message : Page not found
Source : Telerik.Sitefinity
Help link : 
WebEventCode : 0
ErrorCode : -2147467259
Data : System.Collections.ListDictionaryInternal
TargetSite : Void handler_PreRenderComplete(System.Object, System.EventArgs)
HResult : -2147467259
Stack Trace :    at Telerik.Sitefinity.Web.PageRouteHandler.handler_PreRenderComplete(Object sender, EventArgs e)
   at System.EventHandler.Invoke(Object sender, EventArgs e)
   at System.Web.UI.Page.OnPreRenderComplete(EventArgs e)
   at System.Web.UI.Page.ProcessRequestMain(Boolean includeStagesBeforeAsyncPoint, Boolean includeStagesAfterAsyncPoint)

Additional Info:

MachineName : WINDOWS01
TimeStamp : 4/10/2015 9:15:06 PM
FullName : Telerik.Sitefinity.Utilities, Version=5.2.3700.0, Culture=neutral, PublicKeyToken=b28c218413bdf563
AppDomainName : /LM/W3SVC/76/ROOT-1-130731739715664658
ThreadIdentity : 
WindowsIdentity : WINDOWS01\IWPD_279(oldsugar)
Requested URL : http://oldsugarmill.com/index/topbar/about


Category: ErrorLog

Priority: 0

EventId: 90000

Severity: Error

Title:Enterprise Library Exception Handling

Machine: WINDOWS01

App Domain: /LM/W3SVC/76/ROOT-1-130731739715664658

ProcessId: 6408

Process Name: C:\Windows\SysWOW64\inetsrv\w3wp.exe

Thread Name: 

Win32 ThreadId:12068

Extended Properties: 
----------------------------------------
----------------------------------------
Timestamp: 4/10/2015 9:15:07 PM

Message: HandlingInstanceID: 90a759ab-0b67-48bc-8563-846f085fbf1c
An exception of type 'System.Web.HttpException' occurred and was caught.
------------------------------------------------------------------------
04/10/2015 22:15:07
Type : System.Web.HttpException, System.Web, Version=4.0.0.0, Culture=neutral, PublicKeyToken=b03f5f7f11d50a3a
Message : Page not found
Source : Telerik.Sitefinity
Help link : 
WebEventCode : 0
ErrorCode : -2147467259
Data : System.Collections.ListDictionaryInternal
TargetSite : Void handler_PreRenderComplete(System.Object, System.EventArgs)
HResult : -2147467259
Stack Trace :    at Telerik.Sitefinity.Web.PageRouteHandler.handler_PreRenderComplete(Object sender, EventArgs e)
   at System.EventHandler.Invoke(Object sender, EventArgs e)
   at System.Web.UI.Page.OnPreRenderComplete(EventArgs e)
   at System.Web.UI.Page.ProcessRequestMain(Boolean includeStagesBeforeAsyncPoint, Boolean includeStagesAfterAsyncPoint)

Additional Info:

MachineName : WINDOWS01
TimeStamp : 4/10/2015 9:15:07 PM
FullName : Telerik.Sitefinity.Utilities, Version=5.2.3700.0, Culture=neutral, PublicKeyToken=b28c218413bdf563
AppDomainName : /LM/W3SVC/76/ROOT-1-130731739715664658
ThreadIdentity : 
WindowsIdentity : WINDOWS01\IWPD_279(oldsugar)
Requested URL : http://oldsugarmill.com/index/topbar/events


Category: ErrorLog

Priority: 0

EventId: 90000

Severity: Error

Title:Enterprise Library Exception Handling

Machine: WINDOWS01

App Domain: /LM/W3SVC/76/ROOT-1-130731739715664658

ProcessId: 6408

Process Name: C:\Windows\SysWOW64\inetsrv\w3wp.exe

Thread Name: 

Win32 ThreadId:6292

Extended Properties: 
----------------------------------------
----------------------------------------
Timestamp: 4/10/2015 9:15:07 PM

Message: HandlingInstanceID: c37baba2-18c3-4974-abed-0576694226d3
An exception of type 'System.Web.HttpException' occurred and was caught.
------------------------------------------------------------------------
04/10/2015 22:15:07
Type : System.Web.HttpException, System.Web, Version=4.0.0.0, Culture=neutral, PublicKeyToken=b03f5f7f11d50a3a
Message : Page not found
Source : Telerik.Sitefinity
Help link : 
WebEventCode : 0
ErrorCode : -2147467259
Data : System.Collections.ListDictionaryInternal
TargetSite : Void handler_PreRenderComplete(System.Object, System.EventArgs)
HResult : -2147467259
Stack Trace :    at Telerik.Sitefinity.Web.PageRouteHandler.handler_PreRenderComplete(Object sender, EventArgs e)
   at System.EventHandler.Invoke(Object sender, EventArgs e)
   at System.Web.UI.Page.OnPreRenderComplete(EventArgs e)
   at System.Web.UI.Page.ProcessRequestMain(Boolean includeStagesBeforeAsyncPoint, Boolean includeStagesAfterAsyncPoint)

Additional Info:

MachineName : WINDOWS01
TimeStamp : 4/10/2015 9:15:07 PM
FullName : Telerik.Sitefinity.Utilities, Version=5.2.3700.0, Culture=neutral, PublicKeyToken=b28c218413bdf563
AppDomainName : /LM/W3SVC/76/ROOT-1-130731739715664658
ThreadIdentity : 
WindowsIdentity : WINDOWS01\IWPD_279(oldsugar)
Requested URL : http://oldsugarmill.com/index/topbar/history


Category: ErrorLog

Priority: 0

EventId: 90000

Severity: Error

Title:Enterprise Library Exception Handling

Machine: WINDOWS01

App Domain: /LM/W3SVC/76/ROOT-1-130731739715664658

ProcessId: 6408

Process Name: C:\Windows\SysWOW64\inetsrv\w3wp.exe

Thread Name: 

Win32 ThreadId:29148

Extended Properties: 
----------------------------------------
----------------------------------------
Timestamp: 4/10/2015 9:15:08 PM

Message: HandlingInstanceID: 7a6cde51-7d2b-4c3e-896f-f254ce770417
An exception of type 'System.Web.HttpException' occurred and was caught.
------------------------------------------------------------------------
04/10/2015 22:15:08
Type : System.Web.HttpException, System.Web, Version=4.0.0.0, Culture=neutral, PublicKeyToken=b03f5f7f11d50a3a
Message : Page not found
Source : Telerik.Sitefinity
Help link : 
WebEventCode : 0
ErrorCode : -2147467259
Data : System.Collections.ListDictionaryInternal
TargetSite : Void handler_PreRenderComplete(System.Object, System.EventArgs)
HResult : -2147467259
Stack Trace :    at Telerik.Sitefinity.Web.PageRouteHandler.handler_PreRenderComplete(Object sender, EventArgs e)
   at System.EventHandler.Invoke(Object sender, EventArgs e)
   at System.Web.UI.Page.OnPreRenderComplete(EventArgs e)
   at System.Web.UI.Page.ProcessRequestMain(Boolean includeStagesBeforeAsyncPoint, Boolean includeStagesAfterAsyncPoint)

Additional Info:

MachineName : WINDOWS01
TimeStamp : 4/10/2015 9:15:08 PM
FullName : Telerik.Sitefinity.Utilities, Version=5.2.3700.0, Culture=neutral, PublicKeyToken=b28c218413bdf563
AppDomainName : /LM/W3SVC/76/ROOT-1-130731739715664658
ThreadIdentity : 
WindowsIdentity : WINDOWS01\IWPD_279(oldsugar)
Requested URL : http://oldsugarmill.com/index/topbar/trade-media


Category: ErrorLog

Priority: 0

EventId: 90000

Severity: Error

Title:Enterprise Library Exception Handling

Machine: WINDOWS01

App Domain: /LM/W3SVC/76/ROOT-1-130731739715664658

ProcessId: 6408

Process Name: C:\Windows\SysWOW64\inetsrv\w3wp.exe

Thread Name: 

Win32 ThreadId:6292

Extended Properties: 
----------------------------------------
----------------------------------------
Timestamp: 4/10/2015 9:15:08 PM

Message: HandlingInstanceID: 88d167e7-d8ad-4caf-91c7-fb1e396c7f5b
An exception of type 'System.Web.HttpException' occurred and was caught.
------------------------------------------------------------------------
04/10/2015 22:15:08
Type : System.Web.HttpException, System.Web, Version=4.0.0.0, Culture=neutral, PublicKeyToken=b03f5f7f11d50a3a
Message : Page not found
Source : Telerik.Sitefinity
Help link : 
WebEventCode : 0
ErrorCode : -2147467259
Data : System.Collections.ListDictionaryInternal
TargetSite : Void handler_PreRenderComplete(System.Object, System.EventArgs)
HResult : -2147467259
Stack Trace :    at Telerik.Sitefinity.Web.PageRouteHandler.handler_PreRenderComplete(Object sender, EventArgs e)
   at System.EventHandler.Invoke(Object sender, EventArgs e)
   at System.Web.UI.Page.OnPreRenderComplete(EventArgs e)
   at System.Web.UI.Page.ProcessRequestMain(Boolean includeStagesBeforeAsyncPoint, Boolean includeStagesAfterAsyncPoint)

Additional Info:

MachineName : WINDOWS01
TimeStamp : 4/10/2015 9:15:08 PM
FullName : Telerik.Sitefinity.Utilities, Version=5.2.3700.0, Culture=neutral, PublicKeyToken=b28c218413bdf563
AppDomainName : /LM/W3SVC/76/ROOT-1-130731739715664658
ThreadIdentity : 
WindowsIdentity : WINDOWS01\IWPD_279(oldsugar)
Requested URL : http://oldsugarmill.com/index/topbar/wineinfo


Category: ErrorLog

Priority: 0

EventId: 90000

Severity: Error

Title:Enterprise Library Exception Handling

Machine: WINDOWS01

App Domain: /LM/W3SVC/76/ROOT-1-130731739715664658

ProcessId: 6408

Process Name: C:\Windows\SysWOW64\inetsrv\w3wp.exe

Thread Name: 

Win32 ThreadId:6292

Extended Properties: 
----------------------------------------
----------------------------------------
Timestamp: 4/10/2015 10:14:25 PM

Message: HandlingInstanceID: a980e00e-6a74-428c-9fea-a3340f59fc5e
An exception of type 'System.Web.HttpException' occurred and was caught.
------------------------------------------------------------------------
04/10/2015 23:14:25
Type : System.Web.HttpException, System.Web, Version=4.0.0.0, Culture=neutral, PublicKeyToken=b03f5f7f11d50a3a
Message : Page not found
Source : Telerik.Sitefinity
Help link : 
WebEventCode : 0
ErrorCode : -2147467259
Data : System.Collections.ListDictionaryInternal
TargetSite : Void handler_PreRenderComplete(System.Object, System.EventArgs)
HResult : -2147467259
Stack Trace :    at Telerik.Sitefinity.Web.PageRouteHandler.handler_PreRenderComplete(Object sender, EventArgs e)
   at System.EventHandler.Invoke(Object sender, EventArgs e)
   at System.Web.UI.Page.OnPreRenderComplete(EventArgs e)
   at System.Web.UI.Page.ProcessRequestMain(Boolean includeStagesBeforeAsyncPoint, Boolean includeStagesAfterAsyncPoint)

Additional Info:

MachineName : WINDOWS01
TimeStamp : 4/10/2015 10:14:25 PM
FullName : Telerik.Sitefinity.Utilities, Version=5.2.3700.0, Culture=neutral, PublicKeyToken=b28c218413bdf563
AppDomainName : /LM/W3SVC/76/ROOT-1-130731739715664658
ThreadIdentity : 
WindowsIdentity : WINDOWS01\IWPD_279(oldsugar)
Requested URL : http://oldsugarmill.com/index/footbar/contact


Category: ErrorLog

Priority: 0

EventId: 90000

Severity: Error

Title:Enterprise Library Exception Handling

Machine: WINDOWS01

App Domain: /LM/W3SVC/76/ROOT-1-130731739715664658

ProcessId: 6408

Process Name: C:\Windows\SysWOW64\inetsrv\w3wp.exe

Thread Name: 

Win32 ThreadId:19388

Extended Properties: 
----------------------------------------
----------------------------------------
Timestamp: 4/10/2015 10:14:25 PM

Message: HandlingInstanceID: 06841c84-689f-45a5-b181-2873c4eb027f
An exception of type 'System.Web.HttpException' occurred and was caught.
------------------------------------------------------------------------
04/10/2015 23:14:25
Type : System.Web.HttpException, System.Web, Version=4.0.0.0, Culture=neutral, PublicKeyToken=b03f5f7f11d50a3a
Message : Page not found
Source : Telerik.Sitefinity
Help link : 
WebEventCode : 0
ErrorCode : -2147467259
Data : System.Collections.ListDictionaryInternal
TargetSite : Void handler_PreRenderComplete(System.Object, System.EventArgs)
HResult : -2147467259
Stack Trace :    at Telerik.Sitefinity.Web.PageRouteHandler.handler_PreRenderComplete(Object sender, EventArgs e)
   at System.EventHandler.Invoke(Object sender, EventArgs e)
   at System.Web.UI.Page.OnPreRenderComplete(EventArgs e)
   at System.Web.UI.Page.ProcessRequestMain(Boolean includeStagesBeforeAsyncPoint, Boolean includeStagesAfterAsyncPoint)

Additional Info:

MachineName : WINDOWS01
TimeStamp : 4/10/2015 10:14:25 PM
FullName : Telerik.Sitefinity.Utilities, Version=5.2.3700.0, Culture=neutral, PublicKeyToken=b28c218413bdf563
AppDomainName : /LM/W3SVC/76/ROOT-1-130731739715664658
ThreadIdentity : 
WindowsIdentity : WINDOWS01\IWPD_279(oldsugar)
Requested URL : http://oldsugarmill.com/index/footbar/mailing-list


Category: ErrorLog

Priority: 0

EventId: 90000

Severity: Error

Title:Enterprise Library Exception Handling

Machine: WINDOWS01

App Domain: /LM/W3SVC/76/ROOT-1-130731739715664658

ProcessId: 6408

Process Name: C:\Windows\SysWOW64\inetsrv\w3wp.exe

Thread Name: 

Win32 ThreadId:22192

Extended Properties: 
----------------------------------------
----------------------------------------
Timestamp: 4/10/2015 10:14:26 PM

Message: HandlingInstanceID: 1509cba4-929f-4ce9-83fe-4dc0b04e1fcd
An exception of type 'System.Web.HttpException' occurred and was caught.
------------------------------------------------------------------------
04/10/2015 23:14:26
Type : System.Web.HttpException, System.Web, Version=4.0.0.0, Culture=neutral, PublicKeyToken=b03f5f7f11d50a3a
Message : Page not found
Source : Telerik.Sitefinity
Help link : 
WebEventCode : 0
ErrorCode : -2147467259
Data : System.Collections.ListDictionaryInternal
TargetSite : Void handler_PreRenderComplete(System.Object, System.EventArgs)
HResult : -2147467259
Stack Trace :    at Telerik.Sitefinity.Web.PageRouteHandler.handler_PreRenderComplete(Object sender, EventArgs e)
   at System.EventHandler.Invoke(Object sender, EventArgs e)
   at System.Web.UI.Page.OnPreRenderComplete(EventArgs e)
   at System.Web.UI.Page.ProcessRequestMain(Boolean includeStagesBeforeAsyncPoint, Boolean includeStagesAfterAsyncPoint)

Additional Info:

MachineName : WINDOWS01
TimeStamp : 4/10/2015 10:14:26 PM
FullName : Telerik.Sitefinity.Utilities, Version=5.2.3700.0, Culture=neutral, PublicKeyToken=b28c218413bdf563
AppDomainName : /LM/W3SVC/76/ROOT-1-130731739715664658
ThreadIdentity : 
WindowsIdentity : WINDOWS01\IWPD_279(oldsugar)
Requested URL : http://oldsugarmill.com/index/sidebar/hospitality-partners


Category: ErrorLog

Priority: 0

EventId: 90000

Severity: Error

Title:Enterprise Library Exception Handling

Machine: WINDOWS01

App Domain: /LM/W3SVC/76/ROOT-1-130731739715664658

ProcessId: 6408

Process Name: C:\Windows\SysWOW64\inetsrv\w3wp.exe

Thread Name: 

Win32 ThreadId:20216

Extended Properties: 
----------------------------------------
----------------------------------------
Timestamp: 4/10/2015 10:14:26 PM

Message: HandlingInstanceID: 16f02402-ed2b-4742-a572-78eb49fdcc32
An exception of type 'System.Web.HttpException' occurred and was caught.
------------------------------------------------------------------------
04/10/2015 23:14:26
Type : System.Web.HttpException, System.Web, Version=4.0.0.0, Culture=neutral, PublicKeyToken=b03f5f7f11d50a3a
Message : Page not found
Source : Telerik.Sitefinity
Help link : 
WebEventCode : 0
ErrorCode : -2147467259
Data : System.Collections.ListDictionaryInternal
TargetSite : Void handler_PreRenderComplete(System.Object, System.EventArgs)
HResult : -2147467259
Stack Trace :    at Telerik.Sitefinity.Web.PageRouteHandler.handler_PreRenderComplete(Object sender, EventArgs e)
   at System.EventHandler.Invoke(Object sender, EventArgs e)
   at System.Web.UI.Page.OnPreRenderComplete(EventArgs e)
   at System.Web.UI.Page.ProcessRequestMain(Boolean includeStagesBeforeAsyncPoint, Boolean includeStagesAfterAsyncPoint)

Additional Info:

MachineName : WINDOWS01
TimeStamp : 4/10/2015 10:14:26 PM
FullName : Telerik.Sitefinity.Utilities, Version=5.2.3700.0, Culture=neutral, PublicKeyToken=b28c218413bdf563
AppDomainName : /LM/W3SVC/76/ROOT-1-130731739715664658
ThreadIdentity : 
WindowsIdentity : WINDOWS01\IWPD_279(oldsugar)
Requested URL : http://oldsugarmill.com/index/sidebar/private-events


Category: ErrorLog

Priority: 0

EventId: 90000

Severity: Error

Title:Enterprise Library Exception Handling

Machine: WINDOWS01

App Domain: /LM/W3SVC/76/ROOT-1-130731739715664658

ProcessId: 6408

Process Name: C:\Windows\SysWOW64\inetsrv\w3wp.exe

Thread Name: 

Win32 ThreadId:19388

Extended Properties: 
----------------------------------------
----------------------------------------
Timestamp: 4/10/2015 10:14:27 PM

Message: HandlingInstanceID: f3bbb0fa-2f9d-40cb-b4f0-6d70d1e3d1bb
An exception of type 'System.Web.HttpException' occurred and was caught.
------------------------------------------------------------------------
04/10/2015 23:14:27
Type : System.Web.HttpException, System.Web, Version=4.0.0.0, Culture=neutral, PublicKeyToken=b03f5f7f11d50a3a
Message : Page not found
Source : Telerik.Sitefinity
Help link : 
WebEventCode : 0
ErrorCode : -2147467259
Data : System.Collections.ListDictionaryInternal
TargetSite : Void handler_PreRenderComplete(System.Object, System.EventArgs)
HResult : -2147467259
Stack Trace :    at Telerik.Sitefinity.Web.PageRouteHandler.handler_PreRenderComplete(Object sender, EventArgs e)
   at System.EventHandler.Invoke(Object sender, EventArgs e)
   at System.Web.UI.Page.OnPreRenderComplete(EventArgs e)
   at System.Web.UI.Page.ProcessRequestMain(Boolean includeStagesBeforeAsyncPoint, Boolean includeStagesAfterAsyncPoint)

Additional Info:

MachineName : WINDOWS01
TimeStamp : 4/10/2015 10:14:27 PM
FullName : Telerik.Sitefinity.Utilities, Version=5.2.3700.0, Culture=neutral, PublicKeyToken=b28c218413bdf563
AppDomainName : /LM/W3SVC/76/ROOT-1-130731739715664658
ThreadIdentity : 
WindowsIdentity : WINDOWS01\IWPD_279(oldsugar)
Requested URL : http://oldsugarmill.com/index/sidebar/visitor-info


Category: ErrorLog

Priority: 0

EventId: 90000

Severity: Error

Title:Enterprise Library Exception Handling

Machine: WINDOWS01

App Domain: /LM/W3SVC/76/ROOT-1-130731739715664658

ProcessId: 6408

Process Name: C:\Windows\SysWOW64\inetsrv\w3wp.exe

Thread Name: 

Win32 ThreadId:26940

Extended Properties: 
----------------------------------------
----------------------------------------
Timestamp: 4/10/2015 10:14:28 PM

Message: HandlingInstanceID: c3f9bc48-e3d7-40e3-abd9-095257e13350
An exception of type 'System.Web.HttpException' occurred and was caught.
------------------------------------------------------------------------
04/10/2015 23:14:28
Type : System.Web.HttpException, System.Web, Version=4.0.0.0, Culture=neutral, PublicKeyToken=b03f5f7f11d50a3a
Message : Page not found
Source : Telerik.Sitefinity
Help link : 
WebEventCode : 0
ErrorCode : -2147467259
Data : System.Collections.ListDictionaryInternal
TargetSite : Void handler_PreRenderComplete(System.Object, System.EventArgs)
HResult : -2147467259
Stack Trace :    at Telerik.Sitefinity.Web.PageRouteHandler.handler_PreRenderComplete(Object sender, EventArgs e)
   at System.EventHandler.Invoke(Object sender, EventArgs e)
   at System.Web.UI.Page.OnPreRenderComplete(EventArgs e)
   at System.Web.UI.Page.ProcessRequestMain(Boolean includeStagesBeforeAsyncPoint, Boolean includeStagesAfterAsyncPoint)

Additional Info:

MachineName : WINDOWS01
TimeStamp : 4/10/2015 10:14:28 PM
FullName : Telerik.Sitefinity.Utilities, Version=5.2.3700.0, Culture=neutral, PublicKeyToken=b28c218413bdf563
AppDomainName : /LM/W3SVC/76/ROOT-1-130731739715664658
ThreadIdentity : 
WindowsIdentity : WINDOWS01\IWPD_279(oldsugar)
Requested URL : http://oldsugarmill.com/index/sidebar/weddings


Category: ErrorLog

Priority: 0

EventId: 90000

Severity: Error

Title:Enterprise Library Exception Handling

Machine: WINDOWS01

App Domain: /LM/W3SVC/76/ROOT-1-130731739715664658

ProcessId: 6408

Process Name: C:\Windows\SysWOW64\inetsrv\w3wp.exe

Thread Name: 

Win32 ThreadId:22192

Extended Properties: 
----------------------------------------
----------------------------------------
Timestamp: 4/10/2015 10:14:28 PM

Message: HandlingInstanceID: 42c5875d-2fe6-4c55-9c8e-192f850dc8c4
An exception of type 'System.Web.HttpException' occurred and was caught.
------------------------------------------------------------------------
04/10/2015 23:14:28
Type : System.Web.HttpException, System.Web, Version=4.0.0.0, Culture=neutral, PublicKeyToken=b03f5f7f11d50a3a
Message : Page not found
Source : Telerik.Sitefinity
Help link : 
WebEventCode : 0
ErrorCode : -2147467259
Data : System.Collections.ListDictionaryInternal
TargetSite : Void handler_PreRenderComplete(System.Object, System.EventArgs)
HResult : -2147467259
Stack Trace :    at Telerik.Sitefinity.Web.PageRouteHandler.handler_PreRenderComplete(Object sender, EventArgs e)
   at System.EventHandler.Invoke(Object sender, EventArgs e)
   at System.Web.UI.Page.OnPreRenderComplete(EventArgs e)
   at System.Web.UI.Page.ProcessRequestMain(Boolean includeStagesBeforeAsyncPoint, Boolean includeStagesAfterAsyncPoint)

Additional Info:

MachineName : WINDOWS01
TimeStamp : 4/10/2015 10:14:28 PM
FullName : Telerik.Sitefinity.Utilities, Version=5.2.3700.0, Culture=neutral, PublicKeyToken=b28c218413bdf563
AppDomainName : /LM/W3SVC/76/ROOT-1-130731739715664658
ThreadIdentity : 
WindowsIdentity : WINDOWS01\IWPD_279(oldsugar)
Requested URL : http://oldsugarmill.com/index/topbar/about


Category: ErrorLog

Priority: 0

EventId: 90000

Severity: Error

Title:Enterprise Library Exception Handling

Machine: WINDOWS01

App Domain: /LM/W3SVC/76/ROOT-1-130731739715664658

ProcessId: 6408

Process Name: C:\Windows\SysWOW64\inetsrv\w3wp.exe

Thread Name: 

Win32 ThreadId:19388

Extended Properties: 
----------------------------------------
----------------------------------------
Timestamp: 4/10/2015 10:14:29 PM

Message: HandlingInstanceID: 4cb5e67c-4a21-440f-8c43-3c8b0f65e5fa
An exception of type 'System.Web.HttpException' occurred and was caught.
------------------------------------------------------------------------
04/10/2015 23:14:29
Type : System.Web.HttpException, System.Web, Version=4.0.0.0, Culture=neutral, PublicKeyToken=b03f5f7f11d50a3a
Message : Page not found
Source : Telerik.Sitefinity
Help link : 
WebEventCode : 0
ErrorCode : -2147467259
Data : System.Collections.ListDictionaryInternal
TargetSite : Void handler_PreRenderComplete(System.Object, System.EventArgs)
HResult : -2147467259
Stack Trace :    at Telerik.Sitefinity.Web.PageRouteHandler.handler_PreRenderComplete(Object sender, EventArgs e)
   at System.EventHandler.Invoke(Object sender, EventArgs e)
   at System.Web.UI.Page.OnPreRenderComplete(EventArgs e)
   at System.Web.UI.Page.ProcessRequestMain(Boolean includeStagesBeforeAsyncPoint, Boolean includeStagesAfterAsyncPoint)

Additional Info:

MachineName : WINDOWS01
TimeStamp : 4/10/2015 10:14:29 PM
FullName : Telerik.Sitefinity.Utilities, Version=5.2.3700.0, Culture=neutral, PublicKeyToken=b28c218413bdf563
AppDomainName : /LM/W3SVC/76/ROOT-1-130731739715664658
ThreadIdentity : 
WindowsIdentity : WINDOWS01\IWPD_279(oldsugar)
Requested URL : http://oldsugarmill.com/index/topbar/events


Category: ErrorLog

Priority: 0

EventId: 90000

Severity: Error

Title:Enterprise Library Exception Handling

Machine: WINDOWS01

App Domain: /LM/W3SVC/76/ROOT-1-130731739715664658

ProcessId: 6408

Process Name: C:\Windows\SysWOW64\inetsrv\w3wp.exe

Thread Name: 

Win32 ThreadId:19388

Extended Properties: 
----------------------------------------
----------------------------------------
Timestamp: 4/10/2015 10:14:29 PM

Message: HandlingInstanceID: 674c8d48-63b9-4b4f-b821-788cff53ff4b
An exception of type 'System.Web.HttpException' occurred and was caught.
------------------------------------------------------------------------
04/10/2015 23:14:29
Type : System.Web.HttpException, System.Web, Version=4.0.0.0, Culture=neutral, PublicKeyToken=b03f5f7f11d50a3a
Message : Page not found
Source : Telerik.Sitefinity
Help link : 
WebEventCode : 0
ErrorCode : -2147467259
Data : System.Collections.ListDictionaryInternal
TargetSite : Void handler_PreRenderComplete(System.Object, System.EventArgs)
HResult : -2147467259
Stack Trace :    at Telerik.Sitefinity.Web.PageRouteHandler.handler_PreRenderComplete(Object sender, EventArgs e)
   at System.EventHandler.Invoke(Object sender, EventArgs e)
   at System.Web.UI.Page.OnPreRenderComplete(EventArgs e)
   at System.Web.UI.Page.ProcessRequestMain(Boolean includeStagesBeforeAsyncPoint, Boolean includeStagesAfterAsyncPoint)

Additional Info:

MachineName : WINDOWS01
TimeStamp : 4/10/2015 10:14:29 PM
FullName : Telerik.Sitefinity.Utilities, Version=5.2.3700.0, Culture=neutral, PublicKeyToken=b28c218413bdf563
AppDomainName : /LM/W3SVC/76/ROOT-1-130731739715664658
ThreadIdentity : 
WindowsIdentity : WINDOWS01\IWPD_279(oldsugar)
Requested URL : http://oldsugarmill.com/index/topbar/history


Category: ErrorLog

Priority: 0

EventId: 90000

Severity: Error

Title:Enterprise Library Exception Handling

Machine: WINDOWS01

App Domain: /LM/W3SVC/76/ROOT-1-130731739715664658

ProcessId: 6408

Process Name: C:\Windows\SysWOW64\inetsrv\w3wp.exe

Thread Name: 

Win32 ThreadId:31068

Extended Properties: 
----------------------------------------
----------------------------------------
Timestamp: 4/10/2015 10:14:30 PM

Message: HandlingInstanceID: 9a67fe0a-23ed-4bd7-9caf-f02f5526b02d
An exception of type 'System.Web.HttpException' occurred and was caught.
------------------------------------------------------------------------
04/10/2015 23:14:30
Type : System.Web.HttpException, System.Web, Version=4.0.0.0, Culture=neutral, PublicKeyToken=b03f5f7f11d50a3a
Message : Page not found
Source : Telerik.Sitefinity
Help link : 
WebEventCode : 0
ErrorCode : -2147467259
Data : System.Collections.ListDictionaryInternal
TargetSite : Void handler_PreRenderComplete(System.Object, System.EventArgs)
HResult : -2147467259
Stack Trace :    at Telerik.Sitefinity.Web.PageRouteHandler.handler_PreRenderComplete(Object sender, EventArgs e)
   at System.EventHandler.Invoke(Object sender, EventArgs e)
   at System.Web.UI.Page.OnPreRenderComplete(EventArgs e)
   at System.Web.UI.Page.ProcessRequestMain(Boolean includeStagesBeforeAsyncPoint, Boolean includeStagesAfterAsyncPoint)

Additional Info:

MachineName : WINDOWS01
TimeStamp : 4/10/2015 10:14:30 PM
FullName : Telerik.Sitefinity.Utilities, Version=5.2.3700.0, Culture=neutral, PublicKeyToken=b28c218413bdf563
AppDomainName : /LM/W3SVC/76/ROOT-1-130731739715664658
ThreadIdentity : 
WindowsIdentity : WINDOWS01\IWPD_279(oldsugar)
Requested URL : http://oldsugarmill.com/index/topbar/trade-media


Category: ErrorLog

Priority: 0

EventId: 90000

Severity: Error

Title:Enterprise Library Exception Handling

Machine: WINDOWS01

App Domain: /LM/W3SVC/76/ROOT-1-130731739715664658

ProcessId: 6408

Process Name: C:\Windows\SysWOW64\inetsrv\w3wp.exe

Thread Name: 

Win32 ThreadId:22192

Extended Properties: 
----------------------------------------
----------------------------------------
Timestamp: 4/10/2015 10:14:30 PM

Message: HandlingInstanceID: 47d80609-faeb-44c9-9f79-bc71f9f70736
An exception of type 'System.Web.HttpException' occurred and was caught.
------------------------------------------------------------------------
04/10/2015 23:14:30
Type : System.Web.HttpException, System.Web, Version=4.0.0.0, Culture=neutral, PublicKeyToken=b03f5f7f11d50a3a
Message : Page not found
Source : Telerik.Sitefinity
Help link : 
WebEventCode : 0
ErrorCode : -2147467259
Data : System.Collections.ListDictionaryInternal
TargetSite : Void handler_PreRenderComplete(System.Object, System.EventArgs)
HResult : -2147467259
Stack Trace :    at Telerik.Sitefinity.Web.PageRouteHandler.handler_PreRenderComplete(Object sender, EventArgs e)
   at System.EventHandler.Invoke(Object sender, EventArgs e)
   at System.Web.UI.Page.OnPreRenderComplete(EventArgs e)
   at System.Web.UI.Page.ProcessRequestMain(Boolean includeStagesBeforeAsyncPoint, Boolean includeStagesAfterAsyncPoint)

Additional Info:

MachineName : WINDOWS01
TimeStamp : 4/10/2015 10:14:30 PM
FullName : Telerik.Sitefinity.Utilities, Version=5.2.3700.0, Culture=neutral, PublicKeyToken=b28c218413bdf563
AppDomainName : /LM/W3SVC/76/ROOT-1-130731739715664658
ThreadIdentity : 
WindowsIdentity : WINDOWS01\IWPD_279(oldsugar)
Requested URL : http://oldsugarmill.com/index/topbar/wineinfo


Category: ErrorLog

Priority: 0

EventId: 90000

Severity: Error

Title:Enterprise Library Exception Handling

Machine: WINDOWS01

App Domain: /LM/W3SVC/76/ROOT-1-130731739715664658

ProcessId: 6408

Process Name: C:\Windows\SysWOW64\inetsrv\w3wp.exe

Thread Name: 

Win32 ThreadId:26940

Extended Properties: 
----------------------------------------
----------------------------------------
Timestamp: 4/10/2015 10:14:31 PM

Message: HandlingInstanceID: 9ec03bf0-97a5-4cbb-9b7c-89d1a3a40c37
An exception of type 'System.Web.HttpException' occurred and was caught.
------------------------------------------------------------------------
04/10/2015 23:14:31
Type : System.Web.HttpException, System.Web, Version=4.0.0.0, Culture=neutral, PublicKeyToken=b03f5f7f11d50a3a
Message : Page not found
Source : Telerik.Sitefinity
Help link : 
WebEventCode : 0
ErrorCode : -2147467259
Data : System.Collections.ListDictionaryInternal
TargetSite : Void handler_PreRenderComplete(System.Object, System.EventArgs)
HResult : -2147467259
Stack Trace :    at Telerik.Sitefinity.Web.PageRouteHandler.handler_PreRenderComplete(Object sender, EventArgs e)
   at System.EventHandler.Invoke(Object sender, EventArgs e)
   at System.Web.UI.Page.OnPreRenderComplete(EventArgs e)
   at System.Web.UI.Page.ProcessRequestMain(Boolean includeStagesBeforeAsyncPoint, Boolean includeStagesAfterAsyncPoint)

Additional Info:

MachineName : WINDOWS01
TimeStamp : 4/10/2015 10:14:31 PM
FullName : Telerik.Sitefinity.Utilities, Version=5.2.3700.0, Culture=neutral, PublicKeyToken=b28c218413bdf563
AppDomainName : /LM/W3SVC/76/ROOT-1-130731739715664658
ThreadIdentity : 
WindowsIdentity : WINDOWS01\IWPD_279(oldsugar)
Requested URL : http://oldsugarmill.com/footbar/contact/contact


Category: ErrorLog

Priority: 0

EventId: 90000

Severity: Error

Title:Enterprise Library Exception Handling

Machine: WINDOWS01

App Domain: /LM/W3SVC/76/ROOT-1-130731739715664658

ProcessId: 6408

Process Name: C:\Windows\SysWOW64\inetsrv\w3wp.exe

Thread Name: 

Win32 ThreadId:31068

Extended Properties: 
----------------------------------------
