----------------------------------------
Timestamp: 31/10/2015 06:30:26

Message: HandlingInstanceID: c5303ec3-04be-4c0d-9426-a05241aebb28
An exception of type 'System.Web.HttpException' occurred and was caught.
------------------------------------------------------------------------
10/31/2015 06:30:26
Type : System.Web.HttpException, System.Web, Version=4.0.0.0, Culture=neutral, PublicKeyToken=b03f5f7f11d50a3a
Message : This is an invalid webresource request.
Source : System.Web
Help link : 
WebEventCode : 0
ErrorCode : -2147467259
Data : System.Collections.ListDictionaryInternal
TargetSite : Void System.Web.IHttpHandler.ProcessRequest(System.Web.HttpContext)
HResult : -2147467259
Stack Trace :    at System.Web.Handlers.AssemblyResourceLoader.System.Web.IHttpHandler.ProcessRequest(HttpContext context)
   at System.Web.HttpApplication.CallHandlerExecutionStep.System.Web.HttpApplication.IExecutionStep.Execute()
   at System.Web.HttpApplication.ExecuteStep(IExecutionStep step, Boolean& completedSynchronously)

Additional Info:

MachineName : WINDOWS01
TimeStamp : 31/10/2015 06:30:26
FullName : Telerik.Sitefinity.Utilities, Version=5.2.3700.0, Culture=neutral, PublicKeyToken=b28c218413bdf563
AppDomainName : /LM/W3SVC/76/ROOT-1-130907461128169128
ThreadIdentity : 
WindowsIdentity : WINDOWS01\IWPD_279(oldsugar)
Requested URL : http://oldsugarmill.swbroadband.co.uk/WebResource.axd?d=9Z5GSew4cgwgRhoBW0_ZwnWKSzQCszh32zKMX_oD1yXBJ5viH__aP5y3YQ5jEv1CrQsd-m8Z8dI3KGuhwZyZcaGVwkmayWETKC-35dWjBTc1&t=635588618558757176


Category: ErrorLog

Priority: 0

EventId: 90000

Severity: Error

Title:Enterprise Library Exception Handling

Machine: WINDOWS01

App Domain: /LM/W3SVC/76/ROOT-1-130907461128169128

ProcessId: 21524

Process Name: C:\Windows\SysWOW64\inetsrv\w3wp.exe

Thread Name: 

Win32 ThreadId:3804

Extended Properties: 
----------------------------------------
----------------------------------------
Timestamp: 10/31/2015 7:39:41 AM

Message: HandlingInstanceID: eb9dd10e-368c-4dd6-9d2e-c099e319deb1
An exception of type 'System.Web.HttpException' occurred and was caught.
------------------------------------------------------------------------
10/31/2015 07:39:41
Type : System.Web.HttpException, System.Web, Version=4.0.0.0, Culture=neutral, PublicKeyToken=b03f5f7f11d50a3a
Message : This is an invalid script resource request.
Source : System.Web.Extensions
Help link : 
WebEventCode : 0
ErrorCode : -2147467259
Data : System.Collections.ListDictionaryInternal
TargetSite : Void ProcessRequest(System.Web.HttpContextBase, VirtualFileReader, System.Action`2[System.String,System.Exception], Boolean)
HResult : -2147467259
Stack Trace :    at System.Web.Handlers.ScriptResourceHandler.ProcessRequest(HttpContextBase context, VirtualFileReader fileReader, Action`2 logAction, Boolean validatePath)
   at System.Web.Handlers.ScriptResourceHandler.ProcessRequest(HttpContext context)
   at System.Web.Handlers.ScriptResourceHandler.System.Web.IHttpHandler.ProcessRequest(HttpContext context)
   at System.Web.HttpApplication.CallHandlerExecutionStep.System.Web.HttpApplication.IExecutionStep.Execute()
   at System.Web.HttpApplication.ExecuteStep(IExecutionStep step, Boolean& completedSynchronously)

Additional Info:

MachineName : WINDOWS01
TimeStamp : 10/31/2015 7:39:41 AM
FullName : Telerik.Sitefinity.Utilities, Version=5.2.3700.0, Culture=neutral, PublicKeyToken=b28c218413bdf563
AppDomainName : /LM/W3SVC/76/ROOT-1-130907506932398525
ThreadIdentity : 
WindowsIdentity : WINDOWS01\IWPD_279(oldsugar)
Requested URL : http://oldsugarmill.com/ScriptResource.axd?d=mtHAJaBva6n5Ir2qpgryA3k3HgOsUmpFi_l26snvryyCIOmzHRGsTNXBWvVNGFZVZdklrL7ydRenBovZbU0zHe18a0xB087CPBKQW59KT5_hKJuxOtd85GdQ5Sx6Cjpy5QrKqWJ1pJRUo6UBI08_BST0ubUoht4SySrLNcb4glLef0pfG7mCS2H_quRk-Gb93Fbq6XW-I5qq6DRe8vtUTA2&t=155533f4


Category: ErrorLog

Priority: 0

EventId: 90000

Severity: Error

Title:Enterprise Library Exception Handling

Machine: WINDOWS01

App Domain: /LM/W3SVC/76/ROOT-1-130907506932398525

ProcessId: 47308

Process Name: C:\Windows\SysWOW64\inetsrv\w3wp.exe

Thread Name: 

Win32 ThreadId:48732

Extended Properties: 
----------------------------------------
----------------------------------------
Timestamp: 10/31/2015 5:09:11 PM

Message: HandlingInstanceID: 8ef61152-0ca6-4e1c-94b9-ec2574c652b7
An exception of type 'System.Web.HttpException' occurred and was caught.
------------------------------------------------------------------------
10/31/2015 17:09:11
Type : System.Web.HttpException, System.Web, Version=4.0.0.0, Culture=neutral, PublicKeyToken=b03f5f7f11d50a3a
Message : The requested page doesn't exist or you do not have sufficient privileges to view it.
Source : Telerik.Sitefinity
Help link : 
WebEventCode : 0
ErrorCode : -2147467259
Data : System.Collections.ListDictionaryInternal
TargetSite : Boolean ProcessRedirects(System.Web.HttpContextBase, Telerik.Sitefinity.Web.PageSiteNode ByRef, Boolean, System.String[])
HResult : -2147467259
Stack Trace :    at Telerik.Sitefinity.Web.SitefinityRoute.ProcessRedirects(HttpContextBase httpContext, PageSiteNode& node, Boolean isAdditionalUrl, String[] urlParams)
   at Telerik.Sitefinity.Web.SitefinityRoute.GetRouteData(HttpContextBase httpContext)
   at System.Web.Routing.RouteCollection.GetRouteData(HttpContextBase httpContext)
   at System.Web.Routing.UrlRoutingModule.PostResolveRequestCache(HttpContextBase context)
   at System.Web.Routing.UrlRoutingModule.OnApplicationPostResolveRequestCache(Object sender, EventArgs e)
   at System.Web.HttpApplication.SyncEventExecutionStep.System.Web.HttpApplication.IExecutionStep.Execute()
   at System.Web.HttpApplication.ExecuteStep(IExecutionStep step, Boolean& completedSynchronously)

Additional Info:

MachineName : WINDOWS01
TimeStamp : 10/31/2015 5:09:11 PM
FullName : Telerik.Sitefinity.Utilities, Version=5.2.3700.0, Culture=neutral, PublicKeyToken=b28c218413bdf563
AppDomainName : /LM/W3SVC/76/ROOT-1-130907847761890145
ThreadIdentity : 
WindowsIdentity : WINDOWS01\IWPD_279(oldsugar)
Requested URL : http://oldsugarmill.com/topbar/about


Category: ErrorLog

Priority: 0

EventId: 90000

Severity: Error

Title:Enterprise Library Exception Handling

Machine: WINDOWS01

App Domain: /LM/W3SVC/76/ROOT-1-130907847761890145

ProcessId: 30280

Process Name: C:\Windows\SysWOW64\inetsrv\w3wp.exe

Thread Name: 

Win32 ThreadId:49788

Extended Properties: 
----------------------------------------
----------------------------------------
Timestamp: 10/31/2015 5:17:51 PM

Message: HandlingInstanceID: 1c0277a5-6975-4535-9756-ea1e66fbe436
An exception of type 'System.Runtime.InteropServices.COMException' occurred and was caught.
-------------------------------------------------------------------------------------------
10/31/2015 17:17:51
Type : System.Runtime.InteropServices.COMException, mscorlib, Version=4.0.0.0, Culture=neutral, PublicKeyToken=b77a5c561934e089
Message : The I/O operation has been aborted because of either a thread exit or an application request. (Exception from HRESULT: 0x800703E3)
Source : 
Help link : 
ErrorCode : -2147023901
Data : System.Collections.ListDictionaryInternal
TargetSite : 
HResult : -2147023901
Stack Trace : The stack trace is unavailable.
Additional Info:

MachineName : WINDOWS01
TimeStamp : 10/31/2015 5:17:51 PM
FullName : Telerik.Sitefinity.Utilities, Version=5.2.3700.0, Culture=neutral, PublicKeyToken=b28c218413bdf563
AppDomainName : /LM/W3SVC/76/ROOT-1-130907854245320282
ThreadIdentity : 
WindowsIdentity : WINDOWS01\IWPD_279(oldsugar)
Requested URL : http://oldsugarmill.com/images/default-source/default-album/entrance-2207661318-o---copy-(2).jpg?sfvrsn=0


Category: ErrorLog

Priority: 0

EventId: 90000

Severity: Error

Title:Enterprise Library Exception Handling

Machine: WINDOWS01

App Domain: /LM/W3SVC/76/ROOT-1-130907854245320282

ProcessId: 41008

Process Name: C:\Windows\SysWOW64\inetsrv\w3wp.exe

Thread Name: 

Win32 ThreadId:26956

Extended Properties: 
----------------------------------------
----------------------------------------
Timestamp: 10/31/2015 5:17:52 PM

Message: HandlingInstanceID: 0b227cc8-cf01-47b0-a2d6-f8c76d6a4d0f
An exception of type 'System.Runtime.InteropServices.COMException' occurred and was caught.
-------------------------------------------------------------------------------------------
10/31/2015 17:17:52
Type : System.Runtime.InteropServices.COMException, mscorlib, Version=4.0.0.0, Culture=neutral, PublicKeyToken=b77a5c561934e089
Message : The I/O operation has been aborted because of either a thread exit or an application request. (Exception from HRESULT: 0x800703E3)
Source : 
Help link : 
ErrorCode : -2147023901
Data : System.Collections.ListDictionaryInternal
TargetSite : 
HResult : -2147023901
Stack Trace : The stack trace is unavailable.
Additional Info:

MachineName : WINDOWS01
TimeStamp : 10/31/2015 5:17:52 PM
FullName : Telerik.Sitefinity.Utilities, Version=5.2.3700.0, Culture=neutral, PublicKeyToken=b28c218413bdf563
AppDomainName : /LM/W3SVC/76/ROOT-1-130907854245320282
ThreadIdentity : 
WindowsIdentity : WINDOWS01\IWPD_279(oldsugar)
Requested URL : http://oldsugarmill.com/images/default-source/base-images/twittericon-sm.png?sfvrsn=0


Category: ErrorLog

Priority: 0

EventId: 90000

Severity: Error

Title:Enterprise Library Exception Handling

Machine: WINDOWS01

App Domain: /LM/W3SVC/76/ROOT-1-130907854245320282

ProcessId: 41008

Process Name: C:\Windows\SysWOW64\inetsrv\w3wp.exe

Thread Name: 

Win32 ThreadId:13304

Extended Properties: 
----------------------------------------
----------------------------------------
Timestamp: 10/31/2015 5:17:52 PM

Message: HandlingInstanceID: abbf2099-bf24-4ba2-924c-c391f9fd3476
An exception of type 'System.Runtime.InteropServices.COMException' occurred and was caught.
-------------------------------------------------------------------------------------------
10/31/2015 17:17:52
Type : System.Runtime.InteropServices.COMException, mscorlib, Version=4.0.0.0, Culture=neutral, PublicKeyToken=b77a5c561934e089
Message : The I/O operation has been aborted because of either a thread exit or an application request. (Exception from HRESULT: 0x800703E3)
Source : 
Help link : 
ErrorCode : -2147023901
Data : System.Collections.ListDictionaryInternal
TargetSite : 
HResult : -2147023901
Stack Trace : The stack trace is unavailable.
Additional Info:

MachineName : WINDOWS01
TimeStamp : 10/31/2015 5:17:52 PM
FullName : Telerik.Sitefinity.Utilities, Version=5.2.3700.0, Culture=neutral, PublicKeyToken=b28c218413bdf563
AppDomainName : /LM/W3SVC/76/ROOT-1-130907854245320282
ThreadIdentity : 
WindowsIdentity : WINDOWS01\IWPD_279(oldsugar)
Requested URL : http://oldsugarmill.com/images/default-source/default-album/frey-w-755.jpg?sfvrsn=0


Category: ErrorLog

Priority: 0

EventId: 90000

Severity: Error

Title:Enterprise Library Exception Handling

Machine: WINDOWS01

App Domain: /LM/W3SVC/76/ROOT-1-130907854245320282

ProcessId: 41008

Process Name: C:\Windows\SysWOW64\inetsrv\w3wp.exe

Thread Name: 

Win32 ThreadId:15428

Extended Properties: 
----------------------------------------
----------------------------------------
Timestamp: 10/31/2015 8:18:56 PM

Message: HandlingInstanceID: 89a2cdf4-148e-49d9-a13f-282dbb39a71c
An exception of type 'System.Web.HttpException' occurred and was caught.
------------------------------------------------------------------------
10/31/2015 20:18:56
Type : System.Web.HttpException, System.Web, Version=4.0.0.0, Culture=neutral, PublicKeyToken=b03f5f7f11d50a3a
Message : The requested page doesn't exist or you do not have sufficient privileges to view it.
Source : Telerik.Sitefinity
Help link : 
WebEventCode : 0
ErrorCode : -2147467259
Data : System.Collections.ListDictionaryInternal
TargetSite : Boolean ProcessRedirects(System.Web.HttpContextBase, Telerik.Sitefinity.Web.PageSiteNode ByRef, Boolean, System.String[])
HResult : -2147467259
Stack Trace :    at Telerik.Sitefinity.Web.SitefinityRoute.ProcessRedirects(HttpContextBase httpContext, PageSiteNode& node, Boolean isAdditionalUrl, String[] urlParams)
   at Telerik.Sitefinity.Web.SitefinityRoute.GetRouteData(HttpContextBase httpContext)
   at System.Web.Routing.RouteCollection.GetRouteData(HttpContextBase httpContext)
   at System.Web.Routing.UrlRoutingModule.PostResolveRequestCache(HttpContextBase context)
   at System.Web.Routing.UrlRoutingModule.OnApplicationPostResolveRequestCache(Object sender, EventArgs e)
   at System.Web.HttpApplication.SyncEventExecutionStep.System.Web.HttpApplication.IExecutionStep.Execute()
   at System.Web.HttpApplication.ExecuteStep(IExecutionStep step, Boolean& completedSynchronously)

Additional Info:

MachineName : WINDOWS01
TimeStamp : 10/31/2015 8:18:56 PM
FullName : Telerik.Sitefinity.Utilities, Version=5.2.3700.0, Culture=neutral, PublicKeyToken=b28c218413bdf563
AppDomainName : /LM/W3SVC/76/ROOT-1-130907962004001397
ThreadIdentity : 
WindowsIdentity : WINDOWS01\IWPD_279(oldsugar)
Requested URL : http://oldsugarmill.com/topbar/about


Category: ErrorLog

Priority: 0

EventId: 90000

Severity: Error

Title:Enterprise Library Exception Handling

Machine: WINDOWS01

App Domain: /LM/W3SVC/76/ROOT-1-130907962004001397

ProcessId: 31860

Process Name: C:\Windows\SysWOW64\inetsrv\w3wp.exe

Thread Name: 

Win32 ThreadId:4264

Extended Properties: 
----------------------------------------
----------------------------------------
Timestamp: 11/1/2015 1:18:08 AM

Message: HandlingInstanceID: f8311f71-b5c2-4529-ac4e-f22e96dc8694
An exception of type 'System.Web.HttpException' occurred and was caught.
------------------------------------------------------------------------
11/01/2015 01:18:08
Type : System.Web.HttpException, System.Web, Version=4.0.0.0, Culture=neutral, PublicKeyToken=b03f5f7f11d50a3a
Message : The requested page doesn't exist or you do not have sufficient privileges to view it.
Source : Telerik.Sitefinity
Help link : 
WebEventCode : 0
ErrorCode : -2147467259
Data : System.Collections.ListDictionaryInternal
TargetSite : Boolean ProcessRedirects(System.Web.HttpContextBase, Telerik.Sitefinity.Web.PageSiteNode ByRef, Boolean, System.String[])
HResult : -2147467259
Stack Trace :    at Telerik.Sitefinity.Web.SitefinityRoute.ProcessRedirects(HttpContextBase httpContext, PageSiteNode& node, Boolean isAdditionalUrl, String[] urlParams)
   at Telerik.Sitefinity.Web.SitefinityRoute.GetRouteData(HttpContextBase httpContext)
   at System.Web.Routing.RouteCollection.GetRouteData(HttpContextBase httpContext)
   at System.Web.Routing.UrlRoutingModule.PostResolveRequestCache(HttpContextBase context)
   at System.Web.Routing.UrlRoutingModule.OnApplicationPostResolveRequestCache(Object sender, EventArgs e)
   at System.Web.HttpApplication.SyncEventExecutionStep.System.Web.HttpApplication.IExecutionStep.Execute()
   at System.Web.HttpApplication.ExecuteStep(IExecutionStep step, Boolean& completedSynchronously)

Additional Info:

MachineName : WINDOWS01
TimeStamp : 11/1/2015 1:18:08 AM
FullName : Telerik.Sitefinity.Utilities, Version=5.2.3700.0, Culture=neutral, PublicKeyToken=b28c218413bdf563
AppDomainName : /LM/W3SVC/76/ROOT-1-130908142694450221
ThreadIdentity : 
WindowsIdentity : WINDOWS01\IWPD_279(oldsugar)
Requested URL : http://oldsugarmill.com/topbar/about


Category: ErrorLog

Priority: 0

EventId: 90000

Severity: Error

Title:Enterprise Library Exception Handling

Machine: WINDOWS01

App Domain: /LM/W3SVC/76/ROOT-1-130908142694450221

ProcessId: 47076

Process Name: C:\Windows\SysWOW64\inetsrv\w3wp.exe

Thread Name: 

Win32 ThreadId:37032

Extended Properties: 
----------------------------------------
----------------------------------------
Timestamp: 11/1/2015 1:22:03 AM

Message: HandlingInstanceID: 9d0f810b-a3fa-4a69-88a3-31b0c09ea4f0
An exception of type 'System.Web.HttpException' occurred and was caught.
------------------------------------------------------------------------
11/01/2015 01:22:03
Type : System.Web.HttpException, System.Web, Version=4.0.0.0, Culture=neutral, PublicKeyToken=b03f5f7f11d50a3a
Message : The requested page doesn't exist or you do not have sufficient privileges to view it.
Source : Telerik.Sitefinity
Help link : 
WebEventCode : 0
ErrorCode : -2147467259
Data : System.Collections.ListDictionaryInternal
TargetSite : Boolean ProcessRedirects(System.Web.HttpContextBase, Telerik.Sitefinity.Web.PageSiteNode ByRef, Boolean, System.String[])
HResult : -2147467259
Stack Trace :    at Telerik.Sitefinity.Web.SitefinityRoute.ProcessRedirects(HttpContextBase httpContext, PageSiteNode& node, Boolean isAdditionalUrl, String[] urlParams)
   at Telerik.Sitefinity.Web.SitefinityRoute.GetRouteData(HttpContextBase httpContext)
   at System.Web.Routing.RouteCollection.GetRouteData(HttpContextBase httpContext)
   at System.Web.Routing.UrlRoutingModule.PostResolveRequestCache(HttpContextBase context)
   at System.Web.Routing.UrlRoutingModule.OnApplicationPostResolveRequestCache(Object sender, EventArgs e)
   at System.Web.HttpApplication.SyncEventExecutionStep.System.Web.HttpApplication.IExecutionStep.Execute()
   at System.Web.HttpApplication.ExecuteStep(IExecutionStep step, Boolean& completedSynchronously)

Additional Info:

MachineName : WINDOWS01
TimeStamp : 11/1/2015 1:22:03 AM
FullName : Telerik.Sitefinity.Utilities, Version=5.2.3700.0, Culture=neutral, PublicKeyToken=b28c218413bdf563
AppDomainName : /LM/W3SVC/76/ROOT-1-130908142694450221
ThreadIdentity : 
WindowsIdentity : WINDOWS01\IWPD_279(oldsugar)
Requested URL : http://oldsugarmill.com/topbar/about


Category: ErrorLog

Priority: 0

EventId: 90000

Severity: Error

Title:Enterprise Library Exception Handling

Machine: WINDOWS01

App Domain: /LM/W3SVC/76/ROOT-1-130908142694450221

ProcessId: 47076

Process Name: C:\Windows\SysWOW64\inetsrv\w3wp.exe

Thread Name: 

Win32 ThreadId:31296

Extended Properties: 
----------------------------------------
----------------------------------------
Timestamp: 11/1/2015 1:28:48 AM

Message: HandlingInstanceID: 80100ad2-d1dd-4b69-83c7-d0853348a4d7
An exception of type 'System.Web.HttpException' occurred and was caught.
------------------------------------------------------------------------
11/01/2015 01:28:48
Type : System.Web.HttpException, System.Web, Version=4.0.0.0, Culture=neutral, PublicKeyToken=b03f5f7f11d50a3a
Message : The requested page doesn't exist or you do not have sufficient privileges to view it.
Source : Telerik.Sitefinity
Help link : 
WebEventCode : 0
ErrorCode : -2147467259
Data : System.Collections.ListDictionaryInternal
TargetSite : Boolean ProcessRedirects(System.Web.HttpContextBase, Telerik.Sitefinity.Web.PageSiteNode ByRef, Boolean, System.String[])
HResult : -2147467259
Stack Trace :    at Telerik.Sitefinity.Web.SitefinityRoute.ProcessRedirects(HttpContextBase httpContext, PageSiteNode& node, Boolean isAdditionalUrl, String[] urlParams)
   at Telerik.Sitefinity.Web.SitefinityRoute.GetRouteData(HttpContextBase httpContext)
   at System.Web.Routing.RouteCollection.GetRouteData(HttpContextBase httpContext)
   at System.Web.Routing.UrlRoutingModule.PostResolveRequestCache(HttpContextBase context)
   at System.Web.Routing.UrlRoutingModule.OnApplicationPostResolveRequestCache(Object sender, EventArgs e)
   at System.Web.HttpApplication.SyncEventExecutionStep.System.Web.HttpApplication.IExecutionStep.Execute()
   at System.Web.HttpApplication.ExecuteStep(IExecutionStep step, Boolean& completedSynchronously)

Additional Info:

MachineName : WINDOWS01
TimeStamp : 11/1/2015 1:28:48 AM
FullName : Telerik.Sitefinity.Utilities, Version=5.2.3700.0, Culture=neutral, PublicKeyToken=b28c218413bdf563
AppDomainName : /LM/W3SVC/76/ROOT-1-130908142694450221
ThreadIdentity : 
WindowsIdentity : WINDOWS01\IWPD_279(oldsugar)
Requested URL : http://oldsugarmill.com/topbar/about


Category: ErrorLog

Priority: 0

EventId: 90000

Severity: Error

Title:Enterprise Library Exception Handling

Machine: WINDOWS01

App Domain: /LM/W3SVC/76/ROOT-1-130908142694450221

ProcessId: 47076

Process Name: C:\Windows\SysWOW64\inetsrv\w3wp.exe

Thread Name: 

Win32 ThreadId:24444

Extended Properties: 
----------------------------------------
----------------------------------------
Timestamp: 11/1/2015 1:33:59 AM

Message: HandlingInstanceID: c0fa52a7-d3c5-40fc-a696-c3cc5590985d
An exception of type 'System.Web.HttpException' occurred and was caught.
------------------------------------------------------------------------
11/01/2015 01:33:59
Type : System.Web.HttpException, System.Web, Version=4.0.0.0, Culture=neutral, PublicKeyToken=b03f5f7f11d50a3a
Message : The requested page doesn't exist or you do not have sufficient privileges to view it.
Source : Telerik.Sitefinity
Help link : 
WebEventCode : 0
ErrorCode : -2147467259
Data : System.Collections.ListDictionaryInternal
TargetSite : Boolean ProcessRedirects(System.Web.HttpContextBase, Telerik.Sitefinity.Web.PageSiteNode ByRef, Boolean, System.String[])
HResult : -2147467259
Stack Trace :    at Telerik.Sitefinity.Web.SitefinityRoute.ProcessRedirects(HttpContextBase httpContext, PageSiteNode& node, Boolean isAdditionalUrl, String[] urlParams)
   at Telerik.Sitefinity.Web.SitefinityRoute.GetRouteData(HttpContextBase httpContext)
   at System.Web.Routing.RouteCollection.GetRouteData(HttpContextBase httpContext)
   at System.Web.Routing.UrlRoutingModule.PostResolveRequestCache(HttpContextBase context)
   at System.Web.Routing.UrlRoutingModule.OnApplicationPostResolveRequestCache(Object sender, EventArgs e)
   at System.Web.HttpApplication.SyncEventExecutionStep.System.Web.HttpApplication.IExecutionStep.Execute()
   at System.Web.HttpApplication.ExecuteStep(IExecutionStep step, Boolean& completedSynchronously)

Additional Info:

MachineName : WINDOWS01
TimeStamp : 11/1/2015 1:33:59 AM
FullName : Telerik.Sitefinity.Utilities, Version=5.2.3700.0, Culture=neutral, PublicKeyToken=b28c218413bdf563
AppDomainName : /LM/W3SVC/76/ROOT-1-130908142694450221
ThreadIdentity : 
WindowsIdentity : WINDOWS01\IWPD_279(oldsugar)
Requested URL : http://oldsugarmill.com/topbar/about


Category: ErrorLog

Priority: 0

EventId: 90000

Severity: Error

Title:Enterprise Library Exception Handling

Machine: WINDOWS01

App Domain: /LM/W3SVC/76/ROOT-1-130908142694450221

ProcessId: 47076

Process Name: C:\Windows\SysWOW64\inetsrv\w3wp.exe

Thread Name: 

Win32 ThreadId:24444

Extended Properties: 
----------------------------------------
----------------------------------------
Timestamp: 11/1/2015 1:39:01 AM

Message: HandlingInstanceID: 050a24b3-a39d-4008-a5a2-e471bedf3962
An exception of type 'System.Web.HttpException' occurred and was caught.
------------------------------------------------------------------------
11/01/2015 01:39:01
Type : System.Web.HttpException, System.Web, Version=4.0.0.0, Culture=neutral, PublicKeyToken=b03f5f7f11d50a3a
Message : The requested page doesn't exist or you do not have sufficient privileges to view it.
Source : Telerik.Sitefinity
Help link : 
WebEventCode : 0
ErrorCode : -2147467259
Data : System.Collections.ListDictionaryInternal
TargetSite : Boolean ProcessRedirects(System.Web.HttpContextBase, Telerik.Sitefinity.Web.PageSiteNode ByRef, Boolean, System.String[])
HResult : -2147467259
Stack Trace :    at Telerik.Sitefinity.Web.SitefinityRoute.ProcessRedirects(HttpContextBase httpContext, PageSiteNode& node, Boolean isAdditionalUrl, String[] urlParams)
   at Telerik.Sitefinity.Web.SitefinityRoute.GetRouteData(HttpContextBase httpContext)
   at System.Web.Routing.RouteCollection.GetRouteData(HttpContextBase httpContext)
   at System.Web.Routing.UrlRoutingModule.PostResolveRequestCache(HttpContextBase context)
   at System.Web.Routing.UrlRoutingModule.OnApplicationPostResolveRequestCache(Object sender, EventArgs e)
   at System.Web.HttpApplication.SyncEventExecutionStep.System.Web.HttpApplication.IExecutionStep.Execute()
   at System.Web.HttpApplication.ExecuteStep(IExecutionStep step, Boolean& completedSynchronously)

Additional Info:

MachineName : WINDOWS01
TimeStamp : 11/1/2015 1:39:01 AM
FullName : Telerik.Sitefinity.Utilities, Version=5.2.3700.0, Culture=neutral, PublicKeyToken=b28c218413bdf563
AppDomainName : /LM/W3SVC/76/ROOT-1-130908142694450221
ThreadIdentity : 
WindowsIdentity : WINDOWS01\IWPD_279(oldsugar)
Requested URL : http://oldsugarmill.com/topbar/about


Category: ErrorLog

Priority: 0

EventId: 90000

Severity: Error

Title:Enterprise Library Exception Handling

Machine: WINDOWS01

App Domain: /LM/W3SVC/76/ROOT-1-130908142694450221

ProcessId: 47076

Process Name: C:\Windows\SysWOW64\inetsrv\w3wp.exe

Thread Name: 

Win32 ThreadId:12460

Extended Properties: 
----------------------------------------
----------------------------------------
Timestamp: 11/1/2015 3:07:20 AM

Message: HandlingInstanceID: 32959401-828b-4831-85fc-2ed68179b674
An exception of type 'System.Web.HttpException' occurred and was caught.
------------------------------------------------------------------------
11/01/2015 03:07:20
Type : System.Web.HttpException, System.Web, Version=4.0.0.0, Culture=neutral, PublicKeyToken=b03f5f7f11d50a3a
Message : This is an invalid webresource request.
Source : System.Web
Help link : 
WebEventCode : 0
ErrorCode : -2147467259
Data : System.Collections.ListDictionaryInternal
TargetSite : Void System.Web.IHttpHandler.ProcessRequest(System.Web.HttpContext)
HResult : -2147467259
Stack Trace :    at System.Web.Handlers.AssemblyResourceLoader.System.Web.IHttpHandler.ProcessRequest(HttpContext context)
   at System.Web.HttpApplication.CallHandlerExecutionStep.System.Web.HttpApplication.IExecutionStep.Execute()
   at System.Web.HttpApplication.ExecuteStep(IExecutionStep step, Boolean& completedSynchronously)

Additional Info:

MachineName : WINDOWS01
TimeStamp : 11/1/2015 3:07:20 AM
FullName : Telerik.Sitefinity.Utilities, Version=5.2.3700.0, Culture=neutral, PublicKeyToken=b28c218413bdf563
AppDomainName : /LM/W3SVC/76/ROOT-1-130908207994536577
ThreadIdentity : 
WindowsIdentity : WINDOWS01\IWPD_279(oldsugar)
Requested URL : http://oldsugarmill.com/WebResource.axd?d=IEYuurJRAPzMyFwxFaJCto8D2f51VSP-3dQLvzEZ0ROAAxnsPkp-2oIZ_VvIwf38RJAYatsnryRolg7vMAXC0nhegjUmdJB5eot33Ff8SCal1wp9AqseVovJrJ_ngmfhZFK5h05mZP9nVbWiU9dcgM--DiJ0_ZAC7rtEY3hYYOuv6LejROvG8YOOdaTma4K15lCNQR4XBzEMFzWzWUPDGg2&t=635602821092283885


Category: ErrorLog

Priority: 0

EventId: 90000

Severity: Error

Title:Enterprise Library Exception Handling

Machine: WINDOWS01

App Domain: /LM/W3SVC/76/ROOT-1-130908207994536577

ProcessId: 56112

Process Name: C:\Windows\SysWOW64\inetsrv\w3wp.exe

Thread Name: 

Win32 ThreadId:43556

Extended Properties: 
----------------------------------------
----------------------------------------
Timestamp: 11/1/2015 6:25:28 AM

Message: HandlingInstanceID: 56a5255d-0947-4bdc-bc6d-7689bb183daa
An exception of type 'System.Web.HttpException' occurred and was caught.
------------------------------------------------------------------------
11/01/2015 06:25:28
Type : System.Web.HttpException, System.Web, Version=4.0.0.0, Culture=neutral, PublicKeyToken=b03f5f7f11d50a3a
Message : The requested page doesn't exist or you do not have sufficient privileges to view it.
Source : Telerik.Sitefinity
Help link : 
WebEventCode : 0
ErrorCode : -2147467259
Data : System.Collections.ListDictionaryInternal
TargetSite : Boolean ProcessRedirects(System.Web.HttpContextBase, Telerik.Sitefinity.Web.PageSiteNode ByRef, Boolean, System.String[])
HResult : -2147467259
Stack Trace :    at Telerik.Sitefinity.Web.SitefinityRoute.ProcessRedirects(HttpContextBase httpContext, PageSiteNode& node, Boolean isAdditionalUrl, String[] urlParams)
   at Telerik.Sitefinity.Web.SitefinityRoute.GetRouteData(HttpContextBase httpContext)
   at System.Web.Routing.RouteCollection.GetRouteData(HttpContextBase httpContext)
   at System.Web.Routing.UrlRoutingModule.PostResolveRequestCache(HttpContextBase context)
   at System.Web.Routing.UrlRoutingModule.OnApplicationPostResolveRequestCache(Object sender, EventArgs e)
   at System.Web.HttpApplication.SyncEventExecutionStep.System.Web.HttpApplication.IExecutionStep.Execute()
   at System.Web.HttpApplication.ExecuteStep(IExecutionStep step, Boolean& completedSynchronously)

Additional Info:

MachineName : WINDOWS01
TimeStamp : 11/1/2015 6:25:28 AM
FullName : Telerik.Sitefinity.Utilities, Version=5.2.3700.0, Culture=neutral, PublicKeyToken=b28c218413bdf563
AppDomainName : /LM/W3SVC/76/ROOT-1-130908324840151772
ThreadIdentity : 
WindowsIdentity : WINDOWS01\IWPD_279(oldsugar)
Requested URL : http://oldsugarmill.com/topbar/about


Category: ErrorLog

Priority: 0

EventId: 90000

Severity: Error

Title:Enterprise Library Exception Handling

Machine: WINDOWS01

App Domain: /LM/W3SVC/76/ROOT-1-130908324840151772

ProcessId: 29368

Process Name: C:\Windows\SysWOW64\inetsrv\w3wp.exe

Thread Name: 

Win32 ThreadId:12632

Extended Properties: 
----------------------------------------
