----------------------------------------
Timestamp: 05/09/2014 17:36:49

Message: HandlingInstanceID: 4c26bd8c-cda1-4aec-9061-35afbf9a0ba7
An exception of type 'System.Web.HttpException' occurred and was caught.
------------------------------------------------------------------------
09/05/2014 18:36:49
Type : System.Web.HttpException, System.Web, Version=4.0.0.0, Culture=neutral, PublicKeyToken=b03f5f7f11d50a3a
Message : This is an invalid script resource request.
Source : System.Web.Extensions
Help link : 
WebEventCode : 0
ErrorCode : -2147467259
Data : System.Collections.ListDictionaryInternal
TargetSite : Void ProcessRequest(System.Web.HttpContextBase, VirtualFileReader, System.Action`2[System.String,System.Exception], Boolean)
HResult : -2147467259
Stack Trace :    at System.Web.Handlers.ScriptResourceHandler.ProcessRequest(HttpContextBase context, VirtualFileReader fileReader, Action`2 logAction, Boolean validatePath)
   at System.Web.Handlers.ScriptResourceHandler.ProcessRequest(HttpContext context)
   at System.Web.Handlers.ScriptResourceHandler.System.Web.IHttpHandler.ProcessRequest(HttpContext context)
   at System.Web.HttpApplication.CallHandlerExecutionStep.System.Web.HttpApplication.IExecutionStep.Execute()
   at System.Web.HttpApplication.ExecuteStep(IExecutionStep step, Boolean& completedSynchronously)

Additional Info:

MachineName : WEB03
TimeStamp : 05/09/2014 17:36:49
FullName : Telerik.Sitefinity.Utilities, Version=5.2.3700.0, Culture=neutral, PublicKeyToken=b28c218413bdf563
AppDomainName : /LM/W3SVC/124/ROOT-1-130543982327802500
ThreadIdentity : 
WindowsIdentity : SWBROADBAND\oldsugar
Requested URL : http://oldsugarmill.swbroadband.co.uk/ScriptResource.axd?d=vnxzhw99BVtgIapU3m5l2WRkGg16565zJcT7nqgDVEnHmNjc2VlS4MnKVLBPqBUbrBqCPWMv_nPiMykFgHL4XIUEN1qwrkivej9y2ZRdEuQmhopWBDr7n-RHGheH_e2_FZi1AXxer7fmOiIPdfpNh4HyDGCG5X-5GPo6x2IsX0CRKlLPCue9FKU29qRXnHqp0&t=155533f4


Category: ErrorLog

Priority: 0

EventId: 90000

Severity: Error

Title:Enterprise Library Exception Handling

Machine: WEB03

App Domain: /LM/W3SVC/124/ROOT-1-130543982327802500

ProcessId: 5676

Process Name: C:\Windows\SysWOW64\inetsrv\w3wp.exe

Thread Name: 

Win32 ThreadId:9820

Extended Properties: 
----------------------------------------
----------------------------------------
Timestamp: 05/09/2014 17:36:49

Message: HandlingInstanceID: 6a5d5d1a-b52e-46ac-adf2-e04ead532efc
An exception of type 'System.Web.HttpException' occurred and was caught.
------------------------------------------------------------------------
09/05/2014 18:36:49
Type : System.Web.HttpException, System.Web, Version=4.0.0.0, Culture=neutral, PublicKeyToken=b03f5f7f11d50a3a
Message : This is an invalid script resource request.
Source : System.Web.Extensions
Help link : 
WebEventCode : 0
ErrorCode : -2147467259
Data : System.Collections.ListDictionaryInternal
TargetSite : Void ProcessRequest(System.Web.HttpContextBase, VirtualFileReader, System.Action`2[System.String,System.Exception], Boolean)
HResult : -2147467259
Stack Trace :    at System.Web.Handlers.ScriptResourceHandler.ProcessRequest(HttpContextBase context, VirtualFileReader fileReader, Action`2 logAction, Boolean validatePath)
   at System.Web.Handlers.ScriptResourceHandler.ProcessRequest(HttpContext context)
   at System.Web.Handlers.ScriptResourceHandler.System.Web.IHttpHandler.ProcessRequest(HttpContext context)
   at System.Web.HttpApplication.CallHandlerExecutionStep.System.Web.HttpApplication.IExecutionStep.Execute()
   at System.Web.HttpApplication.ExecuteStep(IExecutionStep step, Boolean& completedSynchronously)

Additional Info:

MachineName : WEB03
TimeStamp : 05/09/2014 17:36:49
FullName : Telerik.Sitefinity.Utilities, Version=5.2.3700.0, Culture=neutral, PublicKeyToken=b28c218413bdf563
AppDomainName : /LM/W3SVC/124/ROOT-1-130543982327802500
ThreadIdentity : 
WindowsIdentity : SWBROADBAND\oldsugar
Requested URL : http://oldsugarmill.swbroadband.co.uk/ScriptResource.axd?d=_whzSoTHkGQiq8DkcVYQ2vw45pVuf9KBKwvq8RYLvjV-RftlOS6mQ2n6WSNlsbyGb7bC1RnnfnXkYbluX28aH5lDLgA3CLHHwvJbqVMcY7LJM11EoQNIaqPzQ90Vh9nmJSG8-w3vTsCQftXkmjkpkhS4XnA3gYGHJQOGdH-jmCxoVsvNS--oKiAsMIpeo1AnDNif3aejiQOjXUAbdBB9DQ2&t=155533f4


Category: ErrorLog

Priority: 0

EventId: 90000

Severity: Error

Title:Enterprise Library Exception Handling

Machine: WEB03

App Domain: /LM/W3SVC/124/ROOT-1-130543982327802500

ProcessId: 5676

Process Name: C:\Windows\SysWOW64\inetsrv\w3wp.exe

Thread Name: 

Win32 ThreadId:7640

Extended Properties: 
----------------------------------------
----------------------------------------
Timestamp: 05/09/2014 18:18:33

Message: HandlingInstanceID: bc51d4cc-d3df-491c-8c8b-6d9277e80a49
An exception of type 'System.Web.HttpException' occurred and was caught.
------------------------------------------------------------------------
09/05/2014 19:18:33
Type : System.Web.HttpException, System.Web, Version=4.0.0.0, Culture=neutral, PublicKeyToken=b03f5f7f11d50a3a
Message : This is an invalid script resource request.
Source : System.Web.Extensions
Help link : 
WebEventCode : 0
ErrorCode : -2147467259
Data : System.Collections.ListDictionaryInternal
TargetSite : Void ProcessRequest(System.Web.HttpContextBase, VirtualFileReader, System.Action`2[System.String,System.Exception], Boolean)
HResult : -2147467259
Stack Trace :    at System.Web.Handlers.ScriptResourceHandler.ProcessRequest(HttpContextBase context, VirtualFileReader fileReader, Action`2 logAction, Boolean validatePath)
   at System.Web.Handlers.ScriptResourceHandler.ProcessRequest(HttpContext context)
   at System.Web.Handlers.ScriptResourceHandler.System.Web.IHttpHandler.ProcessRequest(HttpContext context)
   at System.Web.HttpApplication.CallHandlerExecutionStep.System.Web.HttpApplication.IExecutionStep.Execute()
   at System.Web.HttpApplication.ExecuteStep(IExecutionStep step, Boolean& completedSynchronously)

Additional Info:

MachineName : WEB03
TimeStamp : 05/09/2014 18:18:33
FullName : Telerik.Sitefinity.Utilities, Version=5.2.3700.0, Culture=neutral, PublicKeyToken=b28c218413bdf563
AppDomainName : /LM/W3SVC/124/ROOT-1-130543982327802500
ThreadIdentity : 
WindowsIdentity : SWBROADBAND\oldsugar
Requested URL : http://oldsugarmill.swbroadband.co.uk/ScriptResource.axd?d=ujPAmeUhBu_jMumN4dxT1w8Va9mHQpsh2p0e-JNOsB7m3_Ad2v3vSXoLNznkfZaziStihW_MCNVjtbkNU9v8WhlePezu0jYLakgD8iStH8P4lZSHWxIThpksZaWgCMalAQGLk-Mzpyn2o5_hK-s3CjdAsdiq8bv8qtWIazDpYeA_59tAo1ShJnSDraS0oA5A0&t=155533f4


Category: ErrorLog

Priority: 0

EventId: 90000

Severity: Error

Title:Enterprise Library Exception Handling

Machine: WEB03

App Domain: /LM/W3SVC/124/ROOT-1-130543982327802500

ProcessId: 5676

Process Name: C:\Windows\SysWOW64\inetsrv\w3wp.exe

Thread Name: 

Win32 ThreadId:540

Extended Properties: 
----------------------------------------
----------------------------------------
Timestamp: 05/09/2014 18:18:34

Message: HandlingInstanceID: 9f340215-8772-45a2-b88c-fd0a9d33f89d
An exception of type 'System.Web.HttpException' occurred and was caught.
------------------------------------------------------------------------
09/05/2014 19:18:34
Type : System.Web.HttpException, System.Web, Version=4.0.0.0, Culture=neutral, PublicKeyToken=b03f5f7f11d50a3a
Message : This is an invalid script resource request.
Source : System.Web.Extensions
Help link : 
WebEventCode : 0
ErrorCode : -2147467259
Data : System.Collections.ListDictionaryInternal
TargetSite : Void ProcessRequest(System.Web.HttpContextBase, VirtualFileReader, System.Action`2[System.String,System.Exception], Boolean)
HResult : -2147467259
Stack Trace :    at System.Web.Handlers.ScriptResourceHandler.ProcessRequest(HttpContextBase context, VirtualFileReader fileReader, Action`2 logAction, Boolean validatePath)
   at System.Web.Handlers.ScriptResourceHandler.ProcessRequest(HttpContext context)
   at System.Web.Handlers.ScriptResourceHandler.System.Web.IHttpHandler.ProcessRequest(HttpContext context)
   at System.Web.HttpApplication.CallHandlerExecutionStep.System.Web.HttpApplication.IExecutionStep.Execute()
   at System.Web.HttpApplication.ExecuteStep(IExecutionStep step, Boolean& completedSynchronously)

Additional Info:

MachineName : WEB03
TimeStamp : 05/09/2014 18:18:34
FullName : Telerik.Sitefinity.Utilities, Version=5.2.3700.0, Culture=neutral, PublicKeyToken=b28c218413bdf563
AppDomainName : /LM/W3SVC/124/ROOT-1-130543982327802500
ThreadIdentity : 
WindowsIdentity : SWBROADBAND\oldsugar
Requested URL : http://oldsugarmill.swbroadband.co.uk/ScriptResource.axd?d=O8Un0nkFJ9WDqzttWTjkyWFVdGQy3Mv2NmQqiimgMKToiIcNsT1gZkOB7qrig0tJPMohAaIbjHyLy0sHQwWzbJuokqvmO5YC3wH5y--QffOMvGBJVNZ4irR4FZICJCxM-IxqFNZotsSBgyKeH6Lq0NtMCEK2UssTzTSor4V8ooLoFHsr03psGJZ_fzohn-pxe7Kn74gbzskAnOWdvx_PsA2&t=155533f4


Category: ErrorLog

Priority: 0

EventId: 90000

Severity: Error

Title:Enterprise Library Exception Handling

Machine: WEB03

App Domain: /LM/W3SVC/124/ROOT-1-130543982327802500

ProcessId: 5676

Process Name: C:\Windows\SysWOW64\inetsrv\w3wp.exe

Thread Name: 

Win32 ThreadId:9120

Extended Properties: 
----------------------------------------
----------------------------------------
Timestamp: 9/5/2014 10:16:35 PM

Message: HandlingInstanceID: be872452-571a-45cf-a147-4e7a78ea1cec
An exception of type 'System.Web.HttpException' occurred and was caught.
------------------------------------------------------------------------
09/05/2014 23:16:35
Type : System.Web.HttpException, System.Web, Version=4.0.0.0, Culture=neutral, PublicKeyToken=b03f5f7f11d50a3a
Message : This is an invalid script resource request.
Source : System.Web.Extensions
Help link : 
WebEventCode : 0
ErrorCode : -2147467259
Data : System.Collections.ListDictionaryInternal
TargetSite : Void ProcessRequest(System.Web.HttpContextBase, VirtualFileReader, System.Action`2[System.String,System.Exception], Boolean)
HResult : -2147467259
Stack Trace :    at System.Web.Handlers.ScriptResourceHandler.ProcessRequest(HttpContextBase context, VirtualFileReader fileReader, Action`2 logAction, Boolean validatePath)
   at System.Web.Handlers.ScriptResourceHandler.ProcessRequest(HttpContext context)
   at System.Web.Handlers.ScriptResourceHandler.System.Web.IHttpHandler.ProcessRequest(HttpContext context)
   at System.Web.HttpApplication.CallHandlerExecutionStep.System.Web.HttpApplication.IExecutionStep.Execute()
   at System.Web.HttpApplication.ExecuteStep(IExecutionStep step, Boolean& completedSynchronously)

Additional Info:

MachineName : WEB03
TimeStamp : 9/5/2014 10:16:35 PM
FullName : Telerik.Sitefinity.Utilities, Version=5.2.3700.0, Culture=neutral, PublicKeyToken=b28c218413bdf563
AppDomainName : /LM/W3SVC/124/ROOT-1-130543982327802500
ThreadIdentity : 
WindowsIdentity : SWBROADBAND\oldsugar
Requested URL : http://www.oldsugarmill.com/ScriptResource.axd?d=7YVnoKQNpZhgxmMqwUC_4H04ovJJqQefSRi_8Q1crspfMPIYeskqBHuW-lVBomTXUObfcdg7BwfIanKYFcEIwNtzBJv1J6Mm-HhlXMsglYiwna3gyoqRKABVKyZH9j9uLVfSlqGQXrcWro8rEwEQXKgNO40w74uo-nKlJZ3U5P92ksiMyFjruEtK1k3tdWufwEiWO5eZ00cED4Wj5LXovA2&t=155533f4


Category: ErrorLog

Priority: 0

EventId: 90000

Severity: Error

Title:Enterprise Library Exception Handling

Machine: WEB03

App Domain: /LM/W3SVC/124/ROOT-1-130543982327802500

ProcessId: 5676

Process Name: C:\Windows\SysWOW64\inetsrv\w3wp.exe

Thread Name: 

Win32 ThreadId:6136

Extended Properties: 
----------------------------------------
----------------------------------------
Timestamp: 9/5/2014 10:16:35 PM

Message: HandlingInstanceID: 2a7dabb1-c1ad-44fe-ab36-ba476fc9d613
An exception of type 'System.Web.HttpException' occurred and was caught.
------------------------------------------------------------------------
09/05/2014 23:16:35
Type : System.Web.HttpException, System.Web, Version=4.0.0.0, Culture=neutral, PublicKeyToken=b03f5f7f11d50a3a
Message : This is an invalid script resource request.
Source : System.Web.Extensions
Help link : 
WebEventCode : 0
ErrorCode : -2147467259
Data : System.Collections.ListDictionaryInternal
TargetSite : Void ProcessRequest(System.Web.HttpContextBase, VirtualFileReader, System.Action`2[System.String,System.Exception], Boolean)
HResult : -2147467259
Stack Trace :    at System.Web.Handlers.ScriptResourceHandler.ProcessRequest(HttpContextBase context, VirtualFileReader fileReader, Action`2 logAction, Boolean validatePath)
   at System.Web.Handlers.ScriptResourceHandler.ProcessRequest(HttpContext context)
   at System.Web.Handlers.ScriptResourceHandler.System.Web.IHttpHandler.ProcessRequest(HttpContext context)
   at System.Web.HttpApplication.CallHandlerExecutionStep.System.Web.HttpApplication.IExecutionStep.Execute()
   at System.Web.HttpApplication.ExecuteStep(IExecutionStep step, Boolean& completedSynchronously)

Additional Info:

MachineName : WEB03
TimeStamp : 9/5/2014 10:16:35 PM
FullName : Telerik.Sitefinity.Utilities, Version=5.2.3700.0, Culture=neutral, PublicKeyToken=b28c218413bdf563
AppDomainName : /LM/W3SVC/124/ROOT-1-130543982327802500
ThreadIdentity : 
WindowsIdentity : SWBROADBAND\oldsugar
Requested URL : http://www.oldsugarmill.com/ScriptResource.axd?d=ahHJvIktrHI8Yg2UbG80BtQhYcYcr6fhHGWaRswiOC9btg3yZSxS3n_oHTXKlmVMmtCIWWp8wRL65wMgR_Ca3Lzw5VyCOlp5eJByilundaeOXKuVQqxrbJnKB2yBVNsv8xJ3l0f71-Qn_ww4cCi3PyDGXmhDqOos59iAESotBTyeoYKfkFlbsj1BHqSXC4pJ0&t=155533f4


Category: ErrorLog

Priority: 0

EventId: 90000

Severity: Error

Title:Enterprise Library Exception Handling

Machine: WEB03

App Domain: /LM/W3SVC/124/ROOT-1-130543982327802500

ProcessId: 5676

Process Name: C:\Windows\SysWOW64\inetsrv\w3wp.exe

Thread Name: 

Win32 ThreadId:11700

Extended Properties: 
----------------------------------------
----------------------------------------
Timestamp: 9/5/2014 10:16:35 PM

Message: HandlingInstanceID: e0d52a59-64ce-41b1-bc2a-d408f1e95180
An exception of type 'System.Web.HttpException' occurred and was caught.
------------------------------------------------------------------------
09/05/2014 23:16:35
Type : System.Web.HttpException, System.Web, Version=4.0.0.0, Culture=neutral, PublicKeyToken=b03f5f7f11d50a3a
Message : This is an invalid webresource request.
Source : System.Web
Help link : 
WebEventCode : 0
ErrorCode : -2147467259
Data : System.Collections.ListDictionaryInternal
TargetSite : Void System.Web.IHttpHandler.ProcessRequest(System.Web.HttpContext)
HResult : -2147467259
Stack Trace :    at System.Web.Handlers.AssemblyResourceLoader.System.Web.IHttpHandler.ProcessRequest(HttpContext context)
   at System.Web.HttpApplication.CallHandlerExecutionStep.System.Web.HttpApplication.IExecutionStep.Execute()
   at System.Web.HttpApplication.ExecuteStep(IExecutionStep step, Boolean& completedSynchronously)

Additional Info:

MachineName : WEB03
TimeStamp : 9/5/2014 10:16:35 PM
FullName : Telerik.Sitefinity.Utilities, Version=5.2.3700.0, Culture=neutral, PublicKeyToken=b28c218413bdf563
AppDomainName : /LM/W3SVC/124/ROOT-1-130543982327802500
ThreadIdentity : 
WindowsIdentity : SWBROADBAND\oldsugar
Requested URL : http://www.oldsugarmill.com/WebResource.axd?d=LQQL8Z34IVg8F9l3EQLzoY0Mcyp3z-YJyXzzo2JjW185Aacniv3ujONMao6wkx6dKbDLz54EZf8jQT8p6WYi0bidbG2jbN_tpm1GNJ-biMPrZztWs0ifb6rPdbaFIm-NetoRPgbAptWeMxu2_uoAfUcSm23RJ1wuSQiuO4Exzi1s51Y5JkgKmRiJigsqORRk0&t=634901614949834375


Category: ErrorLog

Priority: 0

EventId: 90000

Severity: Error

Title:Enterprise Library Exception Handling

Machine: WEB03

App Domain: /LM/W3SVC/124/ROOT-1-130543982327802500

ProcessId: 5676

Process Name: C:\Windows\SysWOW64\inetsrv\w3wp.exe

Thread Name: 

Win32 ThreadId:12120

Extended Properties: 
----------------------------------------
----------------------------------------
Timestamp: 9/5/2014 10:16:35 PM

Message: HandlingInstanceID: f91bd4e8-6c32-43f0-be8e-a4c0ed1f8862
An exception of type 'System.Web.HttpException' occurred and was caught.
------------------------------------------------------------------------
09/05/2014 23:16:35
Type : System.Web.HttpException, System.Web, Version=4.0.0.0, Culture=neutral, PublicKeyToken=b03f5f7f11d50a3a
Message : This is an invalid webresource request.
Source : System.Web
Help link : 
WebEventCode : 0
ErrorCode : -2147467259
Data : System.Collections.ListDictionaryInternal
TargetSite : Void System.Web.IHttpHandler.ProcessRequest(System.Web.HttpContext)
HResult : -2147467259
Stack Trace :    at System.Web.Handlers.AssemblyResourceLoader.System.Web.IHttpHandler.ProcessRequest(HttpContext context)
   at System.Web.HttpApplication.CallHandlerExecutionStep.System.Web.HttpApplication.IExecutionStep.Execute()
   at System.Web.HttpApplication.ExecuteStep(IExecutionStep step, Boolean& completedSynchronously)

Additional Info:

MachineName : WEB03
TimeStamp : 9/5/2014 10:16:35 PM
FullName : Telerik.Sitefinity.Utilities, Version=5.2.3700.0, Culture=neutral, PublicKeyToken=b28c218413bdf563
AppDomainName : /LM/W3SVC/124/ROOT-1-130543982327802500
ThreadIdentity : 
WindowsIdentity : SWBROADBAND\oldsugar
Requested URL : http://www.oldsugarmill.com/WebResource.axd?d=aE0RbF-2qCbdI535rVHTPqSnBdV-s8608u7arVFy-XwQd2j8Z_ClXv89FutLp4u1y-Snl-UlY7mVQjDWzB697IvDssLfEyk35HlSm-SrdQA1&t=635195625120000000


Category: ErrorLog

Priority: 0

EventId: 90000

Severity: Error

Title:Enterprise Library Exception Handling

Machine: WEB03

App Domain: /LM/W3SVC/124/ROOT-1-130543982327802500

ProcessId: 5676

Process Name: C:\Windows\SysWOW64\inetsrv\w3wp.exe

Thread Name: 

Win32 ThreadId:11532

Extended Properties: 
----------------------------------------
----------------------------------------
Timestamp: 9/5/2014 10:16:35 PM

Message: HandlingInstanceID: 78a72e5e-5982-47d1-a332-0c02e7944518
An exception of type 'System.Web.HttpException' occurred and was caught.
------------------------------------------------------------------------
09/05/2014 23:16:35
Type : System.Web.HttpException, System.Web, Version=4.0.0.0, Culture=neutral, PublicKeyToken=b03f5f7f11d50a3a
Message : This is an invalid script resource request.
Source : System.Web.Extensions
Help link : 
WebEventCode : 0
ErrorCode : -2147467259
Data : System.Collections.ListDictionaryInternal
TargetSite : Void ProcessRequest(System.Web.HttpContextBase, VirtualFileReader, System.Action`2[System.String,System.Exception], Boolean)
HResult : -2147467259
Stack Trace :    at System.Web.Handlers.ScriptResourceHandler.ProcessRequest(HttpContextBase context, VirtualFileReader fileReader, Action`2 logAction, Boolean validatePath)
   at System.Web.Handlers.ScriptResourceHandler.ProcessRequest(HttpContext context)
   at System.Web.Handlers.ScriptResourceHandler.System.Web.IHttpHandler.ProcessRequest(HttpContext context)
   at System.Web.HttpApplication.CallHandlerExecutionStep.System.Web.HttpApplication.IExecutionStep.Execute()
   at System.Web.HttpApplication.ExecuteStep(IExecutionStep step, Boolean& completedSynchronously)

Additional Info:

MachineName : WEB03
TimeStamp : 9/5/2014 10:16:35 PM
FullName : Telerik.Sitefinity.Utilities, Version=5.2.3700.0, Culture=neutral, PublicKeyToken=b28c218413bdf563
AppDomainName : /LM/W3SVC/124/ROOT-1-130543982327802500
ThreadIdentity : 
WindowsIdentity : SWBROADBAND\oldsugar
Requested URL : http://www.oldsugarmill.com/ScriptResource.axd?d=D4wMI8c4q2_kMDSIh8wj3HL_eQk1hogl6-MZb2erCtgaCN44s-Andzi2JzW2f1Bg0KA3Gg-z5lMFNXSiRAI0A2T4RIAmDQdtXCCDli5ffQW18efpR8ktkktEw9rUtrClYfxBeTptdQq9uZ8LuePVsEmDRipTUbHU2ngWW7gChOs_FcC9voq4ZjYxSbtf97oeXHSoX7ezbxjBD0L_9qOLig2&t=155533f4


Category: ErrorLog

Priority: 0

EventId: 90000

Severity: Error

Title:Enterprise Library Exception Handling

Machine: WEB03

App Domain: /LM/W3SVC/124/ROOT-1-130543982327802500

ProcessId: 5676

Process Name: C:\Windows\SysWOW64\inetsrv\w3wp.exe

Thread Name: 

Win32 ThreadId:4588

Extended Properties: 
----------------------------------------
----------------------------------------
Timestamp: 9/5/2014 10:16:35 PM

Message: HandlingInstanceID: 871ef3b7-9d65-4fc7-8d6e-2b3fe8f2346f
An exception of type 'System.Web.HttpException' occurred and was caught.
------------------------------------------------------------------------
09/05/2014 23:16:35
Type : System.Web.HttpException, System.Web, Version=4.0.0.0, Culture=neutral, PublicKeyToken=b03f5f7f11d50a3a
Message : This is an invalid webresource request.
Source : System.Web
Help link : 
WebEventCode : 0
ErrorCode : -2147467259
Data : System.Collections.ListDictionaryInternal
TargetSite : Void System.Web.IHttpHandler.ProcessRequest(System.Web.HttpContext)
HResult : -2147467259
Stack Trace :    at System.Web.Handlers.AssemblyResourceLoader.System.Web.IHttpHandler.ProcessRequest(HttpContext context)
   at System.Web.HttpApplication.CallHandlerExecutionStep.System.Web.HttpApplication.IExecutionStep.Execute()
   at System.Web.HttpApplication.ExecuteStep(IExecutionStep step, Boolean& completedSynchronously)

Additional Info:

MachineName : WEB03
TimeStamp : 9/5/2014 10:16:35 PM
FullName : Telerik.Sitefinity.Utilities, Version=5.2.3700.0, Culture=neutral, PublicKeyToken=b28c218413bdf563
AppDomainName : /LM/W3SVC/124/ROOT-1-130543982327802500
ThreadIdentity : 
WindowsIdentity : SWBROADBAND\oldsugar
Requested URL : http://www.oldsugarmill.com/WebResource.axd?d=YnJRtDd3lrXPG2lymg9i0vD8d7u7zcqhOoWFUJoAIHStXff_eDVREYNORRkbaTjzwUwUYgkFiqCImjtnv8HtRvUp_BswHButk_e2z4BlosA1&t=635195625120000000


Category: ErrorLog

Priority: 0

EventId: 90000

Severity: Error

Title:Enterprise Library Exception Handling

Machine: WEB03

App Domain: /LM/W3SVC/124/ROOT-1-130543982327802500

ProcessId: 5676

Process Name: C:\Windows\SysWOW64\inetsrv\w3wp.exe

Thread Name: 

Win32 ThreadId:3788

Extended Properties: 
----------------------------------------
----------------------------------------
Timestamp: 9/5/2014 10:16:35 PM

Message: HandlingInstanceID: 489457c5-7ffa-4f3b-91e6-6ca4df5b6c9a
An exception of type 'System.Web.HttpException' occurred and was caught.
------------------------------------------------------------------------
09/05/2014 23:16:35
Type : System.Web.HttpException, System.Web, Version=4.0.0.0, Culture=neutral, PublicKeyToken=b03f5f7f11d50a3a
Message : This is an invalid webresource request.
Source : System.Web
Help link : 
WebEventCode : 0
ErrorCode : -2147467259
Data : System.Collections.ListDictionaryInternal
TargetSite : Void System.Web.IHttpHandler.ProcessRequest(System.Web.HttpContext)
HResult : -2147467259
Stack Trace :    at System.Web.Handlers.AssemblyResourceLoader.System.Web.IHttpHandler.ProcessRequest(HttpContext context)
   at System.Web.HttpApplication.CallHandlerExecutionStep.System.Web.HttpApplication.IExecutionStep.Execute()
   at System.Web.HttpApplication.ExecuteStep(IExecutionStep step, Boolean& completedSynchronously)

Additional Info:

MachineName : WEB03
TimeStamp : 9/5/2014 10:16:35 PM
FullName : Telerik.Sitefinity.Utilities, Version=5.2.3700.0, Culture=neutral, PublicKeyToken=b28c218413bdf563
AppDomainName : /LM/W3SVC/124/ROOT-1-130543982327802500
ThreadIdentity : 
WindowsIdentity : SWBROADBAND\oldsugar
Requested URL : http://www.oldsugarmill.com/WebResource.axd?d=AVxejE7DPvwTei33OgExaNUYlzaWHzIN7nj4sQyWCJYe8CjvmD7RpMaPJpxJTX6A95DZvrsUCa7FwZiScQtKkefZD1EuLy8SmKli5Irq4pSDd_dalvY4vj3i65aE_fGADoKCzqOo9A134ZXOe-kcdpynvbT1_WFwL_D8L2iAUBnTb2MZTWLDQHWohRxH8hWW0&t=634901614949834375


Category: ErrorLog

Priority: 0

EventId: 90000

Severity: Error

Title:Enterprise Library Exception Handling

Machine: WEB03

App Domain: /LM/W3SVC/124/ROOT-1-130543982327802500

ProcessId: 5676

Process Name: C:\Windows\SysWOW64\inetsrv\w3wp.exe

Thread Name: 

Win32 ThreadId:10060

Extended Properties: 
----------------------------------------
----------------------------------------
Timestamp: 9/5/2014 10:16:35 PM

Message: HandlingInstanceID: 3fc78d75-97fb-49ea-ba91-d00f52595660
An exception of type 'System.Web.HttpException' occurred and was caught.
------------------------------------------------------------------------
09/05/2014 23:16:35
Type : System.Web.HttpException, System.Web, Version=4.0.0.0, Culture=neutral, PublicKeyToken=b03f5f7f11d50a3a
Message : This is an invalid webresource request.
Source : System.Web
Help link : 
WebEventCode : 0
ErrorCode : -2147467259
Data : System.Collections.ListDictionaryInternal
TargetSite : Void System.Web.IHttpHandler.ProcessRequest(System.Web.HttpContext)
HResult : -2147467259
Stack Trace :    at System.Web.Handlers.AssemblyResourceLoader.System.Web.IHttpHandler.ProcessRequest(HttpContext context)
   at System.Web.HttpApplication.CallHandlerExecutionStep.System.Web.HttpApplication.IExecutionStep.Execute()
   at System.Web.HttpApplication.ExecuteStep(IExecutionStep step, Boolean& completedSynchronously)

Additional Info:

MachineName : WEB03
TimeStamp : 9/5/2014 10:16:35 PM
FullName : Telerik.Sitefinity.Utilities, Version=5.2.3700.0, Culture=neutral, PublicKeyToken=b28c218413bdf563
AppDomainName : /LM/W3SVC/124/ROOT-1-130543982327802500
ThreadIdentity : 
WindowsIdentity : SWBROADBAND\oldsugar
Requested URL : http://www.oldsugarmill.com/WebResource.axd?d=Q0SKy92uR0VXxiMNNIu_eg1HpmS73X8yRz8KhypqVmsGPl9z2cZQBQY7XGE8_4LSdy48PY0V7DJdauK-9o_t2PZBSv8pkfD8wkievNXsVhZ4BFhrFFFDScBQPlkOaB1EXx3G5t8P_O-Y_14WC9yL98nQ2gJNrq1oN1aQ7yZa0f0apGOYhsg_War9-LJiF_Nx0&t=634901614949834375


Category: ErrorLog

Priority: 0

EventId: 90000

Severity: Error

Title:Enterprise Library Exception Handling

Machine: WEB03

App Domain: /LM/W3SVC/124/ROOT-1-130543982327802500

ProcessId: 5676

Process Name: C:\Windows\SysWOW64\inetsrv\w3wp.exe

Thread Name: 

Win32 ThreadId:6864

Extended Properties: 
----------------------------------------
----------------------------------------
Timestamp: 9/5/2014 10:16:35 PM

Message: HandlingInstanceID: 9c5bd605-ed42-44c8-8283-b5bce4dec554
An exception of type 'System.Web.HttpException' occurred and was caught.
------------------------------------------------------------------------
09/05/2014 23:16:35
Type : System.Web.HttpException, System.Web, Version=4.0.0.0, Culture=neutral, PublicKeyToken=b03f5f7f11d50a3a
Message : This is an invalid script resource request.
Source : System.Web.Extensions
Help link : 
WebEventCode : 0
ErrorCode : -2147467259
Data : System.Collections.ListDictionaryInternal
TargetSite : Void ProcessRequest(System.Web.HttpContextBase, VirtualFileReader, System.Action`2[System.String,System.Exception], Boolean)
HResult : -2147467259
Stack Trace :    at System.Web.Handlers.ScriptResourceHandler.ProcessRequest(HttpContextBase context, VirtualFileReader fileReader, Action`2 logAction, Boolean validatePath)
   at System.Web.Handlers.ScriptResourceHandler.ProcessRequest(HttpContext context)
   at System.Web.Handlers.ScriptResourceHandler.System.Web.IHttpHandler.ProcessRequest(HttpContext context)
   at System.Web.HttpApplication.CallHandlerExecutionStep.System.Web.HttpApplication.IExecutionStep.Execute()
   at System.Web.HttpApplication.ExecuteStep(IExecutionStep step, Boolean& completedSynchronously)

Additional Info:

MachineName : WEB03
TimeStamp : 9/5/2014 10:16:35 PM
FullName : Telerik.Sitefinity.Utilities, Version=5.2.3700.0, Culture=neutral, PublicKeyToken=b28c218413bdf563
AppDomainName : /LM/W3SVC/124/ROOT-1-130543982327802500
ThreadIdentity : 
WindowsIdentity : SWBROADBAND\oldsugar
Requested URL : http://www.oldsugarmill.com/ScriptResource.axd?d=AxJ2FT0yU4zZOhCV_gaPaME5zbwgMmgL7VTjePsiqtwSDLgwf9nnVpCXuyFMFAlzcYJhyqIb6cRJdwcGXdGc5e8V0lW2Hfax3jisi062zmQ3NNOZMipuWp5bQWpM8kbaYNGTUbU0KvZxPwbGVxisaHrd5AhQV3Gyn39WgsWpjqsCQvrPdF-3dLPOj0dZ42uB0&t=155533f4


Category: ErrorLog

Priority: 0

EventId: 90000

Severity: Error

Title:Enterprise Library Exception Handling

Machine: WEB03

App Domain: /LM/W3SVC/124/ROOT-1-130543982327802500

ProcessId: 5676

Process Name: C:\Windows\SysWOW64\inetsrv\w3wp.exe

Thread Name: 

Win32 ThreadId:6812

Extended Properties: 
----------------------------------------
----------------------------------------
Timestamp: 9/5/2014 10:16:35 PM

Message: HandlingInstanceID: 76fed2f7-e8fc-47c7-be89-2abfd5e7cdf9
An exception of type 'System.Web.HttpException' occurred and was caught.
------------------------------------------------------------------------
09/05/2014 23:16:35
Type : System.Web.HttpException, System.Web, Version=4.0.0.0, Culture=neutral, PublicKeyToken=b03f5f7f11d50a3a
Message : This is an invalid script resource request.
Source : System.Web.Extensions
Help link : 
WebEventCode : 0
ErrorCode : -2147467259
Data : System.Collections.ListDictionaryInternal
TargetSite : Void ProcessRequest(System.Web.HttpContextBase, VirtualFileReader, System.Action`2[System.String,System.Exception], Boolean)
HResult : -2147467259
Stack Trace :    at System.Web.Handlers.ScriptResourceHandler.ProcessRequest(HttpContextBase context, VirtualFileReader fileReader, Action`2 logAction, Boolean validatePath)
   at System.Web.Handlers.ScriptResourceHandler.ProcessRequest(HttpContext context)
   at System.Web.Handlers.ScriptResourceHandler.System.Web.IHttpHandler.ProcessRequest(HttpContext context)
   at System.Web.HttpApplication.CallHandlerExecutionStep.System.Web.HttpApplication.IExecutionStep.Execute()
   at System.Web.HttpApplication.ExecuteStep(IExecutionStep step, Boolean& completedSynchronously)

Additional Info:

MachineName : WEB03
TimeStamp : 9/5/2014 10:16:35 PM
FullName : Telerik.Sitefinity.Utilities, Version=5.2.3700.0, Culture=neutral, PublicKeyToken=b28c218413bdf563
AppDomainName : /LM/W3SVC/124/ROOT-1-130543982327802500
ThreadIdentity : 
WindowsIdentity : SWBROADBAND\oldsugar
Requested URL : http://www.oldsugarmill.com/ScriptResource.axd?d=ioJ0arCuAqbWx1CFPErc9wxIK9jfl1cz6IPEyo9kzrcCiqMsv_IvOXOaGIYqDU-UV7Vwf_DxQVxSBuFv-oZgeMcjT2o9FgidDwQA7KgulHSCpL1hQtauMylnqJnV0bQJIxR5coLhR7RndR4_3YuGb1aCw-exa1WArYiHjketK7L6nZgPyIfSBq_5rTtSLQqBqekoHoZJDBdMdz_LMhJEdg2&t=155533f4


Category: ErrorLog

Priority: 0

EventId: 90000

Severity: Error

Title:Enterprise Library Exception Handling

Machine: WEB03

App Domain: /LM/W3SVC/124/ROOT-1-130543982327802500

ProcessId: 5676

Process Name: C:\Windows\SysWOW64\inetsrv\w3wp.exe

Thread Name: 

Win32 ThreadId:8928

Extended Properties: 
----------------------------------------
----------------------------------------
Timestamp: 9/5/2014 10:16:35 PM

Message: HandlingInstanceID: d0eb328b-5d66-4352-ba9c-dbb7d0408cf8
An exception of type 'System.Web.HttpException' occurred and was caught.
------------------------------------------------------------------------
09/05/2014 23:16:35
Type : System.Web.HttpException, System.Web, Version=4.0.0.0, Culture=neutral, PublicKeyToken=b03f5f7f11d50a3a
Message : This is an invalid webresource request.
Source : System.Web
Help link : 
WebEventCode : 0
ErrorCode : -2147467259
Data : System.Collections.ListDictionaryInternal
TargetSite : Void System.Web.IHttpHandler.ProcessRequest(System.Web.HttpContext)
HResult : -2147467259
Stack Trace :    at System.Web.Handlers.AssemblyResourceLoader.System.Web.IHttpHandler.ProcessRequest(HttpContext context)
   at System.Web.HttpApplication.CallHandlerExecutionStep.System.Web.HttpApplication.IExecutionStep.Execute()
   at System.Web.HttpApplication.ExecuteStep(IExecutionStep step, Boolean& completedSynchronously)

Additional Info:

MachineName : WEB03
TimeStamp : 9/5/2014 10:16:35 PM
FullName : Telerik.Sitefinity.Utilities, Version=5.2.3700.0, Culture=neutral, PublicKeyToken=b28c218413bdf563
AppDomainName : /LM/W3SVC/124/ROOT-1-130543982327802500
ThreadIdentity : 
WindowsIdentity : SWBROADBAND\oldsugar
Requested URL : http://www.oldsugarmill.com/WebResource.axd?d=yAMLyL_FjK-YVQnfE8TwSQ7H4OwV8l-BMzEDE27pbf5_-HEJOIJm970plkp2KqZPM6Jw_3twL8zjOVnV5kO-8NE6USidLVPV0hbuNWmaW0g1&t=635195625120000000


Category: ErrorLog

Priority: 0

EventId: 90000

Severity: Error

Title:Enterprise Library Exception Handling

Machine: WEB03

App Domain: /LM/W3SVC/124/ROOT-1-130543982327802500

ProcessId: 5676

Process Name: C:\Windows\SysWOW64\inetsrv\w3wp.exe

Thread Name: 

Win32 ThreadId:6604

Extended Properties: 
----------------------------------------
----------------------------------------
Timestamp: 9/5/2014 10:16:35 PM

Message: HandlingInstanceID: 507f5c3d-2796-410f-8299-4d939318f023
An exception of type 'System.Web.HttpException' occurred and was caught.
------------------------------------------------------------------------
09/05/2014 23:16:35
Type : System.Web.HttpException, System.Web, Version=4.0.0.0, Culture=neutral, PublicKeyToken=b03f5f7f11d50a3a
Message : This is an invalid script resource request.
Source : System.Web.Extensions
Help link : 
WebEventCode : 0
ErrorCode : -2147467259
Data : System.Collections.ListDictionaryInternal
TargetSite : Void ProcessRequest(System.Web.HttpContextBase, VirtualFileReader, System.Action`2[System.String,System.Exception], Boolean)
HResult : -2147467259
Stack Trace :    at System.Web.Handlers.ScriptResourceHandler.ProcessRequest(HttpContextBase context, VirtualFileReader fileReader, Action`2 logAction, Boolean validatePath)
   at System.Web.Handlers.ScriptResourceHandler.ProcessRequest(HttpContext context)
   at System.Web.Handlers.ScriptResourceHandler.System.Web.IHttpHandler.ProcessRequest(HttpContext context)
   at System.Web.HttpApplication.CallHandlerExecutionStep.System.Web.HttpApplication.IExecutionStep.Execute()
   at System.Web.HttpApplication.ExecuteStep(IExecutionStep step, Boolean& completedSynchronously)

Additional Info:

MachineName : WEB03
TimeStamp : 9/5/2014 10:16:35 PM
FullName : Telerik.Sitefinity.Utilities, Version=5.2.3700.0, Culture=neutral, PublicKeyToken=b28c218413bdf563
AppDomainName : /LM/W3SVC/124/ROOT-1-130543982327802500
ThreadIdentity : 
WindowsIdentity : SWBROADBAND\oldsugar
Requested URL : http://www.oldsugarmill.com/ScriptResource.axd?d=6nIJMN0ZX8z9ZeaxYDfsc5WjMeM15DQxUSaSsrhVypE7DPJxhcqsIyVWnKgGFlypYU_PX8TkXdHxh08W_ZLN-ig-gU_8oJZis8X0LP8VnJyvFcezvX4AMjE7IyN-Op2KLQbJMdtAkHMQhFd49GFfYUQTSPSaC0A4fmdU7HiKmXCu_nZvQOUiZs4qYnWmuTk40&t=155533f4


Category: ErrorLog

Priority: 0

EventId: 90000

Severity: Error

Title:Enterprise Library Exception Handling

Machine: WEB03

App Domain: /LM/W3SVC/124/ROOT-1-130543982327802500

ProcessId: 5676

Process Name: C:\Windows\SysWOW64\inetsrv\w3wp.exe

Thread Name: 

Win32 ThreadId:10896

Extended Properties: 
----------------------------------------
----------------------------------------
Timestamp: 9/5/2014 11:58:58 PM

Message: HandlingInstanceID: 71ae1e63-2629-4a6b-9022-e740d29d26a6
An exception of type 'System.Web.HttpException' occurred and was caught.
------------------------------------------------------------------------
09/06/2014 00:58:58
Type : System.Web.HttpException, System.Web, Version=4.0.0.0, Culture=neutral, PublicKeyToken=b03f5f7f11d50a3a
Message : This is an invalid webresource request.
Source : System.Web
Help link : 
WebEventCode : 0
ErrorCode : -2147467259
Data : System.Collections.ListDictionaryInternal
TargetSite : Void System.Web.IHttpHandler.ProcessRequest(System.Web.HttpContext)
HResult : -2147467259
Stack Trace :    at System.Web.Handlers.AssemblyResourceLoader.System.Web.IHttpHandler.ProcessRequest(HttpContext context)
   at System.Web.HttpApplication.CallHandlerExecutionStep.System.Web.HttpApplication.IExecutionStep.Execute()
   at System.Web.HttpApplication.ExecuteStep(IExecutionStep step, Boolean& completedSynchronously)

Additional Info:

MachineName : WEB03
TimeStamp : 9/5/2014 11:58:58 PM
FullName : Telerik.Sitefinity.Utilities, Version=5.2.3700.0, Culture=neutral, PublicKeyToken=b28c218413bdf563
AppDomainName : /LM/W3SVC/124/ROOT-1-130543982327802500
ThreadIdentity : 
WindowsIdentity : SWBROADBAND\oldsugar
Requested URL : http://www.oldsugarmill.com/WebResource.axd?d=YnJRtDd3lrXPG2lymg9i0vD8d7u7zcqhOoWFUJoAIHStXff_eDVREYNORRkbaTjzwUwUYgkFiqCImjtnv8HtRvUp_BswHButk_e2z4BlosA1&t=635195625120000000


Category: ErrorLog

Priority: 0

EventId: 90000

Severity: Error

Title:Enterprise Library Exception Handling

Machine: WEB03

App Domain: /LM/W3SVC/124/ROOT-1-130543982327802500

ProcessId: 5676

Process Name: C:\Windows\SysWOW64\inetsrv\w3wp.exe

Thread Name: 

Win32 ThreadId:11620

Extended Properties: 
----------------------------------------
----------------------------------------
Timestamp: 9/5/2014 11:58:58 PM

Message: HandlingInstanceID: 48ec519e-879d-40fc-a966-9e85e77a3fb6
An exception of type 'System.Web.HttpException' occurred and was caught.
------------------------------------------------------------------------
09/06/2014 00:58:58
Type : System.Web.HttpException, System.Web, Version=4.0.0.0, Culture=neutral, PublicKeyToken=b03f5f7f11d50a3a
Message : This is an invalid webresource request.
Source : System.Web
Help link : 
WebEventCode : 0
ErrorCode : -2147467259
Data : System.Collections.ListDictionaryInternal
TargetSite : Void System.Web.IHttpHandler.ProcessRequest(System.Web.HttpContext)
HResult : -2147467259
Stack Trace :    at System.Web.Handlers.AssemblyResourceLoader.System.Web.IHttpHandler.ProcessRequest(HttpContext context)
   at System.Web.HttpApplication.CallHandlerExecutionStep.System.Web.HttpApplication.IExecutionStep.Execute()
   at System.Web.HttpApplication.ExecuteStep(IExecutionStep step, Boolean& completedSynchronously)

Additional Info:

MachineName : WEB03
TimeStamp : 9/5/2014 11:58:58 PM
FullName : Telerik.Sitefinity.Utilities, Version=5.2.3700.0, Culture=neutral, PublicKeyToken=b28c218413bdf563
AppDomainName : /LM/W3SVC/124/ROOT-1-130543982327802500
ThreadIdentity : 
WindowsIdentity : SWBROADBAND\oldsugar
Requested URL : http://www.oldsugarmill.com/WebResource.axd?d=LQQL8Z34IVg8F9l3EQLzoY0Mcyp3z-YJyXzzo2JjW185Aacniv3ujONMao6wkx6dKbDLz54EZf8jQT8p6WYi0bidbG2jbN_tpm1GNJ-biMPrZztWs0ifb6rPdbaFIm-NetoRPgbAptWeMxu2_uoAfUcSm23RJ1wuSQiuO4Exzi1s51Y5JkgKmRiJigsqORRk0&t=634901614949834375


Category: ErrorLog

Priority: 0

EventId: 90000

Severity: Error

Title:Enterprise Library Exception Handling

Machine: WEB03

App Domain: /LM/W3SVC/124/ROOT-1-130543982327802500

ProcessId: 5676

Process Name: C:\Windows\SysWOW64\inetsrv\w3wp.exe

Thread Name: 

Win32 ThreadId:7900

Extended Properties: 
----------------------------------------
----------------------------------------
Timestamp: 9/5/2014 11:58:58 PM

Message: HandlingInstanceID: 8e99e6e0-9694-40d8-b54b-0f65b669dc0f
An exception of type 'System.Web.HttpException' occurred and was caught.
------------------------------------------------------------------------
09/06/2014 00:58:58
Type : System.Web.HttpException, System.Web, Version=4.0.0.0, Culture=neutral, PublicKeyToken=b03f5f7f11d50a3a
Message : This is an invalid script resource request.
Source : System.Web.Extensions
Help link : 
WebEventCode : 0
ErrorCode : -2147467259
Data : System.Collections.ListDictionaryInternal
TargetSite : Void ProcessRequest(System.Web.HttpContextBase, VirtualFileReader, System.Action`2[System.String,System.Exception], Boolean)
HResult : -2147467259
Stack Trace :    at System.Web.Handlers.ScriptResourceHandler.ProcessRequest(HttpContextBase context, VirtualFileReader fileReader, Action`2 logAction, Boolean validatePath)
   at System.Web.Handlers.ScriptResourceHandler.ProcessRequest(HttpContext context)
   at System.Web.Handlers.ScriptResourceHandler.System.Web.IHttpHandler.ProcessRequest(HttpContext context)
   at System.Web.HttpApplication.CallHandlerExecutionStep.System.Web.HttpApplication.IExecutionStep.Execute()
   at System.Web.HttpApplication.ExecuteStep(IExecutionStep step, Boolean& completedSynchronously)

Additional Info:

MachineName : WEB03
TimeStamp : 9/5/2014 11:58:58 PM
FullName : Telerik.Sitefinity.Utilities, Version=5.2.3700.0, Culture=neutral, PublicKeyToken=b28c218413bdf563
AppDomainName : /LM/W3SVC/124/ROOT-1-130543982327802500
ThreadIdentity : 
WindowsIdentity : SWBROADBAND\oldsugar
Requested URL : http://www.oldsugarmill.com/ScriptResource.axd?d=AxJ2FT0yU4zZOhCV_gaPaME5zbwgMmgL7VTjePsiqtwSDLgwf9nnVpCXuyFMFAlzcYJhyqIb6cRJdwcGXdGc5e8V0lW2Hfax3jisi062zmQ3NNOZMipuWp5bQWpM8kbaYNGTUbU0KvZxPwbGVxisaHrd5AhQV3Gyn39WgsWpjqsCQvrPdF-3dLPOj0dZ42uB0&t=155533f4


Category: ErrorLog

Priority: 0

EventId: 90000

Severity: Error

Title:Enterprise Library Exception Handling

Machine: WEB03

App Domain: /LM/W3SVC/124/ROOT-1-130543982327802500

ProcessId: 5676

Process Name: C:\Windows\SysWOW64\inetsrv\w3wp.exe

Thread Name: 

Win32 ThreadId:10656

Extended Properties: 
----------------------------------------
----------------------------------------
Timestamp: 9/5/2014 11:58:58 PM

Message: HandlingInstanceID: e3943068-a677-467f-9c74-bcba1cf1b594
An exception of type 'System.Web.HttpException' occurred and was caught.
------------------------------------------------------------------------
09/06/2014 00:58:58
Type : System.Web.HttpException, System.Web, Version=4.0.0.0, Culture=neutral, PublicKeyToken=b03f5f7f11d50a3a
Message : This is an invalid script resource request.
Source : System.Web.Extensions
Help link : 
WebEventCode : 0
ErrorCode : -2147467259
Data : System.Collections.ListDictionaryInternal
TargetSite : Void ProcessRequest(System.Web.HttpContextBase, VirtualFileReader, System.Action`2[System.String,System.Exception], Boolean)
HResult : -2147467259
Stack Trace :    at System.Web.Handlers.ScriptResourceHandler.ProcessRequest(HttpContextBase context, VirtualFileReader fileReader, Action`2 logAction, Boolean validatePath)
   at System.Web.Handlers.ScriptResourceHandler.ProcessRequest(HttpContext context)
   at System.Web.Handlers.ScriptResourceHandler.System.Web.IHttpHandler.ProcessRequest(HttpContext context)
   at System.Web.HttpApplication.CallHandlerExecutionStep.System.Web.HttpApplication.IExecutionStep.Execute()
   at System.Web.HttpApplication.ExecuteStep(IExecutionStep step, Boolean& completedSynchronously)

Additional Info:

MachineName : WEB03
TimeStamp : 9/5/2014 11:58:58 PM
FullName : Telerik.Sitefinity.Utilities, Version=5.2.3700.0, Culture=neutral, PublicKeyToken=b28c218413bdf563
AppDomainName : /LM/W3SVC/124/ROOT-1-130543982327802500
ThreadIdentity : 
WindowsIdentity : SWBROADBAND\oldsugar
Requested URL : http://www.oldsugarmill.com/ScriptResource.axd?d=D4wMI8c4q2_kMDSIh8wj3HL_eQk1hogl6-MZb2erCtgaCN44s-Andzi2JzW2f1Bg0KA3Gg-z5lMFNXSiRAI0A2T4RIAmDQdtXCCDli5ffQW18efpR8ktkktEw9rUtrClYfxBeTptdQq9uZ8LuePVsEmDRipTUbHU2ngWW7gChOs_FcC9voq4ZjYxSbtf97oeXHSoX7ezbxjBD0L_9qOLig2&t=155533f4


Category: ErrorLog

Priority: 0

EventId: 90000

Severity: Error

Title:Enterprise Library Exception Handling

Machine: WEB03

App Domain: /LM/W3SVC/124/ROOT-1-130543982327802500

ProcessId: 5676

Process Name: C:\Windows\SysWOW64\inetsrv\w3wp.exe

Thread Name: 

Win32 ThreadId:6340

Extended Properties: 
----------------------------------------
----------------------------------------
Timestamp: 9/5/2014 11:58:58 PM

Message: HandlingInstanceID: 6a8bd465-86e5-4b03-b5ae-72f34235fd36
An exception of type 'System.Web.HttpException' occurred and was caught.
------------------------------------------------------------------------
09/06/2014 00:58:58
Type : System.Web.HttpException, System.Web, Version=4.0.0.0, Culture=neutral, PublicKeyToken=b03f5f7f11d50a3a
Message : This is an invalid script resource request.
Source : System.Web.Extensions
Help link : 
WebEventCode : 0
ErrorCode : -2147467259
Data : System.Collections.ListDictionaryInternal
TargetSite : Void ProcessRequest(System.Web.HttpContextBase, VirtualFileReader, System.Action`2[System.String,System.Exception], Boolean)
HResult : -2147467259
Stack Trace :    at System.Web.Handlers.ScriptResourceHandler.ProcessRequest(HttpContextBase context, VirtualFileReader fileReader, Action`2 logAction, Boolean validatePath)
   at System.Web.Handlers.ScriptResourceHandler.ProcessRequest(HttpContext context)
   at System.Web.Handlers.ScriptResourceHandler.System.Web.IHttpHandler.ProcessRequest(HttpContext context)
   at System.Web.HttpApplication.CallHandlerExecutionStep.System.Web.HttpApplication.IExecutionStep.Execute()
   at System.Web.HttpApplication.ExecuteStep(IExecutionStep step, Boolean& completedSynchronously)

Additional Info:

MachineName : WEB03
TimeStamp : 9/5/2014 11:58:58 PM
FullName : Telerik.Sitefinity.Utilities, Version=5.2.3700.0, Culture=neutral, PublicKeyToken=b28c218413bdf563
AppDomainName : /LM/W3SVC/124/ROOT-1-130543982327802500
ThreadIdentity : 
WindowsIdentity : SWBROADBAND\oldsugar
Requested URL : http://www.oldsugarmill.com/ScriptResource.axd?d=7YVnoKQNpZhgxmMqwUC_4H04ovJJqQefSRi_8Q1crspfMPIYeskqBHuW-lVBomTXUObfcdg7BwfIanKYFcEIwNtzBJv1J6Mm-HhlXMsglYiwna3gyoqRKABVKyZH9j9uLVfSlqGQXrcWro8rEwEQXKgNO40w74uo-nKlJZ3U5P92ksiMyFjruEtK1k3tdWufwEiWO5eZ00cED4Wj5LXovA2&t=155533f4


Category: ErrorLog

Priority: 0

EventId: 90000

Severity: Error

Title:Enterprise Library Exception Handling

Machine: WEB03

App Domain: /LM/W3SVC/124/ROOT-1-130543982327802500

ProcessId: 5676

Process Name: C:\Windows\SysWOW64\inetsrv\w3wp.exe

Thread Name: 

Win32 ThreadId:11660

Extended Properties: 
----------------------------------------
----------------------------------------
Timestamp: 9/5/2014 11:58:58 PM

Message: HandlingInstanceID: 9ee5265d-015f-4354-b9ce-d9b7d8b3f2f9
An exception of type 'System.Web.HttpException' occurred and was caught.
------------------------------------------------------------------------
09/06/2014 00:58:58
Type : System.Web.HttpException, System.Web, Version=4.0.0.0, Culture=neutral, PublicKeyToken=b03f5f7f11d50a3a
Message : This is an invalid webresource request.
Source : System.Web
Help link : 
WebEventCode : 0
ErrorCode : -2147467259
Data : System.Collections.ListDictionaryInternal
TargetSite : Void System.Web.IHttpHandler.ProcessRequest(System.Web.HttpContext)
HResult : -2147467259
Stack Trace :    at System.Web.Handlers.AssemblyResourceLoader.System.Web.IHttpHandler.ProcessRequest(HttpContext context)
   at System.Web.HttpApplication.CallHandlerExecutionStep.System.Web.HttpApplication.IExecutionStep.Execute()
   at System.Web.HttpApplication.ExecuteStep(IExecutionStep step, Boolean& completedSynchronously)

Additional Info:

MachineName : WEB03
TimeStamp : 9/5/2014 11:58:58 PM
FullName : Telerik.Sitefinity.Utilities, Version=5.2.3700.0, Culture=neutral, PublicKeyToken=b28c218413bdf563
AppDomainName : /LM/W3SVC/124/ROOT-1-130543982327802500
ThreadIdentity : 
WindowsIdentity : SWBROADBAND\oldsugar
Requested URL : http://www.oldsugarmill.com/WebResource.axd?d=AVxejE7DPvwTei33OgExaNUYlzaWHzIN7nj4sQyWCJYe8CjvmD7RpMaPJpxJTX6A95DZvrsUCa7FwZiScQtKkefZD1EuLy8SmKli5Irq4pSDd_dalvY4vj3i65aE_fGADoKCzqOo9A134ZXOe-kcdpynvbT1_WFwL_D8L2iAUBnTb2MZTWLDQHWohRxH8hWW0&t=634901614949834375


Category: ErrorLog

Priority: 0

EventId: 90000

Severity: Error

Title:Enterprise Library Exception Handling

Machine: WEB03

App Domain: /LM/W3SVC/124/ROOT-1-130543982327802500

ProcessId: 5676

Process Name: C:\Windows\SysWOW64\inetsrv\w3wp.exe

Thread Name: 

Win32 ThreadId:7852

Extended Properties: 
----------------------------------------
----------------------------------------
Timestamp: 9/5/2014 11:58:58 PM

Message: HandlingInstanceID: d59b2387-65d7-4421-829a-6f13a5013fd3
An exception of type 'System.Web.HttpException' occurred and was caught.
------------------------------------------------------------------------
09/06/2014 00:58:58
Type : System.Web.HttpException, System.Web, Version=4.0.0.0, Culture=neutral, PublicKeyToken=b03f5f7f11d50a3a
Message : This is an invalid script resource request.
Source : System.Web.Extensions
Help link : 
WebEventCode : 0
ErrorCode : -2147467259
Data : System.Collections.ListDictionaryInternal
TargetSite : Void ProcessRequest(System.Web.HttpContextBase, VirtualFileReader, System.Action`2[System.String,System.Exception], Boolean)
HResult : -2147467259
Stack Trace :    at System.Web.Handlers.ScriptResourceHandler.ProcessRequest(HttpContextBase context, VirtualFileReader fileReader, Action`2 logAction, Boolean validatePath)
   at System.Web.Handlers.ScriptResourceHandler.ProcessRequest(HttpContext context)
   at System.Web.Handlers.ScriptResourceHandler.System.Web.IHttpHandler.ProcessRequest(HttpContext context)
   at System.Web.HttpApplication.CallHandlerExecutionStep.System.Web.HttpApplication.IExecutionStep.Execute()
   at System.Web.HttpApplication.ExecuteStep(IExecutionStep step, Boolean& completedSynchronously)

Additional Info:

MachineName : WEB03
TimeStamp : 9/5/2014 11:58:58 PM
FullName : Telerik.Sitefinity.Utilities, Version=5.2.3700.0, Culture=neutral, PublicKeyToken=b28c218413bdf563
AppDomainName : /LM/W3SVC/124/ROOT-1-130543982327802500
ThreadIdentity : 
WindowsIdentity : SWBROADBAND\oldsugar
Requested URL : http://www.oldsugarmill.com/ScriptResource.axd?d=ahHJvIktrHI8Yg2UbG80BtQhYcYcr6fhHGWaRswiOC9btg3yZSxS3n_oHTXKlmVMmtCIWWp8wRL65wMgR_Ca3Lzw5VyCOlp5eJByilundaeOXKuVQqxrbJnKB2yBVNsv8xJ3l0f71-Qn_ww4cCi3PyDGXmhDqOos59iAESotBTyeoYKfkFlbsj1BHqSXC4pJ0&t=155533f4


Category: ErrorLog

Priority: 0

EventId: 90000

Severity: Error

Title:Enterprise Library Exception Handling

Machine: WEB03

App Domain: /LM/W3SVC/124/ROOT-1-130543982327802500

ProcessId: 5676

Process Name: C:\Windows\SysWOW64\inetsrv\w3wp.exe

Thread Name: 

Win32 ThreadId:7852

Extended Properties: 
----------------------------------------
----------------------------------------
Timestamp: 9/5/2014 11:58:58 PM

Message: HandlingInstanceID: a60df21a-59c9-4dcd-9d8c-fb8a12b5e797
An exception of type 'System.Web.HttpException' occurred and was caught.
------------------------------------------------------------------------
09/06/2014 00:58:58
Type : System.Web.HttpException, System.Web, Version=4.0.0.0, Culture=neutral, PublicKeyToken=b03f5f7f11d50a3a
Message : This is an invalid webresource request.
Source : System.Web
Help link : 
WebEventCode : 0
ErrorCode : -2147467259
Data : System.Collections.ListDictionaryInternal
TargetSite : Void System.Web.IHttpHandler.ProcessRequest(System.Web.HttpContext)
HResult : -2147467259
Stack Trace :    at System.Web.Handlers.AssemblyResourceLoader.System.Web.IHttpHandler.ProcessRequest(HttpContext context)
   at System.Web.HttpApplication.CallHandlerExecutionStep.System.Web.HttpApplication.IExecutionStep.Execute()
   at System.Web.HttpApplication.ExecuteStep(IExecutionStep step, Boolean& completedSynchronously)

Additional Info:

MachineName : WEB03
TimeStamp : 9/5/2014 11:58:58 PM
FullName : Telerik.Sitefinity.Utilities, Version=5.2.3700.0, Culture=neutral, PublicKeyToken=b28c218413bdf563
AppDomainName : /LM/W3SVC/124/ROOT-1-130543982327802500
ThreadIdentity : 
WindowsIdentity : SWBROADBAND\oldsugar
Requested URL : http://www.oldsugarmill.com/WebResource.axd?d=yAMLyL_FjK-YVQnfE8TwSQ7H4OwV8l-BMzEDE27pbf5_-HEJOIJm970plkp2KqZPM6Jw_3twL8zjOVnV5kO-8NE6USidLVPV0hbuNWmaW0g1&t=635195625120000000


Category: ErrorLog

Priority: 0

EventId: 90000

Severity: Error

Title:Enterprise Library Exception Handling

Machine: WEB03

App Domain: /LM/W3SVC/124/ROOT-1-130543982327802500

ProcessId: 5676

Process Name: C:\Windows\SysWOW64\inetsrv\w3wp.exe

Thread Name: 

Win32 ThreadId:8168

Extended Properties: 
----------------------------------------
----------------------------------------
Timestamp: 06/09/2014 01:39:13

Message: HandlingInstanceID: 092ba77f-10f7-48ad-8f94-cb686aaf83f0
An exception of type 'System.Web.HttpException' occurred and was caught.
------------------------------------------------------------------------
09/06/2014 02:39:13
Type : System.Web.HttpException, System.Web, Version=4.0.0.0, Culture=neutral, PublicKeyToken=b03f5f7f11d50a3a
Message : This is an invalid webresource request.
Source : System.Web
Help link : 
WebEventCode : 0
ErrorCode : -2147467259
Data : System.Collections.ListDictionaryInternal
TargetSite : Void System.Web.IHttpHandler.ProcessRequest(System.Web.HttpContext)
HResult : -2147467259
Stack Trace :    at System.Web.Handlers.AssemblyResourceLoader.System.Web.IHttpHandler.ProcessRequest(HttpContext context)
   at System.Web.HttpApplication.CallHandlerExecutionStep.System.Web.HttpApplication.IExecutionStep.Execute()
   at System.Web.HttpApplication.ExecuteStep(IExecutionStep step, Boolean& completedSynchronously)

Additional Info:

MachineName : WEB03
TimeStamp : 06/09/2014 01:39:13
FullName : Telerik.Sitefinity.Utilities, Version=5.2.3700.0, Culture=neutral, PublicKeyToken=b28c218413bdf563
AppDomainName : /LM/W3SVC/124/ROOT-1-130543982327802500
ThreadIdentity : 
WindowsIdentity : SWBROADBAND\oldsugar
Requested URL : http://www.oldsugarmill.com/WebResource.axd?d=YnJRtDd3lrXPG2lymg9i0vD8d7u7zcqhOoWFUJoAIHStXff_eDVREYNORRkbaTjzwUwUYgkFiqCImjtnv8HtRvUp_BswHButk_e2z4BlosA1&t=635195625120000000


Category: ErrorLog

Priority: 0

EventId: 90000

Severity: Error

Title:Enterprise Library Exception Handling

Machine: WEB03

App Domain: /LM/W3SVC/124/ROOT-1-130543982327802500

ProcessId: 5676

Process Name: C:\Windows\SysWOW64\inetsrv\w3wp.exe

Thread Name: 

Win32 ThreadId:10764

Extended Properties: 
----------------------------------------
----------------------------------------
Timestamp: 9/6/2014 3:50:27 AM

Message: HandlingInstanceID: 290f7d79-4e96-4000-9d82-f5a27af43ab5
An exception of type 'System.Web.HttpException' occurred and was caught.
------------------------------------------------------------------------
09/06/2014 04:50:27
Type : System.Web.HttpException, System.Web, Version=4.0.0.0, Culture=neutral, PublicKeyToken=b03f5f7f11d50a3a
Message : The remote host closed the connection. The error code is 0x80070079.
Source : System.Web
Help link : 
WebEventCode : 0
ErrorCode : -2147024775
Data : System.Collections.ListDictionaryInternal
TargetSite : Void RaiseCommunicationError(Int32, Boolean)
HResult : -2147024775
Stack Trace :    at System.Web.Hosting.IIS7WorkerRequest.RaiseCommunicationError(Int32 result, Boolean throwOnDisconnect)
   at System.Web.Hosting.IIS7WorkerRequest.ExplicitFlush()
   at System.Web.HttpResponse.Flush(Boolean finalFlush, Boolean async)
   at System.Web.HttpResponse.Flush()
   at System.Web.HttpWriter.WriteFromStream(Byte[] data, Int32 offset, Int32 size)
   at System.Web.HttpResponseStream.Write(Byte[] buffer, Int32 offset, Int32 count)
   at Telerik.Sitefinity.Modules.Libraries.Web.LibraryHttpHandler.<>c__DisplayClassd.<SendCachedResponse>b__b()
   at Telerik.Sitefinity.Modules.Libraries.Web.LibraryHttpHandler.IgnoringClosedConnection(Action action)
   at Telerik.Sitefinity.Modules.Libraries.Web.LibraryHttpHandler.SendCachedResponse(HttpRequest request, HttpResponse response, OutputItem item)
   at Telerik.Sitefinity.Modules.Libraries.Web.LibraryHttpHandler.ProcessRequest(HttpContext context)
   at System.Web.HttpApplication.CallHandlerExecutionStep.System.Web.HttpApplication.IExecutionStep.Execute()
   at System.Web.HttpApplication.ExecuteStep(IExecutionStep step, Boolean& completedSynchronously)

Additional Info:

MachineName : WEB03
TimeStamp : 9/6/2014 3:50:27 AM
FullName : Telerik.Sitefinity.Utilities, Version=5.2.3700.0, Culture=neutral, PublicKeyToken=b28c218413bdf563
AppDomainName : /LM/W3SVC/124/ROOT-1-130543982327802500
ThreadIdentity : 
WindowsIdentity : SWBROADBAND\oldsugar
Requested URL : http://www.oldsugarmill.com/images/default-source/default-album/entrance-2207661318-o---copy-(2).jpg?sfvrsn=0


Category: ErrorLog

Priority: 0

EventId: 90000

Severity: Error

Title:Enterprise Library Exception Handling

Machine: WEB03

App Domain: /LM/W3SVC/124/ROOT-1-130543982327802500

ProcessId: 5676

Process Name: C:\Windows\SysWOW64\inetsrv\w3wp.exe

Thread Name: 

Win32 ThreadId:6592

Extended Properties: 
----------------------------------------
----------------------------------------
Timestamp: 9/6/2014 8:29:18 AM

Message: HandlingInstanceID: 38ab4e35-bf86-4fe6-b07f-7a4eabc24912
An exception of type 'System.Web.HttpException' occurred and was caught.
------------------------------------------------------------------------
09/06/2014 09:29:18
Type : System.Web.HttpException, System.Web, Version=4.0.0.0, Culture=neutral, PublicKeyToken=b03f5f7f11d50a3a
Message : File not found.
Source : Telerik.Sitefinity
Help link : 
WebEventCode : 0
ErrorCode : -2147467259
Data : System.Collections.ListDictionaryInternal
TargetSite : IOutputItem GetOutputItem(System.Web.HttpRequest, System.Web.HttpResponse, Telerik.Microsoft.Practices.EnterpriseLibrary.Caching.ICacheManager, System.String, Telerik.Sitefinity.Libraries.Model.MediaContent ByRef)
HResult : -2147467259
Stack Trace :    at Telerik.Sitefinity.Modules.Libraries.Web.LibraryHttpHandler.GetOutputItem(HttpRequest request, HttpResponse response, ICacheManager cache, String key, MediaContent& content)
   at Telerik.Sitefinity.Modules.Libraries.Web.LibraryHttpHandler.ProcessRequest(HttpContext context)
   at System.Web.HttpApplication.CallHandlerExecutionStep.System.Web.HttpApplication.IExecutionStep.Execute()
   at System.Web.HttpApplication.ExecuteStep(IExecutionStep step, Boolean& completedSynchronously)

Additional Info:

MachineName : WEB03
TimeStamp : 9/6/2014 8:29:18 AM
FullName : Telerik.Sitefinity.Utilities, Version=5.2.3700.0, Culture=neutral, PublicKeyToken=b28c218413bdf563
AppDomainName : /LM/W3SVC/124/ROOT-1-130544636914208750
ThreadIdentity : 
WindowsIdentity : SWBROADBAND\oldsugar
Requested URL : http://www.oldsugarmill.com/images/retail_strap.jpg


Category: ErrorLog

Priority: 0

EventId: 90000

Severity: Error

Title:Enterprise Library Exception Handling

Machine: WEB03

App Domain: /LM/W3SVC/124/ROOT-1-130544636914208750

ProcessId: 9484

Process Name: C:\Windows\SysWOW64\inetsrv\w3wp.exe

Thread Name: 

Win32 ThreadId:6040

Extended Properties: 
----------------------------------------
