----------------------------------------
Timestamp: 5/27/2014 6:55:44 AM

Message: HandlingInstanceID: e7ca20eb-0b7f-4d0b-bd0a-f9bd9794eb50
An exception of type 'System.ArgumentException' occurred and was caught.
------------------------------------------------------------------------
05/27/2014 07:55:44
Type : System.ArgumentException, mscorlib, Version=4.0.0.0, Culture=neutral, PublicKeyToken=b77a5c561934e089
Message : Item has already been added. Key in dictionary: 'Telerik.Web.SkinsAssembly'  Key being added: 'Telerik.Web.SkinsAssembly'
Source : mscorlib
Help link : 
ParamName : 
Data : System.Collections.ListDictionaryInternal
TargetSite : Void Insert(System.Object, System.Object, Boolean)
HResult : -2147024809
Stack Trace :    at System.Collections.Hashtable.Insert(Object key, Object nvalue, Boolean add)
   at System.Collections.Hashtable.Add(Object key, Object value)
   at System.Collections.Specialized.NameObjectCollectionBase.BaseAdd(String name, Object value)
   at System.Collections.Specialized.NameObjectCollectionBase.BaseSet(String name, Object value)
   at System.Collections.Specialized.NameValueCollection.Set(String name, String value)
   at Telerik.Web.SkinRegistrar.GetDefaultSkinsAssemblyName()
   at Telerik.Web.SkinRegistrar.GetAllEmbeddedSkinAttributes(RadSkinManager skinManager, Type controlType)
   at Telerik.Web.SkinRegistrar.GetAllEmbeddedSkinAttributes(Type controlType, Page page, Boolean designTime)
   at Telerik.Web.UI.Common.BaseClass.GetShortControlName(Control control)
   at Telerik.Web.UI.Common.BaseClass.GetValueFromConfig(String keyFormat, Control control)
   at Telerik.Web.UI.Common.BaseClass.GetGlobalEnableEmbeddedSkins(Control control)
   at Telerik.Web.UI.RadDataBoundControl.get_EnableEmbeddedSkins()
   at Telerik.Web.UI.RadDataBoundControl.Telerik.Web.ISkinnableControl.get_EnableEmbeddedSkins()
   at Telerik.Web.SkinRegistrar.GetEmbeddedSkinAttributes(ISkinnableControl control, Type controlType, Boolean designTime)
   at Telerik.Web.UI.RadStyleSheetManager.RegisterSkinnableControl(ISkinnableControl control)
   at Telerik.Web.UI.RadDataBoundControl.RegisterCssReferences()
   at Telerik.Web.UI.RadDataBoundControl.ControlPreRender()
   at Telerik.Web.UI.RadDataBoundControl.OnPreRender(EventArgs e)
   at System.Web.UI.Control.PreRenderRecursiveInternal()
   at System.Web.UI.Control.PreRenderRecursiveInternal()
   at System.Web.UI.Control.PreRenderRecursiveInternal()
   at System.Web.UI.Control.PreRenderRecursiveInternal()
   at System.Web.UI.Control.PreRenderRecursiveInternal()
   at System.Web.UI.Control.PreRenderRecursiveInternal()
   at System.Web.UI.Control.PreRenderRecursiveInternal()
   at System.Web.UI.Control.PreRenderRecursiveInternal()
   at System.Web.UI.Control.PreRenderRecursiveInternal()
   at System.Web.UI.Control.PreRenderRecursiveInternal()
   at System.Web.UI.Page.ProcessRequestMain(Boolean includeStagesBeforeAsyncPoint, Boolean includeStagesAfterAsyncPoint)

Additional Info:

MachineName : WEB03
TimeStamp : 5/27/2014 6:55:44 AM
FullName : Telerik.Sitefinity.Utilities, Version=5.2.3700.0, Culture=neutral, PublicKeyToken=b28c218413bdf563
AppDomainName : /LM/W3SVC/124/ROOT-13-130456473266073750
ThreadIdentity : 
WindowsIdentity : SWBROADBAND\oldsugar
Requested URL : http://www.oldsugarmill.com/


Category: ErrorLog

Priority: 0

EventId: 90000

Severity: Error

Title:Enterprise Library Exception Handling

Machine: WEB03

App Domain: /LM/W3SVC/124/ROOT-13-130456473266073750

ProcessId: 7760

Process Name: C:\Windows\SysWOW64\inetsrv\w3wp.exe

Thread Name: 

Win32 ThreadId:4776

Extended Properties: 
----------------------------------------
----------------------------------------
Timestamp: 27/05/2014 06:59:51

Message: HandlingInstanceID: 4955311a-d914-48c7-a5d7-0eaed74438a3
An exception of type 'System.Web.HttpException' occurred and was caught.
------------------------------------------------------------------------
05/27/2014 07:59:51
Type : System.Web.HttpException, System.Web, Version=4.0.0.0, Culture=neutral, PublicKeyToken=b03f5f7f11d50a3a
Message : This is an invalid script resource request.
Source : System.Web.Extensions
Help link : 
WebEventCode : 0
ErrorCode : -2147467259
Data : System.Collections.ListDictionaryInternal
TargetSite : Void ProcessRequest(System.Web.HttpContextBase, VirtualFileReader, System.Action`2[System.String,System.Exception], Boolean)
HResult : -2147467259
Stack Trace :    at System.Web.Handlers.ScriptResourceHandler.ProcessRequest(HttpContextBase context, VirtualFileReader fileReader, Action`2 logAction, Boolean validatePath)
   at System.Web.Handlers.ScriptResourceHandler.ProcessRequest(HttpContext context)
   at System.Web.Handlers.ScriptResourceHandler.System.Web.IHttpHandler.ProcessRequest(HttpContext context)
   at System.Web.HttpApplication.CallHandlerExecutionStep.System.Web.HttpApplication.IExecutionStep.Execute()
   at System.Web.HttpApplication.ExecuteStep(IExecutionStep step, Boolean& completedSynchronously)

Additional Info:

MachineName : WEB03
TimeStamp : 27/05/2014 06:59:51
FullName : Telerik.Sitefinity.Utilities, Version=5.2.3700.0, Culture=neutral, PublicKeyToken=b28c218413bdf563
AppDomainName : /LM/W3SVC/124/ROOT-13-130456473266073750
ThreadIdentity : 
WindowsIdentity : SWBROADBAND\oldsugar
Requested URL : http://oldsugarmill.swbroadband.co.uk/ScriptResource.axd?d=MN11_J8bmOPQq0gHK7XbBlIekYa5A6uOXrYLgKfJYVMFqesri86380NrunHXwtrHlOh-_3ax7IoznNPI3-vWpyYEAvGB6jbS3omUFHtDxGJiZlZNjmx7OuHMXZu7XSvuOVfNQIMmUQtuLlMmsOuByLbkMOXctMvZ-Ule2GI6b23NiBobJgQC133R41Z3aIsz0&t=155533f4


Category: ErrorLog

Priority: 0

EventId: 90000

Severity: Error

Title:Enterprise Library Exception Handling

Machine: WEB03

App Domain: /LM/W3SVC/124/ROOT-13-130456473266073750

ProcessId: 7760

Process Name: C:\Windows\SysWOW64\inetsrv\w3wp.exe

Thread Name: 

Win32 ThreadId:4776

Extended Properties: 
----------------------------------------
----------------------------------------
Timestamp: 27/05/2014 12:37:13

Message: HandlingInstanceID: 8261448b-ccaf-459b-84b6-f1cfcbc7649e
An exception of type 'System.Web.HttpException' occurred and was caught.
------------------------------------------------------------------------
05/27/2014 13:37:13
Type : System.Web.HttpException, System.Web, Version=4.0.0.0, Culture=neutral, PublicKeyToken=b03f5f7f11d50a3a
Message : This is an invalid script resource request.
Source : System.Web.Extensions
Help link : 
WebEventCode : 0
ErrorCode : -2147467259
Data : System.Collections.ListDictionaryInternal
TargetSite : Void ProcessRequest(System.Web.HttpContextBase, VirtualFileReader, System.Action`2[System.String,System.Exception], Boolean)
HResult : -2147467259
Stack Trace :    at System.Web.Handlers.ScriptResourceHandler.ProcessRequest(HttpContextBase context, VirtualFileReader fileReader, Action`2 logAction, Boolean validatePath)
   at System.Web.Handlers.ScriptResourceHandler.ProcessRequest(HttpContext context)
   at System.Web.Handlers.ScriptResourceHandler.System.Web.IHttpHandler.ProcessRequest(HttpContext context)
   at System.Web.HttpApplication.CallHandlerExecutionStep.System.Web.HttpApplication.IExecutionStep.Execute()
   at System.Web.HttpApplication.ExecuteStep(IExecutionStep step, Boolean& completedSynchronously)

Additional Info:

MachineName : WEB03
TimeStamp : 27/05/2014 12:37:13
FullName : Telerik.Sitefinity.Utilities, Version=5.2.3700.0, Culture=neutral, PublicKeyToken=b28c218413bdf563
AppDomainName : /LM/W3SVC/124/ROOT-11-130456675070605000
ThreadIdentity : 
WindowsIdentity : SWBROADBAND\oldsugar
Requested URL : http://www.oldsugarmill.com/ScriptResource.axd?d=wPMByuDGHyCbXsiLiNEYq2e32mEee7ppzN6TwA_DJSQ5-tFETRbO_SR6m-hqnqOBK1f1ph5YSWcUpz4zmidj5xGO1uGGHcKitDPQTw26LSHUHrC_1DM0k0N_ngdhBG3NM7i3JAbU9OKXKvYHG3ibD5k9pxAzn1NE-WHef3ImtOknIDdOtYR1dtCSfWn_cy9u4yqqmlOxJWE9mjKqghWmqA2&t=155533f4


Category: ErrorLog

Priority: 0

EventId: 90000

Severity: Error

Title:Enterprise Library Exception Handling

Machine: WEB03

App Domain: /LM/W3SVC/124/ROOT-11-130456675070605000

ProcessId: 6700

Process Name: C:\Windows\SysWOW64\inetsrv\w3wp.exe

Thread Name: 

Win32 ThreadId:10088

Extended Properties: 
----------------------------------------
----------------------------------------
Timestamp: 27/05/2014 12:37:14

Message: HandlingInstanceID: e36e8f6d-476e-4fa1-9246-12b4abbce428
An exception of type 'System.Web.HttpException' occurred and was caught.
------------------------------------------------------------------------
05/27/2014 13:37:14
Type : System.Web.HttpException, System.Web, Version=4.0.0.0, Culture=neutral, PublicKeyToken=b03f5f7f11d50a3a
Message : This is an invalid script resource request.
Source : System.Web.Extensions
Help link : 
WebEventCode : 0
ErrorCode : -2147467259
Data : System.Collections.ListDictionaryInternal
TargetSite : Void ProcessRequest(System.Web.HttpContextBase, VirtualFileReader, System.Action`2[System.String,System.Exception], Boolean)
HResult : -2147467259
Stack Trace :    at System.Web.Handlers.ScriptResourceHandler.ProcessRequest(HttpContextBase context, VirtualFileReader fileReader, Action`2 logAction, Boolean validatePath)
   at System.Web.Handlers.ScriptResourceHandler.ProcessRequest(HttpContext context)
   at System.Web.Handlers.ScriptResourceHandler.System.Web.IHttpHandler.ProcessRequest(HttpContext context)
   at System.Web.HttpApplication.CallHandlerExecutionStep.System.Web.HttpApplication.IExecutionStep.Execute()
   at System.Web.HttpApplication.ExecuteStep(IExecutionStep step, Boolean& completedSynchronously)

Additional Info:

MachineName : WEB03
TimeStamp : 27/05/2014 12:37:14
FullName : Telerik.Sitefinity.Utilities, Version=5.2.3700.0, Culture=neutral, PublicKeyToken=b28c218413bdf563
AppDomainName : /LM/W3SVC/124/ROOT-11-130456675070605000
ThreadIdentity : 
WindowsIdentity : SWBROADBAND\oldsugar
Requested URL : http://www.oldsugarmill.com/ScriptResource.axd?d=87bhp-28Cxn94c3AWeO55Jn5HqG-dp_hRekuzWM4tfJzLkdGacQRoH7u2-rysJyW-WB03YfgPxB5oyonPqSrcxl_ULqWBecSWUfwhf3NztRVvdkOUinQPjs-X7dKVgssjvMqfmb9ikV4dm1oWMk0U-xAjW9lf_XfX2p2zlDfpF2iuPCpmOQ_C88mXxg3HjvQ0&t=155533f4


Category: ErrorLog

Priority: 0

EventId: 90000

Severity: Error

Title:Enterprise Library Exception Handling

Machine: WEB03

App Domain: /LM/W3SVC/124/ROOT-11-130456675070605000

ProcessId: 6700

Process Name: C:\Windows\SysWOW64\inetsrv\w3wp.exe

Thread Name: 

Win32 ThreadId:12352

Extended Properties: 
----------------------------------------
----------------------------------------
Timestamp: 27/05/2014 13:58:43

Message: HandlingInstanceID: cfc45a85-f1b3-41dd-a8b8-b997d3bdaad8
An exception of type 'System.Web.HttpException' occurred and was caught.
------------------------------------------------------------------------
05/27/2014 14:58:43
Type : System.Web.HttpException, System.Web, Version=4.0.0.0, Culture=neutral, PublicKeyToken=b03f5f7f11d50a3a
Message : This is an invalid script resource request.
Source : System.Web.Extensions
Help link : 
WebEventCode : 0
ErrorCode : -2147467259
Data : System.Collections.ListDictionaryInternal
TargetSite : Void ProcessRequest(System.Web.HttpContextBase, VirtualFileReader, System.Action`2[System.String,System.Exception], Boolean)
HResult : -2147467259
Stack Trace :    at System.Web.Handlers.ScriptResourceHandler.ProcessRequest(HttpContextBase context, VirtualFileReader fileReader, Action`2 logAction, Boolean validatePath)
   at System.Web.Handlers.ScriptResourceHandler.ProcessRequest(HttpContext context)
   at System.Web.Handlers.ScriptResourceHandler.System.Web.IHttpHandler.ProcessRequest(HttpContext context)
   at System.Web.HttpApplication.CallHandlerExecutionStep.System.Web.HttpApplication.IExecutionStep.Execute()
   at System.Web.HttpApplication.ExecuteStep(IExecutionStep step, Boolean& completedSynchronously)

Additional Info:

MachineName : WEB03
TimeStamp : 27/05/2014 13:58:43
FullName : Telerik.Sitefinity.Utilities, Version=5.2.3700.0, Culture=neutral, PublicKeyToken=b28c218413bdf563
AppDomainName : /LM/W3SVC/124/ROOT-9-130456723214355000
ThreadIdentity : 
WindowsIdentity : SWBROADBAND\oldsugar
Requested URL : http://www.oldsugarmill.com/ScriptResource.axd?d=YpixE3GY3kdeOZPTPQw_cfDO7rMWjv13uZXAqnSFPHuHgkHAMsBLmVB5FZl8wS1lsmqVlPs-yw-JbG5f9aspxGVxVcwRBi6WhCDELc0rviWtFm0ATaIODvDwjmH2XmDAVak_QPCiXHbSSC0Y2QsX1mMqXkjmk-_VGGQBF0LJ1TK8Pgaml4LGGeBsxiERY4ki0&t=155533f4


Category: ErrorLog

Priority: 0

EventId: 90000

Severity: Error

Title:Enterprise Library Exception Handling

Machine: WEB03

App Domain: /LM/W3SVC/124/ROOT-9-130456723214355000

ProcessId: 12296

Process Name: C:\Windows\SysWOW64\inetsrv\w3wp.exe

Thread Name: 

Win32 ThreadId:13028

Extended Properties: 
----------------------------------------
----------------------------------------
Timestamp: 27/05/2014 14:05:44

Message: HandlingInstanceID: fc79513a-a076-4f6c-83b2-36fe0777c730
An exception of type 'System.Web.HttpException' occurred and was caught.
------------------------------------------------------------------------
05/27/2014 15:05:44
Type : System.Web.HttpException, System.Web, Version=4.0.0.0, Culture=neutral, PublicKeyToken=b03f5f7f11d50a3a
Message : This is an invalid script resource request.
Source : System.Web.Extensions
Help link : 
WebEventCode : 0
ErrorCode : -2147467259
Data : System.Collections.ListDictionaryInternal
TargetSite : Void ProcessRequest(System.Web.HttpContextBase, VirtualFileReader, System.Action`2[System.String,System.Exception], Boolean)
HResult : -2147467259
Stack Trace :    at System.Web.Handlers.ScriptResourceHandler.ProcessRequest(HttpContextBase context, VirtualFileReader fileReader, Action`2 logAction, Boolean validatePath)
   at System.Web.Handlers.ScriptResourceHandler.ProcessRequest(HttpContext context)
   at System.Web.Handlers.ScriptResourceHandler.System.Web.IHttpHandler.ProcessRequest(HttpContext context)
   at System.Web.HttpApplication.CallHandlerExecutionStep.System.Web.HttpApplication.IExecutionStep.Execute()
   at System.Web.HttpApplication.ExecuteStep(IExecutionStep step, Boolean& completedSynchronously)

Additional Info:

MachineName : WEB03
TimeStamp : 27/05/2014 14:05:44
FullName : Telerik.Sitefinity.Utilities, Version=5.2.3700.0, Culture=neutral, PublicKeyToken=b28c218413bdf563
AppDomainName : /LM/W3SVC/124/ROOT-9-130456723214355000
ThreadIdentity : 
WindowsIdentity : SWBROADBAND\oldsugar
Requested URL : http://www.oldsugarmill.com/ScriptResource.axd?d=YpixE3GY3kdeOZPTPQw_cfDO7rMWjv13uZXAqnSFPHuHgkHAMsBLmVB5FZl8wS1lsmqVlPs-yw-JbG5f9aspxGVxVcwRBi6WhCDELc0rviWtFm0ATaIODvDwjmH2XmDAVak_QPCiXHbSSC0Y2QsX1mMqXkjmk-_VGGQBF0LJ1TK8Pgaml4LGGeBsxiERY4ki0&t=155533f4


Category: ErrorLog

Priority: 0

EventId: 90000

Severity: Error

Title:Enterprise Library Exception Handling

Machine: WEB03

App Domain: /LM/W3SVC/124/ROOT-9-130456723214355000

ProcessId: 12296

Process Name: C:\Windows\SysWOW64\inetsrv\w3wp.exe

Thread Name: 

Win32 ThreadId:12364

Extended Properties: 
----------------------------------------
----------------------------------------
Timestamp: 27/05/2014 14:17:09

Message: HandlingInstanceID: ccbb6a17-9810-4f07-b771-9bd00acf8970
An exception of type 'System.Web.HttpException' occurred and was caught.
------------------------------------------------------------------------
05/27/2014 15:17:09
Type : System.Web.HttpException, System.Web, Version=4.0.0.0, Culture=neutral, PublicKeyToken=b03f5f7f11d50a3a
Message : This is an invalid webresource request.
Source : System.Web
Help link : 
WebEventCode : 0
ErrorCode : -2147467259
Data : System.Collections.ListDictionaryInternal
TargetSite : Void System.Web.IHttpHandler.ProcessRequest(System.Web.HttpContext)
HResult : -2147467259
Stack Trace :    at System.Web.Handlers.AssemblyResourceLoader.System.Web.IHttpHandler.ProcessRequest(HttpContext context)
   at System.Web.HttpApplication.CallHandlerExecutionStep.System.Web.HttpApplication.IExecutionStep.Execute()
   at System.Web.HttpApplication.ExecuteStep(IExecutionStep step, Boolean& completedSynchronously)

Additional Info:

MachineName : WEB03
TimeStamp : 27/05/2014 14:17:09
FullName : Telerik.Sitefinity.Utilities, Version=5.2.3700.0, Culture=neutral, PublicKeyToken=b28c218413bdf563
AppDomainName : /LM/W3SVC/124/ROOT-9-130456723214355000
ThreadIdentity : 
WindowsIdentity : SWBROADBAND\oldsugar
Requested URL : http://www.oldsugarmill.com/WebResource.axd?d=msKKETHe0dHUgHjpMv24-hEAP_CXeYuEbY7YiqkB14O5lIzC8An4qRN2xd3v38b-ZwW9TZQkWt1tB7ohrtSLu9Mf_A5oQFUGE-XljKTrqyI1&t=635195661120000000


Category: ErrorLog

Priority: 0

EventId: 90000

Severity: Error

Title:Enterprise Library Exception Handling

Machine: WEB03

App Domain: /LM/W3SVC/124/ROOT-9-130456723214355000

ProcessId: 12296

Process Name: C:\Windows\SysWOW64\inetsrv\w3wp.exe

Thread Name: 

Win32 ThreadId:4588

Extended Properties: 
----------------------------------------
----------------------------------------
Timestamp: 5/27/2014 6:27:20 PM

Message: HandlingInstanceID: ec0cee3d-ec90-4fa7-a37b-5c478817e932
An exception of type 'Telerik.OpenAccess.Exceptions.DataStoreException' occurred and was caught.
------------------------------------------------------------------------------------------------
05/27/2014 19:27:20
Type : Telerik.OpenAccess.Exceptions.DataStoreException, Telerik.OpenAccess, Version=2012.3.1012.1, Culture=neutral, PublicKeyToken=7ce17eeaf1d59342
Message : Error executing query: Telerik.OpenAccess.RT.sql.SQLException: Can't create/write to file 'C:\Windows\TEMP\#sql5f4_332f_e.MYI' (Errcode: 28)
   at Telerik.OpenAccess.RT.Adonet2Generic.Impl.PreparedStatementImp.executeQuery()
   at OpenAccessRuntime.Relational.conn.PooledPreparedStatement.executeQuery()
   at OpenAccessRuntime.Relational.fetch.FetchResultImp.Execute()
SQL:
SELECT a.`content_id` AS COL1, c.`control_id` AS COL2, c.`id` AS COL3, c.`caption_` AS COL4, c.`description_` AS COL5, c.`app_name` AS COL6, c.`control_id` AS COL7, c.`language` AS COL8, c.`last_modified` AS COL9, c.`multilingual` AS COL10, c.`nme` AS COL11, c.`prnt_prop_id` AS COL12, c.`validation` AS COL13, c.`val` AS COL14, c.`voa_version` AS COL15 FROM `sf_form_description` a LEFT JOIN `sf_object_data` AS b ON (a.`content_id` = b.`content_id`) LEFT JOIN `sf_control_properties` AS c ON (b.`id` = c.`control_id`) WHERE a.`content_id` = ?                                       ORDER BY c.`control_id`  Telerik.OpenAccess.RT.sql.SQLException: Can't create/write to file 'C:\Windows\TEMP\#sql5f4_332f_e.MYI' (Errcode: 28)
   at Telerik.OpenAccess.RT.Adonet2Generic.Impl.PreparedStatementImp.executeQuery()
   at OpenAccessRuntime.Relational.conn.PooledPreparedStatement.executeQuery()
   at OpenAccessRuntime.Relational.fetch.FetchResultImp.Execute()
Source : Telerik.OpenAccess.Runtime
Help link : 
InnerExceptions : System.Exception[]
FailedObject : 
BackendError : Telerik.OpenAccess.RT.sql.SQLException: Can't create/write to file 'C:\Windows\TEMP\#sql5f4_332f_e.MYI' (Errcode: 28)
   at Telerik.OpenAccess.RT.Adonet2Generic.Impl.PreparedStatementImp.executeQuery()
   at OpenAccessRuntime.Relational.conn.PooledPreparedStatement.executeQuery()
   at OpenAccessRuntime.Relational.fetch.FetchResultImp.Execute()
Reason : Runtime
CanRetry : False
Data : System.Collections.ListDictionaryInternal
TargetSite : System.Exception Throw()
HResult : -2146233088
Stack Trace :    at OpenAccessRuntime.ExceptionWrapper.Throw()
   at OpenAccessRuntime.DataObjects.PCStateMan.handleException(Exception x)
   at OpenAccessRuntime.DataObjects.PCStateMan.getObjectFieldImp(PersistenceCapable pc, FieldMetaData fmd, Object currentValue)
   at OpenAccessRuntime.DataObjects.PCStateMan.GetObjectField(PersistenceCapable pc, Int32 field, Object currentValue)
   at Telerik.Sitefinity.Forms.Model.FormDescription.OpenAccessEnhancedGetcontrols(FormDescription owner)
   at Telerik.Sitefinity.Forms.Model.FormDescription.get_Controls()
   at Telerik.Sitefinity.Forms.Model.FormDescription.Telerik.Sitefinity.Pages.Model.IControlsContainer.get_Controls()
   at Telerik.Sitefinity.Modules.Pages.PageHelperImplementation.SortControls(IEnumerable`1 controlContainers, Int32 count)
   at Telerik.Sitefinity.Modules.Pages.PageHelperImplementation.ProcessControls(IList`1 controls, IList`1 placeholders, IList`1 controlContainers)
   at Telerik.Sitefinity.Modules.Forms.Web.UI.FormsControl.RenderFormFields()
   at Telerik.Sitefinity.Modules.Forms.Web.UI.FormsControl.InitializeControls(GenericContainer container)
   at Telerik.Sitefinity.Web.UI.SimpleView.CreateChildControls()
   at System.Web.UI.Control.EnsureChildControls()
   at System.Web.UI.Control.PreRenderRecursiveInternal()
   at System.Web.UI.Control.PreRenderRecursiveInternal()
   at System.Web.UI.Control.PreRenderRecursiveInternal()
   at System.Web.UI.Control.PreRenderRecursiveInternal()
   at System.Web.UI.Control.PreRenderRecursiveInternal()
   at System.Web.UI.Control.PreRenderRecursiveInternal()
   at System.Web.UI.Control.PreRenderRecursiveInternal()
   at System.Web.UI.Control.PreRenderRecursiveInternal()
   at System.Web.UI.Control.PreRenderRecursiveInternal()
   at System.Web.UI.Control.PreRenderRecursiveInternal()
   at System.Web.UI.Control.PreRenderRecursiveInternal()
   at System.Web.UI.Page.ProcessRequestMain(Boolean includeStagesBeforeAsyncPoint, Boolean includeStagesAfterAsyncPoint)

Additional Info:

MachineName : WEB03
TimeStamp : 5/27/2014 6:27:20 PM
FullName : Telerik.Sitefinity.Utilities, Version=5.2.3700.0, Culture=neutral, PublicKeyToken=b28c218413bdf563
AppDomainName : /LM/W3SVC/124/ROOT-52-130456864637167500
ThreadIdentity : 
WindowsIdentity : SWBROADBAND\oldsugar
Requested URL : http://www.oldsugarmill.com/footbar/mailing-list
	Inner Exception
	---------------
	Type : Telerik.OpenAccess.RT.sql.SQLException, Telerik.OpenAccess.Runtime, Version=2012.3.1012.1, Culture=neutral, PublicKeyToken=7ce17eeaf1d59342
	Message : Can't create/write to file 'C:\Windows\TEMP\#sql5f4_332f_e.MYI' (Errcode: 28)
	Source : Telerik.OpenAccess.Runtime
	Help link : 
	ErrorCode : 1
	Number : 1
	ObjectId : 
	Description : SQLState=;Can't create/write to file 'C:\Windows\TEMP\#sql5f4_332f_e.MYI' (Errcode: 28)
	Data : System.Collections.ListDictionaryInternal
	TargetSite : Telerik.OpenAccess.RT.sql.ResultSet executeQuery()
	HResult : -2146233088
	Stack Trace :    at Telerik.OpenAccess.RT.Adonet2Generic.Impl.PreparedStatementImp.executeQuery()
	   at OpenAccessRuntime.Relational.conn.PooledPreparedStatement.executeQuery()
	   at OpenAccessRuntime.Relational.fetch.FetchResultImp.Execute()



Category: ErrorLog

Priority: 0

EventId: 90000

Severity: Error

Title:Enterprise Library Exception Handling

Machine: WEB03

App Domain: /LM/W3SVC/124/ROOT-52-130456864637167500

ProcessId: 9240

Process Name: C:\Windows\SysWOW64\inetsrv\w3wp.exe

Thread Name: 

Win32 ThreadId:6856

Extended Properties: 
----------------------------------------
----------------------------------------
Timestamp: 5/27/2014 6:47:16 PM

Message: HandlingInstanceID: f8a7aa83-6172-4fb6-85c1-28cc3e63013f
An exception of type 'Telerik.OpenAccess.Exceptions.DataStoreException' occurred and was caught.
------------------------------------------------------------------------------------------------
05/27/2014 19:47:16
Type : Telerik.OpenAccess.Exceptions.DataStoreException, Telerik.OpenAccess, Version=2012.3.1012.1, Culture=neutral, PublicKeyToken=7ce17eeaf1d59342
Message : Error executing query: Telerik.OpenAccess.RT.sql.SQLException: Can't create/write to file 'C:\Windows\TEMP\#sql5f4_332f_f.MYI' (Errcode: 28)
   at Telerik.OpenAccess.RT.Adonet2Generic.Impl.PreparedStatementImp.executeQuery()
   at OpenAccessRuntime.Relational.conn.PooledPreparedStatement.executeQuery()
   at OpenAccessRuntime.Relational.fetch.FetchResultImp.Execute()
SQL:
SELECT a.`content_id` AS COL1, c.`control_id` AS COL2, c.`id` AS COL3, c.`caption_` AS COL4, c.`description_` AS COL5, c.`app_name` AS COL6, c.`control_id` AS COL7, c.`language` AS COL8, c.`last_modified` AS COL9, c.`multilingual` AS COL10, c.`nme` AS COL11, c.`prnt_prop_id` AS COL12, c.`validation` AS COL13, c.`val` AS COL14, c.`voa_version` AS COL15 FROM `sf_form_description` a LEFT JOIN `sf_object_data` AS b ON (a.`content_id` = b.`content_id`) LEFT JOIN `sf_control_properties` AS c ON (b.`id` = c.`control_id`) WHERE a.`content_id` = ?                                       ORDER BY c.`control_id`  Telerik.OpenAccess.RT.sql.SQLException: Can't create/write to file 'C:\Windows\TEMP\#sql5f4_332f_f.MYI' (Errcode: 28)
   at Telerik.OpenAccess.RT.Adonet2Generic.Impl.PreparedStatementImp.executeQuery()
   at OpenAccessRuntime.Relational.conn.PooledPreparedStatement.executeQuery()
   at OpenAccessRuntime.Relational.fetch.FetchResultImp.Execute()
Source : Telerik.OpenAccess.Runtime
Help link : 
InnerExceptions : System.Exception[]
FailedObject : 
BackendError : Telerik.OpenAccess.RT.sql.SQLException: Can't create/write to file 'C:\Windows\TEMP\#sql5f4_332f_f.MYI' (Errcode: 28)
   at Telerik.OpenAccess.RT.Adonet2Generic.Impl.PreparedStatementImp.executeQuery()
   at OpenAccessRuntime.Relational.conn.PooledPreparedStatement.executeQuery()
   at OpenAccessRuntime.Relational.fetch.FetchResultImp.Execute()
Reason : Runtime
CanRetry : False
Data : System.Collections.ListDictionaryInternal
TargetSite : System.Exception Throw()
HResult : -2146233088
Stack Trace :    at OpenAccessRuntime.ExceptionWrapper.Throw()
   at OpenAccessRuntime.DataObjects.PCStateMan.handleException(Exception x)
   at OpenAccessRuntime.DataObjects.PCStateMan.getObjectFieldImp(PersistenceCapable pc, FieldMetaData fmd, Object currentValue)
   at OpenAccessRuntime.DataObjects.PCStateMan.GetObjectField(PersistenceCapable pc, Int32 field, Object currentValue)
   at Telerik.Sitefinity.Forms.Model.FormDescription.OpenAccessEnhancedGetcontrols(FormDescription owner)
   at Telerik.Sitefinity.Forms.Model.FormDescription.get_Controls()
   at Telerik.Sitefinity.Forms.Model.FormDescription.Telerik.Sitefinity.Pages.Model.IControlsContainer.get_Controls()
   at Telerik.Sitefinity.Modules.Pages.PageHelperImplementation.SortControls(IEnumerable`1 controlContainers, Int32 count)
   at Telerik.Sitefinity.Modules.Pages.PageHelperImplementation.ProcessControls(IList`1 controls, IList`1 placeholders, IList`1 controlContainers)
   at Telerik.Sitefinity.Modules.Forms.Web.UI.FormsControl.RenderFormFields()
   at Telerik.Sitefinity.Modules.Forms.Web.UI.FormsControl.InitializeControls(GenericContainer container)
   at Telerik.Sitefinity.Web.UI.SimpleView.CreateChildControls()
   at System.Web.UI.Control.EnsureChildControls()
   at System.Web.UI.Control.PreRenderRecursiveInternal()
   at System.Web.UI.Control.PreRenderRecursiveInternal()
   at System.Web.UI.Control.PreRenderRecursiveInternal()
   at System.Web.UI.Control.PreRenderRecursiveInternal()
   at System.Web.UI.Control.PreRenderRecursiveInternal()
   at System.Web.UI.Control.PreRenderRecursiveInternal()
   at System.Web.UI.Control.PreRenderRecursiveInternal()
   at System.Web.UI.Control.PreRenderRecursiveInternal()
   at System.Web.UI.Control.PreRenderRecursiveInternal()
   at System.Web.UI.Control.PreRenderRecursiveInternal()
   at System.Web.UI.Control.PreRenderRecursiveInternal()
   at System.Web.UI.Page.ProcessRequestMain(Boolean includeStagesBeforeAsyncPoint, Boolean includeStagesAfterAsyncPoint)

Additional Info:

MachineName : WEB03
TimeStamp : 5/27/2014 6:47:16 PM
FullName : Telerik.Sitefinity.Utilities, Version=5.2.3700.0, Culture=neutral, PublicKeyToken=b28c218413bdf563
AppDomainName : /LM/W3SVC/124/ROOT-52-130456864637167500
ThreadIdentity : 
WindowsIdentity : SWBROADBAND\oldsugar
Requested URL : http://www.oldsugarmill.com/footbar/mailing-list
	Inner Exception
	---------------
	Type : Telerik.OpenAccess.RT.sql.SQLException, Telerik.OpenAccess.Runtime, Version=2012.3.1012.1, Culture=neutral, PublicKeyToken=7ce17eeaf1d59342
	Message : Can't create/write to file 'C:\Windows\TEMP\#sql5f4_332f_f.MYI' (Errcode: 28)
	Source : Telerik.OpenAccess.Runtime
	Help link : 
	ErrorCode : 1
	Number : 1
	ObjectId : 
	Description : SQLState=;Can't create/write to file 'C:\Windows\TEMP\#sql5f4_332f_f.MYI' (Errcode: 28)
	Data : System.Collections.ListDictionaryInternal
	TargetSite : Telerik.OpenAccess.RT.sql.ResultSet executeQuery()
	HResult : -2146233088
	Stack Trace :    at Telerik.OpenAccess.RT.Adonet2Generic.Impl.PreparedStatementImp.executeQuery()
	   at OpenAccessRuntime.Relational.conn.PooledPreparedStatement.executeQuery()
	   at OpenAccessRuntime.Relational.fetch.FetchResultImp.Execute()



Category: ErrorLog

Priority: 0

EventId: 90000

Severity: Error

Title:Enterprise Library Exception Handling

Machine: WEB03

App Domain: /LM/W3SVC/124/ROOT-52-130456864637167500

ProcessId: 9240

Process Name: C:\Windows\SysWOW64\inetsrv\w3wp.exe

Thread Name: 

Win32 ThreadId:6856

Extended Properties: 
----------------------------------------
----------------------------------------
Timestamp: 5/27/2014 9:45:35 PM

Message: HandlingInstanceID: eff59d33-3d9f-4b7a-a858-9978485a7e39
An exception of type 'Telerik.OpenAccess.Exceptions.DataStoreException' occurred and was caught.
------------------------------------------------------------------------------------------------
05/27/2014 22:45:35
Type : Telerik.OpenAccess.Exceptions.DataStoreException, Telerik.OpenAccess, Version=2012.3.1012.1, Culture=neutral, PublicKeyToken=7ce17eeaf1d59342
Message : Error executing query: Telerik.OpenAccess.RT.sql.SQLException: Got error 28 from storage engine
   at Telerik.OpenAccess.RT.Adonet2Generic.Impl.PreparedStatementImp.executeQuery()
   at OpenAccessRuntime.Relational.conn.PooledPreparedStatement.executeQuery()
   at OpenAccessRuntime.Relational.fetch.FetchResultImp.Execute()
SQL:
SELECT a.`content_id` AS COL1, c.`control_id` AS COL2, c.`id` AS COL3, c.`caption_` AS COL4, c.`description_` AS COL5, c.`app_name` AS COL6, c.`control_id` AS COL7, c.`language` AS COL8, c.`last_modified` AS COL9, c.`multilingual` AS COL10, c.`nme` AS COL11, c.`prnt_prop_id` AS COL12, c.`validation` AS COL13, c.`val` AS COL14, c.`voa_version` AS COL15 FROM `sf_form_description` a LEFT JOIN `sf_object_data` AS b ON (a.`content_id` = b.`content_id`) LEFT JOIN `sf_control_properties` AS c ON (b.`id` = c.`control_id`) WHERE a.`content_id` = ?                                       ORDER BY c.`control_id`  Telerik.OpenAccess.RT.sql.SQLException: Got error 28 from storage engine
   at Telerik.OpenAccess.RT.Adonet2Generic.Impl.PreparedStatementImp.executeQuery()
   at OpenAccessRuntime.Relational.conn.PooledPreparedStatement.executeQuery()
   at OpenAccessRuntime.Relational.fetch.FetchResultImp.Execute()
Source : Telerik.OpenAccess.Runtime
Help link : 
InnerExceptions : System.Exception[]
FailedObject : 
BackendError : Telerik.OpenAccess.RT.sql.SQLException: Got error 28 from storage engine
   at Telerik.OpenAccess.RT.Adonet2Generic.Impl.PreparedStatementImp.executeQuery()
   at OpenAccessRuntime.Relational.conn.PooledPreparedStatement.executeQuery()
   at OpenAccessRuntime.Relational.fetch.FetchResultImp.Execute()
Reason : Runtime
CanRetry : False
Data : System.Collections.ListDictionaryInternal
TargetSite : System.Exception Throw()
HResult : -2146233088
Stack Trace :    at OpenAccessRuntime.ExceptionWrapper.Throw()
   at OpenAccessRuntime.DataObjects.PCStateMan.handleException(Exception x)
   at OpenAccessRuntime.DataObjects.PCStateMan.getObjectFieldImp(PersistenceCapable pc, FieldMetaData fmd, Object currentValue)
   at OpenAccessRuntime.DataObjects.PCStateMan.GetObjectField(PersistenceCapable pc, Int32 field, Object currentValue)
   at Telerik.Sitefinity.Forms.Model.FormDescription.OpenAccessEnhancedGetcontrols(FormDescription owner)
   at Telerik.Sitefinity.Forms.Model.FormDescription.get_Controls()
   at Telerik.Sitefinity.Forms.Model.FormDescription.Telerik.Sitefinity.Pages.Model.IControlsContainer.get_Controls()
   at Telerik.Sitefinity.Modules.Pages.PageHelperImplementation.SortControls(IEnumerable`1 controlContainers, Int32 count)
   at Telerik.Sitefinity.Modules.Pages.PageHelperImplementation.ProcessControls(IList`1 controls, IList`1 placeholders, IList`1 controlContainers)
   at Telerik.Sitefinity.Modules.Forms.Web.UI.FormsControl.RenderFormFields()
   at Telerik.Sitefinity.Modules.Forms.Web.UI.FormsControl.InitializeControls(GenericContainer container)
   at Telerik.Sitefinity.Web.UI.SimpleView.CreateChildControls()
   at System.Web.UI.Control.EnsureChildControls()
   at System.Web.UI.Control.PreRenderRecursiveInternal()
   at System.Web.UI.Control.PreRenderRecursiveInternal()
   at System.Web.UI.Control.PreRenderRecursiveInternal()
   at System.Web.UI.Control.PreRenderRecursiveInternal()
   at System.Web.UI.Control.PreRenderRecursiveInternal()
   at System.Web.UI.Control.PreRenderRecursiveInternal()
   at System.Web.UI.Control.PreRenderRecursiveInternal()
   at System.Web.UI.Control.PreRenderRecursiveInternal()
   at System.Web.UI.Control.PreRenderRecursiveInternal()
   at System.Web.UI.Control.PreRenderRecursiveInternal()
   at System.Web.UI.Control.PreRenderRecursiveInternal()
   at System.Web.UI.Page.ProcessRequestMain(Boolean includeStagesBeforeAsyncPoint, Boolean includeStagesAfterAsyncPoint)

Additional Info:

MachineName : WEB03
TimeStamp : 5/27/2014 9:45:35 PM
FullName : Telerik.Sitefinity.Utilities, Version=5.2.3700.0, Culture=neutral, PublicKeyToken=b28c218413bdf563
AppDomainName : /LM/W3SVC/124/ROOT-20-130456945281542500
ThreadIdentity : 
WindowsIdentity : SWBROADBAND\oldsugar
Requested URL : http://www.oldsugarmill.com/footbar/mailing-list
	Inner Exception
	---------------
	Type : Telerik.OpenAccess.RT.sql.SQLException, Telerik.OpenAccess.Runtime, Version=2012.3.1012.1, Culture=neutral, PublicKeyToken=7ce17eeaf1d59342
	Message : Got error 28 from storage engine
	Source : Telerik.OpenAccess.Runtime
	Help link : 
	ErrorCode : 1030
	Number : 1030
	ObjectId : 
	Description : SQLState=;Got error 28 from storage engine
	Data : System.Collections.ListDictionaryInternal
	TargetSite : Telerik.OpenAccess.RT.sql.ResultSet executeQuery()
	HResult : -2146233088
	Stack Trace :    at Telerik.OpenAccess.RT.Adonet2Generic.Impl.PreparedStatementImp.executeQuery()
	   at OpenAccessRuntime.Relational.conn.PooledPreparedStatement.executeQuery()
	   at OpenAccessRuntime.Relational.fetch.FetchResultImp.Execute()



Category: ErrorLog

Priority: 0

EventId: 90000

Severity: Error

Title:Enterprise Library Exception Handling

Machine: WEB03

App Domain: /LM/W3SVC/124/ROOT-20-130456945281542500

ProcessId: 6712

Process Name: C:\Windows\SysWOW64\inetsrv\w3wp.exe

Thread Name: 

Win32 ThreadId:11776

Extended Properties: 
----------------------------------------
----------------------------------------
Timestamp: 5/27/2014 9:45:49 PM

Message: HandlingInstanceID: 4a9c65de-4f6d-4fa3-b36c-fa5d8941b619
An exception of type 'Telerik.OpenAccess.Exceptions.DataStoreException' occurred and was caught.
------------------------------------------------------------------------------------------------
05/27/2014 22:45:49
Type : Telerik.OpenAccess.Exceptions.DataStoreException, Telerik.OpenAccess, Version=2012.3.1012.1, Culture=neutral, PublicKeyToken=7ce17eeaf1d59342
Message : Error executing query: Telerik.OpenAccess.RT.sql.SQLException: Got error 28 from storage engine
   at Telerik.OpenAccess.RT.Adonet2Generic.Impl.PreparedStatementImp.executeQuery()
   at OpenAccessRuntime.Relational.conn.PooledPreparedStatement.executeQuery()
   at OpenAccessRuntime.Relational.fetch.FetchResultImp.Execute()
SQL:
SELECT a.`content_id` AS COL1, c.`control_id` AS COL2, c.`id` AS COL3, c.`caption_` AS COL4, c.`description_` AS COL5, c.`app_name` AS COL6, c.`control_id` AS COL7, c.`language` AS COL8, c.`last_modified` AS COL9, c.`multilingual` AS COL10, c.`nme` AS COL11, c.`prnt_prop_id` AS COL12, c.`validation` AS COL13, c.`val` AS COL14, c.`voa_version` AS COL15 FROM `sf_form_description` a LEFT JOIN `sf_object_data` AS b ON (a.`content_id` = b.`content_id`) LEFT JOIN `sf_control_properties` AS c ON (b.`id` = c.`control_id`) WHERE a.`content_id` = ?                                       ORDER BY c.`control_id`  Telerik.OpenAccess.RT.sql.SQLException: Got error 28 from storage engine
   at Telerik.OpenAccess.RT.Adonet2Generic.Impl.PreparedStatementImp.executeQuery()
   at OpenAccessRuntime.Relational.conn.PooledPreparedStatement.executeQuery()
   at OpenAccessRuntime.Relational.fetch.FetchResultImp.Execute()
Source : Telerik.OpenAccess.Runtime
Help link : 
InnerExceptions : System.Exception[]
FailedObject : 
BackendError : Telerik.OpenAccess.RT.sql.SQLException: Got error 28 from storage engine
   at Telerik.OpenAccess.RT.Adonet2Generic.Impl.PreparedStatementImp.executeQuery()
   at OpenAccessRuntime.Relational.conn.PooledPreparedStatement.executeQuery()
   at OpenAccessRuntime.Relational.fetch.FetchResultImp.Execute()
Reason : Runtime
CanRetry : False
Data : System.Collections.ListDictionaryInternal
TargetSite : System.Exception Throw()
HResult : -2146233088
Stack Trace :    at OpenAccessRuntime.ExceptionWrapper.Throw()
   at OpenAccessRuntime.DataObjects.PCStateMan.handleException(Exception x)
   at OpenAccessRuntime.DataObjects.PCStateMan.getObjectFieldImp(PersistenceCapable pc, FieldMetaData fmd, Object currentValue)
   at OpenAccessRuntime.DataObjects.PCStateMan.GetObjectField(PersistenceCapable pc, Int32 field, Object currentValue)
   at Telerik.Sitefinity.Forms.Model.FormDescription.OpenAccessEnhancedGetcontrols(FormDescription owner)
   at Telerik.Sitefinity.Forms.Model.FormDescription.get_Controls()
   at Telerik.Sitefinity.Forms.Model.FormDescription.Telerik.Sitefinity.Pages.Model.IControlsContainer.get_Controls()
   at Telerik.Sitefinity.Modules.Pages.PageHelperImplementation.SortControls(IEnumerable`1 controlContainers, Int32 count)
   at Telerik.Sitefinity.Modules.Pages.PageHelperImplementation.ProcessControls(IList`1 controls, IList`1 placeholders, IList`1 controlContainers)
   at Telerik.Sitefinity.Modules.Forms.Web.UI.FormsControl.RenderFormFields()
   at Telerik.Sitefinity.Modules.Forms.Web.UI.FormsControl.InitializeControls(GenericContainer container)
   at Telerik.Sitefinity.Web.UI.SimpleView.CreateChildControls()
   at System.Web.UI.Control.EnsureChildControls()
   at System.Web.UI.Control.PreRenderRecursiveInternal()
   at System.Web.UI.Control.PreRenderRecursiveInternal()
   at System.Web.UI.Control.PreRenderRecursiveInternal()
   at System.Web.UI.Control.PreRenderRecursiveInternal()
   at System.Web.UI.Control.PreRenderRecursiveInternal()
   at System.Web.UI.Control.PreRenderRecursiveInternal()
   at System.Web.UI.Control.PreRenderRecursiveInternal()
   at System.Web.UI.Control.PreRenderRecursiveInternal()
   at System.Web.UI.Control.PreRenderRecursiveInternal()
   at System.Web.UI.Control.PreRenderRecursiveInternal()
   at System.Web.UI.Control.PreRenderRecursiveInternal()
   at System.Web.UI.Page.ProcessRequestMain(Boolean includeStagesBeforeAsyncPoint, Boolean includeStagesAfterAsyncPoint)

Additional Info:

MachineName : WEB03
TimeStamp : 5/27/2014 9:45:49 PM
FullName : Telerik.Sitefinity.Utilities, Version=5.2.3700.0, Culture=neutral, PublicKeyToken=b28c218413bdf563
AppDomainName : /LM/W3SVC/124/ROOT-20-130456945281542500
ThreadIdentity : 
WindowsIdentity : SWBROADBAND\oldsugar
Requested URL : http://www.oldsugarmill.com/footbar/mailing-list
	Inner Exception
	---------------
	Type : Telerik.OpenAccess.RT.sql.SQLException, Telerik.OpenAccess.Runtime, Version=2012.3.1012.1, Culture=neutral, PublicKeyToken=7ce17eeaf1d59342
	Message : Got error 28 from storage engine
	Source : Telerik.OpenAccess.Runtime
	Help link : 
	ErrorCode : 1030
	Number : 1030
	ObjectId : 
	Description : SQLState=;Got error 28 from storage engine
	Data : System.Collections.ListDictionaryInternal
	TargetSite : Telerik.OpenAccess.RT.sql.ResultSet executeQuery()
	HResult : -2146233088
	Stack Trace :    at Telerik.OpenAccess.RT.Adonet2Generic.Impl.PreparedStatementImp.executeQuery()
	   at OpenAccessRuntime.Relational.conn.PooledPreparedStatement.executeQuery()
	   at OpenAccessRuntime.Relational.fetch.FetchResultImp.Execute()



Category: ErrorLog

Priority: 0

EventId: 90000

Severity: Error

Title:Enterprise Library Exception Handling

Machine: WEB03

App Domain: /LM/W3SVC/124/ROOT-20-130456945281542500

ProcessId: 6712

Process Name: C:\Windows\SysWOW64\inetsrv\w3wp.exe

Thread Name: 

Win32 ThreadId:11088

Extended Properties: 
----------------------------------------
----------------------------------------
Timestamp: 5/27/2014 9:46:46 PM

Message: HandlingInstanceID: 197955c8-cb96-4dd6-a8e6-5befbd954ab2
An exception of type 'Telerik.OpenAccess.Exceptions.DataStoreException' occurred and was caught.
------------------------------------------------------------------------------------------------
05/27/2014 22:46:46
Type : Telerik.OpenAccess.Exceptions.DataStoreException, Telerik.OpenAccess, Version=2012.3.1012.1, Culture=neutral, PublicKeyToken=7ce17eeaf1d59342
Message : Error executing query: Telerik.OpenAccess.RT.sql.SQLException: Can't create/write to file 'C:\Windows\TEMP\#sql5f4_33a7_7.MYI' (Errcode: 28)
   at Telerik.OpenAccess.RT.Adonet2Generic.Impl.PreparedStatementImp.executeQuery()
   at OpenAccessRuntime.Relational.conn.PooledPreparedStatement.executeQuery()
   at OpenAccessRuntime.Relational.fetch.FetchResultImp.Execute()
SQL:
SELECT a.`content_id` AS COL1, c.`control_id` AS COL2, c.`id` AS COL3, c.`caption_` AS COL4, c.`description_` AS COL5, c.`app_name` AS COL6, c.`control_id` AS COL7, c.`language` AS COL8, c.`last_modified` AS COL9, c.`multilingual` AS COL10, c.`nme` AS COL11, c.`prnt_prop_id` AS COL12, c.`validation` AS COL13, c.`val` AS COL14, c.`voa_version` AS COL15 FROM `sf_form_description` a LEFT JOIN `sf_object_data` AS b ON (a.`content_id` = b.`content_id`) LEFT JOIN `sf_control_properties` AS c ON (b.`id` = c.`control_id`) WHERE a.`content_id` = ?                                       ORDER BY c.`control_id`  Telerik.OpenAccess.RT.sql.SQLException: Can't create/write to file 'C:\Windows\TEMP\#sql5f4_33a7_7.MYI' (Errcode: 28)
   at Telerik.OpenAccess.RT.Adonet2Generic.Impl.PreparedStatementImp.executeQuery()
   at OpenAccessRuntime.Relational.conn.PooledPreparedStatement.executeQuery()
   at OpenAccessRuntime.Relational.fetch.FetchResultImp.Execute()
Source : Telerik.OpenAccess.Runtime
Help link : 
InnerExceptions : System.Exception[]
FailedObject : 
BackendError : Telerik.OpenAccess.RT.sql.SQLException: Can't create/write to file 'C:\Windows\TEMP\#sql5f4_33a7_7.MYI' (Errcode: 28)
   at Telerik.OpenAccess.RT.Adonet2Generic.Impl.PreparedStatementImp.executeQuery()
   at OpenAccessRuntime.Relational.conn.PooledPreparedStatement.executeQuery()
   at OpenAccessRuntime.Relational.fetch.FetchResultImp.Execute()
Reason : Runtime
CanRetry : False
Data : System.Collections.ListDictionaryInternal
TargetSite : System.Exception Throw()
HResult : -2146233088
Stack Trace :    at OpenAccessRuntime.ExceptionWrapper.Throw()
   at OpenAccessRuntime.DataObjects.PCStateMan.handleException(Exception x)
   at OpenAccessRuntime.DataObjects.PCStateMan.getObjectFieldImp(PersistenceCapable pc, FieldMetaData fmd, Object currentValue)
   at OpenAccessRuntime.DataObjects.PCStateMan.GetObjectField(PersistenceCapable pc, Int32 field, Object currentValue)
   at Telerik.Sitefinity.Forms.Model.FormDescription.OpenAccessEnhancedGetcontrols(FormDescription owner)
   at Telerik.Sitefinity.Forms.Model.FormDescription.get_Controls()
   at Telerik.Sitefinity.Forms.Model.FormDescription.Telerik.Sitefinity.Pages.Model.IControlsContainer.get_Controls()
   at Telerik.Sitefinity.Modules.Pages.PageHelperImplementation.SortControls(IEnumerable`1 controlContainers, Int32 count)
   at Telerik.Sitefinity.Modules.Pages.PageHelperImplementation.ProcessControls(IList`1 controls, IList`1 placeholders, IList`1 controlContainers)
   at Telerik.Sitefinity.Modules.Forms.Web.UI.FormsControl.RenderFormFields()
   at Telerik.Sitefinity.Modules.Forms.Web.UI.FormsControl.InitializeControls(GenericContainer container)
   at Telerik.Sitefinity.Web.UI.SimpleView.CreateChildControls()
   at System.Web.UI.Control.EnsureChildControls()
   at System.Web.UI.Control.PreRenderRecursiveInternal()
   at System.Web.UI.Control.PreRenderRecursiveInternal()
   at System.Web.UI.Control.PreRenderRecursiveInternal()
   at System.Web.UI.Control.PreRenderRecursiveInternal()
   at System.Web.UI.Control.PreRenderRecursiveInternal()
   at System.Web.UI.Control.PreRenderRecursiveInternal()
   at System.Web.UI.Control.PreRenderRecursiveInternal()
   at System.Web.UI.Control.PreRenderRecursiveInternal()
   at System.Web.UI.Control.PreRenderRecursiveInternal()
   at System.Web.UI.Control.PreRenderRecursiveInternal()
   at System.Web.UI.Control.PreRenderRecursiveInternal()
   at System.Web.UI.Page.ProcessRequestMain(Boolean includeStagesBeforeAsyncPoint, Boolean includeStagesAfterAsyncPoint)

Additional Info:

MachineName : WEB03
TimeStamp : 5/27/2014 9:46:46 PM
FullName : Telerik.Sitefinity.Utilities, Version=5.2.3700.0, Culture=neutral, PublicKeyToken=b28c218413bdf563
AppDomainName : /LM/W3SVC/124/ROOT-20-130456945281542500
ThreadIdentity : 
WindowsIdentity : SWBROADBAND\oldsugar
Requested URL : http://www.oldsugarmill.com/footbar/mailing-list
	Inner Exception
	---------------
	Type : Telerik.OpenAccess.RT.sql.SQLException, Telerik.OpenAccess.Runtime, Version=2012.3.1012.1, Culture=neutral, PublicKeyToken=7ce17eeaf1d59342
	Message : Can't create/write to file 'C:\Windows\TEMP\#sql5f4_33a7_7.MYI' (Errcode: 28)
	Source : Telerik.OpenAccess.Runtime
	Help link : 
	ErrorCode : 1
	Number : 1
	ObjectId : 
	Description : SQLState=;Can't create/write to file 'C:\Windows\TEMP\#sql5f4_33a7_7.MYI' (Errcode: 28)
	Data : System.Collections.ListDictionaryInternal
	TargetSite : Telerik.OpenAccess.RT.sql.ResultSet executeQuery()
	HResult : -2146233088
	Stack Trace :    at Telerik.OpenAccess.RT.Adonet2Generic.Impl.PreparedStatementImp.executeQuery()
	   at OpenAccessRuntime.Relational.conn.PooledPreparedStatement.executeQuery()
	   at OpenAccessRuntime.Relational.fetch.FetchResultImp.Execute()



Category: ErrorLog

Priority: 0

EventId: 90000

Severity: Error

Title:Enterprise Library Exception Handling

Machine: WEB03

App Domain: /LM/W3SVC/124/ROOT-20-130456945281542500

ProcessId: 6712

Process Name: C:\Windows\SysWOW64\inetsrv\w3wp.exe

Thread Name: 

Win32 ThreadId:12040

Extended Properties: 
----------------------------------------
----------------------------------------
Timestamp: 27/05/2014 23:28:29

Message: HandlingInstanceID: abe81bb5-b26b-4771-b74a-6c08033f7d39
An exception of type 'System.Web.HttpException' occurred and was caught.
------------------------------------------------------------------------
05/28/2014 00:28:29
Type : System.Web.HttpException, System.Web, Version=4.0.0.0, Culture=neutral, PublicKeyToken=b03f5f7f11d50a3a
Message : This is an invalid script resource request.
Source : System.Web.Extensions
Help link : 
WebEventCode : 0
ErrorCode : -2147467259
Data : System.Collections.ListDictionaryInternal
TargetSite : Void ProcessRequest(System.Web.HttpContextBase, VirtualFileReader, System.Action`2[System.String,System.Exception], Boolean)
HResult : -2147467259
Stack Trace :    at System.Web.Handlers.ScriptResourceHandler.ProcessRequest(HttpContextBase context, VirtualFileReader fileReader, Action`2 logAction, Boolean validatePath)
   at System.Web.Handlers.ScriptResourceHandler.ProcessRequest(HttpContext context)
   at System.Web.Handlers.ScriptResourceHandler.System.Web.IHttpHandler.ProcessRequest(HttpContext context)
   at System.Web.HttpApplication.CallHandlerExecutionStep.System.Web.HttpApplication.IExecutionStep.Execute()
   at System.Web.HttpApplication.ExecuteStep(IExecutionStep step, Boolean& completedSynchronously)

Additional Info:

MachineName : WEB03
TimeStamp : 27/05/2014 23:28:29
FullName : Telerik.Sitefinity.Utilities, Version=5.2.3700.0, Culture=neutral, PublicKeyToken=b28c218413bdf563
AppDomainName : /LM/W3SVC/124/ROOT-9-130457054338417500
ThreadIdentity : 
WindowsIdentity : SWBROADBAND\oldsugar
Requested URL : http://www.oldsugarmill.com/ScriptResource.axd?d=Ci13wSOIXpmfAk62uq_hHozj7KSTrqiLV7jVyP18DQy5HzOxG01jOXPrk1boleSlIy9kURbLikpyoHV_Ne-iXTEw9h7XG0_Sknn8bXUWfmX4GHIF2WzmcmQY2JWCLXXVoVd5rHmpaTfxbWst-0eE1IzjDc19Ys2GdxIxfmg7ayxxQjjgz8OMKMEyFD5xHYGREZnur1ZHkS4LicJXYkBcwg2&t=155533f4


Category: ErrorLog

Priority: 0

EventId: 90000

Severity: Error

Title:Enterprise Library Exception Handling

Machine: WEB03

App Domain: /LM/W3SVC/124/ROOT-9-130457054338417500

ProcessId: 11692

Process Name: C:\Windows\SysWOW64\inetsrv\w3wp.exe

Thread Name: 

Win32 ThreadId:5176

Extended Properties: 
----------------------------------------
----------------------------------------
Timestamp: 27/05/2014 23:28:30

Message: HandlingInstanceID: b4a9e13e-3466-4b18-bb20-2c5dd2604cde
An exception of type 'System.Web.HttpException' occurred and was caught.
------------------------------------------------------------------------
05/28/2014 00:28:30
Type : System.Web.HttpException, System.Web, Version=4.0.0.0, Culture=neutral, PublicKeyToken=b03f5f7f11d50a3a
Message : This is an invalid script resource request.
Source : System.Web.Extensions
Help link : 
WebEventCode : 0
ErrorCode : -2147467259
Data : System.Collections.ListDictionaryInternal
TargetSite : Void ProcessRequest(System.Web.HttpContextBase, VirtualFileReader, System.Action`2[System.String,System.Exception], Boolean)
HResult : -2147467259
Stack Trace :    at System.Web.Handlers.ScriptResourceHandler.ProcessRequest(HttpContextBase context, VirtualFileReader fileReader, Action`2 logAction, Boolean validatePath)
   at System.Web.Handlers.ScriptResourceHandler.ProcessRequest(HttpContext context)
   at System.Web.Handlers.ScriptResourceHandler.System.Web.IHttpHandler.ProcessRequest(HttpContext context)
   at System.Web.HttpApplication.CallHandlerExecutionStep.System.Web.HttpApplication.IExecutionStep.Execute()
   at System.Web.HttpApplication.ExecuteStep(IExecutionStep step, Boolean& completedSynchronously)

Additional Info:

MachineName : WEB03
TimeStamp : 27/05/2014 23:28:30
FullName : Telerik.Sitefinity.Utilities, Version=5.2.3700.0, Culture=neutral, PublicKeyToken=b28c218413bdf563
AppDomainName : /LM/W3SVC/124/ROOT-9-130457054338417500
ThreadIdentity : 
WindowsIdentity : SWBROADBAND\oldsugar
Requested URL : http://www.oldsugarmill.com/ScriptResource.axd?d=hmC9pT0mPvS6LCk-5gycT7ICdakTtJAIP6mzRlczgvwYhYKq9t2sUihF6r2lodabc6miqWneImU2ViFV1KIW7geDjiOL-XhetUfQkaTeA2dTCMfmBqmvvEqihZ76zU6rzePBuDagfPJpvkWL5vd-tY-eKddbW9T3lyhfDbdLUS_WyHYKZ5hUBAU_5L2Lf1bm0&t=155533f4


Category: ErrorLog

Priority: 0

EventId: 90000

Severity: Error

Title:Enterprise Library Exception Handling

Machine: WEB03

App Domain: /LM/W3SVC/124/ROOT-9-130457054338417500

ProcessId: 11692

Process Name: C:\Windows\SysWOW64\inetsrv\w3wp.exe

Thread Name: 

Win32 ThreadId:10140

Extended Properties: 
----------------------------------------
----------------------------------------
Timestamp: 2014/5/27 23:44:28

Message: HandlingInstanceID: 01621a05-fbc5-4d25-9fde-7cb1e3bea86c
An exception of type 'System.Web.HttpException' occurred and was caught.
------------------------------------------------------------------------
05/28/2014 00:44:28
Type : System.Web.HttpException, System.Web, Version=4.0.0.0, Culture=neutral, PublicKeyToken=b03f5f7f11d50a3a
Message : A potentially dangerous Request.Path value was detected from the client (&).
Source : System.Web
Help link : 
WebEventCode : 0
ErrorCode : -2147467259
Data : System.Collections.ListDictionaryInternal
TargetSite : Void ValidateInputIfRequiredByConfig()
HResult : -2147467259
Stack Trace :    at System.Web.HttpRequest.ValidateInputIfRequiredByConfig()
   at System.Web.HttpApplication.PipelineStepManager.ValidateHelper(HttpContext context)

Additional Info:

MachineName : WEB03
TimeStamp : 2014/5/27 23:44:28
FullName : Telerik.Sitefinity.Utilities, Version=5.2.3700.0, Culture=neutral, PublicKeyToken=b28c218413bdf563
AppDomainName : /LM/W3SVC/124/ROOT-9-130457054338417500
ThreadIdentity : 
WindowsIdentity : SWBROADBAND\oldsugar
Requested URL : http://www.oldsugarmill.com/pages/&quot


Category: ErrorLog

Priority: 0

EventId: 90000

Severity: Error

Title:Enterprise Library Exception Handling

Machine: WEB03

App Domain: /LM/W3SVC/124/ROOT-9-130457054338417500

ProcessId: 11692

Process Name: C:\Windows\SysWOW64\inetsrv\w3wp.exe

Thread Name: 

Win32 ThreadId:5728

Extended Properties: 
----------------------------------------
----------------------------------------
Timestamp: 5/28/2014 3:46:46 AM

Message: HandlingInstanceID: c295bda1-a0c2-41a9-a55a-9a1dac7a6694
An exception of type 'System.Web.HttpException' occurred and was caught.
------------------------------------------------------------------------
05/28/2014 04:46:46
Type : System.Web.HttpException, System.Web, Version=4.0.0.0, Culture=neutral, PublicKeyToken=b03f5f7f11d50a3a
Message : File not found.
Source : Telerik.Sitefinity
Help link : 
WebEventCode : 0
ErrorCode : -2147467259
Data : System.Collections.ListDictionaryInternal
TargetSite : IOutputItem GetOutputItem(System.Web.HttpRequest, System.Web.HttpResponse, Telerik.Microsoft.Practices.EnterpriseLibrary.Caching.ICacheManager, System.String, Telerik.Sitefinity.Libraries.Model.MediaContent ByRef)
HResult : -2147467259
Stack Trace :    at Telerik.Sitefinity.Modules.Libraries.Web.LibraryHttpHandler.GetOutputItem(HttpRequest request, HttpResponse response, ICacheManager cache, String key, MediaContent& content)
   at Telerik.Sitefinity.Modules.Libraries.Web.LibraryHttpHandler.ProcessRequest(HttpContext context)
   at System.Web.HttpApplication.CallHandlerExecutionStep.System.Web.HttpApplication.IExecutionStep.Execute()
   at System.Web.HttpApplication.ExecuteStep(IExecutionStep step, Boolean& completedSynchronously)

Additional Info:

MachineName : WEB03
TimeStamp : 5/28/2014 3:46:46 AM
FullName : Telerik.Sitefinity.Utilities, Version=5.2.3700.0, Culture=neutral, PublicKeyToken=b28c218413bdf563
AppDomainName : /LM/W3SVC/124/ROOT-2-130457184612323750
ThreadIdentity : 
WindowsIdentity : SWBROADBAND\oldsugar
Requested URL : http://www.oldsugarmill.com/images/buyhere_mini.png


Category: ErrorLog

Priority: 0

EventId: 90000

Severity: Error

Title:Enterprise Library Exception Handling

Machine: WEB03

App Domain: /LM/W3SVC/124/ROOT-2-130457184612323750

ProcessId: 7268

Process Name: C:\Windows\SysWOW64\inetsrv\w3wp.exe

Thread Name: 

Win32 ThreadId:4140

Extended Properties: 
----------------------------------------
----------------------------------------
Timestamp: 5/28/2014 3:46:47 AM

Message: HandlingInstanceID: 28f0c181-7682-4d6b-8772-eadc4d78cb63
An exception of type 'System.Web.HttpException' occurred and was caught.
------------------------------------------------------------------------
05/28/2014 04:46:47
Type : System.Web.HttpException, System.Web, Version=4.0.0.0, Culture=neutral, PublicKeyToken=b03f5f7f11d50a3a
Message : File not found.
Source : Telerik.Sitefinity
Help link : 
WebEventCode : 0
ErrorCode : -2147467259
Data : System.Collections.ListDictionaryInternal
TargetSite : IOutputItem GetOutputItem(System.Web.HttpRequest, System.Web.HttpResponse, Telerik.Microsoft.Practices.EnterpriseLibrary.Caching.ICacheManager, System.String, Telerik.Sitefinity.Libraries.Model.MediaContent ByRef)
HResult : -2147467259
Stack Trace :    at Telerik.Sitefinity.Modules.Libraries.Web.LibraryHttpHandler.GetOutputItem(HttpRequest request, HttpResponse response, ICacheManager cache, String key, MediaContent& content)
   at Telerik.Sitefinity.Modules.Libraries.Web.LibraryHttpHandler.ProcessRequest(HttpContext context)
   at System.Web.HttpApplication.CallHandlerExecutionStep.System.Web.HttpApplication.IExecutionStep.Execute()
   at System.Web.HttpApplication.ExecuteStep(IExecutionStep step, Boolean& completedSynchronously)

Additional Info:

MachineName : WEB03
TimeStamp : 5/28/2014 3:46:47 AM
FullName : Telerik.Sitefinity.Utilities, Version=5.2.3700.0, Culture=neutral, PublicKeyToken=b28c218413bdf563
AppDomainName : /LM/W3SVC/124/ROOT-2-130457184612323750
ThreadIdentity : 
WindowsIdentity : SWBROADBAND\oldsugar
Requested URL : http://www.oldsugarmill.com/images/buyhere_mini.png


Category: ErrorLog

Priority: 0

EventId: 90000

Severity: Error

Title:Enterprise Library Exception Handling

Machine: WEB03

App Domain: /LM/W3SVC/124/ROOT-2-130457184612323750

ProcessId: 7268

Process Name: C:\Windows\SysWOW64\inetsrv\w3wp.exe

Thread Name: 

Win32 ThreadId:13084

Extended Properties: 
----------------------------------------
----------------------------------------
Timestamp: 28/05/2014 05:01:26

Message: HandlingInstanceID: d3ee7d9c-a63b-41f5-9a6f-d97910bf6067
An exception of type 'System.Web.HttpException' occurred and was caught.
------------------------------------------------------------------------
05/28/2014 06:01:26
Type : System.Web.HttpException, System.Web, Version=4.0.0.0, Culture=neutral, PublicKeyToken=b03f5f7f11d50a3a
Message : This is an invalid script resource request.
Source : System.Web.Extensions
Help link : 
WebEventCode : 0
ErrorCode : -2147467259
Data : System.Collections.ListDictionaryInternal
TargetSite : Void ProcessRequest(System.Web.HttpContextBase, VirtualFileReader, System.Action`2[System.String,System.Exception], Boolean)
HResult : -2147467259
Stack Trace :    at System.Web.Handlers.ScriptResourceHandler.ProcessRequest(HttpContextBase context, VirtualFileReader fileReader, Action`2 logAction, Boolean validatePath)
   at System.Web.Handlers.ScriptResourceHandler.ProcessRequest(HttpContext context)
   at System.Web.Handlers.ScriptResourceHandler.System.Web.IHttpHandler.ProcessRequest(HttpContext context)
   at System.Web.HttpApplication.CallHandlerExecutionStep.System.Web.HttpApplication.IExecutionStep.Execute()
   at System.Web.HttpApplication.ExecuteStep(IExecutionStep step, Boolean& completedSynchronously)

Additional Info:

MachineName : WEB03
TimeStamp : 28/05/2014 05:01:26
FullName : Telerik.Sitefinity.Utilities, Version=5.2.3700.0, Culture=neutral, PublicKeyToken=b28c218413bdf563
AppDomainName : /LM/W3SVC/124/ROOT-2-130457184612323750
ThreadIdentity : 
WindowsIdentity : SWBROADBAND\oldsugar
Requested URL : http://www.oldsugarmill.com/ScriptResource.axd?d=uIGtlMXS8V-FSrYULmMlUBrSh_gI5Dr1pYlIIyI-ijjEnQNx9xRBcDB_8i_yNyjGllFM9M2jZiwndN5SwkWpjUJSi3Vi0Zhf-xs4z_aTetd1gD4Pls7J2euVb7FBcDDAaoWr2TWEJLmxd-49Qjqi5TqS8hJgfNq-pNpSqKShMDrbeimw5x0-KE7QDLt70wWE0&t=155533f4


Category: ErrorLog

Priority: 0

EventId: 90000

Severity: Error

Title:Enterprise Library Exception Handling

Machine: WEB03

App Domain: /LM/W3SVC/124/ROOT-2-130457184612323750

ProcessId: 7268

Process Name: C:\Windows\SysWOW64\inetsrv\w3wp.exe

Thread Name: 

Win32 ThreadId:892

Extended Properties: 
----------------------------------------
----------------------------------------
Timestamp: 28/05/2014 05:01:27

Message: HandlingInstanceID: 89326527-b77e-409f-ba75-d28f45373480
An exception of type 'System.Web.HttpException' occurred and was caught.
------------------------------------------------------------------------
05/28/2014 06:01:27
Type : System.Web.HttpException, System.Web, Version=4.0.0.0, Culture=neutral, PublicKeyToken=b03f5f7f11d50a3a
Message : This is an invalid script resource request.
Source : System.Web.Extensions
Help link : 
WebEventCode : 0
ErrorCode : -2147467259
Data : System.Collections.ListDictionaryInternal
TargetSite : Void ProcessRequest(System.Web.HttpContextBase, VirtualFileReader, System.Action`2[System.String,System.Exception], Boolean)
HResult : -2147467259
Stack Trace :    at System.Web.Handlers.ScriptResourceHandler.ProcessRequest(HttpContextBase context, VirtualFileReader fileReader, Action`2 logAction, Boolean validatePath)
   at System.Web.Handlers.ScriptResourceHandler.ProcessRequest(HttpContext context)
   at System.Web.Handlers.ScriptResourceHandler.System.Web.IHttpHandler.ProcessRequest(HttpContext context)
   at System.Web.HttpApplication.CallHandlerExecutionStep.System.Web.HttpApplication.IExecutionStep.Execute()
   at System.Web.HttpApplication.ExecuteStep(IExecutionStep step, Boolean& completedSynchronously)

Additional Info:

MachineName : WEB03
TimeStamp : 28/05/2014 05:01:27
FullName : Telerik.Sitefinity.Utilities, Version=5.2.3700.0, Culture=neutral, PublicKeyToken=b28c218413bdf563
AppDomainName : /LM/W3SVC/124/ROOT-2-130457184612323750
ThreadIdentity : 
WindowsIdentity : SWBROADBAND\oldsugar
Requested URL : http://www.oldsugarmill.com/ScriptResource.axd?d=AnXNDD6ox8HUcJlBdsgC7ZrXabTHlNZfKAVSGpBY6IzMOKh3187o_DyRUG-b3dZRViETzPD2zE8raw3jxjJyj8tMZrwomxc8w_J6y4XCHgMYMSSqM37XJVs3yIttxravUKFP_SHKyaD_EmqrB271EUhWisOPg8pKSeI3JBcaDlK9Cn2O9h9h0WF9isMYO1Mm2jKuhlpZQi6R_GuFiSVfSw2&t=155533f4


Category: ErrorLog

Priority: 0

EventId: 90000

Severity: Error

Title:Enterprise Library Exception Handling

Machine: WEB03

App Domain: /LM/W3SVC/124/ROOT-2-130457184612323750

ProcessId: 7268

Process Name: C:\Windows\SysWOW64\inetsrv\w3wp.exe

Thread Name: 

Win32 ThreadId:10396

Extended Properties: 
----------------------------------------
----------------------------------------
Timestamp: 5/28/2014 5:35:24 AM

Message: HandlingInstanceID: 1b5c10ed-5064-43bd-8135-713196fdee0e
An exception of type 'Telerik.OpenAccess.Exceptions.DataStoreException' occurred and was caught.
------------------------------------------------------------------------------------------------
05/28/2014 06:35:24
Type : Telerik.OpenAccess.Exceptions.DataStoreException, Telerik.OpenAccess, Version=2012.3.1012.1, Culture=neutral, PublicKeyToken=7ce17eeaf1d59342
Message : Error executing query: Telerik.OpenAccess.RT.sql.SQLException: Got error 28 from storage engine
   at Telerik.OpenAccess.RT.Adonet2Generic.Impl.PreparedStatementImp.executeQuery()
   at OpenAccessRuntime.Relational.conn.PooledPreparedStatement.executeQuery()
   at OpenAccessRuntime.Relational.fetch.FetchResultImp.Execute()
SQL:
SELECT a.`content_id` AS COL1, c.`control_id` AS COL2, c.`id` AS COL3, c.`caption_` AS COL4, c.`description_` AS COL5, c.`app_name` AS COL6, c.`control_id` AS COL7, c.`language` AS COL8, c.`last_modified` AS COL9, c.`multilingual` AS COL10, c.`nme` AS COL11, c.`prnt_prop_id` AS COL12, c.`validation` AS COL13, c.`val` AS COL14, c.`voa_version` AS COL15 FROM `sf_form_description` a LEFT JOIN `sf_object_data` AS b ON (a.`content_id` = b.`content_id`) LEFT JOIN `sf_control_properties` AS c ON (b.`id` = c.`control_id`) WHERE a.`content_id` = ?                                       ORDER BY c.`control_id`  Telerik.OpenAccess.RT.sql.SQLException: Got error 28 from storage engine
   at Telerik.OpenAccess.RT.Adonet2Generic.Impl.PreparedStatementImp.executeQuery()
   at OpenAccessRuntime.Relational.conn.PooledPreparedStatement.executeQuery()
   at OpenAccessRuntime.Relational.fetch.FetchResultImp.Execute()
Source : Telerik.OpenAccess.Runtime
Help link : 
InnerExceptions : System.Exception[]
FailedObject : 
BackendError : Telerik.OpenAccess.RT.sql.SQLException: Got error 28 from storage engine
   at Telerik.OpenAccess.RT.Adonet2Generic.Impl.PreparedStatementImp.executeQuery()
   at OpenAccessRuntime.Relational.conn.PooledPreparedStatement.executeQuery()
   at OpenAccessRuntime.Relational.fetch.FetchResultImp.Execute()
Reason : Runtime
CanRetry : False
Data : System.Collections.ListDictionaryInternal
TargetSite : System.Exception Throw()
HResult : -2146233088
Stack Trace :    at OpenAccessRuntime.ExceptionWrapper.Throw()
   at OpenAccessRuntime.DataObjects.PCStateMan.handleException(Exception x)
   at OpenAccessRuntime.DataObjects.PCStateMan.getObjectFieldImp(PersistenceCapable pc, FieldMetaData fmd, Object currentValue)
   at OpenAccessRuntime.DataObjects.PCStateMan.GetObjectField(PersistenceCapable pc, Int32 field, Object currentValue)
   at Telerik.Sitefinity.Forms.Model.FormDescription.OpenAccessEnhancedGetcontrols(FormDescription owner)
   at Telerik.Sitefinity.Forms.Model.FormDescription.get_Controls()
   at Telerik.Sitefinity.Forms.Model.FormDescription.Telerik.Sitefinity.Pages.Model.IControlsContainer.get_Controls()
   at Telerik.Sitefinity.Modules.Pages.PageHelperImplementation.SortControls(IEnumerable`1 controlContainers, Int32 count)
   at Telerik.Sitefinity.Modules.Pages.PageHelperImplementation.ProcessControls(IList`1 controls, IList`1 placeholders, IList`1 controlContainers)
   at Telerik.Sitefinity.Modules.Forms.Web.UI.FormsControl.RenderFormFields()
   at Telerik.Sitefinity.Modules.Forms.Web.UI.FormsControl.InitializeControls(GenericContainer container)
   at Telerik.Sitefinity.Web.UI.SimpleView.CreateChildControls()
   at System.Web.UI.Control.EnsureChildControls()
   at System.Web.UI.Control.PreRenderRecursiveInternal()
   at System.Web.UI.Control.PreRenderRecursiveInternal()
   at System.Web.UI.Control.PreRenderRecursiveInternal()
   at System.Web.UI.Control.PreRenderRecursiveInternal()
   at System.Web.UI.Control.PreRenderRecursiveInternal()
   at System.Web.UI.Control.PreRenderRecursiveInternal()
   at System.Web.UI.Control.PreRenderRecursiveInternal()
   at System.Web.UI.Control.PreRenderRecursiveInternal()
   at System.Web.UI.Control.PreRenderRecursiveInternal()
   at System.Web.UI.Control.PreRenderRecursiveInternal()
   at System.Web.UI.Control.PreRenderRecursiveInternal()
   at System.Web.UI.Page.ProcessRequestMain(Boolean includeStagesBeforeAsyncPoint, Boolean includeStagesAfterAsyncPoint)

Additional Info:

MachineName : WEB03
TimeStamp : 5/28/2014 5:35:24 AM
FullName : Telerik.Sitefinity.Utilities, Version=5.2.3700.0, Culture=neutral, PublicKeyToken=b28c218413bdf563
AppDomainName : /LM/W3SVC/124/ROOT-2-130457184612323750
ThreadIdentity : 
WindowsIdentity : SWBROADBAND\oldsugar
Requested URL : http://www.oldsugarmill.com/footbar/mailing-list
	Inner Exception
	---------------
	Type : Telerik.OpenAccess.RT.sql.SQLException, Telerik.OpenAccess.Runtime, Version=2012.3.1012.1, Culture=neutral, PublicKeyToken=7ce17eeaf1d59342
	Message : Got error 28 from storage engine
	Source : Telerik.OpenAccess.Runtime
	Help link : 
	ErrorCode : 1030
	Number : 1030
	ObjectId : 
	Description : SQLState=;Got error 28 from storage engine
	Data : System.Collections.ListDictionaryInternal
	TargetSite : Telerik.OpenAccess.RT.sql.ResultSet executeQuery()
	HResult : -2146233088
	Stack Trace :    at Telerik.OpenAccess.RT.Adonet2Generic.Impl.PreparedStatementImp.executeQuery()
	   at OpenAccessRuntime.Relational.conn.PooledPreparedStatement.executeQuery()
	   at OpenAccessRuntime.Relational.fetch.FetchResultImp.Execute()



Category: ErrorLog

Priority: 0

EventId: 90000

Severity: Error

Title:Enterprise Library Exception Handling

Machine: WEB03

App Domain: /LM/W3SVC/124/ROOT-2-130457184612323750

ProcessId: 7268

Process Name: C:\Windows\SysWOW64\inetsrv\w3wp.exe

Thread Name: 

Win32 ThreadId:12828

Extended Properties: 
----------------------------------------
