----------------------------------------
Timestamp: 01/11/2014 10:47:17

Message: HandlingInstanceID: 39621ecd-e3b8-48e9-ad69-55e2d1218dbc
An exception of type 'System.Web.HttpException' occurred and was caught.
------------------------------------------------------------------------
11/01/2014 10:47:17
Type : System.Web.HttpException, System.Web, Version=4.0.0.0, Culture=neutral, PublicKeyToken=b03f5f7f11d50a3a
Message : This is an invalid webresource request.
Source : System.Web
Help link : 
WebEventCode : 0
ErrorCode : -2147467259
Data : System.Collections.ListDictionaryInternal
TargetSite : Void System.Web.IHttpHandler.ProcessRequest(System.Web.HttpContext)
HResult : -2147467259
Stack Trace :    at System.Web.Handlers.AssemblyResourceLoader.System.Web.IHttpHandler.ProcessRequest(HttpContext context)
   at System.Web.HttpApplication.CallHandlerExecutionStep.System.Web.HttpApplication.IExecutionStep.Execute()
   at System.Web.HttpApplication.ExecuteStep(IExecutionStep step, Boolean& completedSynchronously)

Additional Info:

MachineName : WEB03
TimeStamp : 01/11/2014 10:47:17
FullName : Telerik.Sitefinity.Utilities, Version=5.2.3700.0, Culture=neutral, PublicKeyToken=b28c218413bdf563
AppDomainName : /LM/W3SVC/124/ROOT-1-130593087504531250
ThreadIdentity : 
WindowsIdentity : SWBROADBAND\oldsugar
Requested URL : http://www.oldsugarmill.com/WebResource.axd?d=vGKlD5OwI2CyoKfaxEfTbF5txzHG8cFD7i4gDe9xzAuzKoidkc0owCo_qlZzv49tweGhmKh5J7VXTbJPGRSWkvvi7VDiMGUXzddex6RfB581&t=635418570520000000


Category: ErrorLog

Priority: 0

EventId: 90000

Severity: Error

Title:Enterprise Library Exception Handling

Machine: WEB03

App Domain: /LM/W3SVC/124/ROOT-1-130593087504531250

ProcessId: 9528

Process Name: C:\Windows\SysWOW64\inetsrv\w3wp.exe

Thread Name: 

Win32 ThreadId:8396

Extended Properties: 
----------------------------------------
----------------------------------------
Timestamp: 01/11/2014 12:05:06

Message: HandlingInstanceID: 77927565-4746-4ad7-94ee-91fbd81ef4f7
An exception of type 'System.Web.HttpException' occurred and was caught.
------------------------------------------------------------------------
11/01/2014 12:05:06
Type : System.Web.HttpException, System.Web, Version=4.0.0.0, Culture=neutral, PublicKeyToken=b03f5f7f11d50a3a
Message : A potentially dangerous Request.Path value was detected from the client (:).
Source : System.Web
Help link : 
WebEventCode : 0
ErrorCode : -2147467259
Data : System.Collections.ListDictionaryInternal
TargetSite : Void ValidateInputIfRequiredByConfig()
HResult : -2147467259
Stack Trace :    at System.Web.HttpRequest.ValidateInputIfRequiredByConfig()
   at System.Web.HttpApplication.PipelineStepManager.ValidateHelper(HttpContext context)

Additional Info:

MachineName : WEB03
TimeStamp : 01/11/2014 12:05:06
FullName : Telerik.Sitefinity.Utilities, Version=5.2.3700.0, Culture=neutral, PublicKeyToken=b28c218413bdf563
AppDomainName : /LM/W3SVC/124/ROOT-1-130593157075156250
ThreadIdentity : 
WindowsIdentity : SWBROADBAND\oldsugar
Requested URL : http://www.oldsugarmill.com/footbar/javascript:__doPostBack(&


Category: ErrorLog

Priority: 0

EventId: 90000

Severity: Error

Title:Enterprise Library Exception Handling

Machine: WEB03

App Domain: /LM/W3SVC/124/ROOT-1-130593157075156250

ProcessId: 9600

Process Name: C:\Windows\SysWOW64\inetsrv\w3wp.exe

Thread Name: 

Win32 ThreadId:8356

Extended Properties: 
----------------------------------------
----------------------------------------
Timestamp: 01/11/2014 12:36:33

Message: HandlingInstanceID: 448bfe02-ad62-403b-bf48-f8573ae4b67a
An exception of type 'System.Web.HttpException' occurred and was caught.
------------------------------------------------------------------------
11/01/2014 12:36:33
Type : System.Web.HttpException, System.Web, Version=4.0.0.0, Culture=neutral, PublicKeyToken=b03f5f7f11d50a3a
Message : This is an invalid script resource request.
Source : System.Web.Extensions
Help link : 
WebEventCode : 0
ErrorCode : -2147467259
Data : System.Collections.ListDictionaryInternal
TargetSite : Void ProcessRequest(System.Web.HttpContextBase, VirtualFileReader, System.Action`2[System.String,System.Exception], Boolean)
HResult : -2147467259
Stack Trace :    at System.Web.Handlers.ScriptResourceHandler.ProcessRequest(HttpContextBase context, VirtualFileReader fileReader, Action`2 logAction, Boolean validatePath)
   at System.Web.Handlers.ScriptResourceHandler.ProcessRequest(HttpContext context)
   at System.Web.Handlers.ScriptResourceHandler.System.Web.IHttpHandler.ProcessRequest(HttpContext context)
   at System.Web.HttpApplication.CallHandlerExecutionStep.System.Web.HttpApplication.IExecutionStep.Execute()
   at System.Web.HttpApplication.ExecuteStep(IExecutionStep step, Boolean& completedSynchronously)

Additional Info:

MachineName : WEB03
TimeStamp : 01/11/2014 12:36:33
FullName : Telerik.Sitefinity.Utilities, Version=5.2.3700.0, Culture=neutral, PublicKeyToken=b28c218413bdf563
AppDomainName : /LM/W3SVC/124/ROOT-1-130593157075156250
ThreadIdentity : 
WindowsIdentity : SWBROADBAND\oldsugar
Requested URL : http://oldsugarmill.swbroadband.co.uk/ScriptResource.axd?d=LeQS4vFz5VL7XXXc-PjWFaDMnfC4G4iy5XAfsEGtORum5cS10irZXljZHsJeRYdp9TzbiBfrBVL7W_9XcKwn7WiXdMcBOI-dBHW3ertYgNXl1rLJf8njq4EAKzeUuE927YN-ma9onc-kGlA2y5VaSf8GcU1Z9_R9-9UlV-p3t1aC4u0qMSGQxJdQAJk3UCkqfVSa_YgbCjIyII803Ph3xA2&t=155533f4


Category: ErrorLog

Priority: 0

EventId: 90000

Severity: Error

Title:Enterprise Library Exception Handling

Machine: WEB03

App Domain: /LM/W3SVC/124/ROOT-1-130593157075156250

ProcessId: 9600

Process Name: C:\Windows\SysWOW64\inetsrv\w3wp.exe

Thread Name: 

Win32 ThreadId:5608

Extended Properties: 
----------------------------------------
----------------------------------------
Timestamp: 01/11/2014 12:36:34

Message: HandlingInstanceID: 1180c4c6-835a-406e-8cd5-6cf5691072ce
An exception of type 'System.Web.HttpException' occurred and was caught.
------------------------------------------------------------------------
11/01/2014 12:36:34
Type : System.Web.HttpException, System.Web, Version=4.0.0.0, Culture=neutral, PublicKeyToken=b03f5f7f11d50a3a
Message : This is an invalid script resource request.
Source : System.Web.Extensions
Help link : 
WebEventCode : 0
ErrorCode : -2147467259
Data : System.Collections.ListDictionaryInternal
TargetSite : Void ProcessRequest(System.Web.HttpContextBase, VirtualFileReader, System.Action`2[System.String,System.Exception], Boolean)
HResult : -2147467259
Stack Trace :    at System.Web.Handlers.ScriptResourceHandler.ProcessRequest(HttpContextBase context, VirtualFileReader fileReader, Action`2 logAction, Boolean validatePath)
   at System.Web.Handlers.ScriptResourceHandler.ProcessRequest(HttpContext context)
   at System.Web.Handlers.ScriptResourceHandler.System.Web.IHttpHandler.ProcessRequest(HttpContext context)
   at System.Web.HttpApplication.CallHandlerExecutionStep.System.Web.HttpApplication.IExecutionStep.Execute()
   at System.Web.HttpApplication.ExecuteStep(IExecutionStep step, Boolean& completedSynchronously)

Additional Info:

MachineName : WEB03
TimeStamp : 01/11/2014 12:36:34
FullName : Telerik.Sitefinity.Utilities, Version=5.2.3700.0, Culture=neutral, PublicKeyToken=b28c218413bdf563
AppDomainName : /LM/W3SVC/124/ROOT-1-130593157075156250
ThreadIdentity : 
WindowsIdentity : SWBROADBAND\oldsugar
Requested URL : http://oldsugarmill.swbroadband.co.uk/ScriptResource.axd?d=-KCkNXjgHgstqDUmEiAKBfTD0y6yuimJHhz9ovmCFxKdHmuE0Ap2EHN_mrHJpr6MXARwmsllAyDeyVMazCnMArraSiWNATU2No5S9gk8M06swsAllgdjVVGnAN8Su3Dp9ShS5919Dvn-Q5HDZ2YJobaqWdiDkRhUGZtt6apPsKUYpqqa6_UxpXVVrbWolJ470&t=155533f4


Category: ErrorLog

Priority: 0

EventId: 90000

Severity: Error

Title:Enterprise Library Exception Handling

Machine: WEB03

App Domain: /LM/W3SVC/124/ROOT-1-130593157075156250

ProcessId: 9600

Process Name: C:\Windows\SysWOW64\inetsrv\w3wp.exe

Thread Name: 

Win32 ThreadId:7164

Extended Properties: 
----------------------------------------
----------------------------------------
Timestamp: 01/11/2014 17:22:28

Message: HandlingInstanceID: c7a2d8ad-b852-4285-a48b-c72bf368b999
An exception of type 'System.Web.HttpException' occurred and was caught.
------------------------------------------------------------------------
11/01/2014 17:22:27
Type : System.Web.HttpException, System.Web, Version=4.0.0.0, Culture=neutral, PublicKeyToken=b03f5f7f11d50a3a
Message : This is an invalid webresource request.
Source : System.Web
Help link : 
WebEventCode : 0
ErrorCode : -2147467259
Data : System.Collections.ListDictionaryInternal
TargetSite : Void System.Web.IHttpHandler.ProcessRequest(System.Web.HttpContext)
HResult : -2147467259
Stack Trace :    at System.Web.Handlers.AssemblyResourceLoader.System.Web.IHttpHandler.ProcessRequest(HttpContext context)
   at System.Web.HttpApplication.CallHandlerExecutionStep.System.Web.HttpApplication.IExecutionStep.Execute()
   at System.Web.HttpApplication.ExecuteStep(IExecutionStep step, Boolean& completedSynchronously)

Additional Info:

MachineName : WEB03
TimeStamp : 01/11/2014 17:22:27
FullName : Telerik.Sitefinity.Utilities, Version=5.2.3700.0, Culture=neutral, PublicKeyToken=b28c218413bdf563
AppDomainName : /LM/W3SVC/124/ROOT-1-130593240928750000
ThreadIdentity : 
WindowsIdentity : SWBROADBAND\oldsugar
Requested URL : http://www.oldsugarmill.com/WebResource.axd?d=M-IPrB4cKnkWsl4HHmo2GAODoCtbEyofve9Zcjf5u9mz6jXKsBYVuanke97fjYgz5bvIltPwHNYBp_eZJ4dNMjY7J-ffUh-HIJ3DB4PJflQ1&t=635418570520000000


Category: ErrorLog

Priority: 0

EventId: 90000

Severity: Error

Title:Enterprise Library Exception Handling

Machine: WEB03

App Domain: /LM/W3SVC/124/ROOT-1-130593240928750000

ProcessId: 10224

Process Name: C:\Windows\SysWOW64\inetsrv\w3wp.exe

Thread Name: 

Win32 ThreadId:9612

Extended Properties: 
----------------------------------------
----------------------------------------
Timestamp: 01/11/2014 17:22:29

Message: HandlingInstanceID: b508f229-b540-4430-9c0c-2488efac325e
An exception of type 'System.Web.HttpException' occurred and was caught.
------------------------------------------------------------------------
11/01/2014 17:22:29
Type : System.Web.HttpException, System.Web, Version=4.0.0.0, Culture=neutral, PublicKeyToken=b03f5f7f11d50a3a
Message : This is an invalid script resource request.
Source : System.Web.Extensions
Help link : 
WebEventCode : 0
ErrorCode : -2147467259
Data : System.Collections.ListDictionaryInternal
TargetSite : Void ProcessRequest(System.Web.HttpContextBase, VirtualFileReader, System.Action`2[System.String,System.Exception], Boolean)
HResult : -2147467259
Stack Trace :    at System.Web.Handlers.ScriptResourceHandler.ProcessRequest(HttpContextBase context, VirtualFileReader fileReader, Action`2 logAction, Boolean validatePath)
   at System.Web.Handlers.ScriptResourceHandler.ProcessRequest(HttpContext context)
   at System.Web.Handlers.ScriptResourceHandler.System.Web.IHttpHandler.ProcessRequest(HttpContext context)
   at System.Web.HttpApplication.CallHandlerExecutionStep.System.Web.HttpApplication.IExecutionStep.Execute()
   at System.Web.HttpApplication.ExecuteStep(IExecutionStep step, Boolean& completedSynchronously)

Additional Info:

MachineName : WEB03
TimeStamp : 01/11/2014 17:22:29
FullName : Telerik.Sitefinity.Utilities, Version=5.2.3700.0, Culture=neutral, PublicKeyToken=b28c218413bdf563
AppDomainName : /LM/W3SVC/124/ROOT-1-130593240928750000
ThreadIdentity : 
WindowsIdentity : SWBROADBAND\oldsugar
Requested URL : http://www.oldsugarmill.com/ScriptResource.axd?d=LwJBN6JOstRb809PYUJxjL1E_IrG_vYM1SvxSu1cN_P5b8p6jQB4-Lvait_nHj2a_sGAyYMRX2v_LM1dnghf-FsDV9tP_T69qA_6qbMB6zYSvwKff2IPKBJATfNF_X96zoEhUf3fhETQmyJccCUZeY5H11wmg0TjcCS_C0MKjzmK0ztj3eLnpL7b1MjDhJzO0&t=155533f4


Category: ErrorLog

Priority: 0

EventId: 90000

Severity: Error

Title:Enterprise Library Exception Handling

Machine: WEB03

App Domain: /LM/W3SVC/124/ROOT-1-130593240928750000

ProcessId: 10224

Process Name: C:\Windows\SysWOW64\inetsrv\w3wp.exe

Thread Name: 

Win32 ThreadId:6140

Extended Properties: 
----------------------------------------
----------------------------------------
Timestamp: 01/11/2014 17:22:32

Message: HandlingInstanceID: 2591a878-c820-47fa-82c5-4c1cc9d01dd0
An exception of type 'System.Web.HttpException' occurred and was caught.
------------------------------------------------------------------------
11/01/2014 17:22:32
Type : System.Web.HttpException, System.Web, Version=4.0.0.0, Culture=neutral, PublicKeyToken=b03f5f7f11d50a3a
Message : This is an invalid script resource request.
Source : System.Web.Extensions
Help link : 
WebEventCode : 0
ErrorCode : -2147467259
Data : System.Collections.ListDictionaryInternal
TargetSite : Void ProcessRequest(System.Web.HttpContextBase, VirtualFileReader, System.Action`2[System.String,System.Exception], Boolean)
HResult : -2147467259
Stack Trace :    at System.Web.Handlers.ScriptResourceHandler.ProcessRequest(HttpContextBase context, VirtualFileReader fileReader, Action`2 logAction, Boolean validatePath)
   at System.Web.Handlers.ScriptResourceHandler.ProcessRequest(HttpContext context)
   at System.Web.Handlers.ScriptResourceHandler.System.Web.IHttpHandler.ProcessRequest(HttpContext context)
   at System.Web.HttpApplication.CallHandlerExecutionStep.System.Web.HttpApplication.IExecutionStep.Execute()
   at System.Web.HttpApplication.ExecuteStep(IExecutionStep step, Boolean& completedSynchronously)

Additional Info:

MachineName : WEB03
TimeStamp : 01/11/2014 17:22:32
FullName : Telerik.Sitefinity.Utilities, Version=5.2.3700.0, Culture=neutral, PublicKeyToken=b28c218413bdf563
AppDomainName : /LM/W3SVC/124/ROOT-1-130593240928750000
ThreadIdentity : 
WindowsIdentity : SWBROADBAND\oldsugar
Requested URL : http://www.oldsugarmill.com/ScriptResource.axd?d=GltElVRHfqhbB_A5shddtwu7cw403tJpB2cnskVCtqms_2ow1K723_T6Mkko2LHKWjLK6MuxF7S1kmkBcP97ktU7ELlhysoMMcIoaSBLNG8kvXfUBJzl-IjJwwf2FzcBnyKLOBTefR7CrZ3H_lFpALqHJR3nJLmAL46B6gSvbiI5Evnbke_i3cZsyX0c3A1Np7be-4-8N0PYxfx1RHHRuQ2&t=155533f4


Category: ErrorLog

Priority: 0

EventId: 90000

Severity: Error

Title:Enterprise Library Exception Handling

Machine: WEB03

App Domain: /LM/W3SVC/124/ROOT-1-130593240928750000

ProcessId: 10224

Process Name: C:\Windows\SysWOW64\inetsrv\w3wp.exe

Thread Name: 

Win32 ThreadId:4144

Extended Properties: 
----------------------------------------
----------------------------------------
Timestamp: 11/1/2014 5:26:54 PM

Message: HandlingInstanceID: 3a157b45-964c-4202-8c1f-b4e751c5d15e
An exception of type 'System.Web.HttpException' occurred and was caught.
------------------------------------------------------------------------
11/01/2014 17:26:54
Type : System.Web.HttpException, System.Web, Version=4.0.0.0, Culture=neutral, PublicKeyToken=b03f5f7f11d50a3a
Message : The remote host closed the connection. The error code is 0x80070016.
Source : System.Web
Help link : 
WebEventCode : 0
ErrorCode : -2147024874
Data : System.Collections.ListDictionaryInternal
TargetSite : Void RaiseCommunicationError(Int32, Boolean)
HResult : -2147024874
Stack Trace :    at System.Web.Hosting.IIS7WorkerRequest.RaiseCommunicationError(Int32 result, Boolean throwOnDisconnect)
   at System.Web.Hosting.IIS7WorkerRequest.ExplicitFlush()
   at System.Web.HttpResponse.Flush(Boolean finalFlush, Boolean async)
   at System.Web.HttpResponse.Flush()
   at System.Web.HttpWriter.WriteFromStream(Byte[] data, Int32 offset, Int32 size)
   at System.Web.HttpResponseStream.Write(Byte[] buffer, Int32 offset, Int32 count)
   at Telerik.Sitefinity.Modules.Libraries.Web.LibraryHttpHandler.<>c__DisplayClassd.<SendCachedResponse>b__b()
   at Telerik.Sitefinity.Modules.Libraries.Web.LibraryHttpHandler.IgnoringClosedConnection(Action action)
   at Telerik.Sitefinity.Modules.Libraries.Web.LibraryHttpHandler.SendCachedResponse(HttpRequest request, HttpResponse response, OutputItem item)
   at Telerik.Sitefinity.Modules.Libraries.Web.LibraryHttpHandler.ProcessRequest(HttpContext context)
   at System.Web.HttpApplication.CallHandlerExecutionStep.System.Web.HttpApplication.IExecutionStep.Execute()
   at System.Web.HttpApplication.ExecuteStep(IExecutionStep step, Boolean& completedSynchronously)

Additional Info:

MachineName : WEB03
TimeStamp : 11/1/2014 5:26:54 PM
FullName : Telerik.Sitefinity.Utilities, Version=5.2.3700.0, Culture=neutral, PublicKeyToken=b28c218413bdf563
AppDomainName : /LM/W3SVC/124/ROOT-1-130593240928750000
ThreadIdentity : 
WindowsIdentity : SWBROADBAND\oldsugar
Requested URL : http://www.oldsugarmill.com/images/default-source/base-images/twittericon-sm.png?sfvrsn=0


Category: ErrorLog

Priority: 0

EventId: 90000

Severity: Error

Title:Enterprise Library Exception Handling

Machine: WEB03

App Domain: /LM/W3SVC/124/ROOT-1-130593240928750000

ProcessId: 10224

Process Name: C:\Windows\SysWOW64\inetsrv\w3wp.exe

Thread Name: 

Win32 ThreadId:7004

Extended Properties: 
----------------------------------------
----------------------------------------
Timestamp: 11/1/2014 5:26:54 PM

Message: HandlingInstanceID: 2239d260-bf09-4245-8baa-ea2e262590eb
An exception of type 'System.Web.HttpException' occurred and was caught.
------------------------------------------------------------------------
11/01/2014 17:26:54
Type : System.Web.HttpException, System.Web, Version=4.0.0.0, Culture=neutral, PublicKeyToken=b03f5f7f11d50a3a
Message : The remote host closed the connection. The error code is 0x80070016.
Source : System.Web
Help link : 
WebEventCode : 0
ErrorCode : -2147024874
Data : System.Collections.ListDictionaryInternal
TargetSite : Void RaiseCommunicationError(Int32, Boolean)
HResult : -2147024874
Stack Trace :    at System.Web.Hosting.IIS7WorkerRequest.RaiseCommunicationError(Int32 result, Boolean throwOnDisconnect)
   at System.Web.Hosting.IIS7WorkerRequest.ExplicitFlush()
   at System.Web.HttpResponse.Flush(Boolean finalFlush, Boolean async)
   at System.Web.HttpResponse.Flush()
   at System.Web.HttpWriter.WriteFromStream(Byte[] data, Int32 offset, Int32 size)
   at System.Web.HttpResponseStream.Write(Byte[] buffer, Int32 offset, Int32 count)
   at Telerik.Sitefinity.Modules.Libraries.Web.LibraryHttpHandler.<>c__DisplayClassd.<SendCachedResponse>b__b()
   at Telerik.Sitefinity.Modules.Libraries.Web.LibraryHttpHandler.IgnoringClosedConnection(Action action)
   at Telerik.Sitefinity.Modules.Libraries.Web.LibraryHttpHandler.SendCachedResponse(HttpRequest request, HttpResponse response, OutputItem item)
   at Telerik.Sitefinity.Modules.Libraries.Web.LibraryHttpHandler.ProcessRequest(HttpContext context)
   at System.Web.HttpApplication.CallHandlerExecutionStep.System.Web.HttpApplication.IExecutionStep.Execute()
   at System.Web.HttpApplication.ExecuteStep(IExecutionStep step, Boolean& completedSynchronously)

Additional Info:

MachineName : WEB03
TimeStamp : 11/1/2014 5:26:54 PM
FullName : Telerik.Sitefinity.Utilities, Version=5.2.3700.0, Culture=neutral, PublicKeyToken=b28c218413bdf563
AppDomainName : /LM/W3SVC/124/ROOT-1-130593240928750000
ThreadIdentity : 
WindowsIdentity : SWBROADBAND\oldsugar
Requested URL : http://www.oldsugarmill.com/images/default-source/default-album/entrance-2207661318-o---copy-(2).jpg?sfvrsn=0


Category: ErrorLog

Priority: 0

EventId: 90000

Severity: Error

Title:Enterprise Library Exception Handling

Machine: WEB03

App Domain: /LM/W3SVC/124/ROOT-1-130593240928750000

ProcessId: 10224

Process Name: C:\Windows\SysWOW64\inetsrv\w3wp.exe

Thread Name: 

Win32 ThreadId:8324

Extended Properties: 
----------------------------------------
----------------------------------------
Timestamp: 01/11/2014 18:18:14

Message: HandlingInstanceID: 6c8b57ae-44cf-4b89-af88-f0683c9d1267
An exception of type 'System.Web.HttpException' occurred and was caught.
------------------------------------------------------------------------
11/01/2014 18:18:14
Type : System.Web.HttpException, System.Web, Version=4.0.0.0, Culture=neutral, PublicKeyToken=b03f5f7f11d50a3a
Message : This is an invalid script resource request.
Source : System.Web.Extensions
Help link : 
WebEventCode : 0
ErrorCode : -2147467259
Data : System.Collections.ListDictionaryInternal
TargetSite : Void ProcessRequest(System.Web.HttpContextBase, VirtualFileReader, System.Action`2[System.String,System.Exception], Boolean)
HResult : -2147467259
Stack Trace :    at System.Web.Handlers.ScriptResourceHandler.ProcessRequest(HttpContextBase context, VirtualFileReader fileReader, Action`2 logAction, Boolean validatePath)
   at System.Web.Handlers.ScriptResourceHandler.ProcessRequest(HttpContext context)
   at System.Web.Handlers.ScriptResourceHandler.System.Web.IHttpHandler.ProcessRequest(HttpContext context)
   at System.Web.HttpApplication.CallHandlerExecutionStep.System.Web.HttpApplication.IExecutionStep.Execute()
   at System.Web.HttpApplication.ExecuteStep(IExecutionStep step, Boolean& completedSynchronously)

Additional Info:

MachineName : WEB03
TimeStamp : 01/11/2014 18:18:14
FullName : Telerik.Sitefinity.Utilities, Version=5.2.3700.0, Culture=neutral, PublicKeyToken=b28c218413bdf563
AppDomainName : /LM/W3SVC/124/ROOT-1-130593240928750000
ThreadIdentity : 
WindowsIdentity : SWBROADBAND\oldsugar
Requested URL : http://www.oldsugarmill.com/ScriptResource.axd?d=bORXA21Vw1C4C2a5YVaYZx2cLg9nAOdff5Q-oDY8g0Oo6Haa-YtzSWpn1xPtEKlM1dhCDCdnpBixWmay9JQT7G10LPTO2LsFageJPPmQnvOqNZ6H0gA5I2klsWnK_n629MFRNSnnOfnNhXdViy8wXYUONuDgfrrcnrM3H2f9QO3BCLPVelzlT_K_ehwVZhab0&t=155533f4


Category: ErrorLog

Priority: 0

EventId: 90000

Severity: Error

Title:Enterprise Library Exception Handling

Machine: WEB03

App Domain: /LM/W3SVC/124/ROOT-1-130593240928750000

ProcessId: 10224

Process Name: C:\Windows\SysWOW64\inetsrv\w3wp.exe

Thread Name: 

Win32 ThreadId:9356

Extended Properties: 
----------------------------------------
----------------------------------------
Timestamp: 11/1/2014 11:58:33 PM

Message: HandlingInstanceID: 4665fbb4-ae8f-48d0-a5f7-d1166423732e
An exception of type 'System.Web.HttpException' occurred and was caught.
------------------------------------------------------------------------
11/01/2014 23:58:33
Type : System.Web.HttpException, System.Web, Version=4.0.0.0, Culture=neutral, PublicKeyToken=b03f5f7f11d50a3a
Message : File not found.
Source : Telerik.Sitefinity
Help link : 
WebEventCode : 0
ErrorCode : -2147467259
Data : System.Collections.ListDictionaryInternal
TargetSite : IOutputItem GetOutputItem(System.Web.HttpRequest, System.Web.HttpResponse, Telerik.Microsoft.Practices.EnterpriseLibrary.Caching.ICacheManager, System.String, Telerik.Sitefinity.Libraries.Model.MediaContent ByRef)
HResult : -2147467259
Stack Trace :    at Telerik.Sitefinity.Modules.Libraries.Web.LibraryHttpHandler.GetOutputItem(HttpRequest request, HttpResponse response, ICacheManager cache, String key, MediaContent& content)
   at Telerik.Sitefinity.Modules.Libraries.Web.LibraryHttpHandler.ProcessRequest(HttpContext context)
   at System.Web.HttpApplication.CallHandlerExecutionStep.System.Web.HttpApplication.IExecutionStep.Execute()
   at System.Web.HttpApplication.ExecuteStep(IExecutionStep step, Boolean& completedSynchronously)

Additional Info:

MachineName : WEB03
TimeStamp : 11/1/2014 11:58:33 PM
FullName : Telerik.Sitefinity.Utilities, Version=5.2.3700.0, Culture=neutral, PublicKeyToken=b28c218413bdf563
AppDomainName : /LM/W3SVC/124/ROOT-1-130593589055156250
ThreadIdentity : 
WindowsIdentity : SWBROADBAND\oldsugar
Requested URL : http://www.oldsugarmill.com/images/bubble.png


Category: ErrorLog

Priority: 0

EventId: 90000

Severity: Error

Title:Enterprise Library Exception Handling

Machine: WEB03

App Domain: /LM/W3SVC/124/ROOT-1-130593589055156250

ProcessId: 7552

Process Name: C:\Windows\SysWOW64\inetsrv\w3wp.exe

Thread Name: 

Win32 ThreadId:7456

Extended Properties: 
----------------------------------------
----------------------------------------
Timestamp: 02/11/2014 01:02:35

Message: HandlingInstanceID: d72537ed-b9c5-4a4b-b315-38f1d74da294
An exception of type 'System.Web.HttpException' occurred and was caught.
------------------------------------------------------------------------
11/02/2014 01:02:35
Type : System.Web.HttpException, System.Web, Version=4.0.0.0, Culture=neutral, PublicKeyToken=b03f5f7f11d50a3a
Message : This is an invalid script resource request.
Source : System.Web.Extensions
Help link : 
WebEventCode : 0
ErrorCode : -2147467259
Data : System.Collections.ListDictionaryInternal
TargetSite : Void ProcessRequest(System.Web.HttpContextBase, VirtualFileReader, System.Action`2[System.String,System.Exception], Boolean)
HResult : -2147467259
Stack Trace :    at System.Web.Handlers.ScriptResourceHandler.ProcessRequest(HttpContextBase context, VirtualFileReader fileReader, Action`2 logAction, Boolean validatePath)
   at System.Web.Handlers.ScriptResourceHandler.ProcessRequest(HttpContext context)
   at System.Web.Handlers.ScriptResourceHandler.System.Web.IHttpHandler.ProcessRequest(HttpContext context)
   at System.Web.HttpApplication.CallHandlerExecutionStep.System.Web.HttpApplication.IExecutionStep.Execute()
   at System.Web.HttpApplication.ExecuteStep(IExecutionStep step, Boolean& completedSynchronously)

Additional Info:

MachineName : WEB03
TimeStamp : 02/11/2014 01:02:35
FullName : Telerik.Sitefinity.Utilities, Version=5.2.3700.0, Culture=neutral, PublicKeyToken=b28c218413bdf563
AppDomainName : /LM/W3SVC/124/ROOT-1-130593589055156250
ThreadIdentity : 
WindowsIdentity : SWBROADBAND\oldsugar
Requested URL : http://www.oldsugarmill.com/ScriptResource.axd?d=56YtTS8ibap9dfCc80_uTQXjemj67yNW4ieyxAgaXS92fXaKeydO8TkhfmeP15RvU8wb0WqFFD83mnKa8L9n0KR9gONgQWf97qt7_qkK2ihjX8a7k4b_6DozqK2911uBYWDjDCAN7f4outk_r9tPqXEKUwlsJkG3NywmWQDp9dZsefmj8WNUxY7jixMFJG9c0&t=155533f4


Category: ErrorLog

Priority: 0

EventId: 90000

Severity: Error

Title:Enterprise Library Exception Handling

Machine: WEB03

App Domain: /LM/W3SVC/124/ROOT-1-130593589055156250

ProcessId: 7552

Process Name: C:\Windows\SysWOW64\inetsrv\w3wp.exe

Thread Name: 

Win32 ThreadId:5488

Extended Properties: 
----------------------------------------
----------------------------------------
Timestamp: 02/11/2014 01:02:36

Message: HandlingInstanceID: 0e58fc5f-2670-4a27-a188-c749a0cf879b
An exception of type 'System.Web.HttpException' occurred and was caught.
------------------------------------------------------------------------
11/02/2014 01:02:36
Type : System.Web.HttpException, System.Web, Version=4.0.0.0, Culture=neutral, PublicKeyToken=b03f5f7f11d50a3a
Message : This is an invalid script resource request.
Source : System.Web.Extensions
Help link : 
WebEventCode : 0
ErrorCode : -2147467259
Data : System.Collections.ListDictionaryInternal
TargetSite : Void ProcessRequest(System.Web.HttpContextBase, VirtualFileReader, System.Action`2[System.String,System.Exception], Boolean)
HResult : -2147467259
Stack Trace :    at System.Web.Handlers.ScriptResourceHandler.ProcessRequest(HttpContextBase context, VirtualFileReader fileReader, Action`2 logAction, Boolean validatePath)
   at System.Web.Handlers.ScriptResourceHandler.ProcessRequest(HttpContext context)
   at System.Web.Handlers.ScriptResourceHandler.System.Web.IHttpHandler.ProcessRequest(HttpContext context)
   at System.Web.HttpApplication.CallHandlerExecutionStep.System.Web.HttpApplication.IExecutionStep.Execute()
   at System.Web.HttpApplication.ExecuteStep(IExecutionStep step, Boolean& completedSynchronously)

Additional Info:

MachineName : WEB03
TimeStamp : 02/11/2014 01:02:36
FullName : Telerik.Sitefinity.Utilities, Version=5.2.3700.0, Culture=neutral, PublicKeyToken=b28c218413bdf563
AppDomainName : /LM/W3SVC/124/ROOT-1-130593589055156250
ThreadIdentity : 
WindowsIdentity : SWBROADBAND\oldsugar
Requested URL : http://www.oldsugarmill.com/ScriptResource.axd?d=NV8KKFDYQmzhmcRBpKD7G8ponIvhQTdnufAImMEqUSdBOHmELm8SHnbf4VXWQMOlD-JuABnPCnhcBfhtN8hrr5ThKR07s62Cqod7YDqAbYrezhXtyreUGuN0TPidw77HTJvgGZmYL0Nshy2EKZOmKYWxjE1tfR3MevvNalSFazZ47GpyCBeyL58TG1mQLJxruEX6q_kV5MUBK-xYnr-VIA2&t=155533f4


Category: ErrorLog

Priority: 0

EventId: 90000

Severity: Error

Title:Enterprise Library Exception Handling

Machine: WEB03

App Domain: /LM/W3SVC/124/ROOT-1-130593589055156250

ProcessId: 7552

Process Name: C:\Windows\SysWOW64\inetsrv\w3wp.exe

Thread Name: 

Win32 ThreadId:6608

Extended Properties: 
----------------------------------------
----------------------------------------
Timestamp: 11/2/2014 2:42:11 AM

Message: HandlingInstanceID: 0073794b-1792-4b87-ba70-2bbd755c73a5
An exception of type 'System.ArgumentException' occurred and was caught.
------------------------------------------------------------------------
11/02/2014 02:42:11
Type : System.ArgumentException, mscorlib, Version=4.0.0.0, Culture=neutral, PublicKeyToken=b77a5c561934e089
Message : Item has already been added. Key in dictionary: 'Telerik.Web.SkinsAssembly'  Key being added: 'Telerik.Web.SkinsAssembly'
Source : mscorlib
Help link : 
ParamName : 
Data : System.Collections.ListDictionaryInternal
TargetSite : Void Insert(System.Object, System.Object, Boolean)
HResult : -2147024809
Stack Trace :    at System.Collections.Hashtable.Insert(Object key, Object nvalue, Boolean add)
   at System.Collections.Hashtable.Add(Object key, Object value)
   at System.Collections.Specialized.NameObjectCollectionBase.BaseAdd(String name, Object value)
   at System.Collections.Specialized.NameObjectCollectionBase.BaseSet(String name, Object value)
   at System.Collections.Specialized.NameValueCollection.Set(String name, String value)
   at Telerik.Web.SkinRegistrar.GetDefaultSkinsAssemblyName()
   at Telerik.Web.SkinRegistrar.GetAllEmbeddedSkinAttributes(RadSkinManager skinManager, Type controlType)
   at Telerik.Web.SkinRegistrar.GetAllEmbeddedSkinAttributes(Type controlType, Page page, Boolean designTime)
   at Telerik.Web.UI.Common.BaseClass.GetShortControlName(Control control)
   at Telerik.Web.UI.Common.BaseClass.GetValueFromConfig(String keyFormat, Control control)
   at Telerik.Web.UI.Common.BaseClass.GetGlobalEnableEmbeddedSkins(Control control)
   at Telerik.Web.UI.RadDataBoundControl.get_EnableEmbeddedSkins()
   at Telerik.Web.UI.RadDataBoundControl.Telerik.Web.ISkinnableControl.get_EnableEmbeddedSkins()
   at Telerik.Web.SkinRegistrar.GetEmbeddedSkinAttributes(ISkinnableControl control, Type controlType, Boolean designTime)
   at Telerik.Web.UI.RadStyleSheetManager.RegisterSkinnableControl(ISkinnableControl control)
   at Telerik.Web.UI.RadDataBoundControl.RegisterCssReferences()
   at Telerik.Web.UI.RadDataBoundControl.ControlPreRender()
   at Telerik.Web.UI.RadDataBoundControl.OnPreRender(EventArgs e)
   at System.Web.UI.Control.PreRenderRecursiveInternal()
   at System.Web.UI.Control.PreRenderRecursiveInternal()
   at System.Web.UI.Control.PreRenderRecursiveInternal()
   at System.Web.UI.Control.PreRenderRecursiveInternal()
   at System.Web.UI.Control.PreRenderRecursiveInternal()
   at System.Web.UI.Control.PreRenderRecursiveInternal()
   at System.Web.UI.Control.PreRenderRecursiveInternal()
   at System.Web.UI.Control.PreRenderRecursiveInternal()
   at System.Web.UI.Control.PreRenderRecursiveInternal()
   at System.Web.UI.Control.PreRenderRecursiveInternal()
   at System.Web.UI.Control.PreRenderRecursiveInternal()
   at System.Web.UI.Control.PreRenderRecursiveInternal()
   at System.Web.UI.Control.PreRenderRecursiveInternal()
   at System.Web.UI.Page.ProcessRequestMain(Boolean includeStagesBeforeAsyncPoint, Boolean includeStagesAfterAsyncPoint)

Additional Info:

MachineName : WEB03
TimeStamp : 11/2/2014 2:42:11 AM
FullName : Telerik.Sitefinity.Utilities, Version=5.2.3700.0, Culture=neutral, PublicKeyToken=b28c218413bdf563
AppDomainName : /LM/W3SVC/124/ROOT-1-130593696080312500
ThreadIdentity : 
WindowsIdentity : SWBROADBAND\oldsugar
Requested URL : http://www.oldsugarmill.com/topbar/events/yolo-county-sheriff's-posse-s-t-a-r-s-


Category: ErrorLog

Priority: 0

EventId: 90000

Severity: Error

Title:Enterprise Library Exception Handling

Machine: WEB03

App Domain: /LM/W3SVC/124/ROOT-1-130593696080312500

ProcessId: 1600

Process Name: C:\Windows\SysWOW64\inetsrv\w3wp.exe

Thread Name: 

Win32 ThreadId:9200

Extended Properties: 
----------------------------------------
