----------------------------------------
Timestamp: 12/1/2015 7:56:35 PM

Message: HandlingInstanceID: caff2c64-1c06-4af8-9278-23a0674c881f
An exception of type 'System.Web.HttpException' occurred and was caught.
------------------------------------------------------------------------
12/01/2015 19:56:35
Type : System.Web.HttpException, System.Web, Version=4.0.0.0, Culture=neutral, PublicKeyToken=b03f5f7f11d50a3a
Message : Page not found
Source : Telerik.Sitefinity
Help link : 
WebEventCode : 0
ErrorCode : -2147467259
Data : System.Collections.ListDictionaryInternal
TargetSite : Void handler_PreRenderComplete(System.Object, System.EventArgs)
HResult : -2147467259
Stack Trace :    at Telerik.Sitefinity.Web.PageRouteHandler.handler_PreRenderComplete(Object sender, EventArgs e)
   at System.EventHandler.Invoke(Object sender, EventArgs e)
   at System.Web.UI.Page.OnPreRenderComplete(EventArgs e)
   at System.Web.UI.Page.ProcessRequestMain(Boolean includeStagesBeforeAsyncPoint, Boolean includeStagesAfterAsyncPoint)

Additional Info:

MachineName : WINDOWS01
TimeStamp : 12/1/2015 7:56:35 PM
FullName : Telerik.Sitefinity.Utilities, Version=5.2.3700.0, Culture=neutral, PublicKeyToken=b28c218413bdf563
AppDomainName : /LM/W3SVC/76/ROOT-1-130934685288644521
ThreadIdentity : 
WindowsIdentity : WINDOWS01\IWPD_279(oldsugar)
Requested URL : http://oldsugarmill.com/events/piwik.php


Category: ErrorLog

Priority: 0

EventId: 90000

Severity: Error

Title:Enterprise Library Exception Handling

Machine: WINDOWS01

App Domain: /LM/W3SVC/76/ROOT-1-130934685288644521

ProcessId: 38560

Process Name: C:\Windows\SysWOW64\inetsrv\w3wp.exe

Thread Name: 

Win32 ThreadId:47904

Extended Properties: 
----------------------------------------
----------------------------------------
Timestamp: 12/1/2015 7:56:35 PM

Message: HandlingInstanceID: 5807e2a5-21e6-4915-bd05-fd3de32235c2
An exception of type 'System.Web.HttpException' occurred and was caught.
------------------------------------------------------------------------
12/01/2015 19:56:35
Type : System.Web.HttpException, System.Web, Version=4.0.0.0, Culture=neutral, PublicKeyToken=b03f5f7f11d50a3a
Message : Page not found
Source : Telerik.Sitefinity
Help link : 
WebEventCode : 0
ErrorCode : -2147467259
Data : System.Collections.ListDictionaryInternal
TargetSite : Void handler_PreRenderComplete(System.Object, System.EventArgs)
HResult : -2147467259
Stack Trace :    at Telerik.Sitefinity.Web.PageRouteHandler.handler_PreRenderComplete(Object sender, EventArgs e)
   at System.EventHandler.Invoke(Object sender, EventArgs e)
   at System.Web.UI.Page.OnPreRenderComplete(EventArgs e)
   at System.Web.UI.Page.ProcessRequestMain(Boolean includeStagesBeforeAsyncPoint, Boolean includeStagesAfterAsyncPoint)

Additional Info:

MachineName : WINDOWS01
TimeStamp : 12/1/2015 7:56:35 PM
FullName : Telerik.Sitefinity.Utilities, Version=5.2.3700.0, Culture=neutral, PublicKeyToken=b28c218413bdf563
AppDomainName : /LM/W3SVC/76/ROOT-1-130934685288644521
ThreadIdentity : 
WindowsIdentity : WINDOWS01\IWPD_279(oldsugar)
Requested URL : http://oldsugarmill.com/private-events/piwik.php


Category: ErrorLog

Priority: 0

EventId: 90000

Severity: Error

Title:Enterprise Library Exception Handling

Machine: WINDOWS01

App Domain: /LM/W3SVC/76/ROOT-1-130934685288644521

ProcessId: 38560

Process Name: C:\Windows\SysWOW64\inetsrv\w3wp.exe

Thread Name: 

Win32 ThreadId:28536

Extended Properties: 
----------------------------------------
----------------------------------------
Timestamp: 12/1/2015 7:56:36 PM

Message: HandlingInstanceID: aa828e53-a7da-4fd7-87f3-fbc854543983
An exception of type 'System.Web.HttpException' occurred and was caught.
------------------------------------------------------------------------
12/01/2015 19:56:36
Type : System.Web.HttpException, System.Web, Version=4.0.0.0, Culture=neutral, PublicKeyToken=b03f5f7f11d50a3a
Message : Page not found
Source : Telerik.Sitefinity
Help link : 
WebEventCode : 0
ErrorCode : -2147467259
Data : System.Collections.ListDictionaryInternal
TargetSite : Void handler_PreRenderComplete(System.Object, System.EventArgs)
HResult : -2147467259
Stack Trace :    at Telerik.Sitefinity.Web.PageRouteHandler.handler_PreRenderComplete(Object sender, EventArgs e)
   at System.EventHandler.Invoke(Object sender, EventArgs e)
   at System.Web.UI.Page.OnPreRenderComplete(EventArgs e)
   at System.Web.UI.Page.ProcessRequestMain(Boolean includeStagesBeforeAsyncPoint, Boolean includeStagesAfterAsyncPoint)

Additional Info:

MachineName : WINDOWS01
TimeStamp : 12/1/2015 7:56:36 PM
FullName : Telerik.Sitefinity.Utilities, Version=5.2.3700.0, Culture=neutral, PublicKeyToken=b28c218413bdf563
AppDomainName : /LM/W3SVC/76/ROOT-1-130934685288644521
ThreadIdentity : 
WindowsIdentity : WINDOWS01\IWPD_279(oldsugar)
Requested URL : http://oldsugarmill.com/visitor-info/piwik.php


Category: ErrorLog

Priority: 0

EventId: 90000

Severity: Error

Title:Enterprise Library Exception Handling

Machine: WINDOWS01

App Domain: /LM/W3SVC/76/ROOT-1-130934685288644521

ProcessId: 38560

Process Name: C:\Windows\SysWOW64\inetsrv\w3wp.exe

Thread Name: 

Win32 ThreadId:47736

Extended Properties: 
----------------------------------------
----------------------------------------
Timestamp: 12/1/2015 7:56:37 PM

Message: HandlingInstanceID: cc7b4b84-a880-4c8c-bb7b-69138fd14596
An exception of type 'System.Web.HttpException' occurred and was caught.
------------------------------------------------------------------------
12/01/2015 19:56:37
Type : System.Web.HttpException, System.Web, Version=4.0.0.0, Culture=neutral, PublicKeyToken=b03f5f7f11d50a3a
Message : Page not found
Source : Telerik.Sitefinity
Help link : 
WebEventCode : 0
ErrorCode : -2147467259
Data : System.Collections.ListDictionaryInternal
TargetSite : Void handler_PreRenderComplete(System.Object, System.EventArgs)
HResult : -2147467259
Stack Trace :    at Telerik.Sitefinity.Web.PageRouteHandler.handler_PreRenderComplete(Object sender, EventArgs e)
   at System.EventHandler.Invoke(Object sender, EventArgs e)
   at System.Web.UI.Page.OnPreRenderComplete(EventArgs e)
   at System.Web.UI.Page.ProcessRequestMain(Boolean includeStagesBeforeAsyncPoint, Boolean includeStagesAfterAsyncPoint)

Additional Info:

MachineName : WINDOWS01
TimeStamp : 12/1/2015 7:56:37 PM
FullName : Telerik.Sitefinity.Utilities, Version=5.2.3700.0, Culture=neutral, PublicKeyToken=b28c218413bdf563
AppDomainName : /LM/W3SVC/76/ROOT-1-130934685288644521
ThreadIdentity : 
WindowsIdentity : WINDOWS01\IWPD_279(oldsugar)
Requested URL : http://oldsugarmill.com/weddings/piwik.php


Category: ErrorLog

Priority: 0

EventId: 90000

Severity: Error

Title:Enterprise Library Exception Handling

Machine: WINDOWS01

App Domain: /LM/W3SVC/76/ROOT-1-130934685288644521

ProcessId: 38560

Process Name: C:\Windows\SysWOW64\inetsrv\w3wp.exe

Thread Name: 

Win32 ThreadId:47904

Extended Properties: 
----------------------------------------
----------------------------------------
Timestamp: 12/1/2015 7:56:37 PM

Message: HandlingInstanceID: 356fcbce-2e2b-4fb1-b450-b57f3471b8fa
An exception of type 'System.Web.HttpException' occurred and was caught.
------------------------------------------------------------------------
12/01/2015 19:56:37
Type : System.Web.HttpException, System.Web, Version=4.0.0.0, Culture=neutral, PublicKeyToken=b03f5f7f11d50a3a
Message : Page not found
Source : Telerik.Sitefinity
Help link : 
WebEventCode : 0
ErrorCode : -2147467259
Data : System.Collections.ListDictionaryInternal
TargetSite : Void handler_PreRenderComplete(System.Object, System.EventArgs)
HResult : -2147467259
Stack Trace :    at Telerik.Sitefinity.Web.PageRouteHandler.handler_PreRenderComplete(Object sender, EventArgs e)
   at System.EventHandler.Invoke(Object sender, EventArgs e)
   at System.Web.UI.Page.OnPreRenderComplete(EventArgs e)
   at System.Web.UI.Page.ProcessRequestMain(Boolean includeStagesBeforeAsyncPoint, Boolean includeStagesAfterAsyncPoint)

Additional Info:

MachineName : WINDOWS01
TimeStamp : 12/1/2015 7:56:37 PM
FullName : Telerik.Sitefinity.Utilities, Version=5.2.3700.0, Culture=neutral, PublicKeyToken=b28c218413bdf563
AppDomainName : /LM/W3SVC/76/ROOT-1-130934685288644521
ThreadIdentity : 
WindowsIdentity : WINDOWS01\IWPD_279(oldsugar)
Requested URL : http://oldsugarmill.com/wineinfo/piwik.php


Category: ErrorLog

Priority: 0

EventId: 90000

Severity: Error

Title:Enterprise Library Exception Handling

Machine: WINDOWS01

App Domain: /LM/W3SVC/76/ROOT-1-130934685288644521

ProcessId: 38560

Process Name: C:\Windows\SysWOW64\inetsrv\w3wp.exe

Thread Name: 

Win32 ThreadId:28536

Extended Properties: 
----------------------------------------
----------------------------------------
Timestamp: 12/1/2015 7:56:38 PM

Message: HandlingInstanceID: ee8da9e9-91dd-42be-8871-882a0b816585
An exception of type 'System.Web.HttpException' occurred and was caught.
------------------------------------------------------------------------
12/01/2015 19:56:38
Type : System.Web.HttpException, System.Web, Version=4.0.0.0, Culture=neutral, PublicKeyToken=b03f5f7f11d50a3a
Message : Page not found
Source : Telerik.Sitefinity
Help link : 
WebEventCode : 0
ErrorCode : -2147467259
Data : System.Collections.ListDictionaryInternal
TargetSite : Void handler_PreRenderComplete(System.Object, System.EventArgs)
HResult : -2147467259
Stack Trace :    at Telerik.Sitefinity.Web.PageRouteHandler.handler_PreRenderComplete(Object sender, EventArgs e)
   at System.EventHandler.Invoke(Object sender, EventArgs e)
   at System.Web.UI.Page.OnPreRenderComplete(EventArgs e)
   at System.Web.UI.Page.ProcessRequestMain(Boolean includeStagesBeforeAsyncPoint, Boolean includeStagesAfterAsyncPoint)

Additional Info:

MachineName : WINDOWS01
TimeStamp : 12/1/2015 7:56:38 PM
FullName : Telerik.Sitefinity.Utilities, Version=5.2.3700.0, Culture=neutral, PublicKeyToken=b28c218413bdf563
AppDomainName : /LM/W3SVC/76/ROOT-1-130934685288644521
ThreadIdentity : 
WindowsIdentity : WINDOWS01\IWPD_279(oldsugar)
Requested URL : http://oldsugarmill.com/events/events


Category: ErrorLog

Priority: 0

EventId: 90000

Severity: Error

Title:Enterprise Library Exception Handling

Machine: WINDOWS01

App Domain: /LM/W3SVC/76/ROOT-1-130934685288644521

ProcessId: 38560

Process Name: C:\Windows\SysWOW64\inetsrv\w3wp.exe

Thread Name: 

Win32 ThreadId:55208

Extended Properties: 
----------------------------------------
----------------------------------------
Timestamp: 12/1/2015 7:56:38 PM

Message: HandlingInstanceID: d96c1068-bbf7-4659-a19c-0cb9d22a7705
An exception of type 'System.Web.HttpException' occurred and was caught.
------------------------------------------------------------------------
12/01/2015 19:56:38
Type : System.Web.HttpException, System.Web, Version=4.0.0.0, Culture=neutral, PublicKeyToken=b03f5f7f11d50a3a
Message : Page not found
Source : Telerik.Sitefinity
Help link : 
WebEventCode : 0
ErrorCode : -2147467259
Data : System.Collections.ListDictionaryInternal
TargetSite : Void handler_PreRenderComplete(System.Object, System.EventArgs)
HResult : -2147467259
Stack Trace :    at Telerik.Sitefinity.Web.PageRouteHandler.handler_PreRenderComplete(Object sender, EventArgs e)
   at System.EventHandler.Invoke(Object sender, EventArgs e)
   at System.Web.UI.Page.OnPreRenderComplete(EventArgs e)
   at System.Web.UI.Page.ProcessRequestMain(Boolean includeStagesBeforeAsyncPoint, Boolean includeStagesAfterAsyncPoint)

Additional Info:

MachineName : WINDOWS01
TimeStamp : 12/1/2015 7:56:38 PM
FullName : Telerik.Sitefinity.Utilities, Version=5.2.3700.0, Culture=neutral, PublicKeyToken=b28c218413bdf563
AppDomainName : /LM/W3SVC/76/ROOT-1-130934685288644521
ThreadIdentity : 
WindowsIdentity : WINDOWS01\IWPD_279(oldsugar)
Requested URL : http://oldsugarmill.com/events/private-events


Category: ErrorLog

Priority: 0

EventId: 90000

Severity: Error

Title:Enterprise Library Exception Handling

Machine: WINDOWS01

App Domain: /LM/W3SVC/76/ROOT-1-130934685288644521

ProcessId: 38560

Process Name: C:\Windows\SysWOW64\inetsrv\w3wp.exe

Thread Name: 

Win32 ThreadId:47736

Extended Properties: 
----------------------------------------
----------------------------------------
Timestamp: 12/1/2015 7:56:39 PM

Message: HandlingInstanceID: 7c1fe9b4-77d8-4a54-a96e-e16533701b9e
An exception of type 'System.Web.HttpException' occurred and was caught.
------------------------------------------------------------------------
12/01/2015 19:56:39
Type : System.Web.HttpException, System.Web, Version=4.0.0.0, Culture=neutral, PublicKeyToken=b03f5f7f11d50a3a
Message : Page not found
Source : Telerik.Sitefinity
Help link : 
WebEventCode : 0
ErrorCode : -2147467259
Data : System.Collections.ListDictionaryInternal
TargetSite : Void handler_PreRenderComplete(System.Object, System.EventArgs)
HResult : -2147467259
Stack Trace :    at Telerik.Sitefinity.Web.PageRouteHandler.handler_PreRenderComplete(Object sender, EventArgs e)
   at System.EventHandler.Invoke(Object sender, EventArgs e)
   at System.Web.UI.Page.OnPreRenderComplete(EventArgs e)
   at System.Web.UI.Page.ProcessRequestMain(Boolean includeStagesBeforeAsyncPoint, Boolean includeStagesAfterAsyncPoint)

Additional Info:

MachineName : WINDOWS01
TimeStamp : 12/1/2015 7:56:39 PM
FullName : Telerik.Sitefinity.Utilities, Version=5.2.3700.0, Culture=neutral, PublicKeyToken=b28c218413bdf563
AppDomainName : /LM/W3SVC/76/ROOT-1-130934685288644521
ThreadIdentity : 
WindowsIdentity : WINDOWS01\IWPD_279(oldsugar)
Requested URL : http://oldsugarmill.com/events/visitor-info


Category: ErrorLog

Priority: 0

EventId: 90000

Severity: Error

Title:Enterprise Library Exception Handling

Machine: WINDOWS01

App Domain: /LM/W3SVC/76/ROOT-1-130934685288644521

ProcessId: 38560

Process Name: C:\Windows\SysWOW64\inetsrv\w3wp.exe

Thread Name: 

Win32 ThreadId:47904

Extended Properties: 
----------------------------------------
----------------------------------------
Timestamp: 12/1/2015 7:56:39 PM

Message: HandlingInstanceID: 3b832167-b1e6-4360-867c-ac16dd406a6c
An exception of type 'System.Web.HttpException' occurred and was caught.
------------------------------------------------------------------------
12/01/2015 19:56:39
Type : System.Web.HttpException, System.Web, Version=4.0.0.0, Culture=neutral, PublicKeyToken=b03f5f7f11d50a3a
Message : Page not found
Source : Telerik.Sitefinity
Help link : 
WebEventCode : 0
ErrorCode : -2147467259
Data : System.Collections.ListDictionaryInternal
TargetSite : Void handler_PreRenderComplete(System.Object, System.EventArgs)
HResult : -2147467259
Stack Trace :    at Telerik.Sitefinity.Web.PageRouteHandler.handler_PreRenderComplete(Object sender, EventArgs e)
   at System.EventHandler.Invoke(Object sender, EventArgs e)
   at System.Web.UI.Page.OnPreRenderComplete(EventArgs e)
   at System.Web.UI.Page.ProcessRequestMain(Boolean includeStagesBeforeAsyncPoint, Boolean includeStagesAfterAsyncPoint)

Additional Info:

MachineName : WINDOWS01
TimeStamp : 12/1/2015 7:56:39 PM
FullName : Telerik.Sitefinity.Utilities, Version=5.2.3700.0, Culture=neutral, PublicKeyToken=b28c218413bdf563
AppDomainName : /LM/W3SVC/76/ROOT-1-130934685288644521
ThreadIdentity : 
WindowsIdentity : WINDOWS01\IWPD_279(oldsugar)
Requested URL : http://oldsugarmill.com/events/weddings


Category: ErrorLog

Priority: 0

EventId: 90000

Severity: Error

Title:Enterprise Library Exception Handling

Machine: WINDOWS01

App Domain: /LM/W3SVC/76/ROOT-1-130934685288644521

ProcessId: 38560

Process Name: C:\Windows\SysWOW64\inetsrv\w3wp.exe

Thread Name: 

Win32 ThreadId:28536

Extended Properties: 
----------------------------------------
----------------------------------------
Timestamp: 12/1/2015 7:56:40 PM

Message: HandlingInstanceID: f48f272d-3a83-4269-a9c7-8e248b8fd7e2
An exception of type 'System.Web.HttpException' occurred and was caught.
------------------------------------------------------------------------
12/01/2015 19:56:40
Type : System.Web.HttpException, System.Web, Version=4.0.0.0, Culture=neutral, PublicKeyToken=b03f5f7f11d50a3a
Message : Page not found
Source : Telerik.Sitefinity
Help link : 
WebEventCode : 0
ErrorCode : -2147467259
Data : System.Collections.ListDictionaryInternal
TargetSite : Void handler_PreRenderComplete(System.Object, System.EventArgs)
HResult : -2147467259
Stack Trace :    at Telerik.Sitefinity.Web.PageRouteHandler.handler_PreRenderComplete(Object sender, EventArgs e)
   at System.EventHandler.Invoke(Object sender, EventArgs e)
   at System.Web.UI.Page.OnPreRenderComplete(EventArgs e)
   at System.Web.UI.Page.ProcessRequestMain(Boolean includeStagesBeforeAsyncPoint, Boolean includeStagesAfterAsyncPoint)

Additional Info:

MachineName : WINDOWS01
TimeStamp : 12/1/2015 7:56:40 PM
FullName : Telerik.Sitefinity.Utilities, Version=5.2.3700.0, Culture=neutral, PublicKeyToken=b28c218413bdf563
AppDomainName : /LM/W3SVC/76/ROOT-1-130934685288644521
ThreadIdentity : 
WindowsIdentity : WINDOWS01\IWPD_279(oldsugar)
Requested URL : http://oldsugarmill.com/events/wineinfo


Category: ErrorLog

Priority: 0

EventId: 90000

Severity: Error

Title:Enterprise Library Exception Handling

Machine: WINDOWS01

App Domain: /LM/W3SVC/76/ROOT-1-130934685288644521

ProcessId: 38560

Process Name: C:\Windows\SysWOW64\inetsrv\w3wp.exe

Thread Name: 

Win32 ThreadId:55208

Extended Properties: 
----------------------------------------
----------------------------------------
Timestamp: 12/1/2015 7:56:40 PM

Message: HandlingInstanceID: f566fded-0087-4612-9efe-61e5acb129a3
An exception of type 'System.Web.HttpException' occurred and was caught.
------------------------------------------------------------------------
12/01/2015 19:56:40
Type : System.Web.HttpException, System.Web, Version=4.0.0.0, Culture=neutral, PublicKeyToken=b03f5f7f11d50a3a
Message : Page not found
Source : Telerik.Sitefinity
Help link : 
WebEventCode : 0
ErrorCode : -2147467259
Data : System.Collections.ListDictionaryInternal
TargetSite : Void handler_PreRenderComplete(System.Object, System.EventArgs)
HResult : -2147467259
Stack Trace :    at Telerik.Sitefinity.Web.PageRouteHandler.handler_PreRenderComplete(Object sender, EventArgs e)
   at System.EventHandler.Invoke(Object sender, EventArgs e)
   at System.Web.UI.Page.OnPreRenderComplete(EventArgs e)
   at System.Web.UI.Page.ProcessRequestMain(Boolean includeStagesBeforeAsyncPoint, Boolean includeStagesAfterAsyncPoint)

Additional Info:

MachineName : WINDOWS01
TimeStamp : 12/1/2015 7:56:40 PM
FullName : Telerik.Sitefinity.Utilities, Version=5.2.3700.0, Culture=neutral, PublicKeyToken=b28c218413bdf563
AppDomainName : /LM/W3SVC/76/ROOT-1-130934685288644521
ThreadIdentity : 
WindowsIdentity : WINDOWS01\IWPD_279(oldsugar)
Requested URL : http://oldsugarmill.com/private-events/events


Category: ErrorLog

Priority: 0

EventId: 90000

Severity: Error

Title:Enterprise Library Exception Handling

Machine: WINDOWS01

App Domain: /LM/W3SVC/76/ROOT-1-130934685288644521

ProcessId: 38560

Process Name: C:\Windows\SysWOW64\inetsrv\w3wp.exe

Thread Name: 

Win32 ThreadId:47736

Extended Properties: 
----------------------------------------
----------------------------------------
Timestamp: 12/1/2015 7:56:41 PM

Message: HandlingInstanceID: 9a556581-7029-4ecb-b695-c10e7fdd5ff8
An exception of type 'System.Web.HttpException' occurred and was caught.
------------------------------------------------------------------------
12/01/2015 19:56:41
Type : System.Web.HttpException, System.Web, Version=4.0.0.0, Culture=neutral, PublicKeyToken=b03f5f7f11d50a3a
Message : Page not found
Source : Telerik.Sitefinity
Help link : 
WebEventCode : 0
ErrorCode : -2147467259
Data : System.Collections.ListDictionaryInternal
TargetSite : Void handler_PreRenderComplete(System.Object, System.EventArgs)
HResult : -2147467259
Stack Trace :    at Telerik.Sitefinity.Web.PageRouteHandler.handler_PreRenderComplete(Object sender, EventArgs e)
   at System.EventHandler.Invoke(Object sender, EventArgs e)
   at System.Web.UI.Page.OnPreRenderComplete(EventArgs e)
   at System.Web.UI.Page.ProcessRequestMain(Boolean includeStagesBeforeAsyncPoint, Boolean includeStagesAfterAsyncPoint)

Additional Info:

MachineName : WINDOWS01
TimeStamp : 12/1/2015 7:56:41 PM
FullName : Telerik.Sitefinity.Utilities, Version=5.2.3700.0, Culture=neutral, PublicKeyToken=b28c218413bdf563
AppDomainName : /LM/W3SVC/76/ROOT-1-130934685288644521
ThreadIdentity : 
WindowsIdentity : WINDOWS01\IWPD_279(oldsugar)
Requested URL : http://oldsugarmill.com/private-events/private-events


Category: ErrorLog

Priority: 0

EventId: 90000

Severity: Error

Title:Enterprise Library Exception Handling

Machine: WINDOWS01

App Domain: /LM/W3SVC/76/ROOT-1-130934685288644521

ProcessId: 38560

Process Name: C:\Windows\SysWOW64\inetsrv\w3wp.exe

Thread Name: 

Win32 ThreadId:47904

Extended Properties: 
----------------------------------------
----------------------------------------
Timestamp: 12/1/2015 7:56:41 PM

Message: HandlingInstanceID: 9f9c237f-8f33-47a8-8fa5-770ef25aefb8
An exception of type 'System.Web.HttpException' occurred and was caught.
------------------------------------------------------------------------
12/01/2015 19:56:41
Type : System.Web.HttpException, System.Web, Version=4.0.0.0, Culture=neutral, PublicKeyToken=b03f5f7f11d50a3a
Message : Page not found
Source : Telerik.Sitefinity
Help link : 
WebEventCode : 0
ErrorCode : -2147467259
Data : System.Collections.ListDictionaryInternal
TargetSite : Void handler_PreRenderComplete(System.Object, System.EventArgs)
HResult : -2147467259
Stack Trace :    at Telerik.Sitefinity.Web.PageRouteHandler.handler_PreRenderComplete(Object sender, EventArgs e)
   at System.EventHandler.Invoke(Object sender, EventArgs e)
   at System.Web.UI.Page.OnPreRenderComplete(EventArgs e)
   at System.Web.UI.Page.ProcessRequestMain(Boolean includeStagesBeforeAsyncPoint, Boolean includeStagesAfterAsyncPoint)

Additional Info:

MachineName : WINDOWS01
TimeStamp : 12/1/2015 7:56:41 PM
FullName : Telerik.Sitefinity.Utilities, Version=5.2.3700.0, Culture=neutral, PublicKeyToken=b28c218413bdf563
AppDomainName : /LM/W3SVC/76/ROOT-1-130934685288644521
ThreadIdentity : 
WindowsIdentity : WINDOWS01\IWPD_279(oldsugar)
Requested URL : http://oldsugarmill.com/private-events/visitor-info


Category: ErrorLog

Priority: 0

EventId: 90000

Severity: Error

Title:Enterprise Library Exception Handling

Machine: WINDOWS01

App Domain: /LM/W3SVC/76/ROOT-1-130934685288644521

ProcessId: 38560

Process Name: C:\Windows\SysWOW64\inetsrv\w3wp.exe

Thread Name: 

Win32 ThreadId:57584

Extended Properties: 
----------------------------------------
----------------------------------------
Timestamp: 12/1/2015 7:56:42 PM

Message: HandlingInstanceID: 1f242e11-be72-4cea-b0f9-fa4537658e01
An exception of type 'System.Web.HttpException' occurred and was caught.
------------------------------------------------------------------------
12/01/2015 19:56:42
Type : System.Web.HttpException, System.Web, Version=4.0.0.0, Culture=neutral, PublicKeyToken=b03f5f7f11d50a3a
Message : Page not found
Source : Telerik.Sitefinity
Help link : 
WebEventCode : 0
ErrorCode : -2147467259
Data : System.Collections.ListDictionaryInternal
TargetSite : Void handler_PreRenderComplete(System.Object, System.EventArgs)
HResult : -2147467259
Stack Trace :    at Telerik.Sitefinity.Web.PageRouteHandler.handler_PreRenderComplete(Object sender, EventArgs e)
   at System.EventHandler.Invoke(Object sender, EventArgs e)
   at System.Web.UI.Page.OnPreRenderComplete(EventArgs e)
   at System.Web.UI.Page.ProcessRequestMain(Boolean includeStagesBeforeAsyncPoint, Boolean includeStagesAfterAsyncPoint)

Additional Info:

MachineName : WINDOWS01
TimeStamp : 12/1/2015 7:56:42 PM
FullName : Telerik.Sitefinity.Utilities, Version=5.2.3700.0, Culture=neutral, PublicKeyToken=b28c218413bdf563
AppDomainName : /LM/W3SVC/76/ROOT-1-130934685288644521
ThreadIdentity : 
WindowsIdentity : WINDOWS01\IWPD_279(oldsugar)
Requested URL : http://oldsugarmill.com/private-events/weddings


Category: ErrorLog

Priority: 0

EventId: 90000

Severity: Error

Title:Enterprise Library Exception Handling

Machine: WINDOWS01

App Domain: /LM/W3SVC/76/ROOT-1-130934685288644521

ProcessId: 38560

Process Name: C:\Windows\SysWOW64\inetsrv\w3wp.exe

Thread Name: 

Win32 ThreadId:47736

Extended Properties: 
----------------------------------------
----------------------------------------
Timestamp: 12/1/2015 7:56:42 PM

Message: HandlingInstanceID: a379746b-215c-4d11-a5d5-c016e0476d70
An exception of type 'System.Web.HttpException' occurred and was caught.
------------------------------------------------------------------------
12/01/2015 19:56:42
Type : System.Web.HttpException, System.Web, Version=4.0.0.0, Culture=neutral, PublicKeyToken=b03f5f7f11d50a3a
Message : Page not found
Source : Telerik.Sitefinity
Help link : 
WebEventCode : 0
ErrorCode : -2147467259
Data : System.Collections.ListDictionaryInternal
TargetSite : Void handler_PreRenderComplete(System.Object, System.EventArgs)
HResult : -2147467259
Stack Trace :    at Telerik.Sitefinity.Web.PageRouteHandler.handler_PreRenderComplete(Object sender, EventArgs e)
   at System.EventHandler.Invoke(Object sender, EventArgs e)
   at System.Web.UI.Page.OnPreRenderComplete(EventArgs e)
   at System.Web.UI.Page.ProcessRequestMain(Boolean includeStagesBeforeAsyncPoint, Boolean includeStagesAfterAsyncPoint)

Additional Info:

MachineName : WINDOWS01
TimeStamp : 12/1/2015 7:56:42 PM
FullName : Telerik.Sitefinity.Utilities, Version=5.2.3700.0, Culture=neutral, PublicKeyToken=b28c218413bdf563
AppDomainName : /LM/W3SVC/76/ROOT-1-130934685288644521
ThreadIdentity : 
WindowsIdentity : WINDOWS01\IWPD_279(oldsugar)
Requested URL : http://oldsugarmill.com/private-events/wineinfo


Category: ErrorLog

Priority: 0

EventId: 90000

Severity: Error

Title:Enterprise Library Exception Handling

Machine: WINDOWS01

App Domain: /LM/W3SVC/76/ROOT-1-130934685288644521

ProcessId: 38560

Process Name: C:\Windows\SysWOW64\inetsrv\w3wp.exe

Thread Name: 

Win32 ThreadId:47904

Extended Properties: 
----------------------------------------
----------------------------------------
Timestamp: 12/1/2015 7:56:43 PM

Message: HandlingInstanceID: 6d1540ef-fd76-446c-81cd-cc3d7abad7b5
An exception of type 'System.Web.HttpException' occurred and was caught.
------------------------------------------------------------------------
12/01/2015 19:56:43
Type : System.Web.HttpException, System.Web, Version=4.0.0.0, Culture=neutral, PublicKeyToken=b03f5f7f11d50a3a
Message : Page not found
Source : Telerik.Sitefinity
Help link : 
WebEventCode : 0
ErrorCode : -2147467259
Data : System.Collections.ListDictionaryInternal
TargetSite : Void handler_PreRenderComplete(System.Object, System.EventArgs)
HResult : -2147467259
Stack Trace :    at Telerik.Sitefinity.Web.PageRouteHandler.handler_PreRenderComplete(Object sender, EventArgs e)
   at System.EventHandler.Invoke(Object sender, EventArgs e)
   at System.Web.UI.Page.OnPreRenderComplete(EventArgs e)
   at System.Web.UI.Page.ProcessRequestMain(Boolean includeStagesBeforeAsyncPoint, Boolean includeStagesAfterAsyncPoint)

Additional Info:

MachineName : WINDOWS01
TimeStamp : 12/1/2015 7:56:43 PM
FullName : Telerik.Sitefinity.Utilities, Version=5.2.3700.0, Culture=neutral, PublicKeyToken=b28c218413bdf563
AppDomainName : /LM/W3SVC/76/ROOT-1-130934685288644521
ThreadIdentity : 
WindowsIdentity : WINDOWS01\IWPD_279(oldsugar)
Requested URL : http://oldsugarmill.com/visitor-info/events


Category: ErrorLog

Priority: 0

EventId: 90000

Severity: Error

Title:Enterprise Library Exception Handling

Machine: WINDOWS01

App Domain: /LM/W3SVC/76/ROOT-1-130934685288644521

ProcessId: 38560

Process Name: C:\Windows\SysWOW64\inetsrv\w3wp.exe

Thread Name: 

Win32 ThreadId:20696

Extended Properties: 
----------------------------------------
----------------------------------------
Timestamp: 12/1/2015 7:56:43 PM

Message: HandlingInstanceID: 5ec4c8ea-9878-4843-b7d9-38d22e675c4b
An exception of type 'System.Web.HttpException' occurred and was caught.
------------------------------------------------------------------------
12/01/2015 19:56:43
Type : System.Web.HttpException, System.Web, Version=4.0.0.0, Culture=neutral, PublicKeyToken=b03f5f7f11d50a3a
Message : Page not found
Source : Telerik.Sitefinity
Help link : 
WebEventCode : 0
ErrorCode : -2147467259
Data : System.Collections.ListDictionaryInternal
TargetSite : Void handler_PreRenderComplete(System.Object, System.EventArgs)
HResult : -2147467259
Stack Trace :    at Telerik.Sitefinity.Web.PageRouteHandler.handler_PreRenderComplete(Object sender, EventArgs e)
   at System.EventHandler.Invoke(Object sender, EventArgs e)
   at System.Web.UI.Page.OnPreRenderComplete(EventArgs e)
   at System.Web.UI.Page.ProcessRequestMain(Boolean includeStagesBeforeAsyncPoint, Boolean includeStagesAfterAsyncPoint)

Additional Info:

MachineName : WINDOWS01
TimeStamp : 12/1/2015 7:56:43 PM
FullName : Telerik.Sitefinity.Utilities, Version=5.2.3700.0, Culture=neutral, PublicKeyToken=b28c218413bdf563
AppDomainName : /LM/W3SVC/76/ROOT-1-130934685288644521
ThreadIdentity : 
WindowsIdentity : WINDOWS01\IWPD_279(oldsugar)
Requested URL : http://oldsugarmill.com/visitor-info/private-events


Category: ErrorLog

Priority: 0

EventId: 90000

Severity: Error

Title:Enterprise Library Exception Handling

Machine: WINDOWS01

App Domain: /LM/W3SVC/76/ROOT-1-130934685288644521

ProcessId: 38560

Process Name: C:\Windows\SysWOW64\inetsrv\w3wp.exe

Thread Name: 

Win32 ThreadId:47736

Extended Properties: 
----------------------------------------
----------------------------------------
Timestamp: 12/1/2015 7:56:44 PM

Message: HandlingInstanceID: 1b5eed7e-b39d-4527-b146-384eedd27960
An exception of type 'System.Web.HttpException' occurred and was caught.
------------------------------------------------------------------------
12/01/2015 19:56:44
Type : System.Web.HttpException, System.Web, Version=4.0.0.0, Culture=neutral, PublicKeyToken=b03f5f7f11d50a3a
Message : Page not found
Source : Telerik.Sitefinity
Help link : 
WebEventCode : 0
ErrorCode : -2147467259
Data : System.Collections.ListDictionaryInternal
TargetSite : Void handler_PreRenderComplete(System.Object, System.EventArgs)
HResult : -2147467259
Stack Trace :    at Telerik.Sitefinity.Web.PageRouteHandler.handler_PreRenderComplete(Object sender, EventArgs e)
   at System.EventHandler.Invoke(Object sender, EventArgs e)
   at System.Web.UI.Page.OnPreRenderComplete(EventArgs e)
   at System.Web.UI.Page.ProcessRequestMain(Boolean includeStagesBeforeAsyncPoint, Boolean includeStagesAfterAsyncPoint)

Additional Info:

MachineName : WINDOWS01
TimeStamp : 12/1/2015 7:56:44 PM
FullName : Telerik.Sitefinity.Utilities, Version=5.2.3700.0, Culture=neutral, PublicKeyToken=b28c218413bdf563
AppDomainName : /LM/W3SVC/76/ROOT-1-130934685288644521
ThreadIdentity : 
WindowsIdentity : WINDOWS01\IWPD_279(oldsugar)
Requested URL : http://oldsugarmill.com/visitor-info/visitor-info


Category: ErrorLog

Priority: 0

EventId: 90000

Severity: Error

Title:Enterprise Library Exception Handling

Machine: WINDOWS01

App Domain: /LM/W3SVC/76/ROOT-1-130934685288644521

ProcessId: 38560

Process Name: C:\Windows\SysWOW64\inetsrv\w3wp.exe

Thread Name: 

Win32 ThreadId:28536

Extended Properties: 
----------------------------------------
----------------------------------------
Timestamp: 12/1/2015 7:56:44 PM

Message: HandlingInstanceID: a9d63540-7fe6-4c43-b637-06990db20b3d
An exception of type 'System.Web.HttpException' occurred and was caught.
------------------------------------------------------------------------
12/01/2015 19:56:44
Type : System.Web.HttpException, System.Web, Version=4.0.0.0, Culture=neutral, PublicKeyToken=b03f5f7f11d50a3a
Message : Page not found
Source : Telerik.Sitefinity
Help link : 
WebEventCode : 0
ErrorCode : -2147467259
Data : System.Collections.ListDictionaryInternal
TargetSite : Void handler_PreRenderComplete(System.Object, System.EventArgs)
HResult : -2147467259
Stack Trace :    at Telerik.Sitefinity.Web.PageRouteHandler.handler_PreRenderComplete(Object sender, EventArgs e)
   at System.EventHandler.Invoke(Object sender, EventArgs e)
   at System.Web.UI.Page.OnPreRenderComplete(EventArgs e)
   at System.Web.UI.Page.ProcessRequestMain(Boolean includeStagesBeforeAsyncPoint, Boolean includeStagesAfterAsyncPoint)

Additional Info:

MachineName : WINDOWS01
TimeStamp : 12/1/2015 7:56:44 PM
FullName : Telerik.Sitefinity.Utilities, Version=5.2.3700.0, Culture=neutral, PublicKeyToken=b28c218413bdf563
AppDomainName : /LM/W3SVC/76/ROOT-1-130934685288644521
ThreadIdentity : 
WindowsIdentity : WINDOWS01\IWPD_279(oldsugar)
Requested URL : http://oldsugarmill.com/visitor-info/weddings


Category: ErrorLog

Priority: 0

EventId: 90000

Severity: Error

Title:Enterprise Library Exception Handling

Machine: WINDOWS01

App Domain: /LM/W3SVC/76/ROOT-1-130934685288644521

ProcessId: 38560

Process Name: C:\Windows\SysWOW64\inetsrv\w3wp.exe

Thread Name: 

Win32 ThreadId:55208

Extended Properties: 
----------------------------------------
----------------------------------------
Timestamp: 12/1/2015 7:56:45 PM

Message: HandlingInstanceID: 78282e36-98af-42e8-9229-af3245f61505
An exception of type 'System.Web.HttpException' occurred and was caught.
------------------------------------------------------------------------
12/01/2015 19:56:45
Type : System.Web.HttpException, System.Web, Version=4.0.0.0, Culture=neutral, PublicKeyToken=b03f5f7f11d50a3a
Message : Page not found
Source : Telerik.Sitefinity
Help link : 
WebEventCode : 0
ErrorCode : -2147467259
Data : System.Collections.ListDictionaryInternal
TargetSite : Void handler_PreRenderComplete(System.Object, System.EventArgs)
HResult : -2147467259
Stack Trace :    at Telerik.Sitefinity.Web.PageRouteHandler.handler_PreRenderComplete(Object sender, EventArgs e)
   at System.EventHandler.Invoke(Object sender, EventArgs e)
   at System.Web.UI.Page.OnPreRenderComplete(EventArgs e)
   at System.Web.UI.Page.ProcessRequestMain(Boolean includeStagesBeforeAsyncPoint, Boolean includeStagesAfterAsyncPoint)

Additional Info:

MachineName : WINDOWS01
TimeStamp : 12/1/2015 7:56:45 PM
FullName : Telerik.Sitefinity.Utilities, Version=5.2.3700.0, Culture=neutral, PublicKeyToken=b28c218413bdf563
AppDomainName : /LM/W3SVC/76/ROOT-1-130934685288644521
ThreadIdentity : 
WindowsIdentity : WINDOWS01\IWPD_279(oldsugar)
Requested URL : http://oldsugarmill.com/visitor-info/wineinfo


Category: ErrorLog

Priority: 0

EventId: 90000

Severity: Error

Title:Enterprise Library Exception Handling

Machine: WINDOWS01

App Domain: /LM/W3SVC/76/ROOT-1-130934685288644521

ProcessId: 38560

Process Name: C:\Windows\SysWOW64\inetsrv\w3wp.exe

Thread Name: 

Win32 ThreadId:20696

Extended Properties: 
----------------------------------------
----------------------------------------
Timestamp: 12/1/2015 7:56:45 PM

Message: HandlingInstanceID: ce26f468-1cb3-4814-a81c-326ddb7cf7b3
An exception of type 'System.Web.HttpException' occurred and was caught.
------------------------------------------------------------------------
12/01/2015 19:56:45
Type : System.Web.HttpException, System.Web, Version=4.0.0.0, Culture=neutral, PublicKeyToken=b03f5f7f11d50a3a
Message : Page not found
Source : Telerik.Sitefinity
Help link : 
WebEventCode : 0
ErrorCode : -2147467259
Data : System.Collections.ListDictionaryInternal
TargetSite : Void handler_PreRenderComplete(System.Object, System.EventArgs)
HResult : -2147467259
Stack Trace :    at Telerik.Sitefinity.Web.PageRouteHandler.handler_PreRenderComplete(Object sender, EventArgs e)
   at System.EventHandler.Invoke(Object sender, EventArgs e)
   at System.Web.UI.Page.OnPreRenderComplete(EventArgs e)
   at System.Web.UI.Page.ProcessRequestMain(Boolean includeStagesBeforeAsyncPoint, Boolean includeStagesAfterAsyncPoint)

Additional Info:

MachineName : WINDOWS01
TimeStamp : 12/1/2015 7:56:45 PM
FullName : Telerik.Sitefinity.Utilities, Version=5.2.3700.0, Culture=neutral, PublicKeyToken=b28c218413bdf563
AppDomainName : /LM/W3SVC/76/ROOT-1-130934685288644521
ThreadIdentity : 
WindowsIdentity : WINDOWS01\IWPD_279(oldsugar)
Requested URL : http://oldsugarmill.com/weddings/events


Category: ErrorLog

Priority: 0

EventId: 90000

Severity: Error

Title:Enterprise Library Exception Handling

Machine: WINDOWS01

App Domain: /LM/W3SVC/76/ROOT-1-130934685288644521

ProcessId: 38560

Process Name: C:\Windows\SysWOW64\inetsrv\w3wp.exe

Thread Name: 

Win32 ThreadId:47736

Extended Properties: 
----------------------------------------
----------------------------------------
Timestamp: 12/1/2015 7:56:46 PM

Message: HandlingInstanceID: e56d55a3-4822-4d79-9f08-336f5c85dd8f
An exception of type 'System.Web.HttpException' occurred and was caught.
------------------------------------------------------------------------
12/01/2015 19:56:46
Type : System.Web.HttpException, System.Web, Version=4.0.0.0, Culture=neutral, PublicKeyToken=b03f5f7f11d50a3a
Message : Page not found
Source : Telerik.Sitefinity
Help link : 
WebEventCode : 0
ErrorCode : -2147467259
Data : System.Collections.ListDictionaryInternal
TargetSite : Void handler_PreRenderComplete(System.Object, System.EventArgs)
HResult : -2147467259
Stack Trace :    at Telerik.Sitefinity.Web.PageRouteHandler.handler_PreRenderComplete(Object sender, EventArgs e)
   at System.EventHandler.Invoke(Object sender, EventArgs e)
   at System.Web.UI.Page.OnPreRenderComplete(EventArgs e)
   at System.Web.UI.Page.ProcessRequestMain(Boolean includeStagesBeforeAsyncPoint, Boolean includeStagesAfterAsyncPoint)

Additional Info:

MachineName : WINDOWS01
TimeStamp : 12/1/2015 7:56:46 PM
FullName : Telerik.Sitefinity.Utilities, Version=5.2.3700.0, Culture=neutral, PublicKeyToken=b28c218413bdf563
AppDomainName : /LM/W3SVC/76/ROOT-1-130934685288644521
ThreadIdentity : 
WindowsIdentity : WINDOWS01\IWPD_279(oldsugar)
Requested URL : http://oldsugarmill.com/weddings/private-events


Category: ErrorLog

Priority: 0

EventId: 90000

Severity: Error

Title:Enterprise Library Exception Handling

Machine: WINDOWS01

App Domain: /LM/W3SVC/76/ROOT-1-130934685288644521

ProcessId: 38560

Process Name: C:\Windows\SysWOW64\inetsrv\w3wp.exe

Thread Name: 

Win32 ThreadId:57584

Extended Properties: 
----------------------------------------
----------------------------------------
Timestamp: 12/1/2015 7:56:47 PM

Message: HandlingInstanceID: 290dbedb-1ca8-42b4-b8f9-bbe82a82f748
An exception of type 'System.Web.HttpException' occurred and was caught.
------------------------------------------------------------------------
12/01/2015 19:56:47
Type : System.Web.HttpException, System.Web, Version=4.0.0.0, Culture=neutral, PublicKeyToken=b03f5f7f11d50a3a
Message : Page not found
Source : Telerik.Sitefinity
Help link : 
WebEventCode : 0
ErrorCode : -2147467259
Data : System.Collections.ListDictionaryInternal
TargetSite : Void handler_PreRenderComplete(System.Object, System.EventArgs)
HResult : -2147467259
Stack Trace :    at Telerik.Sitefinity.Web.PageRouteHandler.handler_PreRenderComplete(Object sender, EventArgs e)
   at System.EventHandler.Invoke(Object sender, EventArgs e)
   at System.Web.UI.Page.OnPreRenderComplete(EventArgs e)
   at System.Web.UI.Page.ProcessRequestMain(Boolean includeStagesBeforeAsyncPoint, Boolean includeStagesAfterAsyncPoint)

Additional Info:

MachineName : WINDOWS01
TimeStamp : 12/1/2015 7:56:47 PM
FullName : Telerik.Sitefinity.Utilities, Version=5.2.3700.0, Culture=neutral, PublicKeyToken=b28c218413bdf563
AppDomainName : /LM/W3SVC/76/ROOT-1-130934685288644521
ThreadIdentity : 
WindowsIdentity : WINDOWS01\IWPD_279(oldsugar)
Requested URL : http://oldsugarmill.com/weddings/visitor-info


Category: ErrorLog

Priority: 0

EventId: 90000

Severity: Error

Title:Enterprise Library Exception Handling

Machine: WINDOWS01

App Domain: /LM/W3SVC/76/ROOT-1-130934685288644521

ProcessId: 38560

Process Name: C:\Windows\SysWOW64\inetsrv\w3wp.exe

Thread Name: 

Win32 ThreadId:20696

Extended Properties: 
----------------------------------------
----------------------------------------
Timestamp: 12/1/2015 7:56:47 PM

Message: HandlingInstanceID: c07e8489-6678-44d9-8d75-c9fc64787d64
An exception of type 'System.Web.HttpException' occurred and was caught.
------------------------------------------------------------------------
12/01/2015 19:56:47
Type : System.Web.HttpException, System.Web, Version=4.0.0.0, Culture=neutral, PublicKeyToken=b03f5f7f11d50a3a
Message : Page not found
Source : Telerik.Sitefinity
Help link : 
WebEventCode : 0
ErrorCode : -2147467259
Data : System.Collections.ListDictionaryInternal
TargetSite : Void handler_PreRenderComplete(System.Object, System.EventArgs)
HResult : -2147467259
Stack Trace :    at Telerik.Sitefinity.Web.PageRouteHandler.handler_PreRenderComplete(Object sender, EventArgs e)
   at System.EventHandler.Invoke(Object sender, EventArgs e)
   at System.Web.UI.Page.OnPreRenderComplete(EventArgs e)
   at System.Web.UI.Page.ProcessRequestMain(Boolean includeStagesBeforeAsyncPoint, Boolean includeStagesAfterAsyncPoint)

Additional Info:

MachineName : WINDOWS01
TimeStamp : 12/1/2015 7:56:47 PM
FullName : Telerik.Sitefinity.Utilities, Version=5.2.3700.0, Culture=neutral, PublicKeyToken=b28c218413bdf563
AppDomainName : /LM/W3SVC/76/ROOT-1-130934685288644521
ThreadIdentity : 
WindowsIdentity : WINDOWS01\IWPD_279(oldsugar)
Requested URL : http://oldsugarmill.com/weddings/weddings


Category: ErrorLog

Priority: 0

EventId: 90000

Severity: Error

Title:Enterprise Library Exception Handling

Machine: WINDOWS01

App Domain: /LM/W3SVC/76/ROOT-1-130934685288644521

ProcessId: 38560

Process Name: C:\Windows\SysWOW64\inetsrv\w3wp.exe

Thread Name: 

Win32 ThreadId:47736

Extended Properties: 
----------------------------------------
----------------------------------------
Timestamp: 12/1/2015 7:56:48 PM

Message: HandlingInstanceID: 7f85d806-bbf8-4d49-afd9-1bca36181bb1
An exception of type 'System.Web.HttpException' occurred and was caught.
------------------------------------------------------------------------
12/01/2015 19:56:48
Type : System.Web.HttpException, System.Web, Version=4.0.0.0, Culture=neutral, PublicKeyToken=b03f5f7f11d50a3a
Message : Page not found
Source : Telerik.Sitefinity
Help link : 
WebEventCode : 0
ErrorCode : -2147467259
Data : System.Collections.ListDictionaryInternal
TargetSite : Void handler_PreRenderComplete(System.Object, System.EventArgs)
HResult : -2147467259
Stack Trace :    at Telerik.Sitefinity.Web.PageRouteHandler.handler_PreRenderComplete(Object sender, EventArgs e)
   at System.EventHandler.Invoke(Object sender, EventArgs e)
   at System.Web.UI.Page.OnPreRenderComplete(EventArgs e)
   at System.Web.UI.Page.ProcessRequestMain(Boolean includeStagesBeforeAsyncPoint, Boolean includeStagesAfterAsyncPoint)

Additional Info:

MachineName : WINDOWS01
TimeStamp : 12/1/2015 7:56:48 PM
FullName : Telerik.Sitefinity.Utilities, Version=5.2.3700.0, Culture=neutral, PublicKeyToken=b28c218413bdf563
AppDomainName : /LM/W3SVC/76/ROOT-1-130934685288644521
ThreadIdentity : 
WindowsIdentity : WINDOWS01\IWPD_279(oldsugar)
Requested URL : http://oldsugarmill.com/weddings/wineinfo


Category: ErrorLog

Priority: 0

EventId: 90000

Severity: Error

Title:Enterprise Library Exception Handling

Machine: WINDOWS01

App Domain: /LM/W3SVC/76/ROOT-1-130934685288644521

ProcessId: 38560

Process Name: C:\Windows\SysWOW64\inetsrv\w3wp.exe

Thread Name: 

Win32 ThreadId:28536

Extended Properties: 
----------------------------------------
----------------------------------------
Timestamp: 12/1/2015 7:56:48 PM

Message: HandlingInstanceID: 14b01788-a302-4fe5-900a-43784c8496d9
An exception of type 'System.Web.HttpException' occurred and was caught.
------------------------------------------------------------------------
12/01/2015 19:56:48
Type : System.Web.HttpException, System.Web, Version=4.0.0.0, Culture=neutral, PublicKeyToken=b03f5f7f11d50a3a
Message : Page not found
Source : Telerik.Sitefinity
Help link : 
WebEventCode : 0
ErrorCode : -2147467259
Data : System.Collections.ListDictionaryInternal
TargetSite : Void handler_PreRenderComplete(System.Object, System.EventArgs)
HResult : -2147467259
Stack Trace :    at Telerik.Sitefinity.Web.PageRouteHandler.handler_PreRenderComplete(Object sender, EventArgs e)
   at System.EventHandler.Invoke(Object sender, EventArgs e)
   at System.Web.UI.Page.OnPreRenderComplete(EventArgs e)
   at System.Web.UI.Page.ProcessRequestMain(Boolean includeStagesBeforeAsyncPoint, Boolean includeStagesAfterAsyncPoint)

Additional Info:

MachineName : WINDOWS01
TimeStamp : 12/1/2015 7:56:48 PM
FullName : Telerik.Sitefinity.Utilities, Version=5.2.3700.0, Culture=neutral, PublicKeyToken=b28c218413bdf563
AppDomainName : /LM/W3SVC/76/ROOT-1-130934685288644521
ThreadIdentity : 
WindowsIdentity : WINDOWS01\IWPD_279(oldsugar)
Requested URL : http://oldsugarmill.com/wineinfo/events


Category: ErrorLog

Priority: 0

EventId: 90000

Severity: Error

Title:Enterprise Library Exception Handling

Machine: WINDOWS01

App Domain: /LM/W3SVC/76/ROOT-1-130934685288644521

ProcessId: 38560

Process Name: C:\Windows\SysWOW64\inetsrv\w3wp.exe

Thread Name: 

Win32 ThreadId:43656

Extended Properties: 
----------------------------------------
----------------------------------------
Timestamp: 12/1/2015 7:56:49 PM

Message: HandlingInstanceID: a2544866-a2bf-4b88-9d68-362c3d53400e
An exception of type 'System.Web.HttpException' occurred and was caught.
------------------------------------------------------------------------
12/01/2015 19:56:49
Type : System.Web.HttpException, System.Web, Version=4.0.0.0, Culture=neutral, PublicKeyToken=b03f5f7f11d50a3a
Message : Page not found
Source : Telerik.Sitefinity
Help link : 
WebEventCode : 0
ErrorCode : -2147467259
Data : System.Collections.ListDictionaryInternal
TargetSite : Void handler_PreRenderComplete(System.Object, System.EventArgs)
HResult : -2147467259
Stack Trace :    at Telerik.Sitefinity.Web.PageRouteHandler.handler_PreRenderComplete(Object sender, EventArgs e)
   at System.EventHandler.Invoke(Object sender, EventArgs e)
   at System.Web.UI.Page.OnPreRenderComplete(EventArgs e)
   at System.Web.UI.Page.ProcessRequestMain(Boolean includeStagesBeforeAsyncPoint, Boolean includeStagesAfterAsyncPoint)

Additional Info:

MachineName : WINDOWS01
TimeStamp : 12/1/2015 7:56:49 PM
FullName : Telerik.Sitefinity.Utilities, Version=5.2.3700.0, Culture=neutral, PublicKeyToken=b28c218413bdf563
AppDomainName : /LM/W3SVC/76/ROOT-1-130934685288644521
ThreadIdentity : 
WindowsIdentity : WINDOWS01\IWPD_279(oldsugar)
Requested URL : http://oldsugarmill.com/wineinfo/private-events


Category: ErrorLog

Priority: 0

EventId: 90000

Severity: Error

Title:Enterprise Library Exception Handling

Machine: WINDOWS01

App Domain: /LM/W3SVC/76/ROOT-1-130934685288644521

ProcessId: 38560

Process Name: C:\Windows\SysWOW64\inetsrv\w3wp.exe

Thread Name: 

Win32 ThreadId:47904

Extended Properties: 
----------------------------------------
----------------------------------------
Timestamp: 12/2/2015 1:02:36 AM

Message: HandlingInstanceID: a2fcf0d6-d393-45d2-98a5-bf05a787e25a
An exception of type 'System.Web.HttpException' occurred and was caught.
------------------------------------------------------------------------
12/02/2015 01:02:36
Type : System.Web.HttpException, System.Web, Version=4.0.0.0, Culture=neutral, PublicKeyToken=b03f5f7f11d50a3a
Message : This is an invalid webresource request.
Source : System.Web
Help link : 
WebEventCode : 0
ErrorCode : -2147467259
Data : System.Collections.ListDictionaryInternal
TargetSite : Void System.Web.IHttpHandler.ProcessRequest(System.Web.HttpContext)
HResult : -2147467259
Stack Trace :    at System.Web.Handlers.AssemblyResourceLoader.System.Web.IHttpHandler.ProcessRequest(HttpContext context)
   at System.Web.HttpApplication.CallHandlerExecutionStep.System.Web.HttpApplication.IExecutionStep.Execute()
   at System.Web.HttpApplication.ExecuteStep(IExecutionStep step, Boolean& completedSynchronously)

Additional Info:

MachineName : WINDOWS01
TimeStamp : 12/2/2015 1:02:36 AM
FullName : Telerik.Sitefinity.Utilities, Version=5.2.3700.0, Culture=neutral, PublicKeyToken=b28c218413bdf563
AppDomainName : /LM/W3SVC/76/ROOT-1-130934916938458534
ThreadIdentity : 
WindowsIdentity : WINDOWS01\IWPD_279(oldsugar)
Requested URL : http://oldsugarmill.com/WebResource.axd?d=2WCY3NG2EsUlwsehR-PMpYOkeWCcd8S2CirZZuJK0ENk721qXioR3AGK5z5_D6XiLdWSFQeKeIraVZ56rJTtKTiJmenm34rO26g9jshBa0nIy6SR_F7jPKZkvgMLVFgXS1GZ-TBin5dmad1w-6gHw750hcofSUYW-49oTH6S0zPhEasIQ1LKFuq5bYVgSQJk6ALoolbS8KvG_7LS08GL9Q2&t=635602821092283885


Category: ErrorLog

Priority: 0

EventId: 90000

Severity: Error

Title:Enterprise Library Exception Handling

Machine: WINDOWS01

App Domain: /LM/W3SVC/76/ROOT-1-130934916938458534

ProcessId: 39608

Process Name: C:\Windows\SysWOW64\inetsrv\w3wp.exe

Thread Name: 

Win32 ThreadId:53592

Extended Properties: 
----------------------------------------
----------------------------------------
Timestamp: 12/2/2015 1:41:06 AM

Message: HandlingInstanceID: 903d1fb6-af4f-4357-93b1-8cdaaabdc54f
An exception of type 'System.Web.HttpException' occurred and was caught.
------------------------------------------------------------------------
12/02/2015 01:41:06
Type : System.Web.HttpException, System.Web, Version=4.0.0.0, Culture=neutral, PublicKeyToken=b03f5f7f11d50a3a
Message : File not found.
Source : Telerik.Sitefinity
Help link : 
WebEventCode : 0
ErrorCode : -2147467259
Data : System.Collections.ListDictionaryInternal
TargetSite : IOutputItem GetOutputItem(System.Web.HttpRequest, System.Web.HttpResponse, Telerik.Microsoft.Practices.EnterpriseLibrary.Caching.ICacheManager, System.String, Telerik.Sitefinity.Libraries.Model.MediaContent ByRef)
HResult : -2147467259
Stack Trace :    at Telerik.Sitefinity.Modules.Libraries.Web.LibraryHttpHandler.GetOutputItem(HttpRequest request, HttpResponse response, ICacheManager cache, String key, MediaContent& content)
   at Telerik.Sitefinity.Modules.Libraries.Web.LibraryHttpHandler.ProcessRequest(HttpContext context)
   at System.Web.HttpApplication.CallHandlerExecutionStep.System.Web.HttpApplication.IExecutionStep.Execute()
   at System.Web.HttpApplication.ExecuteStep(IExecutionStep step, Boolean& completedSynchronously)

Additional Info:

MachineName : WINDOWS01
TimeStamp : 12/2/2015 1:41:06 AM
FullName : Telerik.Sitefinity.Utilities, Version=5.2.3700.0, Culture=neutral, PublicKeyToken=b28c218413bdf563
AppDomainName : /LM/W3SVC/76/ROOT-1-130934921759083993
ThreadIdentity : 
WindowsIdentity : WINDOWS01\IWPD_279(oldsugar)
Requested URL : http://oldsugarmill.com/images/crushfest.png


Category: ErrorLog

Priority: 0

EventId: 90000

Severity: Error

Title:Enterprise Library Exception Handling

Machine: WINDOWS01

App Domain: /LM/W3SVC/76/ROOT-1-130934921759083993

ProcessId: 53484

Process Name: C:\Windows\SysWOW64\inetsrv\w3wp.exe

Thread Name: 

Win32 ThreadId:50452

Extended Properties: 
----------------------------------------
----------------------------------------
Timestamp: 12/2/2015 2:22:04 AM

Message: HandlingInstanceID: c415778a-7be4-4987-b6da-82d3de47654f
An exception of type 'System.Web.HttpException' occurred and was caught.
------------------------------------------------------------------------
12/02/2015 02:22:04
Type : System.Web.HttpException, System.Web, Version=4.0.0.0, Culture=neutral, PublicKeyToken=b03f5f7f11d50a3a
Message : The requested page doesn't exist or you do not have sufficient privileges to view it.
Source : Telerik.Sitefinity
Help link : 
WebEventCode : 0
ErrorCode : -2147467259
Data : System.Collections.ListDictionaryInternal
TargetSite : Boolean ProcessRedirects(System.Web.HttpContextBase, Telerik.Sitefinity.Web.PageSiteNode ByRef, Boolean, System.String[])
HResult : -2147467259
Stack Trace :    at Telerik.Sitefinity.Web.SitefinityRoute.ProcessRedirects(HttpContextBase httpContext, PageSiteNode& node, Boolean isAdditionalUrl, String[] urlParams)
   at Telerik.Sitefinity.Web.SitefinityRoute.GetRouteData(HttpContextBase httpContext)
   at System.Web.Routing.RouteCollection.GetRouteData(HttpContextBase httpContext)
   at System.Web.Routing.UrlRoutingModule.PostResolveRequestCache(HttpContextBase context)
   at System.Web.Routing.UrlRoutingModule.OnApplicationPostResolveRequestCache(Object sender, EventArgs e)
   at System.Web.HttpApplication.SyncEventExecutionStep.System.Web.HttpApplication.IExecutionStep.Execute()
   at System.Web.HttpApplication.ExecuteStep(IExecutionStep step, Boolean& completedSynchronously)

Additional Info:

MachineName : WINDOWS01
TimeStamp : 12/2/2015 2:22:04 AM
FullName : Telerik.Sitefinity.Utilities, Version=5.2.3700.0, Culture=neutral, PublicKeyToken=b28c218413bdf563
AppDomainName : /LM/W3SVC/76/ROOT-1-130934961569192059
ThreadIdentity : 
WindowsIdentity : WINDOWS01\IWPD_279(oldsugar)
Requested URL : http://oldsugarmill.com/topbar/about


Category: ErrorLog

Priority: 0

EventId: 90000

Severity: Error

Title:Enterprise Library Exception Handling

Machine: WINDOWS01

App Domain: /LM/W3SVC/76/ROOT-1-130934961569192059

ProcessId: 54388

Process Name: C:\Windows\SysWOW64\inetsrv\w3wp.exe

Thread Name: 

Win32 ThreadId:13288

Extended Properties: 
----------------------------------------
----------------------------------------
Timestamp: 12/2/2015 3:04:30 AM

Message: HandlingInstanceID: 5f55a51f-8df5-423e-9374-bec27b5ed1da
An exception of type 'System.Web.HttpException' occurred and was caught.
------------------------------------------------------------------------
12/02/2015 03:04:30
Type : System.Web.HttpException, System.Web, Version=4.0.0.0, Culture=neutral, PublicKeyToken=b03f5f7f11d50a3a
Message : The requested page doesn't exist or you do not have sufficient privileges to view it.
Source : Telerik.Sitefinity
Help link : 
WebEventCode : 0
ErrorCode : -2147467259
Data : System.Collections.ListDictionaryInternal
TargetSite : Boolean ProcessRedirects(System.Web.HttpContextBase, Telerik.Sitefinity.Web.PageSiteNode ByRef, Boolean, System.String[])
HResult : -2147467259
Stack Trace :    at Telerik.Sitefinity.Web.SitefinityRoute.ProcessRedirects(HttpContextBase httpContext, PageSiteNode& node, Boolean isAdditionalUrl, String[] urlParams)
   at Telerik.Sitefinity.Web.SitefinityRoute.GetRouteData(HttpContextBase httpContext)
   at System.Web.Routing.RouteCollection.GetRouteData(HttpContextBase httpContext)
   at System.Web.Routing.UrlRoutingModule.PostResolveRequestCache(HttpContextBase context)
   at System.Web.Routing.UrlRoutingModule.OnApplicationPostResolveRequestCache(Object sender, EventArgs e)
   at System.Web.HttpApplication.SyncEventExecutionStep.System.Web.HttpApplication.IExecutionStep.Execute()
   at System.Web.HttpApplication.ExecuteStep(IExecutionStep step, Boolean& completedSynchronously)

Additional Info:

MachineName : WINDOWS01
TimeStamp : 12/2/2015 3:04:30 AM
FullName : Telerik.Sitefinity.Utilities, Version=5.2.3700.0, Culture=neutral, PublicKeyToken=b28c218413bdf563
AppDomainName : /LM/W3SVC/76/ROOT-1-130934985037461570
ThreadIdentity : 
WindowsIdentity : WINDOWS01\IWPD_279(oldsugar)
Requested URL : http://oldsugarmill.com/topbar/about


Category: ErrorLog

Priority: 0

EventId: 90000

Severity: Error

Title:Enterprise Library Exception Handling

Machine: WINDOWS01

App Domain: /LM/W3SVC/76/ROOT-1-130934985037461570

ProcessId: 39460

Process Name: C:\Windows\SysWOW64\inetsrv\w3wp.exe

Thread Name: 

Win32 ThreadId:27940

Extended Properties: 
----------------------------------------
----------------------------------------
Timestamp: 12/2/2015 3:09:15 AM

Message: HandlingInstanceID: 09a2d5cd-f254-4085-a0b5-7b2f8150eea1
An exception of type 'System.Web.HttpException' occurred and was caught.
------------------------------------------------------------------------
12/02/2015 03:09:15
Type : System.Web.HttpException, System.Web, Version=4.0.0.0, Culture=neutral, PublicKeyToken=b03f5f7f11d50a3a
Message : The requested page doesn't exist or you do not have sufficient privileges to view it.
Source : Telerik.Sitefinity
Help link : 
WebEventCode : 0
ErrorCode : -2147467259
Data : System.Collections.ListDictionaryInternal
TargetSite : Boolean ProcessRedirects(System.Web.HttpContextBase, Telerik.Sitefinity.Web.PageSiteNode ByRef, Boolean, System.String[])
HResult : -2147467259
Stack Trace :    at Telerik.Sitefinity.Web.SitefinityRoute.ProcessRedirects(HttpContextBase httpContext, PageSiteNode& node, Boolean isAdditionalUrl, String[] urlParams)
   at Telerik.Sitefinity.Web.SitefinityRoute.GetRouteData(HttpContextBase httpContext)
   at System.Web.Routing.RouteCollection.GetRouteData(HttpContextBase httpContext)
   at System.Web.Routing.UrlRoutingModule.PostResolveRequestCache(HttpContextBase context)
   at System.Web.Routing.UrlRoutingModule.OnApplicationPostResolveRequestCache(Object sender, EventArgs e)
   at System.Web.HttpApplication.SyncEventExecutionStep.System.Web.HttpApplication.IExecutionStep.Execute()
   at System.Web.HttpApplication.ExecuteStep(IExecutionStep step, Boolean& completedSynchronously)

Additional Info:

MachineName : WINDOWS01
TimeStamp : 12/2/2015 3:09:15 AM
FullName : Telerik.Sitefinity.Utilities, Version=5.2.3700.0, Culture=neutral, PublicKeyToken=b28c218413bdf563
AppDomainName : /LM/W3SVC/76/ROOT-1-130934985037461570
ThreadIdentity : 
WindowsIdentity : WINDOWS01\IWPD_279(oldsugar)
Requested URL : http://oldsugarmill.com/topbar/about


Category: ErrorLog

Priority: 0

EventId: 90000

Severity: Error

Title:Enterprise Library Exception Handling

Machine: WINDOWS01

App Domain: /LM/W3SVC/76/ROOT-1-130934985037461570

ProcessId: 39460

Process Name: C:\Windows\SysWOW64\inetsrv\w3wp.exe

Thread Name: 

Win32 ThreadId:15216

Extended Properties: 
----------------------------------------
----------------------------------------
Timestamp: 12/2/2015 3:16:40 AM

Message: HandlingInstanceID: 5b39a64f-4919-4fe0-841b-fd066e61ef55
An exception of type 'System.Web.HttpException' occurred and was caught.
------------------------------------------------------------------------
12/02/2015 03:16:40
Type : System.Web.HttpException, System.Web, Version=4.0.0.0, Culture=neutral, PublicKeyToken=b03f5f7f11d50a3a
Message : The requested page doesn't exist or you do not have sufficient privileges to view it.
Source : Telerik.Sitefinity
Help link : 
WebEventCode : 0
ErrorCode : -2147467259
Data : System.Collections.ListDictionaryInternal
TargetSite : Boolean ProcessRedirects(System.Web.HttpContextBase, Telerik.Sitefinity.Web.PageSiteNode ByRef, Boolean, System.String[])
HResult : -2147467259
Stack Trace :    at Telerik.Sitefinity.Web.SitefinityRoute.ProcessRedirects(HttpContextBase httpContext, PageSiteNode& node, Boolean isAdditionalUrl, String[] urlParams)
   at Telerik.Sitefinity.Web.SitefinityRoute.GetRouteData(HttpContextBase httpContext)
   at System.Web.Routing.RouteCollection.GetRouteData(HttpContextBase httpContext)
   at System.Web.Routing.UrlRoutingModule.PostResolveRequestCache(HttpContextBase context)
   at System.Web.Routing.UrlRoutingModule.OnApplicationPostResolveRequestCache(Object sender, EventArgs e)
   at System.Web.HttpApplication.SyncEventExecutionStep.System.Web.HttpApplication.IExecutionStep.Execute()
   at System.Web.HttpApplication.ExecuteStep(IExecutionStep step, Boolean& completedSynchronously)

Additional Info:

MachineName : WINDOWS01
TimeStamp : 12/2/2015 3:16:40 AM
FullName : Telerik.Sitefinity.Utilities, Version=5.2.3700.0, Culture=neutral, PublicKeyToken=b28c218413bdf563
AppDomainName : /LM/W3SVC/76/ROOT-1-130934997799346145
ThreadIdentity : 
WindowsIdentity : WINDOWS01\IWPD_279(oldsugar)
Requested URL : http://oldsugarmill.com/topbar/about


Category: ErrorLog

Priority: 0

EventId: 90000

Severity: Error

Title:Enterprise Library Exception Handling

Machine: WINDOWS01

App Domain: /LM/W3SVC/76/ROOT-1-130934997799346145

ProcessId: 37884

Process Name: C:\Windows\SysWOW64\inetsrv\w3wp.exe

Thread Name: 

Win32 ThreadId:57556

Extended Properties: 
----------------------------------------
----------------------------------------
Timestamp: 12/2/2015 3:21:20 AM

Message: HandlingInstanceID: d9bf7c44-5813-43b4-93eb-24c124bff728
An exception of type 'System.Web.HttpException' occurred and was caught.
------------------------------------------------------------------------
12/02/2015 03:21:20
Type : System.Web.HttpException, System.Web, Version=4.0.0.0, Culture=neutral, PublicKeyToken=b03f5f7f11d50a3a
Message : The requested page doesn't exist or you do not have sufficient privileges to view it.
Source : Telerik.Sitefinity
Help link : 
WebEventCode : 0
ErrorCode : -2147467259
Data : System.Collections.ListDictionaryInternal
TargetSite : Boolean ProcessRedirects(System.Web.HttpContextBase, Telerik.Sitefinity.Web.PageSiteNode ByRef, Boolean, System.String[])
HResult : -2147467259
Stack Trace :    at Telerik.Sitefinity.Web.SitefinityRoute.ProcessRedirects(HttpContextBase httpContext, PageSiteNode& node, Boolean isAdditionalUrl, String[] urlParams)
   at Telerik.Sitefinity.Web.SitefinityRoute.GetRouteData(HttpContextBase httpContext)
   at System.Web.Routing.RouteCollection.GetRouteData(HttpContextBase httpContext)
   at System.Web.Routing.UrlRoutingModule.PostResolveRequestCache(HttpContextBase context)
   at System.Web.Routing.UrlRoutingModule.OnApplicationPostResolveRequestCache(Object sender, EventArgs e)
   at System.Web.HttpApplication.SyncEventExecutionStep.System.Web.HttpApplication.IExecutionStep.Execute()
   at System.Web.HttpApplication.ExecuteStep(IExecutionStep step, Boolean& completedSynchronously)

Additional Info:

MachineName : WINDOWS01
TimeStamp : 12/2/2015 3:21:20 AM
FullName : Telerik.Sitefinity.Utilities, Version=5.2.3700.0, Culture=neutral, PublicKeyToken=b28c218413bdf563
AppDomainName : /LM/W3SVC/76/ROOT-1-130934997799346145
ThreadIdentity : 
WindowsIdentity : WINDOWS01\IWPD_279(oldsugar)
Requested URL : http://oldsugarmill.com/topbar/about


Category: ErrorLog

Priority: 0

EventId: 90000

Severity: Error

Title:Enterprise Library Exception Handling

Machine: WINDOWS01

App Domain: /LM/W3SVC/76/ROOT-1-130934997799346145

ProcessId: 37884

Process Name: C:\Windows\SysWOW64\inetsrv\w3wp.exe

Thread Name: 

Win32 ThreadId:30548

Extended Properties: 
----------------------------------------
----------------------------------------
Timestamp: 12/2/2015 3:26:27 AM

Message: HandlingInstanceID: 820c11db-a95e-4fae-ba96-20edac53d5f2
An exception of type 'System.Web.HttpException' occurred and was caught.
------------------------------------------------------------------------
12/02/2015 03:26:27
Type : System.Web.HttpException, System.Web, Version=4.0.0.0, Culture=neutral, PublicKeyToken=b03f5f7f11d50a3a
Message : The requested page doesn't exist or you do not have sufficient privileges to view it.
Source : Telerik.Sitefinity
Help link : 
WebEventCode : 0
ErrorCode : -2147467259
Data : System.Collections.ListDictionaryInternal
TargetSite : Boolean ProcessRedirects(System.Web.HttpContextBase, Telerik.Sitefinity.Web.PageSiteNode ByRef, Boolean, System.String[])
HResult : -2147467259
Stack Trace :    at Telerik.Sitefinity.Web.SitefinityRoute.ProcessRedirects(HttpContextBase httpContext, PageSiteNode& node, Boolean isAdditionalUrl, String[] urlParams)
   at Telerik.Sitefinity.Web.SitefinityRoute.GetRouteData(HttpContextBase httpContext)
   at System.Web.Routing.RouteCollection.GetRouteData(HttpContextBase httpContext)
   at System.Web.Routing.UrlRoutingModule.PostResolveRequestCache(HttpContextBase context)
   at System.Web.Routing.UrlRoutingModule.OnApplicationPostResolveRequestCache(Object sender, EventArgs e)
   at System.Web.HttpApplication.SyncEventExecutionStep.System.Web.HttpApplication.IExecutionStep.Execute()
   at System.Web.HttpApplication.ExecuteStep(IExecutionStep step, Boolean& completedSynchronously)

Additional Info:

MachineName : WINDOWS01
TimeStamp : 12/2/2015 3:26:27 AM
FullName : Telerik.Sitefinity.Utilities, Version=5.2.3700.0, Culture=neutral, PublicKeyToken=b28c218413bdf563
AppDomainName : /LM/W3SVC/76/ROOT-1-130934997799346145
ThreadIdentity : 
WindowsIdentity : WINDOWS01\IWPD_279(oldsugar)
Requested URL : http://oldsugarmill.com/topbar/about


Category: ErrorLog

Priority: 0

EventId: 90000

Severity: Error

Title:Enterprise Library Exception Handling

Machine: WINDOWS01

App Domain: /LM/W3SVC/76/ROOT-1-130934997799346145

ProcessId: 37884

Process Name: C:\Windows\SysWOW64\inetsrv\w3wp.exe

Thread Name: 

Win32 ThreadId:57556

Extended Properties: 
----------------------------------------
----------------------------------------
Timestamp: 02/12/2015 03:38:33

Message: HandlingInstanceID: d3145fea-6b7a-4739-b435-fc9b235e82fc
An exception of type 'System.Web.HttpException' occurred and was caught.
------------------------------------------------------------------------
12/02/2015 03:38:33
Type : System.Web.HttpException, System.Web, Version=4.0.0.0, Culture=neutral, PublicKeyToken=b03f5f7f11d50a3a
Message : This is an invalid script resource request.
Source : System.Web.Extensions
Help link : 
WebEventCode : 0
ErrorCode : -2147467259
Data : System.Collections.ListDictionaryInternal
TargetSite : Void ProcessRequest(System.Web.HttpContextBase, VirtualFileReader, System.Action`2[System.String,System.Exception], Boolean)
HResult : -2147467259
Stack Trace :    at System.Web.Handlers.ScriptResourceHandler.ProcessRequest(HttpContextBase context, VirtualFileReader fileReader, Action`2 logAction, Boolean validatePath)
   at System.Web.Handlers.ScriptResourceHandler.ProcessRequest(HttpContext context)
   at System.Web.Handlers.ScriptResourceHandler.System.Web.IHttpHandler.ProcessRequest(HttpContext context)
   at System.Web.HttpApplication.CallHandlerExecutionStep.System.Web.HttpApplication.IExecutionStep.Execute()
   at System.Web.HttpApplication.ExecuteStep(IExecutionStep step, Boolean& completedSynchronously)

Additional Info:

MachineName : WINDOWS01
TimeStamp : 02/12/2015 03:38:33
FullName : Telerik.Sitefinity.Utilities, Version=5.2.3700.0, Culture=neutral, PublicKeyToken=b28c218413bdf563
AppDomainName : /LM/W3SVC/76/ROOT-1-130935009296318939
ThreadIdentity : 
WindowsIdentity : WINDOWS01\IWPD_279(oldsugar)
Requested URL : http://oldsugarmill.com/ScriptResource.axd?d=Np2Zw9cnQ9q12QM3BjW-_ejmzk2AB1McF7cKaT_2VAb-JgNcuyCiAHeSJXC6N2C9Ez3SsXfmWvnQ_xf5vl1aXnDlCreo0CqV3ICP6z0M2nYYJ7F5LxJX9cZB_qXWvbV4D45sTU9YKJpUUHIvL2rI--14uvntAnmBSGa3jrJ38bhWnhWrHe5JYGkFqt_rgP7X0&t=155533f4


Category: ErrorLog

Priority: 0

EventId: 90000

Severity: Error

Title:Enterprise Library Exception Handling

Machine: WINDOWS01

App Domain: /LM/W3SVC/76/ROOT-1-130935009296318939

ProcessId: 43456

Process Name: C:\Windows\SysWOW64\inetsrv\w3wp.exe

Thread Name: 

Win32 ThreadId:44336

Extended Properties: 
----------------------------------------
----------------------------------------
Timestamp: 02/12/2015 03:38:34

Message: HandlingInstanceID: 611083a2-a4c9-463b-bd5d-3239a75f9c4c
An exception of type 'System.Web.HttpException' occurred and was caught.
------------------------------------------------------------------------
12/02/2015 03:38:34
Type : System.Web.HttpException, System.Web, Version=4.0.0.0, Culture=neutral, PublicKeyToken=b03f5f7f11d50a3a
Message : This is an invalid webresource request.
Source : System.Web
Help link : 
WebEventCode : 0
ErrorCode : -2147467259
Data : System.Collections.ListDictionaryInternal
TargetSite : Void System.Web.IHttpHandler.ProcessRequest(System.Web.HttpContext)
HResult : -2147467259
Stack Trace :    at System.Web.Handlers.AssemblyResourceLoader.System.Web.IHttpHandler.ProcessRequest(HttpContext context)
   at System.Web.HttpApplication.CallHandlerExecutionStep.System.Web.HttpApplication.IExecutionStep.Execute()
   at System.Web.HttpApplication.ExecuteStep(IExecutionStep step, Boolean& completedSynchronously)

Additional Info:

MachineName : WINDOWS01
TimeStamp : 02/12/2015 03:38:34
FullName : Telerik.Sitefinity.Utilities, Version=5.2.3700.0, Culture=neutral, PublicKeyToken=b28c218413bdf563
AppDomainName : /LM/W3SVC/76/ROOT-1-130935009296318939
ThreadIdentity : 
WindowsIdentity : WINDOWS01\IWPD_279(oldsugar)
Requested URL : http://oldsugarmill.com/WebResource.axd?d=YeEvLVCmU1E8_7h2HYEql10osm27xBNkUR_JJFLbcJAiNyFWqQeXwuO-77MNOFqpfmaKTTJfN8WNK0cDKYBRbbqpClZPyc1DPdq7D98U9181&t=635793053982061497


Category: ErrorLog

Priority: 0

EventId: 90000

Severity: Error

Title:Enterprise Library Exception Handling

Machine: WINDOWS01

App Domain: /LM/W3SVC/76/ROOT-1-130935009296318939

ProcessId: 43456

Process Name: C:\Windows\SysWOW64\inetsrv\w3wp.exe

Thread Name: 

Win32 ThreadId:20732

Extended Properties: 
----------------------------------------
----------------------------------------
Timestamp: 02/12/2015 03:38:34

Message: HandlingInstanceID: 7252dd6a-0e59-42c5-8e78-9e04dc65cc73
An exception of type 'System.Web.HttpException' occurred and was caught.
------------------------------------------------------------------------
12/02/2015 03:38:34
Type : System.Web.HttpException, System.Web, Version=4.0.0.0, Culture=neutral, PublicKeyToken=b03f5f7f11d50a3a
Message : This is an invalid script resource request.
Source : System.Web.Extensions
Help link : 
WebEventCode : 0
ErrorCode : -2147467259
Data : System.Collections.ListDictionaryInternal
TargetSite : Void ProcessRequest(System.Web.HttpContextBase, VirtualFileReader, System.Action`2[System.String,System.Exception], Boolean)
HResult : -2147467259
Stack Trace :    at System.Web.Handlers.ScriptResourceHandler.ProcessRequest(HttpContextBase context, VirtualFileReader fileReader, Action`2 logAction, Boolean validatePath)
   at System.Web.Handlers.ScriptResourceHandler.ProcessRequest(HttpContext context)
   at System.Web.Handlers.ScriptResourceHandler.System.Web.IHttpHandler.ProcessRequest(HttpContext context)
   at System.Web.HttpApplication.CallHandlerExecutionStep.System.Web.HttpApplication.IExecutionStep.Execute()
   at System.Web.HttpApplication.ExecuteStep(IExecutionStep step, Boolean& completedSynchronously)

Additional Info:

MachineName : WINDOWS01
TimeStamp : 02/12/2015 03:38:34
FullName : Telerik.Sitefinity.Utilities, Version=5.2.3700.0, Culture=neutral, PublicKeyToken=b28c218413bdf563
AppDomainName : /LM/W3SVC/76/ROOT-1-130935009296318939
ThreadIdentity : 
WindowsIdentity : WINDOWS01\IWPD_279(oldsugar)
Requested URL : http://oldsugarmill.com/ScriptResource.axd?d=w-95dPCzOzyG7R89ErrnK54I0aUbwG_auRzyD_9blk_oXIoBbOmqvSWfc1xFvJHjF6J41AUg4o_ucCXbNtjOvgzKmUNU82slsUQ4SqQl3T5qQUULOpPF_cJst4OtNE8fTpvWSINCvE8mvE7m-cviUexzoXRrKhGalEnBnwnIfSSKTfbug2jXwVKtCv0Dj_JWOb9XKdr46MmZdwtrI9eoVA2&t=155533f4


Category: ErrorLog

Priority: 0

EventId: 90000

Severity: Error

Title:Enterprise Library Exception Handling

Machine: WINDOWS01

App Domain: /LM/W3SVC/76/ROOT-1-130935009296318939

ProcessId: 43456

Process Name: C:\Windows\SysWOW64\inetsrv\w3wp.exe

Thread Name: 

Win32 ThreadId:13028

Extended Properties: 
----------------------------------------
----------------------------------------
Timestamp: 12/2/2015 5:55:26 AM

Message: HandlingInstanceID: c083beca-ad86-4422-afe8-5ecb5ac57b8c
An exception of type 'System.Web.HttpException' occurred and was caught.
------------------------------------------------------------------------
12/02/2015 05:55:25
Type : System.Web.HttpException, System.Web, Version=4.0.0.0, Culture=neutral, PublicKeyToken=b03f5f7f11d50a3a
Message : The requested page doesn't exist or you do not have sufficient privileges to view it.
Source : Telerik.Sitefinity
Help link : 
WebEventCode : 0
ErrorCode : -2147467259
Data : System.Collections.ListDictionaryInternal
TargetSite : Boolean ProcessRedirects(System.Web.HttpContextBase, Telerik.Sitefinity.Web.PageSiteNode ByRef, Boolean, System.String[])
HResult : -2147467259
Stack Trace :    at Telerik.Sitefinity.Web.SitefinityRoute.ProcessRedirects(HttpContextBase httpContext, PageSiteNode& node, Boolean isAdditionalUrl, String[] urlParams)
   at Telerik.Sitefinity.Web.SitefinityRoute.GetRouteData(HttpContextBase httpContext)
   at System.Web.Routing.RouteCollection.GetRouteData(HttpContextBase httpContext)
   at System.Web.Routing.UrlRoutingModule.PostResolveRequestCache(HttpContextBase context)
   at System.Web.Routing.UrlRoutingModule.OnApplicationPostResolveRequestCache(Object sender, EventArgs e)
   at System.Web.HttpApplication.SyncEventExecutionStep.System.Web.HttpApplication.IExecutionStep.Execute()
   at System.Web.HttpApplication.ExecuteStep(IExecutionStep step, Boolean& completedSynchronously)

Additional Info:

MachineName : WINDOWS01
TimeStamp : 12/2/2015 5:55:26 AM
FullName : Telerik.Sitefinity.Utilities, Version=5.2.3700.0, Culture=neutral, PublicKeyToken=b28c218413bdf563
AppDomainName : /LM/W3SVC/76/ROOT-1-130935089323272050
ThreadIdentity : 
WindowsIdentity : WINDOWS01\IWPD_279(oldsugar)
Requested URL : http://oldsugarmill.com/topbar/about


Category: ErrorLog

Priority: 0

EventId: 90000

Severity: Error

Title:Enterprise Library Exception Handling

Machine: WINDOWS01

App Domain: /LM/W3SVC/76/ROOT-1-130935089323272050

ProcessId: 35184

Process Name: C:\Windows\SysWOW64\inetsrv\w3wp.exe

Thread Name: 

Win32 ThreadId:10664

Extended Properties: 
----------------------------------------
----------------------------------------
Timestamp: 02.12.2015 10:09:47

Message: HandlingInstanceID: a7a0b1ba-db1b-4641-85cc-9e8bf2e42ac2
An exception of type 'System.Web.HttpException' occurred and was caught.
------------------------------------------------------------------------
12/02/2015 10:09:47
Type : System.Web.HttpException, System.Web, Version=4.0.0.0, Culture=neutral, PublicKeyToken=b03f5f7f11d50a3a
Message : This is an invalid script resource request.
Source : System.Web.Extensions
Help link : 
WebEventCode : 0
ErrorCode : -2147467259
Data : System.Collections.ListDictionaryInternal
TargetSite : Void ProcessRequest(System.Web.HttpContextBase, VirtualFileReader, System.Action`2[System.String,System.Exception], Boolean)
HResult : -2147467259
Stack Trace :    at System.Web.Handlers.ScriptResourceHandler.ProcessRequest(HttpContextBase context, VirtualFileReader fileReader, Action`2 logAction, Boolean validatePath)
   at System.Web.Handlers.ScriptResourceHandler.ProcessRequest(HttpContext context)
   at System.Web.Handlers.ScriptResourceHandler.System.Web.IHttpHandler.ProcessRequest(HttpContext context)
   at System.Web.HttpApplication.CallHandlerExecutionStep.System.Web.HttpApplication.IExecutionStep.Execute()
   at System.Web.HttpApplication.ExecuteStep(IExecutionStep step, Boolean& completedSynchronously)

Additional Info:

MachineName : WINDOWS01
TimeStamp : 02.12.2015 10:09:47
FullName : Telerik.Sitefinity.Utilities, Version=5.2.3700.0, Culture=neutral, PublicKeyToken=b28c218413bdf563
AppDomainName : /LM/W3SVC/76/ROOT-1-130935245733564865
ThreadIdentity : 
WindowsIdentity : WINDOWS01\IWPD_279(oldsugar)
Requested URL : http://oldsugarmill.com/ScriptResource.axd?d=RdUA3aTMJE-ys6ZrJPLjp3-oG_atr14IUsNcQOeaFqVm-qrDtVg8YP8qaJh9z09F5axUfexbDUiq3AYf3Vo-LKuf5g7tReL8Yl7TLF_Ez2moPYieexVt69jzcCIuXDa5tmYq0up7wLDZSRz3lBc6I9p0T5xOqNfpL3nnNWsAYfj72WV1CXsWmRB_0yIT641U7pkHa6i_hGOngafkU1w7lA2&t=155533f4


Category: ErrorLog

Priority: 0

EventId: 90000

Severity: Error

Title:Enterprise Library Exception Handling

Machine: WINDOWS01

App Domain: /LM/W3SVC/76/ROOT-1-130935245733564865

ProcessId: 50108

Process Name: C:\Windows\SysWOW64\inetsrv\w3wp.exe

Thread Name: 

Win32 ThreadId:25584

Extended Properties: 
----------------------------------------
----------------------------------------
Timestamp: 02.12.2015 10:09:47

Message: HandlingInstanceID: 2a0822a6-511a-40fe-8237-42e39772a024
An exception of type 'System.Web.HttpException' occurred and was caught.
------------------------------------------------------------------------
12/02/2015 10:09:47
Type : System.Web.HttpException, System.Web, Version=4.0.0.0, Culture=neutral, PublicKeyToken=b03f5f7f11d50a3a
Message : This is an invalid script resource request.
Source : System.Web.Extensions
Help link : 
WebEventCode : 0
ErrorCode : -2147467259
Data : System.Collections.ListDictionaryInternal
TargetSite : Void ProcessRequest(System.Web.HttpContextBase, VirtualFileReader, System.Action`2[System.String,System.Exception], Boolean)
HResult : -2147467259
Stack Trace :    at System.Web.Handlers.ScriptResourceHandler.ProcessRequest(HttpContextBase context, VirtualFileReader fileReader, Action`2 logAction, Boolean validatePath)
   at System.Web.Handlers.ScriptResourceHandler.ProcessRequest(HttpContext context)
   at System.Web.Handlers.ScriptResourceHandler.System.Web.IHttpHandler.ProcessRequest(HttpContext context)
   at System.Web.HttpApplication.CallHandlerExecutionStep.System.Web.HttpApplication.IExecutionStep.Execute()
   at System.Web.HttpApplication.ExecuteStep(IExecutionStep step, Boolean& completedSynchronously)

Additional Info:

MachineName : WINDOWS01
TimeStamp : 02.12.2015 10:09:47
FullName : Telerik.Sitefinity.Utilities, Version=5.2.3700.0, Culture=neutral, PublicKeyToken=b28c218413bdf563
AppDomainName : /LM/W3SVC/76/ROOT-1-130935245733564865
ThreadIdentity : 
WindowsIdentity : WINDOWS01\IWPD_279(oldsugar)
Requested URL : http://oldsugarmill.com/ScriptResource.axd?d=OpbyJn82VrEKVdnlEVtiR485niN8e2WUT7SIuD1nfkK-EEZqi3br4bqT-CtwYcBecWDrLr4L2f5FtzlAYkY6ghSQUyuvXpEeNqbZ0xObyzyaewcjsnnS0CrB7vi8o_-zWDmvy0t6Z315IskgPaYD01GdZozDYJeptmxIxVFg5kOspa9gyARv5SKzOGVZNLbb0&t=155533f4


Category: ErrorLog

Priority: 0

EventId: 90000

Severity: Error

Title:Enterprise Library Exception Handling

Machine: WINDOWS01

App Domain: /LM/W3SVC/76/ROOT-1-130935245733564865

ProcessId: 50108

Process Name: C:\Windows\SysWOW64\inetsrv\w3wp.exe

Thread Name: 

Win32 ThreadId:28876

Extended Properties: 
----------------------------------------
----------------------------------------
Timestamp: 02.12.2015 10:09:47

Message: HandlingInstanceID: 21d84f7c-9846-4c01-a324-00f658c87c50
An exception of type 'System.Web.HttpException' occurred and was caught.
------------------------------------------------------------------------
12/02/2015 10:09:47
Type : System.Web.HttpException, System.Web, Version=4.0.0.0, Culture=neutral, PublicKeyToken=b03f5f7f11d50a3a
Message : This is an invalid webresource request.
Source : System.Web
Help link : 
WebEventCode : 0
ErrorCode : -2147467259
Data : System.Collections.ListDictionaryInternal
TargetSite : Void System.Web.IHttpHandler.ProcessRequest(System.Web.HttpContext)
HResult : -2147467259
Stack Trace :    at System.Web.Handlers.AssemblyResourceLoader.System.Web.IHttpHandler.ProcessRequest(HttpContext context)
   at System.Web.HttpApplication.CallHandlerExecutionStep.System.Web.HttpApplication.IExecutionStep.Execute()
   at System.Web.HttpApplication.ExecuteStep(IExecutionStep step, Boolean& completedSynchronously)

Additional Info:

MachineName : WINDOWS01
TimeStamp : 02.12.2015 10:09:47
FullName : Telerik.Sitefinity.Utilities, Version=5.2.3700.0, Culture=neutral, PublicKeyToken=b28c218413bdf563
AppDomainName : /LM/W3SVC/76/ROOT-1-130935245733564865
ThreadIdentity : 
WindowsIdentity : WINDOWS01\IWPD_279(oldsugar)
Requested URL : http://oldsugarmill.com/WebResource.axd?d=NVnP_ouSQQ78_KjRRIeR_fY3NfsxjBpHz8RNiq5-guApG0W9EXafRKlP3mAxcf7sgYs4PGxQOx24kO63QK3Pc_oPvGALWPIIJ5hLec3KJfE1&t=635793053982061497


Category: ErrorLog

Priority: 0

EventId: 90000

Severity: Error

Title:Enterprise Library Exception Handling

Machine: WINDOWS01

App Domain: /LM/W3SVC/76/ROOT-1-130935245733564865

ProcessId: 50108

Process Name: C:\Windows\SysWOW64\inetsrv\w3wp.exe

Thread Name: 

Win32 ThreadId:56552

Extended Properties: 
----------------------------------------
----------------------------------------
Timestamp: 02.12.2015 10:09:48

Message: HandlingInstanceID: 7a5d9eac-44b0-4bcf-a4d1-5b72e03b3ed6
An exception of type 'System.Web.HttpException' occurred and was caught.
------------------------------------------------------------------------
12/02/2015 10:09:48
Type : System.Web.HttpException, System.Web, Version=4.0.0.0, Culture=neutral, PublicKeyToken=b03f5f7f11d50a3a
Message : This is an invalid script resource request.
Source : System.Web.Extensions
Help link : 
WebEventCode : 0
ErrorCode : -2147467259
Data : System.Collections.ListDictionaryInternal
TargetSite : Void ProcessRequest(System.Web.HttpContextBase, VirtualFileReader, System.Action`2[System.String,System.Exception], Boolean)
HResult : -2147467259
Stack Trace :    at System.Web.Handlers.ScriptResourceHandler.ProcessRequest(HttpContextBase context, VirtualFileReader fileReader, Action`2 logAction, Boolean validatePath)
   at System.Web.Handlers.ScriptResourceHandler.ProcessRequest(HttpContext context)
   at System.Web.Handlers.ScriptResourceHandler.System.Web.IHttpHandler.ProcessRequest(HttpContext context)
   at System.Web.HttpApplication.CallHandlerExecutionStep.System.Web.HttpApplication.IExecutionStep.Execute()
   at System.Web.HttpApplication.ExecuteStep(IExecutionStep step, Boolean& completedSynchronously)

Additional Info:

MachineName : WINDOWS01
TimeStamp : 02.12.2015 10:09:48
FullName : Telerik.Sitefinity.Utilities, Version=5.2.3700.0, Culture=neutral, PublicKeyToken=b28c218413bdf563
AppDomainName : /LM/W3SVC/76/ROOT-1-130935245733564865
ThreadIdentity : 
WindowsIdentity : WINDOWS01\IWPD_279(oldsugar)
Requested URL : http://oldsugarmill.com/ScriptResource.axd?d=RdUA3aTMJE-ys6ZrJPLjp3-oG_atr14IUsNcQOeaFqVm-qrDtVg8YP8qaJh9z09F5axUfexbDUiq3AYf3Vo-LKuf5g7tReL8Yl7TLF_Ez2moPYieexVt69jzcCIuXDa5tmYq0up7wLDZSRz3lBc6I9p0T5xOqNfpL3nnNWsAYfj72WV1CXsWmRB_0yIT641U7pkHa6i_hGOngafkU1w7lA2&t=155533f4


Category: ErrorLog

Priority: 0

EventId: 90000

Severity: Error

Title:Enterprise Library Exception Handling

Machine: WINDOWS01

App Domain: /LM/W3SVC/76/ROOT-1-130935245733564865

ProcessId: 50108

Process Name: C:\Windows\SysWOW64\inetsrv\w3wp.exe

Thread Name: 

Win32 ThreadId:41644

Extended Properties: 
----------------------------------------
----------------------------------------
Timestamp: 02.12.2015 10:09:48

Message: HandlingInstanceID: fa44f92d-0fe5-4a04-89ca-1b72d67a25e7
An exception of type 'System.Web.HttpException' occurred and was caught.
------------------------------------------------------------------------
12/02/2015 10:09:48
Type : System.Web.HttpException, System.Web, Version=4.0.0.0, Culture=neutral, PublicKeyToken=b03f5f7f11d50a3a
Message : This is an invalid script resource request.
Source : System.Web.Extensions
Help link : 
WebEventCode : 0
ErrorCode : -2147467259
Data : System.Collections.ListDictionaryInternal
TargetSite : Void ProcessRequest(System.Web.HttpContextBase, VirtualFileReader, System.Action`2[System.String,System.Exception], Boolean)
HResult : -2147467259
Stack Trace :    at System.Web.Handlers.ScriptResourceHandler.ProcessRequest(HttpContextBase context, VirtualFileReader fileReader, Action`2 logAction, Boolean validatePath)
   at System.Web.Handlers.ScriptResourceHandler.ProcessRequest(HttpContext context)
   at System.Web.Handlers.ScriptResourceHandler.System.Web.IHttpHandler.ProcessRequest(HttpContext context)
   at System.Web.HttpApplication.CallHandlerExecutionStep.System.Web.HttpApplication.IExecutionStep.Execute()
   at System.Web.HttpApplication.ExecuteStep(IExecutionStep step, Boolean& completedSynchronously)

Additional Info:

MachineName : WINDOWS01
TimeStamp : 02.12.2015 10:09:48
FullName : Telerik.Sitefinity.Utilities, Version=5.2.3700.0, Culture=neutral, PublicKeyToken=b28c218413bdf563
AppDomainName : /LM/W3SVC/76/ROOT-1-130935245733564865
ThreadIdentity : 
WindowsIdentity : WINDOWS01\IWPD_279(oldsugar)
Requested URL : http://oldsugarmill.com/ScriptResource.axd?d=OpbyJn82VrEKVdnlEVtiR485niN8e2WUT7SIuD1nfkK-EEZqi3br4bqT-CtwYcBecWDrLr4L2f5FtzlAYkY6ghSQUyuvXpEeNqbZ0xObyzyaewcjsnnS0CrB7vi8o_-zWDmvy0t6Z315IskgPaYD01GdZozDYJeptmxIxVFg5kOspa9gyARv5SKzOGVZNLbb0&t=155533f4


Category: ErrorLog

Priority: 0

EventId: 90000

Severity: Error

Title:Enterprise Library Exception Handling

Machine: WINDOWS01

App Domain: /LM/W3SVC/76/ROOT-1-130935245733564865

ProcessId: 50108

Process Name: C:\Windows\SysWOW64\inetsrv\w3wp.exe

Thread Name: 

Win32 ThreadId:38044

Extended Properties: 
----------------------------------------
----------------------------------------
Timestamp: 02.12.2015 10:09:49

Message: HandlingInstanceID: f4fe2a40-31a6-4a10-9cb5-01cda570a456
An exception of type 'System.Web.HttpException' occurred and was caught.
------------------------------------------------------------------------
12/02/2015 10:09:49
Type : System.Web.HttpException, System.Web, Version=4.0.0.0, Culture=neutral, PublicKeyToken=b03f5f7f11d50a3a
Message : This is an invalid script resource request.
Source : System.Web.Extensions
Help link : 
WebEventCode : 0
ErrorCode : -2147467259
Data : System.Collections.ListDictionaryInternal
TargetSite : Void ProcessRequest(System.Web.HttpContextBase, VirtualFileReader, System.Action`2[System.String,System.Exception], Boolean)
HResult : -2147467259
Stack Trace :    at System.Web.Handlers.ScriptResourceHandler.ProcessRequest(HttpContextBase context, VirtualFileReader fileReader, Action`2 logAction, Boolean validatePath)
   at System.Web.Handlers.ScriptResourceHandler.ProcessRequest(HttpContext context)
   at System.Web.Handlers.ScriptResourceHandler.System.Web.IHttpHandler.ProcessRequest(HttpContext context)
   at System.Web.HttpApplication.CallHandlerExecutionStep.System.Web.HttpApplication.IExecutionStep.Execute()
   at System.Web.HttpApplication.ExecuteStep(IExecutionStep step, Boolean& completedSynchronously)

Additional Info:

MachineName : WINDOWS01
TimeStamp : 02.12.2015 10:09:49
FullName : Telerik.Sitefinity.Utilities, Version=5.2.3700.0, Culture=neutral, PublicKeyToken=b28c218413bdf563
AppDomainName : /LM/W3SVC/76/ROOT-1-130935245733564865
ThreadIdentity : 
WindowsIdentity : WINDOWS01\IWPD_279(oldsugar)
Requested URL : http://oldsugarmill.com/ScriptResource.axd?d=KHFIP-H_kxgKyOQTTHgV6tSfPw_lDlHRwhSzQTvhv-BVEn6ai5HMy5NibnYTmzdQE_yEP0W2vXG8ndVpa4QfIQ2


Category: ErrorLog

Priority: 0

EventId: 90000

Severity: Error

Title:Enterprise Library Exception Handling

Machine: WINDOWS01

App Domain: /LM/W3SVC/76/ROOT-1-130935245733564865

ProcessId: 50108

Process Name: C:\Windows\SysWOW64\inetsrv\w3wp.exe

Thread Name: 

Win32 ThreadId:38044

Extended Properties: 
----------------------------------------
----------------------------------------
Timestamp: 02.12.2015 10:09:49

Message: HandlingInstanceID: 48761237-c6aa-4322-9a4e-948f875abe1e
An exception of type 'System.Web.HttpException' occurred and was caught.
------------------------------------------------------------------------
12/02/2015 10:09:49
Type : System.Web.HttpException, System.Web, Version=4.0.0.0, Culture=neutral, PublicKeyToken=b03f5f7f11d50a3a
Message : This is an invalid script resource request.
Source : System.Web.Extensions
Help link : 
WebEventCode : 0
ErrorCode : -2147467259
Data : System.Collections.ListDictionaryInternal
TargetSite : Void ProcessRequest(System.Web.HttpContextBase, VirtualFileReader, System.Action`2[System.String,System.Exception], Boolean)
HResult : -2147467259
Stack Trace :    at System.Web.Handlers.ScriptResourceHandler.ProcessRequest(HttpContextBase context, VirtualFileReader fileReader, Action`2 logAction, Boolean validatePath)
   at System.Web.Handlers.ScriptResourceHandler.ProcessRequest(HttpContext context)
   at System.Web.Handlers.ScriptResourceHandler.System.Web.IHttpHandler.ProcessRequest(HttpContext context)
   at System.Web.HttpApplication.CallHandlerExecutionStep.System.Web.HttpApplication.IExecutionStep.Execute()
   at System.Web.HttpApplication.ExecuteStep(IExecutionStep step, Boolean& completedSynchronously)

Additional Info:

MachineName : WINDOWS01
TimeStamp : 02.12.2015 10:09:49
FullName : Telerik.Sitefinity.Utilities, Version=5.2.3700.0, Culture=neutral, PublicKeyToken=b28c218413bdf563
AppDomainName : /LM/W3SVC/76/ROOT-1-130935245733564865
ThreadIdentity : 
WindowsIdentity : WINDOWS01\IWPD_279(oldsugar)
Requested URL : http://oldsugarmill.com/ScriptResource.axd?d=KHFIP-H_kxgKyOQTTHgV6tSfPw_lDlHRwhSzQTvhv-BVEn6ai5HMy5NibnYTmzdQE_yEP0W2vXG8ndVpa4QfIQ2


Category: ErrorLog

Priority: 0

EventId: 90000

Severity: Error

Title:Enterprise Library Exception Handling

Machine: WINDOWS01

App Domain: /LM/W3SVC/76/ROOT-1-130935245733564865

ProcessId: 50108

Process Name: C:\Windows\SysWOW64\inetsrv\w3wp.exe

Thread Name: 

Win32 ThreadId:55508

Extended Properties: 
----------------------------------------
----------------------------------------
Timestamp: 12/2/2015 5:07:06 PM

Message: HandlingInstanceID: 809422fe-8d78-435b-9334-67eb4dae618a
An exception of type 'System.Web.HttpException' occurred and was caught.
------------------------------------------------------------------------
12/02/2015 17:07:06
Type : System.Web.HttpException, System.Web, Version=4.0.0.0, Culture=neutral, PublicKeyToken=b03f5f7f11d50a3a
Message : The requested page doesn't exist or you do not have sufficient privileges to view it.
Source : Telerik.Sitefinity
Help link : 
WebEventCode : 0
ErrorCode : -2147467259
Data : System.Collections.ListDictionaryInternal
TargetSite : Boolean ProcessRedirects(System.Web.HttpContextBase, Telerik.Sitefinity.Web.PageSiteNode ByRef, Boolean, System.String[])
HResult : -2147467259
Stack Trace :    at Telerik.Sitefinity.Web.SitefinityRoute.ProcessRedirects(HttpContextBase httpContext, PageSiteNode& node, Boolean isAdditionalUrl, String[] urlParams)
   at Telerik.Sitefinity.Web.SitefinityRoute.GetRouteData(HttpContextBase httpContext)
   at System.Web.Routing.RouteCollection.GetRouteData(HttpContextBase httpContext)
   at System.Web.Routing.UrlRoutingModule.PostResolveRequestCache(HttpContextBase context)
   at System.Web.Routing.UrlRoutingModule.OnApplicationPostResolveRequestCache(Object sender, EventArgs e)
   at System.Web.HttpApplication.SyncEventExecutionStep.System.Web.HttpApplication.IExecutionStep.Execute()
   at System.Web.HttpApplication.ExecuteStep(IExecutionStep step, Boolean& completedSynchronously)

Additional Info:

MachineName : WINDOWS01
TimeStamp : 12/2/2015 5:07:06 PM
FullName : Telerik.Sitefinity.Utilities, Version=5.2.3700.0, Culture=neutral, PublicKeyToken=b28c218413bdf563
AppDomainName : /LM/W3SVC/76/ROOT-1-130935475031631195
ThreadIdentity : 
WindowsIdentity : WINDOWS01\IWPD_279(oldsugar)
Requested URL : http://oldsugarmill.com/topbar/about


Category: ErrorLog

Priority: 0

EventId: 90000

Severity: Error

Title:Enterprise Library Exception Handling

Machine: WINDOWS01

App Domain: /LM/W3SVC/76/ROOT-1-130935475031631195

ProcessId: 50572

Process Name: C:\Windows\SysWOW64\inetsrv\w3wp.exe

Thread Name: 

Win32 ThreadId:52008

Extended Properties: 
----------------------------------------
----------------------------------------
Timestamp: 02/12/2015 19:50:12

Message: HandlingInstanceID: 48c5669f-e4ff-45f7-8e92-5099789a20cb
An exception of type 'System.Web.HttpException' occurred and was caught.
------------------------------------------------------------------------
12/02/2015 19:50:12
Type : System.Web.HttpException, System.Web, Version=4.0.0.0, Culture=neutral, PublicKeyToken=b03f5f7f11d50a3a
Message : This is an invalid script resource request.
Source : System.Web.Extensions
Help link : 
WebEventCode : 0
ErrorCode : -2147467259
Data : System.Collections.ListDictionaryInternal
TargetSite : Void ProcessRequest(System.Web.HttpContextBase, VirtualFileReader, System.Action`2[System.String,System.Exception], Boolean)
HResult : -2147467259
Stack Trace :    at System.Web.Handlers.ScriptResourceHandler.ProcessRequest(HttpContextBase context, VirtualFileReader fileReader, Action`2 logAction, Boolean validatePath)
   at System.Web.Handlers.ScriptResourceHandler.ProcessRequest(HttpContext context)
   at System.Web.Handlers.ScriptResourceHandler.System.Web.IHttpHandler.ProcessRequest(HttpContext context)
   at System.Web.HttpApplication.CallHandlerExecutionStep.System.Web.HttpApplication.IExecutionStep.Execute()
   at System.Web.HttpApplication.ExecuteStep(IExecutionStep step, Boolean& completedSynchronously)

Additional Info:

MachineName : WINDOWS01
TimeStamp : 02/12/2015 19:50:12
FullName : Telerik.Sitefinity.Utilities, Version=5.2.3700.0, Culture=neutral, PublicKeyToken=b28c218413bdf563
AppDomainName : /LM/W3SVC/76/ROOT-1-130935587209349414
ThreadIdentity : 
WindowsIdentity : WINDOWS01\IWPD_279(oldsugar)
Requested URL : http://oldsugarmill.com/ScriptResource.axd?d=lqdTSDi-fowFu24sjQQQFrBEhSvaH4980Iw2C95qJX1-E25z5KlJkTGxuy-p9V4MUSmiNgzFaPU1ncNREnyOw8d1-mMEjrhenG9muu3BEOgMqklEdWGdWmLzYdYkz8MRxW1nT_GtIhbS7Y2WSJvSCX3HamK8cM2K2wi-utIM4yFDhP4B2Yya3NCdg3j9Az1c0&t=155533f4


Category: ErrorLog

Priority: 0

EventId: 90000

Severity: Error

Title:Enterprise Library Exception Handling

Machine: WINDOWS01

App Domain: /LM/W3SVC/76/ROOT-1-130935587209349414

ProcessId: 25292

Process Name: C:\Windows\SysWOW64\inetsrv\w3wp.exe

Thread Name: 

Win32 ThreadId:30576

Extended Properties: 
----------------------------------------
----------------------------------------
Timestamp: 02/12/2015 19:50:13

Message: HandlingInstanceID: 82dc5a30-ad87-4dcc-b257-0fa1ffd18fa3
An exception of type 'System.Web.HttpException' occurred and was caught.
------------------------------------------------------------------------
12/02/2015 19:50:13
Type : System.Web.HttpException, System.Web, Version=4.0.0.0, Culture=neutral, PublicKeyToken=b03f5f7f11d50a3a
Message : This is an invalid webresource request.
Source : System.Web
Help link : 
WebEventCode : 0
ErrorCode : -2147467259
Data : System.Collections.ListDictionaryInternal
TargetSite : Void System.Web.IHttpHandler.ProcessRequest(System.Web.HttpContext)
HResult : -2147467259
Stack Trace :    at System.Web.Handlers.AssemblyResourceLoader.System.Web.IHttpHandler.ProcessRequest(HttpContext context)
   at System.Web.HttpApplication.CallHandlerExecutionStep.System.Web.HttpApplication.IExecutionStep.Execute()
   at System.Web.HttpApplication.ExecuteStep(IExecutionStep step, Boolean& completedSynchronously)

Additional Info:

MachineName : WINDOWS01
TimeStamp : 02/12/2015 19:50:13
FullName : Telerik.Sitefinity.Utilities, Version=5.2.3700.0, Culture=neutral, PublicKeyToken=b28c218413bdf563
AppDomainName : /LM/W3SVC/76/ROOT-1-130935587209349414
ThreadIdentity : 
WindowsIdentity : WINDOWS01\IWPD_279(oldsugar)
Requested URL : http://oldsugarmill.com/WebResource.axd?d=iIFMzCpLawxbupKhhZzWdwDc0uwQJ-yBtwtoHArYCcZ8aNhkBbAPHWlWsCT8NtdOuv8g0_aPHc8Dw8fQgMk2DQlkrv2oxPbum6VqFW1Hd5w1&t=635793053982061497


Category: ErrorLog

Priority: 0

EventId: 90000

Severity: Error

Title:Enterprise Library Exception Handling

Machine: WINDOWS01

App Domain: /LM/W3SVC/76/ROOT-1-130935587209349414

ProcessId: 25292

Process Name: C:\Windows\SysWOW64\inetsrv\w3wp.exe

Thread Name: 

Win32 ThreadId:42848

Extended Properties: 
----------------------------------------
----------------------------------------
Timestamp: 02/12/2015 19:50:14

Message: HandlingInstanceID: e806a21a-de0d-487c-bbe3-165670cd8940
An exception of type 'System.Web.HttpException' occurred and was caught.
------------------------------------------------------------------------
12/02/2015 19:50:14
Type : System.Web.HttpException, System.Web, Version=4.0.0.0, Culture=neutral, PublicKeyToken=b03f5f7f11d50a3a
Message : This is an invalid script resource request.
Source : System.Web.Extensions
Help link : 
WebEventCode : 0
ErrorCode : -2147467259
Data : System.Collections.ListDictionaryInternal
TargetSite : Void ProcessRequest(System.Web.HttpContextBase, VirtualFileReader, System.Action`2[System.String,System.Exception], Boolean)
HResult : -2147467259
Stack Trace :    at System.Web.Handlers.ScriptResourceHandler.ProcessRequest(HttpContextBase context, VirtualFileReader fileReader, Action`2 logAction, Boolean validatePath)
   at System.Web.Handlers.ScriptResourceHandler.ProcessRequest(HttpContext context)
   at System.Web.Handlers.ScriptResourceHandler.System.Web.IHttpHandler.ProcessRequest(HttpContext context)
   at System.Web.HttpApplication.CallHandlerExecutionStep.System.Web.HttpApplication.IExecutionStep.Execute()
   at System.Web.HttpApplication.ExecuteStep(IExecutionStep step, Boolean& completedSynchronously)

Additional Info:

MachineName : WINDOWS01
TimeStamp : 02/12/2015 19:50:14
FullName : Telerik.Sitefinity.Utilities, Version=5.2.3700.0, Culture=neutral, PublicKeyToken=b28c218413bdf563
AppDomainName : /LM/W3SVC/76/ROOT-1-130935587209349414
ThreadIdentity : 
WindowsIdentity : WINDOWS01\IWPD_279(oldsugar)
Requested URL : http://oldsugarmill.com/ScriptResource.axd?d=qvl3dhqcaRiv7E7BjL-gc1pC1czQGXAhh24KBBKF4DijkCGEU7Sw4gEzo6pk7rv9vFiGmwcssD_rQ4dlFmoYvonWR6oKFKzHNwJKC1en9PM0FubJHlIx_cHbVQGN-glvAf8ELeWm9lWgnYnP1KqUvERAeNdAbYKWHK0u47hULaotSTnzfxdwdCUGJPtoPDa2kchU9DqhH22_njq5YbZ_eg2&t=155533f4


Category: ErrorLog

Priority: 0

EventId: 90000

Severity: Error

Title:Enterprise Library Exception Handling

Machine: WINDOWS01

App Domain: /LM/W3SVC/76/ROOT-1-130935587209349414

ProcessId: 25292

Process Name: C:\Windows\SysWOW64\inetsrv\w3wp.exe

Thread Name: 

Win32 ThreadId:41776

Extended Properties: 
----------------------------------------
----------------------------------------
Timestamp: 02/12/2015 19:50:18

Message: HandlingInstanceID: f4449c00-8b16-4f1c-8edd-dde8ae938576
An exception of type 'System.Web.HttpException' occurred and was caught.
------------------------------------------------------------------------
12/02/2015 19:50:18
Type : System.Web.HttpException, System.Web, Version=4.0.0.0, Culture=neutral, PublicKeyToken=b03f5f7f11d50a3a
Message : This is an invalid webresource request.
Source : System.Web
Help link : 
WebEventCode : 0
ErrorCode : -2147467259
Data : System.Collections.ListDictionaryInternal
TargetSite : Void System.Web.IHttpHandler.ProcessRequest(System.Web.HttpContext)
HResult : -2147467259
Stack Trace :    at System.Web.Handlers.AssemblyResourceLoader.System.Web.IHttpHandler.ProcessRequest(HttpContext context)
   at System.Web.HttpApplication.CallHandlerExecutionStep.System.Web.HttpApplication.IExecutionStep.Execute()
   at System.Web.HttpApplication.ExecuteStep(IExecutionStep step, Boolean& completedSynchronously)

Additional Info:

MachineName : WINDOWS01
TimeStamp : 02/12/2015 19:50:18
FullName : Telerik.Sitefinity.Utilities, Version=5.2.3700.0, Culture=neutral, PublicKeyToken=b28c218413bdf563
AppDomainName : /LM/W3SVC/76/ROOT-1-130935587209349414
ThreadIdentity : 
WindowsIdentity : WINDOWS01\IWPD_279(oldsugar)
Requested URL : http://oldsugarmill.com/WebResource.axd?d=iIFMzCpLawxbupKhhZzWdwDc0uwQJ-yBtwtoHArYCcZ8aNhkBbAPHWlWsCT8NtdOuv8g0_aPHc8Dw8fQgMk2DQlkrv2oxPbum6VqFW1Hd5w1&t=635793053982061497


Category: ErrorLog

Priority: 0

EventId: 90000

Severity: Error

Title:Enterprise Library Exception Handling

Machine: WINDOWS01

App Domain: /LM/W3SVC/76/ROOT-1-130935587209349414

ProcessId: 25292

Process Name: C:\Windows\SysWOW64\inetsrv\w3wp.exe

Thread Name: 

Win32 ThreadId:46232

Extended Properties: 
----------------------------------------
