----------------------------------------
Timestamp: 2/2/2015 12:58:11 AM

Message: HandlingInstanceID: 66ec4636-3a3e-46ee-a1bd-4c44ff21759e
An exception of type 'System.Web.HttpException' occurred and was caught.
------------------------------------------------------------------------
02/02/2015 00:58:11
Type : System.Web.HttpException, System.Web, Version=4.0.0.0, Culture=neutral, PublicKeyToken=b03f5f7f11d50a3a
Message : Request timed out.
Source : 
Help link : 
WebEventCode : 3001
ErrorCode : -2147467259
Data : System.Collections.ListDictionaryInternal
TargetSite : 
HResult : -2147467259
Stack Trace : The stack trace is unavailable.
Additional Info:

MachineName : WEB03
TimeStamp : 2/2/2015 12:58:11 AM
FullName : Telerik.Sitefinity.Utilities, Version=5.2.3700.0, Culture=neutral, PublicKeyToken=b28c218413bdf563
AppDomainName : /LM/W3SVC/124/ROOT-1-130673083081718750
ThreadIdentity : 
WindowsIdentity : SWBROADBAND\oldsugar
Requested URL : http://www.oldsugarmill.com/images/default-source/default-album/sugarmill-rooms-2101235065-o.jpg?sfvrsn=0


Category: ErrorLog

Priority: 0

EventId: 90000

Severity: Error

Title:Enterprise Library Exception Handling

Machine: WEB03

App Domain: /LM/W3SVC/124/ROOT-1-130673083081718750

ProcessId: 9096

Process Name: C:\Windows\SysWOW64\inetsrv\w3wp.exe

Thread Name: 

Win32 ThreadId:6024

Extended Properties: 
----------------------------------------
----------------------------------------
Timestamp: 02/02/2015 01:52:52

Message: HandlingInstanceID: bc70eb1e-704d-41bf-b229-41474bcbf335
An exception of type 'System.Web.HttpException' occurred and was caught.
------------------------------------------------------------------------
02/02/2015 01:52:52
Type : System.Web.HttpException, System.Web, Version=4.0.0.0, Culture=neutral, PublicKeyToken=b03f5f7f11d50a3a
Message : This is an invalid webresource request.
Source : System.Web
Help link : 
WebEventCode : 0
ErrorCode : -2147467259
Data : System.Collections.ListDictionaryInternal
TargetSite : Void System.Web.IHttpHandler.ProcessRequest(System.Web.HttpContext)
HResult : -2147467259
Stack Trace :    at System.Web.Handlers.AssemblyResourceLoader.System.Web.IHttpHandler.ProcessRequest(HttpContext context)
   at System.Web.HttpApplication.CallHandlerExecutionStep.System.Web.HttpApplication.IExecutionStep.Execute()
   at System.Web.HttpApplication.ExecuteStep(IExecutionStep step, Boolean& completedSynchronously)

Additional Info:

MachineName : WEB03
TimeStamp : 02/02/2015 01:52:52
FullName : Telerik.Sitefinity.Utilities, Version=5.2.3700.0, Culture=neutral, PublicKeyToken=b28c218413bdf563
AppDomainName : /LM/W3SVC/124/ROOT-1-130673083081718750
ThreadIdentity : 
WindowsIdentity : SWBROADBAND\oldsugar
Requested URL : http://oldsugarmill.swbroadband.co.uk/webresource.axd?d=fti4jgp4_rksvyze-kd5dpib-tkzfph_7lxphu3-dskxwxvmg88ca7dpanofuxwalfirob28m301gwaznmbf1wyfdyj4moeh8k9_kfvo92m1&amp;t=635418570520000000


Category: ErrorLog

Priority: 0

EventId: 90000

Severity: Error

Title:Enterprise Library Exception Handling

Machine: WEB03

App Domain: /LM/W3SVC/124/ROOT-1-130673083081718750

ProcessId: 9096

Process Name: C:\Windows\SysWOW64\inetsrv\w3wp.exe

Thread Name: 

Win32 ThreadId:6828

Extended Properties: 
----------------------------------------
----------------------------------------
Timestamp: 02/02/2015 02:25:13

Message: HandlingInstanceID: 14a94256-0468-4c9c-8634-934435de8aa6
An exception of type 'System.Web.HttpException' occurred and was caught.
------------------------------------------------------------------------
02/02/2015 02:25:13
Type : System.Web.HttpException, System.Web, Version=4.0.0.0, Culture=neutral, PublicKeyToken=b03f5f7f11d50a3a
Message : This is an invalid script resource request.
Source : System.Web.Extensions
Help link : 
WebEventCode : 0
ErrorCode : -2147467259
Data : System.Collections.ListDictionaryInternal
TargetSite : Void ProcessRequest(System.Web.HttpContextBase, VirtualFileReader, System.Action`2[System.String,System.Exception], Boolean)
HResult : -2147467259
Stack Trace :    at System.Web.Handlers.ScriptResourceHandler.ProcessRequest(HttpContextBase context, VirtualFileReader fileReader, Action`2 logAction, Boolean validatePath)
   at System.Web.Handlers.ScriptResourceHandler.ProcessRequest(HttpContext context)
   at System.Web.Handlers.ScriptResourceHandler.System.Web.IHttpHandler.ProcessRequest(HttpContext context)
   at System.Web.HttpApplication.CallHandlerExecutionStep.System.Web.HttpApplication.IExecutionStep.Execute()
   at System.Web.HttpApplication.ExecuteStep(IExecutionStep step, Boolean& completedSynchronously)

Additional Info:

MachineName : WEB03
TimeStamp : 02/02/2015 02:25:13
FullName : Telerik.Sitefinity.Utilities, Version=5.2.3700.0, Culture=neutral, PublicKeyToken=b28c218413bdf563
AppDomainName : /LM/W3SVC/124/ROOT-1-130673083081718750
ThreadIdentity : 
WindowsIdentity : SWBROADBAND\oldsugar
Requested URL : http://oldsugarmill.swbroadband.co.uk/scriptresource.axd?d=sqr0vj8h_wao6zv7h0o28lpcqtr5wlikraybf5xacbtb4n9kcjmcbhxfedczd737bzl0hrw2h4g_nvelc0euif8bpcpncbhu-etdr1uzs2brrm395rf4sioelgdaivmpok-f2ig81p_n6joemzrvcr3phxuzk1zoy04c965f-yelxnk4w-yhbyho8zboopjzksmefggxl3k3_lzow4p3xw2&amp;t=155533f4


Category: ErrorLog

Priority: 0

EventId: 90000

Severity: Error

Title:Enterprise Library Exception Handling

Machine: WEB03

App Domain: /LM/W3SVC/124/ROOT-1-130673083081718750

ProcessId: 9096

Process Name: C:\Windows\SysWOW64\inetsrv\w3wp.exe

Thread Name: 

Win32 ThreadId:8084

Extended Properties: 
----------------------------------------
----------------------------------------
Timestamp: 02/02/2015 02:25:14

Message: HandlingInstanceID: acd3b999-a5db-4c62-9619-89bb9f2af478
An exception of type 'System.Web.HttpException' occurred and was caught.
------------------------------------------------------------------------
02/02/2015 02:25:14
Type : System.Web.HttpException, System.Web, Version=4.0.0.0, Culture=neutral, PublicKeyToken=b03f5f7f11d50a3a
Message : This is an invalid script resource request.
Source : System.Web.Extensions
Help link : 
WebEventCode : 0
ErrorCode : -2147467259
Data : System.Collections.ListDictionaryInternal
TargetSite : Void ProcessRequest(System.Web.HttpContextBase, VirtualFileReader, System.Action`2[System.String,System.Exception], Boolean)
HResult : -2147467259
Stack Trace :    at System.Web.Handlers.ScriptResourceHandler.ProcessRequest(HttpContextBase context, VirtualFileReader fileReader, Action`2 logAction, Boolean validatePath)
   at System.Web.Handlers.ScriptResourceHandler.ProcessRequest(HttpContext context)
   at System.Web.Handlers.ScriptResourceHandler.System.Web.IHttpHandler.ProcessRequest(HttpContext context)
   at System.Web.HttpApplication.CallHandlerExecutionStep.System.Web.HttpApplication.IExecutionStep.Execute()
   at System.Web.HttpApplication.ExecuteStep(IExecutionStep step, Boolean& completedSynchronously)

Additional Info:

MachineName : WEB03
TimeStamp : 02/02/2015 02:25:14
FullName : Telerik.Sitefinity.Utilities, Version=5.2.3700.0, Culture=neutral, PublicKeyToken=b28c218413bdf563
AppDomainName : /LM/W3SVC/124/ROOT-1-130673083081718750
ThreadIdentity : 
WindowsIdentity : SWBROADBAND\oldsugar
Requested URL : http://oldsugarmill.swbroadband.co.uk/scriptresource.axd?d=b5mf-tfp91jpk4l0slxdwl1lfbq9kxj45c9kz1iirt_qngf4jtmgeipesm1vntkdyzdfmsyftzx5gethy5dkqdpndm_nxsv01zdro3u5xvftxrs6ttufhab6cn4yovzqbwlqgtufi06k2fe6nxgxon_ojmblde5hjlqecqjwyn0z0-tqd2yvjv1h-ozxkzfg0&amp;t=155533f4


Category: ErrorLog

Priority: 0

EventId: 90000

Severity: Error

Title:Enterprise Library Exception Handling

Machine: WEB03

App Domain: /LM/W3SVC/124/ROOT-1-130673083081718750

ProcessId: 9096

Process Name: C:\Windows\SysWOW64\inetsrv\w3wp.exe

Thread Name: 

Win32 ThreadId:9220

Extended Properties: 
----------------------------------------
----------------------------------------
Timestamp: 2/2/2015 4:20:20 AM

Message: HandlingInstanceID: 54ff0894-77a7-4aca-a4c5-1515b1974995
An exception of type 'System.Web.HttpException' occurred and was caught.
------------------------------------------------------------------------
02/02/2015 04:20:20
Type : System.Web.HttpException, System.Web, Version=4.0.0.0, Culture=neutral, PublicKeyToken=b03f5f7f11d50a3a
Message : Request timed out.
Source : 
Help link : 
WebEventCode : 3001
ErrorCode : -2147467259
Data : System.Collections.ListDictionaryInternal
TargetSite : 
HResult : -2147467259
Stack Trace : The stack trace is unavailable.
Additional Info:

MachineName : WEB03
TimeStamp : 2/2/2015 4:20:20 AM
FullName : Telerik.Sitefinity.Utilities, Version=5.2.3700.0, Culture=neutral, PublicKeyToken=b28c218413bdf563
AppDomainName : /LM/W3SVC/124/ROOT-1-130673205042656250
ThreadIdentity : 
WindowsIdentity : SWBROADBAND\oldsugar
Requested URL : http://www.oldsugarmill.com/images/default-source/default-album/osm_weddingpage_content.png?sfvrsn=0


Category: ErrorLog

Priority: 0

EventId: 90000

Severity: Error

Title:Enterprise Library Exception Handling

Machine: WEB03

App Domain: /LM/W3SVC/124/ROOT-1-130673205042656250

ProcessId: 5788

Process Name: C:\Windows\SysWOW64\inetsrv\w3wp.exe

Thread Name: 

Win32 ThreadId:8144

Extended Properties: 
----------------------------------------
----------------------------------------
Timestamp: 02/02/2015 05:45:59

Message: HandlingInstanceID: e52c20a7-0946-48d1-84d1-59e727c81227
An exception of type 'System.Web.HttpException' occurred and was caught.
------------------------------------------------------------------------
02/02/2015 05:45:59
Type : System.Web.HttpException, System.Web, Version=4.0.0.0, Culture=neutral, PublicKeyToken=b03f5f7f11d50a3a
Message : This is an invalid script resource request.
Source : System.Web.Extensions
Help link : 
WebEventCode : 0
ErrorCode : -2147467259
Data : System.Collections.ListDictionaryInternal
TargetSite : Void ProcessRequest(System.Web.HttpContextBase, VirtualFileReader, System.Action`2[System.String,System.Exception], Boolean)
HResult : -2147467259
Stack Trace :    at System.Web.Handlers.ScriptResourceHandler.ProcessRequest(HttpContextBase context, VirtualFileReader fileReader, Action`2 logAction, Boolean validatePath)
   at System.Web.Handlers.ScriptResourceHandler.ProcessRequest(HttpContext context)
   at System.Web.Handlers.ScriptResourceHandler.System.Web.IHttpHandler.ProcessRequest(HttpContext context)
   at System.Web.HttpApplication.CallHandlerExecutionStep.System.Web.HttpApplication.IExecutionStep.Execute()
   at System.Web.HttpApplication.ExecuteStep(IExecutionStep step, Boolean& completedSynchronously)

Additional Info:

MachineName : WEB03
TimeStamp : 02/02/2015 05:45:59
FullName : Telerik.Sitefinity.Utilities, Version=5.2.3700.0, Culture=neutral, PublicKeyToken=b28c218413bdf563
AppDomainName : /LM/W3SVC/124/ROOT-1-130673291532187500
ThreadIdentity : 
WindowsIdentity : SWBROADBAND\oldsugar
Requested URL : http://www.oldsugarmill.com/ScriptResource.axd?d=VNIZOW3BeJqR3bf9HcaB9aNkcSPkFSGYwyHGz7JHgoSynG4MZYDbX-EXxYV_801BgOXb-7y6R2UwqgQsJIPCJ_CwkiyQ4g2B86p03mA0Gp4ztuClyLVp4bOhNqMJLpXvn2C1A58lWpcHmbG4gRFeBDcwuUZ5lQjJPRm2KRg5dEIWVHk_0yHAsQ7Zlmzpcfbf21p612EPg-zet4wUpOy0mA2&t=155533f4


Category: ErrorLog

Priority: 0

EventId: 90000

Severity: Error

Title:Enterprise Library Exception Handling

Machine: WEB03

App Domain: /LM/W3SVC/124/ROOT-1-130673291532187500

ProcessId: 5180

Process Name: C:\Windows\SysWOW64\inetsrv\w3wp.exe

Thread Name: 

Win32 ThreadId:8016

Extended Properties: 
----------------------------------------
----------------------------------------
Timestamp: 02/02/2015 05:46:00

Message: HandlingInstanceID: 3c14f09a-069d-4f08-a9f4-6ca65c1f30b5
An exception of type 'System.Web.HttpException' occurred and was caught.
------------------------------------------------------------------------
02/02/2015 05:46:00
Type : System.Web.HttpException, System.Web, Version=4.0.0.0, Culture=neutral, PublicKeyToken=b03f5f7f11d50a3a
Message : This is an invalid script resource request.
Source : System.Web.Extensions
Help link : 
WebEventCode : 0
ErrorCode : -2147467259
Data : System.Collections.ListDictionaryInternal
TargetSite : Void ProcessRequest(System.Web.HttpContextBase, VirtualFileReader, System.Action`2[System.String,System.Exception], Boolean)
HResult : -2147467259
Stack Trace :    at System.Web.Handlers.ScriptResourceHandler.ProcessRequest(HttpContextBase context, VirtualFileReader fileReader, Action`2 logAction, Boolean validatePath)
   at System.Web.Handlers.ScriptResourceHandler.ProcessRequest(HttpContext context)
   at System.Web.Handlers.ScriptResourceHandler.System.Web.IHttpHandler.ProcessRequest(HttpContext context)
   at System.Web.HttpApplication.CallHandlerExecutionStep.System.Web.HttpApplication.IExecutionStep.Execute()
   at System.Web.HttpApplication.ExecuteStep(IExecutionStep step, Boolean& completedSynchronously)

Additional Info:

MachineName : WEB03
TimeStamp : 02/02/2015 05:46:00
FullName : Telerik.Sitefinity.Utilities, Version=5.2.3700.0, Culture=neutral, PublicKeyToken=b28c218413bdf563
AppDomainName : /LM/W3SVC/124/ROOT-1-130673291532187500
ThreadIdentity : 
WindowsIdentity : SWBROADBAND\oldsugar
Requested URL : http://www.oldsugarmill.com/ScriptResource.axd?d=iiKc7UiCe2gs7iaTu-yely1JJ5Stod8Z5RUdrkb-ieZgU1DuGdtKsfbK2gHBe0MnEWc624e5DkaRwrX-3u9OJW85oucHxG0D5jAq8rSecpd6C8dzS6qdGOZ0G7D-_25KFkSJHMyHKVIyEVNnoOzCkR0DAWhA4P758aOb5gyGPYc6ETjaLaM3VId8wb7rDN-N0&t=155533f4


Category: ErrorLog

Priority: 0

EventId: 90000

Severity: Error

Title:Enterprise Library Exception Handling

Machine: WEB03

App Domain: /LM/W3SVC/124/ROOT-1-130673291532187500

ProcessId: 5180

Process Name: C:\Windows\SysWOW64\inetsrv\w3wp.exe

Thread Name: 

Win32 ThreadId:9016

Extended Properties: 
----------------------------------------
----------------------------------------
Timestamp: 02/02/2015 05:46:00

Message: HandlingInstanceID: 705a4a9a-285a-4092-a76c-2017369cf15b
An exception of type 'System.Web.HttpException' occurred and was caught.
------------------------------------------------------------------------
02/02/2015 05:46:00
Type : System.Web.HttpException, System.Web, Version=4.0.0.0, Culture=neutral, PublicKeyToken=b03f5f7f11d50a3a
Message : This is an invalid webresource request.
Source : System.Web
Help link : 
WebEventCode : 0
ErrorCode : -2147467259
Data : System.Collections.ListDictionaryInternal
TargetSite : Void System.Web.IHttpHandler.ProcessRequest(System.Web.HttpContext)
HResult : -2147467259
Stack Trace :    at System.Web.Handlers.AssemblyResourceLoader.System.Web.IHttpHandler.ProcessRequest(HttpContext context)
   at System.Web.HttpApplication.CallHandlerExecutionStep.System.Web.HttpApplication.IExecutionStep.Execute()
   at System.Web.HttpApplication.ExecuteStep(IExecutionStep step, Boolean& completedSynchronously)

Additional Info:

MachineName : WEB03
TimeStamp : 02/02/2015 05:46:00
FullName : Telerik.Sitefinity.Utilities, Version=5.2.3700.0, Culture=neutral, PublicKeyToken=b28c218413bdf563
AppDomainName : /LM/W3SVC/124/ROOT-1-130673291532187500
ThreadIdentity : 
WindowsIdentity : SWBROADBAND\oldsugar
Requested URL : http://www.oldsugarmill.com/WebResource.axd?d=KN16shwTVSEgs-9ay4IWhg-NaA8iCDr-uMbrMoYuXuE6hco4GaL2XN9ABSRaeWR1zjHFaWJ64gQetTn6AQj6-eDje9QJLfJUvFlmZE7nVM41&t=635418570520000000


Category: ErrorLog

Priority: 0

EventId: 90000

Severity: Error

Title:Enterprise Library Exception Handling

Machine: WEB03

App Domain: /LM/W3SVC/124/ROOT-1-130673291532187500

ProcessId: 5180

Process Name: C:\Windows\SysWOW64\inetsrv\w3wp.exe

Thread Name: 

Win32 ThreadId:9080

Extended Properties: 
----------------------------------------
----------------------------------------
Timestamp: 02/02/2015 12:53:02

Message: HandlingInstanceID: fb202d94-75ac-4eb3-b18f-0eeac4347e76
An exception of type 'System.Web.HttpException' occurred and was caught.
------------------------------------------------------------------------
02/02/2015 12:53:02
Type : System.Web.HttpException, System.Web, Version=4.0.0.0, Culture=neutral, PublicKeyToken=b03f5f7f11d50a3a
Message : A potentially dangerous Request.Path value was detected from the client (?).
Source : System.Web
Help link : 
WebEventCode : 0
ErrorCode : -2147467259
Data : System.Collections.ListDictionaryInternal
TargetSite : Void ValidateInputIfRequiredByConfig()
HResult : -2147467259
Stack Trace :    at System.Web.HttpRequest.ValidateInputIfRequiredByConfig()
   at System.Web.HttpApplication.PipelineStepManager.ValidateHelper(HttpContext context)

Additional Info:

MachineName : WEB03
TimeStamp : 02/02/2015 12:53:02
FullName : Telerik.Sitefinity.Utilities, Version=5.2.3700.0, Culture=neutral, PublicKeyToken=b28c218413bdf563
AppDomainName : /LM/W3SVC/124/ROOT-1-130673525088437500
ThreadIdentity : 
WindowsIdentity : SWBROADBAND\oldsugar
Requested URL : http://oldsugarmill.swbroadband.co.uk/images/default-source/default-album/bike-rack.jpg%3Fsfvrsn=0


Category: ErrorLog

Priority: 0

EventId: 90000

Severity: Error

Title:Enterprise Library Exception Handling

Machine: WEB03

App Domain: /LM/W3SVC/124/ROOT-1-130673525088437500

ProcessId: 5292

Process Name: C:\Windows\SysWOW64\inetsrv\w3wp.exe

Thread Name: 

Win32 ThreadId:5004

Extended Properties: 
----------------------------------------
----------------------------------------
Timestamp: 2/2/2015 2:26:05 PM

Message: HandlingInstanceID: 8a6b0c69-9435-4d63-a0dc-a1bfdb3ff24f
An exception of type 'System.Web.HttpException' occurred and was caught.
------------------------------------------------------------------------
02/02/2015 14:26:05
Type : System.Web.HttpException, System.Web, Version=4.0.0.0, Culture=neutral, PublicKeyToken=b03f5f7f11d50a3a
Message : Page not found
Source : Telerik.Sitefinity
Help link : 
WebEventCode : 0
ErrorCode : -2147467259
Data : System.Collections.ListDictionaryInternal
TargetSite : Void handler_PreRenderComplete(System.Object, System.EventArgs)
HResult : -2147467259
Stack Trace :    at Telerik.Sitefinity.Web.PageRouteHandler.handler_PreRenderComplete(Object sender, EventArgs e)
   at System.EventHandler.Invoke(Object sender, EventArgs e)
   at System.Web.UI.Page.OnPreRenderComplete(EventArgs e)
   at System.Web.UI.Page.ProcessRequestMain(Boolean includeStagesBeforeAsyncPoint, Boolean includeStagesAfterAsyncPoint)

Additional Info:

MachineName : WEB03
TimeStamp : 2/2/2015 2:26:05 PM
FullName : Telerik.Sitefinity.Utilities, Version=5.2.3700.0, Culture=neutral, PublicKeyToken=b28c218413bdf563
AppDomainName : /LM/W3SVC/124/ROOT-1-130673576284687500
ThreadIdentity : 
WindowsIdentity : SWBROADBAND\oldsugar
Requested URL : http://www.oldsugarmill.com/topbar/events/port-wine-chocolate/food-chocolate-info


Category: ErrorLog

Priority: 0

EventId: 90000

Severity: Error

Title:Enterprise Library Exception Handling

Machine: WEB03

App Domain: /LM/W3SVC/124/ROOT-1-130673576284687500

ProcessId: 6544

Process Name: C:\Windows\SysWOW64\inetsrv\w3wp.exe

Thread Name: 

Win32 ThreadId:9408

Extended Properties: 
----------------------------------------
----------------------------------------
Timestamp: 2/2/2015 3:34:26 PM

Message: HandlingInstanceID: 68e97dd3-8037-4936-baaa-8875239586cc
An exception of type 'System.ArgumentException' occurred and was caught.
------------------------------------------------------------------------
02/02/2015 15:34:25
Type : System.ArgumentException, mscorlib, Version=4.0.0.0, Culture=neutral, PublicKeyToken=b77a5c561934e089
Message : Item has already been added. Key in dictionary: 'Telerik.Web.SkinsAssembly'  Key being added: 'Telerik.Web.SkinsAssembly'
Source : mscorlib
Help link : 
ParamName : 
Data : System.Collections.ListDictionaryInternal
TargetSite : Void Insert(System.Object, System.Object, Boolean)
HResult : -2147024809
Stack Trace :    at System.Collections.Hashtable.Insert(Object key, Object nvalue, Boolean add)
   at System.Collections.Hashtable.Add(Object key, Object value)
   at System.Collections.Specialized.NameObjectCollectionBase.BaseAdd(String name, Object value)
   at System.Collections.Specialized.NameObjectCollectionBase.BaseSet(String name, Object value)
   at System.Collections.Specialized.NameValueCollection.Set(String name, String value)
   at Telerik.Web.SkinRegistrar.GetDefaultSkinsAssemblyName()
   at Telerik.Web.SkinRegistrar.GetAllEmbeddedSkinAttributes(RadSkinManager skinManager, Type controlType)
   at Telerik.Web.SkinRegistrar.GetAllEmbeddedSkinAttributes(Type controlType, Page page, Boolean designTime)
   at Telerik.Web.UI.Common.BaseClass.GetShortControlName(Control control)
   at Telerik.Web.UI.Common.BaseClass.GetValueFromConfig(String keyFormat, Control control)
   at Telerik.Web.UI.Common.BaseClass.GetGlobalEnableEmbeddedSkins(Control control)
   at Telerik.Web.UI.RadDataBoundControl.get_EnableEmbeddedSkins()
   at Telerik.Web.UI.RadDataBoundControl.Telerik.Web.ISkinnableControl.get_EnableEmbeddedSkins()
   at Telerik.Web.SkinRegistrar.GetEmbeddedSkinAttributes(ISkinnableControl control, Type controlType, Boolean designTime)
   at Telerik.Web.UI.RadStyleSheetManager.RegisterSkinnableControl(ISkinnableControl control)
   at Telerik.Web.UI.RadDataBoundControl.RegisterCssReferences()
   at Telerik.Web.UI.RadDataBoundControl.ControlPreRender()
   at Telerik.Web.UI.RadDataBoundControl.OnPreRender(EventArgs e)
   at System.Web.UI.Control.PreRenderRecursiveInternal()
   at System.Web.UI.Control.PreRenderRecursiveInternal()
   at System.Web.UI.Control.PreRenderRecursiveInternal()
   at System.Web.UI.Control.PreRenderRecursiveInternal()
   at System.Web.UI.Control.PreRenderRecursiveInternal()
   at System.Web.UI.Control.PreRenderRecursiveInternal()
   at System.Web.UI.Control.PreRenderRecursiveInternal()
   at System.Web.UI.Control.PreRenderRecursiveInternal()
   at System.Web.UI.Control.PreRenderRecursiveInternal()
   at System.Web.UI.Control.PreRenderRecursiveInternal()
   at System.Web.UI.Page.ProcessRequestMain(Boolean includeStagesBeforeAsyncPoint, Boolean includeStagesAfterAsyncPoint)

Additional Info:

MachineName : WEB03
TimeStamp : 2/2/2015 3:34:25 PM
FullName : Telerik.Sitefinity.Utilities, Version=5.2.3700.0, Culture=neutral, PublicKeyToken=b28c218413bdf563
AppDomainName : /LM/W3SVC/124/ROOT-1-130673646290156250
ThreadIdentity : 
WindowsIdentity : SWBROADBAND\oldsugar
Requested URL : http://www.oldsugarmill.com/


Category: ErrorLog

Priority: 0

EventId: 90000

Severity: Error

Title:Enterprise Library Exception Handling

Machine: WEB03

App Domain: /LM/W3SVC/124/ROOT-1-130673646290156250

ProcessId: 9708

Process Name: C:\Windows\SysWOW64\inetsrv\w3wp.exe

Thread Name: 

Win32 ThreadId:6820

Extended Properties: 
----------------------------------------
----------------------------------------
Timestamp: 2/2/2015 5:23:37 PM

Message: HandlingInstanceID: 0b29e815-c27b-48a7-a6c5-949f6225ba73
An exception of type 'System.Web.HttpException' occurred and was caught.
------------------------------------------------------------------------
02/02/2015 17:23:37
Type : System.Web.HttpException, System.Web, Version=4.0.0.0, Culture=neutral, PublicKeyToken=b03f5f7f11d50a3a
Message : The remote host closed the connection. The error code is 0x80070079.
Source : System.Web
Help link : 
WebEventCode : 0
ErrorCode : -2147024775
Data : System.Collections.ListDictionaryInternal
TargetSite : Void RaiseCommunicationError(Int32, Boolean)
HResult : -2147024775
Stack Trace :    at System.Web.Hosting.IIS7WorkerRequest.RaiseCommunicationError(Int32 result, Boolean throwOnDisconnect)
   at System.Web.Hosting.IIS7WorkerRequest.ExplicitFlush()
   at System.Web.HttpResponse.Flush(Boolean finalFlush, Boolean async)
   at System.Web.HttpResponse.Flush()
   at System.Web.HttpWriter.WriteFromStream(Byte[] data, Int32 offset, Int32 size)
   at System.Web.HttpResponseStream.Write(Byte[] buffer, Int32 offset, Int32 count)
   at Telerik.Sitefinity.Modules.Libraries.Web.LibraryHttpHandler.<>c__DisplayClassd.<SendCachedResponse>b__b()
   at Telerik.Sitefinity.Modules.Libraries.Web.LibraryHttpHandler.IgnoringClosedConnection(Action action)
   at Telerik.Sitefinity.Modules.Libraries.Web.LibraryHttpHandler.SendCachedResponse(HttpRequest request, HttpResponse response, OutputItem item)
   at Telerik.Sitefinity.Modules.Libraries.Web.LibraryHttpHandler.ProcessRequest(HttpContext context)
   at System.Web.HttpApplication.CallHandlerExecutionStep.System.Web.HttpApplication.IExecutionStep.Execute()
   at System.Web.HttpApplication.ExecuteStep(IExecutionStep step, Boolean& completedSynchronously)

Additional Info:

MachineName : WEB03
TimeStamp : 2/2/2015 5:23:37 PM
FullName : Telerik.Sitefinity.Utilities, Version=5.2.3700.0, Culture=neutral, PublicKeyToken=b28c218413bdf563
AppDomainName : /LM/W3SVC/124/ROOT-1-130673646290156250
ThreadIdentity : 
WindowsIdentity : SWBROADBAND\oldsugar
Requested URL : http://www.oldsugarmill.com/images/default-source/default-album/entrance-2207661318-o---copy-(2).jpg?sfvrsn=0


Category: ErrorLog

Priority: 0

EventId: 90000

Severity: Error

Title:Enterprise Library Exception Handling

Machine: WEB03

App Domain: /LM/W3SVC/124/ROOT-1-130673646290156250

ProcessId: 9708

Process Name: C:\Windows\SysWOW64\inetsrv\w3wp.exe

Thread Name: 

Win32 ThreadId:4564

Extended Properties: 
----------------------------------------
----------------------------------------
Timestamp: 02/02/2015 18:52:01

Message: HandlingInstanceID: ba31a460-f8ec-4a56-bf64-b2e0632dc47b
An exception of type 'System.Web.HttpException' occurred and was caught.
------------------------------------------------------------------------
02/02/2015 18:52:01
Type : System.Web.HttpException, System.Web, Version=4.0.0.0, Culture=neutral, PublicKeyToken=b03f5f7f11d50a3a
Message : This is an invalid webresource request.
Source : System.Web
Help link : 
WebEventCode : 0
ErrorCode : -2147467259
Data : System.Collections.ListDictionaryInternal
TargetSite : Void System.Web.IHttpHandler.ProcessRequest(System.Web.HttpContext)
HResult : -2147467259
Stack Trace :    at System.Web.Handlers.AssemblyResourceLoader.System.Web.IHttpHandler.ProcessRequest(HttpContext context)
   at System.Web.HttpApplication.CallHandlerExecutionStep.System.Web.HttpApplication.IExecutionStep.Execute()
   at System.Web.HttpApplication.ExecuteStep(IExecutionStep step, Boolean& completedSynchronously)

Additional Info:

MachineName : WEB03
TimeStamp : 02/02/2015 18:52:01
FullName : Telerik.Sitefinity.Utilities, Version=5.2.3700.0, Culture=neutral, PublicKeyToken=b28c218413bdf563
AppDomainName : /LM/W3SVC/124/ROOT-1-130673646290156250
ThreadIdentity : 
WindowsIdentity : SWBROADBAND\oldsugar
Requested URL : http://www.oldsugarmill.com/WebResource.axd?d=-2EA8cWzgp6P4XT0CKIJ6Oo9ZyfoGXgmVKo1gmaTg9Mf02NX321R8Xz8vp6D6iI0s9nuq0vyy9FEb7A6lSyjfykNXYPiHhPpdnxVSFg5zxo1&t=635418570520000000


Category: ErrorLog

Priority: 0

EventId: 90000

Severity: Error

Title:Enterprise Library Exception Handling

Machine: WEB03

App Domain: /LM/W3SVC/124/ROOT-1-130673646290156250

ProcessId: 9708

Process Name: C:\Windows\SysWOW64\inetsrv\w3wp.exe

Thread Name: 

Win32 ThreadId:5380

Extended Properties: 
----------------------------------------
----------------------------------------
Timestamp: 02/02/2015 18:52:02

Message: HandlingInstanceID: 8d45034b-9ce3-45b6-bd28-43bf72c3ed41
An exception of type 'System.Web.HttpException' occurred and was caught.
------------------------------------------------------------------------
02/02/2015 18:52:02
Type : System.Web.HttpException, System.Web, Version=4.0.0.0, Culture=neutral, PublicKeyToken=b03f5f7f11d50a3a
Message : This is an invalid script resource request.
Source : System.Web.Extensions
Help link : 
WebEventCode : 0
ErrorCode : -2147467259
Data : System.Collections.ListDictionaryInternal
TargetSite : Void ProcessRequest(System.Web.HttpContextBase, VirtualFileReader, System.Action`2[System.String,System.Exception], Boolean)
HResult : -2147467259
Stack Trace :    at System.Web.Handlers.ScriptResourceHandler.ProcessRequest(HttpContextBase context, VirtualFileReader fileReader, Action`2 logAction, Boolean validatePath)
   at System.Web.Handlers.ScriptResourceHandler.ProcessRequest(HttpContext context)
   at System.Web.Handlers.ScriptResourceHandler.System.Web.IHttpHandler.ProcessRequest(HttpContext context)
   at System.Web.HttpApplication.CallHandlerExecutionStep.System.Web.HttpApplication.IExecutionStep.Execute()
   at System.Web.HttpApplication.ExecuteStep(IExecutionStep step, Boolean& completedSynchronously)

Additional Info:

MachineName : WEB03
TimeStamp : 02/02/2015 18:52:02
FullName : Telerik.Sitefinity.Utilities, Version=5.2.3700.0, Culture=neutral, PublicKeyToken=b28c218413bdf563
AppDomainName : /LM/W3SVC/124/ROOT-1-130673646290156250
ThreadIdentity : 
WindowsIdentity : SWBROADBAND\oldsugar
Requested URL : http://www.oldsugarmill.com/ScriptResource.axd?d=Pfh3qKl-71NC8mTE0258TrUXMiqXLZ26Q5y6rZrkA4ug1H9RekyqeRfVo0j-ey-iqJbeldijRei3epgCFF5h7crhnMllw_NCKYw16_GwBP1-zGPGDS9_T5uXJyv0wyXQfhPD6hoX-obnirfSv7MAgyauYu5sWInbvOwaIh_6Pd-SZJzSFM9cqGkakLGijS5D0&t=155533f4


Category: ErrorLog

Priority: 0

EventId: 90000

Severity: Error

Title:Enterprise Library Exception Handling

Machine: WEB03

App Domain: /LM/W3SVC/124/ROOT-1-130673646290156250

ProcessId: 9708

Process Name: C:\Windows\SysWOW64\inetsrv\w3wp.exe

Thread Name: 

Win32 ThreadId:7176

Extended Properties: 
----------------------------------------
----------------------------------------
Timestamp: 02/02/2015 18:52:02

Message: HandlingInstanceID: b588f0d3-b499-470e-8905-4fee8cf2f5ad
An exception of type 'System.Web.HttpException' occurred and was caught.
------------------------------------------------------------------------
02/02/2015 18:52:02
Type : System.Web.HttpException, System.Web, Version=4.0.0.0, Culture=neutral, PublicKeyToken=b03f5f7f11d50a3a
Message : This is an invalid script resource request.
Source : System.Web.Extensions
Help link : 
WebEventCode : 0
ErrorCode : -2147467259
Data : System.Collections.ListDictionaryInternal
TargetSite : Void ProcessRequest(System.Web.HttpContextBase, VirtualFileReader, System.Action`2[System.String,System.Exception], Boolean)
HResult : -2147467259
Stack Trace :    at System.Web.Handlers.ScriptResourceHandler.ProcessRequest(HttpContextBase context, VirtualFileReader fileReader, Action`2 logAction, Boolean validatePath)
   at System.Web.Handlers.ScriptResourceHandler.ProcessRequest(HttpContext context)
   at System.Web.Handlers.ScriptResourceHandler.System.Web.IHttpHandler.ProcessRequest(HttpContext context)
   at System.Web.HttpApplication.CallHandlerExecutionStep.System.Web.HttpApplication.IExecutionStep.Execute()
   at System.Web.HttpApplication.ExecuteStep(IExecutionStep step, Boolean& completedSynchronously)

Additional Info:

MachineName : WEB03
TimeStamp : 02/02/2015 18:52:02
FullName : Telerik.Sitefinity.Utilities, Version=5.2.3700.0, Culture=neutral, PublicKeyToken=b28c218413bdf563
AppDomainName : /LM/W3SVC/124/ROOT-1-130673646290156250
ThreadIdentity : 
WindowsIdentity : SWBROADBAND\oldsugar
Requested URL : http://www.oldsugarmill.com/ScriptResource.axd?d=AtaYhjIGVRWAOAzTkbu6wIY9DWP5GzZUHcLqQSxpZcYfqHqaLOXXeDGTZRP0Ra5gtGDwBPCO6m_u-nEgw3EXLRGTAtWz-RmHZW5nwuwIP02okF4uf9ClGTB9IO8gJj1JA41mSMoqUP_bVM8pHL-XnBcQBIvJEzBCDbJ2Vy1OhOUgKKj1HSo4VFU0dsVUDfJMENpMiQys88vGbeIWj3YicQ2&t=155533f4


Category: ErrorLog

Priority: 0

EventId: 90000

Severity: Error

Title:Enterprise Library Exception Handling

Machine: WEB03

App Domain: /LM/W3SVC/124/ROOT-1-130673646290156250

ProcessId: 9708

Process Name: C:\Windows\SysWOW64\inetsrv\w3wp.exe

Thread Name: 

Win32 ThreadId:5380

Extended Properties: 
----------------------------------------
----------------------------------------
Timestamp: 2/2/2015 7:55:41 PM

Message: HandlingInstanceID: 95269349-26f8-442b-9fd8-04a288b0e2cb
An exception of type 'System.Web.HttpException' occurred and was caught.
------------------------------------------------------------------------
02/02/2015 19:55:41
Type : System.Web.HttpException, System.Web, Version=4.0.0.0, Culture=neutral, PublicKeyToken=b03f5f7f11d50a3a
Message : Request timed out.
Source : 
Help link : 
WebEventCode : 3001
ErrorCode : -2147467259
Data : System.Collections.ListDictionaryInternal
TargetSite : 
HResult : -2147467259
Stack Trace : The stack trace is unavailable.
Additional Info:

MachineName : WEB03
TimeStamp : 2/2/2015 7:55:41 PM
FullName : Telerik.Sitefinity.Utilities, Version=5.2.3700.0, Culture=neutral, PublicKeyToken=b28c218413bdf563
AppDomainName : /LM/W3SVC/124/ROOT-1-130673646290156250
ThreadIdentity : 
WindowsIdentity : SWBROADBAND\oldsugar
Requested URL : http://www.oldsugarmill.com/images/default-source/default-album/osm_port_chocolate_2015.jpg?sfvrsn=0


Category: ErrorLog

Priority: 0

EventId: 90000

Severity: Error

Title:Enterprise Library Exception Handling

Machine: WEB03

App Domain: /LM/W3SVC/124/ROOT-1-130673646290156250

ProcessId: 9708

Process Name: C:\Windows\SysWOW64\inetsrv\w3wp.exe

Thread Name: 

Win32 ThreadId:1504

Extended Properties: 
----------------------------------------
----------------------------------------
Timestamp: 02/02/2015 20:49:53

Message: HandlingInstanceID: b445c011-746c-4bf0-a4e7-bc7c214724ce
An exception of type 'System.Web.HttpException' occurred and was caught.
------------------------------------------------------------------------
02/02/2015 20:49:53
Type : System.Web.HttpException, System.Web, Version=4.0.0.0, Culture=neutral, PublicKeyToken=b03f5f7f11d50a3a
Message : This is an invalid webresource request.
Source : System.Web
Help link : 
WebEventCode : 0
ErrorCode : -2147467259
Data : System.Collections.ListDictionaryInternal
TargetSite : Void System.Web.IHttpHandler.ProcessRequest(System.Web.HttpContext)
HResult : -2147467259
Stack Trace :    at System.Web.Handlers.AssemblyResourceLoader.System.Web.IHttpHandler.ProcessRequest(HttpContext context)
   at System.Web.HttpApplication.CallHandlerExecutionStep.System.Web.HttpApplication.IExecutionStep.Execute()
   at System.Web.HttpApplication.ExecuteStep(IExecutionStep step, Boolean& completedSynchronously)

Additional Info:

MachineName : WEB03
TimeStamp : 02/02/2015 20:49:53
FullName : Telerik.Sitefinity.Utilities, Version=5.2.3700.0, Culture=neutral, PublicKeyToken=b28c218413bdf563
AppDomainName : /LM/W3SVC/124/ROOT-1-130673646290156250
ThreadIdentity : 
WindowsIdentity : SWBROADBAND\oldsugar
Requested URL : http://www.oldsugarmill.com/WebResource.axd?d=qXNSLxZir4IFe_gGA5NjXeiYtFppr0eDNlnYIi3uvud8C7iDPqFF_xT9wPQL9ius7TeXQLgF1_qmpuYyJGei0AqvvXLfUFXTklckAk5vO0NN1SLW6E3y_x9XAZw6EtuBTowC4YgrTtObwdQgDFQo77eSZBLAcJPXe-YthN0WAnkUToaahDxxQd6oOkZXlJRK0&t=634901614949834375


Category: ErrorLog

Priority: 0

EventId: 90000

Severity: Error

Title:Enterprise Library Exception Handling

Machine: WEB03

App Domain: /LM/W3SVC/124/ROOT-1-130673646290156250

ProcessId: 9708

Process Name: C:\Windows\SysWOW64\inetsrv\w3wp.exe

Thread Name: 

Win32 ThreadId:4196

Extended Properties: 
----------------------------------------
----------------------------------------
Timestamp: 2/2/2015 8:51:11 PM

Message: HandlingInstanceID: 61ceeccb-3755-479b-b790-1d7c889e90e5
An exception of type 'System.Web.HttpException' occurred and was caught.
------------------------------------------------------------------------
02/02/2015 20:51:11
Type : System.Web.HttpException, System.Web, Version=4.0.0.0, Culture=neutral, PublicKeyToken=b03f5f7f11d50a3a
Message : The remote host closed the connection. The error code is 0x80070057.
Source : System.Web
Help link : 
WebEventCode : 0
ErrorCode : -2147024809
Data : System.Collections.ListDictionaryInternal
TargetSite : Void RaiseCommunicationError(Int32, Boolean)
HResult : -2147024809
Stack Trace :    at System.Web.Hosting.IIS7WorkerRequest.RaiseCommunicationError(Int32 result, Boolean throwOnDisconnect)
   at System.Web.Hosting.IIS7WorkerRequest.ExplicitFlush()
   at System.Web.HttpResponse.Flush(Boolean finalFlush, Boolean async)
   at System.Web.HttpResponse.Flush()
   at System.Web.HttpWriter.WriteFromStream(Byte[] data, Int32 offset, Int32 size)
   at System.Web.HttpResponseStream.Write(Byte[] buffer, Int32 offset, Int32 count)
   at Telerik.Sitefinity.Modules.Libraries.Web.LibraryHttpHandler.<>c__DisplayClassd.<SendCachedResponse>b__b()
   at Telerik.Sitefinity.Modules.Libraries.Web.LibraryHttpHandler.IgnoringClosedConnection(Action action)
   at Telerik.Sitefinity.Modules.Libraries.Web.LibraryHttpHandler.SendCachedResponse(HttpRequest request, HttpResponse response, OutputItem item)
   at Telerik.Sitefinity.Modules.Libraries.Web.LibraryHttpHandler.ProcessRequest(HttpContext context)
   at System.Web.HttpApplication.CallHandlerExecutionStep.System.Web.HttpApplication.IExecutionStep.Execute()
   at System.Web.HttpApplication.ExecuteStep(IExecutionStep step, Boolean& completedSynchronously)

Additional Info:

MachineName : WEB03
TimeStamp : 2/2/2015 8:51:11 PM
FullName : Telerik.Sitefinity.Utilities, Version=5.2.3700.0, Culture=neutral, PublicKeyToken=b28c218413bdf563
AppDomainName : /LM/W3SVC/124/ROOT-1-130673646290156250
ThreadIdentity : 
WindowsIdentity : SWBROADBAND\oldsugar
Requested URL : http://www.oldsugarmill.com/images/default-source/default-album/7-days-a-week.jpg?sfvrsn=0


Category: ErrorLog

Priority: 0

EventId: 90000

Severity: Error

Title:Enterprise Library Exception Handling

Machine: WEB03

App Domain: /LM/W3SVC/124/ROOT-1-130673646290156250

ProcessId: 9708

Process Name: C:\Windows\SysWOW64\inetsrv\w3wp.exe

Thread Name: 

Win32 ThreadId:10200

Extended Properties: 
----------------------------------------
----------------------------------------
Timestamp: 2/2/2015 8:59:26 PM

Message: HandlingInstanceID: 4a4d4f9f-6d94-415e-840d-fb9225e7eb70
An exception of type 'System.Web.HttpException' occurred and was caught.
------------------------------------------------------------------------
02/02/2015 20:59:26
Type : System.Web.HttpException, System.Web, Version=4.0.0.0, Culture=neutral, PublicKeyToken=b03f5f7f11d50a3a
Message : Page not found
Source : Telerik.Sitefinity
Help link : 
WebEventCode : 0
ErrorCode : -2147467259
Data : System.Collections.ListDictionaryInternal
TargetSite : Void handler_PreRenderComplete(System.Object, System.EventArgs)
HResult : -2147467259
Stack Trace :    at Telerik.Sitefinity.Web.PageRouteHandler.handler_PreRenderComplete(Object sender, EventArgs e)
   at System.EventHandler.Invoke(Object sender, EventArgs e)
   at System.Web.UI.Page.OnPreRenderComplete(EventArgs e)
   at System.Web.UI.Page.ProcessRequestMain(Boolean includeStagesBeforeAsyncPoint, Boolean includeStagesAfterAsyncPoint)

Additional Info:

MachineName : WEB03
TimeStamp : 2/2/2015 8:59:26 PM
FullName : Telerik.Sitefinity.Utilities, Version=5.2.3700.0, Culture=neutral, PublicKeyToken=b28c218413bdf563
AppDomainName : /LM/W3SVC/124/ROOT-1-130673646290156250
ThreadIdentity : 
WindowsIdentity : SWBROADBAND\oldsugar
Requested URL : http://oldsugarmill.swbroadband.co.uk/topbar/events/wine-cheese-faire/cart.php?a=byroe&templatefile=../../../configuration.php 


Category: ErrorLog

Priority: 0

EventId: 90000

Severity: Error

Title:Enterprise Library Exception Handling

Machine: WEB03

App Domain: /LM/W3SVC/124/ROOT-1-130673646290156250

ProcessId: 9708

Process Name: C:\Windows\SysWOW64\inetsrv\w3wp.exe

Thread Name: 

Win32 ThreadId:10112

Extended Properties: 
----------------------------------------
----------------------------------------
Timestamp: 2/2/2015 8:59:26 PM

Message: HandlingInstanceID: 80a9ecfb-9861-46bb-946d-e38c3b6c798d
An exception of type 'System.Web.HttpException' occurred and was caught.
------------------------------------------------------------------------
02/02/2015 20:59:26
Type : System.Web.HttpException, System.Web, Version=4.0.0.0, Culture=neutral, PublicKeyToken=b03f5f7f11d50a3a
Message : Page not found
Source : Telerik.Sitefinity
Help link : 
WebEventCode : 0
ErrorCode : -2147467259
Data : System.Collections.ListDictionaryInternal
TargetSite : Void handler_PreRenderComplete(System.Object, System.EventArgs)
HResult : -2147467259
Stack Trace :    at Telerik.Sitefinity.Web.PageRouteHandler.handler_PreRenderComplete(Object sender, EventArgs e)
   at System.EventHandler.Invoke(Object sender, EventArgs e)
   at System.Web.UI.Page.OnPreRenderComplete(EventArgs e)
   at System.Web.UI.Page.ProcessRequestMain(Boolean includeStagesBeforeAsyncPoint, Boolean includeStagesAfterAsyncPoint)

Additional Info:

MachineName : WEB03
TimeStamp : 2/2/2015 8:59:26 PM
FullName : Telerik.Sitefinity.Utilities, Version=5.2.3700.0, Culture=neutral, PublicKeyToken=b28c218413bdf563
AppDomainName : /LM/W3SVC/124/ROOT-1-130673646290156250
ThreadIdentity : 
WindowsIdentity : SWBROADBAND\oldsugar
Requested URL : http://oldsugarmill.swbroadband.co.uk/topbar/events/wine-cheese-faire/cart.php?a=byroe&templatefile=../../../configuration.php 


Category: ErrorLog

Priority: 0

EventId: 90000

Severity: Error

Title:Enterprise Library Exception Handling

Machine: WEB03

App Domain: /LM/W3SVC/124/ROOT-1-130673646290156250

ProcessId: 9708

Process Name: C:\Windows\SysWOW64\inetsrv\w3wp.exe

Thread Name: 

Win32 ThreadId:9800

Extended Properties: 
----------------------------------------
----------------------------------------
Timestamp: 2/2/2015 9:58:36 PM

Message: HandlingInstanceID: d5740639-2ef8-4e99-a408-cb35b5cc20a3
An exception of type 'System.Web.HttpException' occurred and was caught.
------------------------------------------------------------------------
02/02/2015 21:58:36
Type : System.Web.HttpException, System.Web, Version=4.0.0.0, Culture=neutral, PublicKeyToken=b03f5f7f11d50a3a
Message : The remote host closed the connection. The error code is 0x80070016.
Source : System.Web
Help link : 
WebEventCode : 0
ErrorCode : -2147024874
Data : System.Collections.ListDictionaryInternal
TargetSite : Void RaiseCommunicationError(Int32, Boolean)
HResult : -2147024874
Stack Trace :    at System.Web.Hosting.IIS7WorkerRequest.RaiseCommunicationError(Int32 result, Boolean throwOnDisconnect)
   at System.Web.Hosting.IIS7WorkerRequest.ExplicitFlush()
   at System.Web.HttpResponse.Flush(Boolean finalFlush, Boolean async)
   at System.Web.HttpResponse.Flush()
   at System.Web.HttpWriter.WriteFromStream(Byte[] data, Int32 offset, Int32 size)
   at System.Web.HttpResponseStream.Write(Byte[] buffer, Int32 offset, Int32 count)
   at Telerik.Sitefinity.Modules.Libraries.Web.LibraryHttpHandler.<>c__DisplayClass9.<WriteToOutput>b__7()
   at Telerik.Sitefinity.Modules.Libraries.Web.LibraryHttpHandler.IgnoringClosedConnection(Action action)
   at Telerik.Sitefinity.Modules.Libraries.Web.LibraryHttpHandler.WriteToOutput(HttpResponse response, Stream stream, Int32 bufferSize)
   at Telerik.Sitefinity.Modules.Libraries.Web.LibraryHttpHandler.SetResponseOrCacheData(HttpRequest request, MediaContent content, LibrariesManager manager, HttpResponse response, OutputItem outputItem)
   at Telerik.Sitefinity.Modules.Libraries.Web.LibraryHttpHandler.SendResponse(HttpRequest request, HttpResponse response, MediaContent content, LibrariesManager manager)
   at Telerik.Sitefinity.Modules.Libraries.Web.LibraryHttpHandler.ProcessRequest(HttpContext context)
   at System.Web.HttpApplication.CallHandlerExecutionStep.System.Web.HttpApplication.IExecutionStep.Execute()
   at System.Web.HttpApplication.ExecuteStep(IExecutionStep step, Boolean& completedSynchronously)

Additional Info:

MachineName : WEB03
TimeStamp : 2/2/2015 9:58:36 PM
FullName : Telerik.Sitefinity.Utilities, Version=5.2.3700.0, Culture=neutral, PublicKeyToken=b28c218413bdf563
AppDomainName : /LM/W3SVC/124/ROOT-1-130673646290156250
ThreadIdentity : 
WindowsIdentity : SWBROADBAND\oldsugar
Requested URL : http://www.oldsugarmill.com/images/default-source/default-album/osm_weddingpage_content.png?sfvrsn=0


Category: ErrorLog

Priority: 0

EventId: 90000

Severity: Error

Title:Enterprise Library Exception Handling

Machine: WEB03

App Domain: /LM/W3SVC/124/ROOT-1-130673646290156250

ProcessId: 9708

Process Name: C:\Windows\SysWOW64\inetsrv\w3wp.exe

Thread Name: 

Win32 ThreadId:8920

Extended Properties: 
----------------------------------------
----------------------------------------
Timestamp: 2/2/2015 10:03:28 PM

Message: HandlingInstanceID: 1340a9af-d91f-4859-b8f6-31983207979d
An exception of type 'System.Web.HttpException' occurred and was caught.
------------------------------------------------------------------------
02/02/2015 22:03:28
Type : System.Web.HttpException, System.Web, Version=4.0.0.0, Culture=neutral, PublicKeyToken=b03f5f7f11d50a3a
Message : The remote host closed the connection. The error code is 0x80070016.
Source : System.Web
Help link : 
WebEventCode : 0
ErrorCode : -2147024874
Data : System.Collections.ListDictionaryInternal
TargetSite : Void RaiseCommunicationError(Int32, Boolean)
HResult : -2147024874
Stack Trace :    at System.Web.Hosting.IIS7WorkerRequest.RaiseCommunicationError(Int32 result, Boolean throwOnDisconnect)
   at System.Web.Hosting.IIS7WorkerRequest.ExplicitFlush()
   at System.Web.HttpResponse.Flush(Boolean finalFlush, Boolean async)
   at System.Web.HttpResponse.Flush()
   at System.Web.HttpWriter.WriteFromStream(Byte[] data, Int32 offset, Int32 size)
   at System.Web.HttpResponseStream.Write(Byte[] buffer, Int32 offset, Int32 count)
   at Telerik.Sitefinity.Modules.Libraries.Web.LibraryHttpHandler.<>c__DisplayClass9.<WriteToOutput>b__7()
   at Telerik.Sitefinity.Modules.Libraries.Web.LibraryHttpHandler.IgnoringClosedConnection(Action action)
   at Telerik.Sitefinity.Modules.Libraries.Web.LibraryHttpHandler.WriteToOutput(HttpResponse response, Stream stream, Int32 bufferSize)
   at Telerik.Sitefinity.Modules.Libraries.Web.LibraryHttpHandler.SetResponseOrCacheData(HttpRequest request, MediaContent content, LibrariesManager manager, HttpResponse response, OutputItem outputItem)
   at Telerik.Sitefinity.Modules.Libraries.Web.LibraryHttpHandler.SendResponse(HttpRequest request, HttpResponse response, MediaContent content, LibrariesManager manager)
   at Telerik.Sitefinity.Modules.Libraries.Web.LibraryHttpHandler.ProcessRequest(HttpContext context)
   at System.Web.HttpApplication.CallHandlerExecutionStep.System.Web.HttpApplication.IExecutionStep.Execute()
   at System.Web.HttpApplication.ExecuteStep(IExecutionStep step, Boolean& completedSynchronously)

Additional Info:

MachineName : WEB03
TimeStamp : 2/2/2015 10:03:28 PM
FullName : Telerik.Sitefinity.Utilities, Version=5.2.3700.0, Culture=neutral, PublicKeyToken=b28c218413bdf563
AppDomainName : /LM/W3SVC/124/ROOT-1-130673646290156250
ThreadIdentity : 
WindowsIdentity : SWBROADBAND\oldsugar
Requested URL : http://www.oldsugarmill.com/images/default-source/default-album/osm_weddingpage_content.png?sfvrsn=0


Category: ErrorLog

Priority: 0

EventId: 90000

Severity: Error

Title:Enterprise Library Exception Handling

Machine: WEB03

App Domain: /LM/W3SVC/124/ROOT-1-130673646290156250

ProcessId: 9708

Process Name: C:\Windows\SysWOW64\inetsrv\w3wp.exe

Thread Name: 

Win32 ThreadId:3432

Extended Properties: 
----------------------------------------
----------------------------------------
Timestamp: 2/2/2015 10:57:51 PM

Message: HandlingInstanceID: 2a273a7d-2fe4-4d30-bb72-c347b430030a
An exception of type 'System.Runtime.InteropServices.COMException' occurred and was caught.
-------------------------------------------------------------------------------------------
02/02/2015 22:57:51
Type : System.Runtime.InteropServices.COMException, mscorlib, Version=4.0.0.0, Culture=neutral, PublicKeyToken=b77a5c561934e089
Message : The I/O operation has been aborted because of either a thread exit or an application request. (Exception from HRESULT: 0x800703E3)
Source : 
Help link : 
ErrorCode : -2147023901
Data : System.Collections.ListDictionaryInternal
TargetSite : 
HResult : -2147023901
Stack Trace : The stack trace is unavailable.
Additional Info:

MachineName : WEB03
TimeStamp : 2/2/2015 10:57:51 PM
FullName : Telerik.Sitefinity.Utilities, Version=5.2.3700.0, Culture=neutral, PublicKeyToken=b28c218413bdf563
AppDomainName : /LM/W3SVC/124/ROOT-1-130673646290156250
ThreadIdentity : 
WindowsIdentity : SWBROADBAND\oldsugar
Requested URL : http://www.oldsugarmill.com/images/default-source/default-album/osm_port_chocolate_2015.jpg?sfvrsn=0


Category: ErrorLog

Priority: 0

EventId: 90000

Severity: Error

Title:Enterprise Library Exception Handling

Machine: WEB03

App Domain: /LM/W3SVC/124/ROOT-1-130673646290156250

ProcessId: 9708

Process Name: C:\Windows\SysWOW64\inetsrv\w3wp.exe

Thread Name: 

Win32 ThreadId:5156

Extended Properties: 
----------------------------------------
----------------------------------------
Timestamp: 2/2/2015 11:32:09 PM

Message: HandlingInstanceID: 66c2dc6e-3ccd-47f0-b9d2-9347dce52d5a
An exception of type 'System.Web.HttpException' occurred and was caught.
------------------------------------------------------------------------
02/02/2015 23:32:09
Type : System.Web.HttpException, System.Web, Version=4.0.0.0, Culture=neutral, PublicKeyToken=b03f5f7f11d50a3a
Message : The remote host closed the connection. The error code is 0x80070016.
Source : System.Web
Help link : 
WebEventCode : 0
ErrorCode : -2147024874
Data : System.Collections.ListDictionaryInternal
TargetSite : Void RaiseCommunicationError(Int32, Boolean)
HResult : -2147024874
Stack Trace :    at System.Web.Hosting.IIS7WorkerRequest.RaiseCommunicationError(Int32 result, Boolean throwOnDisconnect)
   at System.Web.Hosting.IIS7WorkerRequest.ExplicitFlush()
   at System.Web.HttpResponse.Flush(Boolean finalFlush, Boolean async)
   at System.Web.HttpResponse.Flush()
   at System.Web.HttpWriter.WriteFromStream(Byte[] data, Int32 offset, Int32 size)
   at System.Web.HttpResponseStream.Write(Byte[] buffer, Int32 offset, Int32 count)
   at Telerik.Sitefinity.Modules.Libraries.Web.LibraryHttpHandler.<>c__DisplayClassd.<SendCachedResponse>b__b()
   at Telerik.Sitefinity.Modules.Libraries.Web.LibraryHttpHandler.IgnoringClosedConnection(Action action)
   at Telerik.Sitefinity.Modules.Libraries.Web.LibraryHttpHandler.SendCachedResponse(HttpRequest request, HttpResponse response, OutputItem item)
   at Telerik.Sitefinity.Modules.Libraries.Web.LibraryHttpHandler.ProcessRequest(HttpContext context)
   at System.Web.HttpApplication.CallHandlerExecutionStep.System.Web.HttpApplication.IExecutionStep.Execute()
   at System.Web.HttpApplication.ExecuteStep(IExecutionStep step, Boolean& completedSynchronously)

Additional Info:

MachineName : WEB03
TimeStamp : 2/2/2015 11:32:09 PM
FullName : Telerik.Sitefinity.Utilities, Version=5.2.3700.0, Culture=neutral, PublicKeyToken=b28c218413bdf563
AppDomainName : /LM/W3SVC/124/ROOT-1-130673646290156250
ThreadIdentity : 
WindowsIdentity : SWBROADBAND\oldsugar
Requested URL : http://www.oldsugarmill.com/images/default-source/default-album/frey-w-755.jpg?sfvrsn=0


Category: ErrorLog

Priority: 0

EventId: 90000

Severity: Error

Title:Enterprise Library Exception Handling

Machine: WEB03

App Domain: /LM/W3SVC/124/ROOT-1-130673646290156250

ProcessId: 9708

Process Name: C:\Windows\SysWOW64\inetsrv\w3wp.exe

Thread Name: 

Win32 ThreadId:7448

Extended Properties: 
----------------------------------------
----------------------------------------
Timestamp: 03/02/2015 00:12:18

Message: HandlingInstanceID: 2e46d984-e547-4162-89ee-4a56899e63e0
An exception of type 'System.Web.HttpException' occurred and was caught.
------------------------------------------------------------------------
02/03/2015 00:12:18
Type : System.Web.HttpException, System.Web, Version=4.0.0.0, Culture=neutral, PublicKeyToken=b03f5f7f11d50a3a
Message : This is an invalid script resource request.
Source : System.Web.Extensions
Help link : 
WebEventCode : 0
ErrorCode : -2147467259
Data : System.Collections.ListDictionaryInternal
TargetSite : Void ProcessRequest(System.Web.HttpContextBase, VirtualFileReader, System.Action`2[System.String,System.Exception], Boolean)
HResult : -2147467259
Stack Trace :    at System.Web.Handlers.ScriptResourceHandler.ProcessRequest(HttpContextBase context, VirtualFileReader fileReader, Action`2 logAction, Boolean validatePath)
   at System.Web.Handlers.ScriptResourceHandler.ProcessRequest(HttpContext context)
   at System.Web.Handlers.ScriptResourceHandler.System.Web.IHttpHandler.ProcessRequest(HttpContext context)
   at System.Web.HttpApplication.CallHandlerExecutionStep.System.Web.HttpApplication.IExecutionStep.Execute()
   at System.Web.HttpApplication.ExecuteStep(IExecutionStep step, Boolean& completedSynchronously)

Additional Info:

MachineName : WEB03
TimeStamp : 03/02/2015 00:12:18
FullName : Telerik.Sitefinity.Utilities, Version=5.2.3700.0, Culture=neutral, PublicKeyToken=b28c218413bdf563
AppDomainName : /LM/W3SVC/124/ROOT-1-130673646290156250
ThreadIdentity : 
WindowsIdentity : SWBROADBAND\oldsugar
Requested URL : http://oldsugarmill.swbroadband.co.uk/scriptresource.axd?d=ahqrl5g09b43auisfu5m7_sy6elufnypjgx-ymb2in-c4zbg-4ijemsv4hp1ep61xn-vm5l8ebtnhrztrzrjipodrkrwu1z7k6tbyyzcc27kqsgc90auei6tehhzzezxti_a5ojsdtutegcn5akqgip7wk44yflh66h2mk2z65awllh4asive3lxxo2b2rajo7m-iyqlzav7uqazcrsspg2&amp;t=155533f4


Category: ErrorLog

Priority: 0

EventId: 90000

Severity: Error

Title:Enterprise Library Exception Handling

Machine: WEB03

App Domain: /LM/W3SVC/124/ROOT-1-130673646290156250

ProcessId: 9708

Process Name: C:\Windows\SysWOW64\inetsrv\w3wp.exe

Thread Name: 

Win32 ThreadId:6416

Extended Properties: 
----------------------------------------
----------------------------------------
Timestamp: 2/3/2015 12:34:03 AM

Message: HandlingInstanceID: bb24d7a3-d688-4912-8ef6-86b0088c103b
An exception of type 'System.Web.HttpException' occurred and was caught.
------------------------------------------------------------------------
02/03/2015 00:34:03
Type : System.Web.HttpException, System.Web, Version=4.0.0.0, Culture=neutral, PublicKeyToken=b03f5f7f11d50a3a
Message : The file '/fckeditor/editor/filemanager/connectors/aspx/upload.aspx' does not exist.
Source : System.Web
Help link : 
WebEventCode : 0
ErrorCode : -2147467259
Data : System.Collections.ListDictionaryInternal
TargetSite : Void CheckVirtualFileExists(System.Web.VirtualPath)
HResult : -2147467259
Stack Trace :    at System.Web.UI.Util.CheckVirtualFileExists(VirtualPath virtualPath)
   at System.Web.Compilation.BuildManager.GetVPathBuildResultInternal(VirtualPath virtualPath, Boolean noBuild, Boolean allowCrossApp, Boolean allowBuildInPrecompile, Boolean throwIfNotFound, Boolean ensureIsUpToDate)
   at System.Web.Compilation.BuildManager.GetVPathBuildResultWithNoAssert(HttpContext context, VirtualPath virtualPath, Boolean noBuild, Boolean allowCrossApp, Boolean allowBuildInPrecompile, Boolean throwIfNotFound, Boolean ensureIsUpToDate)
   at System.Web.Compilation.BuildManager.GetVirtualPathObjectFactory(VirtualPath virtualPath, HttpContext context, Boolean allowCrossApp, Boolean throwIfNotFound)
   at System.Web.Compilation.BuildManager.CreateInstanceFromVirtualPath(VirtualPath virtualPath, Type requiredBaseType, HttpContext context, Boolean allowCrossApp)
   at System.Web.UI.PageHandlerFactory.GetHandlerHelper(HttpContext context, String requestType, VirtualPath virtualPath, String physicalPath)
   at System.Web.UI.PageHandlerFactory.GetHandler(HttpContext context, String requestType, String virtualPath, String path)
   at System.Web.HttpApplication.MaterializeHandlerExecutionStep.System.Web.HttpApplication.IExecutionStep.Execute()
   at System.Web.HttpApplication.ExecuteStep(IExecutionStep step, Boolean& completedSynchronously)

Additional Info:

MachineName : WEB03
TimeStamp : 2/3/2015 12:34:03 AM
FullName : Telerik.Sitefinity.Utilities, Version=5.2.3700.0, Culture=neutral, PublicKeyToken=b28c218413bdf563
AppDomainName : /LM/W3SVC/124/ROOT-1-130673646290156250
ThreadIdentity : 
WindowsIdentity : SWBROADBAND\oldsugar
Requested URL : http://www.oldsugarmill.com/fckeditor/editor/filemanager/connectors/aspx/upload.aspx


Category: ErrorLog

Priority: 0

EventId: 90000

Severity: Error

Title:Enterprise Library Exception Handling

Machine: WEB03

App Domain: /LM/W3SVC/124/ROOT-1-130673646290156250

ProcessId: 9708

Process Name: C:\Windows\SysWOW64\inetsrv\w3wp.exe

Thread Name: 

Win32 ThreadId:9912

Extended Properties: 
----------------------------------------
----------------------------------------
Timestamp: 2/3/2015 12:34:04 AM

Message: HandlingInstanceID: 3a16a294-7efc-4f35-a2b0-167ed77524f4
An exception of type 'System.Web.HttpException' occurred and was caught.
------------------------------------------------------------------------
02/03/2015 00:34:04
Type : System.Web.HttpException, System.Web, Version=4.0.0.0, Culture=neutral, PublicKeyToken=b03f5f7f11d50a3a
Message : The file '/fckeditor/editor/filemanager/upload/aspx/upload.aspx' does not exist.
Source : System.Web
Help link : 
WebEventCode : 0
ErrorCode : -2147467259
Data : System.Collections.ListDictionaryInternal
TargetSite : Void CheckVirtualFileExists(System.Web.VirtualPath)
HResult : -2147467259
Stack Trace :    at System.Web.UI.Util.CheckVirtualFileExists(VirtualPath virtualPath)
   at System.Web.Compilation.BuildManager.GetVPathBuildResultInternal(VirtualPath virtualPath, Boolean noBuild, Boolean allowCrossApp, Boolean allowBuildInPrecompile, Boolean throwIfNotFound, Boolean ensureIsUpToDate)
   at System.Web.Compilation.BuildManager.GetVPathBuildResultWithNoAssert(HttpContext context, VirtualPath virtualPath, Boolean noBuild, Boolean allowCrossApp, Boolean allowBuildInPrecompile, Boolean throwIfNotFound, Boolean ensureIsUpToDate)
   at System.Web.Compilation.BuildManager.GetVirtualPathObjectFactory(VirtualPath virtualPath, HttpContext context, Boolean allowCrossApp, Boolean throwIfNotFound)
   at System.Web.Compilation.BuildManager.CreateInstanceFromVirtualPath(VirtualPath virtualPath, Type requiredBaseType, HttpContext context, Boolean allowCrossApp)
   at System.Web.UI.PageHandlerFactory.GetHandlerHelper(HttpContext context, String requestType, VirtualPath virtualPath, String physicalPath)
   at System.Web.UI.PageHandlerFactory.GetHandler(HttpContext context, String requestType, String virtualPath, String path)
   at System.Web.HttpApplication.MaterializeHandlerExecutionStep.System.Web.HttpApplication.IExecutionStep.Execute()
   at System.Web.HttpApplication.ExecuteStep(IExecutionStep step, Boolean& completedSynchronously)

Additional Info:

MachineName : WEB03
TimeStamp : 2/3/2015 12:34:04 AM
FullName : Telerik.Sitefinity.Utilities, Version=5.2.3700.0, Culture=neutral, PublicKeyToken=b28c218413bdf563
AppDomainName : /LM/W3SVC/124/ROOT-1-130673646290156250
ThreadIdentity : 
WindowsIdentity : SWBROADBAND\oldsugar
Requested URL : http://www.oldsugarmill.com/fckeditor/editor/filemanager/upload/aspx/upload.aspx


Category: ErrorLog

Priority: 0

EventId: 90000

Severity: Error

Title:Enterprise Library Exception Handling

Machine: WEB03

App Domain: /LM/W3SVC/124/ROOT-1-130673646290156250

ProcessId: 9708

Process Name: C:\Windows\SysWOW64\inetsrv\w3wp.exe

Thread Name: 

Win32 ThreadId:4244

Extended Properties: 
----------------------------------------
----------------------------------------
Timestamp: 2/3/2015 12:34:04 AM

Message: HandlingInstanceID: 94eb1d0f-3323-4ca4-a30a-be8cf7583f39
An exception of type 'System.Web.HttpException' occurred and was caught.
------------------------------------------------------------------------
02/03/2015 00:34:04
Type : System.Web.HttpException, System.Web, Version=4.0.0.0, Culture=neutral, PublicKeyToken=b03f5f7f11d50a3a
Message : The file '/fckeditor/editor/filemanager/connectors/aspx/connector.aspx' does not exist.
Source : System.Web
Help link : 
WebEventCode : 0
ErrorCode : -2147467259
Data : System.Collections.ListDictionaryInternal
TargetSite : Void CheckVirtualFileExists(System.Web.VirtualPath)
HResult : -2147467259
Stack Trace :    at System.Web.UI.Util.CheckVirtualFileExists(VirtualPath virtualPath)
   at System.Web.Compilation.BuildManager.GetVPathBuildResultInternal(VirtualPath virtualPath, Boolean noBuild, Boolean allowCrossApp, Boolean allowBuildInPrecompile, Boolean throwIfNotFound, Boolean ensureIsUpToDate)
   at System.Web.Compilation.BuildManager.GetVPathBuildResultWithNoAssert(HttpContext context, VirtualPath virtualPath, Boolean noBuild, Boolean allowCrossApp, Boolean allowBuildInPrecompile, Boolean throwIfNotFound, Boolean ensureIsUpToDate)
   at System.Web.Compilation.BuildManager.GetVirtualPathObjectFactory(VirtualPath virtualPath, HttpContext context, Boolean allowCrossApp, Boolean throwIfNotFound)
   at System.Web.Compilation.BuildManager.CreateInstanceFromVirtualPath(VirtualPath virtualPath, Type requiredBaseType, HttpContext context, Boolean allowCrossApp)
   at System.Web.UI.PageHandlerFactory.GetHandlerHelper(HttpContext context, String requestType, VirtualPath virtualPath, String physicalPath)
   at System.Web.UI.PageHandlerFactory.GetHandler(HttpContext context, String requestType, String virtualPath, String path)
   at System.Web.HttpApplication.MaterializeHandlerExecutionStep.System.Web.HttpApplication.IExecutionStep.Execute()
   at System.Web.HttpApplication.ExecuteStep(IExecutionStep step, Boolean& completedSynchronously)

Additional Info:

MachineName : WEB03
TimeStamp : 2/3/2015 12:34:04 AM
FullName : Telerik.Sitefinity.Utilities, Version=5.2.3700.0, Culture=neutral, PublicKeyToken=b28c218413bdf563
AppDomainName : /LM/W3SVC/124/ROOT-1-130673646290156250
ThreadIdentity : 
WindowsIdentity : SWBROADBAND\oldsugar
Requested URL : http://www.oldsugarmill.com/fckeditor/editor/filemanager/connectors/aspx/connector.aspx


Category: ErrorLog

Priority: 0

EventId: 90000

Severity: Error

Title:Enterprise Library Exception Handling

Machine: WEB03

App Domain: /LM/W3SVC/124/ROOT-1-130673646290156250

ProcessId: 9708

Process Name: C:\Windows\SysWOW64\inetsrv\w3wp.exe

Thread Name: 

Win32 ThreadId:5988

Extended Properties: 
----------------------------------------
----------------------------------------
Timestamp: 2/3/2015 12:34:05 AM

Message: HandlingInstanceID: 7dcd7030-885a-4fa1-824d-d18eade9fd91
An exception of type 'System.Web.HttpException' occurred and was caught.
------------------------------------------------------------------------
02/03/2015 00:34:05
Type : System.Web.HttpException, System.Web, Version=4.0.0.0, Culture=neutral, PublicKeyToken=b03f5f7f11d50a3a
Message : The file '/fckeditor/editor/filemanager/browser/default/connectors/aspx/connector.aspx' does not exist.
Source : System.Web
Help link : 
WebEventCode : 0
ErrorCode : -2147467259
Data : System.Collections.ListDictionaryInternal
TargetSite : Void CheckVirtualFileExists(System.Web.VirtualPath)
HResult : -2147467259
Stack Trace :    at System.Web.UI.Util.CheckVirtualFileExists(VirtualPath virtualPath)
   at System.Web.Compilation.BuildManager.GetVPathBuildResultInternal(VirtualPath virtualPath, Boolean noBuild, Boolean allowCrossApp, Boolean allowBuildInPrecompile, Boolean throwIfNotFound, Boolean ensureIsUpToDate)
   at System.Web.Compilation.BuildManager.GetVPathBuildResultWithNoAssert(HttpContext context, VirtualPath virtualPath, Boolean noBuild, Boolean allowCrossApp, Boolean allowBuildInPrecompile, Boolean throwIfNotFound, Boolean ensureIsUpToDate)
   at System.Web.Compilation.BuildManager.GetVirtualPathObjectFactory(VirtualPath virtualPath, HttpContext context, Boolean allowCrossApp, Boolean throwIfNotFound)
   at System.Web.Compilation.BuildManager.CreateInstanceFromVirtualPath(VirtualPath virtualPath, Type requiredBaseType, HttpContext context, Boolean allowCrossApp)
   at System.Web.UI.PageHandlerFactory.GetHandlerHelper(HttpContext context, String requestType, VirtualPath virtualPath, String physicalPath)
   at System.Web.UI.PageHandlerFactory.GetHandler(HttpContext context, String requestType, String virtualPath, String path)
   at System.Web.HttpApplication.MaterializeHandlerExecutionStep.System.Web.HttpApplication.IExecutionStep.Execute()
   at System.Web.HttpApplication.ExecuteStep(IExecutionStep step, Boolean& completedSynchronously)

Additional Info:

MachineName : WEB03
TimeStamp : 2/3/2015 12:34:05 AM
FullName : Telerik.Sitefinity.Utilities, Version=5.2.3700.0, Culture=neutral, PublicKeyToken=b28c218413bdf563
AppDomainName : /LM/W3SVC/124/ROOT-1-130673646290156250
ThreadIdentity : 
WindowsIdentity : SWBROADBAND\oldsugar
Requested URL : http://www.oldsugarmill.com/fckeditor/editor/filemanager/browser/default/connectors/aspx/connector.aspx


Category: ErrorLog

Priority: 0

EventId: 90000

Severity: Error

Title:Enterprise Library Exception Handling

Machine: WEB03

App Domain: /LM/W3SVC/124/ROOT-1-130673646290156250

ProcessId: 9708

Process Name: C:\Windows\SysWOW64\inetsrv\w3wp.exe

Thread Name: 

Win32 ThreadId:5988

Extended Properties: 
----------------------------------------
----------------------------------------
Timestamp: 2/3/2015 12:34:05 AM

Message: HandlingInstanceID: a761db0b-a2b1-49b3-b995-8419cb6b9e8a
An exception of type 'System.Web.HttpException' occurred and was caught.
------------------------------------------------------------------------
02/03/2015 00:34:05
Type : System.Web.HttpException, System.Web, Version=4.0.0.0, Culture=neutral, PublicKeyToken=b03f5f7f11d50a3a
Message : The file '/includes/fckeditor/editor/filemanager/browser/default/connectors/aspx/connector.aspx' does not exist.
Source : System.Web
Help link : 
WebEventCode : 0
ErrorCode : -2147467259
Data : System.Collections.ListDictionaryInternal
TargetSite : Void CheckVirtualFileExists(System.Web.VirtualPath)
HResult : -2147467259
Stack Trace :    at System.Web.UI.Util.CheckVirtualFileExists(VirtualPath virtualPath)
   at System.Web.Compilation.BuildManager.GetVPathBuildResultInternal(VirtualPath virtualPath, Boolean noBuild, Boolean allowCrossApp, Boolean allowBuildInPrecompile, Boolean throwIfNotFound, Boolean ensureIsUpToDate)
   at System.Web.Compilation.BuildManager.GetVPathBuildResultWithNoAssert(HttpContext context, VirtualPath virtualPath, Boolean noBuild, Boolean allowCrossApp, Boolean allowBuildInPrecompile, Boolean throwIfNotFound, Boolean ensureIsUpToDate)
   at System.Web.Compilation.BuildManager.GetVirtualPathObjectFactory(VirtualPath virtualPath, HttpContext context, Boolean allowCrossApp, Boolean throwIfNotFound)
   at System.Web.Compilation.BuildManager.CreateInstanceFromVirtualPath(VirtualPath virtualPath, Type requiredBaseType, HttpContext context, Boolean allowCrossApp)
   at System.Web.UI.PageHandlerFactory.GetHandlerHelper(HttpContext context, String requestType, VirtualPath virtualPath, String physicalPath)
   at System.Web.UI.PageHandlerFactory.GetHandler(HttpContext context, String requestType, String virtualPath, String path)
   at System.Web.HttpApplication.MaterializeHandlerExecutionStep.System.Web.HttpApplication.IExecutionStep.Execute()
   at System.Web.HttpApplication.ExecuteStep(IExecutionStep step, Boolean& completedSynchronously)

Additional Info:

MachineName : WEB03
TimeStamp : 2/3/2015 12:34:05 AM
FullName : Telerik.Sitefinity.Utilities, Version=5.2.3700.0, Culture=neutral, PublicKeyToken=b28c218413bdf563
AppDomainName : /LM/W3SVC/124/ROOT-1-130673646290156250
ThreadIdentity : 
WindowsIdentity : SWBROADBAND\oldsugar
Requested URL : http://www.oldsugarmill.com/includes/fckeditor/editor/filemanager/browser/default/connectors/aspx/connector.aspx


Category: ErrorLog

Priority: 0

EventId: 90000

Severity: Error

Title:Enterprise Library Exception Handling

Machine: WEB03

App Domain: /LM/W3SVC/124/ROOT-1-130673646290156250

ProcessId: 9708

Process Name: C:\Windows\SysWOW64\inetsrv\w3wp.exe

Thread Name: 

Win32 ThreadId:9912

Extended Properties: 
----------------------------------------
----------------------------------------
Timestamp: 2/3/2015 12:34:05 AM

Message: HandlingInstanceID: 2a6f13e2-1c7a-43ca-b3e6-f9c47b22c25b
An exception of type 'System.Web.HttpException' occurred and was caught.
------------------------------------------------------------------------
02/03/2015 00:34:05
Type : System.Web.HttpException, System.Web, Version=4.0.0.0, Culture=neutral, PublicKeyToken=b03f5f7f11d50a3a
Message : The file '/includes/fckeditor/editor/filemanager/connectors/aspx/upload.aspx' does not exist.
Source : System.Web
Help link : 
WebEventCode : 0
ErrorCode : -2147467259
Data : System.Collections.ListDictionaryInternal
TargetSite : Void CheckVirtualFileExists(System.Web.VirtualPath)
HResult : -2147467259
Stack Trace :    at System.Web.UI.Util.CheckVirtualFileExists(VirtualPath virtualPath)
   at System.Web.Compilation.BuildManager.GetVPathBuildResultInternal(VirtualPath virtualPath, Boolean noBuild, Boolean allowCrossApp, Boolean allowBuildInPrecompile, Boolean throwIfNotFound, Boolean ensureIsUpToDate)
   at System.Web.Compilation.BuildManager.GetVPathBuildResultWithNoAssert(HttpContext context, VirtualPath virtualPath, Boolean noBuild, Boolean allowCrossApp, Boolean allowBuildInPrecompile, Boolean throwIfNotFound, Boolean ensureIsUpToDate)
   at System.Web.Compilation.BuildManager.GetVirtualPathObjectFactory(VirtualPath virtualPath, HttpContext context, Boolean allowCrossApp, Boolean throwIfNotFound)
   at System.Web.Compilation.BuildManager.CreateInstanceFromVirtualPath(VirtualPath virtualPath, Type requiredBaseType, HttpContext context, Boolean allowCrossApp)
   at System.Web.UI.PageHandlerFactory.GetHandlerHelper(HttpContext context, String requestType, VirtualPath virtualPath, String physicalPath)
   at System.Web.UI.PageHandlerFactory.GetHandler(HttpContext context, String requestType, String virtualPath, String path)
   at System.Web.HttpApplication.MaterializeHandlerExecutionStep.System.Web.HttpApplication.IExecutionStep.Execute()
   at System.Web.HttpApplication.ExecuteStep(IExecutionStep step, Boolean& completedSynchronously)

Additional Info:

MachineName : WEB03
TimeStamp : 2/3/2015 12:34:05 AM
FullName : Telerik.Sitefinity.Utilities, Version=5.2.3700.0, Culture=neutral, PublicKeyToken=b28c218413bdf563
AppDomainName : /LM/W3SVC/124/ROOT-1-130673646290156250
ThreadIdentity : 
WindowsIdentity : SWBROADBAND\oldsugar
Requested URL : http://www.oldsugarmill.com/includes/fckeditor/editor/filemanager/connectors/aspx/upload.aspx


Category: ErrorLog

Priority: 0

EventId: 90000

Severity: Error

Title:Enterprise Library Exception Handling

Machine: WEB03

App Domain: /LM/W3SVC/124/ROOT-1-130673646290156250

ProcessId: 9708

Process Name: C:\Windows\SysWOW64\inetsrv\w3wp.exe

Thread Name: 

Win32 ThreadId:6848

Extended Properties: 
----------------------------------------
----------------------------------------
Timestamp: 2/3/2015 12:34:06 AM

Message: HandlingInstanceID: d3c16fa3-0078-4d78-b546-1e84be6659de
An exception of type 'System.Web.HttpException' occurred and was caught.
------------------------------------------------------------------------
02/03/2015 00:34:06
Type : System.Web.HttpException, System.Web, Version=4.0.0.0, Culture=neutral, PublicKeyToken=b03f5f7f11d50a3a
Message : The file '/includes/fckeditor/editor/filemanager/upload/aspx/upload.aspx' does not exist.
Source : System.Web
Help link : 
WebEventCode : 0
ErrorCode : -2147467259
Data : System.Collections.ListDictionaryInternal
TargetSite : Void CheckVirtualFileExists(System.Web.VirtualPath)
HResult : -2147467259
Stack Trace :    at System.Web.UI.Util.CheckVirtualFileExists(VirtualPath virtualPath)
   at System.Web.Compilation.BuildManager.GetVPathBuildResultInternal(VirtualPath virtualPath, Boolean noBuild, Boolean allowCrossApp, Boolean allowBuildInPrecompile, Boolean throwIfNotFound, Boolean ensureIsUpToDate)
   at System.Web.Compilation.BuildManager.GetVPathBuildResultWithNoAssert(HttpContext context, VirtualPath virtualPath, Boolean noBuild, Boolean allowCrossApp, Boolean allowBuildInPrecompile, Boolean throwIfNotFound, Boolean ensureIsUpToDate)
   at System.Web.Compilation.BuildManager.GetVirtualPathObjectFactory(VirtualPath virtualPath, HttpContext context, Boolean allowCrossApp, Boolean throwIfNotFound)
   at System.Web.Compilation.BuildManager.CreateInstanceFromVirtualPath(VirtualPath virtualPath, Type requiredBaseType, HttpContext context, Boolean allowCrossApp)
   at System.Web.UI.PageHandlerFactory.GetHandlerHelper(HttpContext context, String requestType, VirtualPath virtualPath, String physicalPath)
   at System.Web.UI.PageHandlerFactory.GetHandler(HttpContext context, String requestType, String virtualPath, String path)
   at System.Web.HttpApplication.MaterializeHandlerExecutionStep.System.Web.HttpApplication.IExecutionStep.Execute()
   at System.Web.HttpApplication.ExecuteStep(IExecutionStep step, Boolean& completedSynchronously)

Additional Info:

MachineName : WEB03
TimeStamp : 2/3/2015 12:34:06 AM
FullName : Telerik.Sitefinity.Utilities, Version=5.2.3700.0, Culture=neutral, PublicKeyToken=b28c218413bdf563
AppDomainName : /LM/W3SVC/124/ROOT-1-130673646290156250
ThreadIdentity : 
WindowsIdentity : SWBROADBAND\oldsugar
Requested URL : http://www.oldsugarmill.com/includes/fckeditor/editor/filemanager/upload/aspx/upload.aspx


Category: ErrorLog

Priority: 0

EventId: 90000

Severity: Error

Title:Enterprise Library Exception Handling

Machine: WEB03

App Domain: /LM/W3SVC/124/ROOT-1-130673646290156250

ProcessId: 9708

Process Name: C:\Windows\SysWOW64\inetsrv\w3wp.exe

Thread Name: 

Win32 ThreadId:9912

Extended Properties: 
----------------------------------------
----------------------------------------
Timestamp: 2/3/2015 12:34:06 AM

Message: HandlingInstanceID: a565425f-125a-49c5-bb30-57c635b67472
An exception of type 'System.Web.HttpException' occurred and was caught.
------------------------------------------------------------------------
02/03/2015 00:34:06
Type : System.Web.HttpException, System.Web, Version=4.0.0.0, Culture=neutral, PublicKeyToken=b03f5f7f11d50a3a
Message : The file '/includes/fckeditor/editor/filemanager/connectors/aspx/connector.aspx' does not exist.
Source : System.Web
Help link : 
WebEventCode : 0
ErrorCode : -2147467259
Data : System.Collections.ListDictionaryInternal
TargetSite : Void CheckVirtualFileExists(System.Web.VirtualPath)
HResult : -2147467259
Stack Trace :    at System.Web.UI.Util.CheckVirtualFileExists(VirtualPath virtualPath)
   at System.Web.Compilation.BuildManager.GetVPathBuildResultInternal(VirtualPath virtualPath, Boolean noBuild, Boolean allowCrossApp, Boolean allowBuildInPrecompile, Boolean throwIfNotFound, Boolean ensureIsUpToDate)
   at System.Web.Compilation.BuildManager.GetVPathBuildResultWithNoAssert(HttpContext context, VirtualPath virtualPath, Boolean noBuild, Boolean allowCrossApp, Boolean allowBuildInPrecompile, Boolean throwIfNotFound, Boolean ensureIsUpToDate)
   at System.Web.Compilation.BuildManager.GetVirtualPathObjectFactory(VirtualPath virtualPath, HttpContext context, Boolean allowCrossApp, Boolean throwIfNotFound)
   at System.Web.Compilation.BuildManager.CreateInstanceFromVirtualPath(VirtualPath virtualPath, Type requiredBaseType, HttpContext context, Boolean allowCrossApp)
   at System.Web.UI.PageHandlerFactory.GetHandlerHelper(HttpContext context, String requestType, VirtualPath virtualPath, String physicalPath)
   at System.Web.UI.PageHandlerFactory.GetHandler(HttpContext context, String requestType, String virtualPath, String path)
   at System.Web.HttpApplication.MaterializeHandlerExecutionStep.System.Web.HttpApplication.IExecutionStep.Execute()
   at System.Web.HttpApplication.ExecuteStep(IExecutionStep step, Boolean& completedSynchronously)

Additional Info:

MachineName : WEB03
TimeStamp : 2/3/2015 12:34:06 AM
FullName : Telerik.Sitefinity.Utilities, Version=5.2.3700.0, Culture=neutral, PublicKeyToken=b28c218413bdf563
AppDomainName : /LM/W3SVC/124/ROOT-1-130673646290156250
ThreadIdentity : 
WindowsIdentity : SWBROADBAND\oldsugar
Requested URL : http://www.oldsugarmill.com/includes/fckeditor/editor/filemanager/connectors/aspx/connector.aspx


Category: ErrorLog

Priority: 0

EventId: 90000

Severity: Error

Title:Enterprise Library Exception Handling

Machine: WEB03

App Domain: /LM/W3SVC/124/ROOT-1-130673646290156250

ProcessId: 9708

Process Name: C:\Windows\SysWOW64\inetsrv\w3wp.exe

Thread Name: 

Win32 ThreadId:6848

Extended Properties: 
----------------------------------------
----------------------------------------
Timestamp: 2/3/2015 12:34:07 AM

Message: HandlingInstanceID: 80264791-9ba9-433c-abcf-fb8727f89566
An exception of type 'System.Web.HttpException' occurred and was caught.
------------------------------------------------------------------------
02/03/2015 00:34:07
Type : System.Web.HttpException, System.Web, Version=4.0.0.0, Culture=neutral, PublicKeyToken=b03f5f7f11d50a3a
Message : The file '/admin/fckeditor/editor/filemanager/browser/default/connectors/aspx/connector.aspx' does not exist.
Source : System.Web
Help link : 
WebEventCode : 0
ErrorCode : -2147467259
Data : System.Collections.ListDictionaryInternal
TargetSite : Void CheckVirtualFileExists(System.Web.VirtualPath)
HResult : -2147467259
Stack Trace :    at System.Web.UI.Util.CheckVirtualFileExists(VirtualPath virtualPath)
   at System.Web.Compilation.BuildManager.GetVPathBuildResultInternal(VirtualPath virtualPath, Boolean noBuild, Boolean allowCrossApp, Boolean allowBuildInPrecompile, Boolean throwIfNotFound, Boolean ensureIsUpToDate)
   at System.Web.Compilation.BuildManager.GetVPathBuildResultWithNoAssert(HttpContext context, VirtualPath virtualPath, Boolean noBuild, Boolean allowCrossApp, Boolean allowBuildInPrecompile, Boolean throwIfNotFound, Boolean ensureIsUpToDate)
   at System.Web.Compilation.BuildManager.GetVirtualPathObjectFactory(VirtualPath virtualPath, HttpContext context, Boolean allowCrossApp, Boolean throwIfNotFound)
   at System.Web.Compilation.BuildManager.CreateInstanceFromVirtualPath(VirtualPath virtualPath, Type requiredBaseType, HttpContext context, Boolean allowCrossApp)
   at System.Web.UI.PageHandlerFactory.GetHandlerHelper(HttpContext context, String requestType, VirtualPath virtualPath, String physicalPath)
   at System.Web.UI.PageHandlerFactory.GetHandler(HttpContext context, String requestType, String virtualPath, String path)
   at System.Web.HttpApplication.MaterializeHandlerExecutionStep.System.Web.HttpApplication.IExecutionStep.Execute()
   at System.Web.HttpApplication.ExecuteStep(IExecutionStep step, Boolean& completedSynchronously)

Additional Info:

MachineName : WEB03
TimeStamp : 2/3/2015 12:34:07 AM
FullName : Telerik.Sitefinity.Utilities, Version=5.2.3700.0, Culture=neutral, PublicKeyToken=b28c218413bdf563
AppDomainName : /LM/W3SVC/124/ROOT-1-130673646290156250
ThreadIdentity : 
WindowsIdentity : SWBROADBAND\oldsugar
Requested URL : http://www.oldsugarmill.com/admin/fckeditor/editor/filemanager/browser/default/connectors/aspx/connector.aspx


Category: ErrorLog

Priority: 0

EventId: 90000

Severity: Error

Title:Enterprise Library Exception Handling

Machine: WEB03

App Domain: /LM/W3SVC/124/ROOT-1-130673646290156250

ProcessId: 9708

Process Name: C:\Windows\SysWOW64\inetsrv\w3wp.exe

Thread Name: 

Win32 ThreadId:4244

Extended Properties: 
----------------------------------------
----------------------------------------
Timestamp: 2/3/2015 12:34:08 AM

Message: HandlingInstanceID: 72f24cc7-a1fc-4aff-91bf-e301f2aa5277
An exception of type 'System.Web.HttpException' occurred and was caught.
------------------------------------------------------------------------
02/03/2015 00:34:08
Type : System.Web.HttpException, System.Web, Version=4.0.0.0, Culture=neutral, PublicKeyToken=b03f5f7f11d50a3a
Message : The file '/admin/fckeditor/editor/filemanager/connectors/aspx/connector.aspx' does not exist.
Source : System.Web
Help link : 
WebEventCode : 0
ErrorCode : -2147467259
Data : System.Collections.ListDictionaryInternal
TargetSite : Void CheckVirtualFileExists(System.Web.VirtualPath)
HResult : -2147467259
Stack Trace :    at System.Web.UI.Util.CheckVirtualFileExists(VirtualPath virtualPath)
   at System.Web.Compilation.BuildManager.GetVPathBuildResultInternal(VirtualPath virtualPath, Boolean noBuild, Boolean allowCrossApp, Boolean allowBuildInPrecompile, Boolean throwIfNotFound, Boolean ensureIsUpToDate)
   at System.Web.Compilation.BuildManager.GetVPathBuildResultWithNoAssert(HttpContext context, VirtualPath virtualPath, Boolean noBuild, Boolean allowCrossApp, Boolean allowBuildInPrecompile, Boolean throwIfNotFound, Boolean ensureIsUpToDate)
   at System.Web.Compilation.BuildManager.GetVirtualPathObjectFactory(VirtualPath virtualPath, HttpContext context, Boolean allowCrossApp, Boolean throwIfNotFound)
   at System.Web.Compilation.BuildManager.CreateInstanceFromVirtualPath(VirtualPath virtualPath, Type requiredBaseType, HttpContext context, Boolean allowCrossApp)
   at System.Web.UI.PageHandlerFactory.GetHandlerHelper(HttpContext context, String requestType, VirtualPath virtualPath, String physicalPath)
   at System.Web.UI.PageHandlerFactory.GetHandler(HttpContext context, String requestType, String virtualPath, String path)
   at System.Web.HttpApplication.MaterializeHandlerExecutionStep.System.Web.HttpApplication.IExecutionStep.Execute()
   at System.Web.HttpApplication.ExecuteStep(IExecutionStep step, Boolean& completedSynchronously)

Additional Info:

MachineName : WEB03
TimeStamp : 2/3/2015 12:34:08 AM
FullName : Telerik.Sitefinity.Utilities, Version=5.2.3700.0, Culture=neutral, PublicKeyToken=b28c218413bdf563
AppDomainName : /LM/W3SVC/124/ROOT-1-130673646290156250
ThreadIdentity : 
WindowsIdentity : SWBROADBAND\oldsugar
Requested URL : http://www.oldsugarmill.com/admin/fckeditor/editor/filemanager/connectors/aspx/connector.aspx


Category: ErrorLog

Priority: 0

EventId: 90000

Severity: Error

Title:Enterprise Library Exception Handling

Machine: WEB03

App Domain: /LM/W3SVC/124/ROOT-1-130673646290156250

ProcessId: 9708

Process Name: C:\Windows\SysWOW64\inetsrv\w3wp.exe

Thread Name: 

Win32 ThreadId:6848

Extended Properties: 
----------------------------------------
----------------------------------------
Timestamp: 2/3/2015 12:34:08 AM

Message: HandlingInstanceID: 08554141-e146-4994-b2b1-e19de757dfe3
An exception of type 'System.Web.HttpException' occurred and was caught.
------------------------------------------------------------------------
02/03/2015 00:34:08
Type : System.Web.HttpException, System.Web, Version=4.0.0.0, Culture=neutral, PublicKeyToken=b03f5f7f11d50a3a
Message : The file '/admin/fckeditor/editor/filemanager/connectors/aspx/upload.aspx' does not exist.
Source : System.Web
Help link : 
WebEventCode : 0
ErrorCode : -2147467259
Data : System.Collections.ListDictionaryInternal
TargetSite : Void CheckVirtualFileExists(System.Web.VirtualPath)
HResult : -2147467259
Stack Trace :    at System.Web.UI.Util.CheckVirtualFileExists(VirtualPath virtualPath)
   at System.Web.Compilation.BuildManager.GetVPathBuildResultInternal(VirtualPath virtualPath, Boolean noBuild, Boolean allowCrossApp, Boolean allowBuildInPrecompile, Boolean throwIfNotFound, Boolean ensureIsUpToDate)
   at System.Web.Compilation.BuildManager.GetVPathBuildResultWithNoAssert(HttpContext context, VirtualPath virtualPath, Boolean noBuild, Boolean allowCrossApp, Boolean allowBuildInPrecompile, Boolean throwIfNotFound, Boolean ensureIsUpToDate)
   at System.Web.Compilation.BuildManager.GetVirtualPathObjectFactory(VirtualPath virtualPath, HttpContext context, Boolean allowCrossApp, Boolean throwIfNotFound)
   at System.Web.Compilation.BuildManager.CreateInstanceFromVirtualPath(VirtualPath virtualPath, Type requiredBaseType, HttpContext context, Boolean allowCrossApp)
   at System.Web.UI.PageHandlerFactory.GetHandlerHelper(HttpContext context, String requestType, VirtualPath virtualPath, String physicalPath)
   at System.Web.UI.PageHandlerFactory.GetHandler(HttpContext context, String requestType, String virtualPath, String path)
   at System.Web.HttpApplication.MaterializeHandlerExecutionStep.System.Web.HttpApplication.IExecutionStep.Execute()
   at System.Web.HttpApplication.ExecuteStep(IExecutionStep step, Boolean& completedSynchronously)

Additional Info:

MachineName : WEB03
TimeStamp : 2/3/2015 12:34:08 AM
FullName : Telerik.Sitefinity.Utilities, Version=5.2.3700.0, Culture=neutral, PublicKeyToken=b28c218413bdf563
AppDomainName : /LM/W3SVC/124/ROOT-1-130673646290156250
ThreadIdentity : 
WindowsIdentity : SWBROADBAND\oldsugar
Requested URL : http://www.oldsugarmill.com/admin/fckeditor/editor/filemanager/connectors/aspx/upload.aspx


Category: ErrorLog

Priority: 0

EventId: 90000

Severity: Error

Title:Enterprise Library Exception Handling

Machine: WEB03

App Domain: /LM/W3SVC/124/ROOT-1-130673646290156250

ProcessId: 9708

Process Name: C:\Windows\SysWOW64\inetsrv\w3wp.exe

Thread Name: 

Win32 ThreadId:4216

Extended Properties: 
----------------------------------------
----------------------------------------
Timestamp: 2/3/2015 12:34:09 AM

Message: HandlingInstanceID: ef6e847b-0a40-4611-a85b-efcf9091d400
An exception of type 'System.Web.HttpException' occurred and was caught.
------------------------------------------------------------------------
02/03/2015 00:34:09
Type : System.Web.HttpException, System.Web, Version=4.0.0.0, Culture=neutral, PublicKeyToken=b03f5f7f11d50a3a
Message : The file '/admin/fckeditor/editor/filemanager/upload/aspx/upload.aspx' does not exist.
Source : System.Web
Help link : 
WebEventCode : 0
ErrorCode : -2147467259
Data : System.Collections.ListDictionaryInternal
TargetSite : Void CheckVirtualFileExists(System.Web.VirtualPath)
HResult : -2147467259
Stack Trace :    at System.Web.UI.Util.CheckVirtualFileExists(VirtualPath virtualPath)
   at System.Web.Compilation.BuildManager.GetVPathBuildResultInternal(VirtualPath virtualPath, Boolean noBuild, Boolean allowCrossApp, Boolean allowBuildInPrecompile, Boolean throwIfNotFound, Boolean ensureIsUpToDate)
   at System.Web.Compilation.BuildManager.GetVPathBuildResultWithNoAssert(HttpContext context, VirtualPath virtualPath, Boolean noBuild, Boolean allowCrossApp, Boolean allowBuildInPrecompile, Boolean throwIfNotFound, Boolean ensureIsUpToDate)
   at System.Web.Compilation.BuildManager.GetVirtualPathObjectFactory(VirtualPath virtualPath, HttpContext context, Boolean allowCrossApp, Boolean throwIfNotFound)
   at System.Web.Compilation.BuildManager.CreateInstanceFromVirtualPath(VirtualPath virtualPath, Type requiredBaseType, HttpContext context, Boolean allowCrossApp)
   at System.Web.UI.PageHandlerFactory.GetHandlerHelper(HttpContext context, String requestType, VirtualPath virtualPath, String physicalPath)
   at System.Web.UI.PageHandlerFactory.GetHandler(HttpContext context, String requestType, String virtualPath, String path)
   at System.Web.HttpApplication.MaterializeHandlerExecutionStep.System.Web.HttpApplication.IExecutionStep.Execute()
   at System.Web.HttpApplication.ExecuteStep(IExecutionStep step, Boolean& completedSynchronously)

Additional Info:

MachineName : WEB03
TimeStamp : 2/3/2015 12:34:09 AM
FullName : Telerik.Sitefinity.Utilities, Version=5.2.3700.0, Culture=neutral, PublicKeyToken=b28c218413bdf563
AppDomainName : /LM/W3SVC/124/ROOT-1-130673646290156250
ThreadIdentity : 
WindowsIdentity : SWBROADBAND\oldsugar
Requested URL : http://www.oldsugarmill.com/admin/fckeditor/editor/filemanager/upload/aspx/upload.aspx


Category: ErrorLog

Priority: 0

EventId: 90000

Severity: Error

Title:Enterprise Library Exception Handling

Machine: WEB03

App Domain: /LM/W3SVC/124/ROOT-1-130673646290156250

ProcessId: 9708

Process Name: C:\Windows\SysWOW64\inetsrv\w3wp.exe

Thread Name: 

Win32 ThreadId:4244

Extended Properties: 
----------------------------------------
----------------------------------------
Timestamp: 2/3/2015 12:34:09 AM

Message: HandlingInstanceID: 2f389c65-4f7f-44e8-9aa3-8e9b5285c0fc
An exception of type 'System.Web.HttpException' occurred and was caught.
------------------------------------------------------------------------
02/03/2015 00:34:09
Type : System.Web.HttpException, System.Web, Version=4.0.0.0, Culture=neutral, PublicKeyToken=b03f5f7f11d50a3a
Message : The file '/ckeditor/ckfinder/core/connector/aspx/connector.aspx' does not exist.
Source : System.Web
Help link : 
WebEventCode : 0
ErrorCode : -2147467259
Data : System.Collections.ListDictionaryInternal
TargetSite : Void CheckVirtualFileExists(System.Web.VirtualPath)
HResult : -2147467259
Stack Trace :    at System.Web.UI.Util.CheckVirtualFileExists(VirtualPath virtualPath)
   at System.Web.Compilation.BuildManager.GetVPathBuildResultInternal(VirtualPath virtualPath, Boolean noBuild, Boolean allowCrossApp, Boolean allowBuildInPrecompile, Boolean throwIfNotFound, Boolean ensureIsUpToDate)
   at System.Web.Compilation.BuildManager.GetVPathBuildResultWithNoAssert(HttpContext context, VirtualPath virtualPath, Boolean noBuild, Boolean allowCrossApp, Boolean allowBuildInPrecompile, Boolean throwIfNotFound, Boolean ensureIsUpToDate)
   at System.Web.Compilation.BuildManager.GetVirtualPathObjectFactory(VirtualPath virtualPath, HttpContext context, Boolean allowCrossApp, Boolean throwIfNotFound)
   at System.Web.Compilation.BuildManager.CreateInstanceFromVirtualPath(VirtualPath virtualPath, Type requiredBaseType, HttpContext context, Boolean allowCrossApp)
   at System.Web.UI.PageHandlerFactory.GetHandlerHelper(HttpContext context, String requestType, VirtualPath virtualPath, String physicalPath)
   at System.Web.UI.PageHandlerFactory.GetHandler(HttpContext context, String requestType, String virtualPath, String path)
   at System.Web.HttpApplication.MaterializeHandlerExecutionStep.System.Web.HttpApplication.IExecutionStep.Execute()
   at System.Web.HttpApplication.ExecuteStep(IExecutionStep step, Boolean& completedSynchronously)

Additional Info:

MachineName : WEB03
TimeStamp : 2/3/2015 12:34:09 AM
FullName : Telerik.Sitefinity.Utilities, Version=5.2.3700.0, Culture=neutral, PublicKeyToken=b28c218413bdf563
AppDomainName : /LM/W3SVC/124/ROOT-1-130673646290156250
ThreadIdentity : 
WindowsIdentity : SWBROADBAND\oldsugar
Requested URL : http://www.oldsugarmill.com/ckeditor/ckfinder/core/connector/aspx/connector.aspx


Category: ErrorLog

Priority: 0

EventId: 90000

Severity: Error

Title:Enterprise Library Exception Handling

Machine: WEB03

App Domain: /LM/W3SVC/124/ROOT-1-130673646290156250

ProcessId: 9708

Process Name: C:\Windows\SysWOW64\inetsrv\w3wp.exe

Thread Name: 

Win32 ThreadId:9912

Extended Properties: 
----------------------------------------
----------------------------------------
Timestamp: 03/02/2015 00:34:58

Message: HandlingInstanceID: 80cf01c1-2111-454e-a5ba-81899ffb80fc
An exception of type 'System.Web.HttpException' occurred and was caught.
------------------------------------------------------------------------
02/03/2015 00:34:58
Type : System.Web.HttpException, System.Web, Version=4.0.0.0, Culture=neutral, PublicKeyToken=b03f5f7f11d50a3a
Message : This is an invalid webresource request.
Source : System.Web
Help link : 
WebEventCode : 0
ErrorCode : -2147467259
Data : System.Collections.ListDictionaryInternal
TargetSite : Void System.Web.IHttpHandler.ProcessRequest(System.Web.HttpContext)
HResult : -2147467259
Stack Trace :    at System.Web.Handlers.AssemblyResourceLoader.System.Web.IHttpHandler.ProcessRequest(HttpContext context)
   at System.Web.HttpApplication.CallHandlerExecutionStep.System.Web.HttpApplication.IExecutionStep.Execute()
   at System.Web.HttpApplication.ExecuteStep(IExecutionStep step, Boolean& completedSynchronously)

Additional Info:

MachineName : WEB03
TimeStamp : 03/02/2015 00:34:58
FullName : Telerik.Sitefinity.Utilities, Version=5.2.3700.0, Culture=neutral, PublicKeyToken=b28c218413bdf563
AppDomainName : /LM/W3SVC/124/ROOT-1-130673646290156250
ThreadIdentity : 
WindowsIdentity : SWBROADBAND\oldsugar
Requested URL : http://oldsugarmill.swbroadband.co.uk/webresource.axd?d=1daar01f2z2no0ztcfzi5mpnrbt-r1ayi_n4_jr-07d5xtu_aildwi4-x7hmzemlyemreoqjxeksx4y6l9c0axdw-gngsno-lzudaeeblxe1&amp;t=635418570520000000


Category: ErrorLog

Priority: 0

EventId: 90000

Severity: Error

Title:Enterprise Library Exception Handling

Machine: WEB03

App Domain: /LM/W3SVC/124/ROOT-1-130673646290156250

ProcessId: 9708

Process Name: C:\Windows\SysWOW64\inetsrv\w3wp.exe

Thread Name: 

Win32 ThreadId:9912

Extended Properties: 
----------------------------------------
----------------------------------------
Timestamp: 03/02/2015 00:37:39

Message: HandlingInstanceID: 0ca68190-0f30-448d-8407-340641d049ef
An exception of type 'System.Web.HttpException' occurred and was caught.
------------------------------------------------------------------------
02/03/2015 00:37:39
Type : System.Web.HttpException, System.Web, Version=4.0.0.0, Culture=neutral, PublicKeyToken=b03f5f7f11d50a3a
Message : This is an invalid script resource request.
Source : System.Web.Extensions
Help link : 
WebEventCode : 0
ErrorCode : -2147467259
Data : System.Collections.ListDictionaryInternal
TargetSite : Void ProcessRequest(System.Web.HttpContextBase, VirtualFileReader, System.Action`2[System.String,System.Exception], Boolean)
HResult : -2147467259
Stack Trace :    at System.Web.Handlers.ScriptResourceHandler.ProcessRequest(HttpContextBase context, VirtualFileReader fileReader, Action`2 logAction, Boolean validatePath)
   at System.Web.Handlers.ScriptResourceHandler.ProcessRequest(HttpContext context)
   at System.Web.Handlers.ScriptResourceHandler.System.Web.IHttpHandler.ProcessRequest(HttpContext context)
   at System.Web.HttpApplication.CallHandlerExecutionStep.System.Web.HttpApplication.IExecutionStep.Execute()
   at System.Web.HttpApplication.ExecuteStep(IExecutionStep step, Boolean& completedSynchronously)

Additional Info:

MachineName : WEB03
TimeStamp : 03/02/2015 00:37:39
FullName : Telerik.Sitefinity.Utilities, Version=5.2.3700.0, Culture=neutral, PublicKeyToken=b28c218413bdf563
AppDomainName : /LM/W3SVC/124/ROOT-1-130673646290156250
ThreadIdentity : 
WindowsIdentity : SWBROADBAND\oldsugar
Requested URL : http://oldsugarmill.swbroadband.co.uk/scriptresource.axd?d=elh64bixvq-wd-aodziuydz-cp85f1mrox_v4yenf9rvsi-zc86dbiytpwfcd3fvybepikw3k5qxvbhzonveoobwjf4yu7wd6wpbovctx3rxubca_ledzohyyfqlt2tfrvw5zqxtsirnwxuwbohk094kztugl7fmkmbwthtu3ttqyfqgyfe95j_5e7utpmeq0&amp;t=155533f4


Category: ErrorLog

Priority: 0

EventId: 90000

Severity: Error

Title:Enterprise Library Exception Handling

Machine: WEB03

App Domain: /LM/W3SVC/124/ROOT-1-130673646290156250

ProcessId: 9708

Process Name: C:\Windows\SysWOW64\inetsrv\w3wp.exe

Thread Name: 

Win32 ThreadId:1908

Extended Properties: 
----------------------------------------
