----------------------------------------
Timestamp: 10/29/2015 1:42:29 AM

Message: HandlingInstanceID: d60a9599-009d-48fd-ba41-6a3ad4838c05
An exception of type 'System.Web.HttpException' occurred and was caught.
------------------------------------------------------------------------
10/29/2015 01:42:29
Type : System.Web.HttpException, System.Web, Version=4.0.0.0, Culture=neutral, PublicKeyToken=b03f5f7f11d50a3a
Message : The requested page doesn't exist or you do not have sufficient privileges to view it.
Source : Telerik.Sitefinity
Help link : 
WebEventCode : 0
ErrorCode : -2147467259
Data : System.Collections.ListDictionaryInternal
TargetSite : Boolean ProcessRedirects(System.Web.HttpContextBase, Telerik.Sitefinity.Web.PageSiteNode ByRef, Boolean, System.String[])
HResult : -2147467259
Stack Trace :    at Telerik.Sitefinity.Web.SitefinityRoute.ProcessRedirects(HttpContextBase httpContext, PageSiteNode& node, Boolean isAdditionalUrl, String[] urlParams)
   at Telerik.Sitefinity.Web.SitefinityRoute.GetRouteData(HttpContextBase httpContext)
   at System.Web.Routing.RouteCollection.GetRouteData(HttpContextBase httpContext)
   at System.Web.Routing.UrlRoutingModule.PostResolveRequestCache(HttpContextBase context)
   at System.Web.Routing.UrlRoutingModule.OnApplicationPostResolveRequestCache(Object sender, EventArgs e)
   at System.Web.HttpApplication.SyncEventExecutionStep.System.Web.HttpApplication.IExecutionStep.Execute()
   at System.Web.HttpApplication.ExecuteStep(IExecutionStep step, Boolean& completedSynchronously)

Additional Info:

MachineName : WINDOWS01
TimeStamp : 10/29/2015 1:42:29 AM
FullName : Telerik.Sitefinity.Utilities, Version=5.2.3700.0, Culture=neutral, PublicKeyToken=b28c218413bdf563
AppDomainName : /LM/W3SVC/76/ROOT-1-130905558654830408
ThreadIdentity : 
WindowsIdentity : WINDOWS01\IWPD_279(oldsugar)
Requested URL : http://oldsugarmill.com/topbar/about


Category: ErrorLog

Priority: 0

EventId: 90000

Severity: Error

Title:Enterprise Library Exception Handling

Machine: WINDOWS01

App Domain: /LM/W3SVC/76/ROOT-1-130905558654830408

ProcessId: 14220

Process Name: C:\Windows\SysWOW64\inetsrv\w3wp.exe

Thread Name: 

Win32 ThreadId:48784

Extended Properties: 
----------------------------------------
----------------------------------------
Timestamp: 10/29/2015 1:43:42 AM

Message: HandlingInstanceID: 97de9ba7-03dc-4d35-a06e-f422ad4817b3
An exception of type 'System.Web.HttpException' occurred and was caught.
------------------------------------------------------------------------
10/29/2015 01:43:42
Type : System.Web.HttpException, System.Web, Version=4.0.0.0, Culture=neutral, PublicKeyToken=b03f5f7f11d50a3a
Message : This is an invalid webresource request.
Source : System.Web
Help link : 
WebEventCode : 0
ErrorCode : -2147467259
Data : System.Collections.ListDictionaryInternal
TargetSite : Void System.Web.IHttpHandler.ProcessRequest(System.Web.HttpContext)
HResult : -2147467259
Stack Trace :    at System.Web.Handlers.AssemblyResourceLoader.System.Web.IHttpHandler.ProcessRequest(HttpContext context)
   at System.Web.HttpApplication.CallHandlerExecutionStep.System.Web.HttpApplication.IExecutionStep.Execute()
   at System.Web.HttpApplication.ExecuteStep(IExecutionStep step, Boolean& completedSynchronously)

Additional Info:

MachineName : WINDOWS01
TimeStamp : 10/29/2015 1:43:42 AM
FullName : Telerik.Sitefinity.Utilities, Version=5.2.3700.0, Culture=neutral, PublicKeyToken=b28c218413bdf563
AppDomainName : /LM/W3SVC/76/ROOT-1-130905558654830408
ThreadIdentity : 
WindowsIdentity : WINDOWS01\IWPD_279(oldsugar)
Requested URL : http://oldsugarmill.com/WebResource.axd?d=FHY0wR_13lDtLRpPuUnkoRzQxtA5i-vl90WtfHvHOOHTlI7Gqm6wn6f1W4nK0bU4figjDYELwgQSqfKdeIc23y9-83S-Z-7ZLitk3tdzpJjozFLUOCGBTI8BOCtdwY0ZbTTm_6TvvIAU1TPzTyTlICCoJjHIP0pIxMOzD13EYROAa9EUFqFffFZo_o_BTLKPqahYJ6PgTA3oBn7---qJQg2&t=635602821092283885


Category: ErrorLog

Priority: 0

EventId: 90000

Severity: Error

Title:Enterprise Library Exception Handling

Machine: WINDOWS01

App Domain: /LM/W3SVC/76/ROOT-1-130905558654830408

ProcessId: 14220

Process Name: C:\Windows\SysWOW64\inetsrv\w3wp.exe

Thread Name: 

Win32 ThreadId:50648

Extended Properties: 
----------------------------------------
----------------------------------------
Timestamp: 29/10/2015 04:46:28

Message: HandlingInstanceID: a7858071-4e6b-4904-861d-c9dd23e13d22
An exception of type 'System.Web.HttpException' occurred and was caught.
------------------------------------------------------------------------
10/29/2015 04:46:28
Type : System.Web.HttpException, System.Web, Version=4.0.0.0, Culture=neutral, PublicKeyToken=b03f5f7f11d50a3a
Message : This is an invalid script resource request.
Source : System.Web.Extensions
Help link : 
WebEventCode : 0
ErrorCode : -2147467259
Data : System.Collections.ListDictionaryInternal
TargetSite : Void ProcessRequest(System.Web.HttpContextBase, VirtualFileReader, System.Action`2[System.String,System.Exception], Boolean)
HResult : -2147467259
Stack Trace :    at System.Web.Handlers.ScriptResourceHandler.ProcessRequest(HttpContextBase context, VirtualFileReader fileReader, Action`2 logAction, Boolean validatePath)
   at System.Web.Handlers.ScriptResourceHandler.ProcessRequest(HttpContext context)
   at System.Web.Handlers.ScriptResourceHandler.System.Web.IHttpHandler.ProcessRequest(HttpContext context)
   at System.Web.HttpApplication.CallHandlerExecutionStep.System.Web.HttpApplication.IExecutionStep.Execute()
   at System.Web.HttpApplication.ExecuteStep(IExecutionStep step, Boolean& completedSynchronously)

Additional Info:

MachineName : WINDOWS01
TimeStamp : 29/10/2015 04:46:28
FullName : Telerik.Sitefinity.Utilities, Version=5.2.3700.0, Culture=neutral, PublicKeyToken=b28c218413bdf563
AppDomainName : /LM/W3SVC/76/ROOT-1-130905664702446986
ThreadIdentity : 
WindowsIdentity : WINDOWS01\IWPD_279(oldsugar)
Requested URL : http://oldsugarmill.swbroadband.co.uk/ScriptResource.axd?d=9W0yoCJiPVgciQBzLx7LlIFbJxw_fZQK1xZFcWgaf-HixiF9gpCAzpcMc1-3qM8gkkTsDgmXKJoPaqoOVwhqNMA_rVKgt8g77R5aysvlkeVjuhhFXADUDkXmOVQ4LUktoYHPNqf95Ktb0ke1iQUEX1zlQwqeywg8abO4cOh90tU1&t=ffffffff805766b3


Category: ErrorLog

Priority: 0

EventId: 90000

Severity: Error

Title:Enterprise Library Exception Handling

Machine: WINDOWS01

App Domain: /LM/W3SVC/76/ROOT-1-130905664702446986

ProcessId: 12048

Process Name: C:\Windows\SysWOW64\inetsrv\w3wp.exe

Thread Name: 

Win32 ThreadId:6828

Extended Properties: 
----------------------------------------
----------------------------------------
Timestamp: 29/10/2015 04:46:28

Message: HandlingInstanceID: 5b762500-23d2-4623-847e-3837835dd32b
An exception of type 'System.Web.HttpException' occurred and was caught.
------------------------------------------------------------------------
10/29/2015 04:46:28
Type : System.Web.HttpException, System.Web, Version=4.0.0.0, Culture=neutral, PublicKeyToken=b03f5f7f11d50a3a
Message : This is an invalid script resource request.
Source : System.Web.Extensions
Help link : 
WebEventCode : 0
ErrorCode : -2147467259
Data : System.Collections.ListDictionaryInternal
TargetSite : Void ProcessRequest(System.Web.HttpContextBase, VirtualFileReader, System.Action`2[System.String,System.Exception], Boolean)
HResult : -2147467259
Stack Trace :    at System.Web.Handlers.ScriptResourceHandler.ProcessRequest(HttpContextBase context, VirtualFileReader fileReader, Action`2 logAction, Boolean validatePath)
   at System.Web.Handlers.ScriptResourceHandler.ProcessRequest(HttpContext context)
   at System.Web.Handlers.ScriptResourceHandler.System.Web.IHttpHandler.ProcessRequest(HttpContext context)
   at System.Web.HttpApplication.CallHandlerExecutionStep.System.Web.HttpApplication.IExecutionStep.Execute()
   at System.Web.HttpApplication.ExecuteStep(IExecutionStep step, Boolean& completedSynchronously)

Additional Info:

MachineName : WINDOWS01
TimeStamp : 29/10/2015 04:46:28
FullName : Telerik.Sitefinity.Utilities, Version=5.2.3700.0, Culture=neutral, PublicKeyToken=b28c218413bdf563
AppDomainName : /LM/W3SVC/76/ROOT-1-130905664702446986
ThreadIdentity : 
WindowsIdentity : WINDOWS01\IWPD_279(oldsugar)
Requested URL : http://oldsugarmill.swbroadband.co.uk/ScriptResource.axd?d=OIiDxG-Vh1_NRU9Srkf9xahRFuEEb0cR1WJUEyWLEwOONZliu23kXMO7GqhaEUHTiYISURsluc63NRU8KC5AfDMjuQ1xz_VxF0xJTE-Y-9od52tPanOTU5tyjHXMSXoJPIRLZLLMQeIfKunG7NxQlOV8eGGLx-R0xTSe_BW6C-su-49JhppRgWXYAr4gNZjE0&t=ffffffff805766b3


Category: ErrorLog

Priority: 0

EventId: 90000

Severity: Error

Title:Enterprise Library Exception Handling

Machine: WINDOWS01

App Domain: /LM/W3SVC/76/ROOT-1-130905664702446986

ProcessId: 12048

Process Name: C:\Windows\SysWOW64\inetsrv\w3wp.exe

Thread Name: 

Win32 ThreadId:4040

Extended Properties: 
----------------------------------------
----------------------------------------
Timestamp: 29/10/2015 04:46:29

Message: HandlingInstanceID: 3eaf4081-8eb8-470e-bb0c-c39d864d010c
An exception of type 'System.Web.HttpException' occurred and was caught.
------------------------------------------------------------------------
10/29/2015 04:46:29
Type : System.Web.HttpException, System.Web, Version=4.0.0.0, Culture=neutral, PublicKeyToken=b03f5f7f11d50a3a
Message : This is an invalid webresource request.
Source : System.Web
Help link : 
WebEventCode : 0
ErrorCode : -2147467259
Data : System.Collections.ListDictionaryInternal
TargetSite : Void System.Web.IHttpHandler.ProcessRequest(System.Web.HttpContext)
HResult : -2147467259
Stack Trace :    at System.Web.Handlers.AssemblyResourceLoader.System.Web.IHttpHandler.ProcessRequest(HttpContext context)
   at System.Web.HttpApplication.CallHandlerExecutionStep.System.Web.HttpApplication.IExecutionStep.Execute()
   at System.Web.HttpApplication.ExecuteStep(IExecutionStep step, Boolean& completedSynchronously)

Additional Info:

MachineName : WINDOWS01
TimeStamp : 29/10/2015 04:46:29
FullName : Telerik.Sitefinity.Utilities, Version=5.2.3700.0, Culture=neutral, PublicKeyToken=b28c218413bdf563
AppDomainName : /LM/W3SVC/76/ROOT-1-130905664702446986
ThreadIdentity : 
WindowsIdentity : WINDOWS01\IWPD_279(oldsugar)
Requested URL : http://oldsugarmill.swbroadband.co.uk/WebResource.axd?d=i7nMY_vCbQEnqrOTqUJU_CTuftoeTer6c-a_C9b8SMtr4sEl3iA534jkAbD4VOik9V0xewutyvLyNLXb7PZEA75E52tZLCP9B0fVFVZHqj41&t=635588618558757176


Category: ErrorLog

Priority: 0

EventId: 90000

Severity: Error

Title:Enterprise Library Exception Handling

Machine: WINDOWS01

App Domain: /LM/W3SVC/76/ROOT-1-130905664702446986

ProcessId: 12048

Process Name: C:\Windows\SysWOW64\inetsrv\w3wp.exe

Thread Name: 

Win32 ThreadId:32596

Extended Properties: 
----------------------------------------
----------------------------------------
Timestamp: 29/10/2015 04:46:30

Message: HandlingInstanceID: 529d686f-84ee-4880-92f0-379fa1b4ff1d
An exception of type 'System.Web.HttpException' occurred and was caught.
------------------------------------------------------------------------
10/29/2015 04:46:30
Type : System.Web.HttpException, System.Web, Version=4.0.0.0, Culture=neutral, PublicKeyToken=b03f5f7f11d50a3a
Message : This is an invalid webresource request.
Source : System.Web
Help link : 
WebEventCode : 0
ErrorCode : -2147467259
Data : System.Collections.ListDictionaryInternal
TargetSite : Void System.Web.IHttpHandler.ProcessRequest(System.Web.HttpContext)
HResult : -2147467259
Stack Trace :    at System.Web.Handlers.AssemblyResourceLoader.System.Web.IHttpHandler.ProcessRequest(HttpContext context)
   at System.Web.HttpApplication.CallHandlerExecutionStep.System.Web.HttpApplication.IExecutionStep.Execute()
   at System.Web.HttpApplication.ExecuteStep(IExecutionStep step, Boolean& completedSynchronously)

Additional Info:

MachineName : WINDOWS01
TimeStamp : 29/10/2015 04:46:30
FullName : Telerik.Sitefinity.Utilities, Version=5.2.3700.0, Culture=neutral, PublicKeyToken=b28c218413bdf563
AppDomainName : /LM/W3SVC/76/ROOT-1-130905664702446986
ThreadIdentity : 
WindowsIdentity : WINDOWS01\IWPD_279(oldsugar)
Requested URL : http://oldsugarmill.swbroadband.co.uk/WebResource.axd?d=ClvbXR_40tj5Lcd6_zey79RKJVNM6G6VJ3x5yUUw49m-V415A8QEF3eLOtaises97-dTxGZM5doPO3LdMK8I1ZOqgWHuFzeWFioa0vNexGU1&t=635588618558757176


Category: ErrorLog

Priority: 0

EventId: 90000

Severity: Error

Title:Enterprise Library Exception Handling

Machine: WINDOWS01

App Domain: /LM/W3SVC/76/ROOT-1-130905664702446986

ProcessId: 12048

Process Name: C:\Windows\SysWOW64\inetsrv\w3wp.exe

Thread Name: 

Win32 ThreadId:33484

Extended Properties: 
----------------------------------------
----------------------------------------
Timestamp: 29/10/2015 04:46:30

Message: HandlingInstanceID: 4bd99416-d813-4ead-ae4d-3cf4d43eb6f9
An exception of type 'System.Web.HttpException' occurred and was caught.
------------------------------------------------------------------------
10/29/2015 04:46:30
Type : System.Web.HttpException, System.Web, Version=4.0.0.0, Culture=neutral, PublicKeyToken=b03f5f7f11d50a3a
Message : This is an invalid script resource request.
Source : System.Web.Extensions
Help link : 
WebEventCode : 0
ErrorCode : -2147467259
Data : System.Collections.ListDictionaryInternal
TargetSite : Void ProcessRequest(System.Web.HttpContextBase, VirtualFileReader, System.Action`2[System.String,System.Exception], Boolean)
HResult : -2147467259
Stack Trace :    at System.Web.Handlers.ScriptResourceHandler.ProcessRequest(HttpContextBase context, VirtualFileReader fileReader, Action`2 logAction, Boolean validatePath)
   at System.Web.Handlers.ScriptResourceHandler.ProcessRequest(HttpContext context)
   at System.Web.Handlers.ScriptResourceHandler.System.Web.IHttpHandler.ProcessRequest(HttpContext context)
   at System.Web.HttpApplication.CallHandlerExecutionStep.System.Web.HttpApplication.IExecutionStep.Execute()
   at System.Web.HttpApplication.ExecuteStep(IExecutionStep step, Boolean& completedSynchronously)

Additional Info:

MachineName : WINDOWS01
TimeStamp : 29/10/2015 04:46:30
FullName : Telerik.Sitefinity.Utilities, Version=5.2.3700.0, Culture=neutral, PublicKeyToken=b28c218413bdf563
AppDomainName : /LM/W3SVC/76/ROOT-1-130905664702446986
ThreadIdentity : 
WindowsIdentity : WINDOWS01\IWPD_279(oldsugar)
Requested URL : http://oldsugarmill.swbroadband.co.uk/ScriptResource.axd?d=QH-KwddcfD3NpppSIqwW58FiLHga0pQDWEJ8_6RzKg5tvIPBy2tXyADjzP9Lur9GK89da0W1Szo6TBLRm_xae9I4H39xvVPBlb0UGn1i4iC-a69ppYocL7m2DwvJboYgfNllRST44202NdG0ds59ambMMN4CDQ5uSifl7NoSN801&t=ffffffff805766b3


Category: ErrorLog

Priority: 0

EventId: 90000

Severity: Error

Title:Enterprise Library Exception Handling

Machine: WINDOWS01

App Domain: /LM/W3SVC/76/ROOT-1-130905664702446986

ProcessId: 12048

Process Name: C:\Windows\SysWOW64\inetsrv\w3wp.exe

Thread Name: 

Win32 ThreadId:43900

Extended Properties: 
----------------------------------------
----------------------------------------
Timestamp: 29/10/2015 04:46:31

Message: HandlingInstanceID: 8693294c-b3da-48fb-8e74-61965cc96841
An exception of type 'System.Web.HttpException' occurred and was caught.
------------------------------------------------------------------------
10/29/2015 04:46:31
Type : System.Web.HttpException, System.Web, Version=4.0.0.0, Culture=neutral, PublicKeyToken=b03f5f7f11d50a3a
Message : This is an invalid script resource request.
Source : System.Web.Extensions
Help link : 
WebEventCode : 0
ErrorCode : -2147467259
Data : System.Collections.ListDictionaryInternal
TargetSite : Void ProcessRequest(System.Web.HttpContextBase, VirtualFileReader, System.Action`2[System.String,System.Exception], Boolean)
HResult : -2147467259
Stack Trace :    at System.Web.Handlers.ScriptResourceHandler.ProcessRequest(HttpContextBase context, VirtualFileReader fileReader, Action`2 logAction, Boolean validatePath)
   at System.Web.Handlers.ScriptResourceHandler.ProcessRequest(HttpContext context)
   at System.Web.Handlers.ScriptResourceHandler.System.Web.IHttpHandler.ProcessRequest(HttpContext context)
   at System.Web.HttpApplication.CallHandlerExecutionStep.System.Web.HttpApplication.IExecutionStep.Execute()
   at System.Web.HttpApplication.ExecuteStep(IExecutionStep step, Boolean& completedSynchronously)

Additional Info:

MachineName : WINDOWS01
TimeStamp : 29/10/2015 04:46:31
FullName : Telerik.Sitefinity.Utilities, Version=5.2.3700.0, Culture=neutral, PublicKeyToken=b28c218413bdf563
AppDomainName : /LM/W3SVC/76/ROOT-1-130905664702446986
ThreadIdentity : 
WindowsIdentity : WINDOWS01\IWPD_279(oldsugar)
Requested URL : http://oldsugarmill.swbroadband.co.uk/ScriptResource.axd?d=t2nprhnpAXuTYsxge6qEJwJ6WXZ42Hph4oDLX3VMwTHO0T84Rgjgb3eyguZANYjK0Ba2mj2-QyJQYuhiQq5XQq2vOcAYUbiGRFIQYo49nq4L7tMryVa5cxyNDBg8mGyY9LSyr5CvaRyT6phtEQV9zVaLL1OTUKWIbmKyvPfk5sKawMjXsNx8DENy7Ye90CYS0&t=ffffffff805766b3


Category: ErrorLog

Priority: 0

EventId: 90000

Severity: Error

Title:Enterprise Library Exception Handling

Machine: WINDOWS01

App Domain: /LM/W3SVC/76/ROOT-1-130905664702446986

ProcessId: 12048

Process Name: C:\Windows\SysWOW64\inetsrv\w3wp.exe

Thread Name: 

Win32 ThreadId:16052

Extended Properties: 
----------------------------------------
----------------------------------------
Timestamp: 10/29/2015 5:20:59 AM

Message: HandlingInstanceID: 2999e1c9-6fb3-4683-ba30-db3a35eb4f1a
An exception of type 'System.Web.HttpException' occurred and was caught.
------------------------------------------------------------------------
10/29/2015 05:20:59
Type : System.Web.HttpException, System.Web, Version=4.0.0.0, Culture=neutral, PublicKeyToken=b03f5f7f11d50a3a
Message : This is an invalid webresource request.
Source : System.Web
Help link : 
WebEventCode : 0
ErrorCode : -2147467259
Data : System.Collections.ListDictionaryInternal
TargetSite : Void System.Web.IHttpHandler.ProcessRequest(System.Web.HttpContext)
HResult : -2147467259
Stack Trace :    at System.Web.Handlers.AssemblyResourceLoader.System.Web.IHttpHandler.ProcessRequest(HttpContext context)
   at System.Web.HttpApplication.CallHandlerExecutionStep.System.Web.HttpApplication.IExecutionStep.Execute()
   at System.Web.HttpApplication.ExecuteStep(IExecutionStep step, Boolean& completedSynchronously)

Additional Info:

MachineName : WINDOWS01
TimeStamp : 10/29/2015 5:20:59 AM
FullName : Telerik.Sitefinity.Utilities, Version=5.2.3700.0, Culture=neutral, PublicKeyToken=b28c218413bdf563
AppDomainName : /LM/W3SVC/76/ROOT-1-130905693988334753
ThreadIdentity : 
WindowsIdentity : WINDOWS01\IWPD_279(oldsugar)
Requested URL : http://oldsugarmill.com/WebResource.axd?d=OXsGxBpDBYVQM8OBZ4izKGLyXzfVExJgLTqocQBOvb7W6PPJbXjuhUTUEcYAeHUEXnLJr0CLp35X3kBtHh3TA7I1RB6PRsBCUqPmtcDwXC7Vgp-NJDu2dXS98FiTjzky17f-OSjQQu7DvTt7r-D-JVx24B9tDGRDIlYnmNHU50i6YU5R5hhl1cKEAro5--pWVU4tRsxeMV_A1FZHvOhdhg2&t=635602821092283885


Category: ErrorLog

Priority: 0

EventId: 90000

Severity: Error

Title:Enterprise Library Exception Handling

Machine: WINDOWS01

App Domain: /LM/W3SVC/76/ROOT-1-130905693988334753

ProcessId: 34172

Process Name: C:\Windows\SysWOW64\inetsrv\w3wp.exe

Thread Name: 

Win32 ThreadId:44648

Extended Properties: 
----------------------------------------
----------------------------------------
Timestamp: 29/10/2015 06:16:17

Message: HandlingInstanceID: 1647b5f2-7253-4bb7-8ff5-24351245aaec
An exception of type 'System.Web.HttpException' occurred and was caught.
------------------------------------------------------------------------
10/29/2015 06:16:17
Type : System.Web.HttpException, System.Web, Version=4.0.0.0, Culture=neutral, PublicKeyToken=b03f5f7f11d50a3a
Message : This is an invalid script resource request.
Source : System.Web.Extensions
Help link : 
WebEventCode : 0
ErrorCode : -2147467259
Data : System.Collections.ListDictionaryInternal
TargetSite : Void ProcessRequest(System.Web.HttpContextBase, VirtualFileReader, System.Action`2[System.String,System.Exception], Boolean)
HResult : -2147467259
Stack Trace :    at System.Web.Handlers.ScriptResourceHandler.ProcessRequest(HttpContextBase context, VirtualFileReader fileReader, Action`2 logAction, Boolean validatePath)
   at System.Web.Handlers.ScriptResourceHandler.ProcessRequest(HttpContext context)
   at System.Web.Handlers.ScriptResourceHandler.System.Web.IHttpHandler.ProcessRequest(HttpContext context)
   at System.Web.HttpApplication.CallHandlerExecutionStep.System.Web.HttpApplication.IExecutionStep.Execute()
   at System.Web.HttpApplication.ExecuteStep(IExecutionStep step, Boolean& completedSynchronously)

Additional Info:

MachineName : WINDOWS01
TimeStamp : 29/10/2015 06:16:17
FullName : Telerik.Sitefinity.Utilities, Version=5.2.3700.0, Culture=neutral, PublicKeyToken=b28c218413bdf563
AppDomainName : /LM/W3SVC/76/ROOT-1-130905729641049704
ThreadIdentity : 
WindowsIdentity : WINDOWS01\IWPD_279(oldsugar)
Requested URL : http://oldsugarmill.com/ScriptResource.axd?d=82cwvIwT1Dnn469qbw9gkGbOIUUkeKT1dV6H0uJ4HD-VKihG3oie1BJBqsqpEIeeZRKa0WygMeTI-1W6GSeLG8mlJhe_-IohZGtHhK8WMqHvyAmEzCja5ywx0Zf3XDC-IyRx-gwGi42gUHSexfWEC5HCwzbf9fvqVaXgDxgSG6d8oh_YSBSpomhrHdOMyhrC7vspprqjm0momdrn0CNrzA2&t=155533f4


Category: ErrorLog

Priority: 0

EventId: 90000

Severity: Error

Title:Enterprise Library Exception Handling

Machine: WINDOWS01

App Domain: /LM/W3SVC/76/ROOT-1-130905729641049704

ProcessId: 7036

Process Name: C:\Windows\SysWOW64\inetsrv\w3wp.exe

Thread Name: 

Win32 ThreadId:13280

Extended Properties: 
----------------------------------------
----------------------------------------
Timestamp: 29/10/2015 06:16:17

Message: HandlingInstanceID: 554e6a0d-cc78-46fe-81ca-ac33e5da1028
An exception of type 'System.Web.HttpException' occurred and was caught.
------------------------------------------------------------------------
10/29/2015 06:16:17
Type : System.Web.HttpException, System.Web, Version=4.0.0.0, Culture=neutral, PublicKeyToken=b03f5f7f11d50a3a
Message : This is an invalid script resource request.
Source : System.Web.Extensions
Help link : 
WebEventCode : 0
ErrorCode : -2147467259
Data : System.Collections.ListDictionaryInternal
TargetSite : Void ProcessRequest(System.Web.HttpContextBase, VirtualFileReader, System.Action`2[System.String,System.Exception], Boolean)
HResult : -2147467259
Stack Trace :    at System.Web.Handlers.ScriptResourceHandler.ProcessRequest(HttpContextBase context, VirtualFileReader fileReader, Action`2 logAction, Boolean validatePath)
   at System.Web.Handlers.ScriptResourceHandler.ProcessRequest(HttpContext context)
   at System.Web.Handlers.ScriptResourceHandler.System.Web.IHttpHandler.ProcessRequest(HttpContext context)
   at System.Web.HttpApplication.CallHandlerExecutionStep.System.Web.HttpApplication.IExecutionStep.Execute()
   at System.Web.HttpApplication.ExecuteStep(IExecutionStep step, Boolean& completedSynchronously)

Additional Info:

MachineName : WINDOWS01
TimeStamp : 29/10/2015 06:16:17
FullName : Telerik.Sitefinity.Utilities, Version=5.2.3700.0, Culture=neutral, PublicKeyToken=b28c218413bdf563
AppDomainName : /LM/W3SVC/76/ROOT-1-130905729641049704
ThreadIdentity : 
WindowsIdentity : WINDOWS01\IWPD_279(oldsugar)
Requested URL : http://oldsugarmill.com/ScriptResource.axd?d=YI_9v5FpwYY-VUIMtMKbP526xvoQEckPfCfuVHIm1DZwLE2GsR2zslUK2VyIsVUG0JeusjPyLv5X1Ea1b_4yFTvira-y8_zKsPsR2c1N17ISfAAtFperSsDFkIorp3zG0ZOIyaRNVP30yV20qPXgPorFhBtYcEnM6i7UdiXks-T2sfZtK8mUNCVmkZOmsBJc0&t=155533f4


Category: ErrorLog

Priority: 0

EventId: 90000

Severity: Error

Title:Enterprise Library Exception Handling

Machine: WINDOWS01

App Domain: /LM/W3SVC/76/ROOT-1-130905729641049704

ProcessId: 7036

Process Name: C:\Windows\SysWOW64\inetsrv\w3wp.exe

Thread Name: 

Win32 ThreadId:13280

Extended Properties: 
----------------------------------------
----------------------------------------
Timestamp: 29/10/2015 06:16:19

Message: HandlingInstanceID: 5a04351d-7288-4722-bf47-7b770874988d
An exception of type 'System.Web.HttpException' occurred and was caught.
------------------------------------------------------------------------
10/29/2015 06:16:19
Type : System.Web.HttpException, System.Web, Version=4.0.0.0, Culture=neutral, PublicKeyToken=b03f5f7f11d50a3a
Message : This is an invalid webresource request.
Source : System.Web
Help link : 
WebEventCode : 0
ErrorCode : -2147467259
Data : System.Collections.ListDictionaryInternal
TargetSite : Void System.Web.IHttpHandler.ProcessRequest(System.Web.HttpContext)
HResult : -2147467259
Stack Trace :    at System.Web.Handlers.AssemblyResourceLoader.System.Web.IHttpHandler.ProcessRequest(HttpContext context)
   at System.Web.HttpApplication.CallHandlerExecutionStep.System.Web.HttpApplication.IExecutionStep.Execute()
   at System.Web.HttpApplication.ExecuteStep(IExecutionStep step, Boolean& completedSynchronously)

Additional Info:

MachineName : WINDOWS01
TimeStamp : 29/10/2015 06:16:19
FullName : Telerik.Sitefinity.Utilities, Version=5.2.3700.0, Culture=neutral, PublicKeyToken=b28c218413bdf563
AppDomainName : /LM/W3SVC/76/ROOT-1-130905729641049704
ThreadIdentity : 
WindowsIdentity : WINDOWS01\IWPD_279(oldsugar)
Requested URL : http://oldsugarmill.com/WebResource.axd?d=i-VDNI3eQ3ahv4bQT-znY-9cVlQlr2icv5DfKOyj4KG4UQjX-tRihTlV4_HXYtWauAV-R3gDbmQCpeWW2hysMi-YDhum9TgDPp-XuHmqXLI1&t=635588618558757176


Category: ErrorLog

Priority: 0

EventId: 90000

Severity: Error

Title:Enterprise Library Exception Handling

Machine: WINDOWS01

App Domain: /LM/W3SVC/76/ROOT-1-130905729641049704

ProcessId: 7036

Process Name: C:\Windows\SysWOW64\inetsrv\w3wp.exe

Thread Name: 

Win32 ThreadId:880

Extended Properties: 
----------------------------------------
----------------------------------------
Timestamp: 10/29/2015 6:43:53 AM

Message: HandlingInstanceID: 53a1e3f6-4ecd-4e89-b7cd-736e2433696e
An exception of type 'System.Web.HttpException' occurred and was caught.
------------------------------------------------------------------------
10/29/2015 06:43:53
Type : System.Web.HttpException, System.Web, Version=4.0.0.0, Culture=neutral, PublicKeyToken=b03f5f7f11d50a3a
Message : The requested page doesn't exist or you do not have sufficient privileges to view it.
Source : Telerik.Sitefinity
Help link : 
WebEventCode : 0
ErrorCode : -2147467259
Data : System.Collections.ListDictionaryInternal
TargetSite : Boolean ProcessRedirects(System.Web.HttpContextBase, Telerik.Sitefinity.Web.PageSiteNode ByRef, Boolean, System.String[])
HResult : -2147467259
Stack Trace :    at Telerik.Sitefinity.Web.SitefinityRoute.ProcessRedirects(HttpContextBase httpContext, PageSiteNode& node, Boolean isAdditionalUrl, String[] urlParams)
   at Telerik.Sitefinity.Web.SitefinityRoute.GetRouteData(HttpContextBase httpContext)
   at System.Web.Routing.RouteCollection.GetRouteData(HttpContextBase httpContext)
   at System.Web.Routing.UrlRoutingModule.PostResolveRequestCache(HttpContextBase context)
   at System.Web.Routing.UrlRoutingModule.OnApplicationPostResolveRequestCache(Object sender, EventArgs e)
   at System.Web.HttpApplication.SyncEventExecutionStep.System.Web.HttpApplication.IExecutionStep.Execute()
   at System.Web.HttpApplication.ExecuteStep(IExecutionStep step, Boolean& completedSynchronously)

Additional Info:

MachineName : WINDOWS01
TimeStamp : 10/29/2015 6:43:53 AM
FullName : Telerik.Sitefinity.Utilities, Version=5.2.3700.0, Culture=neutral, PublicKeyToken=b28c218413bdf563
AppDomainName : /LM/W3SVC/76/ROOT-1-130905744205571188
ThreadIdentity : 
WindowsIdentity : WINDOWS01\IWPD_279(oldsugar)
Requested URL : http://oldsugarmill.swbroadband.co.uk/topbar/about


Category: ErrorLog

Priority: 0

EventId: 90000

Severity: Error

Title:Enterprise Library Exception Handling

Machine: WINDOWS01

App Domain: /LM/W3SVC/76/ROOT-1-130905744205571188

ProcessId: 10628

Process Name: C:\Windows\SysWOW64\inetsrv\w3wp.exe

Thread Name: 

Win32 ThreadId:30220

Extended Properties: 
----------------------------------------
----------------------------------------
Timestamp: 10/29/2015 9:14:51 AM

Message: HandlingInstanceID: 2d703fb9-f131-4d91-a58e-d4c2b5141327
An exception of type 'System.Web.HttpException' occurred and was caught.
------------------------------------------------------------------------
10/29/2015 09:14:51
Type : System.Web.HttpException, System.Web, Version=4.0.0.0, Culture=neutral, PublicKeyToken=b03f5f7f11d50a3a
Message : File not found.
Source : Telerik.Sitefinity
Help link : 
WebEventCode : 0
ErrorCode : -2147467259
Data : System.Collections.ListDictionaryInternal
TargetSite : IOutputItem GetOutputItem(System.Web.HttpRequest, System.Web.HttpResponse, Telerik.Microsoft.Practices.EnterpriseLibrary.Caching.ICacheManager, System.String, Telerik.Sitefinity.Libraries.Model.MediaContent ByRef)
HResult : -2147467259
Stack Trace :    at Telerik.Sitefinity.Modules.Libraries.Web.LibraryHttpHandler.GetOutputItem(HttpRequest request, HttpResponse response, ICacheManager cache, String key, MediaContent& content)
   at Telerik.Sitefinity.Modules.Libraries.Web.LibraryHttpHandler.ProcessRequest(HttpContext context)
   at System.Web.HttpApplication.CallHandlerExecutionStep.System.Web.HttpApplication.IExecutionStep.Execute()
   at System.Web.HttpApplication.ExecuteStep(IExecutionStep step, Boolean& completedSynchronously)

Additional Info:

MachineName : WINDOWS01
TimeStamp : 10/29/2015 9:14:51 AM
FullName : Telerik.Sitefinity.Utilities, Version=5.2.3700.0, Culture=neutral, PublicKeyToken=b28c218413bdf563
AppDomainName : /LM/W3SVC/76/ROOT-1-130905834803393560
ThreadIdentity : 
WindowsIdentity : WINDOWS01\IWPD_279(oldsugar)
Requested URL : http://oldsugarmill.com/images/randy_logo.jpg


Category: ErrorLog

Priority: 0

EventId: 90000

Severity: Error

Title:Enterprise Library Exception Handling

Machine: WINDOWS01

App Domain: /LM/W3SVC/76/ROOT-1-130905834803393560

ProcessId: 38852

Process Name: C:\Windows\SysWOW64\inetsrv\w3wp.exe

Thread Name: 

Win32 ThreadId:8972

Extended Properties: 
----------------------------------------
----------------------------------------
Timestamp: 10/29/2015 9:57:46 AM

Message: HandlingInstanceID: fcdfe0d8-437e-4014-8989-943aa4174876
An exception of type 'System.Web.HttpException' occurred and was caught.
------------------------------------------------------------------------
10/29/2015 09:57:46
Type : System.Web.HttpException, System.Web, Version=4.0.0.0, Culture=neutral, PublicKeyToken=b03f5f7f11d50a3a
Message : The requested page doesn't exist or you do not have sufficient privileges to view it.
Source : Telerik.Sitefinity
Help link : 
WebEventCode : 0
ErrorCode : -2147467259
Data : System.Collections.ListDictionaryInternal
TargetSite : Boolean ProcessRedirects(System.Web.HttpContextBase, Telerik.Sitefinity.Web.PageSiteNode ByRef, Boolean, System.String[])
HResult : -2147467259
Stack Trace :    at Telerik.Sitefinity.Web.SitefinityRoute.ProcessRedirects(HttpContextBase httpContext, PageSiteNode& node, Boolean isAdditionalUrl, String[] urlParams)
   at Telerik.Sitefinity.Web.SitefinityRoute.GetRouteData(HttpContextBase httpContext)
   at System.Web.Routing.RouteCollection.GetRouteData(HttpContextBase httpContext)
   at System.Web.Routing.UrlRoutingModule.PostResolveRequestCache(HttpContextBase context)
   at System.Web.Routing.UrlRoutingModule.OnApplicationPostResolveRequestCache(Object sender, EventArgs e)
   at System.Web.HttpApplication.SyncEventExecutionStep.System.Web.HttpApplication.IExecutionStep.Execute()
   at System.Web.HttpApplication.ExecuteStep(IExecutionStep step, Boolean& completedSynchronously)

Additional Info:

MachineName : WINDOWS01
TimeStamp : 10/29/2015 9:57:46 AM
FullName : Telerik.Sitefinity.Utilities, Version=5.2.3700.0, Culture=neutral, PublicKeyToken=b28c218413bdf563
AppDomainName : /LM/W3SVC/76/ROOT-1-130905844374506774
ThreadIdentity : 
WindowsIdentity : WINDOWS01\IWPD_279(oldsugar)
Requested URL : http://oldsugarmill.com/topbar/about


Category: ErrorLog

Priority: 0

EventId: 90000

Severity: Error

Title:Enterprise Library Exception Handling

Machine: WINDOWS01

App Domain: /LM/W3SVC/76/ROOT-1-130905844374506774

ProcessId: 3944

Process Name: C:\Windows\SysWOW64\inetsrv\w3wp.exe

Thread Name: 

Win32 ThreadId:42240

Extended Properties: 
----------------------------------------
----------------------------------------
Timestamp: 29/10/2015 15:06:21

Message: HandlingInstanceID: 08a8d710-f630-43c8-b335-92c37ff789f8
An exception of type 'System.Web.HttpException' occurred and was caught.
------------------------------------------------------------------------
10/29/2015 15:06:21
Type : System.Web.HttpException, System.Web, Version=4.0.0.0, Culture=neutral, PublicKeyToken=b03f5f7f11d50a3a
Message : This is an invalid script resource request.
Source : System.Web.Extensions
Help link : 
WebEventCode : 0
ErrorCode : -2147467259
Data : System.Collections.ListDictionaryInternal
TargetSite : Void ProcessRequest(System.Web.HttpContextBase, VirtualFileReader, System.Action`2[System.String,System.Exception], Boolean)
HResult : -2147467259
Stack Trace :    at System.Web.Handlers.ScriptResourceHandler.ProcessRequest(HttpContextBase context, VirtualFileReader fileReader, Action`2 logAction, Boolean validatePath)
   at System.Web.Handlers.ScriptResourceHandler.ProcessRequest(HttpContext context)
   at System.Web.Handlers.ScriptResourceHandler.System.Web.IHttpHandler.ProcessRequest(HttpContext context)
   at System.Web.HttpApplication.CallHandlerExecutionStep.System.Web.HttpApplication.IExecutionStep.Execute()
   at System.Web.HttpApplication.ExecuteStep(IExecutionStep step, Boolean& completedSynchronously)

Additional Info:

MachineName : WINDOWS01
TimeStamp : 29/10/2015 15:06:21
FullName : Telerik.Sitefinity.Utilities, Version=5.2.3700.0, Culture=neutral, PublicKeyToken=b28c218413bdf563
AppDomainName : /LM/W3SVC/76/ROOT-1-130906047339703405
ThreadIdentity : 
WindowsIdentity : WINDOWS01\IWPD_279(oldsugar)
Requested URL : http://oldsugarmill.com/ScriptResource.axd?d=eEr4_aZM_PcmgZjnQMGnqfWITIYaASjEkHXS6EI8iCGQY5ABZ1YAvAUm-xTHZHvv8WzhxVhQUbdPcVmd9tWgKDHK0NqaKWvg2Feu60kQjmj_hG42riMIJR-kVlTZqXxHg4phht6Mb-McMub61g90aFW4rAfH27SKEluE__Fx1ZqNQu0yeDwLxruHHaQbhYpc0&t=155533f4


Category: ErrorLog

Priority: 0

EventId: 90000

Severity: Error

Title:Enterprise Library Exception Handling

Machine: WINDOWS01

App Domain: /LM/W3SVC/76/ROOT-1-130906047339703405

ProcessId: 44256

Process Name: C:\Windows\SysWOW64\inetsrv\w3wp.exe

Thread Name: 

Win32 ThreadId:20284

Extended Properties: 
----------------------------------------
----------------------------------------
Timestamp: 10/29/2015 4:52:08 PM

Message: HandlingInstanceID: 366324dd-d0b7-4613-9b05-4be2efeba97b
An exception of type 'System.Web.HttpException' occurred and was caught.
------------------------------------------------------------------------
10/29/2015 16:52:08
Type : System.Web.HttpException, System.Web, Version=4.0.0.0, Culture=neutral, PublicKeyToken=b03f5f7f11d50a3a
Message : The requested page doesn't exist or you do not have sufficient privileges to view it.
Source : Telerik.Sitefinity
Help link : 
WebEventCode : 0
ErrorCode : -2147467259
Data : System.Collections.ListDictionaryInternal
TargetSite : Boolean ProcessRedirects(System.Web.HttpContextBase, Telerik.Sitefinity.Web.PageSiteNode ByRef, Boolean, System.String[])
HResult : -2147467259
Stack Trace :    at Telerik.Sitefinity.Web.SitefinityRoute.ProcessRedirects(HttpContextBase httpContext, PageSiteNode& node, Boolean isAdditionalUrl, String[] urlParams)
   at Telerik.Sitefinity.Web.SitefinityRoute.GetRouteData(HttpContextBase httpContext)
   at System.Web.Routing.RouteCollection.GetRouteData(HttpContextBase httpContext)
   at System.Web.Routing.UrlRoutingModule.PostResolveRequestCache(HttpContextBase context)
   at System.Web.Routing.UrlRoutingModule.OnApplicationPostResolveRequestCache(Object sender, EventArgs e)
   at System.Web.HttpApplication.SyncEventExecutionStep.System.Web.HttpApplication.IExecutionStep.Execute()
   at System.Web.HttpApplication.ExecuteStep(IExecutionStep step, Boolean& completedSynchronously)

Additional Info:

MachineName : WINDOWS01
TimeStamp : 10/29/2015 4:52:08 PM
FullName : Telerik.Sitefinity.Utilities, Version=5.2.3700.0, Culture=neutral, PublicKeyToken=b28c218413bdf563
AppDomainName : /LM/W3SVC/76/ROOT-1-130906076429517467
ThreadIdentity : 
WindowsIdentity : WINDOWS01\IWPD_279(oldsugar)
Requested URL : http://oldsugarmill.com/topbar/about


Category: ErrorLog

Priority: 0

EventId: 90000

Severity: Error

Title:Enterprise Library Exception Handling

Machine: WINDOWS01

App Domain: /LM/W3SVC/76/ROOT-1-130906076429517467

ProcessId: 6560

Process Name: C:\Windows\SysWOW64\inetsrv\w3wp.exe

Thread Name: 

Win32 ThreadId:41512

Extended Properties: 
----------------------------------------
----------------------------------------
Timestamp: 10/29/2015 5:44:17 PM

Message: HandlingInstanceID: 08092d55-06b0-4211-9962-3545ee96180f
An exception of type 'System.Web.HttpException' occurred and was caught.
------------------------------------------------------------------------
10/29/2015 17:44:17
Type : System.Web.HttpException, System.Web, Version=4.0.0.0, Culture=neutral, PublicKeyToken=b03f5f7f11d50a3a
Message : This is an invalid webresource request.
Source : System.Web
Help link : 
WebEventCode : 0
ErrorCode : -2147467259
Data : System.Collections.ListDictionaryInternal
TargetSite : Void System.Web.IHttpHandler.ProcessRequest(System.Web.HttpContext)
HResult : -2147467259
Stack Trace :    at System.Web.Handlers.AssemblyResourceLoader.System.Web.IHttpHandler.ProcessRequest(HttpContext context)
   at System.Web.HttpApplication.CallHandlerExecutionStep.System.Web.HttpApplication.IExecutionStep.Execute()
   at System.Web.HttpApplication.ExecuteStep(IExecutionStep step, Boolean& completedSynchronously)

Additional Info:

MachineName : WINDOWS01
TimeStamp : 10/29/2015 5:44:17 PM
FullName : Telerik.Sitefinity.Utilities, Version=5.2.3700.0, Culture=neutral, PublicKeyToken=b28c218413bdf563
AppDomainName : /LM/W3SVC/76/ROOT-1-130906127174165437
ThreadIdentity : 
WindowsIdentity : WINDOWS01\IWPD_279(oldsugar)
Requested URL : http://oldsugarmill.com/WebResource.axd?d=oPJLozoBIlICXWWsb8M6XZfpT6yRsJ3pYGHlOxSPg6IAxVcIs8qB9R9xDkMb5M5UQKBI2bH_vZrWhiWZHpRPxB0w6l-7-OUlcrafCHKubTlbqcsIKSpB27yw9o0tQDfro2J_O0GtaOxYFeZK3fAABdRzKrzhRGW_mdX62VTbgvzvi2RwLXFk_LrSyfSQfzfGtOJqpuQCUKSv8y3wd5e9RQ2&t=635602821092283885


Category: ErrorLog

Priority: 0

EventId: 90000

Severity: Error

Title:Enterprise Library Exception Handling

Machine: WINDOWS01

App Domain: /LM/W3SVC/76/ROOT-1-130906127174165437

ProcessId: 29580

Process Name: C:\Windows\SysWOW64\inetsrv\w3wp.exe

Thread Name: 

Win32 ThreadId:19776

Extended Properties: 
----------------------------------------
----------------------------------------
Timestamp: 10/29/2015 6:06:15 PM

Message: HandlingInstanceID: a5fb340b-5467-4742-ac12-8e4316f4a525
An exception of type 'System.Web.HttpException' occurred and was caught.
------------------------------------------------------------------------
10/29/2015 18:06:15
Type : System.Web.HttpException, System.Web, Version=4.0.0.0, Culture=neutral, PublicKeyToken=b03f5f7f11d50a3a
Message : File not found.
Source : Telerik.Sitefinity
Help link : 
WebEventCode : 0
ErrorCode : -2147467259
Data : System.Collections.ListDictionaryInternal
TargetSite : IOutputItem GetOutputItem(System.Web.HttpRequest, System.Web.HttpResponse, Telerik.Microsoft.Practices.EnterpriseLibrary.Caching.ICacheManager, System.String, Telerik.Sitefinity.Libraries.Model.MediaContent ByRef)
HResult : -2147467259
Stack Trace :    at Telerik.Sitefinity.Modules.Libraries.Web.LibraryHttpHandler.GetOutputItem(HttpRequest request, HttpResponse response, ICacheManager cache, String key, MediaContent& content)
   at Telerik.Sitefinity.Modules.Libraries.Web.LibraryHttpHandler.ProcessRequest(HttpContext context)
   at System.Web.HttpApplication.CallHandlerExecutionStep.System.Web.HttpApplication.IExecutionStep.Execute()
   at System.Web.HttpApplication.ExecuteStep(IExecutionStep step, Boolean& completedSynchronously)

Additional Info:

MachineName : WINDOWS01
TimeStamp : 10/29/2015 6:06:15 PM
FullName : Telerik.Sitefinity.Utilities, Version=5.2.3700.0, Culture=neutral, PublicKeyToken=b28c218413bdf563
AppDomainName : /LM/W3SVC/76/ROOT-1-130906151241030496
ThreadIdentity : 
WindowsIdentity : WINDOWS01\IWPD_279(oldsugar)
Requested URL : http://oldsugarmill.com/images/osm_wcbf_vert.jpg


Category: ErrorLog

Priority: 0

EventId: 90000

Severity: Error

Title:Enterprise Library Exception Handling

Machine: WINDOWS01

App Domain: /LM/W3SVC/76/ROOT-1-130906151241030496

ProcessId: 17472

Process Name: C:\Windows\SysWOW64\inetsrv\w3wp.exe

Thread Name: 

Win32 ThreadId:31996

Extended Properties: 
----------------------------------------
----------------------------------------
Timestamp: 10/29/2015 6:06:15 PM

Message: HandlingInstanceID: 16afcfdf-952f-46ed-bd4e-138dc87bc4ff
An exception of type 'System.Web.HttpException' occurred and was caught.
------------------------------------------------------------------------
10/29/2015 18:06:15
Type : System.Web.HttpException, System.Web, Version=4.0.0.0, Culture=neutral, PublicKeyToken=b03f5f7f11d50a3a
Message : File not found.
Source : Telerik.Sitefinity
Help link : 
WebEventCode : 0
ErrorCode : -2147467259
Data : System.Collections.ListDictionaryInternal
TargetSite : IOutputItem GetOutputItem(System.Web.HttpRequest, System.Web.HttpResponse, Telerik.Microsoft.Practices.EnterpriseLibrary.Caching.ICacheManager, System.String, Telerik.Sitefinity.Libraries.Model.MediaContent ByRef)
HResult : -2147467259
Stack Trace :    at Telerik.Sitefinity.Modules.Libraries.Web.LibraryHttpHandler.GetOutputItem(HttpRequest request, HttpResponse response, ICacheManager cache, String key, MediaContent& content)
   at Telerik.Sitefinity.Modules.Libraries.Web.LibraryHttpHandler.ProcessRequest(HttpContext context)
   at System.Web.HttpApplication.CallHandlerExecutionStep.System.Web.HttpApplication.IExecutionStep.Execute()
   at System.Web.HttpApplication.ExecuteStep(IExecutionStep step, Boolean& completedSynchronously)

Additional Info:

MachineName : WINDOWS01
TimeStamp : 10/29/2015 6:06:15 PM
FullName : Telerik.Sitefinity.Utilities, Version=5.2.3700.0, Culture=neutral, PublicKeyToken=b28c218413bdf563
AppDomainName : /LM/W3SVC/76/ROOT-1-130906151241030496
ThreadIdentity : 
WindowsIdentity : WINDOWS01\IWPD_279(oldsugar)
Requested URL : http://oldsugarmill.com/images/Fiscalini-Logo-2011.jpg


Category: ErrorLog

Priority: 0

EventId: 90000

Severity: Error

Title:Enterprise Library Exception Handling

Machine: WINDOWS01

App Domain: /LM/W3SVC/76/ROOT-1-130906151241030496

ProcessId: 17472

Process Name: C:\Windows\SysWOW64\inetsrv\w3wp.exe

Thread Name: 

Win32 ThreadId:34384

Extended Properties: 
----------------------------------------
----------------------------------------
Timestamp: 10/29/2015 6:06:15 PM

Message: HandlingInstanceID: 5ced6223-9dc6-4b1e-878b-44b9eb8af711
An exception of type 'System.Web.HttpException' occurred and was caught.
------------------------------------------------------------------------
10/29/2015 18:06:15
Type : System.Web.HttpException, System.Web, Version=4.0.0.0, Culture=neutral, PublicKeyToken=b03f5f7f11d50a3a
Message : File not found.
Source : Telerik.Sitefinity
Help link : 
WebEventCode : 0
ErrorCode : -2147467259
Data : System.Collections.ListDictionaryInternal
TargetSite : IOutputItem GetOutputItem(System.Web.HttpRequest, System.Web.HttpResponse, Telerik.Microsoft.Practices.EnterpriseLibrary.Caching.ICacheManager, System.String, Telerik.Sitefinity.Libraries.Model.MediaContent ByRef)
HResult : -2147467259
Stack Trace :    at Telerik.Sitefinity.Modules.Libraries.Web.LibraryHttpHandler.GetOutputItem(HttpRequest request, HttpResponse response, ICacheManager cache, String key, MediaContent& content)
   at Telerik.Sitefinity.Modules.Libraries.Web.LibraryHttpHandler.ProcessRequest(HttpContext context)
   at System.Web.HttpApplication.CallHandlerExecutionStep.System.Web.HttpApplication.IExecutionStep.Execute()
   at System.Web.HttpApplication.ExecuteStep(IExecutionStep step, Boolean& completedSynchronously)

Additional Info:

MachineName : WINDOWS01
TimeStamp : 10/29/2015 6:06:15 PM
FullName : Telerik.Sitefinity.Utilities, Version=5.2.3700.0, Culture=neutral, PublicKeyToken=b28c218413bdf563
AppDomainName : /LM/W3SVC/76/ROOT-1-130906151241030496
ThreadIdentity : 
WindowsIdentity : WINDOWS01\IWPD_279(oldsugar)
Requested URL : http://oldsugarmill.com/images/CWGVA-Logo.jpg


Category: ErrorLog

Priority: 0

EventId: 90000

Severity: Error

Title:Enterprise Library Exception Handling

Machine: WINDOWS01

App Domain: /LM/W3SVC/76/ROOT-1-130906151241030496

ProcessId: 17472

Process Name: C:\Windows\SysWOW64\inetsrv\w3wp.exe

Thread Name: 

Win32 ThreadId:33380

Extended Properties: 
----------------------------------------
----------------------------------------
Timestamp: 10/29/2015 6:06:15 PM

Message: HandlingInstanceID: cb6427c0-f14f-4621-b2f7-e41fbe4f5af4
An exception of type 'System.Web.HttpException' occurred and was caught.
------------------------------------------------------------------------
10/29/2015 18:06:15
Type : System.Web.HttpException, System.Web, Version=4.0.0.0, Culture=neutral, PublicKeyToken=b03f5f7f11d50a3a
Message : File not found.
Source : Telerik.Sitefinity
Help link : 
WebEventCode : 0
ErrorCode : -2147467259
Data : System.Collections.ListDictionaryInternal
TargetSite : IOutputItem GetOutputItem(System.Web.HttpRequest, System.Web.HttpResponse, Telerik.Microsoft.Practices.EnterpriseLibrary.Caching.ICacheManager, System.String, Telerik.Sitefinity.Libraries.Model.MediaContent ByRef)
HResult : -2147467259
Stack Trace :    at Telerik.Sitefinity.Modules.Libraries.Web.LibraryHttpHandler.GetOutputItem(HttpRequest request, HttpResponse response, ICacheManager cache, String key, MediaContent& content)
   at Telerik.Sitefinity.Modules.Libraries.Web.LibraryHttpHandler.ProcessRequest(HttpContext context)
   at System.Web.HttpApplication.CallHandlerExecutionStep.System.Web.HttpApplication.IExecutionStep.Execute()
   at System.Web.HttpApplication.ExecuteStep(IExecutionStep step, Boolean& completedSynchronously)

Additional Info:

MachineName : WINDOWS01
TimeStamp : 10/29/2015 6:06:15 PM
FullName : Telerik.Sitefinity.Utilities, Version=5.2.3700.0, Culture=neutral, PublicKeyToken=b28c218413bdf563
AppDomainName : /LM/W3SVC/76/ROOT-1-130906151241030496
ThreadIdentity : 
WindowsIdentity : WINDOWS01\IWPD_279(oldsugar)
Requested URL : http://oldsugarmill.com/images/Pasta-Queen-Logo.jpg


Category: ErrorLog

Priority: 0

EventId: 90000

Severity: Error

Title:Enterprise Library Exception Handling

Machine: WINDOWS01

App Domain: /LM/W3SVC/76/ROOT-1-130906151241030496

ProcessId: 17472

Process Name: C:\Windows\SysWOW64\inetsrv\w3wp.exe

Thread Name: 

Win32 ThreadId:16124

Extended Properties: 
----------------------------------------
----------------------------------------
Timestamp: 10/29/2015 7:04:50 PM

Message: HandlingInstanceID: a98831de-1fc9-42d5-97b2-4865afc382f2
An exception of type 'System.Web.HttpException' occurred and was caught.
------------------------------------------------------------------------
10/29/2015 19:04:50
Type : System.Web.HttpException, System.Web, Version=4.0.0.0, Culture=neutral, PublicKeyToken=b03f5f7f11d50a3a
Message : This is an invalid webresource request.
Source : System.Web
Help link : 
WebEventCode : 0
ErrorCode : -2147467259
Data : System.Collections.ListDictionaryInternal
TargetSite : Void System.Web.IHttpHandler.ProcessRequest(System.Web.HttpContext)
HResult : -2147467259
Stack Trace :    at System.Web.Handlers.AssemblyResourceLoader.System.Web.IHttpHandler.ProcessRequest(HttpContext context)
   at System.Web.HttpApplication.CallHandlerExecutionStep.System.Web.HttpApplication.IExecutionStep.Execute()
   at System.Web.HttpApplication.ExecuteStep(IExecutionStep step, Boolean& completedSynchronously)

Additional Info:

MachineName : WINDOWS01
TimeStamp : 10/29/2015 7:04:50 PM
FullName : Telerik.Sitefinity.Utilities, Version=5.2.3700.0, Culture=neutral, PublicKeyToken=b28c218413bdf563
AppDomainName : /LM/W3SVC/76/ROOT-1-130906190124849237
ThreadIdentity : 
WindowsIdentity : WINDOWS01\IWPD_279(oldsugar)
Requested URL : http://oldsugarmill.com/WebResource.axd?d=w-jJpRFJBgSRohtc0tLMdHcllDYVoDWPn6nzA6_XHGKi_Y-m59MAlQP_RooQ5M4OThVNoahdURLYtld4nOANhV-6yegHW2RYpzD36mqcEZWOudj4vTwjbJpPch_X8fbZ2DbwvAqmIFTtdj5NI8dN-ZEJCNgXJ8sbnaRD-qNTec0aY-03BqdrAKxJHR-6aIsuIjGq8YPFifAyZkcV2OHx9A2&t=635602821092283885


Category: ErrorLog

Priority: 0

EventId: 90000

Severity: Error

Title:Enterprise Library Exception Handling

Machine: WINDOWS01

App Domain: /LM/W3SVC/76/ROOT-1-130906190124849237

ProcessId: 26512

Process Name: C:\Windows\SysWOW64\inetsrv\w3wp.exe

Thread Name: 

Win32 ThreadId:11480

Extended Properties: 
----------------------------------------
----------------------------------------
Timestamp: 10/29/2015 7:36:59 PM

Message: HandlingInstanceID: 7222505d-ab84-4505-85ef-7399901b6143
An exception of type 'System.Web.HttpException' occurred and was caught.
------------------------------------------------------------------------
10/29/2015 19:36:59
Type : System.Web.HttpException, System.Web, Version=4.0.0.0, Culture=neutral, PublicKeyToken=b03f5f7f11d50a3a
Message : This is an invalid webresource request.
Source : System.Web
Help link : 
WebEventCode : 0
ErrorCode : -2147467259
Data : System.Collections.ListDictionaryInternal
TargetSite : Void System.Web.IHttpHandler.ProcessRequest(System.Web.HttpContext)
HResult : -2147467259
Stack Trace :    at System.Web.Handlers.AssemblyResourceLoader.System.Web.IHttpHandler.ProcessRequest(HttpContext context)
   at System.Web.HttpApplication.CallHandlerExecutionStep.System.Web.HttpApplication.IExecutionStep.Execute()
   at System.Web.HttpApplication.ExecuteStep(IExecutionStep step, Boolean& completedSynchronously)

Additional Info:

MachineName : WINDOWS01
TimeStamp : 10/29/2015 7:36:59 PM
FullName : Telerik.Sitefinity.Utilities, Version=5.2.3700.0, Culture=neutral, PublicKeyToken=b28c218413bdf563
AppDomainName : /LM/W3SVC/76/ROOT-1-130906190124849237
ThreadIdentity : 
WindowsIdentity : WINDOWS01\IWPD_279(oldsugar)
Requested URL : http://oldsugarmill.com/WebResource.axd?d=tuB3G6XjMMs_eDpKzyZktDmpy4FVnQE9dKgSOIWT6GNhsnlYAqKUDoUmPOmyOmvQo0B2724ApT-dihYR-7FX_5-3p8ZcIswbtBLaMkhe5km5Lp6wavsymTOR_GU5y1r1NsFNlt1-ly4Hy-UDw1rDhExMAFBfihOHXHWTTbwkmarq27Zw-EZQjoTvEtzMShPyt4HwkYqUZjBh4oCZz7tUPA2&t=635602821092283885


Category: ErrorLog

Priority: 0

EventId: 90000

Severity: Error

Title:Enterprise Library Exception Handling

Machine: WINDOWS01

App Domain: /LM/W3SVC/76/ROOT-1-130906190124849237

ProcessId: 26512

Process Name: C:\Windows\SysWOW64\inetsrv\w3wp.exe

Thread Name: 

Win32 ThreadId:3588

Extended Properties: 
----------------------------------------
----------------------------------------
Timestamp: 10/29/2015 9:35:41 PM

Message: HandlingInstanceID: 02df70ec-f8d6-4667-b4e6-33305e0f2bdb
An exception of type 'System.Web.HttpException' occurred and was caught.
------------------------------------------------------------------------
10/29/2015 21:35:41
Type : System.Web.HttpException, System.Web, Version=4.0.0.0, Culture=neutral, PublicKeyToken=b03f5f7f11d50a3a
Message : This is an invalid webresource request.
Source : System.Web
Help link : 
WebEventCode : 0
ErrorCode : -2147467259
Data : System.Collections.ListDictionaryInternal
TargetSite : Void System.Web.IHttpHandler.ProcessRequest(System.Web.HttpContext)
HResult : -2147467259
Stack Trace :    at System.Web.Handlers.AssemblyResourceLoader.System.Web.IHttpHandler.ProcessRequest(HttpContext context)
   at System.Web.HttpApplication.CallHandlerExecutionStep.System.Web.HttpApplication.IExecutionStep.Execute()
   at System.Web.HttpApplication.ExecuteStep(IExecutionStep step, Boolean& completedSynchronously)

Additional Info:

MachineName : WINDOWS01
TimeStamp : 10/29/2015 9:35:41 PM
FullName : Telerik.Sitefinity.Utilities, Version=5.2.3700.0, Culture=neutral, PublicKeyToken=b28c218413bdf563
AppDomainName : /LM/W3SVC/76/ROOT-1-130906278841645035
ThreadIdentity : 
WindowsIdentity : WINDOWS01\IWPD_279(oldsugar)
Requested URL : http://oldsugarmill.com/WebResource.axd?d=h2lSXV_FCBbUaQTsDqKupH0CThdWBqmIvzLpfKsyewlyY_6RM0vy2GsnqAGiS6HzXQ0qYtSrsX6aX6K9kBiOfCXpG2DK-tHRmddqHbDDnbsSjTSZFN8FNjqXJi-FMddNFJcJ0DHGnyQvV5ezIyATpmgWjY8OXiGaXatqnNwyXTILis2fgYIHcuZYDZCmf8jnLA0JXFuTznHDSIcOwYMSDA2&t=635602821092283885


Category: ErrorLog

Priority: 0

EventId: 90000

Severity: Error

Title:Enterprise Library Exception Handling

Machine: WINDOWS01

App Domain: /LM/W3SVC/76/ROOT-1-130906278841645035

ProcessId: 15212

Process Name: C:\Windows\SysWOW64\inetsrv\w3wp.exe

Thread Name: 

Win32 ThreadId:26568

Extended Properties: 
----------------------------------------
----------------------------------------
Timestamp: 10/29/2015 9:35:58 PM

Message: HandlingInstanceID: 82ed6384-58b4-47a8-b7b4-a4f04cc16e7e
An exception of type 'System.Web.HttpException' occurred and was caught.
------------------------------------------------------------------------
10/29/2015 21:35:58
Type : System.Web.HttpException, System.Web, Version=4.0.0.0, Culture=neutral, PublicKeyToken=b03f5f7f11d50a3a
Message : This is an invalid webresource request.
Source : System.Web
Help link : 
WebEventCode : 0
ErrorCode : -2147467259
Data : System.Collections.ListDictionaryInternal
TargetSite : Void System.Web.IHttpHandler.ProcessRequest(System.Web.HttpContext)
HResult : -2147467259
Stack Trace :    at System.Web.Handlers.AssemblyResourceLoader.System.Web.IHttpHandler.ProcessRequest(HttpContext context)
   at System.Web.HttpApplication.CallHandlerExecutionStep.System.Web.HttpApplication.IExecutionStep.Execute()
   at System.Web.HttpApplication.ExecuteStep(IExecutionStep step, Boolean& completedSynchronously)

Additional Info:

MachineName : WINDOWS01
TimeStamp : 10/29/2015 9:35:58 PM
FullName : Telerik.Sitefinity.Utilities, Version=5.2.3700.0, Culture=neutral, PublicKeyToken=b28c218413bdf563
AppDomainName : /LM/W3SVC/76/ROOT-1-130906278841645035
ThreadIdentity : 
WindowsIdentity : WINDOWS01\IWPD_279(oldsugar)
Requested URL : http://oldsugarmill.com/WebResource.axd?d=h2lSXV_FCBbUaQTsDqKupH0CThdWBqmIvzLpfKsyewlyY_6RM0vy2GsnqAGiS6HzXQ0qYtSrsX6aX6K9kBiOfCXpG2DK-tHRmddqHbDDnbsSjTSZFN8FNjqXJi-FMddNFJcJ0DHGnyQvV5ezIyATpmgWjY8OXiGaXatqnNwyXTILis2fgYIHcuZYDZCmf8jnLA0JXFuTznHDSIcOwYMSDA2&t=635602821092283885


Category: ErrorLog

Priority: 0

EventId: 90000

Severity: Error

Title:Enterprise Library Exception Handling

Machine: WINDOWS01

App Domain: /LM/W3SVC/76/ROOT-1-130906278841645035

ProcessId: 15212

Process Name: C:\Windows\SysWOW64\inetsrv\w3wp.exe

Thread Name: 

Win32 ThreadId:20952

Extended Properties: 
----------------------------------------
----------------------------------------
Timestamp: 10/29/2015 9:58:10 PM

Message: HandlingInstanceID: 80a75285-8057-4261-9cdd-6d74e8e374b0
An exception of type 'System.Web.HttpException' occurred and was caught.
------------------------------------------------------------------------
10/29/2015 21:58:10
Type : System.Web.HttpException, System.Web, Version=4.0.0.0, Culture=neutral, PublicKeyToken=b03f5f7f11d50a3a
Message : This is an invalid webresource request.
Source : System.Web
Help link : 
WebEventCode : 0
ErrorCode : -2147467259
Data : System.Collections.ListDictionaryInternal
TargetSite : Void System.Web.IHttpHandler.ProcessRequest(System.Web.HttpContext)
HResult : -2147467259
Stack Trace :    at System.Web.Handlers.AssemblyResourceLoader.System.Web.IHttpHandler.ProcessRequest(HttpContext context)
   at System.Web.HttpApplication.CallHandlerExecutionStep.System.Web.HttpApplication.IExecutionStep.Execute()
   at System.Web.HttpApplication.ExecuteStep(IExecutionStep step, Boolean& completedSynchronously)

Additional Info:

MachineName : WINDOWS01
TimeStamp : 10/29/2015 9:58:10 PM
FullName : Telerik.Sitefinity.Utilities, Version=5.2.3700.0, Culture=neutral, PublicKeyToken=b28c218413bdf563
AppDomainName : /LM/W3SVC/76/ROOT-1-130906293920102794
ThreadIdentity : 
WindowsIdentity : WINDOWS01\IWPD_279(oldsugar)
Requested URL : http://oldsugarmill.com/WebResource.axd?d=w-jJpRFJBgSRohtc0tLMdHcllDYVoDWPn6nzA6_XHGKi_Y-m59MAlQP_RooQ5M4OThVNoahdURLYtld4nOANhV-6yegHW2RYpzD36mqcEZWOudj4vTwjbJpPch_X8fbZ2DbwvAqmIFTtdj5NI8dN-ZEJCNgXJ8sbnaRD-qNTec0aY-03BqdrAKxJHR-6aIsuIjGq8YPFifAyZkcV2OHx9A2&t=635602821092283885


Category: ErrorLog

Priority: 0

EventId: 90000

Severity: Error

Title:Enterprise Library Exception Handling

Machine: WINDOWS01

App Domain: /LM/W3SVC/76/ROOT-1-130906293920102794

ProcessId: 22236

Process Name: C:\Windows\SysWOW64\inetsrv\w3wp.exe

Thread Name: 

Win32 ThreadId:9492

Extended Properties: 
----------------------------------------
----------------------------------------
Timestamp: 10/29/2015 9:58:38 PM

Message: HandlingInstanceID: 6d0b86c9-9bef-4bed-b297-9f762cef43bd
An exception of type 'System.Web.HttpException' occurred and was caught.
------------------------------------------------------------------------
10/29/2015 21:58:38
Type : System.Web.HttpException, System.Web, Version=4.0.0.0, Culture=neutral, PublicKeyToken=b03f5f7f11d50a3a
Message : This is an invalid webresource request.
Source : System.Web
Help link : 
WebEventCode : 0
ErrorCode : -2147467259
Data : System.Collections.ListDictionaryInternal
TargetSite : Void System.Web.IHttpHandler.ProcessRequest(System.Web.HttpContext)
HResult : -2147467259
Stack Trace :    at System.Web.Handlers.AssemblyResourceLoader.System.Web.IHttpHandler.ProcessRequest(HttpContext context)
   at System.Web.HttpApplication.CallHandlerExecutionStep.System.Web.HttpApplication.IExecutionStep.Execute()
   at System.Web.HttpApplication.ExecuteStep(IExecutionStep step, Boolean& completedSynchronously)

Additional Info:

MachineName : WINDOWS01
TimeStamp : 10/29/2015 9:58:38 PM
FullName : Telerik.Sitefinity.Utilities, Version=5.2.3700.0, Culture=neutral, PublicKeyToken=b28c218413bdf563
AppDomainName : /LM/W3SVC/76/ROOT-1-130906293920102794
ThreadIdentity : 
WindowsIdentity : WINDOWS01\IWPD_279(oldsugar)
Requested URL : http://oldsugarmill.com/WebResource.axd?d=w-jJpRFJBgSRohtc0tLMdHcllDYVoDWPn6nzA6_XHGKi_Y-m59MAlQP_RooQ5M4OThVNoahdURLYtld4nOANhV-6yegHW2RYpzD36mqcEZWOudj4vTwjbJpPch_X8fbZ2DbwvAqmIFTtdj5NI8dN-ZEJCNgXJ8sbnaRD-qNTec0aY-03BqdrAKxJHR-6aIsuIjGq8YPFifAyZkcV2OHx9A2&t=635602821092283885


Category: ErrorLog

Priority: 0

EventId: 90000

Severity: Error

Title:Enterprise Library Exception Handling

Machine: WINDOWS01

App Domain: /LM/W3SVC/76/ROOT-1-130906293920102794

ProcessId: 22236

Process Name: C:\Windows\SysWOW64\inetsrv\w3wp.exe

Thread Name: 

Win32 ThreadId:5188

Extended Properties: 
----------------------------------------
----------------------------------------
Timestamp: 10/29/2015 9:59:48 PM

Message: HandlingInstanceID: f82ffb57-973e-47bd-b5ac-0826a4a52e81
An exception of type 'System.Web.HttpException' occurred and was caught.
------------------------------------------------------------------------
10/29/2015 21:59:48
Type : System.Web.HttpException, System.Web, Version=4.0.0.0, Culture=neutral, PublicKeyToken=b03f5f7f11d50a3a
Message : This is an invalid webresource request.
Source : System.Web
Help link : 
WebEventCode : 0
ErrorCode : -2147467259
Data : System.Collections.ListDictionaryInternal
TargetSite : Void System.Web.IHttpHandler.ProcessRequest(System.Web.HttpContext)
HResult : -2147467259
Stack Trace :    at System.Web.Handlers.AssemblyResourceLoader.System.Web.IHttpHandler.ProcessRequest(HttpContext context)
   at System.Web.HttpApplication.CallHandlerExecutionStep.System.Web.HttpApplication.IExecutionStep.Execute()
   at System.Web.HttpApplication.ExecuteStep(IExecutionStep step, Boolean& completedSynchronously)

Additional Info:

MachineName : WINDOWS01
TimeStamp : 10/29/2015 9:59:48 PM
FullName : Telerik.Sitefinity.Utilities, Version=5.2.3700.0, Culture=neutral, PublicKeyToken=b28c218413bdf563
AppDomainName : /LM/W3SVC/76/ROOT-1-130906293920102794
ThreadIdentity : 
WindowsIdentity : WINDOWS01\IWPD_279(oldsugar)
Requested URL : http://oldsugarmill.com/WebResource.axd?d=WUWz6fsK_CJMlq-WMGp22u4Ck78fgjSKGFQf0Gfv3w8ncLQV4wttY82fJDyt-MORIEkjQxAWH20orc6_IoxMTJWB01BFihUUfrr2efm379ZUPdaPiN3q7jlhoMsX2VhWOyh8EYDA16S8T938iiavqouwB3A80ySG5tfoOYHzkCBwjPaQMuFmHOJWcCkrl-64DN85sf3JBZ8dx5-fqwGF7Q2&t=635602821092283885


Category: ErrorLog

Priority: 0

EventId: 90000

Severity: Error

Title:Enterprise Library Exception Handling

Machine: WINDOWS01

App Domain: /LM/W3SVC/76/ROOT-1-130906293920102794

ProcessId: 22236

Process Name: C:\Windows\SysWOW64\inetsrv\w3wp.exe

Thread Name: 

Win32 ThreadId:43192

Extended Properties: 
----------------------------------------
----------------------------------------
Timestamp: 10/29/2015 10:00:41 PM

Message: HandlingInstanceID: f346bdab-b42f-4847-969a-6d90f3eacd76
An exception of type 'System.Web.HttpException' occurred and was caught.
------------------------------------------------------------------------
10/29/2015 22:00:41
Type : System.Web.HttpException, System.Web, Version=4.0.0.0, Culture=neutral, PublicKeyToken=b03f5f7f11d50a3a
Message : File not found.
Source : Telerik.Sitefinity
Help link : 
WebEventCode : 0
ErrorCode : -2147467259
Data : System.Collections.ListDictionaryInternal
TargetSite : IOutputItem GetOutputItem(System.Web.HttpRequest, System.Web.HttpResponse, Telerik.Microsoft.Practices.EnterpriseLibrary.Caching.ICacheManager, System.String, Telerik.Sitefinity.Libraries.Model.MediaContent ByRef)
HResult : -2147467259
Stack Trace :    at Telerik.Sitefinity.Modules.Libraries.Web.LibraryHttpHandler.GetOutputItem(HttpRequest request, HttpResponse response, ICacheManager cache, String key, MediaContent& content)
   at Telerik.Sitefinity.Modules.Libraries.Web.LibraryHttpHandler.ProcessRequest(HttpContext context)
   at System.Web.HttpApplication.CallHandlerExecutionStep.System.Web.HttpApplication.IExecutionStep.Execute()
   at System.Web.HttpApplication.ExecuteStep(IExecutionStep step, Boolean& completedSynchronously)

Additional Info:

MachineName : WINDOWS01
TimeStamp : 10/29/2015 10:00:41 PM
FullName : Telerik.Sitefinity.Utilities, Version=5.2.3700.0, Culture=neutral, PublicKeyToken=b28c218413bdf563
AppDomainName : /LM/W3SVC/76/ROOT-1-130906293920102794
ThreadIdentity : 
WindowsIdentity : WINDOWS01\IWPD_279(oldsugar)
Requested URL : http://oldsugarmill.com/images/bubble.png


Category: ErrorLog

Priority: 0

EventId: 90000

Severity: Error

Title:Enterprise Library Exception Handling

Machine: WINDOWS01

App Domain: /LM/W3SVC/76/ROOT-1-130906293920102794

ProcessId: 22236

Process Name: C:\Windows\SysWOW64\inetsrv\w3wp.exe

Thread Name: 

Win32 ThreadId:9492

Extended Properties: 
----------------------------------------
----------------------------------------
Timestamp: 10/29/2015 10:49:47 PM

Message: HandlingInstanceID: d76c17f0-3776-422b-9ca2-80cd01428b05
An exception of type 'System.Web.HttpException' occurred and was caught.
------------------------------------------------------------------------
10/29/2015 22:49:47
Type : System.Web.HttpException, System.Web, Version=4.0.0.0, Culture=neutral, PublicKeyToken=b03f5f7f11d50a3a
Message : The file '/FCKeditor/editor/filemanager/connectors/aspx/connector.aspx' does not exist.
Source : System.Web
Help link : 
WebEventCode : 0
ErrorCode : -2147467259
Data : System.Collections.ListDictionaryInternal
TargetSite : Void CheckVirtualFileExists(System.Web.VirtualPath)
HResult : -2147467259
Stack Trace :    at System.Web.UI.Util.CheckVirtualFileExists(VirtualPath virtualPath)
   at System.Web.Compilation.BuildManager.GetVPathBuildResultInternal(VirtualPath virtualPath, Boolean noBuild, Boolean allowCrossApp, Boolean allowBuildInPrecompile, Boolean throwIfNotFound, Boolean ensureIsUpToDate)
   at System.Web.Compilation.BuildManager.GetVPathBuildResultWithNoAssert(HttpContext context, VirtualPath virtualPath, Boolean noBuild, Boolean allowCrossApp, Boolean allowBuildInPrecompile, Boolean throwIfNotFound, Boolean ensureIsUpToDate)
   at System.Web.Compilation.BuildManager.GetVirtualPathObjectFactory(VirtualPath virtualPath, HttpContext context, Boolean allowCrossApp, Boolean throwIfNotFound)
   at System.Web.Compilation.BuildManager.CreateInstanceFromVirtualPath(VirtualPath virtualPath, Type requiredBaseType, HttpContext context, Boolean allowCrossApp)
   at System.Web.UI.PageHandlerFactory.GetHandlerHelper(HttpContext context, String requestType, VirtualPath virtualPath, String physicalPath)
   at System.Web.UI.PageHandlerFactory.GetHandler(HttpContext context, String requestType, String virtualPath, String path)
   at System.Web.HttpApplication.MaterializeHandlerExecutionStep.System.Web.HttpApplication.IExecutionStep.Execute()
   at System.Web.HttpApplication.ExecuteStep(IExecutionStep step, Boolean& completedSynchronously)

Additional Info:

MachineName : WINDOWS01
TimeStamp : 10/29/2015 10:49:47 PM
FullName : Telerik.Sitefinity.Utilities, Version=5.2.3700.0, Culture=neutral, PublicKeyToken=b28c218413bdf563
AppDomainName : /LM/W3SVC/76/ROOT-1-130906325608774300
ThreadIdentity : 
WindowsIdentity : WINDOWS01\IWPD_279(oldsugar)
Requested URL : http://oldsugarmill.com/FCKeditor/editor/filemanager/connectors/aspx/connector.aspx


Category: ErrorLog

Priority: 0

EventId: 90000

Severity: Error

Title:Enterprise Library Exception Handling

Machine: WINDOWS01

App Domain: /LM/W3SVC/76/ROOT-1-130906325608774300

ProcessId: 19228

Process Name: C:\Windows\SysWOW64\inetsrv\w3wp.exe

Thread Name: 

Win32 ThreadId:43732

Extended Properties: 
----------------------------------------
----------------------------------------
Timestamp: 10/29/2015 10:49:47 PM

Message: HandlingInstanceID: 0fd745f3-4fb3-4711-bc23-73a4b898c32d
An exception of type 'System.Web.HttpException' occurred and was caught.
------------------------------------------------------------------------
10/29/2015 22:49:47
Type : System.Web.HttpException, System.Web, Version=4.0.0.0, Culture=neutral, PublicKeyToken=b03f5f7f11d50a3a
Message : The file '/FCKeditor/editor/filemanager/browser/default/connectors/aspx/connector.aspx' does not exist.
Source : System.Web
Help link : 
WebEventCode : 0
ErrorCode : -2147467259
Data : System.Collections.ListDictionaryInternal
TargetSite : Void CheckVirtualFileExists(System.Web.VirtualPath)
HResult : -2147467259
Stack Trace :    at System.Web.UI.Util.CheckVirtualFileExists(VirtualPath virtualPath)
   at System.Web.Compilation.BuildManager.GetVPathBuildResultInternal(VirtualPath virtualPath, Boolean noBuild, Boolean allowCrossApp, Boolean allowBuildInPrecompile, Boolean throwIfNotFound, Boolean ensureIsUpToDate)
   at System.Web.Compilation.BuildManager.GetVPathBuildResultWithNoAssert(HttpContext context, VirtualPath virtualPath, Boolean noBuild, Boolean allowCrossApp, Boolean allowBuildInPrecompile, Boolean throwIfNotFound, Boolean ensureIsUpToDate)
   at System.Web.Compilation.BuildManager.GetVirtualPathObjectFactory(VirtualPath virtualPath, HttpContext context, Boolean allowCrossApp, Boolean throwIfNotFound)
   at System.Web.Compilation.BuildManager.CreateInstanceFromVirtualPath(VirtualPath virtualPath, Type requiredBaseType, HttpContext context, Boolean allowCrossApp)
   at System.Web.UI.PageHandlerFactory.GetHandlerHelper(HttpContext context, String requestType, VirtualPath virtualPath, String physicalPath)
   at System.Web.UI.PageHandlerFactory.GetHandler(HttpContext context, String requestType, String virtualPath, String path)
   at System.Web.HttpApplication.MaterializeHandlerExecutionStep.System.Web.HttpApplication.IExecutionStep.Execute()
   at System.Web.HttpApplication.ExecuteStep(IExecutionStep step, Boolean& completedSynchronously)

Additional Info:

MachineName : WINDOWS01
TimeStamp : 10/29/2015 10:49:47 PM
FullName : Telerik.Sitefinity.Utilities, Version=5.2.3700.0, Culture=neutral, PublicKeyToken=b28c218413bdf563
AppDomainName : /LM/W3SVC/76/ROOT-1-130906325608774300
ThreadIdentity : 
WindowsIdentity : WINDOWS01\IWPD_279(oldsugar)
Requested URL : http://oldsugarmill.com/FCKeditor/editor/filemanager/browser/default/connectors/aspx/connector.aspx


Category: ErrorLog

Priority: 0

EventId: 90000

Severity: Error

Title:Enterprise Library Exception Handling

Machine: WINDOWS01

App Domain: /LM/W3SVC/76/ROOT-1-130906325608774300

ProcessId: 19228

Process Name: C:\Windows\SysWOW64\inetsrv\w3wp.exe

Thread Name: 

Win32 ThreadId:25996

Extended Properties: 
----------------------------------------
----------------------------------------
Timestamp: 10/29/2015 10:49:49 PM

Message: HandlingInstanceID: dfb3b761-92ea-47bf-ac4e-bb05062ff4c1
An exception of type 'System.Web.HttpException' occurred and was caught.
------------------------------------------------------------------------
10/29/2015 22:49:49
Type : System.Web.HttpException, System.Web, Version=4.0.0.0, Culture=neutral, PublicKeyToken=b03f5f7f11d50a3a
Message : The file '/admin/FCKeditor/editor/filemanager/connectors/aspx/connector.aspx' does not exist.
Source : System.Web
Help link : 
WebEventCode : 0
ErrorCode : -2147467259
Data : System.Collections.ListDictionaryInternal
TargetSite : Void CheckVirtualFileExists(System.Web.VirtualPath)
HResult : -2147467259
Stack Trace :    at System.Web.UI.Util.CheckVirtualFileExists(VirtualPath virtualPath)
   at System.Web.Compilation.BuildManager.GetVPathBuildResultInternal(VirtualPath virtualPath, Boolean noBuild, Boolean allowCrossApp, Boolean allowBuildInPrecompile, Boolean throwIfNotFound, Boolean ensureIsUpToDate)
   at System.Web.Compilation.BuildManager.GetVPathBuildResultWithNoAssert(HttpContext context, VirtualPath virtualPath, Boolean noBuild, Boolean allowCrossApp, Boolean allowBuildInPrecompile, Boolean throwIfNotFound, Boolean ensureIsUpToDate)
   at System.Web.Compilation.BuildManager.GetVirtualPathObjectFactory(VirtualPath virtualPath, HttpContext context, Boolean allowCrossApp, Boolean throwIfNotFound)
   at System.Web.Compilation.BuildManager.CreateInstanceFromVirtualPath(VirtualPath virtualPath, Type requiredBaseType, HttpContext context, Boolean allowCrossApp)
   at System.Web.UI.PageHandlerFactory.GetHandlerHelper(HttpContext context, String requestType, VirtualPath virtualPath, String physicalPath)
   at System.Web.UI.PageHandlerFactory.GetHandler(HttpContext context, String requestType, String virtualPath, String path)
   at System.Web.HttpApplication.MaterializeHandlerExecutionStep.System.Web.HttpApplication.IExecutionStep.Execute()
   at System.Web.HttpApplication.ExecuteStep(IExecutionStep step, Boolean& completedSynchronously)

Additional Info:

MachineName : WINDOWS01
TimeStamp : 10/29/2015 10:49:49 PM
FullName : Telerik.Sitefinity.Utilities, Version=5.2.3700.0, Culture=neutral, PublicKeyToken=b28c218413bdf563
AppDomainName : /LM/W3SVC/76/ROOT-1-130906325608774300
ThreadIdentity : 
WindowsIdentity : WINDOWS01\IWPD_279(oldsugar)
Requested URL : http://oldsugarmill.com/admin/FCKeditor/editor/filemanager/connectors/aspx/connector.aspx


Category: ErrorLog

Priority: 0

EventId: 90000

Severity: Error

Title:Enterprise Library Exception Handling

Machine: WINDOWS01

App Domain: /LM/W3SVC/76/ROOT-1-130906325608774300

ProcessId: 19228

Process Name: C:\Windows\SysWOW64\inetsrv\w3wp.exe

Thread Name: 

Win32 ThreadId:46644

Extended Properties: 
----------------------------------------
----------------------------------------
Timestamp: 10/29/2015 10:49:49 PM

Message: HandlingInstanceID: e67b0763-0ffa-4ee0-bc98-8151f4bd8e6c
An exception of type 'System.Web.HttpException' occurred and was caught.
------------------------------------------------------------------------
10/29/2015 22:49:49
Type : System.Web.HttpException, System.Web, Version=4.0.0.0, Culture=neutral, PublicKeyToken=b03f5f7f11d50a3a
Message : The file '/admin/FCKeditor/editor/filemanager/browser/default/connectors/aspx/connector.aspx' does not exist.
Source : System.Web
Help link : 
WebEventCode : 0
ErrorCode : -2147467259
Data : System.Collections.ListDictionaryInternal
TargetSite : Void CheckVirtualFileExists(System.Web.VirtualPath)
HResult : -2147467259
Stack Trace :    at System.Web.UI.Util.CheckVirtualFileExists(VirtualPath virtualPath)
   at System.Web.Compilation.BuildManager.GetVPathBuildResultInternal(VirtualPath virtualPath, Boolean noBuild, Boolean allowCrossApp, Boolean allowBuildInPrecompile, Boolean throwIfNotFound, Boolean ensureIsUpToDate)
   at System.Web.Compilation.BuildManager.GetVPathBuildResultWithNoAssert(HttpContext context, VirtualPath virtualPath, Boolean noBuild, Boolean allowCrossApp, Boolean allowBuildInPrecompile, Boolean throwIfNotFound, Boolean ensureIsUpToDate)
   at System.Web.Compilation.BuildManager.GetVirtualPathObjectFactory(VirtualPath virtualPath, HttpContext context, Boolean allowCrossApp, Boolean throwIfNotFound)
   at System.Web.Compilation.BuildManager.CreateInstanceFromVirtualPath(VirtualPath virtualPath, Type requiredBaseType, HttpContext context, Boolean allowCrossApp)
   at System.Web.UI.PageHandlerFactory.GetHandlerHelper(HttpContext context, String requestType, VirtualPath virtualPath, String physicalPath)
   at System.Web.UI.PageHandlerFactory.GetHandler(HttpContext context, String requestType, String virtualPath, String path)
   at System.Web.HttpApplication.MaterializeHandlerExecutionStep.System.Web.HttpApplication.IExecutionStep.Execute()
   at System.Web.HttpApplication.ExecuteStep(IExecutionStep step, Boolean& completedSynchronously)

Additional Info:

MachineName : WINDOWS01
TimeStamp : 10/29/2015 10:49:49 PM
FullName : Telerik.Sitefinity.Utilities, Version=5.2.3700.0, Culture=neutral, PublicKeyToken=b28c218413bdf563
AppDomainName : /LM/W3SVC/76/ROOT-1-130906325608774300
ThreadIdentity : 
WindowsIdentity : WINDOWS01\IWPD_279(oldsugar)
Requested URL : http://oldsugarmill.com/admin/FCKeditor/editor/filemanager/browser/default/connectors/aspx/connector.aspx


Category: ErrorLog

Priority: 0

EventId: 90000

Severity: Error

Title:Enterprise Library Exception Handling

Machine: WINDOWS01

App Domain: /LM/W3SVC/76/ROOT-1-130906325608774300

ProcessId: 19228

Process Name: C:\Windows\SysWOW64\inetsrv\w3wp.exe

Thread Name: 

Win32 ThreadId:18388

Extended Properties: 
----------------------------------------
----------------------------------------
Timestamp: 10/29/2015 10:49:51 PM

Message: HandlingInstanceID: 8cf148d5-b10e-436d-acea-d51968af8b46
An exception of type 'System.Web.HttpException' occurred and was caught.
------------------------------------------------------------------------
10/29/2015 22:49:51
Type : System.Web.HttpException, System.Web, Version=4.0.0.0, Culture=neutral, PublicKeyToken=b03f5f7f11d50a3a
Message : The file '/editor/editor/filemanager/connectors/aspx/connector.aspx' does not exist.
Source : System.Web
Help link : 
WebEventCode : 0
ErrorCode : -2147467259
Data : System.Collections.ListDictionaryInternal
TargetSite : Void CheckVirtualFileExists(System.Web.VirtualPath)
HResult : -2147467259
Stack Trace :    at System.Web.UI.Util.CheckVirtualFileExists(VirtualPath virtualPath)
   at System.Web.Compilation.BuildManager.GetVPathBuildResultInternal(VirtualPath virtualPath, Boolean noBuild, Boolean allowCrossApp, Boolean allowBuildInPrecompile, Boolean throwIfNotFound, Boolean ensureIsUpToDate)
   at System.Web.Compilation.BuildManager.GetVPathBuildResultWithNoAssert(HttpContext context, VirtualPath virtualPath, Boolean noBuild, Boolean allowCrossApp, Boolean allowBuildInPrecompile, Boolean throwIfNotFound, Boolean ensureIsUpToDate)
   at System.Web.Compilation.BuildManager.GetVirtualPathObjectFactory(VirtualPath virtualPath, HttpContext context, Boolean allowCrossApp, Boolean throwIfNotFound)
   at System.Web.Compilation.BuildManager.CreateInstanceFromVirtualPath(VirtualPath virtualPath, Type requiredBaseType, HttpContext context, Boolean allowCrossApp)
   at System.Web.UI.PageHandlerFactory.GetHandlerHelper(HttpContext context, String requestType, VirtualPath virtualPath, String physicalPath)
   at System.Web.UI.PageHandlerFactory.GetHandler(HttpContext context, String requestType, String virtualPath, String path)
   at System.Web.HttpApplication.MaterializeHandlerExecutionStep.System.Web.HttpApplication.IExecutionStep.Execute()
   at System.Web.HttpApplication.ExecuteStep(IExecutionStep step, Boolean& completedSynchronously)

Additional Info:

MachineName : WINDOWS01
TimeStamp : 10/29/2015 10:49:51 PM
FullName : Telerik.Sitefinity.Utilities, Version=5.2.3700.0, Culture=neutral, PublicKeyToken=b28c218413bdf563
AppDomainName : /LM/W3SVC/76/ROOT-1-130906325608774300
ThreadIdentity : 
WindowsIdentity : WINDOWS01\IWPD_279(oldsugar)
Requested URL : http://oldsugarmill.com/editor/editor/filemanager/connectors/aspx/connector.aspx


Category: ErrorLog

Priority: 0

EventId: 90000

Severity: Error

Title:Enterprise Library Exception Handling

Machine: WINDOWS01

App Domain: /LM/W3SVC/76/ROOT-1-130906325608774300

ProcessId: 19228

Process Name: C:\Windows\SysWOW64\inetsrv\w3wp.exe

Thread Name: 

Win32 ThreadId:32240

Extended Properties: 
----------------------------------------
----------------------------------------
Timestamp: 10/29/2015 10:49:51 PM

Message: HandlingInstanceID: 91724b0e-4b2d-403d-b226-065ef7e49ee7
An exception of type 'System.Web.HttpException' occurred and was caught.
------------------------------------------------------------------------
10/29/2015 22:49:51
Type : System.Web.HttpException, System.Web, Version=4.0.0.0, Culture=neutral, PublicKeyToken=b03f5f7f11d50a3a
Message : The file '/editor/editor/filemanager/browser/default/connectors/aspx/connector.aspx' does not exist.
Source : System.Web
Help link : 
WebEventCode : 0
ErrorCode : -2147467259
Data : System.Collections.ListDictionaryInternal
TargetSite : Void CheckVirtualFileExists(System.Web.VirtualPath)
HResult : -2147467259
Stack Trace :    at System.Web.UI.Util.CheckVirtualFileExists(VirtualPath virtualPath)
   at System.Web.Compilation.BuildManager.GetVPathBuildResultInternal(VirtualPath virtualPath, Boolean noBuild, Boolean allowCrossApp, Boolean allowBuildInPrecompile, Boolean throwIfNotFound, Boolean ensureIsUpToDate)
   at System.Web.Compilation.BuildManager.GetVPathBuildResultWithNoAssert(HttpContext context, VirtualPath virtualPath, Boolean noBuild, Boolean allowCrossApp, Boolean allowBuildInPrecompile, Boolean throwIfNotFound, Boolean ensureIsUpToDate)
   at System.Web.Compilation.BuildManager.GetVirtualPathObjectFactory(VirtualPath virtualPath, HttpContext context, Boolean allowCrossApp, Boolean throwIfNotFound)
   at System.Web.Compilation.BuildManager.CreateInstanceFromVirtualPath(VirtualPath virtualPath, Type requiredBaseType, HttpContext context, Boolean allowCrossApp)
   at System.Web.UI.PageHandlerFactory.GetHandlerHelper(HttpContext context, String requestType, VirtualPath virtualPath, String physicalPath)
   at System.Web.UI.PageHandlerFactory.GetHandler(HttpContext context, String requestType, String virtualPath, String path)
   at System.Web.HttpApplication.MaterializeHandlerExecutionStep.System.Web.HttpApplication.IExecutionStep.Execute()
   at System.Web.HttpApplication.ExecuteStep(IExecutionStep step, Boolean& completedSynchronously)

Additional Info:

MachineName : WINDOWS01
TimeStamp : 10/29/2015 10:49:51 PM
FullName : Telerik.Sitefinity.Utilities, Version=5.2.3700.0, Culture=neutral, PublicKeyToken=b28c218413bdf563
AppDomainName : /LM/W3SVC/76/ROOT-1-130906325608774300
ThreadIdentity : 
WindowsIdentity : WINDOWS01\IWPD_279(oldsugar)
Requested URL : http://oldsugarmill.com/editor/editor/filemanager/browser/default/connectors/aspx/connector.aspx


Category: ErrorLog

Priority: 0

EventId: 90000

Severity: Error

Title:Enterprise Library Exception Handling

Machine: WINDOWS01

App Domain: /LM/W3SVC/76/ROOT-1-130906325608774300

ProcessId: 19228

Process Name: C:\Windows\SysWOW64\inetsrv\w3wp.exe

Thread Name: 

Win32 ThreadId:35800

Extended Properties: 
----------------------------------------
----------------------------------------
Timestamp: 30/10/2015 00:29:26

Message: HandlingInstanceID: 873035a0-27a0-4b48-bae7-18e248629511
An exception of type 'System.Web.HttpException' occurred and was caught.
------------------------------------------------------------------------
10/30/2015 00:29:26
Type : System.Web.HttpException, System.Web, Version=4.0.0.0, Culture=neutral, PublicKeyToken=b03f5f7f11d50a3a
Message : This is an invalid script resource request.
Source : System.Web.Extensions
Help link : 
WebEventCode : 0
ErrorCode : -2147467259
Data : System.Collections.ListDictionaryInternal
TargetSite : Void ProcessRequest(System.Web.HttpContextBase, VirtualFileReader, System.Action`2[System.String,System.Exception], Boolean)
HResult : -2147467259
Stack Trace :    at System.Web.Handlers.ScriptResourceHandler.ProcessRequest(HttpContextBase context, VirtualFileReader fileReader, Action`2 logAction, Boolean validatePath)
   at System.Web.Handlers.ScriptResourceHandler.ProcessRequest(HttpContext context)
   at System.Web.Handlers.ScriptResourceHandler.System.Web.IHttpHandler.ProcessRequest(HttpContext context)
   at System.Web.HttpApplication.CallHandlerExecutionStep.System.Web.HttpApplication.IExecutionStep.Execute()
   at System.Web.HttpApplication.ExecuteStep(IExecutionStep step, Boolean& completedSynchronously)

Additional Info:

MachineName : WINDOWS01
TimeStamp : 30/10/2015 00:29:26
FullName : Telerik.Sitefinity.Utilities, Version=5.2.3700.0, Culture=neutral, PublicKeyToken=b28c218413bdf563
AppDomainName : /LM/W3SVC/76/ROOT-1-130906385477949543
ThreadIdentity : 
WindowsIdentity : WINDOWS01\IWPD_279(oldsugar)
Requested URL : http://oldsugarmill.com/ScriptResource.axd?d=ikKH8sGFBCbAyL50Jn2nyHW9AHv5hirND4Q6atD1Ww5bIBtdfcOW16MIlz810_Cc_paMWh4DWXLjm1fimyNG4fm-eutY6S3C3v0nwiuEmSfWtOCWk0RwZ2atri3XGtfVR9M6sOtbGArqaol8D5zL22hYS_Ry0gJ1X3jTUjPqPXGMEy_IP0KdHN39JeXB-djs0&t=155533f4


Category: ErrorLog

Priority: 0

EventId: 90000

Severity: Error

Title:Enterprise Library Exception Handling

Machine: WINDOWS01

App Domain: /LM/W3SVC/76/ROOT-1-130906385477949543

ProcessId: 17132

Process Name: C:\Windows\SysWOW64\inetsrv\w3wp.exe

Thread Name: 

Win32 ThreadId:32372

Extended Properties: 
----------------------------------------
----------------------------------------
Timestamp: 30/10/2015 00:39:00

Message: HandlingInstanceID: 4d3b3e28-207e-4f77-95b6-eec8081f8e48
An exception of type 'System.Web.HttpException' occurred and was caught.
------------------------------------------------------------------------
10/30/2015 00:39:00
Type : System.Web.HttpException, System.Web, Version=4.0.0.0, Culture=neutral, PublicKeyToken=b03f5f7f11d50a3a
Message : This is an invalid webresource request.
Source : System.Web
Help link : 
WebEventCode : 0
ErrorCode : -2147467259
Data : System.Collections.ListDictionaryInternal
TargetSite : Void System.Web.IHttpHandler.ProcessRequest(System.Web.HttpContext)
HResult : -2147467259
Stack Trace :    at System.Web.Handlers.AssemblyResourceLoader.System.Web.IHttpHandler.ProcessRequest(HttpContext context)
   at System.Web.HttpApplication.CallHandlerExecutionStep.System.Web.HttpApplication.IExecutionStep.Execute()
   at System.Web.HttpApplication.ExecuteStep(IExecutionStep step, Boolean& completedSynchronously)

Additional Info:

MachineName : WINDOWS01
TimeStamp : 30/10/2015 00:39:00
FullName : Telerik.Sitefinity.Utilities, Version=5.2.3700.0, Culture=neutral, PublicKeyToken=b28c218413bdf563
AppDomainName : /LM/W3SVC/76/ROOT-1-130906385477949543
ThreadIdentity : 
WindowsIdentity : WINDOWS01\IWPD_279(oldsugar)
Requested URL : http://oldsugarmill.com/WebResource.axd?d=8eIsUwvDR0_eHUMIfldJIG8gxa7WH4xt8r9F52I1XvQvQMDWB56c2sYPnSejwZNfvCfVTRtzNZXgkuWO9GkEPgeb3CsD1pLj3jvONN0_xZY1&t=635588618558757176


Category: ErrorLog

Priority: 0

EventId: 90000

Severity: Error

Title:Enterprise Library Exception Handling

Machine: WINDOWS01

App Domain: /LM/W3SVC/76/ROOT-1-130906385477949543

ProcessId: 17132

Process Name: C:\Windows\SysWOW64\inetsrv\w3wp.exe

Thread Name: 

Win32 ThreadId:34496

Extended Properties: 
----------------------------------------
----------------------------------------
Timestamp: 30/10/2015 00:42:15

Message: HandlingInstanceID: a20e0dc2-3543-4b44-85ed-09a47e49a94b
An exception of type 'System.Web.HttpException' occurred and was caught.
------------------------------------------------------------------------
10/30/2015 00:42:15
Type : System.Web.HttpException, System.Web, Version=4.0.0.0, Culture=neutral, PublicKeyToken=b03f5f7f11d50a3a
Message : This is an invalid script resource request.
Source : System.Web.Extensions
Help link : 
WebEventCode : 0
ErrorCode : -2147467259
Data : System.Collections.ListDictionaryInternal
TargetSite : Void ProcessRequest(System.Web.HttpContextBase, VirtualFileReader, System.Action`2[System.String,System.Exception], Boolean)
HResult : -2147467259
Stack Trace :    at System.Web.Handlers.ScriptResourceHandler.ProcessRequest(HttpContextBase context, VirtualFileReader fileReader, Action`2 logAction, Boolean validatePath)
   at System.Web.Handlers.ScriptResourceHandler.ProcessRequest(HttpContext context)
   at System.Web.Handlers.ScriptResourceHandler.System.Web.IHttpHandler.ProcessRequest(HttpContext context)
   at System.Web.HttpApplication.CallHandlerExecutionStep.System.Web.HttpApplication.IExecutionStep.Execute()
   at System.Web.HttpApplication.ExecuteStep(IExecutionStep step, Boolean& completedSynchronously)

Additional Info:

MachineName : WINDOWS01
TimeStamp : 30/10/2015 00:42:15
FullName : Telerik.Sitefinity.Utilities, Version=5.2.3700.0, Culture=neutral, PublicKeyToken=b28c218413bdf563
AppDomainName : /LM/W3SVC/76/ROOT-1-130906385477949543
ThreadIdentity : 
WindowsIdentity : WINDOWS01\IWPD_279(oldsugar)
Requested URL : http://oldsugarmill.com/ScriptResource.axd?d=zeXrZGq1ok4DDRx6z9rUpLXhiMthGa8-9dkNFoq60dEcnbtVoqgmNFc-eViqgKxDOfIdUEqbnFPqrem4HZSWHEcRtPyR1X2MtTXigLwRNBwjzj4oLP8zwM3uMubtzi3ploA25yqOjPO6SeHNH2Z60sGUuDe5fQ6L-dORFrRh4jcDC_7SHEY8qzn2TAzhzr9OY5Wdu82qLF8Z-oyEWunhYA2&t=155533f4


Category: ErrorLog

Priority: 0

EventId: 90000

Severity: Error

Title:Enterprise Library Exception Handling

Machine: WINDOWS01

App Domain: /LM/W3SVC/76/ROOT-1-130906385477949543

ProcessId: 17132

Process Name: C:\Windows\SysWOW64\inetsrv\w3wp.exe

Thread Name: 

Win32 ThreadId:49648

Extended Properties: 
----------------------------------------
----------------------------------------
Timestamp: 10/30/2015 1:20:13 AM

Message: HandlingInstanceID: 6c90cff3-821c-4850-b26f-5e5b2c0a3b03
An exception of type 'System.Web.HttpException' occurred and was caught.
------------------------------------------------------------------------
10/30/2015 01:20:13
Type : System.Web.HttpException, System.Web, Version=4.0.0.0, Culture=neutral, PublicKeyToken=b03f5f7f11d50a3a
Message : The requested page doesn't exist or you do not have sufficient privileges to view it.
Source : Telerik.Sitefinity
Help link : 
WebEventCode : 0
ErrorCode : -2147467259
Data : System.Collections.ListDictionaryInternal
TargetSite : Boolean ProcessRedirects(System.Web.HttpContextBase, Telerik.Sitefinity.Web.PageSiteNode ByRef, Boolean, System.String[])
HResult : -2147467259
Stack Trace :    at Telerik.Sitefinity.Web.SitefinityRoute.ProcessRedirects(HttpContextBase httpContext, PageSiteNode& node, Boolean isAdditionalUrl, String[] urlParams)
   at Telerik.Sitefinity.Web.SitefinityRoute.GetRouteData(HttpContextBase httpContext)
   at System.Web.Routing.RouteCollection.GetRouteData(HttpContextBase httpContext)
   at System.Web.Routing.UrlRoutingModule.PostResolveRequestCache(HttpContextBase context)
   at System.Web.Routing.UrlRoutingModule.OnApplicationPostResolveRequestCache(Object sender, EventArgs e)
   at System.Web.HttpApplication.SyncEventExecutionStep.System.Web.HttpApplication.IExecutionStep.Execute()
   at System.Web.HttpApplication.ExecuteStep(IExecutionStep step, Boolean& completedSynchronously)

Additional Info:

MachineName : WINDOWS01
TimeStamp : 10/30/2015 1:20:13 AM
FullName : Telerik.Sitefinity.Utilities, Version=5.2.3700.0, Culture=neutral, PublicKeyToken=b28c218413bdf563
AppDomainName : /LM/W3SVC/76/ROOT-1-130906415967477603
ThreadIdentity : 
WindowsIdentity : WINDOWS01\IWPD_279(oldsugar)
Requested URL : http://oldsugarmill.com/topbar/about


Category: ErrorLog

Priority: 0

EventId: 90000

Severity: Error

Title:Enterprise Library Exception Handling

Machine: WINDOWS01

App Domain: /LM/W3SVC/76/ROOT-1-130906415967477603

ProcessId: 10168

Process Name: C:\Windows\SysWOW64\inetsrv\w3wp.exe

Thread Name: 

Win32 ThreadId:22720

Extended Properties: 
----------------------------------------
----------------------------------------
Timestamp: 10/30/2015 1:24:56 AM

Message: HandlingInstanceID: 945d9c10-b129-4d7e-b722-96da2ca3c314
An exception of type 'System.Web.HttpException' occurred and was caught.
------------------------------------------------------------------------
10/30/2015 01:24:56
Type : System.Web.HttpException, System.Web, Version=4.0.0.0, Culture=neutral, PublicKeyToken=b03f5f7f11d50a3a
Message : The requested page doesn't exist or you do not have sufficient privileges to view it.
Source : Telerik.Sitefinity
Help link : 
WebEventCode : 0
ErrorCode : -2147467259
Data : System.Collections.ListDictionaryInternal
TargetSite : Boolean ProcessRedirects(System.Web.HttpContextBase, Telerik.Sitefinity.Web.PageSiteNode ByRef, Boolean, System.String[])
HResult : -2147467259
Stack Trace :    at Telerik.Sitefinity.Web.SitefinityRoute.ProcessRedirects(HttpContextBase httpContext, PageSiteNode& node, Boolean isAdditionalUrl, String[] urlParams)
   at Telerik.Sitefinity.Web.SitefinityRoute.GetRouteData(HttpContextBase httpContext)
   at System.Web.Routing.RouteCollection.GetRouteData(HttpContextBase httpContext)
   at System.Web.Routing.UrlRoutingModule.PostResolveRequestCache(HttpContextBase context)
   at System.Web.Routing.UrlRoutingModule.OnApplicationPostResolveRequestCache(Object sender, EventArgs e)
   at System.Web.HttpApplication.SyncEventExecutionStep.System.Web.HttpApplication.IExecutionStep.Execute()
   at System.Web.HttpApplication.ExecuteStep(IExecutionStep step, Boolean& completedSynchronously)

Additional Info:

MachineName : WINDOWS01
TimeStamp : 10/30/2015 1:24:56 AM
FullName : Telerik.Sitefinity.Utilities, Version=5.2.3700.0, Culture=neutral, PublicKeyToken=b28c218413bdf563
AppDomainName : /LM/W3SVC/76/ROOT-1-130906415967477603
ThreadIdentity : 
WindowsIdentity : WINDOWS01\IWPD_279(oldsugar)
Requested URL : http://oldsugarmill.com/topbar/about


Category: ErrorLog

Priority: 0

EventId: 90000

Severity: Error

Title:Enterprise Library Exception Handling

Machine: WINDOWS01

App Domain: /LM/W3SVC/76/ROOT-1-130906415967477603

ProcessId: 10168

Process Name: C:\Windows\SysWOW64\inetsrv\w3wp.exe

Thread Name: 

Win32 ThreadId:39168

Extended Properties: 
----------------------------------------
----------------------------------------
Timestamp: 10/30/2015 1:31:10 AM

Message: HandlingInstanceID: bc42ca75-0314-4c18-bad3-6c42c2976d04
An exception of type 'System.Web.HttpException' occurred and was caught.
------------------------------------------------------------------------
10/30/2015 01:31:10
Type : System.Web.HttpException, System.Web, Version=4.0.0.0, Culture=neutral, PublicKeyToken=b03f5f7f11d50a3a
Message : The requested page doesn't exist or you do not have sufficient privileges to view it.
Source : Telerik.Sitefinity
Help link : 
WebEventCode : 0
ErrorCode : -2147467259
Data : System.Collections.ListDictionaryInternal
TargetSite : Boolean ProcessRedirects(System.Web.HttpContextBase, Telerik.Sitefinity.Web.PageSiteNode ByRef, Boolean, System.String[])
HResult : -2147467259
Stack Trace :    at Telerik.Sitefinity.Web.SitefinityRoute.ProcessRedirects(HttpContextBase httpContext, PageSiteNode& node, Boolean isAdditionalUrl, String[] urlParams)
   at Telerik.Sitefinity.Web.SitefinityRoute.GetRouteData(HttpContextBase httpContext)
   at System.Web.Routing.RouteCollection.GetRouteData(HttpContextBase httpContext)
   at System.Web.Routing.UrlRoutingModule.PostResolveRequestCache(HttpContextBase context)
   at System.Web.Routing.UrlRoutingModule.OnApplicationPostResolveRequestCache(Object sender, EventArgs e)
   at System.Web.HttpApplication.SyncEventExecutionStep.System.Web.HttpApplication.IExecutionStep.Execute()
   at System.Web.HttpApplication.ExecuteStep(IExecutionStep step, Boolean& completedSynchronously)

Additional Info:

MachineName : WINDOWS01
TimeStamp : 10/30/2015 1:31:10 AM
FullName : Telerik.Sitefinity.Utilities, Version=5.2.3700.0, Culture=neutral, PublicKeyToken=b28c218413bdf563
AppDomainName : /LM/W3SVC/76/ROOT-1-130906415967477603
ThreadIdentity : 
WindowsIdentity : WINDOWS01\IWPD_279(oldsugar)
Requested URL : http://oldsugarmill.com/topbar/about


Category: ErrorLog

Priority: 0

EventId: 90000

Severity: Error

Title:Enterprise Library Exception Handling

Machine: WINDOWS01

App Domain: /LM/W3SVC/76/ROOT-1-130906415967477603

ProcessId: 10168

Process Name: C:\Windows\SysWOW64\inetsrv\w3wp.exe

Thread Name: 

Win32 ThreadId:49000

Extended Properties: 
----------------------------------------
----------------------------------------
Timestamp: 10/30/2015 1:36:04 AM

Message: HandlingInstanceID: 7e6ab243-0f51-4435-9ffe-9bc592e7cbea
An exception of type 'System.Web.HttpException' occurred and was caught.
------------------------------------------------------------------------
10/30/2015 01:36:04
Type : System.Web.HttpException, System.Web, Version=4.0.0.0, Culture=neutral, PublicKeyToken=b03f5f7f11d50a3a
Message : The requested page doesn't exist or you do not have sufficient privileges to view it.
Source : Telerik.Sitefinity
Help link : 
WebEventCode : 0
ErrorCode : -2147467259
Data : System.Collections.ListDictionaryInternal
TargetSite : Boolean ProcessRedirects(System.Web.HttpContextBase, Telerik.Sitefinity.Web.PageSiteNode ByRef, Boolean, System.String[])
HResult : -2147467259
Stack Trace :    at Telerik.Sitefinity.Web.SitefinityRoute.ProcessRedirects(HttpContextBase httpContext, PageSiteNode& node, Boolean isAdditionalUrl, String[] urlParams)
   at Telerik.Sitefinity.Web.SitefinityRoute.GetRouteData(HttpContextBase httpContext)
   at System.Web.Routing.RouteCollection.GetRouteData(HttpContextBase httpContext)
   at System.Web.Routing.UrlRoutingModule.PostResolveRequestCache(HttpContextBase context)
   at System.Web.Routing.UrlRoutingModule.OnApplicationPostResolveRequestCache(Object sender, EventArgs e)
   at System.Web.HttpApplication.SyncEventExecutionStep.System.Web.HttpApplication.IExecutionStep.Execute()
   at System.Web.HttpApplication.ExecuteStep(IExecutionStep step, Boolean& completedSynchronously)

Additional Info:

MachineName : WINDOWS01
TimeStamp : 10/30/2015 1:36:04 AM
FullName : Telerik.Sitefinity.Utilities, Version=5.2.3700.0, Culture=neutral, PublicKeyToken=b28c218413bdf563
AppDomainName : /LM/W3SVC/76/ROOT-1-130906415967477603
ThreadIdentity : 
WindowsIdentity : WINDOWS01\IWPD_279(oldsugar)
Requested URL : http://oldsugarmill.com/topbar/about


Category: ErrorLog

Priority: 0

EventId: 90000

Severity: Error

Title:Enterprise Library Exception Handling

Machine: WINDOWS01

App Domain: /LM/W3SVC/76/ROOT-1-130906415967477603

ProcessId: 10168

Process Name: C:\Windows\SysWOW64\inetsrv\w3wp.exe

Thread Name: 

Win32 ThreadId:19980

Extended Properties: 
----------------------------------------
----------------------------------------
Timestamp: 10/30/2015 1:41:36 AM

Message: HandlingInstanceID: 8648542a-580f-475a-abd3-73c4997a337f
An exception of type 'System.Web.HttpException' occurred and was caught.
------------------------------------------------------------------------
10/30/2015 01:41:36
Type : System.Web.HttpException, System.Web, Version=4.0.0.0, Culture=neutral, PublicKeyToken=b03f5f7f11d50a3a
Message : The requested page doesn't exist or you do not have sufficient privileges to view it.
Source : Telerik.Sitefinity
Help link : 
WebEventCode : 0
ErrorCode : -2147467259
Data : System.Collections.ListDictionaryInternal
TargetSite : Boolean ProcessRedirects(System.Web.HttpContextBase, Telerik.Sitefinity.Web.PageSiteNode ByRef, Boolean, System.String[])
HResult : -2147467259
Stack Trace :    at Telerik.Sitefinity.Web.SitefinityRoute.ProcessRedirects(HttpContextBase httpContext, PageSiteNode& node, Boolean isAdditionalUrl, String[] urlParams)
   at Telerik.Sitefinity.Web.SitefinityRoute.GetRouteData(HttpContextBase httpContext)
   at System.Web.Routing.RouteCollection.GetRouteData(HttpContextBase httpContext)
   at System.Web.Routing.UrlRoutingModule.PostResolveRequestCache(HttpContextBase context)
   at System.Web.Routing.UrlRoutingModule.OnApplicationPostResolveRequestCache(Object sender, EventArgs e)
   at System.Web.HttpApplication.SyncEventExecutionStep.System.Web.HttpApplication.IExecutionStep.Execute()
   at System.Web.HttpApplication.ExecuteStep(IExecutionStep step, Boolean& completedSynchronously)

Additional Info:

MachineName : WINDOWS01
TimeStamp : 10/30/2015 1:41:36 AM
FullName : Telerik.Sitefinity.Utilities, Version=5.2.3700.0, Culture=neutral, PublicKeyToken=b28c218413bdf563
AppDomainName : /LM/W3SVC/76/ROOT-1-130906415967477603
ThreadIdentity : 
WindowsIdentity : WINDOWS01\IWPD_279(oldsugar)
Requested URL : http://oldsugarmill.com/topbar/about


Category: ErrorLog

Priority: 0

EventId: 90000

Severity: Error

Title:Enterprise Library Exception Handling

Machine: WINDOWS01

App Domain: /LM/W3SVC/76/ROOT-1-130906415967477603

ProcessId: 10168

Process Name: C:\Windows\SysWOW64\inetsrv\w3wp.exe

Thread Name: 

Win32 ThreadId:44656

Extended Properties: 
----------------------------------------
