----------------------------------------
Timestamp: 10/11/2013 11:02:05 PM

Message: HandlingInstanceID: f11b5e16-06be-4eb4-8b27-138bb7b6fc77
An exception of type 'System.Web.HttpException' occurred and was caught.
------------------------------------------------------------------------
10/12/2013 00:02:04
Type : System.Web.HttpException, System.Web, Version=4.0.0.0, Culture=neutral, PublicKeyToken=b03f5f7f11d50a3a
Message : File not found.
Source : Telerik.Sitefinity
Help link : 
WebEventCode : 0
ErrorCode : -2147467259
Data : System.Collections.ListDictionaryInternal
TargetSite : IOutputItem GetOutputItem(System.Web.HttpRequest, System.Web.HttpResponse, Telerik.Microsoft.Practices.EnterpriseLibrary.Caching.ICacheManager, System.String, Telerik.Sitefinity.Libraries.Model.MediaContent ByRef)
HResult : -2147467259
Stack Trace :    at Telerik.Sitefinity.Modules.Libraries.Web.LibraryHttpHandler.GetOutputItem(HttpRequest request, HttpResponse response, ICacheManager cache, String key, MediaContent& content)
   at Telerik.Sitefinity.Modules.Libraries.Web.LibraryHttpHandler.ProcessRequest(HttpContext context)
   at System.Web.HttpApplication.CallHandlerExecutionStep.System.Web.HttpApplication.IExecutionStep.Execute()
   at System.Web.HttpApplication.ExecuteStep(IExecutionStep step, Boolean& completedSynchronously)

Additional Info:

MachineName : WEB03
TimeStamp : 10/11/2013 11:02:04 PM
FullName : Telerik.Sitefinity.Utilities, Version=5.2.3700.0, Culture=neutral, PublicKeyToken=b28c218413bdf563
AppDomainName : /LM/W3SVC/124/ROOT-1-130259724214531250
ThreadIdentity : 
WindowsIdentity : SWBROADBAND\oldsugar
Requested URL : http://www.oldsugarmill.com/images/osm_eventlogo.png


Category: ErrorLog

Priority: 0

EventId: 90000

Severity: Error

Title:Enterprise Library Exception Handling

Machine: WEB03

App Domain: /LM/W3SVC/124/ROOT-1-130259724214531250

ProcessId: 11168

Process Name: C:\Windows\SysWOW64\inetsrv\w3wp.exe

Thread Name: 

Win32 ThreadId:11888

Extended Properties: 
----------------------------------------
----------------------------------------
Timestamp: 10/12/2013 4:46:59 AM

Message: HandlingInstanceID: 138cb8c6-b1da-489f-86f5-e1d079e4ea5f
An exception of type 'System.Web.HttpException' occurred and was caught.
------------------------------------------------------------------------
10/12/2013 05:46:58
Type : System.Web.HttpException, System.Web, Version=4.0.0.0, Culture=neutral, PublicKeyToken=b03f5f7f11d50a3a
Message : File not found.
Source : Telerik.Sitefinity
Help link : 
WebEventCode : 0
ErrorCode : -2147467259
Data : System.Collections.ListDictionaryInternal
TargetSite : IOutputItem GetOutputItem(System.Web.HttpRequest, System.Web.HttpResponse, Telerik.Microsoft.Practices.EnterpriseLibrary.Caching.ICacheManager, System.String, Telerik.Sitefinity.Libraries.Model.MediaContent ByRef)
HResult : -2147467259
Stack Trace :    at Telerik.Sitefinity.Modules.Libraries.Web.LibraryHttpHandler.GetOutputItem(HttpRequest request, HttpResponse response, ICacheManager cache, String key, MediaContent& content)
   at Telerik.Sitefinity.Modules.Libraries.Web.LibraryHttpHandler.ProcessRequest(HttpContext context)
   at System.Web.HttpApplication.CallHandlerExecutionStep.System.Web.HttpApplication.IExecutionStep.Execute()
   at System.Web.HttpApplication.ExecuteStep(IExecutionStep step, Boolean& completedSynchronously)

Additional Info:

MachineName : WEB03
TimeStamp : 10/12/2013 4:46:58 AM
FullName : Telerik.Sitefinity.Utilities, Version=5.2.3700.0, Culture=neutral, PublicKeyToken=b28c218413bdf563
AppDomainName : /LM/W3SVC/124/ROOT-1-130260259739062500
ThreadIdentity : 
WindowsIdentity : SWBROADBAND\oldsugar
Requested URL : http://www.oldsugarmill.com/images/osm_eventlogo.png


Category: ErrorLog

Priority: 0

EventId: 90000

Severity: Error

Title:Enterprise Library Exception Handling

Machine: WEB03

App Domain: /LM/W3SVC/124/ROOT-1-130260259739062500

ProcessId: 8076

Process Name: C:\Windows\SysWOW64\inetsrv\w3wp.exe

Thread Name: 

Win32 ThreadId:7520

Extended Properties: 
----------------------------------------
----------------------------------------
Timestamp: 10/12/2013 5:21:13 AM

Message: HandlingInstanceID: 18b0a969-0430-4767-9a22-54d7210876ad
An exception of type 'System.ArgumentException' occurred and was caught.
------------------------------------------------------------------------
10/12/2013 06:21:12
Type : System.ArgumentException, mscorlib, Version=4.0.0.0, Culture=neutral, PublicKeyToken=b77a5c561934e089
Message : Item has already been added. Key in dictionary: 'Telerik.Web.SkinsAssembly'  Key being added: 'Telerik.Web.SkinsAssembly'
Source : mscorlib
Help link : 
ParamName : 
Data : System.Collections.ListDictionaryInternal
TargetSite : Void Insert(System.Object, System.Object, Boolean)
HResult : -2147024809
Stack Trace :    at System.Collections.Hashtable.Insert(Object key, Object nvalue, Boolean add)
   at System.Collections.Hashtable.Add(Object key, Object value)
   at System.Collections.Specialized.NameObjectCollectionBase.BaseAdd(String name, Object value)
   at System.Collections.Specialized.NameObjectCollectionBase.BaseSet(String name, Object value)
   at System.Collections.Specialized.NameValueCollection.Set(String name, String value)
   at Telerik.Web.SkinRegistrar.GetDefaultSkinsAssemblyName()
   at Telerik.Web.SkinRegistrar.GetAllEmbeddedSkinAttributes(RadSkinManager skinManager, Type controlType)
   at Telerik.Web.SkinRegistrar.GetAllEmbeddedSkinAttributes(Type controlType, Page page, Boolean designTime)
   at Telerik.Web.UI.Common.BaseClass.GetShortControlName(Control control)
   at Telerik.Web.UI.Common.BaseClass.GetValueFromConfig(String keyFormat, Control control)
   at Telerik.Web.UI.Common.BaseClass.GetGlobalEnableEmbeddedSkins(Control control)
   at Telerik.Web.UI.RadDataBoundControl.get_EnableEmbeddedSkins()
   at Telerik.Web.UI.RadDataBoundControl.Telerik.Web.ISkinnableControl.get_EnableEmbeddedSkins()
   at Telerik.Web.SkinRegistrar.GetEmbeddedSkinAttributes(ISkinnableControl control, Type controlType, Boolean designTime)
   at Telerik.Web.UI.RadStyleSheetManager.RegisterSkinnableControl(ISkinnableControl control)
   at Telerik.Web.UI.RadDataBoundControl.RegisterCssReferences()
   at Telerik.Web.UI.RadDataBoundControl.ControlPreRender()
   at Telerik.Web.UI.RadDataBoundControl.OnPreRender(EventArgs e)
   at System.Web.UI.Control.PreRenderRecursiveInternal()
   at System.Web.UI.Control.PreRenderRecursiveInternal()
   at System.Web.UI.Control.PreRenderRecursiveInternal()
   at System.Web.UI.Control.PreRenderRecursiveInternal()
   at System.Web.UI.Control.PreRenderRecursiveInternal()
   at System.Web.UI.Control.PreRenderRecursiveInternal()
   at System.Web.UI.Control.PreRenderRecursiveInternal()
   at System.Web.UI.Control.PreRenderRecursiveInternal()
   at System.Web.UI.Control.PreRenderRecursiveInternal()
   at System.Web.UI.Control.PreRenderRecursiveInternal()
   at System.Web.UI.Page.ProcessRequestMain(Boolean includeStagesBeforeAsyncPoint, Boolean includeStagesAfterAsyncPoint)

Additional Info:

MachineName : WEB03
TimeStamp : 10/12/2013 5:21:13 AM
FullName : Telerik.Sitefinity.Utilities, Version=5.2.3700.0, Culture=neutral, PublicKeyToken=b28c218413bdf563
AppDomainName : /LM/W3SVC/124/ROOT-1-130260288288750000
ThreadIdentity : 
WindowsIdentity : SWBROADBAND\oldsugar
Requested URL : http://www.oldsugarmill.com/sidebar/visitor-info


Category: ErrorLog

Priority: 0

EventId: 90000

Severity: Error

Title:Enterprise Library Exception Handling

Machine: WEB03

App Domain: /LM/W3SVC/124/ROOT-1-130260288288750000

ProcessId: 3844

Process Name: C:\Windows\SysWOW64\inetsrv\w3wp.exe

Thread Name: 

Win32 ThreadId:9284

Extended Properties: 
----------------------------------------
----------------------------------------
Timestamp: 10/12/2013 6:20:21 AM

Message: HandlingInstanceID: e418e654-2ca3-49f0-aa26-5241f2f2318a
An exception of type 'System.Web.HttpException' occurred and was caught.
------------------------------------------------------------------------
10/12/2013 07:20:21
Type : System.Web.HttpException, System.Web, Version=4.0.0.0, Culture=neutral, PublicKeyToken=b03f5f7f11d50a3a
Message : File not found.
Source : Telerik.Sitefinity
Help link : 
WebEventCode : 0
ErrorCode : -2147467259
Data : System.Collections.ListDictionaryInternal
TargetSite : IOutputItem GetOutputItem(System.Web.HttpRequest, System.Web.HttpResponse, Telerik.Microsoft.Practices.EnterpriseLibrary.Caching.ICacheManager, System.String, Telerik.Sitefinity.Libraries.Model.MediaContent ByRef)
HResult : -2147467259
Stack Trace :    at Telerik.Sitefinity.Modules.Libraries.Web.LibraryHttpHandler.GetOutputItem(HttpRequest request, HttpResponse response, ICacheManager cache, String key, MediaContent& content)
   at Telerik.Sitefinity.Modules.Libraries.Web.LibraryHttpHandler.ProcessRequest(HttpContext context)
   at System.Web.HttpApplication.CallHandlerExecutionStep.System.Web.HttpApplication.IExecutionStep.Execute()
   at System.Web.HttpApplication.ExecuteStep(IExecutionStep step, Boolean& completedSynchronously)

Additional Info:

MachineName : WEB03
TimeStamp : 10/12/2013 6:20:21 AM
FullName : Telerik.Sitefinity.Utilities, Version=5.2.3700.0, Culture=neutral, PublicKeyToken=b28c218413bdf563
AppDomainName : /LM/W3SVC/124/ROOT-1-130260288288750000
ThreadIdentity : 
WindowsIdentity : SWBROADBAND\oldsugar
Requested URL : http://www.oldsugarmill.com/images/crush_logo.jpg


Category: ErrorLog

Priority: 0

EventId: 90000

Severity: Error

Title:Enterprise Library Exception Handling

Machine: WEB03

App Domain: /LM/W3SVC/124/ROOT-1-130260288288750000

ProcessId: 3844

Process Name: C:\Windows\SysWOW64\inetsrv\w3wp.exe

Thread Name: 

Win32 ThreadId:7520

Extended Properties: 
----------------------------------------
----------------------------------------
Timestamp: 10/12/2013 7:00:12 AM

Message: HandlingInstanceID: c3edd950-c7cd-4341-89ae-9d0c558e55f8
An exception of type 'System.Web.HttpException' occurred and was caught.
------------------------------------------------------------------------
10/12/2013 08:00:12
Type : System.Web.HttpException, System.Web, Version=4.0.0.0, Culture=neutral, PublicKeyToken=b03f5f7f11d50a3a
Message : File not found.
Source : Telerik.Sitefinity
Help link : 
WebEventCode : 0
ErrorCode : -2147467259
Data : System.Collections.ListDictionaryInternal
TargetSite : IOutputItem GetOutputItem(System.Web.HttpRequest, System.Web.HttpResponse, Telerik.Microsoft.Practices.EnterpriseLibrary.Caching.ICacheManager, System.String, Telerik.Sitefinity.Libraries.Model.MediaContent ByRef)
HResult : -2147467259
Stack Trace :    at Telerik.Sitefinity.Modules.Libraries.Web.LibraryHttpHandler.GetOutputItem(HttpRequest request, HttpResponse response, ICacheManager cache, String key, MediaContent& content)
   at Telerik.Sitefinity.Modules.Libraries.Web.LibraryHttpHandler.ProcessRequest(HttpContext context)
   at System.Web.HttpApplication.CallHandlerExecutionStep.System.Web.HttpApplication.IExecutionStep.Execute()
   at System.Web.HttpApplication.ExecuteStep(IExecutionStep step, Boolean& completedSynchronously)

Additional Info:

MachineName : WEB03
TimeStamp : 10/12/2013 7:00:12 AM
FullName : Telerik.Sitefinity.Utilities, Version=5.2.3700.0, Culture=neutral, PublicKeyToken=b28c218413bdf563
AppDomainName : /LM/W3SVC/124/ROOT-1-130260288288750000
ThreadIdentity : 
WindowsIdentity : SWBROADBAND\oldsugar
Requested URL : http://www.oldsugarmill.com/images/temp_logo.jpg


Category: ErrorLog

Priority: 0

EventId: 90000

Severity: Error

Title:Enterprise Library Exception Handling

Machine: WEB03

App Domain: /LM/W3SVC/124/ROOT-1-130260288288750000

ProcessId: 3844

Process Name: C:\Windows\SysWOW64\inetsrv\w3wp.exe

Thread Name: 

Win32 ThreadId:3632

Extended Properties: 
----------------------------------------
----------------------------------------
Timestamp: 10/12/2013 7:13:17 AM

Message: HandlingInstanceID: 3b1c13d7-084a-4140-8dd0-f328ddce73a4
An exception of type 'System.Web.HttpException' occurred and was caught.
------------------------------------------------------------------------
10/12/2013 08:13:17
Type : System.Web.HttpException, System.Web, Version=4.0.0.0, Culture=neutral, PublicKeyToken=b03f5f7f11d50a3a
Message : File not found.
Source : Telerik.Sitefinity
Help link : 
WebEventCode : 0
ErrorCode : -2147467259
Data : System.Collections.ListDictionaryInternal
TargetSite : IOutputItem GetOutputItem(System.Web.HttpRequest, System.Web.HttpResponse, Telerik.Microsoft.Practices.EnterpriseLibrary.Caching.ICacheManager, System.String, Telerik.Sitefinity.Libraries.Model.MediaContent ByRef)
HResult : -2147467259
Stack Trace :    at Telerik.Sitefinity.Modules.Libraries.Web.LibraryHttpHandler.GetOutputItem(HttpRequest request, HttpResponse response, ICacheManager cache, String key, MediaContent& content)
   at Telerik.Sitefinity.Modules.Libraries.Web.LibraryHttpHandler.ProcessRequest(HttpContext context)
   at System.Web.HttpApplication.CallHandlerExecutionStep.System.Web.HttpApplication.IExecutionStep.Execute()
   at System.Web.HttpApplication.ExecuteStep(IExecutionStep step, Boolean& completedSynchronously)

Additional Info:

MachineName : WEB03
TimeStamp : 10/12/2013 7:13:17 AM
FullName : Telerik.Sitefinity.Utilities, Version=5.2.3700.0, Culture=neutral, PublicKeyToken=b28c218413bdf563
AppDomainName : /LM/W3SVC/124/ROOT-1-130260355665781250
ThreadIdentity : 
WindowsIdentity : SWBROADBAND\oldsugar
Requested URL : http://www.oldsugarmill.com/images/randy_logo.jpg


Category: ErrorLog

Priority: 0

EventId: 90000

Severity: Error

Title:Enterprise Library Exception Handling

Machine: WEB03

App Domain: /LM/W3SVC/124/ROOT-1-130260355665781250

ProcessId: 13084

Process Name: C:\Windows\SysWOW64\inetsrv\w3wp.exe

Thread Name: 

Win32 ThreadId:12316

Extended Properties: 
----------------------------------------
----------------------------------------
Timestamp: 10/12/2013 10:48:12 AM

Message: HandlingInstanceID: e02b8dee-3110-4b90-a2e7-1c8c797ec645
An exception of type 'System.Web.HttpException' occurred and was caught.
------------------------------------------------------------------------
10/12/2013 11:48:12
Type : System.Web.HttpException, System.Web, Version=4.0.0.0, Culture=neutral, PublicKeyToken=b03f5f7f11d50a3a
Message : This is an invalid script resource request.
Source : System.Web.Extensions
Help link : 
WebEventCode : 0
ErrorCode : -2147467259
Data : System.Collections.ListDictionaryInternal
TargetSite : Void ProcessRequest(System.Web.HttpContextBase, VirtualFileReader, System.Action`2[System.String,System.Exception], Boolean)
HResult : -2147467259
Stack Trace :    at System.Web.Handlers.ScriptResourceHandler.ProcessRequest(HttpContextBase context, VirtualFileReader fileReader, Action`2 logAction, Boolean validatePath)
   at System.Web.Handlers.ScriptResourceHandler.ProcessRequest(HttpContext context)
   at System.Web.Handlers.ScriptResourceHandler.System.Web.IHttpHandler.ProcessRequest(HttpContext context)
   at System.Web.HttpApplication.CallHandlerExecutionStep.System.Web.HttpApplication.IExecutionStep.Execute()
   at System.Web.HttpApplication.ExecuteStep(IExecutionStep step, Boolean& completedSynchronously)

Additional Info:

MachineName : WEB03
TimeStamp : 10/12/2013 10:48:12 AM
FullName : Telerik.Sitefinity.Utilities, Version=5.2.3700.0, Culture=neutral, PublicKeyToken=b28c218413bdf563
AppDomainName : /LM/W3SVC/124/ROOT-1-130260483774531250
ThreadIdentity : 
WindowsIdentity : SWBROADBAND\oldsugar
Requested URL : http://www.oldsugarmill.com/ScriptResource.axd?d=5uJFE9S18sCai5xRr8AWUje4sqbnedUmzS3ZjsKTb4n0e33wGswHtx5I69DB1zRdJKy67eg08CstKe817uVwQB0Lg42eQ0jc4HAigcaUPYQ1


Category: ErrorLog

Priority: 0

EventId: 90000

Severity: Error

Title:Enterprise Library Exception Handling

Machine: WEB03

App Domain: /LM/W3SVC/124/ROOT-1-130260483774531250

ProcessId: 13240

Process Name: C:\Windows\SysWOW64\inetsrv\w3wp.exe

Thread Name: 

Win32 ThreadId:7416

Extended Properties: 
----------------------------------------
----------------------------------------
Timestamp: 10/12/2013 10:50:00 AM

Message: HandlingInstanceID: e9dfd276-c36b-4217-a0d2-0a0c6936f33e
An exception of type 'System.Web.HttpException' occurred and was caught.
------------------------------------------------------------------------
10/12/2013 11:50:00
Type : System.Web.HttpException, System.Web, Version=4.0.0.0, Culture=neutral, PublicKeyToken=b03f5f7f11d50a3a
Message : A potentially dangerous Request.Path value was detected from the client (&).
Source : System.Web
Help link : 
WebEventCode : 0
ErrorCode : -2147467259
Data : System.Collections.ListDictionaryInternal
TargetSite : Void ValidateInputIfRequiredByConfig()
HResult : -2147467259
Stack Trace :    at System.Web.HttpRequest.ValidateInputIfRequiredByConfig()
   at System.Web.HttpApplication.PipelineStepManager.ValidateHelper(HttpContext context)

Additional Info:

MachineName : WEB03
TimeStamp : 10/12/2013 10:50:00 AM
FullName : Telerik.Sitefinity.Utilities, Version=5.2.3700.0, Culture=neutral, PublicKeyToken=b28c218413bdf563
AppDomainName : /LM/W3SVC/124/ROOT-1-130260483774531250
ThreadIdentity : 
WindowsIdentity : SWBROADBAND\oldsugar
Requested URL : http://www.oldsugarmill.com/,h=f._data(a,d);h&&(c===


Category: ErrorLog

Priority: 0

EventId: 90000

Severity: Error

Title:Enterprise Library Exception Handling

Machine: WEB03

App Domain: /LM/W3SVC/124/ROOT-1-130260483774531250

ProcessId: 13240

Process Name: C:\Windows\SysWOW64\inetsrv\w3wp.exe

Thread Name: 

Win32 ThreadId:6788

Extended Properties: 
----------------------------------------
----------------------------------------
Timestamp: 10/12/2013 10:51:13 AM

Message: HandlingInstanceID: b57d7168-4f4b-474c-8463-4e7f985796c7
An exception of type 'System.Web.HttpException' occurred and was caught.
------------------------------------------------------------------------
10/12/2013 11:51:13
Type : System.Web.HttpException, System.Web, Version=4.0.0.0, Culture=neutral, PublicKeyToken=b03f5f7f11d50a3a
Message : This is an invalid script resource request.
Source : System.Web.Extensions
Help link : 
WebEventCode : 0
ErrorCode : -2147467259
Data : System.Collections.ListDictionaryInternal
TargetSite : Void ProcessRequest(System.Web.HttpContextBase, VirtualFileReader, System.Action`2[System.String,System.Exception], Boolean)
HResult : -2147467259
Stack Trace :    at System.Web.Handlers.ScriptResourceHandler.ProcessRequest(HttpContextBase context, VirtualFileReader fileReader, Action`2 logAction, Boolean validatePath)
   at System.Web.Handlers.ScriptResourceHandler.ProcessRequest(HttpContext context)
   at System.Web.Handlers.ScriptResourceHandler.System.Web.IHttpHandler.ProcessRequest(HttpContext context)
   at System.Web.HttpApplication.CallHandlerExecutionStep.System.Web.HttpApplication.IExecutionStep.Execute()
   at System.Web.HttpApplication.ExecuteStep(IExecutionStep step, Boolean& completedSynchronously)

Additional Info:

MachineName : WEB03
TimeStamp : 10/12/2013 10:51:13 AM
FullName : Telerik.Sitefinity.Utilities, Version=5.2.3700.0, Culture=neutral, PublicKeyToken=b28c218413bdf563
AppDomainName : /LM/W3SVC/124/ROOT-1-130260483774531250
ThreadIdentity : 
WindowsIdentity : SWBROADBAND\oldsugar
Requested URL : http://www.oldsugarmill.com/ScriptResource.axd?d=Vl2u3Dp1IsyyZYj2pZ5rAJ0faHa97aYQntP82Jo-P693-ggiFf6LEsuY34gLmq-OJJgWRRzzTEoTeeI2_Vx6s57YuTLBXOiMFn_46kbcTiU1


Category: ErrorLog

Priority: 0

EventId: 90000

Severity: Error

Title:Enterprise Library Exception Handling

Machine: WEB03

App Domain: /LM/W3SVC/124/ROOT-1-130260483774531250

ProcessId: 13240

Process Name: C:\Windows\SysWOW64\inetsrv\w3wp.exe

Thread Name: 

Win32 ThreadId:7416

Extended Properties: 
----------------------------------------
----------------------------------------
Timestamp: 12/10/2013 10:51:25

Message: HandlingInstanceID: 2795a350-70e7-403d-b5d1-c2eac819d340
An exception of type 'System.Web.HttpException' occurred and was caught.
------------------------------------------------------------------------
10/12/2013 11:51:25
Type : System.Web.HttpException, System.Web, Version=4.0.0.0, Culture=neutral, PublicKeyToken=b03f5f7f11d50a3a
Message : This is an invalid script resource request.
Source : System.Web.Extensions
Help link : 
WebEventCode : 0
ErrorCode : -2147467259
Data : System.Collections.ListDictionaryInternal
TargetSite : Void ProcessRequest(System.Web.HttpContextBase, VirtualFileReader, System.Action`2[System.String,System.Exception], Boolean)
HResult : -2147467259
Stack Trace :    at System.Web.Handlers.ScriptResourceHandler.ProcessRequest(HttpContextBase context, VirtualFileReader fileReader, Action`2 logAction, Boolean validatePath)
   at System.Web.Handlers.ScriptResourceHandler.ProcessRequest(HttpContext context)
   at System.Web.Handlers.ScriptResourceHandler.System.Web.IHttpHandler.ProcessRequest(HttpContext context)
   at System.Web.HttpApplication.CallHandlerExecutionStep.System.Web.HttpApplication.IExecutionStep.Execute()
   at System.Web.HttpApplication.ExecuteStep(IExecutionStep step, Boolean& completedSynchronously)

Additional Info:

MachineName : WEB03
TimeStamp : 12/10/2013 10:51:25
FullName : Telerik.Sitefinity.Utilities, Version=5.2.3700.0, Culture=neutral, PublicKeyToken=b28c218413bdf563
AppDomainName : /LM/W3SVC/124/ROOT-1-130260483774531250
ThreadIdentity : 
WindowsIdentity : SWBROADBAND\oldsugar
Requested URL : http://oldsugarmill.swbroadband.co.uk/ScriptResource.axd?d=K2WPEU9l-Lw5QIFA5PRiDFZ9tb6SP9X0u5ayR1cX8rAsou-Z7dMsz9R6c3vQoOhzad85GhiMC5LbU_fUCYog_hb91OG_ZB13undIbRtH5SLwJR_kLdPc6WW6WDrs642p7Wv24wEiaRVYYXBMEycaqNGzq79B2n5z6EYIgE4i6ZJMH0Njqxrgcu_2pTLzdmyk0&t=155533f4


Category: ErrorLog

Priority: 0

EventId: 90000

Severity: Error

Title:Enterprise Library Exception Handling

Machine: WEB03

App Domain: /LM/W3SVC/124/ROOT-1-130260483774531250

ProcessId: 13240

Process Name: C:\Windows\SysWOW64\inetsrv\w3wp.exe

Thread Name: 

Win32 ThreadId:12700

Extended Properties: 
----------------------------------------
----------------------------------------
Timestamp: 10/12/2013 10:53:02 AM

Message: HandlingInstanceID: 7422b9a7-2072-49de-b2fc-4615e47e8e96
An exception of type 'System.Web.HttpException' occurred and was caught.
------------------------------------------------------------------------
10/12/2013 11:53:02
Type : System.Web.HttpException, System.Web, Version=4.0.0.0, Culture=neutral, PublicKeyToken=b03f5f7f11d50a3a
Message : This is an invalid script resource request.
Source : System.Web.Extensions
Help link : 
WebEventCode : 0
ErrorCode : -2147467259
Data : System.Collections.ListDictionaryInternal
TargetSite : Void ProcessRequest(System.Web.HttpContextBase, VirtualFileReader, System.Action`2[System.String,System.Exception], Boolean)
HResult : -2147467259
Stack Trace :    at System.Web.Handlers.ScriptResourceHandler.ProcessRequest(HttpContextBase context, VirtualFileReader fileReader, Action`2 logAction, Boolean validatePath)
   at System.Web.Handlers.ScriptResourceHandler.ProcessRequest(HttpContext context)
   at System.Web.Handlers.ScriptResourceHandler.System.Web.IHttpHandler.ProcessRequest(HttpContext context)
   at System.Web.HttpApplication.CallHandlerExecutionStep.System.Web.HttpApplication.IExecutionStep.Execute()
   at System.Web.HttpApplication.ExecuteStep(IExecutionStep step, Boolean& completedSynchronously)

Additional Info:

MachineName : WEB03
TimeStamp : 10/12/2013 10:53:02 AM
FullName : Telerik.Sitefinity.Utilities, Version=5.2.3700.0, Culture=neutral, PublicKeyToken=b28c218413bdf563
AppDomainName : /LM/W3SVC/124/ROOT-1-130260483774531250
ThreadIdentity : 
WindowsIdentity : SWBROADBAND\oldsugar
Requested URL : http://www.oldsugarmill.com/ScriptResource.axd?d=zX7XLI7IrYk3RyCGyg98BXIhcrLkfeTQK5vys1B3Sagh3NkXURyQVr1bf41ZhSAWtFLABFWAzUSU8FKARj1uSANJEU-ZMELBB5luHdKjsSE1


Category: ErrorLog

Priority: 0

EventId: 90000

Severity: Error

Title:Enterprise Library Exception Handling

Machine: WEB03

App Domain: /LM/W3SVC/124/ROOT-1-130260483774531250

ProcessId: 13240

Process Name: C:\Windows\SysWOW64\inetsrv\w3wp.exe

Thread Name: 

Win32 ThreadId:9432

Extended Properties: 
----------------------------------------
----------------------------------------
Timestamp: 10/12/2013 10:54:25 AM

Message: HandlingInstanceID: 570ab171-4533-44c9-987c-eee0af8d9dee
An exception of type 'System.Web.HttpException' occurred and was caught.
------------------------------------------------------------------------
10/12/2013 11:54:25
Type : System.Web.HttpException, System.Web, Version=4.0.0.0, Culture=neutral, PublicKeyToken=b03f5f7f11d50a3a
Message : This is an invalid script resource request.
Source : System.Web.Extensions
Help link : 
WebEventCode : 0
ErrorCode : -2147467259
Data : System.Collections.ListDictionaryInternal
TargetSite : Void ProcessRequest(System.Web.HttpContextBase, VirtualFileReader, System.Action`2[System.String,System.Exception], Boolean)
HResult : -2147467259
Stack Trace :    at System.Web.Handlers.ScriptResourceHandler.ProcessRequest(HttpContextBase context, VirtualFileReader fileReader, Action`2 logAction, Boolean validatePath)
   at System.Web.Handlers.ScriptResourceHandler.ProcessRequest(HttpContext context)
   at System.Web.Handlers.ScriptResourceHandler.System.Web.IHttpHandler.ProcessRequest(HttpContext context)
   at System.Web.HttpApplication.CallHandlerExecutionStep.System.Web.HttpApplication.IExecutionStep.Execute()
   at System.Web.HttpApplication.ExecuteStep(IExecutionStep step, Boolean& completedSynchronously)

Additional Info:

MachineName : WEB03
TimeStamp : 10/12/2013 10:54:25 AM
FullName : Telerik.Sitefinity.Utilities, Version=5.2.3700.0, Culture=neutral, PublicKeyToken=b28c218413bdf563
AppDomainName : /LM/W3SVC/124/ROOT-1-130260483774531250
ThreadIdentity : 
WindowsIdentity : SWBROADBAND\oldsugar
Requested URL : http://www.oldsugarmill.com/ScriptResource.axd?d=cbS_sv5Uydmcz4OsOv0ioby6WXD_QjdQznYs_51_Bp9FbXnjqUcxB9YRgX26EKfbrmFE8m36Axc18_NY_my53qC4kYdkVnt2rrCnJaD7hK01


Category: ErrorLog

Priority: 0

EventId: 90000

Severity: Error

Title:Enterprise Library Exception Handling

Machine: WEB03

App Domain: /LM/W3SVC/124/ROOT-1-130260483774531250

ProcessId: 13240

Process Name: C:\Windows\SysWOW64\inetsrv\w3wp.exe

Thread Name: 

Win32 ThreadId:13656

Extended Properties: 
----------------------------------------
----------------------------------------
Timestamp: 12/10/2013 10:57:07

Message: HandlingInstanceID: 7114cdfb-8d4a-448d-898f-76239c6215cf
An exception of type 'System.Web.HttpException' occurred and was caught.
------------------------------------------------------------------------
10/12/2013 11:57:07
Type : System.Web.HttpException, System.Web, Version=4.0.0.0, Culture=neutral, PublicKeyToken=b03f5f7f11d50a3a
Message : This is an invalid webresource request.
Source : System.Web
Help link : 
WebEventCode : 0
ErrorCode : -2147467259
Data : System.Collections.ListDictionaryInternal
TargetSite : Void System.Web.IHttpHandler.ProcessRequest(System.Web.HttpContext)
HResult : -2147467259
Stack Trace :    at System.Web.Handlers.AssemblyResourceLoader.System.Web.IHttpHandler.ProcessRequest(HttpContext context)
   at System.Web.HttpApplication.CallHandlerExecutionStep.System.Web.HttpApplication.IExecutionStep.Execute()
   at System.Web.HttpApplication.ExecuteStep(IExecutionStep step, Boolean& completedSynchronously)

Additional Info:

MachineName : WEB03
TimeStamp : 12/10/2013 10:57:07
FullName : Telerik.Sitefinity.Utilities, Version=5.2.3700.0, Culture=neutral, PublicKeyToken=b28c218413bdf563
AppDomainName : /LM/W3SVC/124/ROOT-1-130260483774531250
ThreadIdentity : 
WindowsIdentity : SWBROADBAND\oldsugar
Requested URL : http://oldsugarmill.swbroadband.co.uk/WebResource.axd?d=fGrtuYgT3BiIUmLbSQDG5ymvVQZV-LB6PRPl1kfWLJvUzKjDI8UfYiQiZaI2Mkq59A7IFnDxuIy8_NrLMEwcgCyzOh_m1eKTRsUrMceUUrA1&t=635089743480000000


Category: ErrorLog

Priority: 0

EventId: 90000

Severity: Error

Title:Enterprise Library Exception Handling

Machine: WEB03

App Domain: /LM/W3SVC/124/ROOT-1-130260483774531250

ProcessId: 13240

Process Name: C:\Windows\SysWOW64\inetsrv\w3wp.exe

Thread Name: 

Win32 ThreadId:13656

Extended Properties: 
----------------------------------------
----------------------------------------
Timestamp: 12/10/2013 10:57:07

Message: HandlingInstanceID: 4156eed5-ec89-4577-81aa-cac64dd7ca11
An exception of type 'System.Web.HttpException' occurred and was caught.
------------------------------------------------------------------------
10/12/2013 11:57:07
Type : System.Web.HttpException, System.Web, Version=4.0.0.0, Culture=neutral, PublicKeyToken=b03f5f7f11d50a3a
Message : This is an invalid script resource request.
Source : System.Web.Extensions
Help link : 
WebEventCode : 0
ErrorCode : -2147467259
Data : System.Collections.ListDictionaryInternal
TargetSite : Void ProcessRequest(System.Web.HttpContextBase, VirtualFileReader, System.Action`2[System.String,System.Exception], Boolean)
HResult : -2147467259
Stack Trace :    at System.Web.Handlers.ScriptResourceHandler.ProcessRequest(HttpContextBase context, VirtualFileReader fileReader, Action`2 logAction, Boolean validatePath)
   at System.Web.Handlers.ScriptResourceHandler.ProcessRequest(HttpContext context)
   at System.Web.Handlers.ScriptResourceHandler.System.Web.IHttpHandler.ProcessRequest(HttpContext context)
   at System.Web.HttpApplication.CallHandlerExecutionStep.System.Web.HttpApplication.IExecutionStep.Execute()
   at System.Web.HttpApplication.ExecuteStep(IExecutionStep step, Boolean& completedSynchronously)

Additional Info:

MachineName : WEB03
TimeStamp : 12/10/2013 10:57:07
FullName : Telerik.Sitefinity.Utilities, Version=5.2.3700.0, Culture=neutral, PublicKeyToken=b28c218413bdf563
AppDomainName : /LM/W3SVC/124/ROOT-1-130260483774531250
ThreadIdentity : 
WindowsIdentity : SWBROADBAND\oldsugar
Requested URL : http://oldsugarmill.swbroadband.co.uk/ScriptResource.axd?d=K2WPEU9l-Lw5QIFA5PRiDFZ9tb6SP9X0u5ayR1cX8rAsou-Z7dMsz9R6c3vQoOhzad85GhiMC5LbU_fUCYog_hb91OG_ZB13undIbRtH5SLwJR_kLdPc6WW6WDrs642p7Wv24wEiaRVYYXBMEycaqNGzq79B2n5z6EYIgE4i6ZJMH0Njqxrgcu_2pTLzdmyk0&t=155533f4


Category: ErrorLog

Priority: 0

EventId: 90000

Severity: Error

Title:Enterprise Library Exception Handling

Machine: WEB03

App Domain: /LM/W3SVC/124/ROOT-1-130260483774531250

ProcessId: 13240

Process Name: C:\Windows\SysWOW64\inetsrv\w3wp.exe

Thread Name: 

Win32 ThreadId:6788

Extended Properties: 
----------------------------------------
----------------------------------------
Timestamp: 12/10/2013 10:57:08

Message: HandlingInstanceID: 21979919-5acd-4920-ada6-a093a3169492
An exception of type 'System.Web.HttpException' occurred and was caught.
------------------------------------------------------------------------
10/12/2013 11:57:08
Type : System.Web.HttpException, System.Web, Version=4.0.0.0, Culture=neutral, PublicKeyToken=b03f5f7f11d50a3a
Message : This is an invalid webresource request.
Source : System.Web
Help link : 
WebEventCode : 0
ErrorCode : -2147467259
Data : System.Collections.ListDictionaryInternal
TargetSite : Void System.Web.IHttpHandler.ProcessRequest(System.Web.HttpContext)
HResult : -2147467259
Stack Trace :    at System.Web.Handlers.AssemblyResourceLoader.System.Web.IHttpHandler.ProcessRequest(HttpContext context)
   at System.Web.HttpApplication.CallHandlerExecutionStep.System.Web.HttpApplication.IExecutionStep.Execute()
   at System.Web.HttpApplication.ExecuteStep(IExecutionStep step, Boolean& completedSynchronously)

Additional Info:

MachineName : WEB03
TimeStamp : 12/10/2013 10:57:08
FullName : Telerik.Sitefinity.Utilities, Version=5.2.3700.0, Culture=neutral, PublicKeyToken=b28c218413bdf563
AppDomainName : /LM/W3SVC/124/ROOT-1-130260483774531250
ThreadIdentity : 
WindowsIdentity : SWBROADBAND\oldsugar
Requested URL : http://oldsugarmill.swbroadband.co.uk/WebResource.axd?d=fGrtuYgT3BiIUmLbSQDG5ymvVQZV-LB6PRPl1kfWLJvUzKjDI8UfYiQiZaI2Mkq59A7IFnDxuIy8_NrLMEwcgCyzOh_m1eKTRsUrMceUUrA1&t=635089743480000000


Category: ErrorLog

Priority: 0

EventId: 90000

Severity: Error

Title:Enterprise Library Exception Handling

Machine: WEB03

App Domain: /LM/W3SVC/124/ROOT-1-130260483774531250

ProcessId: 13240

Process Name: C:\Windows\SysWOW64\inetsrv\w3wp.exe

Thread Name: 

Win32 ThreadId:7240

Extended Properties: 
----------------------------------------
----------------------------------------
Timestamp: 12/10/2013 10:57:26

Message: HandlingInstanceID: 0360e4cd-e541-4b04-a871-e891b1bc81af
An exception of type 'System.Web.HttpException' occurred and was caught.
------------------------------------------------------------------------
10/12/2013 11:57:26
Type : System.Web.HttpException, System.Web, Version=4.0.0.0, Culture=neutral, PublicKeyToken=b03f5f7f11d50a3a
Message : This is an invalid script resource request.
Source : System.Web.Extensions
Help link : 
WebEventCode : 0
ErrorCode : -2147467259
Data : System.Collections.ListDictionaryInternal
TargetSite : Void ProcessRequest(System.Web.HttpContextBase, VirtualFileReader, System.Action`2[System.String,System.Exception], Boolean)
HResult : -2147467259
Stack Trace :    at System.Web.Handlers.ScriptResourceHandler.ProcessRequest(HttpContextBase context, VirtualFileReader fileReader, Action`2 logAction, Boolean validatePath)
   at System.Web.Handlers.ScriptResourceHandler.ProcessRequest(HttpContext context)
   at System.Web.Handlers.ScriptResourceHandler.System.Web.IHttpHandler.ProcessRequest(HttpContext context)
   at System.Web.HttpApplication.CallHandlerExecutionStep.System.Web.HttpApplication.IExecutionStep.Execute()
   at System.Web.HttpApplication.ExecuteStep(IExecutionStep step, Boolean& completedSynchronously)

Additional Info:

MachineName : WEB03
TimeStamp : 12/10/2013 10:57:26
FullName : Telerik.Sitefinity.Utilities, Version=5.2.3700.0, Culture=neutral, PublicKeyToken=b28c218413bdf563
AppDomainName : /LM/W3SVC/124/ROOT-1-130260483774531250
ThreadIdentity : 
WindowsIdentity : SWBROADBAND\oldsugar
Requested URL : http://oldsugarmill.swbroadband.co.uk/ScriptResource.axd?d=7KYD0s6ZkLtQTrHsW5ZtK7ZNzoQO_eTZxg99uvVJXRu3Uy9CtcECICObWQnntitPoU8ab6U0ZFwdjnEaCzVlhZc0E7rEJ7ElGAFmXPk1NNepV_d7JykRoV1WQeIN7muz64Vq7lfudb3A9yzDHvV3P4LN-AzBk-fK4BD_XhMfZgtC481fpa9lryhh4JHi2wA1it4YRZUlJu4fWpXszNwfeA2&t=155533f4


Category: ErrorLog

Priority: 0

EventId: 90000

Severity: Error

Title:Enterprise Library Exception Handling

Machine: WEB03

App Domain: /LM/W3SVC/124/ROOT-1-130260483774531250

ProcessId: 13240

Process Name: C:\Windows\SysWOW64\inetsrv\w3wp.exe

Thread Name: 

Win32 ThreadId:13836

Extended Properties: 
----------------------------------------
----------------------------------------
Timestamp: 10/12/2013 11:05:56 AM

Message: HandlingInstanceID: ece9cfd5-cd8e-47da-9a7d-03b0a2400404
An exception of type 'System.Web.HttpException' occurred and was caught.
------------------------------------------------------------------------
10/12/2013 12:05:56
Type : System.Web.HttpException, System.Web, Version=4.0.0.0, Culture=neutral, PublicKeyToken=b03f5f7f11d50a3a
Message : This is an invalid script resource request.
Source : System.Web.Extensions
Help link : 
WebEventCode : 0
ErrorCode : -2147467259
Data : System.Collections.ListDictionaryInternal
TargetSite : Void ProcessRequest(System.Web.HttpContextBase, VirtualFileReader, System.Action`2[System.String,System.Exception], Boolean)
HResult : -2147467259
Stack Trace :    at System.Web.Handlers.ScriptResourceHandler.ProcessRequest(HttpContextBase context, VirtualFileReader fileReader, Action`2 logAction, Boolean validatePath)
   at System.Web.Handlers.ScriptResourceHandler.ProcessRequest(HttpContext context)
   at System.Web.Handlers.ScriptResourceHandler.System.Web.IHttpHandler.ProcessRequest(HttpContext context)
   at System.Web.HttpApplication.CallHandlerExecutionStep.System.Web.HttpApplication.IExecutionStep.Execute()
   at System.Web.HttpApplication.ExecuteStep(IExecutionStep step, Boolean& completedSynchronously)

Additional Info:

MachineName : WEB03
TimeStamp : 10/12/2013 11:05:56 AM
FullName : Telerik.Sitefinity.Utilities, Version=5.2.3700.0, Culture=neutral, PublicKeyToken=b28c218413bdf563
AppDomainName : /LM/W3SVC/124/ROOT-1-130260483774531250
ThreadIdentity : 
WindowsIdentity : SWBROADBAND\oldsugar
Requested URL : http://www.oldsugarmill.com/ScriptResource.axd?d=aTmm5XROStLdqhlktZk94oascFDnVLRCtqTJTEN8z6iKoryxPYHAMLlhdRgfeghdxseXmk00IUpiA62YjWbDzXbqWtuky5PRhpYxtuZ8VqA1


Category: ErrorLog

Priority: 0

EventId: 90000

Severity: Error

Title:Enterprise Library Exception Handling

Machine: WEB03

App Domain: /LM/W3SVC/124/ROOT-1-130260483774531250

ProcessId: 13240

Process Name: C:\Windows\SysWOW64\inetsrv\w3wp.exe

Thread Name: 

Win32 ThreadId:13248

Extended Properties: 
----------------------------------------
----------------------------------------
Timestamp: 10/12/2013 3:14:09 PM

Message: HandlingInstanceID: 1d4a4b76-cc89-45fe-85a1-92a060382d6a
An exception of type 'System.Web.HttpException' occurred and was caught.
------------------------------------------------------------------------
10/12/2013 16:14:09
Type : System.Web.HttpException, System.Web, Version=4.0.0.0, Culture=neutral, PublicKeyToken=b03f5f7f11d50a3a
Message : File not found.
Source : Telerik.Sitefinity
Help link : 
WebEventCode : 0
ErrorCode : -2147467259
Data : System.Collections.ListDictionaryInternal
TargetSite : IOutputItem GetOutputItem(System.Web.HttpRequest, System.Web.HttpResponse, Telerik.Microsoft.Practices.EnterpriseLibrary.Caching.ICacheManager, System.String, Telerik.Sitefinity.Libraries.Model.MediaContent ByRef)
HResult : -2147467259
Stack Trace :    at Telerik.Sitefinity.Modules.Libraries.Web.LibraryHttpHandler.GetOutputItem(HttpRequest request, HttpResponse response, ICacheManager cache, String key, MediaContent& content)
   at Telerik.Sitefinity.Modules.Libraries.Web.LibraryHttpHandler.ProcessRequest(HttpContext context)
   at System.Web.HttpApplication.CallHandlerExecutionStep.System.Web.HttpApplication.IExecutionStep.Execute()
   at System.Web.HttpApplication.ExecuteStep(IExecutionStep step, Boolean& completedSynchronously)

Additional Info:

MachineName : WEB03
TimeStamp : 10/12/2013 3:14:09 PM
FullName : Telerik.Sitefinity.Utilities, Version=5.2.3700.0, Culture=neutral, PublicKeyToken=b28c218413bdf563
AppDomainName : /LM/W3SVC/124/ROOT-1-130260581508125000
ThreadIdentity : 
WindowsIdentity : SWBROADBAND\oldsugar
Requested URL : http://www.oldsugarmill.com/images/buyhere_mini.png


Category: ErrorLog

Priority: 0

EventId: 90000

Severity: Error

Title:Enterprise Library Exception Handling

Machine: WEB03

App Domain: /LM/W3SVC/124/ROOT-1-130260581508125000

ProcessId: 6064

Process Name: C:\Windows\SysWOW64\inetsrv\w3wp.exe

Thread Name: 

Win32 ThreadId:2864

Extended Properties: 
----------------------------------------
----------------------------------------
Timestamp: 10/12/2013 3:14:10 PM

Message: HandlingInstanceID: b160703a-c0e5-4e20-8332-5c73100e4a19
An exception of type 'System.Web.HttpException' occurred and was caught.
------------------------------------------------------------------------
10/12/2013 16:14:10
Type : System.Web.HttpException, System.Web, Version=4.0.0.0, Culture=neutral, PublicKeyToken=b03f5f7f11d50a3a
Message : File not found.
Source : Telerik.Sitefinity
Help link : 
WebEventCode : 0
ErrorCode : -2147467259
Data : System.Collections.ListDictionaryInternal
TargetSite : IOutputItem GetOutputItem(System.Web.HttpRequest, System.Web.HttpResponse, Telerik.Microsoft.Practices.EnterpriseLibrary.Caching.ICacheManager, System.String, Telerik.Sitefinity.Libraries.Model.MediaContent ByRef)
HResult : -2147467259
Stack Trace :    at Telerik.Sitefinity.Modules.Libraries.Web.LibraryHttpHandler.GetOutputItem(HttpRequest request, HttpResponse response, ICacheManager cache, String key, MediaContent& content)
   at Telerik.Sitefinity.Modules.Libraries.Web.LibraryHttpHandler.ProcessRequest(HttpContext context)
   at System.Web.HttpApplication.CallHandlerExecutionStep.System.Web.HttpApplication.IExecutionStep.Execute()
   at System.Web.HttpApplication.ExecuteStep(IExecutionStep step, Boolean& completedSynchronously)

Additional Info:

MachineName : WEB03
TimeStamp : 10/12/2013 3:14:10 PM
FullName : Telerik.Sitefinity.Utilities, Version=5.2.3700.0, Culture=neutral, PublicKeyToken=b28c218413bdf563
AppDomainName : /LM/W3SVC/124/ROOT-1-130260581508125000
ThreadIdentity : 
WindowsIdentity : SWBROADBAND\oldsugar
Requested URL : http://www.oldsugarmill.com/images/buyhere_mini.png


Category: ErrorLog

Priority: 0

EventId: 90000

Severity: Error

Title:Enterprise Library Exception Handling

Machine: WEB03

App Domain: /LM/W3SVC/124/ROOT-1-130260581508125000

ProcessId: 6064

Process Name: C:\Windows\SysWOW64\inetsrv\w3wp.exe

Thread Name: 

Win32 ThreadId:8176

Extended Properties: 
----------------------------------------
----------------------------------------
Timestamp: 10/12/2013 5:31:05 PM

Message: HandlingInstanceID: b5cd7744-40c6-4dd9-ac14-ba6fc170ff4b
An exception of type 'System.Web.HttpException' occurred and was caught.
------------------------------------------------------------------------
10/12/2013 18:31:04
Type : System.Web.HttpException, System.Web, Version=4.0.0.0, Culture=neutral, PublicKeyToken=b03f5f7f11d50a3a
Message : File not found.
Source : Telerik.Sitefinity
Help link : 
WebEventCode : 0
ErrorCode : -2147467259
Data : System.Collections.ListDictionaryInternal
TargetSite : IOutputItem GetOutputItem(System.Web.HttpRequest, System.Web.HttpResponse, Telerik.Microsoft.Practices.EnterpriseLibrary.Caching.ICacheManager, System.String, Telerik.Sitefinity.Libraries.Model.MediaContent ByRef)
HResult : -2147467259
Stack Trace :    at Telerik.Sitefinity.Modules.Libraries.Web.LibraryHttpHandler.GetOutputItem(HttpRequest request, HttpResponse response, ICacheManager cache, String key, MediaContent& content)
   at Telerik.Sitefinity.Modules.Libraries.Web.LibraryHttpHandler.ProcessRequest(HttpContext context)
   at System.Web.HttpApplication.CallHandlerExecutionStep.System.Web.HttpApplication.IExecutionStep.Execute()
   at System.Web.HttpApplication.ExecuteStep(IExecutionStep step, Boolean& completedSynchronously)

Additional Info:

MachineName : WEB03
TimeStamp : 10/12/2013 5:31:04 PM
FullName : Telerik.Sitefinity.Utilities, Version=5.2.3700.0, Culture=neutral, PublicKeyToken=b28c218413bdf563
AppDomainName : /LM/W3SVC/124/ROOT-1-130260581508125000
ThreadIdentity : 
WindowsIdentity : SWBROADBAND\oldsugar
Requested URL : http://www.oldsugarmill.com/images/springflingposter.jpg


Category: ErrorLog

Priority: 0

EventId: 90000

Severity: Error

Title:Enterprise Library Exception Handling

Machine: WEB03

App Domain: /LM/W3SVC/124/ROOT-1-130260581508125000

ProcessId: 6064

Process Name: C:\Windows\SysWOW64\inetsrv\w3wp.exe

Thread Name: 

Win32 ThreadId:2864

Extended Properties: 
----------------------------------------
----------------------------------------
Timestamp: 10/12/2013 5:31:05 PM

Message: HandlingInstanceID: c0f70cca-073d-4af4-863d-d2998f7b44ec
An exception of type 'System.Web.HttpException' occurred and was caught.
------------------------------------------------------------------------
10/12/2013 18:31:05
Type : System.Web.HttpException, System.Web, Version=4.0.0.0, Culture=neutral, PublicKeyToken=b03f5f7f11d50a3a
Message : File not found.
Source : Telerik.Sitefinity
Help link : 
WebEventCode : 0
ErrorCode : -2147467259
Data : System.Collections.ListDictionaryInternal
TargetSite : IOutputItem GetOutputItem(System.Web.HttpRequest, System.Web.HttpResponse, Telerik.Microsoft.Practices.EnterpriseLibrary.Caching.ICacheManager, System.String, Telerik.Sitefinity.Libraries.Model.MediaContent ByRef)
HResult : -2147467259
Stack Trace :    at Telerik.Sitefinity.Modules.Libraries.Web.LibraryHttpHandler.GetOutputItem(HttpRequest request, HttpResponse response, ICacheManager cache, String key, MediaContent& content)
   at Telerik.Sitefinity.Modules.Libraries.Web.LibraryHttpHandler.ProcessRequest(HttpContext context)
   at System.Web.HttpApplication.CallHandlerExecutionStep.System.Web.HttpApplication.IExecutionStep.Execute()
   at System.Web.HttpApplication.ExecuteStep(IExecutionStep step, Boolean& completedSynchronously)

Additional Info:

MachineName : WEB03
TimeStamp : 10/12/2013 5:31:05 PM
FullName : Telerik.Sitefinity.Utilities, Version=5.2.3700.0, Culture=neutral, PublicKeyToken=b28c218413bdf563
AppDomainName : /LM/W3SVC/124/ROOT-1-130260581508125000
ThreadIdentity : 
WindowsIdentity : SWBROADBAND\oldsugar
Requested URL : http://www.oldsugarmill.com/images/springflingposter.jpg


Category: ErrorLog

Priority: 0

EventId: 90000

Severity: Error

Title:Enterprise Library Exception Handling

Machine: WEB03

App Domain: /LM/W3SVC/124/ROOT-1-130260581508125000

ProcessId: 6064

Process Name: C:\Windows\SysWOW64\inetsrv\w3wp.exe

Thread Name: 

Win32 ThreadId:6948

Extended Properties: 
----------------------------------------
----------------------------------------
Timestamp: 10/12/2013 6:46:44 PM

Message: HandlingInstanceID: 2d41590d-369c-40b3-9671-fe62c6c14359
An exception of type 'System.Web.HttpRequestValidationException' occurred and was caught.
-----------------------------------------------------------------------------------------
10/12/2013 19:46:44
Type : System.Web.HttpRequestValidationException, System.Web, Version=4.0.0.0, Culture=neutral, PublicKeyToken=b03f5f7f11d50a3a
Message : A potentially dangerous Request.QueryString value was detected from the client (_TSM_HiddenField_="...SM        <div id=").
Source : System.Web
Help link : 
WebEventCode : 0
ErrorCode : -2147467259
Data : System.Collections.ListDictionaryInternal
TargetSite : Void ValidateString(System.String, System.String, System.Web.Util.RequestValidationSource)
HResult : -2147467259
Stack Trace :    at System.Web.HttpRequest.ValidateString(String value, String collectionKey, RequestValidationSource requestCollection)
   at System.Web.HttpRequest.ValidateHttpValueCollection(HttpValueCollection collection, RequestValidationSource requestCollection)
   at System.Web.HttpRequest.get_QueryString()
   at System.Web.Caching.OutputCacheModule.CreateOutputCachedItemKey(String path, HttpVerb verb, HttpContext context, CachedVary cachedVary)
   at System.Web.Caching.OutputCacheModule.CreateOutputCachedItemKey(HttpContext context, CachedVary cachedVary)
   at System.Web.Caching.OutputCacheModule.OnEnter(Object source, EventArgs eventArgs)
   at System.Web.HttpApplication.SyncEventExecutionStep.System.Web.HttpApplication.IExecutionStep.Execute()
   at System.Web.HttpApplication.ExecuteStep(IExecutionStep step, Boolean& completedSynchronously)

Additional Info:

MachineName : WEB03
TimeStamp : 10/12/2013 6:46:44 PM
FullName : Telerik.Sitefinity.Utilities, Version=5.2.3700.0, Culture=neutral, PublicKeyToken=b28c218413bdf563
AppDomainName : /LM/W3SVC/124/ROOT-1-130260581508125000
ThreadIdentity : 
WindowsIdentity : SWBROADBAND\oldsugar
Requested URL : http://www.oldsugarmill.com/Telerik.Web.UI.WebResource.axd?_TSM_HiddenField_=ctl25_TSM        <div id=


Category: ErrorLog

Priority: 0

EventId: 90000

Severity: Error

Title:Enterprise Library Exception Handling

Machine: WEB03

App Domain: /LM/W3SVC/124/ROOT-1-130260581508125000

ProcessId: 6064

Process Name: C:\Windows\SysWOW64\inetsrv\w3wp.exe

Thread Name: 

Win32 ThreadId:12616

Extended Properties: 
----------------------------------------
----------------------------------------
Timestamp: 10/12/2013 7:56:43 PM

Message: HandlingInstanceID: b8cc8a07-b263-4f87-865e-8ba8574a7ad2
An exception of type 'System.Web.HttpException' occurred and was caught.
------------------------------------------------------------------------
10/12/2013 20:56:43
Type : System.Web.HttpException, System.Web, Version=4.0.0.0, Culture=neutral, PublicKeyToken=b03f5f7f11d50a3a
Message : This is an invalid webresource request.
Source : System.Web
Help link : 
WebEventCode : 0
ErrorCode : -2147467259
Data : System.Collections.ListDictionaryInternal
TargetSite : Void System.Web.IHttpHandler.ProcessRequest(System.Web.HttpContext)
HResult : -2147467259
Stack Trace :    at System.Web.Handlers.AssemblyResourceLoader.System.Web.IHttpHandler.ProcessRequest(HttpContext context)
   at System.Web.HttpApplication.CallHandlerExecutionStep.System.Web.HttpApplication.IExecutionStep.Execute()
   at System.Web.HttpApplication.ExecuteStep(IExecutionStep step, Boolean& completedSynchronously)

Additional Info:

MachineName : WEB03
TimeStamp : 10/12/2013 7:56:43 PM
FullName : Telerik.Sitefinity.Utilities, Version=5.2.3700.0, Culture=neutral, PublicKeyToken=b28c218413bdf563
AppDomainName : /LM/W3SVC/124/ROOT-1-130260581508125000
ThreadIdentity : 
WindowsIdentity : SWBROADBAND\oldsugar
Requested URL : http://www.oldsugarmill.com/WebResource.axd?d=5c0DNMuFyaR_NCn8godaDFakCPjcqrIdohhEq0IzcU0CrHJ9K0uOKRKY_qaLAqWtyuC5K5Bi0SY5UEwCgzFqI8s64-SNii_8H2fwhiLV1-8Aej-mQVUqfcFRgXqhsuRZgMeDk9MyQFcEm2FQzgxEN3sMuUXbk7775giAPcl_ER0DxvbQ6N1zbbMG-K1X-9C90&t=634901614949834375


Category: ErrorLog

Priority: 0

EventId: 90000

Severity: Error

Title:Enterprise Library Exception Handling

Machine: WEB03

App Domain: /LM/W3SVC/124/ROOT-1-130260581508125000

ProcessId: 6064

Process Name: C:\Windows\SysWOW64\inetsrv\w3wp.exe

Thread Name: 

Win32 ThreadId:6540

Extended Properties: 
----------------------------------------
----------------------------------------
Timestamp: 10/12/2013 7:56:56 PM

Message: HandlingInstanceID: aa3a13b1-8c49-47b9-b16a-29c97c9db853
An exception of type 'System.Web.HttpException' occurred and was caught.
------------------------------------------------------------------------
10/12/2013 20:56:56
Type : System.Web.HttpException, System.Web, Version=4.0.0.0, Culture=neutral, PublicKeyToken=b03f5f7f11d50a3a
Message : This is an invalid webresource request.
Source : System.Web
Help link : 
WebEventCode : 0
ErrorCode : -2147467259
Data : System.Collections.ListDictionaryInternal
TargetSite : Void System.Web.IHttpHandler.ProcessRequest(System.Web.HttpContext)
HResult : -2147467259
Stack Trace :    at System.Web.Handlers.AssemblyResourceLoader.System.Web.IHttpHandler.ProcessRequest(HttpContext context)
   at System.Web.HttpApplication.CallHandlerExecutionStep.System.Web.HttpApplication.IExecutionStep.Execute()
   at System.Web.HttpApplication.ExecuteStep(IExecutionStep step, Boolean& completedSynchronously)

Additional Info:

MachineName : WEB03
TimeStamp : 10/12/2013 7:56:56 PM
FullName : Telerik.Sitefinity.Utilities, Version=5.2.3700.0, Culture=neutral, PublicKeyToken=b28c218413bdf563
AppDomainName : /LM/W3SVC/124/ROOT-1-130260581508125000
ThreadIdentity : 
WindowsIdentity : SWBROADBAND\oldsugar
Requested URL : http://www.oldsugarmill.com/WebResource.axd?d=5c0DNMuFyaR_NCn8godaDFakCPjcqrIdohhEq0IzcU0CrHJ9K0uOKRKY_qaLAqWtyuC5K5Bi0SY5UEwCgzFqI8s64-SNii_8H2fwhiLV1-8Aej-mQVUqfcFRgXqhsuRZgMeDk9MyQFcEm2FQzgxEN3sMuUXbk7775giAPcl_ER0DxvbQ6N1zbbMG-K1X-9C90&t=634901614949834375


Category: ErrorLog

Priority: 0

EventId: 90000

Severity: Error

Title:Enterprise Library Exception Handling

Machine: WEB03

App Domain: /LM/W3SVC/124/ROOT-1-130260581508125000

ProcessId: 6064

Process Name: C:\Windows\SysWOW64\inetsrv\w3wp.exe

Thread Name: 

Win32 ThreadId:5960

Extended Properties: 
----------------------------------------
----------------------------------------
Timestamp: 10/12/2013 7:57:07 PM

Message: HandlingInstanceID: e322a5d9-673a-4a97-ac77-5e0c8cc08b11
An exception of type 'System.Web.HttpException' occurred and was caught.
------------------------------------------------------------------------
10/12/2013 20:57:07
Type : System.Web.HttpException, System.Web, Version=4.0.0.0, Culture=neutral, PublicKeyToken=b03f5f7f11d50a3a
Message : This is an invalid webresource request.
Source : System.Web
Help link : 
WebEventCode : 0
ErrorCode : -2147467259
Data : System.Collections.ListDictionaryInternal
TargetSite : Void System.Web.IHttpHandler.ProcessRequest(System.Web.HttpContext)
HResult : -2147467259
Stack Trace :    at System.Web.Handlers.AssemblyResourceLoader.System.Web.IHttpHandler.ProcessRequest(HttpContext context)
   at System.Web.HttpApplication.CallHandlerExecutionStep.System.Web.HttpApplication.IExecutionStep.Execute()
   at System.Web.HttpApplication.ExecuteStep(IExecutionStep step, Boolean& completedSynchronously)

Additional Info:

MachineName : WEB03
TimeStamp : 10/12/2013 7:57:07 PM
FullName : Telerik.Sitefinity.Utilities, Version=5.2.3700.0, Culture=neutral, PublicKeyToken=b28c218413bdf563
AppDomainName : /LM/W3SVC/124/ROOT-1-130260581508125000
ThreadIdentity : 
WindowsIdentity : SWBROADBAND\oldsugar
Requested URL : http://www.oldsugarmill.com/WebResource.axd?d=5c0DNMuFyaR_NCn8godaDFakCPjcqrIdohhEq0IzcU0CrHJ9K0uOKRKY_qaLAqWtyuC5K5Bi0SY5UEwCgzFqI8s64-SNii_8H2fwhiLV1-8Aej-mQVUqfcFRgXqhsuRZgMeDk9MyQFcEm2FQzgxEN3sMuUXbk7775giAPcl_ER0DxvbQ6N1zbbMG-K1X-9C90&t=634901614949834375


Category: ErrorLog

Priority: 0

EventId: 90000

Severity: Error

Title:Enterprise Library Exception Handling

Machine: WEB03

App Domain: /LM/W3SVC/124/ROOT-1-130260581508125000

ProcessId: 6064

Process Name: C:\Windows\SysWOW64\inetsrv\w3wp.exe

Thread Name: 

Win32 ThreadId:9164

Extended Properties: 
----------------------------------------
----------------------------------------
Timestamp: 10/12/2013 7:57:15 PM

Message: HandlingInstanceID: 4e44e317-95cc-40b3-a70c-76e9694867af
An exception of type 'System.Web.HttpException' occurred and was caught.
------------------------------------------------------------------------
10/12/2013 20:57:15
Type : System.Web.HttpException, System.Web, Version=4.0.0.0, Culture=neutral, PublicKeyToken=b03f5f7f11d50a3a
Message : This is an invalid webresource request.
Source : System.Web
Help link : 
WebEventCode : 0
ErrorCode : -2147467259
Data : System.Collections.ListDictionaryInternal
TargetSite : Void System.Web.IHttpHandler.ProcessRequest(System.Web.HttpContext)
HResult : -2147467259
Stack Trace :    at System.Web.Handlers.AssemblyResourceLoader.System.Web.IHttpHandler.ProcessRequest(HttpContext context)
   at System.Web.HttpApplication.CallHandlerExecutionStep.System.Web.HttpApplication.IExecutionStep.Execute()
   at System.Web.HttpApplication.ExecuteStep(IExecutionStep step, Boolean& completedSynchronously)

Additional Info:

MachineName : WEB03
TimeStamp : 10/12/2013 7:57:15 PM
FullName : Telerik.Sitefinity.Utilities, Version=5.2.3700.0, Culture=neutral, PublicKeyToken=b28c218413bdf563
AppDomainName : /LM/W3SVC/124/ROOT-1-130260581508125000
ThreadIdentity : 
WindowsIdentity : SWBROADBAND\oldsugar
Requested URL : http://www.oldsugarmill.com/WebResource.axd?d=5c0DNMuFyaR_NCn8godaDFakCPjcqrIdohhEq0IzcU0CrHJ9K0uOKRKY_qaLAqWtyuC5K5Bi0SY5UEwCgzFqI8s64-SNii_8H2fwhiLV1-8Aej-mQVUqfcFRgXqhsuRZgMeDk9MyQFcEm2FQzgxEN3sMuUXbk7775giAPcl_ER0DxvbQ6N1zbbMG-K1X-9C90&t=634901614949834375


Category: ErrorLog

Priority: 0

EventId: 90000

Severity: Error

Title:Enterprise Library Exception Handling

Machine: WEB03

App Domain: /LM/W3SVC/124/ROOT-1-130260581508125000

ProcessId: 6064

Process Name: C:\Windows\SysWOW64\inetsrv\w3wp.exe

Thread Name: 

Win32 ThreadId:5960

Extended Properties: 
----------------------------------------
----------------------------------------
Timestamp: 10/12/2013 7:57:33 PM

Message: HandlingInstanceID: 1302eafb-2199-4148-9175-deb17248ddf7
An exception of type 'System.Web.HttpException' occurred and was caught.
------------------------------------------------------------------------
10/12/2013 20:57:33
Type : System.Web.HttpException, System.Web, Version=4.0.0.0, Culture=neutral, PublicKeyToken=b03f5f7f11d50a3a
Message : This is an invalid webresource request.
Source : System.Web
Help link : 
WebEventCode : 0
ErrorCode : -2147467259
Data : System.Collections.ListDictionaryInternal
TargetSite : Void System.Web.IHttpHandler.ProcessRequest(System.Web.HttpContext)
HResult : -2147467259
Stack Trace :    at System.Web.Handlers.AssemblyResourceLoader.System.Web.IHttpHandler.ProcessRequest(HttpContext context)
   at System.Web.HttpApplication.CallHandlerExecutionStep.System.Web.HttpApplication.IExecutionStep.Execute()
   at System.Web.HttpApplication.ExecuteStep(IExecutionStep step, Boolean& completedSynchronously)

Additional Info:

MachineName : WEB03
TimeStamp : 10/12/2013 7:57:33 PM
FullName : Telerik.Sitefinity.Utilities, Version=5.2.3700.0, Culture=neutral, PublicKeyToken=b28c218413bdf563
AppDomainName : /LM/W3SVC/124/ROOT-1-130260581508125000
ThreadIdentity : 
WindowsIdentity : SWBROADBAND\oldsugar
Requested URL : http://www.oldsugarmill.com/WebResource.axd?d=5c0DNMuFyaR_NCn8godaDFakCPjcqrIdohhEq0IzcU0CrHJ9K0uOKRKY_qaLAqWtyuC5K5Bi0SY5UEwCgzFqI8s64-SNii_8H2fwhiLV1-8Aej-mQVUqfcFRgXqhsuRZgMeDk9MyQFcEm2FQzgxEN3sMuUXbk7775giAPcl_ER0DxvbQ6N1zbbMG-K1X-9C90&t=634901614949834375


Category: ErrorLog

Priority: 0

EventId: 90000

Severity: Error

Title:Enterprise Library Exception Handling

Machine: WEB03

App Domain: /LM/W3SVC/124/ROOT-1-130260581508125000

ProcessId: 6064

Process Name: C:\Windows\SysWOW64\inetsrv\w3wp.exe

Thread Name: 

Win32 ThreadId:11976

Extended Properties: 
----------------------------------------
----------------------------------------
Timestamp: 10/12/2013 7:57:34 PM

Message: HandlingInstanceID: 141752e3-0094-466f-96d2-9f193237b624
An exception of type 'System.Web.HttpException' occurred and was caught.
------------------------------------------------------------------------
10/12/2013 20:57:34
Type : System.Web.HttpException, System.Web, Version=4.0.0.0, Culture=neutral, PublicKeyToken=b03f5f7f11d50a3a
Message : This is an invalid webresource request.
Source : System.Web
Help link : 
WebEventCode : 0
ErrorCode : -2147467259
Data : System.Collections.ListDictionaryInternal
TargetSite : Void System.Web.IHttpHandler.ProcessRequest(System.Web.HttpContext)
HResult : -2147467259
Stack Trace :    at System.Web.Handlers.AssemblyResourceLoader.System.Web.IHttpHandler.ProcessRequest(HttpContext context)
   at System.Web.HttpApplication.CallHandlerExecutionStep.System.Web.HttpApplication.IExecutionStep.Execute()
   at System.Web.HttpApplication.ExecuteStep(IExecutionStep step, Boolean& completedSynchronously)

Additional Info:

MachineName : WEB03
TimeStamp : 10/12/2013 7:57:34 PM
FullName : Telerik.Sitefinity.Utilities, Version=5.2.3700.0, Culture=neutral, PublicKeyToken=b28c218413bdf563
AppDomainName : /LM/W3SVC/124/ROOT-1-130260581508125000
ThreadIdentity : 
WindowsIdentity : SWBROADBAND\oldsugar
Requested URL : http://www.oldsugarmill.com/WebResource.axd?d=5c0DNMuFyaR_NCn8godaDFakCPjcqrIdohhEq0IzcU0CrHJ9K0uOKRKY_qaLAqWtyuC5K5Bi0SY5UEwCgzFqI8s64-SNii_8H2fwhiLV1-8Aej-mQVUqfcFRgXqhsuRZgMeDk9MyQFcEm2FQzgxEN3sMuUXbk7775giAPcl_ER0DxvbQ6N1zbbMG-K1X-9C90&t=634901614949834375


Category: ErrorLog

Priority: 0

EventId: 90000

Severity: Error

Title:Enterprise Library Exception Handling

Machine: WEB03

App Domain: /LM/W3SVC/124/ROOT-1-130260581508125000

ProcessId: 6064

Process Name: C:\Windows\SysWOW64\inetsrv\w3wp.exe

Thread Name: 

Win32 ThreadId:6540

Extended Properties: 
----------------------------------------
----------------------------------------
Timestamp: 10/12/2013 7:57:36 PM

Message: HandlingInstanceID: 648df95e-a109-495b-9e89-9b77458c6271
An exception of type 'System.Web.HttpException' occurred and was caught.
------------------------------------------------------------------------
10/12/2013 20:57:36
Type : System.Web.HttpException, System.Web, Version=4.0.0.0, Culture=neutral, PublicKeyToken=b03f5f7f11d50a3a
Message : This is an invalid webresource request.
Source : System.Web
Help link : 
WebEventCode : 0
ErrorCode : -2147467259
Data : System.Collections.ListDictionaryInternal
TargetSite : Void System.Web.IHttpHandler.ProcessRequest(System.Web.HttpContext)
HResult : -2147467259
Stack Trace :    at System.Web.Handlers.AssemblyResourceLoader.System.Web.IHttpHandler.ProcessRequest(HttpContext context)
   at System.Web.HttpApplication.CallHandlerExecutionStep.System.Web.HttpApplication.IExecutionStep.Execute()
   at System.Web.HttpApplication.ExecuteStep(IExecutionStep step, Boolean& completedSynchronously)

Additional Info:

MachineName : WEB03
TimeStamp : 10/12/2013 7:57:36 PM
FullName : Telerik.Sitefinity.Utilities, Version=5.2.3700.0, Culture=neutral, PublicKeyToken=b28c218413bdf563
AppDomainName : /LM/W3SVC/124/ROOT-1-130260581508125000
ThreadIdentity : 
WindowsIdentity : SWBROADBAND\oldsugar
Requested URL : http://www.oldsugarmill.com/WebResource.axd?d=5c0DNMuFyaR_NCn8godaDFakCPjcqrIdohhEq0IzcU0CrHJ9K0uOKRKY_qaLAqWtyuC5K5Bi0SY5UEwCgzFqI8s64-SNii_8H2fwhiLV1-8Aej-mQVUqfcFRgXqhsuRZgMeDk9MyQFcEm2FQzgxEN3sMuUXbk7775giAPcl_ER0DxvbQ6N1zbbMG-K1X-9C90&t=634901614949834375


Category: ErrorLog

Priority: 0

EventId: 90000

Severity: Error

Title:Enterprise Library Exception Handling

Machine: WEB03

App Domain: /LM/W3SVC/124/ROOT-1-130260581508125000

ProcessId: 6064

Process Name: C:\Windows\SysWOW64\inetsrv\w3wp.exe

Thread Name: 

Win32 ThreadId:7256

Extended Properties: 
----------------------------------------
----------------------------------------
Timestamp: 10/12/2013 10:36:14 PM

Message: HandlingInstanceID: 4a72dba9-6914-4230-acb1-28c83e7f113d
An exception of type 'System.Web.HttpException' occurred and was caught.
------------------------------------------------------------------------
10/12/2013 23:36:14
Type : System.Web.HttpException, System.Web, Version=4.0.0.0, Culture=neutral, PublicKeyToken=b03f5f7f11d50a3a
Message : File not found.
Source : Telerik.Sitefinity
Help link : 
WebEventCode : 0
ErrorCode : -2147467259
Data : System.Collections.ListDictionaryInternal
TargetSite : IOutputItem GetOutputItem(System.Web.HttpRequest, System.Web.HttpResponse, Telerik.Microsoft.Practices.EnterpriseLibrary.Caching.ICacheManager, System.String, Telerik.Sitefinity.Libraries.Model.MediaContent ByRef)
HResult : -2147467259
Stack Trace :    at Telerik.Sitefinity.Modules.Libraries.Web.LibraryHttpHandler.GetOutputItem(HttpRequest request, HttpResponse response, ICacheManager cache, String key, MediaContent& content)
   at Telerik.Sitefinity.Modules.Libraries.Web.LibraryHttpHandler.ProcessRequest(HttpContext context)
   at System.Web.HttpApplication.CallHandlerExecutionStep.System.Web.HttpApplication.IExecutionStep.Execute()
   at System.Web.HttpApplication.ExecuteStep(IExecutionStep step, Boolean& completedSynchronously)

Additional Info:

MachineName : WEB03
TimeStamp : 10/12/2013 10:36:14 PM
FullName : Telerik.Sitefinity.Utilities, Version=5.2.3700.0, Culture=neutral, PublicKeyToken=b28c218413bdf563
AppDomainName : /LM/W3SVC/124/ROOT-1-130260581508125000
ThreadIdentity : 
WindowsIdentity : SWBROADBAND\oldsugar
Requested URL : http://www.oldsugarmill.com/images/pwc2013.png


Category: ErrorLog

Priority: 0

EventId: 90000

Severity: Error

Title:Enterprise Library Exception Handling

Machine: WEB03

App Domain: /LM/W3SVC/124/ROOT-1-130260581508125000

ProcessId: 6064

Process Name: C:\Windows\SysWOW64\inetsrv\w3wp.exe

Thread Name: 

Win32 ThreadId:11976

Extended Properties: 
----------------------------------------
----------------------------------------
Timestamp: 10/12/2013 10:54:34 PM

Message: HandlingInstanceID: e77009cd-69c5-4249-b71a-d6f239a4357f
An exception of type 'System.Web.HttpException' occurred and was caught.
------------------------------------------------------------------------
10/12/2013 23:54:34
Type : System.Web.HttpException, System.Web, Version=4.0.0.0, Culture=neutral, PublicKeyToken=b03f5f7f11d50a3a
Message : File not found.
Source : Telerik.Sitefinity
Help link : 
WebEventCode : 0
ErrorCode : -2147467259
Data : System.Collections.ListDictionaryInternal
TargetSite : IOutputItem GetOutputItem(System.Web.HttpRequest, System.Web.HttpResponse, Telerik.Microsoft.Practices.EnterpriseLibrary.Caching.ICacheManager, System.String, Telerik.Sitefinity.Libraries.Model.MediaContent ByRef)
HResult : -2147467259
Stack Trace :    at Telerik.Sitefinity.Modules.Libraries.Web.LibraryHttpHandler.GetOutputItem(HttpRequest request, HttpResponse response, ICacheManager cache, String key, MediaContent& content)
   at Telerik.Sitefinity.Modules.Libraries.Web.LibraryHttpHandler.ProcessRequest(HttpContext context)
   at System.Web.HttpApplication.CallHandlerExecutionStep.System.Web.HttpApplication.IExecutionStep.Execute()
   at System.Web.HttpApplication.ExecuteStep(IExecutionStep step, Boolean& completedSynchronously)

Additional Info:

MachineName : WEB03
TimeStamp : 10/12/2013 10:54:34 PM
FullName : Telerik.Sitefinity.Utilities, Version=5.2.3700.0, Culture=neutral, PublicKeyToken=b28c218413bdf563
AppDomainName : /LM/W3SVC/124/ROOT-1-130260581508125000
ThreadIdentity : 
WindowsIdentity : SWBROADBAND\oldsugar
Requested URL : http://www.oldsugarmill.com/images/Fiscalini-Logo-2011.jpg


Category: ErrorLog

Priority: 0

EventId: 90000

Severity: Error

Title:Enterprise Library Exception Handling

Machine: WEB03

App Domain: /LM/W3SVC/124/ROOT-1-130260581508125000

ProcessId: 6064

Process Name: C:\Windows\SysWOW64\inetsrv\w3wp.exe

Thread Name: 

Win32 ThreadId:13036

Extended Properties: 
----------------------------------------
