----------------------------------------
Timestamp: 30/05/2014 11:03:11

Message: HandlingInstanceID: d609ae05-c036-4c1f-87c8-93fa566829b2
An exception of type 'System.Web.HttpException' occurred and was caught.
------------------------------------------------------------------------
05/30/2014 12:03:11
Type : System.Web.HttpException, System.Web, Version=4.0.0.0, Culture=neutral, PublicKeyToken=b03f5f7f11d50a3a
Message : This is an invalid webresource request.
Source : System.Web
Help link : 
WebEventCode : 0
ErrorCode : -2147467259
Data : System.Collections.ListDictionaryInternal
TargetSite : Void System.Web.IHttpHandler.ProcessRequest(System.Web.HttpContext)
HResult : -2147467259
Stack Trace :    at System.Web.Handlers.AssemblyResourceLoader.System.Web.IHttpHandler.ProcessRequest(HttpContext context)
   at System.Web.HttpApplication.CallHandlerExecutionStep.System.Web.HttpApplication.IExecutionStep.Execute()
   at System.Web.HttpApplication.ExecuteStep(IExecutionStep step, Boolean& completedSynchronously)

Additional Info:

MachineName : WEB03
TimeStamp : 30/05/2014 11:03:11
FullName : Telerik.Sitefinity.Utilities, Version=5.2.3700.0, Culture=neutral, PublicKeyToken=b28c218413bdf563
AppDomainName : /LM/W3SVC/124/ROOT-1-130459184656073750
ThreadIdentity : 
WindowsIdentity : SWBROADBAND\oldsugar
Requested URL : http://oldsugarmill.swbroadband.co.uk/WebResource.axd?d=gRb-oAj2DSg__mkRjAoaC7nIlJM5JJiPcPxvQuUatNzley9Q_7LxYvVtxNawlZcINO35srOw1wh8Wp9ssEBi7WZJSqEZ5DZ1r19zRQ4x2UU1&t=635195661120000000


Category: ErrorLog

Priority: 0

EventId: 90000

Severity: Error

Title:Enterprise Library Exception Handling

Machine: WEB03

App Domain: /LM/W3SVC/124/ROOT-1-130459184656073750

ProcessId: 12088

Process Name: C:\Windows\SysWOW64\inetsrv\w3wp.exe

Thread Name: 

Win32 ThreadId:4280

Extended Properties: 
----------------------------------------
----------------------------------------
Timestamp: 5/30/2014 3:22:30 PM

Message: HandlingInstanceID: bfcfa129-36f0-4664-81dc-b87ef0c2a696
An exception of type 'System.Web.HttpException' occurred and was caught.
------------------------------------------------------------------------
05/30/2014 16:22:29
Type : System.Web.HttpException, System.Web, Version=4.0.0.0, Culture=neutral, PublicKeyToken=b03f5f7f11d50a3a
Message : A potentially dangerous Request.Path value was detected from the client (&).
Source : System.Web
Help link : 
WebEventCode : 0
ErrorCode : -2147467259
Data : System.Collections.ListDictionaryInternal
TargetSite : Void ValidateInputIfRequiredByConfig()
HResult : -2147467259
Stack Trace :    at System.Web.HttpRequest.ValidateInputIfRequiredByConfig()
   at System.Web.HttpApplication.PipelineStepManager.ValidateHelper(HttpContext context)

Additional Info:

MachineName : WEB03
TimeStamp : 5/30/2014 3:22:29 PM
FullName : Telerik.Sitefinity.Utilities, Version=5.2.3700.0, Culture=neutral, PublicKeyToken=b28c218413bdf563
AppDomainName : /LM/W3SVC/124/ROOT-1-130459269952792500
ThreadIdentity : 
WindowsIdentity : SWBROADBAND\oldsugar
Requested URL : http://www.oldsugarmill.com/pages/&quot


Category: ErrorLog

Priority: 0

EventId: 90000

Severity: Error

Title:Enterprise Library Exception Handling

Machine: WEB03

App Domain: /LM/W3SVC/124/ROOT-1-130459269952792500

ProcessId: 12632

Process Name: C:\Windows\SysWOW64\inetsrv\w3wp.exe

Thread Name: 

Win32 ThreadId:7000

Extended Properties: 
----------------------------------------
----------------------------------------
Timestamp: 5/30/2014 9:25:03 PM

Message: HandlingInstanceID: 73f7a1a8-20e5-42d2-8978-d7a98ef31e8e
An exception of type 'System.Web.HttpException' occurred and was caught.
------------------------------------------------------------------------
05/30/2014 22:25:02
Type : System.Web.HttpException, System.Web, Version=4.0.0.0, Culture=neutral, PublicKeyToken=b03f5f7f11d50a3a
Message : File not found.
Source : Telerik.Sitefinity
Help link : 
WebEventCode : 0
ErrorCode : -2147467259
Data : System.Collections.ListDictionaryInternal
TargetSite : IOutputItem GetOutputItem(System.Web.HttpRequest, System.Web.HttpResponse, Telerik.Microsoft.Practices.EnterpriseLibrary.Caching.ICacheManager, System.String, Telerik.Sitefinity.Libraries.Model.MediaContent ByRef)
HResult : -2147467259
Stack Trace :    at Telerik.Sitefinity.Modules.Libraries.Web.LibraryHttpHandler.GetOutputItem(HttpRequest request, HttpResponse response, ICacheManager cache, String key, MediaContent& content)
   at Telerik.Sitefinity.Modules.Libraries.Web.LibraryHttpHandler.ProcessRequest(HttpContext context)
   at System.Web.HttpApplication.CallHandlerExecutionStep.System.Web.HttpApplication.IExecutionStep.Execute()
   at System.Web.HttpApplication.ExecuteStep(IExecutionStep step, Boolean& completedSynchronously)

Additional Info:

MachineName : WEB03
TimeStamp : 5/30/2014 9:25:03 PM
FullName : Telerik.Sitefinity.Utilities, Version=5.2.3700.0, Culture=neutral, PublicKeyToken=b28c218413bdf563
AppDomainName : /LM/W3SVC/124/ROOT-1-130459396574198750
ThreadIdentity : 
WindowsIdentity : SWBROADBAND\oldsugar
Requested URL : http://www.oldsugarmill.com/images/tt_logo


Category: ErrorLog

Priority: 0

EventId: 90000

Severity: Error

Title:Enterprise Library Exception Handling

Machine: WEB03

App Domain: /LM/W3SVC/124/ROOT-1-130459396574198750

ProcessId: 7504

Process Name: C:\Windows\SysWOW64\inetsrv\w3wp.exe

Thread Name: 

Win32 ThreadId:2512

Extended Properties: 
----------------------------------------
----------------------------------------
Timestamp: 30/05/2014 23:53:29

Message: HandlingInstanceID: 82660a74-3c41-47b4-afc6-32c54ca269d9
An exception of type 'System.Web.HttpException' occurred and was caught.
------------------------------------------------------------------------
05/31/2014 00:53:29
Type : System.Web.HttpException, System.Web, Version=4.0.0.0, Culture=neutral, PublicKeyToken=b03f5f7f11d50a3a
Message : This is an invalid script resource request.
Source : System.Web.Extensions
Help link : 
WebEventCode : 0
ErrorCode : -2147467259
Data : System.Collections.ListDictionaryInternal
TargetSite : Void ProcessRequest(System.Web.HttpContextBase, VirtualFileReader, System.Action`2[System.String,System.Exception], Boolean)
HResult : -2147467259
Stack Trace :    at System.Web.Handlers.ScriptResourceHandler.ProcessRequest(HttpContextBase context, VirtualFileReader fileReader, Action`2 logAction, Boolean validatePath)
   at System.Web.Handlers.ScriptResourceHandler.ProcessRequest(HttpContext context)
   at System.Web.Handlers.ScriptResourceHandler.System.Web.IHttpHandler.ProcessRequest(HttpContext context)
   at System.Web.HttpApplication.CallHandlerExecutionStep.System.Web.HttpApplication.IExecutionStep.Execute()
   at System.Web.HttpApplication.ExecuteStep(IExecutionStep step, Boolean& completedSynchronously)

Additional Info:

MachineName : WEB03
TimeStamp : 30/05/2014 23:53:29
FullName : Telerik.Sitefinity.Utilities, Version=5.2.3700.0, Culture=neutral, PublicKeyToken=b28c218413bdf563
AppDomainName : /LM/W3SVC/124/ROOT-1-130459396574198750
ThreadIdentity : 
WindowsIdentity : SWBROADBAND\oldsugar
Requested URL : http://www.oldsugarmill.com/ScriptResource.axd?d=Is3K4KkHbsnKlKfAF1D30p_-Tt-orwHP8mIV1eESqVhBZ2q6SwX9xL_XykLtMuqUhU43S-VlTPXiGHjQeEPGHHzFI6xVGPe80WeLK9N9cHHMoRbMwTyu65O6bAmbKVYaD6KrHm-3bMyCLC_vnXpKiGw8jyw6a4tSiG9Q3GuGQVVFIJrm2fDWo-dz1R8-dyQQ7pNLKRaCJSfv-oR-E3RPeg2&t=155533f4


Category: ErrorLog

Priority: 0

EventId: 90000

Severity: Error

Title:Enterprise Library Exception Handling

Machine: WEB03

App Domain: /LM/W3SVC/124/ROOT-1-130459396574198750

ProcessId: 7504

Process Name: C:\Windows\SysWOW64\inetsrv\w3wp.exe

Thread Name: 

Win32 ThreadId:9764

Extended Properties: 
----------------------------------------
----------------------------------------
Timestamp: 30/05/2014 23:53:29

Message: HandlingInstanceID: a7d7c18d-f78f-4363-833a-cbfc6bfe2385
An exception of type 'System.Web.HttpException' occurred and was caught.
------------------------------------------------------------------------
05/31/2014 00:53:29
Type : System.Web.HttpException, System.Web, Version=4.0.0.0, Culture=neutral, PublicKeyToken=b03f5f7f11d50a3a
Message : This is an invalid script resource request.
Source : System.Web.Extensions
Help link : 
WebEventCode : 0
ErrorCode : -2147467259
Data : System.Collections.ListDictionaryInternal
TargetSite : Void ProcessRequest(System.Web.HttpContextBase, VirtualFileReader, System.Action`2[System.String,System.Exception], Boolean)
HResult : -2147467259
Stack Trace :    at System.Web.Handlers.ScriptResourceHandler.ProcessRequest(HttpContextBase context, VirtualFileReader fileReader, Action`2 logAction, Boolean validatePath)
   at System.Web.Handlers.ScriptResourceHandler.ProcessRequest(HttpContext context)
   at System.Web.Handlers.ScriptResourceHandler.System.Web.IHttpHandler.ProcessRequest(HttpContext context)
   at System.Web.HttpApplication.CallHandlerExecutionStep.System.Web.HttpApplication.IExecutionStep.Execute()
   at System.Web.HttpApplication.ExecuteStep(IExecutionStep step, Boolean& completedSynchronously)

Additional Info:

MachineName : WEB03
TimeStamp : 30/05/2014 23:53:29
FullName : Telerik.Sitefinity.Utilities, Version=5.2.3700.0, Culture=neutral, PublicKeyToken=b28c218413bdf563
AppDomainName : /LM/W3SVC/124/ROOT-1-130459396574198750
ThreadIdentity : 
WindowsIdentity : SWBROADBAND\oldsugar
Requested URL : http://www.oldsugarmill.com/ScriptResource.axd?d=KOSbyAnybMGQ8GzXq7WtlI_x8cf0LRDTJp7rRDz3V2NZAY5yoh1rA-kF2_FtH4F8N00tI3VXs7QCedwATHy9_Igr6qxo_EJzw9NSkqINEoFvpCdRAi1dQzq0IZJvj1du0nB0Hind47NjMCevcz8MXFxNrB7LyN8B2ohCtiHLeS22-l0tDSN7AWdJdGMpwHJE0&t=155533f4


Category: ErrorLog

Priority: 0

EventId: 90000

Severity: Error

Title:Enterprise Library Exception Handling

Machine: WEB03

App Domain: /LM/W3SVC/124/ROOT-1-130459396574198750

ProcessId: 7504

Process Name: C:\Windows\SysWOW64\inetsrv\w3wp.exe

Thread Name: 

Win32 ThreadId:9368

Extended Properties: 
----------------------------------------
----------------------------------------
Timestamp: 5/31/2014 2:12:21 AM

Message: HandlingInstanceID: 86789196-2f4c-4112-843f-913971c51abd
An exception of type 'System.Web.HttpException' occurred and was caught.
------------------------------------------------------------------------
05/31/2014 03:12:20
Type : System.Web.HttpException, System.Web, Version=4.0.0.0, Culture=neutral, PublicKeyToken=b03f5f7f11d50a3a
Message : File not found.
Source : Telerik.Sitefinity
Help link : 
WebEventCode : 0
ErrorCode : -2147467259
Data : System.Collections.ListDictionaryInternal
TargetSite : IOutputItem GetOutputItem(System.Web.HttpRequest, System.Web.HttpResponse, Telerik.Microsoft.Practices.EnterpriseLibrary.Caching.ICacheManager, System.String, Telerik.Sitefinity.Libraries.Model.MediaContent ByRef)
HResult : -2147467259
Stack Trace :    at Telerik.Sitefinity.Modules.Libraries.Web.LibraryHttpHandler.GetOutputItem(HttpRequest request, HttpResponse response, ICacheManager cache, String key, MediaContent& content)
   at Telerik.Sitefinity.Modules.Libraries.Web.LibraryHttpHandler.ProcessRequest(HttpContext context)
   at System.Web.HttpApplication.CallHandlerExecutionStep.System.Web.HttpApplication.IExecutionStep.Execute()
   at System.Web.HttpApplication.ExecuteStep(IExecutionStep step, Boolean& completedSynchronously)

Additional Info:

MachineName : WEB03
TimeStamp : 5/31/2014 2:12:21 AM
FullName : Telerik.Sitefinity.Utilities, Version=5.2.3700.0, Culture=neutral, PublicKeyToken=b28c218413bdf563
AppDomainName : /LM/W3SVC/124/ROOT-1-130459741526230000
ThreadIdentity : 
WindowsIdentity : SWBROADBAND\oldsugar
Requested URL : http://www.oldsugarmill.com/images/Flyer12.jpg


Category: ErrorLog

Priority: 0

EventId: 90000

Severity: Error

Title:Enterprise Library Exception Handling

Machine: WEB03

App Domain: /LM/W3SVC/124/ROOT-1-130459741526230000

ProcessId: 8216

Process Name: C:\Windows\SysWOW64\inetsrv\w3wp.exe

Thread Name: 

Win32 ThreadId:6264

Extended Properties: 
----------------------------------------
----------------------------------------
Timestamp: 5/31/2014 2:12:22 AM

Message: HandlingInstanceID: 00cc450a-8eff-4016-817a-1928e9b029b4
An exception of type 'System.Web.HttpException' occurred and was caught.
------------------------------------------------------------------------
05/31/2014 03:12:22
Type : System.Web.HttpException, System.Web, Version=4.0.0.0, Culture=neutral, PublicKeyToken=b03f5f7f11d50a3a
Message : File not found.
Source : Telerik.Sitefinity
Help link : 
WebEventCode : 0
ErrorCode : -2147467259
Data : System.Collections.ListDictionaryInternal
TargetSite : IOutputItem GetOutputItem(System.Web.HttpRequest, System.Web.HttpResponse, Telerik.Microsoft.Practices.EnterpriseLibrary.Caching.ICacheManager, System.String, Telerik.Sitefinity.Libraries.Model.MediaContent ByRef)
HResult : -2147467259
Stack Trace :    at Telerik.Sitefinity.Modules.Libraries.Web.LibraryHttpHandler.GetOutputItem(HttpRequest request, HttpResponse response, ICacheManager cache, String key, MediaContent& content)
   at Telerik.Sitefinity.Modules.Libraries.Web.LibraryHttpHandler.ProcessRequest(HttpContext context)
   at System.Web.HttpApplication.CallHandlerExecutionStep.System.Web.HttpApplication.IExecutionStep.Execute()
   at System.Web.HttpApplication.ExecuteStep(IExecutionStep step, Boolean& completedSynchronously)

Additional Info:

MachineName : WEB03
TimeStamp : 5/31/2014 2:12:22 AM
FullName : Telerik.Sitefinity.Utilities, Version=5.2.3700.0, Culture=neutral, PublicKeyToken=b28c218413bdf563
AppDomainName : /LM/W3SVC/124/ROOT-1-130459741526230000
ThreadIdentity : 
WindowsIdentity : SWBROADBAND\oldsugar
Requested URL : http://www.oldsugarmill.com/images/Flyer12.jpg


Category: ErrorLog

Priority: 0

EventId: 90000

Severity: Error

Title:Enterprise Library Exception Handling

Machine: WEB03

App Domain: /LM/W3SVC/124/ROOT-1-130459741526230000

ProcessId: 8216

Process Name: C:\Windows\SysWOW64\inetsrv\w3wp.exe

Thread Name: 

Win32 ThreadId:11812

Extended Properties: 
----------------------------------------
----------------------------------------
Timestamp: 31/05/2014 03:47:43

Message: HandlingInstanceID: 852bbde5-b61f-467c-b082-4b492352a7a4
An exception of type 'System.Web.HttpException' occurred and was caught.
------------------------------------------------------------------------
05/31/2014 04:47:43
Type : System.Web.HttpException, System.Web, Version=4.0.0.0, Culture=neutral, PublicKeyToken=b03f5f7f11d50a3a
Message : This is an invalid script resource request.
Source : System.Web.Extensions
Help link : 
WebEventCode : 0
ErrorCode : -2147467259
Data : System.Collections.ListDictionaryInternal
TargetSite : Void ProcessRequest(System.Web.HttpContextBase, VirtualFileReader, System.Action`2[System.String,System.Exception], Boolean)
HResult : -2147467259
Stack Trace :    at System.Web.Handlers.ScriptResourceHandler.ProcessRequest(HttpContextBase context, VirtualFileReader fileReader, Action`2 logAction, Boolean validatePath)
   at System.Web.Handlers.ScriptResourceHandler.ProcessRequest(HttpContext context)
   at System.Web.Handlers.ScriptResourceHandler.System.Web.IHttpHandler.ProcessRequest(HttpContext context)
   at System.Web.HttpApplication.CallHandlerExecutionStep.System.Web.HttpApplication.IExecutionStep.Execute()
   at System.Web.HttpApplication.ExecuteStep(IExecutionStep step, Boolean& completedSynchronously)

Additional Info:

MachineName : WEB03
TimeStamp : 31/05/2014 03:47:43
FullName : Telerik.Sitefinity.Utilities, Version=5.2.3700.0, Culture=neutral, PublicKeyToken=b28c218413bdf563
AppDomainName : /LM/W3SVC/124/ROOT-1-130459741526230000
ThreadIdentity : 
WindowsIdentity : SWBROADBAND\oldsugar
Requested URL : http://www.oldsugarmill.com/ScriptResource.axd?d=fEurepkPSdGNuzsCWvgN-YwyZWgpoLxQdmMdVVBn5QHZxjuz1K1dtX6RCDBzUlOK5tkx76BJG0PX--s6T2izqnkFkjZzMmXgVlNmrfCgrwRFy5AAXOZoHZOtLr9qxrcoLWQLph9PeffwWZM3aaxMPwUduuUOSVFAiBq9HVgCKmZtCmzuOKr3VE03tLDdRadC0&t=155533f4


Category: ErrorLog

Priority: 0

EventId: 90000

Severity: Error

Title:Enterprise Library Exception Handling

Machine: WEB03

App Domain: /LM/W3SVC/124/ROOT-1-130459741526230000

ProcessId: 8216

Process Name: C:\Windows\SysWOW64\inetsrv\w3wp.exe

Thread Name: 

Win32 ThreadId:4844

Extended Properties: 
----------------------------------------
----------------------------------------
Timestamp: 31/05/2014 03:47:44

Message: HandlingInstanceID: cf4c843e-e607-415e-ae91-85e631a0eb88
An exception of type 'System.Web.HttpException' occurred and was caught.
------------------------------------------------------------------------
05/31/2014 04:47:44
Type : System.Web.HttpException, System.Web, Version=4.0.0.0, Culture=neutral, PublicKeyToken=b03f5f7f11d50a3a
Message : This is an invalid script resource request.
Source : System.Web.Extensions
Help link : 
WebEventCode : 0
ErrorCode : -2147467259
Data : System.Collections.ListDictionaryInternal
TargetSite : Void ProcessRequest(System.Web.HttpContextBase, VirtualFileReader, System.Action`2[System.String,System.Exception], Boolean)
HResult : -2147467259
Stack Trace :    at System.Web.Handlers.ScriptResourceHandler.ProcessRequest(HttpContextBase context, VirtualFileReader fileReader, Action`2 logAction, Boolean validatePath)
   at System.Web.Handlers.ScriptResourceHandler.ProcessRequest(HttpContext context)
   at System.Web.Handlers.ScriptResourceHandler.System.Web.IHttpHandler.ProcessRequest(HttpContext context)
   at System.Web.HttpApplication.CallHandlerExecutionStep.System.Web.HttpApplication.IExecutionStep.Execute()
   at System.Web.HttpApplication.ExecuteStep(IExecutionStep step, Boolean& completedSynchronously)

Additional Info:

MachineName : WEB03
TimeStamp : 31/05/2014 03:47:44
FullName : Telerik.Sitefinity.Utilities, Version=5.2.3700.0, Culture=neutral, PublicKeyToken=b28c218413bdf563
AppDomainName : /LM/W3SVC/124/ROOT-1-130459741526230000
ThreadIdentity : 
WindowsIdentity : SWBROADBAND\oldsugar
Requested URL : http://www.oldsugarmill.com/ScriptResource.axd?d=tOK5KDFFbmx_5ug7auZDe1vWyRdCR98rBeO7C-8RmBCm4Zm4w_zq-mlsThn4pC9E6r4vwV3ZhIUIVfhlUIhwwUDtIzYvrupQjSaYfWVVAXzQ__E8vFjOqzn21PEsc5XZ6-DjWXAB0H5EBCVsRgs_t6i2YHn2ARCH3RHF9TPQLKs1EHLeVG3SdOwHHlo45d4r2iVeyTmWL1J_iDRzL05X_g2&t=155533f4


Category: ErrorLog

Priority: 0

EventId: 90000

Severity: Error

Title:Enterprise Library Exception Handling

Machine: WEB03

App Domain: /LM/W3SVC/124/ROOT-1-130459741526230000

ProcessId: 8216

Process Name: C:\Windows\SysWOW64\inetsrv\w3wp.exe

Thread Name: 

Win32 ThreadId:4844

Extended Properties: 
----------------------------------------
----------------------------------------
Timestamp: 31/05/2014 03:47:44

Message: HandlingInstanceID: 56791bae-7c2e-4cdd-8080-b4e7b896ba99
An exception of type 'System.Web.HttpException' occurred and was caught.
------------------------------------------------------------------------
05/31/2014 04:47:44
Type : System.Web.HttpException, System.Web, Version=4.0.0.0, Culture=neutral, PublicKeyToken=b03f5f7f11d50a3a
Message : This is an invalid script resource request.
Source : System.Web.Extensions
Help link : 
WebEventCode : 0
ErrorCode : -2147467259
Data : System.Collections.ListDictionaryInternal
TargetSite : Void ProcessRequest(System.Web.HttpContextBase, VirtualFileReader, System.Action`2[System.String,System.Exception], Boolean)
HResult : -2147467259
Stack Trace :    at System.Web.Handlers.ScriptResourceHandler.ProcessRequest(HttpContextBase context, VirtualFileReader fileReader, Action`2 logAction, Boolean validatePath)
   at System.Web.Handlers.ScriptResourceHandler.ProcessRequest(HttpContext context)
   at System.Web.Handlers.ScriptResourceHandler.System.Web.IHttpHandler.ProcessRequest(HttpContext context)
   at System.Web.HttpApplication.CallHandlerExecutionStep.System.Web.HttpApplication.IExecutionStep.Execute()
   at System.Web.HttpApplication.ExecuteStep(IExecutionStep step, Boolean& completedSynchronously)

Additional Info:

MachineName : WEB03
TimeStamp : 31/05/2014 03:47:44
FullName : Telerik.Sitefinity.Utilities, Version=5.2.3700.0, Culture=neutral, PublicKeyToken=b28c218413bdf563
AppDomainName : /LM/W3SVC/124/ROOT-1-130459741526230000
ThreadIdentity : 
WindowsIdentity : SWBROADBAND\oldsugar
Requested URL : http://www.oldsugarmill.com/ScriptResource.axd?d=FnkA2xVl4B7ULEXVUTIgnIu_H-8oOPIIiRtzhqjoeQBAFrNzjH0KLyWKqSwIFTLGYxBUg7TrAkraPctPBDR6I-oif-L-_sCa-JJ2vIF5at3sSjsLFEEeAiMFjCSjZCNB8R17UDtNde_bL0nh8c0tfaCZ44RV-pIgv6nUvDENlea0_-VAwiSmqkM8-055uaTl0&t=155533f4


Category: ErrorLog

Priority: 0

EventId: 90000

Severity: Error

Title:Enterprise Library Exception Handling

Machine: WEB03

App Domain: /LM/W3SVC/124/ROOT-1-130459741526230000

ProcessId: 8216

Process Name: C:\Windows\SysWOW64\inetsrv\w3wp.exe

Thread Name: 

Win32 ThreadId:5524

Extended Properties: 
----------------------------------------
----------------------------------------
Timestamp: 31/05/2014 09:36:45

Message: HandlingInstanceID: 63e1a48a-f289-4253-9620-1a0c7a86369e
An exception of type 'System.Web.HttpException' occurred and was caught.
------------------------------------------------------------------------
05/31/2014 10:36:44
Type : System.Web.HttpException, System.Web, Version=4.0.0.0, Culture=neutral, PublicKeyToken=b03f5f7f11d50a3a
Message : This is an invalid script resource request.
Source : System.Web.Extensions
Help link : 
WebEventCode : 0
ErrorCode : -2147467259
Data : System.Collections.ListDictionaryInternal
TargetSite : Void ProcessRequest(System.Web.HttpContextBase, VirtualFileReader, System.Action`2[System.String,System.Exception], Boolean)
HResult : -2147467259
Stack Trace :    at System.Web.Handlers.ScriptResourceHandler.ProcessRequest(HttpContextBase context, VirtualFileReader fileReader, Action`2 logAction, Boolean validatePath)
   at System.Web.Handlers.ScriptResourceHandler.ProcessRequest(HttpContext context)
   at System.Web.Handlers.ScriptResourceHandler.System.Web.IHttpHandler.ProcessRequest(HttpContext context)
   at System.Web.HttpApplication.CallHandlerExecutionStep.System.Web.HttpApplication.IExecutionStep.Execute()
   at System.Web.HttpApplication.ExecuteStep(IExecutionStep step, Boolean& completedSynchronously)

Additional Info:

MachineName : WEB03
TimeStamp : 31/05/2014 09:36:44
FullName : Telerik.Sitefinity.Utilities, Version=5.2.3700.0, Culture=neutral, PublicKeyToken=b28c218413bdf563
AppDomainName : /LM/W3SVC/124/ROOT-1-130460013707480000
ThreadIdentity : 
WindowsIdentity : SWBROADBAND\oldsugar
Requested URL : http://www.oldsugarmill.com/ScriptResource.axd?d=f9YYVoFe6aLLwkobVLr1bEw7wr2v5tj47fZ4S9VvxvQ8J-UMNg2zbMchsG8PCxKllmtKYEH2VYvZaudmmj5oWN0vNUrw1tDAHowV5Hd6g6nOUihjJa0Ly11Zv928_AG3ti8K06xmuuABv_hVC_FbxZr2dG2zRFgH_2DOGOOnkbZTqhRmF6WdQInaor8h6Lmn0&t=155533f4


Category: ErrorLog

Priority: 0

EventId: 90000

Severity: Error

Title:Enterprise Library Exception Handling

Machine: WEB03

App Domain: /LM/W3SVC/124/ROOT-1-130460013707480000

ProcessId: 11388

Process Name: C:\Windows\SysWOW64\inetsrv\w3wp.exe

Thread Name: 

Win32 ThreadId:5388

Extended Properties: 
----------------------------------------
----------------------------------------
Timestamp: 31/05/2014 09:36:45

Message: HandlingInstanceID: 86e27612-b7dd-4912-b019-58eb9069496d
An exception of type 'System.Web.HttpException' occurred and was caught.
------------------------------------------------------------------------
05/31/2014 10:36:45
Type : System.Web.HttpException, System.Web, Version=4.0.0.0, Culture=neutral, PublicKeyToken=b03f5f7f11d50a3a
Message : This is an invalid script resource request.
Source : System.Web.Extensions
Help link : 
WebEventCode : 0
ErrorCode : -2147467259
Data : System.Collections.ListDictionaryInternal
TargetSite : Void ProcessRequest(System.Web.HttpContextBase, VirtualFileReader, System.Action`2[System.String,System.Exception], Boolean)
HResult : -2147467259
Stack Trace :    at System.Web.Handlers.ScriptResourceHandler.ProcessRequest(HttpContextBase context, VirtualFileReader fileReader, Action`2 logAction, Boolean validatePath)
   at System.Web.Handlers.ScriptResourceHandler.ProcessRequest(HttpContext context)
   at System.Web.Handlers.ScriptResourceHandler.System.Web.IHttpHandler.ProcessRequest(HttpContext context)
   at System.Web.HttpApplication.CallHandlerExecutionStep.System.Web.HttpApplication.IExecutionStep.Execute()
   at System.Web.HttpApplication.ExecuteStep(IExecutionStep step, Boolean& completedSynchronously)

Additional Info:

MachineName : WEB03
TimeStamp : 31/05/2014 09:36:45
FullName : Telerik.Sitefinity.Utilities, Version=5.2.3700.0, Culture=neutral, PublicKeyToken=b28c218413bdf563
AppDomainName : /LM/W3SVC/124/ROOT-1-130460013707480000
ThreadIdentity : 
WindowsIdentity : SWBROADBAND\oldsugar
Requested URL : http://www.oldsugarmill.com/ScriptResource.axd?d=KmcZxq03Wjf34DvtL2AZu_cF5PvcvmIPvneghwsOx1KoQ1A738wqbOD6TqPdQw4Zfog35ym915tzDTgxGZKoCfHLUY5l1HoJ4PTrng_Er5kHHp1pZCy7EIcMykNnylfdpXalIGtc8DtdtwAe7875lWZfrbQBmI7TJtsQGKc4nXEZE43acWoxzIs-ytlWClxX-FAESwsYS6D2yDOAJpVz1Q2&t=155533f4


Category: ErrorLog

Priority: 0

EventId: 90000

Severity: Error

Title:Enterprise Library Exception Handling

Machine: WEB03

App Domain: /LM/W3SVC/124/ROOT-1-130460013707480000

ProcessId: 11388

Process Name: C:\Windows\SysWOW64\inetsrv\w3wp.exe

Thread Name: 

Win32 ThreadId:6308

Extended Properties: 
----------------------------------------
----------------------------------------
Timestamp: 31/05/2014 09:36:47

Message: HandlingInstanceID: ca846dea-6582-4d81-859c-81f57a933085
An exception of type 'System.Web.HttpException' occurred and was caught.
------------------------------------------------------------------------
05/31/2014 10:36:47
Type : System.Web.HttpException, System.Web, Version=4.0.0.0, Culture=neutral, PublicKeyToken=b03f5f7f11d50a3a
Message : This is an invalid webresource request.
Source : System.Web
Help link : 
WebEventCode : 0
ErrorCode : -2147467259
Data : System.Collections.ListDictionaryInternal
TargetSite : Void System.Web.IHttpHandler.ProcessRequest(System.Web.HttpContext)
HResult : -2147467259
Stack Trace :    at System.Web.Handlers.AssemblyResourceLoader.System.Web.IHttpHandler.ProcessRequest(HttpContext context)
   at System.Web.HttpApplication.CallHandlerExecutionStep.System.Web.HttpApplication.IExecutionStep.Execute()
   at System.Web.HttpApplication.ExecuteStep(IExecutionStep step, Boolean& completedSynchronously)

Additional Info:

MachineName : WEB03
TimeStamp : 31/05/2014 09:36:47
FullName : Telerik.Sitefinity.Utilities, Version=5.2.3700.0, Culture=neutral, PublicKeyToken=b28c218413bdf563
AppDomainName : /LM/W3SVC/124/ROOT-1-130460013707480000
ThreadIdentity : 
WindowsIdentity : SWBROADBAND\oldsugar
Requested URL : http://www.oldsugarmill.com/WebResource.axd?d=qiWH5V4nqj41jBOws9oiLXyTPlLoWinFeyXLHXDbIRD5XM_WRfy9fzvTp5EB8vTU_sV8xIwFG0mhLiZWCA4efADg1wGmreXgSI_zGXKCt9I1&t=635195661120000000


Category: ErrorLog

Priority: 0

EventId: 90000

Severity: Error

Title:Enterprise Library Exception Handling

Machine: WEB03

App Domain: /LM/W3SVC/124/ROOT-1-130460013707480000

ProcessId: 11388

Process Name: C:\Windows\SysWOW64\inetsrv\w3wp.exe

Thread Name: 

Win32 ThreadId:6308

Extended Properties: 
----------------------------------------
----------------------------------------
Timestamp: 5/31/2014 9:42:19 AM

Message: HandlingInstanceID: c2a8fc4f-0af9-43c1-81b2-5566926ffe03
An exception of type 'Telerik.OpenAccess.Exceptions.DataStoreException' occurred and was caught.
------------------------------------------------------------------------------------------------
05/31/2014 10:42:19
Type : Telerik.OpenAccess.Exceptions.DataStoreException, Telerik.OpenAccess, Version=2012.3.1012.1, Culture=neutral, PublicKeyToken=7ce17eeaf1d59342
Message : Error executing query: Telerik.OpenAccess.RT.sql.SQLException: Got error -1 from storage engine
   at Telerik.OpenAccess.RT.Adonet2Generic.Impl.PreparedStatementImp.executeQuery()
   at OpenAccessRuntime.Relational.conn.PooledPreparedStatement.executeQuery()
   at OpenAccessRuntime.Relational.fetch.FetchResultImp.Execute()
SQL:
SELECT a.`content_id` AS COL1, d.`prnt_prop_id` AS COL2, d.`id` AS COL3, d.`caption_` AS COL4, d.`description_` AS COL5, d.`app_name` AS COL6, d.`control_id` AS COL7, d.`language` AS COL8, d.`last_modified` AS COL9, d.`multilingual` AS COL10, d.`nme` AS COL11, d.`prnt_prop_id` AS COL12, d.`validation` AS COL13, d.`val` AS COL14, d.`voa_version` AS COL15 FROM `sf_form_description` a LEFT JOIN `sf_object_data` AS b ON (a.`content_id` = b.`content_id`) INNER JOIN `sf_control_properties` AS c ON (b.`id` = c.`control_id`) LEFT JOIN `sf_control_properties` AS d ON (c.`id` = d.`prnt_prop_id`) WHERE a.`content_id` = ?                                       ORDER BY d.`prnt_prop_id`  Telerik.OpenAccess.RT.sql.SQLException: Got error -1 from storage engine
   at Telerik.OpenAccess.RT.Adonet2Generic.Impl.PreparedStatementImp.executeQuery()
   at OpenAccessRuntime.Relational.conn.PooledPreparedStatement.executeQuery()
   at OpenAccessRuntime.Relational.fetch.FetchResultImp.Execute()
Source : Telerik.OpenAccess.Runtime
Help link : 
InnerExceptions : System.Exception[]
FailedObject : 
BackendError : Telerik.OpenAccess.RT.sql.SQLException: Got error -1 from storage engine
   at Telerik.OpenAccess.RT.Adonet2Generic.Impl.PreparedStatementImp.executeQuery()
   at OpenAccessRuntime.Relational.conn.PooledPreparedStatement.executeQuery()
   at OpenAccessRuntime.Relational.fetch.FetchResultImp.Execute()
Reason : Runtime
CanRetry : False
Data : System.Collections.ListDictionaryInternal
TargetSite : System.Exception Throw()
HResult : -2146233088
Stack Trace :    at OpenAccessRuntime.ExceptionWrapper.Throw()
   at OpenAccessRuntime.DataObjects.PCStateMan.handleException(Exception x)
   at OpenAccessRuntime.DataObjects.PCStateMan.getObjectFieldImp(PersistenceCapable pc, FieldMetaData fmd, Object currentValue)
   at OpenAccessRuntime.DataObjects.PCStateMan.GetObjectField(PersistenceCapable pc, Int32 field, Object currentValue)
   at Telerik.Sitefinity.Forms.Model.FormDescription.OpenAccessEnhancedGetcontrols(FormDescription owner)
   at Telerik.Sitefinity.Forms.Model.FormDescription.get_Controls()
   at Telerik.Sitefinity.Forms.Model.FormDescription.Telerik.Sitefinity.Pages.Model.IControlsContainer.get_Controls()
   at Telerik.Sitefinity.Modules.Pages.PageHelperImplementation.SortControls(IEnumerable`1 controlContainers, Int32 count)
   at Telerik.Sitefinity.Modules.Pages.PageHelperImplementation.ProcessControls(IList`1 controls, IList`1 placeholders, IList`1 controlContainers)
   at Telerik.Sitefinity.Modules.Forms.Web.UI.FormsControl.RenderFormFields()
   at Telerik.Sitefinity.Modules.Forms.Web.UI.FormsControl.InitializeControls(GenericContainer container)
   at Telerik.Sitefinity.Web.UI.SimpleView.CreateChildControls()
   at System.Web.UI.Control.EnsureChildControls()
   at System.Web.UI.Control.PreRenderRecursiveInternal()
   at System.Web.UI.Control.PreRenderRecursiveInternal()
   at System.Web.UI.Control.PreRenderRecursiveInternal()
   at System.Web.UI.Control.PreRenderRecursiveInternal()
   at System.Web.UI.Control.PreRenderRecursiveInternal()
   at System.Web.UI.Control.PreRenderRecursiveInternal()
   at System.Web.UI.Control.PreRenderRecursiveInternal()
   at System.Web.UI.Control.PreRenderRecursiveInternal()
   at System.Web.UI.Control.PreRenderRecursiveInternal()
   at System.Web.UI.Control.PreRenderRecursiveInternal()
   at System.Web.UI.Control.PreRenderRecursiveInternal()
   at System.Web.UI.Page.ProcessRequestMain(Boolean includeStagesBeforeAsyncPoint, Boolean includeStagesAfterAsyncPoint)

Additional Info:

MachineName : WEB03
TimeStamp : 5/31/2014 9:42:19 AM
FullName : Telerik.Sitefinity.Utilities, Version=5.2.3700.0, Culture=neutral, PublicKeyToken=b28c218413bdf563
AppDomainName : /LM/W3SVC/124/ROOT-1-130460013707480000
ThreadIdentity : 
WindowsIdentity : SWBROADBAND\oldsugar
Requested URL : http://www.oldsugarmill.com/footbar/mailing-list
	Inner Exception
	---------------
	Type : Telerik.OpenAccess.RT.sql.SQLException, Telerik.OpenAccess.Runtime, Version=2012.3.1012.1, Culture=neutral, PublicKeyToken=7ce17eeaf1d59342
	Message : Got error -1 from storage engine
	Source : Telerik.OpenAccess.Runtime
	Help link : 
	ErrorCode : 1030
	Number : 1030
	ObjectId : 
	Description : SQLState=;Got error -1 from storage engine
	Data : System.Collections.ListDictionaryInternal
	TargetSite : Telerik.OpenAccess.RT.sql.ResultSet executeQuery()
	HResult : -2146233088
	Stack Trace :    at Telerik.OpenAccess.RT.Adonet2Generic.Impl.PreparedStatementImp.executeQuery()
	   at OpenAccessRuntime.Relational.conn.PooledPreparedStatement.executeQuery()
	   at OpenAccessRuntime.Relational.fetch.FetchResultImp.Execute()



Category: ErrorLog

Priority: 0

EventId: 90000

Severity: Error

Title:Enterprise Library Exception Handling

Machine: WEB03

App Domain: /LM/W3SVC/124/ROOT-1-130460013707480000

ProcessId: 11388

Process Name: C:\Windows\SysWOW64\inetsrv\w3wp.exe

Thread Name: 

Win32 ThreadId:3368

Extended Properties: 
----------------------------------------
