----------------------------------------
Timestamp: 13/12/2014 09:25:50

Message: HandlingInstanceID: de53d56a-e08b-4f63-860e-9913e312d1af
An exception of type 'System.Web.HttpException' occurred and was caught.
------------------------------------------------------------------------
12/13/2014 09:25:50
Type : System.Web.HttpException, System.Web, Version=4.0.0.0, Culture=neutral, PublicKeyToken=b03f5f7f11d50a3a
Message : This is an invalid script resource request.
Source : System.Web.Extensions
Help link : 
WebEventCode : 0
ErrorCode : -2147467259
Data : System.Collections.ListDictionaryInternal
TargetSite : Void ProcessRequest(System.Web.HttpContextBase, VirtualFileReader, System.Action`2[System.String,System.Exception], Boolean)
HResult : -2147467259
Stack Trace :    at System.Web.Handlers.ScriptResourceHandler.ProcessRequest(HttpContextBase context, VirtualFileReader fileReader, Action`2 logAction, Boolean validatePath)
   at System.Web.Handlers.ScriptResourceHandler.ProcessRequest(HttpContext context)
   at System.Web.Handlers.ScriptResourceHandler.System.Web.IHttpHandler.ProcessRequest(HttpContext context)
   at System.Web.HttpApplication.CallHandlerExecutionStep.System.Web.HttpApplication.IExecutionStep.Execute()
   at System.Web.HttpApplication.ExecuteStep(IExecutionStep step, Boolean& completedSynchronously)

Additional Info:

MachineName : WEB03
TimeStamp : 13/12/2014 09:25:50
FullName : Telerik.Sitefinity.Utilities, Version=5.2.3700.0, Culture=neutral, PublicKeyToken=b28c218413bdf563
AppDomainName : /LM/W3SVC/124/ROOT-1-130629362468210000
ThreadIdentity : 
WindowsIdentity : SWBROADBAND\oldsugar
Requested URL : http://www.oldsugarmill.com/ScriptResource.axd?d=rIAyDNpSuFE_2-xagzps7bUuxQlh3DUECEv1gxlJ__iGxvYbJ8mLXFAUAvGFvKqSW1xCoBkS-UeMxZQNlhhRgm8ltMPyDudNDs60iCGBYJc9bhxk-0r3Cg7FXoN_iFuA8Qn23L5KpcShgwQne8WvcWD6itmN0bq6Pohxxt7zlwKtBaWH9nZraLzwsgJrrwXd0&t=155533f4


Category: ErrorLog

Priority: 0

EventId: 90000

Severity: Error

Title:Enterprise Library Exception Handling

Machine: WEB03

App Domain: /LM/W3SVC/124/ROOT-1-130629362468210000

ProcessId: 6904

Process Name: C:\Windows\SysWOW64\inetsrv\w3wp.exe

Thread Name: 

Win32 ThreadId:8184

Extended Properties: 
----------------------------------------
----------------------------------------
Timestamp: 12/13/2014 7:47:53 PM

Message: HandlingInstanceID: d6e818fa-e5f9-47b4-a4b9-ef97e1b9a314
An exception of type 'System.Web.HttpException' occurred and was caught.
------------------------------------------------------------------------
12/13/2014 19:47:53
Type : System.Web.HttpException, System.Web, Version=4.0.0.0, Culture=neutral, PublicKeyToken=b03f5f7f11d50a3a
Message : The remote host closed the connection. The error code is 0x80070016.
Source : System.Web
Help link : 
WebEventCode : 0
ErrorCode : -2147024874
Data : System.Collections.ListDictionaryInternal
TargetSite : Void RaiseCommunicationError(Int32, Boolean)
HResult : -2147024874
Stack Trace :    at System.Web.Hosting.IIS7WorkerRequest.RaiseCommunicationError(Int32 result, Boolean throwOnDisconnect)
   at System.Web.Hosting.IIS7WorkerRequest.ExplicitFlush()
   at System.Web.HttpResponse.Flush(Boolean finalFlush, Boolean async)
   at System.Web.HttpResponse.Flush()
   at System.Web.HttpWriter.WriteFromStream(Byte[] data, Int32 offset, Int32 size)
   at System.Web.HttpResponseStream.Write(Byte[] buffer, Int32 offset, Int32 count)
   at Telerik.Sitefinity.Modules.Libraries.Web.LibraryHttpHandler.<>c__DisplayClass9.<WriteToOutput>b__7()
   at Telerik.Sitefinity.Modules.Libraries.Web.LibraryHttpHandler.IgnoringClosedConnection(Action action)
   at Telerik.Sitefinity.Modules.Libraries.Web.LibraryHttpHandler.WriteToOutput(HttpResponse response, Stream stream, Int32 bufferSize)
   at Telerik.Sitefinity.Modules.Libraries.Web.LibraryHttpHandler.SetResponseOrCacheData(HttpRequest request, MediaContent content, LibrariesManager manager, HttpResponse response, OutputItem outputItem)
   at Telerik.Sitefinity.Modules.Libraries.Web.LibraryHttpHandler.SendResponse(HttpRequest request, HttpResponse response, MediaContent content, LibrariesManager manager)
   at Telerik.Sitefinity.Modules.Libraries.Web.LibraryHttpHandler.ProcessRequest(HttpContext context)
   at System.Web.HttpApplication.CallHandlerExecutionStep.System.Web.HttpApplication.IExecutionStep.Execute()
   at System.Web.HttpApplication.ExecuteStep(IExecutionStep step, Boolean& completedSynchronously)

Additional Info:

MachineName : WEB03
TimeStamp : 12/13/2014 7:47:53 PM
FullName : Telerik.Sitefinity.Utilities, Version=5.2.3700.0, Culture=neutral, PublicKeyToken=b28c218413bdf563
AppDomainName : /LM/W3SVC/124/ROOT-1-130629699484303750
ThreadIdentity : 
WindowsIdentity : SWBROADBAND\oldsugar
Requested URL : http://www.oldsugarmill.com/images/default-source/base-images/entrance-2207661318-o.jpg?sfvrsn=2


Category: ErrorLog

Priority: 0

EventId: 90000

Severity: Error

Title:Enterprise Library Exception Handling

Machine: WEB03

App Domain: /LM/W3SVC/124/ROOT-1-130629699484303750

ProcessId: 9980

Process Name: C:\Windows\SysWOW64\inetsrv\w3wp.exe

Thread Name: 

Win32 ThreadId:5460

Extended Properties: 
----------------------------------------
----------------------------------------
Timestamp: 12/13/2014 11:00:02 PM

Message: HandlingInstanceID: cfe08615-1600-48db-93ad-f9a623083906
An exception of type 'System.Web.HttpException' occurred and was caught.
------------------------------------------------------------------------
12/13/2014 23:00:02
Type : System.Web.HttpException, System.Web, Version=4.0.0.0, Culture=neutral, PublicKeyToken=b03f5f7f11d50a3a
Message : File not found.
Source : Telerik.Sitefinity
Help link : 
WebEventCode : 0
ErrorCode : -2147467259
Data : System.Collections.ListDictionaryInternal
TargetSite : IOutputItem GetOutputItem(System.Web.HttpRequest, System.Web.HttpResponse, Telerik.Microsoft.Practices.EnterpriseLibrary.Caching.ICacheManager, System.String, Telerik.Sitefinity.Libraries.Model.MediaContent ByRef)
HResult : -2147467259
Stack Trace :    at Telerik.Sitefinity.Modules.Libraries.Web.LibraryHttpHandler.GetOutputItem(HttpRequest request, HttpResponse response, ICacheManager cache, String key, MediaContent& content)
   at Telerik.Sitefinity.Modules.Libraries.Web.LibraryHttpHandler.ProcessRequest(HttpContext context)
   at System.Web.HttpApplication.CallHandlerExecutionStep.System.Web.HttpApplication.IExecutionStep.Execute()
   at System.Web.HttpApplication.ExecuteStep(IExecutionStep step, Boolean& completedSynchronously)

Additional Info:

MachineName : WEB03
TimeStamp : 12/13/2014 11:00:02 PM
FullName : Telerik.Sitefinity.Utilities, Version=5.2.3700.0, Culture=neutral, PublicKeyToken=b28c218413bdf563
AppDomainName : /LM/W3SVC/124/ROOT-1-130629775054616250
ThreadIdentity : 
WindowsIdentity : SWBROADBAND\oldsugar
Requested URL : http://www.oldsugarmill.com/images/calendar_0619.png


Category: ErrorLog

Priority: 0

EventId: 90000

Severity: Error

Title:Enterprise Library Exception Handling

Machine: WEB03

App Domain: /LM/W3SVC/124/ROOT-1-130629775054616250

ProcessId: 9920

Process Name: C:\Windows\SysWOW64\inetsrv\w3wp.exe

Thread Name: 

Win32 ThreadId:5060

Extended Properties: 
----------------------------------------
----------------------------------------
Timestamp: 12/13/2014 11:00:03 PM

Message: HandlingInstanceID: 0218f8a6-0bc4-4da0-a6d4-58f3e612e249
An exception of type 'System.Web.HttpException' occurred and was caught.
------------------------------------------------------------------------
12/13/2014 23:00:03
Type : System.Web.HttpException, System.Web, Version=4.0.0.0, Culture=neutral, PublicKeyToken=b03f5f7f11d50a3a
Message : File not found.
Source : Telerik.Sitefinity
Help link : 
WebEventCode : 0
ErrorCode : -2147467259
Data : System.Collections.ListDictionaryInternal
TargetSite : IOutputItem GetOutputItem(System.Web.HttpRequest, System.Web.HttpResponse, Telerik.Microsoft.Practices.EnterpriseLibrary.Caching.ICacheManager, System.String, Telerik.Sitefinity.Libraries.Model.MediaContent ByRef)
HResult : -2147467259
Stack Trace :    at Telerik.Sitefinity.Modules.Libraries.Web.LibraryHttpHandler.GetOutputItem(HttpRequest request, HttpResponse response, ICacheManager cache, String key, MediaContent& content)
   at Telerik.Sitefinity.Modules.Libraries.Web.LibraryHttpHandler.ProcessRequest(HttpContext context)
   at System.Web.HttpApplication.CallHandlerExecutionStep.System.Web.HttpApplication.IExecutionStep.Execute()
   at System.Web.HttpApplication.ExecuteStep(IExecutionStep step, Boolean& completedSynchronously)

Additional Info:

MachineName : WEB03
TimeStamp : 12/13/2014 11:00:03 PM
FullName : Telerik.Sitefinity.Utilities, Version=5.2.3700.0, Culture=neutral, PublicKeyToken=b28c218413bdf563
AppDomainName : /LM/W3SVC/124/ROOT-1-130629775054616250
ThreadIdentity : 
WindowsIdentity : SWBROADBAND\oldsugar
Requested URL : http://www.oldsugarmill.com/images/temp_logo.jpg


Category: ErrorLog

Priority: 0

EventId: 90000

Severity: Error

Title:Enterprise Library Exception Handling

Machine: WEB03

App Domain: /LM/W3SVC/124/ROOT-1-130629775054616250

ProcessId: 9920

Process Name: C:\Windows\SysWOW64\inetsrv\w3wp.exe

Thread Name: 

Win32 ThreadId:3368

Extended Properties: 
----------------------------------------
