----------------------------------------
Timestamp: 21/11/2012 22:21:54

Message: HandlingInstanceID: 38a1b6c6-db95-4e1b-90db-8aef49286d5e
An exception of type 'Telerik.OpenAccess.Exceptions.AuthorizationException' occurred and was caught.
----------------------------------------------------------------------------------------------------
11/21/2012 22:21:54
Type : Telerik.OpenAccess.Exceptions.AuthorizationException, Telerik.OpenAccess, Version=2012.3.1012.1, Culture=neutral, PublicKeyToken=7ce17eeaf1d59342
Message : Access denied for user 'oldsugar_finity'@'oldsugarmill.com' (using password: YES)
Source : Unity_ILEmit_DynamicClasses
Help link : 
InnerExceptions : System.Exception[]
FailedObject : 
BackendError : Telerik.OpenAccess.RT.sql.SQLException: Access denied for user 'oldsugar_finity'@'oldsugarmill.com' (using password: YES)
   at Telerik.OpenAccess.RT.Adonet2Generic.Impl.DBDriver.connect(ConnectionString connectionString, IDictionary driverProps, ConnectionPoolType poolType, LogEventStore pes)
   at OpenAccessRuntime.Relational.sql.SqlDriver.InitializeFor(ConnectionString connectionString, Boolean noConnect, PropertySet props, DBDriver& driver, Connection& conn, ConnectionPoolType poolType)
Reason : Runtime
CanRetry : True
Data : System.Collections.ListDictionaryInternal
TargetSite : Void Initialize(System.String, System.Collections.Specialized.NameValueCollection, System.Type)
Stack Trace :    at DynamicModule.ns.Wrapped_OpenAccessMetaDataProvider_6c41c949c039410691e0120abdb1474b.Initialize(String providerName, NameValueCollection config, Type managerType)
   at Telerik.Sitefinity.Data.ManagerBase`1.InstantiateProvider(IDataProviderSettings providerSettings, Type providerType, ExceptionPolicyName policy, ManagerBase`1 manager)

Additional Info:

MachineName : WEB03
TimeStamp : 21/11/2012 22:21:54
FullName : Telerik.Sitefinity.Utilities, Version=5.2.3700.0, Culture=neutral, PublicKeyToken=b28c218413bdf563
AppDomainName : /LM/W3SVC/124/ROOT-1-129980101057920312
ThreadIdentity : 
WindowsIdentity : SWBROADBAND\oldsugar
Requested URL : http://127.0.0.1/
	Inner Exception
	---------------
	Type : Telerik.OpenAccess.RT.sql.SQLException, Telerik.OpenAccess.Runtime, Version=2012.3.1012.1, Culture=neutral, PublicKeyToken=7ce17eeaf1d59342
	Message : Access denied for user 'oldsugar_finity'@'oldsugarmill.com' (using password: YES)
	Source : Telerik.OpenAccess.Runtime
	Help link : 
	ErrorCode : 1045
	Number : 1045
	ObjectId : 
	Description : SQLState=;Access denied for user 'oldsugar_finity'@'oldsugarmill.com' (using password: YES)
	Data : System.Collections.ListDictionaryInternal
	TargetSite : Telerik.OpenAccess.RT.sql.Connection connect(Telerik.OpenAccess.Config.Sql.ConnectionString, System.Collections.IDictionary, Telerik.OpenAccess.ConnectionPoolType, OpenAccessRuntime.logging.LogEventStore)
	Stack Trace :    at Telerik.OpenAccess.RT.Adonet2Generic.Impl.DBDriver.connect(ConnectionString connectionString, IDictionary driverProps, ConnectionPoolType poolType, LogEventStore pes)
	   at OpenAccessRuntime.Relational.sql.SqlDriver.InitializeFor(ConnectionString connectionString, Boolean noConnect, PropertySet props, DBDriver& driver, Connection& conn, ConnectionPoolType poolType)



Category: ErrorLog

Priority: 0

EventId: 9010

Severity: Warning

Title:Enterprise Library Exception Handling

Machine: WEB03

App Domain: /LM/W3SVC/124/ROOT-1-129980101057920312

ProcessId: 12296

Process Name: C:\Windows\SysWOW64\inetsrv\w3wp.exe

Thread Name: 

Win32 ThreadId:14156

Extended Properties: 
----------------------------------------
----------------------------------------
Timestamp: 21/11/2012 22:21:54

Message: HandlingInstanceID: 76701b2b-e649-4dc9-83d8-a50b384045a5
An exception of type 'Telerik.OpenAccess.Exceptions.AuthorizationException' occurred and was caught.
----------------------------------------------------------------------------------------------------
11/21/2012 22:21:54
Type : Telerik.OpenAccess.Exceptions.AuthorizationException, Telerik.OpenAccess, Version=2012.3.1012.1, Culture=neutral, PublicKeyToken=7ce17eeaf1d59342
Message : Access denied for user 'oldsugar_finity'@'oldsugarmill.com' (using password: YES)
Source : Unity_ILEmit_DynamicClasses
Help link : 
InnerExceptions : System.Exception[]
FailedObject : 
BackendError : Telerik.OpenAccess.RT.sql.SQLException: Access denied for user 'oldsugar_finity'@'oldsugarmill.com' (using password: YES)
   at Telerik.OpenAccess.RT.Adonet2Generic.Impl.DBDriver.connect(ConnectionString connectionString, IDictionary driverProps, ConnectionPoolType poolType, LogEventStore pes)
   at OpenAccessRuntime.Relational.sql.SqlDriver.InitializeFor(ConnectionString connectionString, Boolean noConnect, PropertySet props, DBDriver& driver, Connection& conn, ConnectionPoolType poolType)
Reason : Runtime
CanRetry : True
Data : System.Collections.ListDictionaryInternal
TargetSite : Void Initialize(System.String, System.Collections.Specialized.NameValueCollection, System.Type)
Stack Trace :    at DynamicModule.ns.Wrapped_OpenAccessMetaDataProvider_6c41c949c039410691e0120abdb1474b.Initialize(String providerName, NameValueCollection config, Type managerType)
   at Telerik.Sitefinity.Data.ManagerBase`1.InstantiateProvider(IDataProviderSettings providerSettings, Type providerType, ExceptionPolicyName policy, ManagerBase`1 manager)

Additional Info:

MachineName : WEB03
TimeStamp : 21/11/2012 22:21:54
FullName : Telerik.Sitefinity.Utilities, Version=5.2.3700.0, Culture=neutral, PublicKeyToken=b28c218413bdf563
AppDomainName : /LM/W3SVC/124/ROOT-1-129980101057920312
ThreadIdentity : 
WindowsIdentity : SWBROADBAND\oldsugar
Requested URL : http://127.0.0.1/
	Inner Exception
	---------------
	Type : Telerik.OpenAccess.RT.sql.SQLException, Telerik.OpenAccess.Runtime, Version=2012.3.1012.1, Culture=neutral, PublicKeyToken=7ce17eeaf1d59342
	Message : Access denied for user 'oldsugar_finity'@'oldsugarmill.com' (using password: YES)
	Source : Telerik.OpenAccess.Runtime
	Help link : 
	ErrorCode : 1045
	Number : 1045
	ObjectId : 
	Description : SQLState=;Access denied for user 'oldsugar_finity'@'oldsugarmill.com' (using password: YES)
	Data : System.Collections.ListDictionaryInternal
	TargetSite : Telerik.OpenAccess.RT.sql.Connection connect(Telerik.OpenAccess.Config.Sql.ConnectionString, System.Collections.IDictionary, Telerik.OpenAccess.ConnectionPoolType, OpenAccessRuntime.logging.LogEventStore)
	Stack Trace :    at Telerik.OpenAccess.RT.Adonet2Generic.Impl.DBDriver.connect(ConnectionString connectionString, IDictionary driverProps, ConnectionPoolType poolType, LogEventStore pes)
	   at OpenAccessRuntime.Relational.sql.SqlDriver.InitializeFor(ConnectionString connectionString, Boolean noConnect, PropertySet props, DBDriver& driver, Connection& conn, ConnectionPoolType poolType)



Category: ErrorLog

Priority: 0

EventId: 90030

Severity: Error

Title:Enterprise Library Exception Handling

Machine: WEB03

App Domain: /LM/W3SVC/124/ROOT-1-129980101057920312

ProcessId: 12296

Process Name: C:\Windows\SysWOW64\inetsrv\w3wp.exe

Thread Name: 

Win32 ThreadId:14156

Extended Properties: 
----------------------------------------
----------------------------------------
Timestamp: 22/11/2012 19:33:41

Message: HandlingInstanceID: a5f76194-81cd-4515-b658-4c91722202d0
An exception of type 'Telerik.OpenAccess.Exceptions.AuthorizationException' occurred and was caught.
----------------------------------------------------------------------------------------------------
11/22/2012 19:33:41
Type : Telerik.OpenAccess.Exceptions.AuthorizationException, Telerik.OpenAccess, Version=2012.3.1012.1, Culture=neutral, PublicKeyToken=7ce17eeaf1d59342
Message : Access denied for user 'oldsugar_finity'@'oldsugarmill.com' (using password: YES)
Source : Unity_ILEmit_DynamicClasses
Help link : 
InnerExceptions : System.Exception[]
FailedObject : 
BackendError : Telerik.OpenAccess.RT.sql.SQLException: Access denied for user 'oldsugar_finity'@'oldsugarmill.com' (using password: YES)
   at Telerik.OpenAccess.RT.Adonet2Generic.Impl.DBDriver.connect(ConnectionString connectionString, IDictionary driverProps, ConnectionPoolType poolType, LogEventStore pes)
   at OpenAccessRuntime.Relational.sql.SqlDriver.InitializeFor(ConnectionString connectionString, Boolean noConnect, PropertySet props, DBDriver& driver, Connection& conn, ConnectionPoolType poolType)
Reason : Runtime
CanRetry : True
Data : System.Collections.ListDictionaryInternal
TargetSite : Void Initialize(System.String, System.Collections.Specialized.NameValueCollection, System.Type)
Stack Trace :    at DynamicModule.ns.Wrapped_OpenAccessMetaDataProvider_fffda412bfcf486ba00064afb60e8d44.Initialize(String providerName, NameValueCollection config, Type managerType)
   at Telerik.Sitefinity.Data.ManagerBase`1.InstantiateProvider(IDataProviderSettings providerSettings, Type providerType, ExceptionPolicyName policy, ManagerBase`1 manager)

Additional Info:

MachineName : WEB03
TimeStamp : 22/11/2012 19:33:41
FullName : Telerik.Sitefinity.Utilities, Version=5.2.3700.0, Culture=neutral, PublicKeyToken=b28c218413bdf563
AppDomainName : /LM/W3SVC/124/ROOT-1-129980864133740625
ThreadIdentity : 
WindowsIdentity : SWBROADBAND\oldsugar
Requested URL : http://127.0.0.1/
	Inner Exception
	---------------
	Type : Telerik.OpenAccess.RT.sql.SQLException, Telerik.OpenAccess.Runtime, Version=2012.3.1012.1, Culture=neutral, PublicKeyToken=7ce17eeaf1d59342
	Message : Access denied for user 'oldsugar_finity'@'oldsugarmill.com' (using password: YES)
	Source : Telerik.OpenAccess.Runtime
	Help link : 
	ErrorCode : 1045
	Number : 1045
	ObjectId : 
	Description : SQLState=;Access denied for user 'oldsugar_finity'@'oldsugarmill.com' (using password: YES)
	Data : System.Collections.ListDictionaryInternal
	TargetSite : Telerik.OpenAccess.RT.sql.Connection connect(Telerik.OpenAccess.Config.Sql.ConnectionString, System.Collections.IDictionary, Telerik.OpenAccess.ConnectionPoolType, OpenAccessRuntime.logging.LogEventStore)
	Stack Trace :    at Telerik.OpenAccess.RT.Adonet2Generic.Impl.DBDriver.connect(ConnectionString connectionString, IDictionary driverProps, ConnectionPoolType poolType, LogEventStore pes)
	   at OpenAccessRuntime.Relational.sql.SqlDriver.InitializeFor(ConnectionString connectionString, Boolean noConnect, PropertySet props, DBDriver& driver, Connection& conn, ConnectionPoolType poolType)



Category: ErrorLog

Priority: 0

EventId: 9010

Severity: Warning

Title:Enterprise Library Exception Handling

Machine: WEB03

App Domain: /LM/W3SVC/124/ROOT-1-129980864133740625

ProcessId: 5436

Process Name: C:\Windows\SysWOW64\inetsrv\w3wp.exe

Thread Name: 

Win32 ThreadId:8744

Extended Properties: 
----------------------------------------
----------------------------------------
Timestamp: 22/11/2012 19:33:42

Message: HandlingInstanceID: bc8a04a6-48f2-4b87-88bb-c4116e66f0ad
An exception of type 'Telerik.OpenAccess.Exceptions.AuthorizationException' occurred and was caught.
----------------------------------------------------------------------------------------------------
11/22/2012 19:33:42
Type : Telerik.OpenAccess.Exceptions.AuthorizationException, Telerik.OpenAccess, Version=2012.3.1012.1, Culture=neutral, PublicKeyToken=7ce17eeaf1d59342
Message : Access denied for user 'oldsugar_finity'@'oldsugarmill.com' (using password: YES)
Source : Unity_ILEmit_DynamicClasses
Help link : 
InnerExceptions : System.Exception[]
FailedObject : 
BackendError : Telerik.OpenAccess.RT.sql.SQLException: Access denied for user 'oldsugar_finity'@'oldsugarmill.com' (using password: YES)
   at Telerik.OpenAccess.RT.Adonet2Generic.Impl.DBDriver.connect(ConnectionString connectionString, IDictionary driverProps, ConnectionPoolType poolType, LogEventStore pes)
   at OpenAccessRuntime.Relational.sql.SqlDriver.InitializeFor(ConnectionString connectionString, Boolean noConnect, PropertySet props, DBDriver& driver, Connection& conn, ConnectionPoolType poolType)
Reason : Runtime
CanRetry : True
Data : System.Collections.ListDictionaryInternal
TargetSite : Void Initialize(System.String, System.Collections.Specialized.NameValueCollection, System.Type)
Stack Trace :    at DynamicModule.ns.Wrapped_OpenAccessMetaDataProvider_fffda412bfcf486ba00064afb60e8d44.Initialize(String providerName, NameValueCollection config, Type managerType)
   at Telerik.Sitefinity.Data.ManagerBase`1.InstantiateProvider(IDataProviderSettings providerSettings, Type providerType, ExceptionPolicyName policy, ManagerBase`1 manager)

Additional Info:

MachineName : WEB03
TimeStamp : 22/11/2012 19:33:42
FullName : Telerik.Sitefinity.Utilities, Version=5.2.3700.0, Culture=neutral, PublicKeyToken=b28c218413bdf563
AppDomainName : /LM/W3SVC/124/ROOT-1-129980864133740625
ThreadIdentity : 
WindowsIdentity : SWBROADBAND\oldsugar
Requested URL : http://127.0.0.1/
	Inner Exception
	---------------
	Type : Telerik.OpenAccess.RT.sql.SQLException, Telerik.OpenAccess.Runtime, Version=2012.3.1012.1, Culture=neutral, PublicKeyToken=7ce17eeaf1d59342
	Message : Access denied for user 'oldsugar_finity'@'oldsugarmill.com' (using password: YES)
	Source : Telerik.OpenAccess.Runtime
	Help link : 
	ErrorCode : 1045
	Number : 1045
	ObjectId : 
	Description : SQLState=;Access denied for user 'oldsugar_finity'@'oldsugarmill.com' (using password: YES)
	Data : System.Collections.ListDictionaryInternal
	TargetSite : Telerik.OpenAccess.RT.sql.Connection connect(Telerik.OpenAccess.Config.Sql.ConnectionString, System.Collections.IDictionary, Telerik.OpenAccess.ConnectionPoolType, OpenAccessRuntime.logging.LogEventStore)
	Stack Trace :    at Telerik.OpenAccess.RT.Adonet2Generic.Impl.DBDriver.connect(ConnectionString connectionString, IDictionary driverProps, ConnectionPoolType poolType, LogEventStore pes)
	   at OpenAccessRuntime.Relational.sql.SqlDriver.InitializeFor(ConnectionString connectionString, Boolean noConnect, PropertySet props, DBDriver& driver, Connection& conn, ConnectionPoolType poolType)



Category: ErrorLog

Priority: 0

EventId: 90030

Severity: Error

Title:Enterprise Library Exception Handling

Machine: WEB03

App Domain: /LM/W3SVC/124/ROOT-1-129980864133740625

ProcessId: 5436

Process Name: C:\Windows\SysWOW64\inetsrv\w3wp.exe

Thread Name: 

Win32 ThreadId:8744

Extended Properties: 
----------------------------------------
----------------------------------------
Timestamp: 11/22/2012 9:17:38 PM

Message: HandlingInstanceID: 9ef47c63-6534-4a74-a998-1d571d4a691a
An exception of type 'System.Web.UI.ViewStateException' occurred and was caught.
--------------------------------------------------------------------------------
11/22/2012 21:17:38
Type : System.Web.UI.ViewStateException, System.Web, Version=4.0.0.0, Culture=neutral, PublicKeyToken=b03f5f7f11d50a3a
Message : Invalid viewstate. 
	Client IP: 83.100.231.187
	Port: 25599
	Referer: http://oldsugarmill.swbroadband.co.uk/Sitefinity/Licensing?ReturnUrl=%2f
	Path: /Sitefinity/Licensing
	User-Agent: Mozilla/5.0 (Windows NT 6.2; WOW64) AppleWebKit/537.11 (KHTML, like Gecko) Chrome/23.0.1271.64 Safari/537.11
	ViewState: /wEPDwUENTM4MWQYAgUeX19Db250cm9sc1JlcXVpcmVQb3N0QmFja0tleV9fFgMFH2xpYyRjdGwwMCRjdGwwMCRyYkF1dG9tYXRpY01vZGUFHGxpYyRjdGwwMCRjdGwwMCRyYk1hbnVhbE1vZGUFHGxpYyRjdGwwMCRjdGwwMCRyYk1hbnVhbE1vZGUFU2xpYyRjdGwwMCRjdGwwMCRjb25maXJtV2luZG93JEMkYmFzaWNMaWNlbnNlRGF0YSRjdGwwMCRjdGwwMCRybHZQdXJjaGFzZUluZm9ybWF0aW9uDxQrAAVkFCsAAGQWAh4CX2NmZGQ/3hv/9My47N7ukRu8Oj317GwTYO79vP5sQLxwXIJWYQ==
Source : 
Help link : 
RemoteAddress : 83.100.231.187
RemotePort : 25599
UserAgent : Mozilla/5.0 (Windows NT 6.2; WOW64) AppleWebKit/537.11 (KHTML, like Gecko) Chrome/23.0.1271.64 Safari/537.11
PersistedState : /wEPDwUENTM4MWQYAgUeX19Db250cm9sc1JlcXVpcmVQb3N0QmFja0tleV9fFgMFH2xpYyRjdGwwMCRjdGwwMCRyYkF1dG9tYXRpY01vZGUFHGxpYyRjdGwwMCRjdGwwMCRyYk1hbnVhbE1vZGUFHGxpYyRjdGwwMCRjdGwwMCRyYk1hbnVhbE1vZGUFU2xpYyRjdGwwMCRjdGwwMCRjb25maXJtV2luZG93JEMkYmFzaWNMaWNlbnNlRGF0YSRjdGwwMCRjdGwwMCRybHZQdXJjaGFzZUluZm9ybWF0aW9uDxQrAAVkFCsAAGQWAh4CX2NmZGQ/3hv/9My47N7ukRu8Oj317GwTYO79vP5sQLxwXIJWYQ==
Referer : http://oldsugarmill.swbroadband.co.uk/Sitefinity/Licensing?ReturnUrl=%2f
Path : /Sitefinity/Licensing
IsConnected : True
Data : System.Collections.ListDictionaryInternal
TargetSite : 
Stack Trace : The stack trace is unavailable.
Additional Info:

MachineName : WEB03
TimeStamp : 11/22/2012 9:17:38 PM
FullName : Telerik.Sitefinity.Utilities, Version=5.2.3700.0, Culture=neutral, PublicKeyToken=b28c218413bdf563
AppDomainName : /LM/W3SVC/124/ROOT-1-129980926442021875
ThreadIdentity : 
WindowsIdentity : SWBROADBAND\oldsugar
Requested URL : http://oldsugarmill.swbroadband.co.uk/Sitefinity/Licensing?ReturnUrl=/


Category: ErrorLog

Priority: 0

EventId: 90000

Severity: Error

Title:Enterprise Library Exception Handling

Machine: WEB03

App Domain: /LM/W3SVC/124/ROOT-1-129980926442021875

ProcessId: 13632

Process Name: C:\Windows\SysWOW64\inetsrv\w3wp.exe

Thread Name: 

Win32 ThreadId:18696

Extended Properties: 
----------------------------------------
