----------------------------------------
Timestamp: 7/1/2013 12:50:44 AM

Message: HandlingInstanceID: e5cd2fa4-217f-4e8a-bcfa-773856bb25c8
An exception of type 'System.Web.HttpException' occurred and was caught.
------------------------------------------------------------------------
07/01/2013 01:50:44
Type : System.Web.HttpException, System.Web, Version=4.0.0.0, Culture=neutral, PublicKeyToken=b03f5f7f11d50a3a
Message : File not found.
Source : Telerik.Sitefinity
Help link : 
WebEventCode : 0
ErrorCode : -2147467259
Data : System.Collections.ListDictionaryInternal
TargetSite : IOutputItem GetOutputItem(System.Web.HttpRequest, System.Web.HttpResponse, Telerik.Microsoft.Practices.EnterpriseLibrary.Caching.ICacheManager, System.String, Telerik.Sitefinity.Libraries.Model.MediaContent ByRef)
HResult : -2147467259
Stack Trace :    at Telerik.Sitefinity.Modules.Libraries.Web.LibraryHttpHandler.GetOutputItem(HttpRequest request, HttpResponse response, ICacheManager cache, String key, MediaContent& content)
   at Telerik.Sitefinity.Modules.Libraries.Web.LibraryHttpHandler.ProcessRequest(HttpContext context)
   at System.Web.HttpApplication.CallHandlerExecutionStep.System.Web.HttpApplication.IExecutionStep.Execute()
   at System.Web.HttpApplication.ExecuteStep(IExecutionStep step, Boolean& completedSynchronously)

Additional Info:

MachineName : WEB03
TimeStamp : 7/1/2013 12:50:44 AM
FullName : Telerik.Sitefinity.Utilities, Version=5.2.3700.0, Culture=neutral, PublicKeyToken=b28c218413bdf563
AppDomainName : /LM/W3SVC/124/ROOT-1-130170755067792968
ThreadIdentity : 
WindowsIdentity : SWBROADBAND\oldsugar
Requested URL : http://www.oldsugarmill.com/docs/default-source/default-document-library/osm-new-ownership.pdf?sfvrsn=0


Category: ErrorLog

Priority: 0

EventId: 90000

Severity: Error

Title:Enterprise Library Exception Handling

Machine: WEB03

App Domain: /LM/W3SVC/124/ROOT-1-130170755067792968

ProcessId: 11732

Process Name: C:\Windows\SysWOW64\inetsrv\w3wp.exe

Thread Name: 

Win32 ThreadId:1680

Extended Properties: 
----------------------------------------
----------------------------------------
Timestamp: 7/1/2013 2:01:14 AM

Message: HandlingInstanceID: 42d18c85-959c-45a3-9238-5e95e899f7f0
An exception of type 'System.Web.HttpException' occurred and was caught.
------------------------------------------------------------------------
07/01/2013 03:01:14
Type : System.Web.HttpException, System.Web, Version=4.0.0.0, Culture=neutral, PublicKeyToken=b03f5f7f11d50a3a
Message : File not found.
Source : Telerik.Sitefinity
Help link : 
WebEventCode : 0
ErrorCode : -2147467259
Data : System.Collections.ListDictionaryInternal
TargetSite : IOutputItem GetOutputItem(System.Web.HttpRequest, System.Web.HttpResponse, Telerik.Microsoft.Practices.EnterpriseLibrary.Caching.ICacheManager, System.String, Telerik.Sitefinity.Libraries.Model.MediaContent ByRef)
HResult : -2147467259
Stack Trace :    at Telerik.Sitefinity.Modules.Libraries.Web.LibraryHttpHandler.GetOutputItem(HttpRequest request, HttpResponse response, ICacheManager cache, String key, MediaContent& content)
   at Telerik.Sitefinity.Modules.Libraries.Web.LibraryHttpHandler.ProcessRequest(HttpContext context)
   at System.Web.HttpApplication.CallHandlerExecutionStep.System.Web.HttpApplication.IExecutionStep.Execute()
   at System.Web.HttpApplication.ExecuteStep(IExecutionStep step, Boolean& completedSynchronously)

Additional Info:

MachineName : WEB03
TimeStamp : 7/1/2013 2:01:14 AM
FullName : Telerik.Sitefinity.Utilities, Version=5.2.3700.0, Culture=neutral, PublicKeyToken=b28c218413bdf563
AppDomainName : /LM/W3SVC/124/ROOT-1-130170755067792968
ThreadIdentity : 
WindowsIdentity : SWBROADBAND\oldsugar
Requested URL : http://www.oldsugarmill.com/images/portFLYERsm.jpg


Category: ErrorLog

Priority: 0

EventId: 90000

Severity: Error

Title:Enterprise Library Exception Handling

Machine: WEB03

App Domain: /LM/W3SVC/124/ROOT-1-130170755067792968

ProcessId: 11732

Process Name: C:\Windows\SysWOW64\inetsrv\w3wp.exe

Thread Name: 

Win32 ThreadId:15696

Extended Properties: 
----------------------------------------
----------------------------------------
Timestamp: 7/1/2013 2:01:15 AM

Message: HandlingInstanceID: 0d8c85bb-6fde-4b31-b40a-dfd63e57bf16
An exception of type 'System.Web.HttpException' occurred and was caught.
------------------------------------------------------------------------
07/01/2013 03:01:15
Type : System.Web.HttpException, System.Web, Version=4.0.0.0, Culture=neutral, PublicKeyToken=b03f5f7f11d50a3a
Message : File not found.
Source : Telerik.Sitefinity
Help link : 
WebEventCode : 0
ErrorCode : -2147467259
Data : System.Collections.ListDictionaryInternal
TargetSite : IOutputItem GetOutputItem(System.Web.HttpRequest, System.Web.HttpResponse, Telerik.Microsoft.Practices.EnterpriseLibrary.Caching.ICacheManager, System.String, Telerik.Sitefinity.Libraries.Model.MediaContent ByRef)
HResult : -2147467259
Stack Trace :    at Telerik.Sitefinity.Modules.Libraries.Web.LibraryHttpHandler.GetOutputItem(HttpRequest request, HttpResponse response, ICacheManager cache, String key, MediaContent& content)
   at Telerik.Sitefinity.Modules.Libraries.Web.LibraryHttpHandler.ProcessRequest(HttpContext context)
   at System.Web.HttpApplication.CallHandlerExecutionStep.System.Web.HttpApplication.IExecutionStep.Execute()
   at System.Web.HttpApplication.ExecuteStep(IExecutionStep step, Boolean& completedSynchronously)

Additional Info:

MachineName : WEB03
TimeStamp : 7/1/2013 2:01:15 AM
FullName : Telerik.Sitefinity.Utilities, Version=5.2.3700.0, Culture=neutral, PublicKeyToken=b28c218413bdf563
AppDomainName : /LM/W3SVC/124/ROOT-1-130170755067792968
ThreadIdentity : 
WindowsIdentity : SWBROADBAND\oldsugar
Requested URL : http://www.oldsugarmill.com/images/portFLYERsm.jpg


Category: ErrorLog

Priority: 0

EventId: 90000

Severity: Error

Title:Enterprise Library Exception Handling

Machine: WEB03

App Domain: /LM/W3SVC/124/ROOT-1-130170755067792968

ProcessId: 11732

Process Name: C:\Windows\SysWOW64\inetsrv\w3wp.exe

Thread Name: 

Win32 ThreadId:10524

Extended Properties: 
----------------------------------------
----------------------------------------
Timestamp: 7/1/2013 2:09:08 AM

Message: HandlingInstanceID: 10faaaea-6c4f-49f1-baee-a733a0a34295
An exception of type 'System.Web.HttpException' occurred and was caught.
------------------------------------------------------------------------
07/01/2013 03:09:08
Type : System.Web.HttpException, System.Web, Version=4.0.0.0, Culture=neutral, PublicKeyToken=b03f5f7f11d50a3a
Message : File not found.
Source : Telerik.Sitefinity
Help link : 
WebEventCode : 0
ErrorCode : -2147467259
Data : System.Collections.ListDictionaryInternal
TargetSite : IOutputItem GetOutputItem(System.Web.HttpRequest, System.Web.HttpResponse, Telerik.Microsoft.Practices.EnterpriseLibrary.Caching.ICacheManager, System.String, Telerik.Sitefinity.Libraries.Model.MediaContent ByRef)
HResult : -2147467259
Stack Trace :    at Telerik.Sitefinity.Modules.Libraries.Web.LibraryHttpHandler.GetOutputItem(HttpRequest request, HttpResponse response, ICacheManager cache, String key, MediaContent& content)
   at Telerik.Sitefinity.Modules.Libraries.Web.LibraryHttpHandler.ProcessRequest(HttpContext context)
   at System.Web.HttpApplication.CallHandlerExecutionStep.System.Web.HttpApplication.IExecutionStep.Execute()
   at System.Web.HttpApplication.ExecuteStep(IExecutionStep step, Boolean& completedSynchronously)

Additional Info:

MachineName : WEB03
TimeStamp : 7/1/2013 2:09:08 AM
FullName : Telerik.Sitefinity.Utilities, Version=5.2.3700.0, Culture=neutral, PublicKeyToken=b28c218413bdf563
AppDomainName : /LM/W3SVC/124/ROOT-1-130170755067792968
ThreadIdentity : 
WindowsIdentity : SWBROADBAND\oldsugar
Requested URL : http://www.oldsugarmill.com/images/osm_eventlogo.png


Category: ErrorLog

Priority: 0

EventId: 90000

Severity: Error

Title:Enterprise Library Exception Handling

Machine: WEB03

App Domain: /LM/W3SVC/124/ROOT-1-130170755067792968

ProcessId: 11732

Process Name: C:\Windows\SysWOW64\inetsrv\w3wp.exe

Thread Name: 

Win32 ThreadId:10524

Extended Properties: 
----------------------------------------
----------------------------------------
Timestamp: 7/1/2013 5:34:16 AM

Message: HandlingInstanceID: 1d095883-9aa2-4838-87c3-8ea2110de9c0
An exception of type 'System.Web.HttpException' occurred and was caught.
------------------------------------------------------------------------
07/01/2013 06:34:16
Type : System.Web.HttpException, System.Web, Version=4.0.0.0, Culture=neutral, PublicKeyToken=b03f5f7f11d50a3a
Message : File not found.
Source : Telerik.Sitefinity
Help link : 
WebEventCode : 0
ErrorCode : -2147467259
Data : System.Collections.ListDictionaryInternal
TargetSite : IOutputItem GetOutputItem(System.Web.HttpRequest, System.Web.HttpResponse, Telerik.Microsoft.Practices.EnterpriseLibrary.Caching.ICacheManager, System.String, Telerik.Sitefinity.Libraries.Model.MediaContent ByRef)
HResult : -2147467259
Stack Trace :    at Telerik.Sitefinity.Modules.Libraries.Web.LibraryHttpHandler.GetOutputItem(HttpRequest request, HttpResponse response, ICacheManager cache, String key, MediaContent& content)
   at Telerik.Sitefinity.Modules.Libraries.Web.LibraryHttpHandler.ProcessRequest(HttpContext context)
   at System.Web.HttpApplication.CallHandlerExecutionStep.System.Web.HttpApplication.IExecutionStep.Execute()
   at System.Web.HttpApplication.ExecuteStep(IExecutionStep step, Boolean& completedSynchronously)

Additional Info:

MachineName : WEB03
TimeStamp : 7/1/2013 5:34:16 AM
FullName : Telerik.Sitefinity.Utilities, Version=5.2.3700.0, Culture=neutral, PublicKeyToken=b28c218413bdf563
AppDomainName : /LM/W3SVC/124/ROOT-1-130171286673310546
ThreadIdentity : 
WindowsIdentity : SWBROADBAND\oldsugar
Requested URL : http://www.oldsugarmill.com/images/osm_eventlogo.png


Category: ErrorLog

Priority: 0

EventId: 90000

Severity: Error

Title:Enterprise Library Exception Handling

Machine: WEB03

App Domain: /LM/W3SVC/124/ROOT-1-130171286673310546

ProcessId: 9944

Process Name: C:\Windows\SysWOW64\inetsrv\w3wp.exe

Thread Name: 

Win32 ThreadId:15972

Extended Properties: 
----------------------------------------
----------------------------------------
Timestamp: 7/1/2013 10:05:20 AM

Message: HandlingInstanceID: 4bd2c67c-c5ce-480b-9e9e-4d391cfa2d98
An exception of type 'System.Web.HttpException' occurred and was caught.
------------------------------------------------------------------------
07/01/2013 11:05:20
Type : System.Web.HttpException, System.Web, Version=4.0.0.0, Culture=neutral, PublicKeyToken=b03f5f7f11d50a3a
Message : File not found.
Source : Telerik.Sitefinity
Help link : 
WebEventCode : 0
ErrorCode : -2147467259
Data : System.Collections.ListDictionaryInternal
TargetSite : IOutputItem GetOutputItem(System.Web.HttpRequest, System.Web.HttpResponse, Telerik.Microsoft.Practices.EnterpriseLibrary.Caching.ICacheManager, System.String, Telerik.Sitefinity.Libraries.Model.MediaContent ByRef)
HResult : -2147467259
Stack Trace :    at Telerik.Sitefinity.Modules.Libraries.Web.LibraryHttpHandler.GetOutputItem(HttpRequest request, HttpResponse response, ICacheManager cache, String key, MediaContent& content)
   at Telerik.Sitefinity.Modules.Libraries.Web.LibraryHttpHandler.ProcessRequest(HttpContext context)
   at System.Web.HttpApplication.CallHandlerExecutionStep.System.Web.HttpApplication.IExecutionStep.Execute()
   at System.Web.HttpApplication.ExecuteStep(IExecutionStep step, Boolean& completedSynchronously)

Additional Info:

MachineName : WEB03
TimeStamp : 7/1/2013 10:05:20 AM
FullName : Telerik.Sitefinity.Utilities, Version=5.2.3700.0, Culture=neutral, PublicKeyToken=b28c218413bdf563
AppDomainName : /LM/W3SVC/124/ROOT-1-130171453515546875
ThreadIdentity : 
WindowsIdentity : SWBROADBAND\oldsugar
Requested URL : http://www.oldsugarmill.com/images/temp_logo.jpg


Category: ErrorLog

Priority: 0

EventId: 90000

Severity: Error

Title:Enterprise Library Exception Handling

Machine: WEB03

App Domain: /LM/W3SVC/124/ROOT-1-130171453515546875

ProcessId: 13160

Process Name: C:\Windows\SysWOW64\inetsrv\w3wp.exe

Thread Name: 

Win32 ThreadId:10024

Extended Properties: 
----------------------------------------
----------------------------------------
Timestamp: 7/1/2013 10:05:37 AM

Message: HandlingInstanceID: 819419f6-1c5e-4d0c-a788-21ec06c46e7c
An exception of type 'System.Web.HttpException' occurred and was caught.
------------------------------------------------------------------------
07/01/2013 11:05:37
Type : System.Web.HttpException, System.Web, Version=4.0.0.0, Culture=neutral, PublicKeyToken=b03f5f7f11d50a3a
Message : File not found.
Source : Telerik.Sitefinity
Help link : 
WebEventCode : 0
ErrorCode : -2147467259
Data : System.Collections.ListDictionaryInternal
TargetSite : IOutputItem GetOutputItem(System.Web.HttpRequest, System.Web.HttpResponse, Telerik.Microsoft.Practices.EnterpriseLibrary.Caching.ICacheManager, System.String, Telerik.Sitefinity.Libraries.Model.MediaContent ByRef)
HResult : -2147467259
Stack Trace :    at Telerik.Sitefinity.Modules.Libraries.Web.LibraryHttpHandler.GetOutputItem(HttpRequest request, HttpResponse response, ICacheManager cache, String key, MediaContent& content)
   at Telerik.Sitefinity.Modules.Libraries.Web.LibraryHttpHandler.ProcessRequest(HttpContext context)
   at System.Web.HttpApplication.CallHandlerExecutionStep.System.Web.HttpApplication.IExecutionStep.Execute()
   at System.Web.HttpApplication.ExecuteStep(IExecutionStep step, Boolean& completedSynchronously)

Additional Info:

MachineName : WEB03
TimeStamp : 7/1/2013 10:05:37 AM
FullName : Telerik.Sitefinity.Utilities, Version=5.2.3700.0, Culture=neutral, PublicKeyToken=b28c218413bdf563
AppDomainName : /LM/W3SVC/124/ROOT-1-130171453515546875
ThreadIdentity : 
WindowsIdentity : SWBROADBAND\oldsugar
Requested URL : http://www.oldsugarmill.com/images/temp_logo.jpg


Category: ErrorLog

Priority: 0

EventId: 90000

Severity: Error

Title:Enterprise Library Exception Handling

Machine: WEB03

App Domain: /LM/W3SVC/124/ROOT-1-130171453515546875

ProcessId: 13160

Process Name: C:\Windows\SysWOW64\inetsrv\w3wp.exe

Thread Name: 

Win32 ThreadId:13080

Extended Properties: 
----------------------------------------
----------------------------------------
Timestamp: 7/1/2013 10:06:13 AM

Message: HandlingInstanceID: 0337eb01-27ce-44c3-8ed3-79f4b81a7c49
An exception of type 'System.Web.HttpException' occurred and was caught.
------------------------------------------------------------------------
07/01/2013 11:06:13
Type : System.Web.HttpException, System.Web, Version=4.0.0.0, Culture=neutral, PublicKeyToken=b03f5f7f11d50a3a
Message : File not found.
Source : Telerik.Sitefinity
Help link : 
WebEventCode : 0
ErrorCode : -2147467259
Data : System.Collections.ListDictionaryInternal
TargetSite : IOutputItem GetOutputItem(System.Web.HttpRequest, System.Web.HttpResponse, Telerik.Microsoft.Practices.EnterpriseLibrary.Caching.ICacheManager, System.String, Telerik.Sitefinity.Libraries.Model.MediaContent ByRef)
HResult : -2147467259
Stack Trace :    at Telerik.Sitefinity.Modules.Libraries.Web.LibraryHttpHandler.GetOutputItem(HttpRequest request, HttpResponse response, ICacheManager cache, String key, MediaContent& content)
   at Telerik.Sitefinity.Modules.Libraries.Web.LibraryHttpHandler.ProcessRequest(HttpContext context)
   at System.Web.HttpApplication.CallHandlerExecutionStep.System.Web.HttpApplication.IExecutionStep.Execute()
   at System.Web.HttpApplication.ExecuteStep(IExecutionStep step, Boolean& completedSynchronously)

Additional Info:

MachineName : WEB03
TimeStamp : 7/1/2013 10:06:13 AM
FullName : Telerik.Sitefinity.Utilities, Version=5.2.3700.0, Culture=neutral, PublicKeyToken=b28c218413bdf563
AppDomainName : /LM/W3SVC/124/ROOT-1-130171453515546875
ThreadIdentity : 
WindowsIdentity : SWBROADBAND\oldsugar
Requested URL : http://www.oldsugarmill.com/images/temp_logo.jpg


Category: ErrorLog

Priority: 0

EventId: 90000

Severity: Error

Title:Enterprise Library Exception Handling

Machine: WEB03

App Domain: /LM/W3SVC/124/ROOT-1-130171453515546875

ProcessId: 13160

Process Name: C:\Windows\SysWOW64\inetsrv\w3wp.exe

Thread Name: 

Win32 ThreadId:13080

Extended Properties: 
----------------------------------------
----------------------------------------
Timestamp: 7/1/2013 11:34:06 AM

Message: HandlingInstanceID: 81c9e2b0-50da-4cc5-8cbd-7dfc84932d18
An exception of type 'System.Web.HttpException' occurred and was caught.
------------------------------------------------------------------------
07/01/2013 12:34:06
Type : System.Web.HttpException, System.Web, Version=4.0.0.0, Culture=neutral, PublicKeyToken=b03f5f7f11d50a3a
Message : Page not found
Source : Telerik.Sitefinity
Help link : 
WebEventCode : 0
ErrorCode : -2147467259
Data : System.Collections.ListDictionaryInternal
TargetSite : Void handler_PreRenderComplete(System.Object, System.EventArgs)
HResult : -2147467259
Stack Trace :    at Telerik.Sitefinity.Web.PageRouteHandler.handler_PreRenderComplete(Object sender, EventArgs e)
   at System.EventHandler.Invoke(Object sender, EventArgs e)
   at System.Web.UI.Page.OnPreRenderComplete(EventArgs e)
   at System.Web.UI.Page.ProcessRequestMain(Boolean includeStagesBeforeAsyncPoint, Boolean includeStagesAfterAsyncPoint)

Additional Info:

MachineName : WEB03
TimeStamp : 7/1/2013 11:34:06 AM
FullName : Telerik.Sitefinity.Utilities, Version=5.2.3700.0, Culture=neutral, PublicKeyToken=b28c218413bdf563
AppDomainName : /LM/W3SVC/124/ROOT-1-130171508684296875
ThreadIdentity : 
WindowsIdentity : SWBROADBAND\oldsugar
Requested URL : http://www.oldsugarmill.com/index/footbar/contact


Category: ErrorLog

Priority: 0

EventId: 90000

Severity: Error

Title:Enterprise Library Exception Handling

Machine: WEB03

App Domain: /LM/W3SVC/124/ROOT-1-130171508684296875

ProcessId: 15812

Process Name: C:\Windows\SysWOW64\inetsrv\w3wp.exe

Thread Name: 

Win32 ThreadId:7172

Extended Properties: 
----------------------------------------
----------------------------------------
Timestamp: 7/1/2013 11:34:06 AM

Message: HandlingInstanceID: 531afa55-0c08-483c-8351-e878cf833063
An exception of type 'System.Web.HttpException' occurred and was caught.
------------------------------------------------------------------------
07/01/2013 12:34:06
Type : System.Web.HttpException, System.Web, Version=4.0.0.0, Culture=neutral, PublicKeyToken=b03f5f7f11d50a3a
Message : Page not found
Source : Telerik.Sitefinity
Help link : 
WebEventCode : 0
ErrorCode : -2147467259
Data : System.Collections.ListDictionaryInternal
TargetSite : Void handler_PreRenderComplete(System.Object, System.EventArgs)
HResult : -2147467259
Stack Trace :    at Telerik.Sitefinity.Web.PageRouteHandler.handler_PreRenderComplete(Object sender, EventArgs e)
   at System.EventHandler.Invoke(Object sender, EventArgs e)
   at System.Web.UI.Page.OnPreRenderComplete(EventArgs e)
   at System.Web.UI.Page.ProcessRequestMain(Boolean includeStagesBeforeAsyncPoint, Boolean includeStagesAfterAsyncPoint)

Additional Info:

MachineName : WEB03
TimeStamp : 7/1/2013 11:34:06 AM
FullName : Telerik.Sitefinity.Utilities, Version=5.2.3700.0, Culture=neutral, PublicKeyToken=b28c218413bdf563
AppDomainName : /LM/W3SVC/124/ROOT-1-130171508684296875
ThreadIdentity : 
WindowsIdentity : SWBROADBAND\oldsugar
Requested URL : http://www.oldsugarmill.com/index/footbar/mailing-list


Category: ErrorLog

Priority: 0

EventId: 90000

Severity: Error

Title:Enterprise Library Exception Handling

Machine: WEB03

App Domain: /LM/W3SVC/124/ROOT-1-130171508684296875

ProcessId: 15812

Process Name: C:\Windows\SysWOW64\inetsrv\w3wp.exe

Thread Name: 

Win32 ThreadId:10032

Extended Properties: 
----------------------------------------
----------------------------------------
Timestamp: 7/1/2013 11:34:07 AM

Message: HandlingInstanceID: 95b58574-43c1-4923-9017-e9986fb5f207
An exception of type 'System.Web.HttpException' occurred and was caught.
------------------------------------------------------------------------
07/01/2013 12:34:07
Type : System.Web.HttpException, System.Web, Version=4.0.0.0, Culture=neutral, PublicKeyToken=b03f5f7f11d50a3a
Message : Page not found
Source : Telerik.Sitefinity
Help link : 
WebEventCode : 0
ErrorCode : -2147467259
Data : System.Collections.ListDictionaryInternal
TargetSite : Void handler_PreRenderComplete(System.Object, System.EventArgs)
HResult : -2147467259
Stack Trace :    at Telerik.Sitefinity.Web.PageRouteHandler.handler_PreRenderComplete(Object sender, EventArgs e)
   at System.EventHandler.Invoke(Object sender, EventArgs e)
   at System.Web.UI.Page.OnPreRenderComplete(EventArgs e)
   at System.Web.UI.Page.ProcessRequestMain(Boolean includeStagesBeforeAsyncPoint, Boolean includeStagesAfterAsyncPoint)

Additional Info:

MachineName : WEB03
TimeStamp : 7/1/2013 11:34:07 AM
FullName : Telerik.Sitefinity.Utilities, Version=5.2.3700.0, Culture=neutral, PublicKeyToken=b28c218413bdf563
AppDomainName : /LM/W3SVC/124/ROOT-1-130171508684296875
ThreadIdentity : 
WindowsIdentity : SWBROADBAND\oldsugar
Requested URL : http://www.oldsugarmill.com/index/sidebar/hospitality-partners


Category: ErrorLog

Priority: 0

EventId: 90000

Severity: Error

Title:Enterprise Library Exception Handling

Machine: WEB03

App Domain: /LM/W3SVC/124/ROOT-1-130171508684296875

ProcessId: 15812

Process Name: C:\Windows\SysWOW64\inetsrv\w3wp.exe

Thread Name: 

Win32 ThreadId:7172

Extended Properties: 
----------------------------------------
----------------------------------------
Timestamp: 7/1/2013 11:34:07 AM

Message: HandlingInstanceID: dd940d07-ed27-4300-af35-4391d2f9c1c4
An exception of type 'System.Web.HttpException' occurred and was caught.
------------------------------------------------------------------------
07/01/2013 12:34:07
Type : System.Web.HttpException, System.Web, Version=4.0.0.0, Culture=neutral, PublicKeyToken=b03f5f7f11d50a3a
Message : Page not found
Source : Telerik.Sitefinity
Help link : 
WebEventCode : 0
ErrorCode : -2147467259
Data : System.Collections.ListDictionaryInternal
TargetSite : Void handler_PreRenderComplete(System.Object, System.EventArgs)
HResult : -2147467259
Stack Trace :    at Telerik.Sitefinity.Web.PageRouteHandler.handler_PreRenderComplete(Object sender, EventArgs e)
   at System.EventHandler.Invoke(Object sender, EventArgs e)
   at System.Web.UI.Page.OnPreRenderComplete(EventArgs e)
   at System.Web.UI.Page.ProcessRequestMain(Boolean includeStagesBeforeAsyncPoint, Boolean includeStagesAfterAsyncPoint)

Additional Info:

MachineName : WEB03
TimeStamp : 7/1/2013 11:34:07 AM
FullName : Telerik.Sitefinity.Utilities, Version=5.2.3700.0, Culture=neutral, PublicKeyToken=b28c218413bdf563
AppDomainName : /LM/W3SVC/124/ROOT-1-130171508684296875
ThreadIdentity : 
WindowsIdentity : SWBROADBAND\oldsugar
Requested URL : http://www.oldsugarmill.com/index/sidebar/private-events


Category: ErrorLog

Priority: 0

EventId: 90000

Severity: Error

Title:Enterprise Library Exception Handling

Machine: WEB03

App Domain: /LM/W3SVC/124/ROOT-1-130171508684296875

ProcessId: 15812

Process Name: C:\Windows\SysWOW64\inetsrv\w3wp.exe

Thread Name: 

Win32 ThreadId:10032

Extended Properties: 
----------------------------------------
----------------------------------------
Timestamp: 7/1/2013 11:34:07 AM

Message: HandlingInstanceID: 0b74d22e-8a96-47e1-b93f-1e916c5f6d29
An exception of type 'System.Web.HttpException' occurred and was caught.
------------------------------------------------------------------------
07/01/2013 12:34:07
Type : System.Web.HttpException, System.Web, Version=4.0.0.0, Culture=neutral, PublicKeyToken=b03f5f7f11d50a3a
Message : Page not found
Source : Telerik.Sitefinity
Help link : 
WebEventCode : 0
ErrorCode : -2147467259
Data : System.Collections.ListDictionaryInternal
TargetSite : Void handler_PreRenderComplete(System.Object, System.EventArgs)
HResult : -2147467259
Stack Trace :    at Telerik.Sitefinity.Web.PageRouteHandler.handler_PreRenderComplete(Object sender, EventArgs e)
   at System.EventHandler.Invoke(Object sender, EventArgs e)
   at System.Web.UI.Page.OnPreRenderComplete(EventArgs e)
   at System.Web.UI.Page.ProcessRequestMain(Boolean includeStagesBeforeAsyncPoint, Boolean includeStagesAfterAsyncPoint)

Additional Info:

MachineName : WEB03
TimeStamp : 7/1/2013 11:34:07 AM
FullName : Telerik.Sitefinity.Utilities, Version=5.2.3700.0, Culture=neutral, PublicKeyToken=b28c218413bdf563
AppDomainName : /LM/W3SVC/124/ROOT-1-130171508684296875
ThreadIdentity : 
WindowsIdentity : SWBROADBAND\oldsugar
Requested URL : http://www.oldsugarmill.com/index/sidebar/visitor-info


Category: ErrorLog

Priority: 0

EventId: 90000

Severity: Error

Title:Enterprise Library Exception Handling

Machine: WEB03

App Domain: /LM/W3SVC/124/ROOT-1-130171508684296875

ProcessId: 15812

Process Name: C:\Windows\SysWOW64\inetsrv\w3wp.exe

Thread Name: 

Win32 ThreadId:7172

Extended Properties: 
----------------------------------------
----------------------------------------
Timestamp: 7/1/2013 11:34:08 AM

Message: HandlingInstanceID: 81229dbf-7d15-4222-bc7f-067f60b3e72c
An exception of type 'System.Web.HttpException' occurred and was caught.
------------------------------------------------------------------------
07/01/2013 12:34:08
Type : System.Web.HttpException, System.Web, Version=4.0.0.0, Culture=neutral, PublicKeyToken=b03f5f7f11d50a3a
Message : Page not found
Source : Telerik.Sitefinity
Help link : 
WebEventCode : 0
ErrorCode : -2147467259
Data : System.Collections.ListDictionaryInternal
TargetSite : Void handler_PreRenderComplete(System.Object, System.EventArgs)
HResult : -2147467259
Stack Trace :    at Telerik.Sitefinity.Web.PageRouteHandler.handler_PreRenderComplete(Object sender, EventArgs e)
   at System.EventHandler.Invoke(Object sender, EventArgs e)
   at System.Web.UI.Page.OnPreRenderComplete(EventArgs e)
   at System.Web.UI.Page.ProcessRequestMain(Boolean includeStagesBeforeAsyncPoint, Boolean includeStagesAfterAsyncPoint)

Additional Info:

MachineName : WEB03
TimeStamp : 7/1/2013 11:34:08 AM
FullName : Telerik.Sitefinity.Utilities, Version=5.2.3700.0, Culture=neutral, PublicKeyToken=b28c218413bdf563
AppDomainName : /LM/W3SVC/124/ROOT-1-130171508684296875
ThreadIdentity : 
WindowsIdentity : SWBROADBAND\oldsugar
Requested URL : http://www.oldsugarmill.com/index/sidebar/weddings


Category: ErrorLog

Priority: 0

EventId: 90000

Severity: Error

Title:Enterprise Library Exception Handling

Machine: WEB03

App Domain: /LM/W3SVC/124/ROOT-1-130171508684296875

ProcessId: 15812

Process Name: C:\Windows\SysWOW64\inetsrv\w3wp.exe

Thread Name: 

Win32 ThreadId:10032

Extended Properties: 
----------------------------------------
----------------------------------------
Timestamp: 7/1/2013 11:34:08 AM

Message: HandlingInstanceID: 5c7fb7e0-801c-4434-8c74-6ae9043becca
An exception of type 'System.Web.HttpException' occurred and was caught.
------------------------------------------------------------------------
07/01/2013 12:34:08
Type : System.Web.HttpException, System.Web, Version=4.0.0.0, Culture=neutral, PublicKeyToken=b03f5f7f11d50a3a
Message : Page not found
Source : Telerik.Sitefinity
Help link : 
WebEventCode : 0
ErrorCode : -2147467259
Data : System.Collections.ListDictionaryInternal
TargetSite : Void handler_PreRenderComplete(System.Object, System.EventArgs)
HResult : -2147467259
Stack Trace :    at Telerik.Sitefinity.Web.PageRouteHandler.handler_PreRenderComplete(Object sender, EventArgs e)
   at System.EventHandler.Invoke(Object sender, EventArgs e)
   at System.Web.UI.Page.OnPreRenderComplete(EventArgs e)
   at System.Web.UI.Page.ProcessRequestMain(Boolean includeStagesBeforeAsyncPoint, Boolean includeStagesAfterAsyncPoint)

Additional Info:

MachineName : WEB03
TimeStamp : 7/1/2013 11:34:08 AM
FullName : Telerik.Sitefinity.Utilities, Version=5.2.3700.0, Culture=neutral, PublicKeyToken=b28c218413bdf563
AppDomainName : /LM/W3SVC/124/ROOT-1-130171508684296875
ThreadIdentity : 
WindowsIdentity : SWBROADBAND\oldsugar
Requested URL : http://www.oldsugarmill.com/index/topbar/about


Category: ErrorLog

Priority: 0

EventId: 90000

Severity: Error

Title:Enterprise Library Exception Handling

Machine: WEB03

App Domain: /LM/W3SVC/124/ROOT-1-130171508684296875

ProcessId: 15812

Process Name: C:\Windows\SysWOW64\inetsrv\w3wp.exe

Thread Name: 

Win32 ThreadId:7172

Extended Properties: 
----------------------------------------
----------------------------------------
Timestamp: 7/1/2013 11:34:08 AM

Message: HandlingInstanceID: 0a3bb34b-623e-4bbb-b53f-f36276f8d138
An exception of type 'System.Web.HttpException' occurred and was caught.
------------------------------------------------------------------------
07/01/2013 12:34:08
Type : System.Web.HttpException, System.Web, Version=4.0.0.0, Culture=neutral, PublicKeyToken=b03f5f7f11d50a3a
Message : Page not found
Source : Telerik.Sitefinity
Help link : 
WebEventCode : 0
ErrorCode : -2147467259
Data : System.Collections.ListDictionaryInternal
TargetSite : Void handler_PreRenderComplete(System.Object, System.EventArgs)
HResult : -2147467259
Stack Trace :    at Telerik.Sitefinity.Web.PageRouteHandler.handler_PreRenderComplete(Object sender, EventArgs e)
   at System.EventHandler.Invoke(Object sender, EventArgs e)
   at System.Web.UI.Page.OnPreRenderComplete(EventArgs e)
   at System.Web.UI.Page.ProcessRequestMain(Boolean includeStagesBeforeAsyncPoint, Boolean includeStagesAfterAsyncPoint)

Additional Info:

MachineName : WEB03
TimeStamp : 7/1/2013 11:34:08 AM
FullName : Telerik.Sitefinity.Utilities, Version=5.2.3700.0, Culture=neutral, PublicKeyToken=b28c218413bdf563
AppDomainName : /LM/W3SVC/124/ROOT-1-130171508684296875
ThreadIdentity : 
WindowsIdentity : SWBROADBAND\oldsugar
Requested URL : http://www.oldsugarmill.com/index/topbar/events


Category: ErrorLog

Priority: 0

EventId: 90000

Severity: Error

Title:Enterprise Library Exception Handling

Machine: WEB03

App Domain: /LM/W3SVC/124/ROOT-1-130171508684296875

ProcessId: 15812

Process Name: C:\Windows\SysWOW64\inetsrv\w3wp.exe

Thread Name: 

Win32 ThreadId:10032

Extended Properties: 
----------------------------------------
----------------------------------------
Timestamp: 7/1/2013 11:34:09 AM

Message: HandlingInstanceID: f1fab63f-7cd7-40e5-bcb5-053fbb8d1ec2
An exception of type 'System.Web.HttpException' occurred and was caught.
------------------------------------------------------------------------
07/01/2013 12:34:09
Type : System.Web.HttpException, System.Web, Version=4.0.0.0, Culture=neutral, PublicKeyToken=b03f5f7f11d50a3a
Message : Page not found
Source : Telerik.Sitefinity
Help link : 
WebEventCode : 0
ErrorCode : -2147467259
Data : System.Collections.ListDictionaryInternal
TargetSite : Void handler_PreRenderComplete(System.Object, System.EventArgs)
HResult : -2147467259
Stack Trace :    at Telerik.Sitefinity.Web.PageRouteHandler.handler_PreRenderComplete(Object sender, EventArgs e)
   at System.EventHandler.Invoke(Object sender, EventArgs e)
   at System.Web.UI.Page.OnPreRenderComplete(EventArgs e)
   at System.Web.UI.Page.ProcessRequestMain(Boolean includeStagesBeforeAsyncPoint, Boolean includeStagesAfterAsyncPoint)

Additional Info:

MachineName : WEB03
TimeStamp : 7/1/2013 11:34:09 AM
FullName : Telerik.Sitefinity.Utilities, Version=5.2.3700.0, Culture=neutral, PublicKeyToken=b28c218413bdf563
AppDomainName : /LM/W3SVC/124/ROOT-1-130171508684296875
ThreadIdentity : 
WindowsIdentity : SWBROADBAND\oldsugar
Requested URL : http://www.oldsugarmill.com/index/topbar/history


Category: ErrorLog

Priority: 0

EventId: 90000

Severity: Error

Title:Enterprise Library Exception Handling

Machine: WEB03

App Domain: /LM/W3SVC/124/ROOT-1-130171508684296875

ProcessId: 15812

Process Name: C:\Windows\SysWOW64\inetsrv\w3wp.exe

Thread Name: 

Win32 ThreadId:12464

Extended Properties: 
----------------------------------------
----------------------------------------
Timestamp: 7/1/2013 11:34:09 AM

Message: HandlingInstanceID: 451b3058-8411-4c51-900a-9c07c223323d
An exception of type 'System.Web.HttpException' occurred and was caught.
------------------------------------------------------------------------
07/01/2013 12:34:09
Type : System.Web.HttpException, System.Web, Version=4.0.0.0, Culture=neutral, PublicKeyToken=b03f5f7f11d50a3a
Message : Page not found
Source : Telerik.Sitefinity
Help link : 
WebEventCode : 0
ErrorCode : -2147467259
Data : System.Collections.ListDictionaryInternal
TargetSite : Void handler_PreRenderComplete(System.Object, System.EventArgs)
HResult : -2147467259
Stack Trace :    at Telerik.Sitefinity.Web.PageRouteHandler.handler_PreRenderComplete(Object sender, EventArgs e)
   at System.EventHandler.Invoke(Object sender, EventArgs e)
   at System.Web.UI.Page.OnPreRenderComplete(EventArgs e)
   at System.Web.UI.Page.ProcessRequestMain(Boolean includeStagesBeforeAsyncPoint, Boolean includeStagesAfterAsyncPoint)

Additional Info:

MachineName : WEB03
TimeStamp : 7/1/2013 11:34:09 AM
FullName : Telerik.Sitefinity.Utilities, Version=5.2.3700.0, Culture=neutral, PublicKeyToken=b28c218413bdf563
AppDomainName : /LM/W3SVC/124/ROOT-1-130171508684296875
ThreadIdentity : 
WindowsIdentity : SWBROADBAND\oldsugar
Requested URL : http://www.oldsugarmill.com/index/topbar/trade-media


Category: ErrorLog

Priority: 0

EventId: 90000

Severity: Error

Title:Enterprise Library Exception Handling

Machine: WEB03

App Domain: /LM/W3SVC/124/ROOT-1-130171508684296875

ProcessId: 15812

Process Name: C:\Windows\SysWOW64\inetsrv\w3wp.exe

Thread Name: 

Win32 ThreadId:7172

Extended Properties: 
----------------------------------------
----------------------------------------
Timestamp: 7/1/2013 11:34:09 AM

Message: HandlingInstanceID: 5edf7084-2e12-46df-8abf-fa5e83290bcd
An exception of type 'System.Web.HttpException' occurred and was caught.
------------------------------------------------------------------------
07/01/2013 12:34:09
Type : System.Web.HttpException, System.Web, Version=4.0.0.0, Culture=neutral, PublicKeyToken=b03f5f7f11d50a3a
Message : Page not found
Source : Telerik.Sitefinity
Help link : 
WebEventCode : 0
ErrorCode : -2147467259
Data : System.Collections.ListDictionaryInternal
TargetSite : Void handler_PreRenderComplete(System.Object, System.EventArgs)
HResult : -2147467259
Stack Trace :    at Telerik.Sitefinity.Web.PageRouteHandler.handler_PreRenderComplete(Object sender, EventArgs e)
   at System.EventHandler.Invoke(Object sender, EventArgs e)
   at System.Web.UI.Page.OnPreRenderComplete(EventArgs e)
   at System.Web.UI.Page.ProcessRequestMain(Boolean includeStagesBeforeAsyncPoint, Boolean includeStagesAfterAsyncPoint)

Additional Info:

MachineName : WEB03
TimeStamp : 7/1/2013 11:34:09 AM
FullName : Telerik.Sitefinity.Utilities, Version=5.2.3700.0, Culture=neutral, PublicKeyToken=b28c218413bdf563
AppDomainName : /LM/W3SVC/124/ROOT-1-130171508684296875
ThreadIdentity : 
WindowsIdentity : SWBROADBAND\oldsugar
Requested URL : http://www.oldsugarmill.com/index/topbar/wineinfo


Category: ErrorLog

Priority: 0

EventId: 90000

Severity: Error

Title:Enterprise Library Exception Handling

Machine: WEB03

App Domain: /LM/W3SVC/124/ROOT-1-130171508684296875

ProcessId: 15812

Process Name: C:\Windows\SysWOW64\inetsrv\w3wp.exe

Thread Name: 

Win32 ThreadId:10032

Extended Properties: 
----------------------------------------
----------------------------------------
Timestamp: 7/1/2013 11:34:10 AM

Message: HandlingInstanceID: 8ee8d75a-04b6-4ce8-8395-3e1e5d57033d
An exception of type 'System.Web.HttpException' occurred and was caught.
------------------------------------------------------------------------
07/01/2013 12:34:10
Type : System.Web.HttpException, System.Web, Version=4.0.0.0, Culture=neutral, PublicKeyToken=b03f5f7f11d50a3a
Message : Page not found
Source : Telerik.Sitefinity
Help link : 
WebEventCode : 0
ErrorCode : -2147467259
Data : System.Collections.ListDictionaryInternal
TargetSite : Void handler_PreRenderComplete(System.Object, System.EventArgs)
HResult : -2147467259
Stack Trace :    at Telerik.Sitefinity.Web.PageRouteHandler.handler_PreRenderComplete(Object sender, EventArgs e)
   at System.EventHandler.Invoke(Object sender, EventArgs e)
   at System.Web.UI.Page.OnPreRenderComplete(EventArgs e)
   at System.Web.UI.Page.ProcessRequestMain(Boolean includeStagesBeforeAsyncPoint, Boolean includeStagesAfterAsyncPoint)

Additional Info:

MachineName : WEB03
TimeStamp : 7/1/2013 11:34:10 AM
FullName : Telerik.Sitefinity.Utilities, Version=5.2.3700.0, Culture=neutral, PublicKeyToken=b28c218413bdf563
AppDomainName : /LM/W3SVC/124/ROOT-1-130171508684296875
ThreadIdentity : 
WindowsIdentity : SWBROADBAND\oldsugar
Requested URL : http://www.oldsugarmill.com/footbar/contact/contact


Category: ErrorLog

Priority: 0

EventId: 90000

Severity: Error

Title:Enterprise Library Exception Handling

Machine: WEB03

App Domain: /LM/W3SVC/124/ROOT-1-130171508684296875

ProcessId: 15812

Process Name: C:\Windows\SysWOW64\inetsrv\w3wp.exe

Thread Name: 

Win32 ThreadId:12464

Extended Properties: 
----------------------------------------
----------------------------------------
Timestamp: 7/1/2013 11:34:10 AM

Message: HandlingInstanceID: b5e3c08e-cf68-44db-abe5-d9d53b67ac13
An exception of type 'System.Web.HttpException' occurred and was caught.
------------------------------------------------------------------------
07/01/2013 12:34:10
Type : System.Web.HttpException, System.Web, Version=4.0.0.0, Culture=neutral, PublicKeyToken=b03f5f7f11d50a3a
Message : Page not found
Source : Telerik.Sitefinity
Help link : 
WebEventCode : 0
ErrorCode : -2147467259
Data : System.Collections.ListDictionaryInternal
TargetSite : Void handler_PreRenderComplete(System.Object, System.EventArgs)
HResult : -2147467259
Stack Trace :    at Telerik.Sitefinity.Web.PageRouteHandler.handler_PreRenderComplete(Object sender, EventArgs e)
   at System.EventHandler.Invoke(Object sender, EventArgs e)
   at System.Web.UI.Page.OnPreRenderComplete(EventArgs e)
   at System.Web.UI.Page.ProcessRequestMain(Boolean includeStagesBeforeAsyncPoint, Boolean includeStagesAfterAsyncPoint)

Additional Info:

MachineName : WEB03
TimeStamp : 7/1/2013 11:34:10 AM
FullName : Telerik.Sitefinity.Utilities, Version=5.2.3700.0, Culture=neutral, PublicKeyToken=b28c218413bdf563
AppDomainName : /LM/W3SVC/124/ROOT-1-130171508684296875
ThreadIdentity : 
WindowsIdentity : SWBROADBAND\oldsugar
Requested URL : http://www.oldsugarmill.com/footbar/contact/mailing-list


Category: ErrorLog

Priority: 0

EventId: 90000

Severity: Error

Title:Enterprise Library Exception Handling

Machine: WEB03

App Domain: /LM/W3SVC/124/ROOT-1-130171508684296875

ProcessId: 15812

Process Name: C:\Windows\SysWOW64\inetsrv\w3wp.exe

Thread Name: 

Win32 ThreadId:10032

Extended Properties: 
----------------------------------------
----------------------------------------
Timestamp: 7/1/2013 11:34:11 AM

Message: HandlingInstanceID: e9c1c2f1-98de-4b6b-986d-f59adcb305f0
An exception of type 'System.Web.HttpException' occurred and was caught.
------------------------------------------------------------------------
07/01/2013 12:34:11
Type : System.Web.HttpException, System.Web, Version=4.0.0.0, Culture=neutral, PublicKeyToken=b03f5f7f11d50a3a
Message : Page not found
Source : Telerik.Sitefinity
Help link : 
WebEventCode : 0
ErrorCode : -2147467259
Data : System.Collections.ListDictionaryInternal
TargetSite : Void handler_PreRenderComplete(System.Object, System.EventArgs)
HResult : -2147467259
Stack Trace :    at Telerik.Sitefinity.Web.PageRouteHandler.handler_PreRenderComplete(Object sender, EventArgs e)
   at System.EventHandler.Invoke(Object sender, EventArgs e)
   at System.Web.UI.Page.OnPreRenderComplete(EventArgs e)
   at System.Web.UI.Page.ProcessRequestMain(Boolean includeStagesBeforeAsyncPoint, Boolean includeStagesAfterAsyncPoint)

Additional Info:

MachineName : WEB03
TimeStamp : 7/1/2013 11:34:11 AM
FullName : Telerik.Sitefinity.Utilities, Version=5.2.3700.0, Culture=neutral, PublicKeyToken=b28c218413bdf563
AppDomainName : /LM/W3SVC/124/ROOT-1-130171508684296875
ThreadIdentity : 
WindowsIdentity : SWBROADBAND\oldsugar
Requested URL : http://www.oldsugarmill.com/footbar/mailing-list/contact


Category: ErrorLog

Priority: 0

EventId: 90000

Severity: Error

Title:Enterprise Library Exception Handling

Machine: WEB03

App Domain: /LM/W3SVC/124/ROOT-1-130171508684296875

ProcessId: 15812

Process Name: C:\Windows\SysWOW64\inetsrv\w3wp.exe

Thread Name: 

Win32 ThreadId:7172

Extended Properties: 
----------------------------------------
----------------------------------------
Timestamp: 7/1/2013 11:34:12 AM

Message: HandlingInstanceID: 74b3bbdd-cc7a-4c33-8a5e-8a8ae34d67d3
An exception of type 'System.Web.HttpException' occurred and was caught.
------------------------------------------------------------------------
07/01/2013 12:34:12
Type : System.Web.HttpException, System.Web, Version=4.0.0.0, Culture=neutral, PublicKeyToken=b03f5f7f11d50a3a
Message : Page not found
Source : Telerik.Sitefinity
Help link : 
WebEventCode : 0
ErrorCode : -2147467259
Data : System.Collections.ListDictionaryInternal
TargetSite : Void handler_PreRenderComplete(System.Object, System.EventArgs)
HResult : -2147467259
Stack Trace :    at Telerik.Sitefinity.Web.PageRouteHandler.handler_PreRenderComplete(Object sender, EventArgs e)
   at System.EventHandler.Invoke(Object sender, EventArgs e)
   at System.Web.UI.Page.OnPreRenderComplete(EventArgs e)
   at System.Web.UI.Page.ProcessRequestMain(Boolean includeStagesBeforeAsyncPoint, Boolean includeStagesAfterAsyncPoint)

Additional Info:

MachineName : WEB03
TimeStamp : 7/1/2013 11:34:12 AM
FullName : Telerik.Sitefinity.Utilities, Version=5.2.3700.0, Culture=neutral, PublicKeyToken=b28c218413bdf563
AppDomainName : /LM/W3SVC/124/ROOT-1-130171508684296875
ThreadIdentity : 
WindowsIdentity : SWBROADBAND\oldsugar
Requested URL : http://www.oldsugarmill.com/footbar/mailing-list/mailing-list


Category: ErrorLog

Priority: 0

EventId: 90000

Severity: Error

Title:Enterprise Library Exception Handling

Machine: WEB03

App Domain: /LM/W3SVC/124/ROOT-1-130171508684296875

ProcessId: 15812

Process Name: C:\Windows\SysWOW64\inetsrv\w3wp.exe

Thread Name: 

Win32 ThreadId:14364

Extended Properties: 
----------------------------------------
----------------------------------------
Timestamp: 7/1/2013 2:50:47 PM

Message: HandlingInstanceID: 4672e8a3-caf0-4a07-b4c0-fd3dbde0a658
An exception of type 'System.Web.HttpException' occurred and was caught.
------------------------------------------------------------------------
07/01/2013 15:50:47
Type : System.Web.HttpException, System.Web, Version=4.0.0.0, Culture=neutral, PublicKeyToken=b03f5f7f11d50a3a
Message : File not found.
Source : Telerik.Sitefinity
Help link : 
WebEventCode : 0
ErrorCode : -2147467259
Data : System.Collections.ListDictionaryInternal
TargetSite : IOutputItem GetOutputItem(System.Web.HttpRequest, System.Web.HttpResponse, Telerik.Microsoft.Practices.EnterpriseLibrary.Caching.ICacheManager, System.String, Telerik.Sitefinity.Libraries.Model.MediaContent ByRef)
HResult : -2147467259
Stack Trace :    at Telerik.Sitefinity.Modules.Libraries.Web.LibraryHttpHandler.GetOutputItem(HttpRequest request, HttpResponse response, ICacheManager cache, String key, MediaContent& content)
   at Telerik.Sitefinity.Modules.Libraries.Web.LibraryHttpHandler.ProcessRequest(HttpContext context)
   at System.Web.HttpApplication.CallHandlerExecutionStep.System.Web.HttpApplication.IExecutionStep.Execute()
   at System.Web.HttpApplication.ExecuteStep(IExecutionStep step, Boolean& completedSynchronously)

Additional Info:

MachineName : WEB03
TimeStamp : 7/1/2013 2:50:47 PM
FullName : Telerik.Sitefinity.Utilities, Version=5.2.3700.0, Culture=neutral, PublicKeyToken=b28c218413bdf563
AppDomainName : /LM/W3SVC/124/ROOT-1-130171607499716796
ThreadIdentity : 
WindowsIdentity : SWBROADBAND\oldsugar
Requested URL : http://www.oldsugarmill.com/images/temp_logo.jpg


Category: ErrorLog

Priority: 0

EventId: 90000

Severity: Error

Title:Enterprise Library Exception Handling

Machine: WEB03

App Domain: /LM/W3SVC/124/ROOT-1-130171607499716796

ProcessId: 15080

Process Name: C:\Windows\SysWOW64\inetsrv\w3wp.exe

Thread Name: 

Win32 ThreadId:5476

Extended Properties: 
----------------------------------------
----------------------------------------
Timestamp: 01/07/2013 17:51:58

Message: HandlingInstanceID: 1ef3dd72-2134-465c-9e70-c715b7300634
An exception of type 'System.Web.HttpException' occurred and was caught.
------------------------------------------------------------------------
07/01/2013 18:51:58
Type : System.Web.HttpException, System.Web, Version=4.0.0.0, Culture=neutral, PublicKeyToken=b03f5f7f11d50a3a
Message : A potentially dangerous Request.Path value was detected from the client (?).
Source : System.Web
Help link : 
WebEventCode : 0
ErrorCode : -2147467259
Data : System.Collections.ListDictionaryInternal
TargetSite : Void ValidateInputIfRequiredByConfig()
HResult : -2147467259
Stack Trace :    at System.Web.HttpRequest.ValidateInputIfRequiredByConfig()
   at System.Web.HttpApplication.PipelineStepManager.ValidateHelper(HttpContext context)

Additional Info:

MachineName : WEB03
TimeStamp : 01/07/2013 17:51:58
FullName : Telerik.Sitefinity.Utilities, Version=5.2.3700.0, Culture=neutral, PublicKeyToken=b28c218413bdf563
AppDomainName : /LM/W3SVC/124/ROOT-1-130171607499716796
ThreadIdentity : 
WindowsIdentity : SWBROADBAND\oldsugar
Requested URL : http://www.oldsugarmill.com/images/default-source/default-album/bikes-in-vineyard1.jpg?sfvrsn=0


Category: ErrorLog

Priority: 0

EventId: 90000

Severity: Error

Title:Enterprise Library Exception Handling

Machine: WEB03

App Domain: /LM/W3SVC/124/ROOT-1-130171607499716796

ProcessId: 15080

Process Name: C:\Windows\SysWOW64\inetsrv\w3wp.exe

Thread Name: 

Win32 ThreadId:14296

Extended Properties: 
----------------------------------------
----------------------------------------
Timestamp: 01/07/2013 19:03:49

Message: HandlingInstanceID: 47c889a6-ecb4-49f6-badf-f32005d42e3a
An exception of type 'System.Web.HttpException' occurred and was caught.
------------------------------------------------------------------------
07/01/2013 20:03:49
Type : System.Web.HttpException, System.Web, Version=4.0.0.0, Culture=neutral, PublicKeyToken=b03f5f7f11d50a3a
Message : 
Source : System.Web
Help link : 
WebEventCode : 0
ErrorCode : -2147467259
Data : System.Collections.ListDictionaryInternal
TargetSite : Void CheckSuspiciousPhysicalPath(System.String)
HResult : -2147467259
Stack Trace :    at System.Web.Util.FileUtil.CheckSuspiciousPhysicalPath(String physicalPath)
   at System.Web.CachedPathData.ValidatePath(String physicalPath)
   at System.Web.HttpContext.ValidatePath()
   at System.Web.HttpApplication.PipelineStepManager.ValidateHelper(HttpContext context)

Additional Info:

MachineName : WEB03
TimeStamp : 01/07/2013 19:03:49
FullName : Telerik.Sitefinity.Utilities, Version=5.2.3700.0, Culture=neutral, PublicKeyToken=b28c218413bdf563
AppDomainName : /LM/W3SVC/124/ROOT-1-130171607499716796
ThreadIdentity : 
WindowsIdentity : SWBROADBAND\oldsugar
Requested URL : http://www.oldsugarmill.com/


Category: ErrorLog

Priority: 0

EventId: 90000

Severity: Error

Title:Enterprise Library Exception Handling

Machine: WEB03

App Domain: /LM/W3SVC/124/ROOT-1-130171607499716796

ProcessId: 15080

Process Name: C:\Windows\SysWOW64\inetsrv\w3wp.exe

Thread Name: 

Win32 ThreadId:14604

Extended Properties: 
----------------------------------------
----------------------------------------
Timestamp: 7/1/2013 8:24:22 PM

Message: HandlingInstanceID: d8ec2e49-0bfe-4244-8bc3-67cc0525d3a6
An exception of type 'System.Web.HttpException' occurred and was caught.
------------------------------------------------------------------------
07/01/2013 21:24:22
Type : System.Web.HttpException, System.Web, Version=4.0.0.0, Culture=neutral, PublicKeyToken=b03f5f7f11d50a3a
Message : This is an invalid webresource request.
Source : System.Web
Help link : 
WebEventCode : 0
ErrorCode : -2147467259
Data : System.Collections.ListDictionaryInternal
TargetSite : Void System.Web.IHttpHandler.ProcessRequest(System.Web.HttpContext)
HResult : -2147467259
Stack Trace :    at System.Web.Handlers.AssemblyResourceLoader.System.Web.IHttpHandler.ProcessRequest(HttpContext context)
   at System.Web.HttpApplication.CallHandlerExecutionStep.System.Web.HttpApplication.IExecutionStep.Execute()
   at System.Web.HttpApplication.ExecuteStep(IExecutionStep step, Boolean& completedSynchronously)

Additional Info:

MachineName : WEB03
TimeStamp : 7/1/2013 8:24:22 PM
FullName : Telerik.Sitefinity.Utilities, Version=5.2.3700.0, Culture=neutral, PublicKeyToken=b28c218413bdf563
AppDomainName : /LM/W3SVC/124/ROOT-1-130171607499716796
ThreadIdentity : 
WindowsIdentity : SWBROADBAND\oldsugar
Requested URL : http://www.oldsugarmill.com/WebResource.axd?d=PIBf24nto6X9MYeyKwVQi-WmdCSzTZ73_PMU0BZ9LDUjPPCPwap48mlqV42DC_9OoIagy7eJKk7YCQImO-MP4MTX-EnrUJWmczA-O73R77OIJh1c6JhjdPJgCQBTOG1aFHjHfJuD2DR26pnCU4iWvV0IvGlMQJ6eS1QAEqrFwwQRjwp_nVo5qx2zmn2IZhwAqs8PpGCavz9ZlcrCqt4pjXtkoSpffGXw0EgmU8KSs7k1&t=634901608697490625


Category: ErrorLog

Priority: 0

EventId: 90000

Severity: Error

Title:Enterprise Library Exception Handling

Machine: WEB03

App Domain: /LM/W3SVC/124/ROOT-1-130171607499716796

ProcessId: 15080

Process Name: C:\Windows\SysWOW64\inetsrv\w3wp.exe

Thread Name: 

Win32 ThreadId:8588

Extended Properties: 
----------------------------------------
----------------------------------------
Timestamp: 7/1/2013 8:40:07 PM

Message: HandlingInstanceID: dde8ec78-c574-4155-bdf9-34349ad648ce
An exception of type 'System.Web.HttpException' occurred and was caught.
------------------------------------------------------------------------
07/01/2013 21:40:07
Type : System.Web.HttpException, System.Web, Version=4.0.0.0, Culture=neutral, PublicKeyToken=b03f5f7f11d50a3a
Message : File not found.
Source : Telerik.Sitefinity
Help link : 
WebEventCode : 0
ErrorCode : -2147467259
Data : System.Collections.ListDictionaryInternal
TargetSite : IOutputItem GetOutputItem(System.Web.HttpRequest, System.Web.HttpResponse, Telerik.Microsoft.Practices.EnterpriseLibrary.Caching.ICacheManager, System.String, Telerik.Sitefinity.Libraries.Model.MediaContent ByRef)
HResult : -2147467259
Stack Trace :    at Telerik.Sitefinity.Modules.Libraries.Web.LibraryHttpHandler.GetOutputItem(HttpRequest request, HttpResponse response, ICacheManager cache, String key, MediaContent& content)
   at Telerik.Sitefinity.Modules.Libraries.Web.LibraryHttpHandler.ProcessRequest(HttpContext context)
   at System.Web.HttpApplication.CallHandlerExecutionStep.System.Web.HttpApplication.IExecutionStep.Execute()
   at System.Web.HttpApplication.ExecuteStep(IExecutionStep step, Boolean& completedSynchronously)

Additional Info:

MachineName : WEB03
TimeStamp : 7/1/2013 8:40:07 PM
FullName : Telerik.Sitefinity.Utilities, Version=5.2.3700.0, Culture=neutral, PublicKeyToken=b28c218413bdf563
AppDomainName : /LM/W3SVC/124/ROOT-1-130171607499716796
ThreadIdentity : 
WindowsIdentity : SWBROADBAND\oldsugar
Requested URL : http://www.oldsugarmill.com/docs/default-source/default-document-library/osm-new-ownership.pdf?sfvrsn=0


Category: ErrorLog

Priority: 0

EventId: 90000

Severity: Error

Title:Enterprise Library Exception Handling

Machine: WEB03

App Domain: /LM/W3SVC/124/ROOT-1-130171607499716796

ProcessId: 15080

Process Name: C:\Windows\SysWOW64\inetsrv\w3wp.exe

Thread Name: 

Win32 ThreadId:16176

Extended Properties: 
----------------------------------------
----------------------------------------
Timestamp: 7/1/2013 8:55:45 PM

Message: HandlingInstanceID: 5ccdc49d-de91-4465-bc66-dee3e90786a3
An exception of type 'System.Web.HttpException' occurred and was caught.
------------------------------------------------------------------------
07/01/2013 21:55:45
Type : System.Web.HttpException, System.Web, Version=4.0.0.0, Culture=neutral, PublicKeyToken=b03f5f7f11d50a3a
Message : File not found.
Source : Telerik.Sitefinity
Help link : 
WebEventCode : 0
ErrorCode : -2147467259
Data : System.Collections.ListDictionaryInternal
TargetSite : IOutputItem GetOutputItem(System.Web.HttpRequest, System.Web.HttpResponse, Telerik.Microsoft.Practices.EnterpriseLibrary.Caching.ICacheManager, System.String, Telerik.Sitefinity.Libraries.Model.MediaContent ByRef)
HResult : -2147467259
Stack Trace :    at Telerik.Sitefinity.Modules.Libraries.Web.LibraryHttpHandler.GetOutputItem(HttpRequest request, HttpResponse response, ICacheManager cache, String key, MediaContent& content)
   at Telerik.Sitefinity.Modules.Libraries.Web.LibraryHttpHandler.ProcessRequest(HttpContext context)
   at System.Web.HttpApplication.CallHandlerExecutionStep.System.Web.HttpApplication.IExecutionStep.Execute()
   at System.Web.HttpApplication.ExecuteStep(IExecutionStep step, Boolean& completedSynchronously)

Additional Info:

MachineName : WEB03
TimeStamp : 7/1/2013 8:55:45 PM
FullName : Telerik.Sitefinity.Utilities, Version=5.2.3700.0, Culture=neutral, PublicKeyToken=b28c218413bdf563
AppDomainName : /LM/W3SVC/124/ROOT-1-130171607499716796
ThreadIdentity : 
WindowsIdentity : SWBROADBAND\oldsugar
Requested URL : http://www.oldsugarmill.com/images/bubble.png


Category: ErrorLog

Priority: 0

EventId: 90000

Severity: Error

Title:Enterprise Library Exception Handling

Machine: WEB03

App Domain: /LM/W3SVC/124/ROOT-1-130171607499716796

ProcessId: 15080

Process Name: C:\Windows\SysWOW64\inetsrv\w3wp.exe

Thread Name: 

Win32 ThreadId:3368

Extended Properties: 
----------------------------------------
----------------------------------------
Timestamp: 7/1/2013 8:59:52 PM

Message: HandlingInstanceID: 70c94ba8-853b-4581-b5f6-3c7ffebac693
An exception of type 'System.Web.HttpException' occurred and was caught.
------------------------------------------------------------------------
07/01/2013 21:59:52
Type : System.Web.HttpException, System.Web, Version=4.0.0.0, Culture=neutral, PublicKeyToken=b03f5f7f11d50a3a
Message : File not found.
Source : Telerik.Sitefinity
Help link : 
WebEventCode : 0
ErrorCode : -2147467259
Data : System.Collections.ListDictionaryInternal
TargetSite : IOutputItem GetOutputItem(System.Web.HttpRequest, System.Web.HttpResponse, Telerik.Microsoft.Practices.EnterpriseLibrary.Caching.ICacheManager, System.String, Telerik.Sitefinity.Libraries.Model.MediaContent ByRef)
HResult : -2147467259
Stack Trace :    at Telerik.Sitefinity.Modules.Libraries.Web.LibraryHttpHandler.GetOutputItem(HttpRequest request, HttpResponse response, ICacheManager cache, String key, MediaContent& content)
   at Telerik.Sitefinity.Modules.Libraries.Web.LibraryHttpHandler.ProcessRequest(HttpContext context)
   at System.Web.HttpApplication.CallHandlerExecutionStep.System.Web.HttpApplication.IExecutionStep.Execute()
   at System.Web.HttpApplication.ExecuteStep(IExecutionStep step, Boolean& completedSynchronously)

Additional Info:

MachineName : WEB03
TimeStamp : 7/1/2013 8:59:52 PM
FullName : Telerik.Sitefinity.Utilities, Version=5.2.3700.0, Culture=neutral, PublicKeyToken=b28c218413bdf563
AppDomainName : /LM/W3SVC/124/ROOT-1-130171607499716796
ThreadIdentity : 
WindowsIdentity : SWBROADBAND\oldsugar
Requested URL : http://www.oldsugarmill.com/images/bubble.png


Category: ErrorLog

Priority: 0

EventId: 90000

Severity: Error

Title:Enterprise Library Exception Handling

Machine: WEB03

App Domain: /LM/W3SVC/124/ROOT-1-130171607499716796

ProcessId: 15080

Process Name: C:\Windows\SysWOW64\inetsrv\w3wp.exe

Thread Name: 

Win32 ThreadId:7152

Extended Properties: 
----------------------------------------
----------------------------------------
Timestamp: 7/1/2013 10:40:33 PM

Message: HandlingInstanceID: 98a8072f-05a6-44da-8a51-9f5e5d314508
An exception of type 'System.Web.HttpException' occurred and was caught.
------------------------------------------------------------------------
07/01/2013 23:40:33
Type : System.Web.HttpException, System.Web, Version=4.0.0.0, Culture=neutral, PublicKeyToken=b03f5f7f11d50a3a
Message : File not found.
Source : Telerik.Sitefinity
Help link : 
WebEventCode : 0
ErrorCode : -2147467259
Data : System.Collections.ListDictionaryInternal
TargetSite : IOutputItem GetOutputItem(System.Web.HttpRequest, System.Web.HttpResponse, Telerik.Microsoft.Practices.EnterpriseLibrary.Caching.ICacheManager, System.String, Telerik.Sitefinity.Libraries.Model.MediaContent ByRef)
HResult : -2147467259
Stack Trace :    at Telerik.Sitefinity.Modules.Libraries.Web.LibraryHttpHandler.GetOutputItem(HttpRequest request, HttpResponse response, ICacheManager cache, String key, MediaContent& content)
   at Telerik.Sitefinity.Modules.Libraries.Web.LibraryHttpHandler.ProcessRequest(HttpContext context)
   at System.Web.HttpApplication.CallHandlerExecutionStep.System.Web.HttpApplication.IExecutionStep.Execute()
   at System.Web.HttpApplication.ExecuteStep(IExecutionStep step, Boolean& completedSynchronously)

Additional Info:

MachineName : WEB03
TimeStamp : 7/1/2013 10:40:33 PM
FullName : Telerik.Sitefinity.Utilities, Version=5.2.3700.0, Culture=neutral, PublicKeyToken=b28c218413bdf563
AppDomainName : /LM/W3SVC/124/ROOT-1-130171607499716796
ThreadIdentity : 
WindowsIdentity : SWBROADBAND\oldsugar
Requested URL : http://oldsugarmill.swbroadband.co.uk/docs/default-source/default-document-library/osm-new-ownership.pdf?sfvrsn=0


Category: ErrorLog

Priority: 0

EventId: 90000

Severity: Error

Title:Enterprise Library Exception Handling

Machine: WEB03

App Domain: /LM/W3SVC/124/ROOT-1-130171607499716796

ProcessId: 15080

Process Name: C:\Windows\SysWOW64\inetsrv\w3wp.exe

Thread Name: 

Win32 ThreadId:7152

Extended Properties: 
----------------------------------------
