----------------------------------------
Timestamp: 9/3/2015 2:27:11 AM

Message: HandlingInstanceID: 798179eb-5270-4dda-b419-11bade363773
An exception of type 'System.Runtime.InteropServices.COMException' occurred and was caught.
-------------------------------------------------------------------------------------------
09/03/2015 03:27:11
Type : System.Runtime.InteropServices.COMException, mscorlib, Version=4.0.0.0, Culture=neutral, PublicKeyToken=b77a5c561934e089
Message : The specified network name is no longer available. (Exception from HRESULT: 0x80070040)
Source : 
Help link : 
ErrorCode : -2147024832
Data : System.Collections.ListDictionaryInternal
TargetSite : 
HResult : -2147024832
Stack Trace : The stack trace is unavailable.
Additional Info:

MachineName : WINDOWS01
TimeStamp : 9/3/2015 2:27:11 AM
FullName : Telerik.Sitefinity.Utilities, Version=5.2.3700.0, Culture=neutral, PublicKeyToken=b28c218413bdf563
AppDomainName : /LM/W3SVC/76/ROOT-1-130857208171060865
ThreadIdentity : 
WindowsIdentity : WINDOWS01\IWPD_279(oldsugar)
Requested URL : http://oldsugarmill.com/images/default-source/default-album/entrance-2207661318-o---copy-(2).jpg?sfvrsn=0


Category: ErrorLog

Priority: 0

EventId: 90000

Severity: Error

Title:Enterprise Library Exception Handling

Machine: WINDOWS01

App Domain: /LM/W3SVC/76/ROOT-1-130857208171060865

ProcessId: 35528

Process Name: C:\Windows\SysWOW64\inetsrv\w3wp.exe

Thread Name: 

Win32 ThreadId:36440

Extended Properties: 
----------------------------------------
----------------------------------------
Timestamp: 03/09/2015 03:38:22

Message: HandlingInstanceID: e1045f5d-3021-4b48-8ef1-beeaa1bcad3b
An exception of type 'System.Web.HttpException' occurred and was caught.
------------------------------------------------------------------------
09/03/2015 04:38:22
Type : System.Web.HttpException, System.Web, Version=4.0.0.0, Culture=neutral, PublicKeyToken=b03f5f7f11d50a3a
Message : This is an invalid script resource request.
Source : System.Web.Extensions
Help link : 
WebEventCode : 0
ErrorCode : -2147467259
Data : System.Collections.ListDictionaryInternal
TargetSite : Void ProcessRequest(System.Web.HttpContextBase, VirtualFileReader, System.Action`2[System.String,System.Exception], Boolean)
HResult : -2147467259
Stack Trace :    at System.Web.Handlers.ScriptResourceHandler.ProcessRequest(HttpContextBase context, VirtualFileReader fileReader, Action`2 logAction, Boolean validatePath)
   at System.Web.Handlers.ScriptResourceHandler.ProcessRequest(HttpContext context)
   at System.Web.Handlers.ScriptResourceHandler.System.Web.IHttpHandler.ProcessRequest(HttpContext context)
   at System.Web.HttpApplication.CallHandlerExecutionStep.System.Web.HttpApplication.IExecutionStep.Execute()
   at System.Web.HttpApplication.ExecuteStep(IExecutionStep step, Boolean& completedSynchronously)

Additional Info:

MachineName : WINDOWS01
TimeStamp : 03/09/2015 03:38:22
FullName : Telerik.Sitefinity.Utilities, Version=5.2.3700.0, Culture=neutral, PublicKeyToken=b28c218413bdf563
AppDomainName : /LM/W3SVC/76/ROOT-1-130857234230025914
ThreadIdentity : 
WindowsIdentity : WINDOWS01\IWPD_279(oldsugar)
Requested URL : http://oldsugarmill.com/ScriptResource.axd?d=Pav8bn3ZzpNWMurwJH1FnfjZAkA6dGIR-kaTLxblofvDSAAithSd6lj3HewRueh1h09u4foE5I6m8lbY1JV9EBSqZqUTGXioN_Pa4tvKdsqH_fzt02WEbb3fz8RfoyCrlwU9xYo2V1XIPUVrUKL1ITT_PgDmS7IqvnRkrOBP4WMqp2UNCx-SQNEG85r3e1z1yfdVk78Q9NHaxd3h_1cjWA2&t=155533f4


Category: ErrorLog

Priority: 0

EventId: 90000

Severity: Error

Title:Enterprise Library Exception Handling

Machine: WINDOWS01

App Domain: /LM/W3SVC/76/ROOT-1-130857234230025914

ProcessId: 13088

Process Name: C:\Windows\SysWOW64\inetsrv\w3wp.exe

Thread Name: 

Win32 ThreadId:23260

Extended Properties: 
----------------------------------------
----------------------------------------
Timestamp: 03/09/2015 03:38:23

Message: HandlingInstanceID: 6601b9c8-6fe1-4c4f-b0db-224dc55b029a
An exception of type 'System.Web.HttpException' occurred and was caught.
------------------------------------------------------------------------
09/03/2015 04:38:23
Type : System.Web.HttpException, System.Web, Version=4.0.0.0, Culture=neutral, PublicKeyToken=b03f5f7f11d50a3a
Message : This is an invalid script resource request.
Source : System.Web.Extensions
Help link : 
WebEventCode : 0
ErrorCode : -2147467259
Data : System.Collections.ListDictionaryInternal
TargetSite : Void ProcessRequest(System.Web.HttpContextBase, VirtualFileReader, System.Action`2[System.String,System.Exception], Boolean)
HResult : -2147467259
Stack Trace :    at System.Web.Handlers.ScriptResourceHandler.ProcessRequest(HttpContextBase context, VirtualFileReader fileReader, Action`2 logAction, Boolean validatePath)
   at System.Web.Handlers.ScriptResourceHandler.ProcessRequest(HttpContext context)
   at System.Web.Handlers.ScriptResourceHandler.System.Web.IHttpHandler.ProcessRequest(HttpContext context)
   at System.Web.HttpApplication.CallHandlerExecutionStep.System.Web.HttpApplication.IExecutionStep.Execute()
   at System.Web.HttpApplication.ExecuteStep(IExecutionStep step, Boolean& completedSynchronously)

Additional Info:

MachineName : WINDOWS01
TimeStamp : 03/09/2015 03:38:23
FullName : Telerik.Sitefinity.Utilities, Version=5.2.3700.0, Culture=neutral, PublicKeyToken=b28c218413bdf563
AppDomainName : /LM/W3SVC/76/ROOT-1-130857234230025914
ThreadIdentity : 
WindowsIdentity : WINDOWS01\IWPD_279(oldsugar)
Requested URL : http://oldsugarmill.com/ScriptResource.axd?d=aCTQiHm3cRd-ph0eZFpaIfhlph5mjekvlzGGXUQQtdOo121wPSB6A1Hv8KJwKQ3JrWRFEYZk290ntRfhzS2oGfwTbLtsF_0FJXjjH_7VFnRQGghCInpYv5fPPnE3CJ4rhU6gpn8nS5fIKIFKu2o_N7MaHtNgJN_SpKRa9Em_JACh5s4EaB_kzaPguRhgH6BG0&t=155533f4


Category: ErrorLog

Priority: 0

EventId: 90000

Severity: Error

Title:Enterprise Library Exception Handling

Machine: WINDOWS01

App Domain: /LM/W3SVC/76/ROOT-1-130857234230025914

ProcessId: 13088

Process Name: C:\Windows\SysWOW64\inetsrv\w3wp.exe

Thread Name: 

Win32 ThreadId:39180

Extended Properties: 
----------------------------------------
----------------------------------------
Timestamp: 03/09/2015 08:23:44

Message: HandlingInstanceID: 235899b6-fbfd-42ff-8b59-98d2854292f1
An exception of type 'System.Web.HttpException' occurred and was caught.
------------------------------------------------------------------------
09/03/2015 09:23:44
Type : System.Web.HttpException, System.Web, Version=4.0.0.0, Culture=neutral, PublicKeyToken=b03f5f7f11d50a3a
Message : This is an invalid script resource request.
Source : System.Web.Extensions
Help link : 
WebEventCode : 0
ErrorCode : -2147467259
Data : System.Collections.ListDictionaryInternal
TargetSite : Void ProcessRequest(System.Web.HttpContextBase, VirtualFileReader, System.Action`2[System.String,System.Exception], Boolean)
HResult : -2147467259
Stack Trace :    at System.Web.Handlers.ScriptResourceHandler.ProcessRequest(HttpContextBase context, VirtualFileReader fileReader, Action`2 logAction, Boolean validatePath)
   at System.Web.Handlers.ScriptResourceHandler.ProcessRequest(HttpContext context)
   at System.Web.Handlers.ScriptResourceHandler.System.Web.IHttpHandler.ProcessRequest(HttpContext context)
   at System.Web.HttpApplication.CallHandlerExecutionStep.System.Web.HttpApplication.IExecutionStep.Execute()
   at System.Web.HttpApplication.ExecuteStep(IExecutionStep step, Boolean& completedSynchronously)

Additional Info:

MachineName : WINDOWS01
TimeStamp : 03/09/2015 08:23:44
FullName : Telerik.Sitefinity.Utilities, Version=5.2.3700.0, Culture=neutral, PublicKeyToken=b28c218413bdf563
AppDomainName : /LM/W3SVC/76/ROOT-1-130857419932232746
ThreadIdentity : 
WindowsIdentity : WINDOWS01\IWPD_279(oldsugar)
Requested URL : http://oldsugarmill.swbroadband.co.uk/ScriptResource.axd?d=omwZjTPpKwefm_QJ59kHGilm0kBjA4k6O9BgBOrDCdCm_IkiFjWe4KGwZvkz0DsAOua4SzjASnnWhyGMvjuDu8QhCU_mIR__Z8_TLb9piKZAX6wmsVhvimpdbZUgGdkvqMT5TZ30vm8ANyQegUsNcDQmOI5Qw2yGlhvUfvzQwenz6VstASs4Ie3LKneo7BH90&t=155533f4


Category: ErrorLog

Priority: 0

EventId: 90000

Severity: Error

Title:Enterprise Library Exception Handling

Machine: WINDOWS01

App Domain: /LM/W3SVC/76/ROOT-1-130857419932232746

ProcessId: 7332

Process Name: C:\Windows\SysWOW64\inetsrv\w3wp.exe

Thread Name: 

Win32 ThreadId:17564

Extended Properties: 
----------------------------------------
----------------------------------------
Timestamp: 03/09/2015 08:23:45

Message: HandlingInstanceID: 570c19f9-8d55-4dd3-bb66-d66a383ce121
An exception of type 'System.Web.HttpException' occurred and was caught.
------------------------------------------------------------------------
09/03/2015 09:23:45
Type : System.Web.HttpException, System.Web, Version=4.0.0.0, Culture=neutral, PublicKeyToken=b03f5f7f11d50a3a
Message : This is an invalid script resource request.
Source : System.Web.Extensions
Help link : 
WebEventCode : 0
ErrorCode : -2147467259
Data : System.Collections.ListDictionaryInternal
TargetSite : Void ProcessRequest(System.Web.HttpContextBase, VirtualFileReader, System.Action`2[System.String,System.Exception], Boolean)
HResult : -2147467259
Stack Trace :    at System.Web.Handlers.ScriptResourceHandler.ProcessRequest(HttpContextBase context, VirtualFileReader fileReader, Action`2 logAction, Boolean validatePath)
   at System.Web.Handlers.ScriptResourceHandler.ProcessRequest(HttpContext context)
   at System.Web.Handlers.ScriptResourceHandler.System.Web.IHttpHandler.ProcessRequest(HttpContext context)
   at System.Web.HttpApplication.CallHandlerExecutionStep.System.Web.HttpApplication.IExecutionStep.Execute()
   at System.Web.HttpApplication.ExecuteStep(IExecutionStep step, Boolean& completedSynchronously)

Additional Info:

MachineName : WINDOWS01
TimeStamp : 03/09/2015 08:23:45
FullName : Telerik.Sitefinity.Utilities, Version=5.2.3700.0, Culture=neutral, PublicKeyToken=b28c218413bdf563
AppDomainName : /LM/W3SVC/76/ROOT-1-130857419932232746
ThreadIdentity : 
WindowsIdentity : WINDOWS01\IWPD_279(oldsugar)
Requested URL : http://oldsugarmill.swbroadband.co.uk/ScriptResource.axd?d=vd5VJaavJVk0ypXNoRWmWqxNVH97buIHiPHgAzXGrZ8W0hTEF9Dtn4NV3sEGmr4_Fu7SYGbty3Hh51dXGIOfvCEWgizgearqKIFRV7ZDeXEdDps3YKibu_7eOekNi6jGLXa-FIqHlGQZU3KduSCarYON2WuJFgksyMmShxT9FoeVEgjPTUTb4iMJRJ8uJV9Qd1p1ciTFvApVd4zZvJhGRA2&t=155533f4


Category: ErrorLog

Priority: 0

EventId: 90000

Severity: Error

Title:Enterprise Library Exception Handling

Machine: WINDOWS01

App Domain: /LM/W3SVC/76/ROOT-1-130857419932232746

ProcessId: 7332

Process Name: C:\Windows\SysWOW64\inetsrv\w3wp.exe

Thread Name: 

Win32 ThreadId:36508

Extended Properties: 
----------------------------------------
----------------------------------------
Timestamp: 03/09/2015 08:23:45

Message: HandlingInstanceID: 4304de2a-99fd-4d57-b032-dd5c037216a8
An exception of type 'System.Web.HttpException' occurred and was caught.
------------------------------------------------------------------------
09/03/2015 09:23:45
Type : System.Web.HttpException, System.Web, Version=4.0.0.0, Culture=neutral, PublicKeyToken=b03f5f7f11d50a3a
Message : This is an invalid webresource request.
Source : System.Web
Help link : 
WebEventCode : 0
ErrorCode : -2147467259
Data : System.Collections.ListDictionaryInternal
TargetSite : Void System.Web.IHttpHandler.ProcessRequest(System.Web.HttpContext)
HResult : -2147467259
Stack Trace :    at System.Web.Handlers.AssemblyResourceLoader.System.Web.IHttpHandler.ProcessRequest(HttpContext context)
   at System.Web.HttpApplication.CallHandlerExecutionStep.System.Web.HttpApplication.IExecutionStep.Execute()
   at System.Web.HttpApplication.ExecuteStep(IExecutionStep step, Boolean& completedSynchronously)

Additional Info:

MachineName : WINDOWS01
TimeStamp : 03/09/2015 08:23:45
FullName : Telerik.Sitefinity.Utilities, Version=5.2.3700.0, Culture=neutral, PublicKeyToken=b28c218413bdf563
AppDomainName : /LM/W3SVC/76/ROOT-1-130857419932232746
ThreadIdentity : 
WindowsIdentity : WINDOWS01\IWPD_279(oldsugar)
Requested URL : http://oldsugarmill.swbroadband.co.uk/WebResource.axd?d=K3h_joI6pOatGqVr8MZU9GJWsODmzmAcWK2vcyLmWGM4ZfnK9lpL5sJKK6wOzsy4_uA-aKj5SY2bLKQ3La87b3n7WmmBH6ficcfuitXXOcI1&t=635588618558757176


Category: ErrorLog

Priority: 0

EventId: 90000

Severity: Error

Title:Enterprise Library Exception Handling

Machine: WINDOWS01

App Domain: /LM/W3SVC/76/ROOT-1-130857419932232746

ProcessId: 7332

Process Name: C:\Windows\SysWOW64\inetsrv\w3wp.exe

Thread Name: 

Win32 ThreadId:14260

Extended Properties: 
----------------------------------------
----------------------------------------
Timestamp: 03/09/2015 09:29:16

Message: HandlingInstanceID: 1ff1281b-bed2-4fa0-8ba8-627350a94549
An exception of type 'System.Web.HttpException' occurred and was caught.
------------------------------------------------------------------------
09/03/2015 10:29:15
Type : System.Web.HttpException, System.Web, Version=4.0.0.0, Culture=neutral, PublicKeyToken=b03f5f7f11d50a3a
Message : A potentially dangerous Request.Path value was detected from the client (?).
Source : System.Web
Help link : 
WebEventCode : 0
ErrorCode : -2147467259
Data : System.Collections.ListDictionaryInternal
TargetSite : Void ValidateInputIfRequiredByConfig()
HResult : -2147467259
Stack Trace :    at System.Web.HttpRequest.ValidateInputIfRequiredByConfig()
   at System.Web.HttpApplication.PipelineStepManager.ValidateHelper(HttpContext context)

Additional Info:

MachineName : WINDOWS01
TimeStamp : 03/09/2015 09:29:16
FullName : Telerik.Sitefinity.Utilities, Version=5.2.3700.0, Culture=neutral, PublicKeyToken=b28c218413bdf563
AppDomainName : /LM/W3SVC/76/ROOT-1-130857461061991248
ThreadIdentity : 
WindowsIdentity : WINDOWS01\IWPD_279(oldsugar)
Requested URL : http://oldsugarmill.swbroadband.co.uk/images/default-source/default-album/designated-smoking-area.jpg%3Fsfvrsn=0


Category: ErrorLog

Priority: 0

EventId: 90000

Severity: Error

Title:Enterprise Library Exception Handling

Machine: WINDOWS01

App Domain: /LM/W3SVC/76/ROOT-1-130857461061991248

ProcessId: 42176

Process Name: C:\Windows\SysWOW64\inetsrv\w3wp.exe

Thread Name: 

Win32 ThreadId:6720

Extended Properties: 
----------------------------------------
----------------------------------------
Timestamp: 03/09/2015 09:29:16

Message: HandlingInstanceID: 95207b34-7192-4bc3-8591-399292fe59f6
An exception of type 'System.Web.HttpException' occurred and was caught.
------------------------------------------------------------------------
09/03/2015 10:29:16
Type : System.Web.HttpException, System.Web, Version=4.0.0.0, Culture=neutral, PublicKeyToken=b03f5f7f11d50a3a
Message : A potentially dangerous Request.Path value was detected from the client (?).
Source : System.Web
Help link : 
WebEventCode : 0
ErrorCode : -2147467259
Data : System.Collections.ListDictionaryInternal
TargetSite : Void ValidateInputIfRequiredByConfig()
HResult : -2147467259
Stack Trace :    at System.Web.HttpRequest.ValidateInputIfRequiredByConfig()
   at System.Web.HttpApplication.PipelineStepManager.ValidateHelper(HttpContext context)

Additional Info:

MachineName : WINDOWS01
TimeStamp : 03/09/2015 09:29:16
FullName : Telerik.Sitefinity.Utilities, Version=5.2.3700.0, Culture=neutral, PublicKeyToken=b28c218413bdf563
AppDomainName : /LM/W3SVC/76/ROOT-1-130857461061991248
ThreadIdentity : 
WindowsIdentity : WINDOWS01\IWPD_279(oldsugar)
Requested URL : http://oldsugarmill.swbroadband.co.uk/images/default-source/default-album/barrels1.jpg%3Fsfvrsn=0


Category: ErrorLog

Priority: 0

EventId: 90000

Severity: Error

Title:Enterprise Library Exception Handling

Machine: WINDOWS01

App Domain: /LM/W3SVC/76/ROOT-1-130857461061991248

ProcessId: 42176

Process Name: C:\Windows\SysWOW64\inetsrv\w3wp.exe

Thread Name: 

Win32 ThreadId:9120

Extended Properties: 
----------------------------------------
----------------------------------------
Timestamp: 9/3/2015 11:42:47 AM

Message: HandlingInstanceID: e695d7f1-acdb-4f6d-ac2a-7c4cf89aa76d
An exception of type 'System.Runtime.InteropServices.COMException' occurred and was caught.
-------------------------------------------------------------------------------------------
09/03/2015 12:42:47
Type : System.Runtime.InteropServices.COMException, mscorlib, Version=4.0.0.0, Culture=neutral, PublicKeyToken=b77a5c561934e089
Message : The semaphore timeout period has expired. (Exception from HRESULT: 0x80070079)
Source : 
Help link : 
ErrorCode : -2147024775
Data : System.Collections.ListDictionaryInternal
TargetSite : 
HResult : -2147024775
Stack Trace : The stack trace is unavailable.
Additional Info:

MachineName : WINDOWS01
TimeStamp : 9/3/2015 11:42:47 AM
FullName : Telerik.Sitefinity.Utilities, Version=5.2.3700.0, Culture=neutral, PublicKeyToken=b28c218413bdf563
AppDomainName : /LM/W3SVC/76/ROOT-1-130857538202125123
ThreadIdentity : 
WindowsIdentity : WINDOWS01\IWPD_279(oldsugar)
Requested URL : http://oldsugarmill.com/images/default-source/default-album/artwalk-banner.jpg?sfvrsn=0


Category: ErrorLog

Priority: 0

EventId: 90000

Severity: Error

Title:Enterprise Library Exception Handling

Machine: WINDOWS01

App Domain: /LM/W3SVC/76/ROOT-1-130857538202125123

ProcessId: 41656

Process Name: C:\Windows\SysWOW64\inetsrv\w3wp.exe

Thread Name: 

Win32 ThreadId:3504

Extended Properties: 
----------------------------------------
----------------------------------------
Timestamp: 03/09/2015 12:26:41

Message: HandlingInstanceID: cb5b6f9c-9c8f-437f-8a4f-46f2014bd09b
An exception of type 'System.Web.HttpException' occurred and was caught.
------------------------------------------------------------------------
09/03/2015 13:26:41
Type : System.Web.HttpException, System.Web, Version=4.0.0.0, Culture=neutral, PublicKeyToken=b03f5f7f11d50a3a
Message : This is an invalid webresource request.
Source : System.Web
Help link : 
WebEventCode : 0
ErrorCode : -2147467259
Data : System.Collections.ListDictionaryInternal
TargetSite : Void System.Web.IHttpHandler.ProcessRequest(System.Web.HttpContext)
HResult : -2147467259
Stack Trace :    at System.Web.Handlers.AssemblyResourceLoader.System.Web.IHttpHandler.ProcessRequest(HttpContext context)
   at System.Web.HttpApplication.CallHandlerExecutionStep.System.Web.HttpApplication.IExecutionStep.Execute()
   at System.Web.HttpApplication.ExecuteStep(IExecutionStep step, Boolean& completedSynchronously)

Additional Info:

MachineName : WINDOWS01
TimeStamp : 03/09/2015 12:26:41
FullName : Telerik.Sitefinity.Utilities, Version=5.2.3700.0, Culture=neutral, PublicKeyToken=b28c218413bdf563
AppDomainName : /LM/W3SVC/76/ROOT-1-130857567879039569
ThreadIdentity : 
WindowsIdentity : WINDOWS01\IWPD_279(oldsugar)
Requested URL : http://oldsugarmill.swbroadband.co.uk/WebResource.axd?d=OhnNDxL3ps8X7BsxulycfdgqH7F5xY9vR9nOCoTUdEQsKBfjl7GXjUVL96IQrUF_vAL5MB9MP0hAya1SiDe1q85-7O6E7JGtcQn6lgmDVqg1&t=635588618558757176


Category: ErrorLog

Priority: 0

EventId: 90000

Severity: Error

Title:Enterprise Library Exception Handling

Machine: WINDOWS01

App Domain: /LM/W3SVC/76/ROOT-1-130857567879039569

ProcessId: 40132

Process Name: C:\Windows\SysWOW64\inetsrv\w3wp.exe

Thread Name: 

Win32 ThreadId:36756

Extended Properties: 
----------------------------------------
----------------------------------------
Timestamp: 03/09/2015 12:26:41

Message: HandlingInstanceID: 11bcc212-9dff-4b8f-97db-23cb1c6435cc
An exception of type 'System.Web.HttpException' occurred and was caught.
------------------------------------------------------------------------
09/03/2015 13:26:41
Type : System.Web.HttpException, System.Web, Version=4.0.0.0, Culture=neutral, PublicKeyToken=b03f5f7f11d50a3a
Message : This is an invalid script resource request.
Source : System.Web.Extensions
Help link : 
WebEventCode : 0
ErrorCode : -2147467259
Data : System.Collections.ListDictionaryInternal
TargetSite : Void ProcessRequest(System.Web.HttpContextBase, VirtualFileReader, System.Action`2[System.String,System.Exception], Boolean)
HResult : -2147467259
Stack Trace :    at System.Web.Handlers.ScriptResourceHandler.ProcessRequest(HttpContextBase context, VirtualFileReader fileReader, Action`2 logAction, Boolean validatePath)
   at System.Web.Handlers.ScriptResourceHandler.ProcessRequest(HttpContext context)
   at System.Web.Handlers.ScriptResourceHandler.System.Web.IHttpHandler.ProcessRequest(HttpContext context)
   at System.Web.HttpApplication.CallHandlerExecutionStep.System.Web.HttpApplication.IExecutionStep.Execute()
   at System.Web.HttpApplication.ExecuteStep(IExecutionStep step, Boolean& completedSynchronously)

Additional Info:

MachineName : WINDOWS01
TimeStamp : 03/09/2015 12:26:41
FullName : Telerik.Sitefinity.Utilities, Version=5.2.3700.0, Culture=neutral, PublicKeyToken=b28c218413bdf563
AppDomainName : /LM/W3SVC/76/ROOT-1-130857567879039569
ThreadIdentity : 
WindowsIdentity : WINDOWS01\IWPD_279(oldsugar)
Requested URL : http://oldsugarmill.swbroadband.co.uk/ScriptResource.axd?d=6mEov-YK-QV269wvPL7idBgUXz1qhqUa9kfoEwO7C0Lpq-MCGp6N4Wkk2dThslVdviGcmgxDVCgx6uXXKhGwnZDAnEt-cIQPtP1kRqMLGuZoy8KM1CMocTv4lHYzkeS7dXlHzOK_L8VbTLVmeT7-MF7lKuYkC8lan_cx2FpnQ9s8StLFLzfy6Ksp_BEBYpsD6X0K9M7Q7lsspBnsW0OCQw2&t=155533f4


Category: ErrorLog

Priority: 0

EventId: 90000

Severity: Error

Title:Enterprise Library Exception Handling

Machine: WINDOWS01

App Domain: /LM/W3SVC/76/ROOT-1-130857567879039569

ProcessId: 40132

Process Name: C:\Windows\SysWOW64\inetsrv\w3wp.exe

Thread Name: 

Win32 ThreadId:36988

Extended Properties: 
----------------------------------------
----------------------------------------
Timestamp: 03/09/2015 12:26:44

Message: HandlingInstanceID: faf5ac84-f5bf-459e-9d82-108699ab98bb
An exception of type 'System.Web.HttpException' occurred and was caught.
------------------------------------------------------------------------
09/03/2015 13:26:44
Type : System.Web.HttpException, System.Web, Version=4.0.0.0, Culture=neutral, PublicKeyToken=b03f5f7f11d50a3a
Message : This is an invalid script resource request.
Source : System.Web.Extensions
Help link : 
WebEventCode : 0
ErrorCode : -2147467259
Data : System.Collections.ListDictionaryInternal
TargetSite : Void ProcessRequest(System.Web.HttpContextBase, VirtualFileReader, System.Action`2[System.String,System.Exception], Boolean)
HResult : -2147467259
Stack Trace :    at System.Web.Handlers.ScriptResourceHandler.ProcessRequest(HttpContextBase context, VirtualFileReader fileReader, Action`2 logAction, Boolean validatePath)
   at System.Web.Handlers.ScriptResourceHandler.ProcessRequest(HttpContext context)
   at System.Web.Handlers.ScriptResourceHandler.System.Web.IHttpHandler.ProcessRequest(HttpContext context)
   at System.Web.HttpApplication.CallHandlerExecutionStep.System.Web.HttpApplication.IExecutionStep.Execute()
   at System.Web.HttpApplication.ExecuteStep(IExecutionStep step, Boolean& completedSynchronously)

Additional Info:

MachineName : WINDOWS01
TimeStamp : 03/09/2015 12:26:44
FullName : Telerik.Sitefinity.Utilities, Version=5.2.3700.0, Culture=neutral, PublicKeyToken=b28c218413bdf563
AppDomainName : /LM/W3SVC/76/ROOT-1-130857567879039569
ThreadIdentity : 
WindowsIdentity : WINDOWS01\IWPD_279(oldsugar)
Requested URL : http://oldsugarmill.swbroadband.co.uk/ScriptResource.axd?d=WqOcZqtsbodqb3e5d0FeF0UmOiroP-8n89OxMY-SSkgfiAvuGzUslcf0vHDDr2xuEHUHDdbTeUL3RXTwo8S26Ag2GFQOXrZj7bHR1KZtAv76t29mAVnRfpEwUn17NFhcDJJAp4qdqbmWAgr1BXaFYS7qKrmd-HpdRawmJwzcNHcnrP51i49soe_KLQ1ryxum0&t=155533f4


Category: ErrorLog

Priority: 0

EventId: 90000

Severity: Error

Title:Enterprise Library Exception Handling

Machine: WINDOWS01

App Domain: /LM/W3SVC/76/ROOT-1-130857567879039569

ProcessId: 40132

Process Name: C:\Windows\SysWOW64\inetsrv\w3wp.exe

Thread Name: 

Win32 ThreadId:36988

Extended Properties: 
----------------------------------------
----------------------------------------
Timestamp: 03/09/2015 12:33:24

Message: HandlingInstanceID: bed32adc-8004-47c0-bec0-1303122b843a
An exception of type 'System.Web.HttpException' occurred and was caught.
------------------------------------------------------------------------
09/03/2015 13:33:24
Type : System.Web.HttpException, System.Web, Version=4.0.0.0, Culture=neutral, PublicKeyToken=b03f5f7f11d50a3a
Message : This is an invalid script resource request.
Source : System.Web.Extensions
Help link : 
WebEventCode : 0
ErrorCode : -2147467259
Data : System.Collections.ListDictionaryInternal
TargetSite : Void ProcessRequest(System.Web.HttpContextBase, VirtualFileReader, System.Action`2[System.String,System.Exception], Boolean)
HResult : -2147467259
Stack Trace :    at System.Web.Handlers.ScriptResourceHandler.ProcessRequest(HttpContextBase context, VirtualFileReader fileReader, Action`2 logAction, Boolean validatePath)
   at System.Web.Handlers.ScriptResourceHandler.ProcessRequest(HttpContext context)
   at System.Web.Handlers.ScriptResourceHandler.System.Web.IHttpHandler.ProcessRequest(HttpContext context)
   at System.Web.HttpApplication.CallHandlerExecutionStep.System.Web.HttpApplication.IExecutionStep.Execute()
   at System.Web.HttpApplication.ExecuteStep(IExecutionStep step, Boolean& completedSynchronously)

Additional Info:

MachineName : WINDOWS01
TimeStamp : 03/09/2015 12:33:24
FullName : Telerik.Sitefinity.Utilities, Version=5.2.3700.0, Culture=neutral, PublicKeyToken=b28c218413bdf563
AppDomainName : /LM/W3SVC/76/ROOT-1-130857567879039569
ThreadIdentity : 
WindowsIdentity : WINDOWS01\IWPD_279(oldsugar)
Requested URL : http://oldsugarmill.swbroadband.co.uk/ScriptResource.axd?d=TNxZNUuHI27Nr7NwdkZNTIdz0aHzXkmo3ref-WNFBQrdl4P9UlYKUXYR7sJd0kNAVaOUZYYBu0zWlmC7-hOWW63T3QYrb5aBd9999iKzt1KraTNvIDqBLDOvVrUSGr3fJkhmILuwzshO8dGIAku80vgOZRatzWH9QXOiFlgKZb3nEATMJ0VNpr8gPRu70a3sqLjSjy-A-tv5ymmFSLM__w2&t=155533f4


Category: ErrorLog

Priority: 0

EventId: 90000

Severity: Error

Title:Enterprise Library Exception Handling

Machine: WINDOWS01

App Domain: /LM/W3SVC/76/ROOT-1-130857567879039569

ProcessId: 40132

Process Name: C:\Windows\SysWOW64\inetsrv\w3wp.exe

Thread Name: 

Win32 ThreadId:32932

Extended Properties: 
----------------------------------------
----------------------------------------
Timestamp: 03/09/2015 12:33:25

Message: HandlingInstanceID: a58b49f6-5bbb-4c11-814e-658f40a37291
An exception of type 'System.Web.HttpException' occurred and was caught.
------------------------------------------------------------------------
09/03/2015 13:33:25
Type : System.Web.HttpException, System.Web, Version=4.0.0.0, Culture=neutral, PublicKeyToken=b03f5f7f11d50a3a
Message : This is an invalid script resource request.
Source : System.Web.Extensions
Help link : 
WebEventCode : 0
ErrorCode : -2147467259
Data : System.Collections.ListDictionaryInternal
TargetSite : Void ProcessRequest(System.Web.HttpContextBase, VirtualFileReader, System.Action`2[System.String,System.Exception], Boolean)
HResult : -2147467259
Stack Trace :    at System.Web.Handlers.ScriptResourceHandler.ProcessRequest(HttpContextBase context, VirtualFileReader fileReader, Action`2 logAction, Boolean validatePath)
   at System.Web.Handlers.ScriptResourceHandler.ProcessRequest(HttpContext context)
   at System.Web.Handlers.ScriptResourceHandler.System.Web.IHttpHandler.ProcessRequest(HttpContext context)
   at System.Web.HttpApplication.CallHandlerExecutionStep.System.Web.HttpApplication.IExecutionStep.Execute()
   at System.Web.HttpApplication.ExecuteStep(IExecutionStep step, Boolean& completedSynchronously)

Additional Info:

MachineName : WINDOWS01
TimeStamp : 03/09/2015 12:33:25
FullName : Telerik.Sitefinity.Utilities, Version=5.2.3700.0, Culture=neutral, PublicKeyToken=b28c218413bdf563
AppDomainName : /LM/W3SVC/76/ROOT-1-130857567879039569
ThreadIdentity : 
WindowsIdentity : WINDOWS01\IWPD_279(oldsugar)
Requested URL : http://oldsugarmill.swbroadband.co.uk/ScriptResource.axd?d=zwjoVIZ0jcsB0L5K79upwHqAUFl2iRIJMBfi3BOpl6Pgl6GSLzEncscH2DtBw1e6bqxOc-Tnp2ONJXIzR98JEY-4GfxWLUpObrMHy-9AwBiribn2NsBShI0kMb1dB17kDGgQNAJAS1OZBpgXbWE0YebVusTbuZ2_e098eH1-xHFXvaYHyblXuKyJiYx6bWZX0&t=155533f4


Category: ErrorLog

Priority: 0

EventId: 90000

Severity: Error

Title:Enterprise Library Exception Handling

Machine: WINDOWS01

App Domain: /LM/W3SVC/76/ROOT-1-130857567879039569

ProcessId: 40132

Process Name: C:\Windows\SysWOW64\inetsrv\w3wp.exe

Thread Name: 

Win32 ThreadId:21876

Extended Properties: 
----------------------------------------
----------------------------------------
Timestamp: 03/09/2015 12:33:28

Message: HandlingInstanceID: dd91dd8e-e22e-435e-9d7c-9dca62df5847
An exception of type 'System.Web.HttpException' occurred and was caught.
------------------------------------------------------------------------
09/03/2015 13:33:28
Type : System.Web.HttpException, System.Web, Version=4.0.0.0, Culture=neutral, PublicKeyToken=b03f5f7f11d50a3a
Message : This is an invalid webresource request.
Source : System.Web
Help link : 
WebEventCode : 0
ErrorCode : -2147467259
Data : System.Collections.ListDictionaryInternal
TargetSite : Void System.Web.IHttpHandler.ProcessRequest(System.Web.HttpContext)
HResult : -2147467259
Stack Trace :    at System.Web.Handlers.AssemblyResourceLoader.System.Web.IHttpHandler.ProcessRequest(HttpContext context)
   at System.Web.HttpApplication.CallHandlerExecutionStep.System.Web.HttpApplication.IExecutionStep.Execute()
   at System.Web.HttpApplication.ExecuteStep(IExecutionStep step, Boolean& completedSynchronously)

Additional Info:

MachineName : WINDOWS01
TimeStamp : 03/09/2015 12:33:28
FullName : Telerik.Sitefinity.Utilities, Version=5.2.3700.0, Culture=neutral, PublicKeyToken=b28c218413bdf563
AppDomainName : /LM/W3SVC/76/ROOT-1-130857567879039569
ThreadIdentity : 
WindowsIdentity : WINDOWS01\IWPD_279(oldsugar)
Requested URL : http://oldsugarmill.swbroadband.co.uk/WebResource.axd?d=fXrWgoiETL3zT_QWAHSskSgPVUK1QKs0dNjyZjfpMHcuvAKfRnVASrzSEWRqU9wm5b5kxkzq-bh6dECFI5dHqL7GxPpzDKCvewIxeSRDlUk1&t=635588618558757176


Category: ErrorLog

Priority: 0

EventId: 90000

Severity: Error

Title:Enterprise Library Exception Handling

Machine: WINDOWS01

App Domain: /LM/W3SVC/76/ROOT-1-130857567879039569

ProcessId: 40132

Process Name: C:\Windows\SysWOW64\inetsrv\w3wp.exe

Thread Name: 

Win32 ThreadId:32932

Extended Properties: 
----------------------------------------
----------------------------------------
Timestamp: 03/09/2015 12:47:42

Message: HandlingInstanceID: ca5cdcf6-bcf1-489b-9281-a5ab4cb7376e
An exception of type 'System.Web.HttpException' occurred and was caught.
------------------------------------------------------------------------
09/03/2015 13:47:42
Type : System.Web.HttpException, System.Web, Version=4.0.0.0, Culture=neutral, PublicKeyToken=b03f5f7f11d50a3a
Message : This is an invalid script resource request.
Source : System.Web.Extensions
Help link : 
WebEventCode : 0
ErrorCode : -2147467259
Data : System.Collections.ListDictionaryInternal
TargetSite : Void ProcessRequest(System.Web.HttpContextBase, VirtualFileReader, System.Action`2[System.String,System.Exception], Boolean)
HResult : -2147467259
Stack Trace :    at System.Web.Handlers.ScriptResourceHandler.ProcessRequest(HttpContextBase context, VirtualFileReader fileReader, Action`2 logAction, Boolean validatePath)
   at System.Web.Handlers.ScriptResourceHandler.ProcessRequest(HttpContext context)
   at System.Web.Handlers.ScriptResourceHandler.System.Web.IHttpHandler.ProcessRequest(HttpContext context)
   at System.Web.HttpApplication.CallHandlerExecutionStep.System.Web.HttpApplication.IExecutionStep.Execute()
   at System.Web.HttpApplication.ExecuteStep(IExecutionStep step, Boolean& completedSynchronously)

Additional Info:

MachineName : WINDOWS01
TimeStamp : 03/09/2015 12:47:42
FullName : Telerik.Sitefinity.Utilities, Version=5.2.3700.0, Culture=neutral, PublicKeyToken=b28c218413bdf563
AppDomainName : /LM/W3SVC/76/ROOT-1-130857580512642607
ThreadIdentity : 
WindowsIdentity : WINDOWS01\IWPD_279(oldsugar)
Requested URL : http://oldsugarmill.com/ScriptResource.axd?d=WaqAelUn1yXd383_NlPWCSTDD9GHCGk_Qre5sl4P5kzTQ5dAoV-WPMm6-Di-mWQGSWPyfLCRXnXGrKMUOphSN_e60J6yqhLK07popnIdJMcrCxraVrojTz41f0VisLYjf3JbhE5mMPno_4A1DY3w2yd4ic29qpmuj7uXkqmh2FujvQyAMCznZengcv-ZC924QC0K6vjPtg7Yr-bJpYrMBg2&t=155533f4


Category: ErrorLog

Priority: 0

EventId: 90000

Severity: Error

Title:Enterprise Library Exception Handling

Machine: WINDOWS01

App Domain: /LM/W3SVC/76/ROOT-1-130857580512642607

ProcessId: 29264

Process Name: C:\Windows\SysWOW64\inetsrv\w3wp.exe

Thread Name: 

Win32 ThreadId:22368

Extended Properties: 
----------------------------------------
----------------------------------------
Timestamp: 03/09/2015 12:47:42

Message: HandlingInstanceID: 591fc36f-1f5f-40dc-a676-8031696d157b
An exception of type 'System.Web.HttpException' occurred and was caught.
------------------------------------------------------------------------
09/03/2015 13:47:42
Type : System.Web.HttpException, System.Web, Version=4.0.0.0, Culture=neutral, PublicKeyToken=b03f5f7f11d50a3a
Message : This is an invalid script resource request.
Source : System.Web.Extensions
Help link : 
WebEventCode : 0
ErrorCode : -2147467259
Data : System.Collections.ListDictionaryInternal
TargetSite : Void ProcessRequest(System.Web.HttpContextBase, VirtualFileReader, System.Action`2[System.String,System.Exception], Boolean)
HResult : -2147467259
Stack Trace :    at System.Web.Handlers.ScriptResourceHandler.ProcessRequest(HttpContextBase context, VirtualFileReader fileReader, Action`2 logAction, Boolean validatePath)
   at System.Web.Handlers.ScriptResourceHandler.ProcessRequest(HttpContext context)
   at System.Web.Handlers.ScriptResourceHandler.System.Web.IHttpHandler.ProcessRequest(HttpContext context)
   at System.Web.HttpApplication.CallHandlerExecutionStep.System.Web.HttpApplication.IExecutionStep.Execute()
   at System.Web.HttpApplication.ExecuteStep(IExecutionStep step, Boolean& completedSynchronously)

Additional Info:

MachineName : WINDOWS01
TimeStamp : 03/09/2015 12:47:42
FullName : Telerik.Sitefinity.Utilities, Version=5.2.3700.0, Culture=neutral, PublicKeyToken=b28c218413bdf563
AppDomainName : /LM/W3SVC/76/ROOT-1-130857580512642607
ThreadIdentity : 
WindowsIdentity : WINDOWS01\IWPD_279(oldsugar)
Requested URL : http://oldsugarmill.com/ScriptResource.axd?d=aFtHiuzKHiDD-2TJ-feu8rYiUxDXUPNS0rQBBldNjAghauYhrOpDGuc-U3bqphfH-Ryf10wDpgOF4fmXqTA-6vGusSMEOPseGQf_l_K7_y-wkwI-jVfxhh3bpYXQzvdAyeOhZtrC5YfLhHSwRJBldeUYC5gZXlcyB1kSdwdXbEFvVLwq_l6uEoBN8NogUQE80&t=155533f4


Category: ErrorLog

Priority: 0

EventId: 90000

Severity: Error

Title:Enterprise Library Exception Handling

Machine: WINDOWS01

App Domain: /LM/W3SVC/76/ROOT-1-130857580512642607

ProcessId: 29264

Process Name: C:\Windows\SysWOW64\inetsrv\w3wp.exe

Thread Name: 

Win32 ThreadId:22492

Extended Properties: 
----------------------------------------
----------------------------------------
Timestamp: 9/3/2015 1:31:43 PM

Message: HandlingInstanceID: 1a2d3b48-cae3-495c-8125-e7659a8a61d5
An exception of type 'System.Web.HttpException' occurred and was caught.
------------------------------------------------------------------------
09/03/2015 14:31:43
Type : System.Web.HttpException, System.Web, Version=4.0.0.0, Culture=neutral, PublicKeyToken=b03f5f7f11d50a3a
Message : File not found.
Source : Telerik.Sitefinity
Help link : 
WebEventCode : 0
ErrorCode : -2147467259
Data : System.Collections.ListDictionaryInternal
TargetSite : IOutputItem GetOutputItem(System.Web.HttpRequest, System.Web.HttpResponse, Telerik.Microsoft.Practices.EnterpriseLibrary.Caching.ICacheManager, System.String, Telerik.Sitefinity.Libraries.Model.MediaContent ByRef)
HResult : -2147467259
Stack Trace :    at Telerik.Sitefinity.Modules.Libraries.Web.LibraryHttpHandler.GetOutputItem(HttpRequest request, HttpResponse response, ICacheManager cache, String key, MediaContent& content)
   at Telerik.Sitefinity.Modules.Libraries.Web.LibraryHttpHandler.ProcessRequest(HttpContext context)
   at System.Web.HttpApplication.CallHandlerExecutionStep.System.Web.HttpApplication.IExecutionStep.Execute()
   at System.Web.HttpApplication.ExecuteStep(IExecutionStep step, Boolean& completedSynchronously)

Additional Info:

MachineName : WINDOWS01
TimeStamp : 9/3/2015 1:31:43 PM
FullName : Telerik.Sitefinity.Utilities, Version=5.2.3700.0, Culture=neutral, PublicKeyToken=b28c218413bdf563
AppDomainName : /LM/W3SVC/76/ROOT-1-130857605584352383
ThreadIdentity : 
WindowsIdentity : WINDOWS01\IWPD_279(oldsugar)
Requested URL : http://oldsugarmill.com/images/randy_logo.jpg


Category: ErrorLog

Priority: 0

EventId: 90000

Severity: Error

Title:Enterprise Library Exception Handling

Machine: WINDOWS01

App Domain: /LM/W3SVC/76/ROOT-1-130857605584352383

ProcessId: 11748

Process Name: C:\Windows\SysWOW64\inetsrv\w3wp.exe

Thread Name: 

Win32 ThreadId:17256

Extended Properties: 
----------------------------------------
----------------------------------------
Timestamp: 03/09/2015 15:02:02

Message: HandlingInstanceID: c2662deb-5fdf-4e4c-811b-7add4f16242c
An exception of type 'System.Web.HttpException' occurred and was caught.
------------------------------------------------------------------------
09/03/2015 16:02:02
Type : System.Web.HttpException, System.Web, Version=4.0.0.0, Culture=neutral, PublicKeyToken=b03f5f7f11d50a3a
Message : 
Source : System.Web
Help link : 
WebEventCode : 0
ErrorCode : -2147467259
Data : System.Collections.ListDictionaryInternal
TargetSite : Void CheckSuspiciousPhysicalPath(System.String)
HResult : -2147467259
Stack Trace :    at System.Web.Util.FileUtil.CheckSuspiciousPhysicalPath(String physicalPath)
   at System.Web.CachedPathData.ValidatePath(String physicalPath)
   at System.Web.HttpContext.ValidatePath()
   at System.Web.HttpApplication.PipelineStepManager.ValidateHelper(HttpContext context)

Additional Info:

MachineName : WINDOWS01
TimeStamp : 03/09/2015 15:02:02
FullName : Telerik.Sitefinity.Utilities, Version=5.2.3700.0, Culture=neutral, PublicKeyToken=b28c218413bdf563
AppDomainName : /LM/W3SVC/76/ROOT-1-130857661119625141
ThreadIdentity : 
WindowsIdentity : WINDOWS01\IWPD_279(oldsugar)
Requested URL : http://www.oldsugarmill.com/


Category: ErrorLog

Priority: 0

EventId: 90000

Severity: Error

Title:Enterprise Library Exception Handling

Machine: WINDOWS01

App Domain: /LM/W3SVC/76/ROOT-1-130857661119625141

ProcessId: 15104

Process Name: C:\Windows\SysWOW64\inetsrv\w3wp.exe

Thread Name: 

Win32 ThreadId:4016

Extended Properties: 
----------------------------------------
----------------------------------------
Timestamp: 03/09/2015 16:56:49

Message: HandlingInstanceID: 87f1e165-5506-45ee-85e8-ed7bcb2c51c8
An exception of type 'System.Web.HttpException' occurred and was caught.
------------------------------------------------------------------------
09/03/2015 17:56:49
Type : System.Web.HttpException, System.Web, Version=4.0.0.0, Culture=neutral, PublicKeyToken=b03f5f7f11d50a3a
Message : This is an invalid script resource request.
Source : System.Web.Extensions
Help link : 
WebEventCode : 0
ErrorCode : -2147467259
Data : System.Collections.ListDictionaryInternal
TargetSite : Void ProcessRequest(System.Web.HttpContextBase, VirtualFileReader, System.Action`2[System.String,System.Exception], Boolean)
HResult : -2147467259
Stack Trace :    at System.Web.Handlers.ScriptResourceHandler.ProcessRequest(HttpContextBase context, VirtualFileReader fileReader, Action`2 logAction, Boolean validatePath)
   at System.Web.Handlers.ScriptResourceHandler.ProcessRequest(HttpContext context)
   at System.Web.Handlers.ScriptResourceHandler.System.Web.IHttpHandler.ProcessRequest(HttpContext context)
   at System.Web.HttpApplication.CallHandlerExecutionStep.System.Web.HttpApplication.IExecutionStep.Execute()
   at System.Web.HttpApplication.ExecuteStep(IExecutionStep step, Boolean& completedSynchronously)

Additional Info:

MachineName : WINDOWS01
TimeStamp : 03/09/2015 16:56:49
FullName : Telerik.Sitefinity.Utilities, Version=5.2.3700.0, Culture=neutral, PublicKeyToken=b28c218413bdf563
AppDomainName : /LM/W3SVC/76/ROOT-1-130857710321334321
ThreadIdentity : 
WindowsIdentity : WINDOWS01\IWPD_279(oldsugar)
Requested URL : http://oldsugarmill.com/ScriptResource.axd?d=kXPVwQsZTekFnxdC6yGVy8Bq1Se8SybxJwB6yNqZlCtUd_q07y8QM1LrXKafd9dUa4v89Rg5LRIbPnJRfMjTmfJmvNhDABqpSW4G2UIANQ8Y37edxeG-fZ-fpLbGzgfSIuGBVODxew8fKyEDwrmilFAscin81iSP7KXsVfT3xzWGB6dmZcsi3UUEMuNjXPWiL6_iFKSlWa_WQjEIlemYCg2&t=155533f4


Category: ErrorLog

Priority: 0

EventId: 90000

Severity: Error

Title:Enterprise Library Exception Handling

Machine: WINDOWS01

App Domain: /LM/W3SVC/76/ROOT-1-130857710321334321

ProcessId: 34332

Process Name: C:\Windows\SysWOW64\inetsrv\w3wp.exe

Thread Name: 

Win32 ThreadId:31032

Extended Properties: 
----------------------------------------
----------------------------------------
Timestamp: 9/3/2015 9:26:45 PM

Message: HandlingInstanceID: 4674c463-0f32-43c9-8470-45b887f2c6a6
An exception of type 'System.Runtime.InteropServices.COMException' occurred and was caught.
-------------------------------------------------------------------------------------------
09/03/2015 22:26:45
Type : System.Runtime.InteropServices.COMException, mscorlib, Version=4.0.0.0, Culture=neutral, PublicKeyToken=b77a5c561934e089
Message : The I/O operation has been aborted because of either a thread exit or an application request. (Exception from HRESULT: 0x800703E3)
Source : 
Help link : 
ErrorCode : -2147023901
Data : System.Collections.ListDictionaryInternal
TargetSite : 
HResult : -2147023901
Stack Trace : The stack trace is unavailable.
Additional Info:

MachineName : WINDOWS01
TimeStamp : 9/3/2015 9:26:45 PM
FullName : Telerik.Sitefinity.Utilities, Version=5.2.3700.0, Culture=neutral, PublicKeyToken=b28c218413bdf563
AppDomainName : /LM/W3SVC/76/ROOT-1-130857848054546139
ThreadIdentity : 
WindowsIdentity : WINDOWS01\IWPD_279(oldsugar)
Requested URL : http://oldsugarmill.com/images/default-source/default-album/wpposteroldsugar-1.jpg?sfvrsn=0


Category: ErrorLog

Priority: 0

EventId: 90000

Severity: Error

Title:Enterprise Library Exception Handling

Machine: WINDOWS01

App Domain: /LM/W3SVC/76/ROOT-1-130857848054546139

ProcessId: 15448

Process Name: C:\Windows\SysWOW64\inetsrv\w3wp.exe

Thread Name: 

Win32 ThreadId:7932

Extended Properties: 
----------------------------------------
----------------------------------------
Timestamp: 9/3/2015 9:26:51 PM

Message: HandlingInstanceID: d8d9bc1e-cb17-4712-a585-654c098014c4
An exception of type 'System.Runtime.InteropServices.COMException' occurred and was caught.
-------------------------------------------------------------------------------------------
09/03/2015 22:26:51
Type : System.Runtime.InteropServices.COMException, mscorlib, Version=4.0.0.0, Culture=neutral, PublicKeyToken=b77a5c561934e089
Message : The I/O operation has been aborted because of either a thread exit or an application request. (Exception from HRESULT: 0x800703E3)
Source : 
Help link : 
ErrorCode : -2147023901
Data : System.Collections.ListDictionaryInternal
TargetSite : 
HResult : -2147023901
Stack Trace : The stack trace is unavailable.
Additional Info:

MachineName : WINDOWS01
TimeStamp : 9/3/2015 9:26:51 PM
FullName : Telerik.Sitefinity.Utilities, Version=5.2.3700.0, Culture=neutral, PublicKeyToken=b28c218413bdf563
AppDomainName : /LM/W3SVC/76/ROOT-1-130857848054546139
ThreadIdentity : 
WindowsIdentity : WINDOWS01\IWPD_279(oldsugar)
Requested URL : http://oldsugarmill.com/images/default-source/default-album/grapesandgrup8x11png.png?sfvrsn=0


Category: ErrorLog

Priority: 0

EventId: 90000

Severity: Error

Title:Enterprise Library Exception Handling

Machine: WINDOWS01

App Domain: /LM/W3SVC/76/ROOT-1-130857848054546139

ProcessId: 15448

Process Name: C:\Windows\SysWOW64\inetsrv\w3wp.exe

Thread Name: 

Win32 ThreadId:27800

Extended Properties: 
----------------------------------------
----------------------------------------
Timestamp: 03/09/2015 23:07:12

Message: HandlingInstanceID: 7b0f0171-5393-412f-9c96-d8b9aeced3a2
An exception of type 'System.Web.HttpException' occurred and was caught.
------------------------------------------------------------------------
09/04/2015 00:07:12
Type : System.Web.HttpException, System.Web, Version=4.0.0.0, Culture=neutral, PublicKeyToken=b03f5f7f11d50a3a
Message : This is an invalid script resource request.
Source : System.Web.Extensions
Help link : 
WebEventCode : 0
ErrorCode : -2147467259
Data : System.Collections.ListDictionaryInternal
TargetSite : Void ProcessRequest(System.Web.HttpContextBase, VirtualFileReader, System.Action`2[System.String,System.Exception], Boolean)
HResult : -2147467259
Stack Trace :    at System.Web.Handlers.ScriptResourceHandler.ProcessRequest(HttpContextBase context, VirtualFileReader fileReader, Action`2 logAction, Boolean validatePath)
   at System.Web.Handlers.ScriptResourceHandler.ProcessRequest(HttpContext context)
   at System.Web.Handlers.ScriptResourceHandler.System.Web.IHttpHandler.ProcessRequest(HttpContext context)
   at System.Web.HttpApplication.CallHandlerExecutionStep.System.Web.HttpApplication.IExecutionStep.Execute()
   at System.Web.HttpApplication.ExecuteStep(IExecutionStep step, Boolean& completedSynchronously)

Additional Info:

MachineName : WINDOWS01
TimeStamp : 03/09/2015 23:07:12
FullName : Telerik.Sitefinity.Utilities, Version=5.2.3700.0, Culture=neutral, PublicKeyToken=b28c218413bdf563
AppDomainName : /LM/W3SVC/76/ROOT-1-130857914140191788
ThreadIdentity : 
WindowsIdentity : WINDOWS01\IWPD_279(oldsugar)
Requested URL : http://oldsugarmill.com/ScriptResource.axd?d=RlEkrkEnJW5T1oVEt-tBrj8B0gj4YnifZGsgh9P7O9ZMe8v9jTCwuyIg6vXxRfoXB5P7HhuhoAlz9RHEgkZNn56fWqySmP9WQa_YxmuvpHMmxtSExKaZg17eTK_YU03iA04kaq5GYx82ICZhT_MIFqAkKQRWQZgZZdWGwgnGIWBGJVW8MwxbNEAgaifK7jSJ0&t=155533f4


Category: ErrorLog

Priority: 0

EventId: 90000

Severity: Error

Title:Enterprise Library Exception Handling

Machine: WINDOWS01

App Domain: /LM/W3SVC/76/ROOT-1-130857914140191788

ProcessId: 6392

Process Name: C:\Windows\SysWOW64\inetsrv\w3wp.exe

Thread Name: 

Win32 ThreadId:43064

Extended Properties: 
----------------------------------------
----------------------------------------
Timestamp: 03/09/2015 23:07:14

Message: HandlingInstanceID: 4eb94e3e-7df1-4175-9f17-fa1a236d85c2
An exception of type 'System.Web.HttpException' occurred and was caught.
------------------------------------------------------------------------
09/04/2015 00:07:14
Type : System.Web.HttpException, System.Web, Version=4.0.0.0, Culture=neutral, PublicKeyToken=b03f5f7f11d50a3a
Message : This is an invalid script resource request.
Source : System.Web.Extensions
Help link : 
WebEventCode : 0
ErrorCode : -2147467259
Data : System.Collections.ListDictionaryInternal
TargetSite : Void ProcessRequest(System.Web.HttpContextBase, VirtualFileReader, System.Action`2[System.String,System.Exception], Boolean)
HResult : -2147467259
Stack Trace :    at System.Web.Handlers.ScriptResourceHandler.ProcessRequest(HttpContextBase context, VirtualFileReader fileReader, Action`2 logAction, Boolean validatePath)
   at System.Web.Handlers.ScriptResourceHandler.ProcessRequest(HttpContext context)
   at System.Web.Handlers.ScriptResourceHandler.System.Web.IHttpHandler.ProcessRequest(HttpContext context)
   at System.Web.HttpApplication.CallHandlerExecutionStep.System.Web.HttpApplication.IExecutionStep.Execute()
   at System.Web.HttpApplication.ExecuteStep(IExecutionStep step, Boolean& completedSynchronously)

Additional Info:

MachineName : WINDOWS01
TimeStamp : 03/09/2015 23:07:14
FullName : Telerik.Sitefinity.Utilities, Version=5.2.3700.0, Culture=neutral, PublicKeyToken=b28c218413bdf563
AppDomainName : /LM/W3SVC/76/ROOT-1-130857914140191788
ThreadIdentity : 
WindowsIdentity : WINDOWS01\IWPD_279(oldsugar)
Requested URL : http://oldsugarmill.com/ScriptResource.axd?d=juwwX8zjwXUGgbK_ai0AD1k9LzM5I0PvKIAHkt5nnX1R4zGS0YaH7iLMg6nokr3zv5UF-6-pgbHOdtDSgZM8lFQx525jYQgg2VxHLc-OVbGmE_iMoLthKvoJAIWCdO05GLMUN6fiEX2EpC1pS9Hh_0XjvACjyHXOC1Z2tS9m5kH6QLmbMl_XyVD-aVwLfHkrsCuW-acxgev_tTNissRTOg2&t=155533f4


Category: ErrorLog

Priority: 0

EventId: 90000

Severity: Error

Title:Enterprise Library Exception Handling

Machine: WINDOWS01

App Domain: /LM/W3SVC/76/ROOT-1-130857914140191788

ProcessId: 6392

Process Name: C:\Windows\SysWOW64\inetsrv\w3wp.exe

Thread Name: 

Win32 ThreadId:36644

Extended Properties: 
----------------------------------------
----------------------------------------
Timestamp: 03/09/2015 23:07:14

Message: HandlingInstanceID: ab50e8b4-f709-48e9-83d0-8f1a7cff04ab
An exception of type 'System.Web.HttpException' occurred and was caught.
------------------------------------------------------------------------
09/04/2015 00:07:14
Type : System.Web.HttpException, System.Web, Version=4.0.0.0, Culture=neutral, PublicKeyToken=b03f5f7f11d50a3a
Message : This is an invalid webresource request.
Source : System.Web
Help link : 
WebEventCode : 0
ErrorCode : -2147467259
Data : System.Collections.ListDictionaryInternal
TargetSite : Void System.Web.IHttpHandler.ProcessRequest(System.Web.HttpContext)
HResult : -2147467259
Stack Trace :    at System.Web.Handlers.AssemblyResourceLoader.System.Web.IHttpHandler.ProcessRequest(HttpContext context)
   at System.Web.HttpApplication.CallHandlerExecutionStep.System.Web.HttpApplication.IExecutionStep.Execute()
   at System.Web.HttpApplication.ExecuteStep(IExecutionStep step, Boolean& completedSynchronously)

Additional Info:

MachineName : WINDOWS01
TimeStamp : 03/09/2015 23:07:14
FullName : Telerik.Sitefinity.Utilities, Version=5.2.3700.0, Culture=neutral, PublicKeyToken=b28c218413bdf563
AppDomainName : /LM/W3SVC/76/ROOT-1-130857914140191788
ThreadIdentity : 
WindowsIdentity : WINDOWS01\IWPD_279(oldsugar)
Requested URL : http://oldsugarmill.com/WebResource.axd?d=x2afr0rxj2gwbRMwTudjmokQXHrjOPgiDnp8Nvjy-KqRnafVLcKEHNI-3D7z-6YC4zip3_ZYWH8uJkInPryFIf-eMaQ3hS9Lyi-H0q9d2bg1&t=635588618558757176


Category: ErrorLog

Priority: 0

EventId: 90000

Severity: Error

Title:Enterprise Library Exception Handling

Machine: WINDOWS01

App Domain: /LM/W3SVC/76/ROOT-1-130857914140191788

ProcessId: 6392

Process Name: C:\Windows\SysWOW64\inetsrv\w3wp.exe

Thread Name: 

Win32 ThreadId:24412

Extended Properties: 
----------------------------------------
----------------------------------------
Timestamp: 04/09/2015 00:00:02

Message: HandlingInstanceID: 7b5eda0d-76fa-4ea7-adb5-b7a42d1b8633
An exception of type 'System.Web.HttpException' occurred and was caught.
------------------------------------------------------------------------
09/04/2015 01:00:02
Type : System.Web.HttpException, System.Web, Version=4.0.0.0, Culture=neutral, PublicKeyToken=b03f5f7f11d50a3a
Message : This is an invalid script resource request.
Source : System.Web.Extensions
Help link : 
WebEventCode : 0
ErrorCode : -2147467259
Data : System.Collections.ListDictionaryInternal
TargetSite : Void ProcessRequest(System.Web.HttpContextBase, VirtualFileReader, System.Action`2[System.String,System.Exception], Boolean)
HResult : -2147467259
Stack Trace :    at System.Web.Handlers.ScriptResourceHandler.ProcessRequest(HttpContextBase context, VirtualFileReader fileReader, Action`2 logAction, Boolean validatePath)
   at System.Web.Handlers.ScriptResourceHandler.ProcessRequest(HttpContext context)
   at System.Web.Handlers.ScriptResourceHandler.System.Web.IHttpHandler.ProcessRequest(HttpContext context)
   at System.Web.HttpApplication.CallHandlerExecutionStep.System.Web.HttpApplication.IExecutionStep.Execute()
   at System.Web.HttpApplication.ExecuteStep(IExecutionStep step, Boolean& completedSynchronously)

Additional Info:

MachineName : WINDOWS01
TimeStamp : 04/09/2015 00:00:02
FullName : Telerik.Sitefinity.Utilities, Version=5.2.3700.0, Culture=neutral, PublicKeyToken=b28c218413bdf563
AppDomainName : /LM/W3SVC/76/ROOT-1-130857956511099707
ThreadIdentity : 
WindowsIdentity : WINDOWS01\IWPD_279(oldsugar)
Requested URL : http://oldsugarmill.com/ScriptResource.axd?d=ClopwMvb7yVfEQpIOT3F5RhXGX85uHs0wWiiFzaJQSpjbCh9Q3NN4zSSJz-rhruvp7aLgc0Z9sxf3FPaH2WK5QoWj1ZhR7HoOIUHJorzkedqQoUQ3UC6LDWYJiI94KtNGTBP2hGPb34eL1_fJCax2Hhj9vUm7TZqoJHPIAqh4hbW6upmsyh7nPFHQ7VtL2Q4pCrzoosCi19hlt5B30Fc8Q2&t=155533f4


Category: ErrorLog

Priority: 0

EventId: 90000

Severity: Error

Title:Enterprise Library Exception Handling

Machine: WINDOWS01

App Domain: /LM/W3SVC/76/ROOT-1-130857956511099707

ProcessId: 27624

Process Name: C:\Windows\SysWOW64\inetsrv\w3wp.exe

Thread Name: 

Win32 ThreadId:14424

Extended Properties: 
----------------------------------------
----------------------------------------
Timestamp: 9/4/2015 2:05:47 AM

Message: HandlingInstanceID: c86c14f2-bd91-4c2a-8654-f6122e295419
An exception of type 'System.Web.HttpException' occurred and was caught.
------------------------------------------------------------------------
09/04/2015 03:05:47
Type : System.Web.HttpException, System.Web, Version=4.0.0.0, Culture=neutral, PublicKeyToken=b03f5f7f11d50a3a
Message : The remote host closed the connection. The error code is 0x80070079.
Source : System.Web
Help link : 
WebEventCode : 0
ErrorCode : -2147024775
Data : System.Collections.ListDictionaryInternal
TargetSite : Void RaiseCommunicationError(Int32, Boolean)
HResult : -2147024775
Stack Trace :    at System.Web.Hosting.IIS7WorkerRequest.RaiseCommunicationError(Int32 result, Boolean throwOnDisconnect)
   at System.Web.Hosting.IIS7WorkerRequest.ExplicitFlush()
   at System.Web.HttpResponse.Flush(Boolean finalFlush, Boolean async)
   at System.Web.HttpResponse.Flush()
   at System.Web.HttpWriter.WriteFromStream(Byte[] data, Int32 offset, Int32 size)
   at System.Web.HttpResponseStream.Write(Byte[] buffer, Int32 offset, Int32 count)
   at Telerik.Sitefinity.Modules.Libraries.Web.LibraryHttpHandler.<>c__DisplayClassd.<SendCachedResponse>b__b()
   at Telerik.Sitefinity.Modules.Libraries.Web.LibraryHttpHandler.IgnoringClosedConnection(Action action)
   at Telerik.Sitefinity.Modules.Libraries.Web.LibraryHttpHandler.SendCachedResponse(HttpRequest request, HttpResponse response, OutputItem item)
   at Telerik.Sitefinity.Modules.Libraries.Web.LibraryHttpHandler.ProcessRequest(HttpContext context)
   at System.Web.HttpApplication.CallHandlerExecutionStep.System.Web.HttpApplication.IExecutionStep.Execute()
   at System.Web.HttpApplication.ExecuteStep(IExecutionStep step, Boolean& completedSynchronously)

Additional Info:

MachineName : WINDOWS01
TimeStamp : 9/4/2015 2:05:47 AM
FullName : Telerik.Sitefinity.Utilities, Version=5.2.3700.0, Culture=neutral, PublicKeyToken=b28c218413bdf563
AppDomainName : /LM/W3SVC/76/ROOT-1-130858045409810890
ThreadIdentity : 
WindowsIdentity : WINDOWS01\IWPD_279(oldsugar)
Requested URL : http://oldsugarmill.com/images/default-source/default-album/entrance-2207661318-o---copy-(2).jpg?sfvrsn=0


Category: ErrorLog

Priority: 0

EventId: 90000

Severity: Error

Title:Enterprise Library Exception Handling

Machine: WINDOWS01

App Domain: /LM/W3SVC/76/ROOT-1-130858045409810890

ProcessId: 24232

Process Name: C:\Windows\SysWOW64\inetsrv\w3wp.exe

Thread Name: 

Win32 ThreadId:39076

Extended Properties: 
----------------------------------------
----------------------------------------
Timestamp: 04/09/2015 02:11:16

Message: HandlingInstanceID: dcd3fafb-df45-4853-aa49-78f33dcc53cd
An exception of type 'System.Web.HttpException' occurred and was caught.
------------------------------------------------------------------------
09/04/2015 03:11:16
Type : System.Web.HttpException, System.Web, Version=4.0.0.0, Culture=neutral, PublicKeyToken=b03f5f7f11d50a3a
Message : This is an invalid webresource request.
Source : System.Web
Help link : 
WebEventCode : 0
ErrorCode : -2147467259
Data : System.Collections.ListDictionaryInternal
TargetSite : Void System.Web.IHttpHandler.ProcessRequest(System.Web.HttpContext)
HResult : -2147467259
Stack Trace :    at System.Web.Handlers.AssemblyResourceLoader.System.Web.IHttpHandler.ProcessRequest(HttpContext context)
   at System.Web.HttpApplication.CallHandlerExecutionStep.System.Web.HttpApplication.IExecutionStep.Execute()
   at System.Web.HttpApplication.ExecuteStep(IExecutionStep step, Boolean& completedSynchronously)

Additional Info:

MachineName : WINDOWS01
TimeStamp : 04/09/2015 02:11:16
FullName : Telerik.Sitefinity.Utilities, Version=5.2.3700.0, Culture=neutral, PublicKeyToken=b28c218413bdf563
AppDomainName : /LM/W3SVC/76/ROOT-1-130858045409810890
ThreadIdentity : 
WindowsIdentity : WINDOWS01\IWPD_279(oldsugar)
Requested URL : http://oldsugarmill.com/WebResource.axd?d=atpCrwgwO4ZXyG4AzNgANE5fhmmbC2iFdLXQrWw1RNHzArrWQSF5xUzaC1bZY1GRg-oc6kprK95C0b4b2s7GlPY9qNRPdnS5ntADvx6otfM1&t=635588618558757176


Category: ErrorLog

Priority: 0

EventId: 90000

Severity: Error

Title:Enterprise Library Exception Handling

Machine: WINDOWS01

App Domain: /LM/W3SVC/76/ROOT-1-130858045409810890

ProcessId: 24232

Process Name: C:\Windows\SysWOW64\inetsrv\w3wp.exe

Thread Name: 

Win32 ThreadId:15364

Extended Properties: 
----------------------------------------
----------------------------------------
Timestamp: 04/09/2015 02:11:17

Message: HandlingInstanceID: c3ed599c-9a72-4fba-bf6f-12c9fe85e1a0
An exception of type 'System.Web.HttpException' occurred and was caught.
------------------------------------------------------------------------
09/04/2015 03:11:17
Type : System.Web.HttpException, System.Web, Version=4.0.0.0, Culture=neutral, PublicKeyToken=b03f5f7f11d50a3a
Message : This is an invalid script resource request.
Source : System.Web.Extensions
Help link : 
WebEventCode : 0
ErrorCode : -2147467259
Data : System.Collections.ListDictionaryInternal
TargetSite : Void ProcessRequest(System.Web.HttpContextBase, VirtualFileReader, System.Action`2[System.String,System.Exception], Boolean)
HResult : -2147467259
Stack Trace :    at System.Web.Handlers.ScriptResourceHandler.ProcessRequest(HttpContextBase context, VirtualFileReader fileReader, Action`2 logAction, Boolean validatePath)
   at System.Web.Handlers.ScriptResourceHandler.ProcessRequest(HttpContext context)
   at System.Web.Handlers.ScriptResourceHandler.System.Web.IHttpHandler.ProcessRequest(HttpContext context)
   at System.Web.HttpApplication.CallHandlerExecutionStep.System.Web.HttpApplication.IExecutionStep.Execute()
   at System.Web.HttpApplication.ExecuteStep(IExecutionStep step, Boolean& completedSynchronously)

Additional Info:

MachineName : WINDOWS01
TimeStamp : 04/09/2015 02:11:17
FullName : Telerik.Sitefinity.Utilities, Version=5.2.3700.0, Culture=neutral, PublicKeyToken=b28c218413bdf563
AppDomainName : /LM/W3SVC/76/ROOT-1-130858045409810890
ThreadIdentity : 
WindowsIdentity : WINDOWS01\IWPD_279(oldsugar)
Requested URL : http://oldsugarmill.com/ScriptResource.axd?d=HLPfJGEy0TN1WsaU1o4lkXxsoac7c4bcTLPlVCInB7OGj8ZOH6Tsnev73ou8yeZuD9ld3ak12L_k9hKlTqltHFNEDv5iwpRD_khlNNt1W3KyR1oKWLLhqwqRj71kS90QUo0JyhR4eS42sVK8-TnY0XgAz9NY71lobDXSv24JEt_kJZlf8bvShNYyiDNaKqkZ0&t=155533f4


Category: ErrorLog

Priority: 0

EventId: 90000

Severity: Error

Title:Enterprise Library Exception Handling

Machine: WINDOWS01

App Domain: /LM/W3SVC/76/ROOT-1-130858045409810890

ProcessId: 24232

Process Name: C:\Windows\SysWOW64\inetsrv\w3wp.exe

Thread Name: 

Win32 ThreadId:16796

Extended Properties: 
----------------------------------------
----------------------------------------
Timestamp: 04/09/2015 02:11:18

Message: HandlingInstanceID: 04658146-06b2-4a6c-93ce-1ea5bfef0d51
An exception of type 'System.Web.HttpException' occurred and was caught.
------------------------------------------------------------------------
09/04/2015 03:11:18
Type : System.Web.HttpException, System.Web, Version=4.0.0.0, Culture=neutral, PublicKeyToken=b03f5f7f11d50a3a
Message : This is an invalid script resource request.
Source : System.Web.Extensions
Help link : 
WebEventCode : 0
ErrorCode : -2147467259
Data : System.Collections.ListDictionaryInternal
TargetSite : Void ProcessRequest(System.Web.HttpContextBase, VirtualFileReader, System.Action`2[System.String,System.Exception], Boolean)
HResult : -2147467259
Stack Trace :    at System.Web.Handlers.ScriptResourceHandler.ProcessRequest(HttpContextBase context, VirtualFileReader fileReader, Action`2 logAction, Boolean validatePath)
   at System.Web.Handlers.ScriptResourceHandler.ProcessRequest(HttpContext context)
   at System.Web.Handlers.ScriptResourceHandler.System.Web.IHttpHandler.ProcessRequest(HttpContext context)
   at System.Web.HttpApplication.CallHandlerExecutionStep.System.Web.HttpApplication.IExecutionStep.Execute()
   at System.Web.HttpApplication.ExecuteStep(IExecutionStep step, Boolean& completedSynchronously)

Additional Info:

MachineName : WINDOWS01
TimeStamp : 04/09/2015 02:11:18
FullName : Telerik.Sitefinity.Utilities, Version=5.2.3700.0, Culture=neutral, PublicKeyToken=b28c218413bdf563
AppDomainName : /LM/W3SVC/76/ROOT-1-130858045409810890
ThreadIdentity : 
WindowsIdentity : WINDOWS01\IWPD_279(oldsugar)
Requested URL : http://oldsugarmill.com/ScriptResource.axd?d=VEb3Z3IuVYC_HGou0o6RiKAripuv71ScQQvyWoP-a1kN-hpzSvVBwYjJuGk8OLaEvWGbOiGFiXot0TsQFidwYPtLn-0F_qwlHBLLnpNV1sOMC5f0vwCq40fT4Cnhs4TSikK6Bi2UAG_DLetiwHl1BlM0k2cyhrrKlFnKCZCNKHbdhzkXTkSzWp4Yz9OKbqsbrFNDfagkrtD59dFFPRGIMw2&t=155533f4


Category: ErrorLog

Priority: 0

EventId: 90000

Severity: Error

Title:Enterprise Library Exception Handling

Machine: WINDOWS01

App Domain: /LM/W3SVC/76/ROOT-1-130858045409810890

ProcessId: 24232

Process Name: C:\Windows\SysWOW64\inetsrv\w3wp.exe

Thread Name: 

Win32 ThreadId:15364

Extended Properties: 
----------------------------------------
