----------------------------------------
Timestamp: 27/06/2014 01:57:00

Message: HandlingInstanceID: 9fefe430-3620-44d6-8e72-1dee3fe5fa31
An exception of type 'System.Web.HttpException' occurred and was caught.
------------------------------------------------------------------------
06/27/2014 02:57:00
Type : System.Web.HttpException, System.Web, Version=4.0.0.0, Culture=neutral, PublicKeyToken=b03f5f7f11d50a3a
Message : This is an invalid script resource request.
Source : System.Web.Extensions
Help link : 
WebEventCode : 0
ErrorCode : -2147467259
Data : System.Collections.ListDictionaryInternal
TargetSite : Void ProcessRequest(System.Web.HttpContextBase, VirtualFileReader, System.Action`2[System.String,System.Exception], Boolean)
HResult : -2147467259
Stack Trace :    at System.Web.Handlers.ScriptResourceHandler.ProcessRequest(HttpContextBase context, VirtualFileReader fileReader, Action`2 logAction, Boolean validatePath)
   at System.Web.Handlers.ScriptResourceHandler.ProcessRequest(HttpContext context)
   at System.Web.Handlers.ScriptResourceHandler.System.Web.IHttpHandler.ProcessRequest(HttpContext context)
   at System.Web.HttpApplication.CallHandlerExecutionStep.System.Web.HttpApplication.IExecutionStep.Execute()
   at System.Web.HttpApplication.ExecuteStep(IExecutionStep step, Boolean& completedSynchronously)

Additional Info:

MachineName : WEB03
TimeStamp : 27/06/2014 01:57:00
FullName : Telerik.Sitefinity.Utilities, Version=5.2.3700.0, Culture=neutral, PublicKeyToken=b28c218413bdf563
AppDomainName : /LM/W3SVC/124/ROOT-1-130482663989687500
ThreadIdentity : 
WindowsIdentity : SWBROADBAND\oldsugar
Requested URL : http://www.oldsugarmill.com/ScriptResource.axd?d=9DpgWUrIqxIqQKhKbcCPG0KeE4fO2mXl6e2qQooePZv96TiPqqZpTLcQW3y9KuTd9SZuCy4U8YoKwqQNxArqyl-2_ILP2LaZxWozvTa7OxQ4OsVWTYncAreE3gkflEsrto6TthDt0qNratECUY8Q5nNu6ddTAQpyhAq33y3C6yHFkxMTpX52D4NC-vdsBzrZ0&t=155533f4


Category: ErrorLog

Priority: 0

EventId: 90000

Severity: Error

Title:Enterprise Library Exception Handling

Machine: WEB03

App Domain: /LM/W3SVC/124/ROOT-1-130482663989687500

ProcessId: 2012

Process Name: C:\Windows\SysWOW64\inetsrv\w3wp.exe

Thread Name: 

Win32 ThreadId:13032

Extended Properties: 
----------------------------------------
----------------------------------------
Timestamp: 27/06/2014 01:57:00

Message: HandlingInstanceID: bf73463b-a1a5-4da3-a2bd-4588ed1559b9
An exception of type 'System.Web.HttpException' occurred and was caught.
------------------------------------------------------------------------
06/27/2014 02:57:00
Type : System.Web.HttpException, System.Web, Version=4.0.0.0, Culture=neutral, PublicKeyToken=b03f5f7f11d50a3a
Message : This is an invalid script resource request.
Source : System.Web.Extensions
Help link : 
WebEventCode : 0
ErrorCode : -2147467259
Data : System.Collections.ListDictionaryInternal
TargetSite : Void ProcessRequest(System.Web.HttpContextBase, VirtualFileReader, System.Action`2[System.String,System.Exception], Boolean)
HResult : -2147467259
Stack Trace :    at System.Web.Handlers.ScriptResourceHandler.ProcessRequest(HttpContextBase context, VirtualFileReader fileReader, Action`2 logAction, Boolean validatePath)
   at System.Web.Handlers.ScriptResourceHandler.ProcessRequest(HttpContext context)
   at System.Web.Handlers.ScriptResourceHandler.System.Web.IHttpHandler.ProcessRequest(HttpContext context)
   at System.Web.HttpApplication.CallHandlerExecutionStep.System.Web.HttpApplication.IExecutionStep.Execute()
   at System.Web.HttpApplication.ExecuteStep(IExecutionStep step, Boolean& completedSynchronously)

Additional Info:

MachineName : WEB03
TimeStamp : 27/06/2014 01:57:00
FullName : Telerik.Sitefinity.Utilities, Version=5.2.3700.0, Culture=neutral, PublicKeyToken=b28c218413bdf563
AppDomainName : /LM/W3SVC/124/ROOT-1-130482663989687500
ThreadIdentity : 
WindowsIdentity : SWBROADBAND\oldsugar
Requested URL : http://www.oldsugarmill.com/ScriptResource.axd?d=1FlBsrx8Qo8B8eyL-x6Z3A8X73v2Pdmb63zBvd1E13r1Dh9hIWhN-djUdeGssXKO6YPK8wu6GtT56eQH0YnsGvQG92ogikSCibvThwUscEQEoKrptDJ7S7qHCBW9jAQwySbJeX_s9Imza4G25iO6h3EqZq_RYJRS5s-954a1sSC2F5XFRG6svet4BmVJv8RVtC5JyfQojg7j0EKs-6vnJw2&t=155533f4


Category: ErrorLog

Priority: 0

EventId: 90000

Severity: Error

Title:Enterprise Library Exception Handling

Machine: WEB03

App Domain: /LM/W3SVC/124/ROOT-1-130482663989687500

ProcessId: 2012

Process Name: C:\Windows\SysWOW64\inetsrv\w3wp.exe

Thread Name: 

Win32 ThreadId:9800

Extended Properties: 
----------------------------------------
----------------------------------------
Timestamp: 27/06/2014 11:32:32

Message: HandlingInstanceID: e1926a14-f2d4-4805-bc09-4d39ec1bb171
An exception of type 'System.Web.HttpException' occurred and was caught.
------------------------------------------------------------------------
06/27/2014 12:32:32
Type : System.Web.HttpException, System.Web, Version=4.0.0.0, Culture=neutral, PublicKeyToken=b03f5f7f11d50a3a
Message : This is an invalid script resource request.
Source : System.Web.Extensions
Help link : 
WebEventCode : 0
ErrorCode : -2147467259
Data : System.Collections.ListDictionaryInternal
TargetSite : Void ProcessRequest(System.Web.HttpContextBase, VirtualFileReader, System.Action`2[System.String,System.Exception], Boolean)
HResult : -2147467259
Stack Trace :    at System.Web.Handlers.ScriptResourceHandler.ProcessRequest(HttpContextBase context, VirtualFileReader fileReader, Action`2 logAction, Boolean validatePath)
   at System.Web.Handlers.ScriptResourceHandler.ProcessRequest(HttpContext context)
   at System.Web.Handlers.ScriptResourceHandler.System.Web.IHttpHandler.ProcessRequest(HttpContext context)
   at System.Web.HttpApplication.CallHandlerExecutionStep.System.Web.HttpApplication.IExecutionStep.Execute()
   at System.Web.HttpApplication.ExecuteStep(IExecutionStep step, Boolean& completedSynchronously)

Additional Info:

MachineName : WEB03
TimeStamp : 27/06/2014 11:32:32
FullName : Telerik.Sitefinity.Utilities, Version=5.2.3700.0, Culture=neutral, PublicKeyToken=b28c218413bdf563
AppDomainName : /LM/W3SVC/124/ROOT-1-130483423423125000
ThreadIdentity : 
WindowsIdentity : SWBROADBAND\oldsugar
Requested URL : http://oldsugarmill.swbroadband.co.uk/ScriptResource.axd?d=GwlD-EKwMJz5EHy1NcpGtBMQ3S1Ac6K9BezOrZdrS4wSQDvtbWpNuwj6rHXSo1pd46TI9nEu4dXzW6oCd1oIgpbnEIz-3BZtNgbBMmEecZEeVsjoqkMIhkuV9vYmpLQGB6lBkT8wIuW-jrin7UhhWa4jbHUeiACCtVyBT9uy771olf4agW0CQIraxmmPrBk35SZJ3f9McmPjeP1rofK-_g2&t=155533f4


Category: ErrorLog

Priority: 0

EventId: 90000

Severity: Error

Title:Enterprise Library Exception Handling

Machine: WEB03

App Domain: /LM/W3SVC/124/ROOT-1-130483423423125000

ProcessId: 12132

Process Name: C:\Windows\SysWOW64\inetsrv\w3wp.exe

Thread Name: 

Win32 ThreadId:4736

Extended Properties: 
----------------------------------------
----------------------------------------
Timestamp: 27/06/2014 11:32:32

Message: HandlingInstanceID: 43f365a8-61da-4929-9858-c385882aa354
An exception of type 'System.Web.HttpException' occurred and was caught.
------------------------------------------------------------------------
06/27/2014 12:32:32
Type : System.Web.HttpException, System.Web, Version=4.0.0.0, Culture=neutral, PublicKeyToken=b03f5f7f11d50a3a
Message : This is an invalid script resource request.
Source : System.Web.Extensions
Help link : 
WebEventCode : 0
ErrorCode : -2147467259
Data : System.Collections.ListDictionaryInternal
TargetSite : Void ProcessRequest(System.Web.HttpContextBase, VirtualFileReader, System.Action`2[System.String,System.Exception], Boolean)
HResult : -2147467259
Stack Trace :    at System.Web.Handlers.ScriptResourceHandler.ProcessRequest(HttpContextBase context, VirtualFileReader fileReader, Action`2 logAction, Boolean validatePath)
   at System.Web.Handlers.ScriptResourceHandler.ProcessRequest(HttpContext context)
   at System.Web.Handlers.ScriptResourceHandler.System.Web.IHttpHandler.ProcessRequest(HttpContext context)
   at System.Web.HttpApplication.CallHandlerExecutionStep.System.Web.HttpApplication.IExecutionStep.Execute()
   at System.Web.HttpApplication.ExecuteStep(IExecutionStep step, Boolean& completedSynchronously)

Additional Info:

MachineName : WEB03
TimeStamp : 27/06/2014 11:32:32
FullName : Telerik.Sitefinity.Utilities, Version=5.2.3700.0, Culture=neutral, PublicKeyToken=b28c218413bdf563
AppDomainName : /LM/W3SVC/124/ROOT-1-130483423423125000
ThreadIdentity : 
WindowsIdentity : SWBROADBAND\oldsugar
Requested URL : http://oldsugarmill.swbroadband.co.uk/ScriptResource.axd?d=tnSra0d3Cv1k5yj94Gh9arA-43dBmjOjyPDlU7hsTNPgLX85mymMi1-OP2bDr2VOoMslnRIYiw-pZRkJ9DN3K3BrA5d0S6722rVhJ6Gv7YOK6mZOBFGue9F0AMGOYB99ZE0bsJKO-nRXPKyMVwljiHVShkktZ5IosY5fQfdMRKaZAHfbpmB87m_YY3JZM60i0&t=155533f4


Category: ErrorLog

Priority: 0

EventId: 90000

Severity: Error

Title:Enterprise Library Exception Handling

Machine: WEB03

App Domain: /LM/W3SVC/124/ROOT-1-130483423423125000

ProcessId: 12132

Process Name: C:\Windows\SysWOW64\inetsrv\w3wp.exe

Thread Name: 

Win32 ThreadId:8856

Extended Properties: 
----------------------------------------
----------------------------------------
Timestamp: 27/06/2014 11:32:36

Message: HandlingInstanceID: eb16ad2b-7bff-4c68-b4a9-5945396f3949
An exception of type 'System.Web.HttpException' occurred and was caught.
------------------------------------------------------------------------
06/27/2014 12:32:36
Type : System.Web.HttpException, System.Web, Version=4.0.0.0, Culture=neutral, PublicKeyToken=b03f5f7f11d50a3a
Message : This is an invalid webresource request.
Source : System.Web
Help link : 
WebEventCode : 0
ErrorCode : -2147467259
Data : System.Collections.ListDictionaryInternal
TargetSite : Void System.Web.IHttpHandler.ProcessRequest(System.Web.HttpContext)
HResult : -2147467259
Stack Trace :    at System.Web.Handlers.AssemblyResourceLoader.System.Web.IHttpHandler.ProcessRequest(HttpContext context)
   at System.Web.HttpApplication.CallHandlerExecutionStep.System.Web.HttpApplication.IExecutionStep.Execute()
   at System.Web.HttpApplication.ExecuteStep(IExecutionStep step, Boolean& completedSynchronously)

Additional Info:

MachineName : WEB03
TimeStamp : 27/06/2014 11:32:36
FullName : Telerik.Sitefinity.Utilities, Version=5.2.3700.0, Culture=neutral, PublicKeyToken=b28c218413bdf563
AppDomainName : /LM/W3SVC/124/ROOT-1-130483423423125000
ThreadIdentity : 
WindowsIdentity : SWBROADBAND\oldsugar
Requested URL : http://oldsugarmill.swbroadband.co.uk/WebResource.axd?d=2iTHVE-t641snLl4Cgr29Pk6SN48X_eRMINdFG_eGiGGAkdmDf7flvHxo7Aw1IukjwgcwwVu9-lAaQ0UOjKN8azI3_G6MEckMqXCiw4c5c01&t=635195625120000000


Category: ErrorLog

Priority: 0

EventId: 90000

Severity: Error

Title:Enterprise Library Exception Handling

Machine: WEB03

App Domain: /LM/W3SVC/124/ROOT-1-130483423423125000

ProcessId: 12132

Process Name: C:\Windows\SysWOW64\inetsrv\w3wp.exe

Thread Name: 

Win32 ThreadId:9680

Extended Properties: 
----------------------------------------
----------------------------------------
Timestamp: 27/06/2014 15:37:48

Message: HandlingInstanceID: 969d887e-74c3-4a2b-97f7-3cbfcf8698b8
An exception of type 'System.Web.HttpException' occurred and was caught.
------------------------------------------------------------------------
06/27/2014 16:37:48
Type : System.Web.HttpException, System.Web, Version=4.0.0.0, Culture=neutral, PublicKeyToken=b03f5f7f11d50a3a
Message : This is an invalid script resource request.
Source : System.Web.Extensions
Help link : 
WebEventCode : 0
ErrorCode : -2147467259
Data : System.Collections.ListDictionaryInternal
TargetSite : Void ProcessRequest(System.Web.HttpContextBase, VirtualFileReader, System.Action`2[System.String,System.Exception], Boolean)
HResult : -2147467259
Stack Trace :    at System.Web.Handlers.ScriptResourceHandler.ProcessRequest(HttpContextBase context, VirtualFileReader fileReader, Action`2 logAction, Boolean validatePath)
   at System.Web.Handlers.ScriptResourceHandler.ProcessRequest(HttpContext context)
   at System.Web.Handlers.ScriptResourceHandler.System.Web.IHttpHandler.ProcessRequest(HttpContext context)
   at System.Web.HttpApplication.CallHandlerExecutionStep.System.Web.HttpApplication.IExecutionStep.Execute()
   at System.Web.HttpApplication.ExecuteStep(IExecutionStep step, Boolean& completedSynchronously)

Additional Info:

MachineName : WEB03
TimeStamp : 27/06/2014 15:37:48
FullName : Telerik.Sitefinity.Utilities, Version=5.2.3700.0, Culture=neutral, PublicKeyToken=b28c218413bdf563
AppDomainName : /LM/W3SVC/124/ROOT-1-130483489535781250
ThreadIdentity : 
WindowsIdentity : SWBROADBAND\oldsugar
Requested URL : http://www.oldsugarmill.com/ScriptResource.axd?d=SK_oLX59xAQKJFJ9_irLOnJnIy0d1lwFhOkczfnGa6a6O9Nv4Ys42z5SrxVUpIj3R_3juP8l_Au-y57lL5OOE-G4-njDTPis76X8_JSGC51kGwFQXIy6NB4A4N7MikeR1TItfo2CtTpUaK6ywxbIWswlhh2jSGq4cJIHzd_EHHFTKy7HRNz2x-i6x3eyGNCUCOMGq9vSro0uBB_0ic3qqA2&t=155533f4


Category: ErrorLog

Priority: 0

EventId: 90000

Severity: Error

Title:Enterprise Library Exception Handling

Machine: WEB03

App Domain: /LM/W3SVC/124/ROOT-1-130483489535781250

ProcessId: 10220

Process Name: C:\Windows\SysWOW64\inetsrv\w3wp.exe

Thread Name: 

Win32 ThreadId:8980

Extended Properties: 
----------------------------------------
----------------------------------------
Timestamp: 27/06/2014 15:37:48

Message: HandlingInstanceID: 585042fa-20d7-400a-8f3b-9681bff56d72
An exception of type 'System.Web.HttpException' occurred and was caught.
------------------------------------------------------------------------
06/27/2014 16:37:48
Type : System.Web.HttpException, System.Web, Version=4.0.0.0, Culture=neutral, PublicKeyToken=b03f5f7f11d50a3a
Message : This is an invalid script resource request.
Source : System.Web.Extensions
Help link : 
WebEventCode : 0
ErrorCode : -2147467259
Data : System.Collections.ListDictionaryInternal
TargetSite : Void ProcessRequest(System.Web.HttpContextBase, VirtualFileReader, System.Action`2[System.String,System.Exception], Boolean)
HResult : -2147467259
Stack Trace :    at System.Web.Handlers.ScriptResourceHandler.ProcessRequest(HttpContextBase context, VirtualFileReader fileReader, Action`2 logAction, Boolean validatePath)
   at System.Web.Handlers.ScriptResourceHandler.ProcessRequest(HttpContext context)
   at System.Web.Handlers.ScriptResourceHandler.System.Web.IHttpHandler.ProcessRequest(HttpContext context)
   at System.Web.HttpApplication.CallHandlerExecutionStep.System.Web.HttpApplication.IExecutionStep.Execute()
   at System.Web.HttpApplication.ExecuteStep(IExecutionStep step, Boolean& completedSynchronously)

Additional Info:

MachineName : WEB03
TimeStamp : 27/06/2014 15:37:48
FullName : Telerik.Sitefinity.Utilities, Version=5.2.3700.0, Culture=neutral, PublicKeyToken=b28c218413bdf563
AppDomainName : /LM/W3SVC/124/ROOT-1-130483489535781250
ThreadIdentity : 
WindowsIdentity : SWBROADBAND\oldsugar
Requested URL : http://www.oldsugarmill.com/ScriptResource.axd?d=5yIHJ2ZLVyI53LXPSDCFvxuu0izPDKYFY8VEeH-XgiouQCVaYwa6jlCmIiL9_18cuhOP1nw9R3b918IMsnK3CjVS63MsP0TtjAQuLI_by4W6fPkVmUH_DZdrWKaVrK92hzl9VHh6Vq8qZspnajwjvq1Rs9U6CfvhhVjzReL0w6ueAfYq5gT5yYC6-jHoImtS0&t=155533f4


Category: ErrorLog

Priority: 0

EventId: 90000

Severity: Error

Title:Enterprise Library Exception Handling

Machine: WEB03

App Domain: /LM/W3SVC/124/ROOT-1-130483489535781250

ProcessId: 10220

Process Name: C:\Windows\SysWOW64\inetsrv\w3wp.exe

Thread Name: 

Win32 ThreadId:10364

Extended Properties: 
----------------------------------------
----------------------------------------
Timestamp: 6/27/2014 6:19:52 PM

Message: HandlingInstanceID: c603be18-6c1b-4362-8ac2-533c830ed6e7
An exception of type 'System.Web.HttpException' occurred and was caught.
------------------------------------------------------------------------
06/27/2014 19:19:52
Type : System.Web.HttpException, System.Web, Version=4.0.0.0, Culture=neutral, PublicKeyToken=b03f5f7f11d50a3a
Message : 
Source : System.Web
Help link : 
WebEventCode : 0
ErrorCode : -2147467259
Data : System.Collections.ListDictionaryInternal
TargetSite : Void CheckSuspiciousPhysicalPath(System.String)
HResult : -2147467259
Stack Trace :    at System.Web.Util.FileUtil.CheckSuspiciousPhysicalPath(String physicalPath)
   at System.Web.CachedPathData.ValidatePath(String physicalPath)
   at System.Web.HttpContext.ValidatePath()
   at System.Web.HttpApplication.PipelineStepManager.ValidateHelper(HttpContext context)

Additional Info:

MachineName : WEB03
TimeStamp : 6/27/2014 6:19:52 PM
FullName : Telerik.Sitefinity.Utilities, Version=5.2.3700.0, Culture=neutral, PublicKeyToken=b28c218413bdf563
AppDomainName : /LM/W3SVC/124/ROOT-1-130483489535781250
ThreadIdentity : 
WindowsIdentity : SWBROADBAND\oldsugar
Requested URL : http://www.oldsugarmill.com/


Category: ErrorLog

Priority: 0

EventId: 90000

Severity: Error

Title:Enterprise Library Exception Handling

Machine: WEB03

App Domain: /LM/W3SVC/124/ROOT-1-130483489535781250

ProcessId: 10220

Process Name: C:\Windows\SysWOW64\inetsrv\w3wp.exe

Thread Name: 

Win32 ThreadId:5316

Extended Properties: 
----------------------------------------
