----------------------------------------
Timestamp: 15/07/2014 03:09:23

Message: HandlingInstanceID: 0eaa8f16-f700-4cb3-aafb-47c88ca17b5b
An exception of type 'System.Web.HttpException' occurred and was caught.
------------------------------------------------------------------------
07/15/2014 04:09:23
Type : System.Web.HttpException, System.Web, Version=4.0.0.0, Culture=neutral, PublicKeyToken=b03f5f7f11d50a3a
Message : This is an invalid script resource request.
Source : System.Web.Extensions
Help link : 
WebEventCode : 0
ErrorCode : -2147467259
Data : System.Collections.ListDictionaryInternal
TargetSite : Void ProcessRequest(System.Web.HttpContextBase, VirtualFileReader, System.Action`2[System.String,System.Exception], Boolean)
HResult : -2147467259
Stack Trace :    at System.Web.Handlers.ScriptResourceHandler.ProcessRequest(HttpContextBase context, VirtualFileReader fileReader, Action`2 logAction, Boolean validatePath)
   at System.Web.Handlers.ScriptResourceHandler.ProcessRequest(HttpContext context)
   at System.Web.Handlers.ScriptResourceHandler.System.Web.IHttpHandler.ProcessRequest(HttpContext context)
   at System.Web.HttpApplication.CallHandlerExecutionStep.System.Web.HttpApplication.IExecutionStep.Execute()
   at System.Web.HttpApplication.ExecuteStep(IExecutionStep step, Boolean& completedSynchronously)

Additional Info:

MachineName : WEB03
TimeStamp : 15/07/2014 03:09:23
FullName : Telerik.Sitefinity.Utilities, Version=5.2.3700.0, Culture=neutral, PublicKeyToken=b28c218413bdf563
AppDomainName : /LM/W3SVC/124/ROOT-1-130498657740468750
ThreadIdentity : 
WindowsIdentity : SWBROADBAND\oldsugar
Requested URL : http://www.oldsugarmill.com/ScriptResource.axd?d=4zxcGhZllv2V1yBPO1NdrCYmYQk4lpP04EzBt_EU-c-K_Bjecs_dkOoX2uHkzdoK-o_Q_l8DHM4c73CGIpZX-EIsHuKQwJeXgKFt3Kt60RXmU1IUOL1O9p7vil-cOUz0n8-VH1hIPQqPemJheUEWVWtaz4cvmU9MXu-GGehtHCa0S1rpDBxxUVz6OizzwPqSoLsW7PftL9KSXFvLnDPOBw2&t=155533f4


Category: ErrorLog

Priority: 0

EventId: 90000

Severity: Error

Title:Enterprise Library Exception Handling

Machine: WEB03

App Domain: /LM/W3SVC/124/ROOT-1-130498657740468750

ProcessId: 6284

Process Name: C:\Windows\SysWOW64\inetsrv\w3wp.exe

Thread Name: 

Win32 ThreadId:1040

Extended Properties: 
----------------------------------------
----------------------------------------
Timestamp: 15/07/2014 03:09:23

Message: HandlingInstanceID: 2c0aeab4-8c3f-4e10-9ef1-6df2e529d6d3
An exception of type 'System.Web.HttpException' occurred and was caught.
------------------------------------------------------------------------
07/15/2014 04:09:23
Type : System.Web.HttpException, System.Web, Version=4.0.0.0, Culture=neutral, PublicKeyToken=b03f5f7f11d50a3a
Message : This is an invalid script resource request.
Source : System.Web.Extensions
Help link : 
WebEventCode : 0
ErrorCode : -2147467259
Data : System.Collections.ListDictionaryInternal
TargetSite : Void ProcessRequest(System.Web.HttpContextBase, VirtualFileReader, System.Action`2[System.String,System.Exception], Boolean)
HResult : -2147467259
Stack Trace :    at System.Web.Handlers.ScriptResourceHandler.ProcessRequest(HttpContextBase context, VirtualFileReader fileReader, Action`2 logAction, Boolean validatePath)
   at System.Web.Handlers.ScriptResourceHandler.ProcessRequest(HttpContext context)
   at System.Web.Handlers.ScriptResourceHandler.System.Web.IHttpHandler.ProcessRequest(HttpContext context)
   at System.Web.HttpApplication.CallHandlerExecutionStep.System.Web.HttpApplication.IExecutionStep.Execute()
   at System.Web.HttpApplication.ExecuteStep(IExecutionStep step, Boolean& completedSynchronously)

Additional Info:

MachineName : WEB03
TimeStamp : 15/07/2014 03:09:23
FullName : Telerik.Sitefinity.Utilities, Version=5.2.3700.0, Culture=neutral, PublicKeyToken=b28c218413bdf563
AppDomainName : /LM/W3SVC/124/ROOT-1-130498657740468750
ThreadIdentity : 
WindowsIdentity : SWBROADBAND\oldsugar
Requested URL : http://www.oldsugarmill.com/ScriptResource.axd?d=KcaTKBeUy6eQDIYJUaoruwMw3_zmMGyKYDlXTktAfRSJHd846_ctnvhdUYMo1kpWP8-rE4f3CkvhANN3OZ8uUfp2THsVk4OoGP-HaMtyCPoGHOhQsGX0NzFfMCTjZab_eF8CoGID_M4l6fCEAZalxgco2nQnJ6QGwZW_PesF0EDoVz-HLVyyzcPyidn9Dhs70&t=155533f4


Category: ErrorLog

Priority: 0

EventId: 90000

Severity: Error

Title:Enterprise Library Exception Handling

Machine: WEB03

App Domain: /LM/W3SVC/124/ROOT-1-130498657740468750

ProcessId: 6284

Process Name: C:\Windows\SysWOW64\inetsrv\w3wp.exe

Thread Name: 

Win32 ThreadId:4688

Extended Properties: 
----------------------------------------
----------------------------------------
Timestamp: 15/07/2014 03:09:24

Message: HandlingInstanceID: f3dfc035-c4f3-4855-acca-52b236315437
An exception of type 'System.Web.HttpException' occurred and was caught.
------------------------------------------------------------------------
07/15/2014 04:09:24
Type : System.Web.HttpException, System.Web, Version=4.0.0.0, Culture=neutral, PublicKeyToken=b03f5f7f11d50a3a
Message : This is an invalid script resource request.
Source : System.Web.Extensions
Help link : 
WebEventCode : 0
ErrorCode : -2147467259
Data : System.Collections.ListDictionaryInternal
TargetSite : Void ProcessRequest(System.Web.HttpContextBase, VirtualFileReader, System.Action`2[System.String,System.Exception], Boolean)
HResult : -2147467259
Stack Trace :    at System.Web.Handlers.ScriptResourceHandler.ProcessRequest(HttpContextBase context, VirtualFileReader fileReader, Action`2 logAction, Boolean validatePath)
   at System.Web.Handlers.ScriptResourceHandler.ProcessRequest(HttpContext context)
   at System.Web.Handlers.ScriptResourceHandler.System.Web.IHttpHandler.ProcessRequest(HttpContext context)
   at System.Web.HttpApplication.CallHandlerExecutionStep.System.Web.HttpApplication.IExecutionStep.Execute()
   at System.Web.HttpApplication.ExecuteStep(IExecutionStep step, Boolean& completedSynchronously)

Additional Info:

MachineName : WEB03
TimeStamp : 15/07/2014 03:09:24
FullName : Telerik.Sitefinity.Utilities, Version=5.2.3700.0, Culture=neutral, PublicKeyToken=b28c218413bdf563
AppDomainName : /LM/W3SVC/124/ROOT-1-130498657740468750
ThreadIdentity : 
WindowsIdentity : SWBROADBAND\oldsugar
Requested URL : http://www.oldsugarmill.com/ScriptResource.axd?d=4zxcGhZllv2V1yBPO1NdrCYmYQk4lpP04EzBt_EU-c-K_Bjecs_dkOoX2uHkzdoK-o_Q_l8DHM4c73CGIpZX-EIsHuKQwJeXgKFt3Kt60RXmU1IUOL1O9p7vil-cOUz0n8-VH1hIPQqPemJheUEWVWtaz4cvmU9MXu-GGehtHCa0S1rpDBxxUVz6OizzwPqSoLsW7PftL9KSXFvLnDPOBw2&t=155533f4


Category: ErrorLog

Priority: 0

EventId: 90000

Severity: Error

Title:Enterprise Library Exception Handling

Machine: WEB03

App Domain: /LM/W3SVC/124/ROOT-1-130498657740468750

ProcessId: 6284

Process Name: C:\Windows\SysWOW64\inetsrv\w3wp.exe

Thread Name: 

Win32 ThreadId:11252

Extended Properties: 
----------------------------------------
----------------------------------------
Timestamp: 15/07/2014 03:09:25

Message: HandlingInstanceID: 9b9577ee-0351-4ad4-aa86-4acc25546577
An exception of type 'System.Web.HttpException' occurred and was caught.
------------------------------------------------------------------------
07/15/2014 04:09:25
Type : System.Web.HttpException, System.Web, Version=4.0.0.0, Culture=neutral, PublicKeyToken=b03f5f7f11d50a3a
Message : This is an invalid script resource request.
Source : System.Web.Extensions
Help link : 
WebEventCode : 0
ErrorCode : -2147467259
Data : System.Collections.ListDictionaryInternal
TargetSite : Void ProcessRequest(System.Web.HttpContextBase, VirtualFileReader, System.Action`2[System.String,System.Exception], Boolean)
HResult : -2147467259
Stack Trace :    at System.Web.Handlers.ScriptResourceHandler.ProcessRequest(HttpContextBase context, VirtualFileReader fileReader, Action`2 logAction, Boolean validatePath)
   at System.Web.Handlers.ScriptResourceHandler.ProcessRequest(HttpContext context)
   at System.Web.Handlers.ScriptResourceHandler.System.Web.IHttpHandler.ProcessRequest(HttpContext context)
   at System.Web.HttpApplication.CallHandlerExecutionStep.System.Web.HttpApplication.IExecutionStep.Execute()
   at System.Web.HttpApplication.ExecuteStep(IExecutionStep step, Boolean& completedSynchronously)

Additional Info:

MachineName : WEB03
TimeStamp : 15/07/2014 03:09:25
FullName : Telerik.Sitefinity.Utilities, Version=5.2.3700.0, Culture=neutral, PublicKeyToken=b28c218413bdf563
AppDomainName : /LM/W3SVC/124/ROOT-1-130498657740468750
ThreadIdentity : 
WindowsIdentity : SWBROADBAND\oldsugar
Requested URL : http://www.oldsugarmill.com/ScriptResource.axd?d=KcaTKBeUy6eQDIYJUaoruwMw3_zmMGyKYDlXTktAfRSJHd846_ctnvhdUYMo1kpWP8-rE4f3CkvhANN3OZ8uUfp2THsVk4OoGP-HaMtyCPoGHOhQsGX0NzFfMCTjZab_eF8CoGID_M4l6fCEAZalxgco2nQnJ6QGwZW_PesF0EDoVz-HLVyyzcPyidn9Dhs70&t=155533f4


Category: ErrorLog

Priority: 0

EventId: 90000

Severity: Error

Title:Enterprise Library Exception Handling

Machine: WEB03

App Domain: /LM/W3SVC/124/ROOT-1-130498657740468750

ProcessId: 6284

Process Name: C:\Windows\SysWOW64\inetsrv\w3wp.exe

Thread Name: 

Win32 ThreadId:1040

Extended Properties: 
----------------------------------------
----------------------------------------
Timestamp: 15/07/2014 10:07:03

Message: HandlingInstanceID: abe4d07a-532c-43e4-8f73-10a4c94ff60b
An exception of type 'System.Web.HttpException' occurred and was caught.
------------------------------------------------------------------------
07/15/2014 11:07:03
Type : System.Web.HttpException, System.Web, Version=4.0.0.0, Culture=neutral, PublicKeyToken=b03f5f7f11d50a3a
Message : This is an invalid script resource request.
Source : System.Web.Extensions
Help link : 
WebEventCode : 0
ErrorCode : -2147467259
Data : System.Collections.ListDictionaryInternal
TargetSite : Void ProcessRequest(System.Web.HttpContextBase, VirtualFileReader, System.Action`2[System.String,System.Exception], Boolean)
HResult : -2147467259
Stack Trace :    at System.Web.Handlers.ScriptResourceHandler.ProcessRequest(HttpContextBase context, VirtualFileReader fileReader, Action`2 logAction, Boolean validatePath)
   at System.Web.Handlers.ScriptResourceHandler.ProcessRequest(HttpContext context)
   at System.Web.Handlers.ScriptResourceHandler.System.Web.IHttpHandler.ProcessRequest(HttpContext context)
   at System.Web.HttpApplication.CallHandlerExecutionStep.System.Web.HttpApplication.IExecutionStep.Execute()
   at System.Web.HttpApplication.ExecuteStep(IExecutionStep step, Boolean& completedSynchronously)

Additional Info:

MachineName : WEB03
TimeStamp : 15/07/2014 10:07:03
FullName : Telerik.Sitefinity.Utilities, Version=5.2.3700.0, Culture=neutral, PublicKeyToken=b28c218413bdf563
AppDomainName : /LM/W3SVC/124/ROOT-1-130498896570000000
ThreadIdentity : 
WindowsIdentity : SWBROADBAND\oldsugar
Requested URL : http://oldsugarmill.swbroadband.co.uk/ScriptResource.axd?d=lqjla0K0Mu4NjAhciRQN_CIerZhQtqVyKSEL-1tmGw-Vj9-MFrip8-2yo9ZqkZyUlurdT9tMoPL9yabmGJKzEDTfWYBX9SY9DTHph-_2EEhj0tjF3ue0qLXIDzEIIsx2XSRh5L2ZLUV35i6J61DxO9n5N1sVV9VmC-aRnXBJNKE1y4gGZEOoPo9xGuTtxR-h0&t=155533f4


Category: ErrorLog

Priority: 0

EventId: 90000

Severity: Error

Title:Enterprise Library Exception Handling

Machine: WEB03

App Domain: /LM/W3SVC/124/ROOT-1-130498896570000000

ProcessId: 12000

Process Name: C:\Windows\SysWOW64\inetsrv\w3wp.exe

Thread Name: 

Win32 ThreadId:6296

Extended Properties: 
----------------------------------------
----------------------------------------
Timestamp: 15/07/2014 10:07:04

Message: HandlingInstanceID: 7f277133-2e8a-4438-8aea-90eeb37f1044
An exception of type 'System.Web.HttpException' occurred and was caught.
------------------------------------------------------------------------
07/15/2014 11:07:04
Type : System.Web.HttpException, System.Web, Version=4.0.0.0, Culture=neutral, PublicKeyToken=b03f5f7f11d50a3a
Message : This is an invalid script resource request.
Source : System.Web.Extensions
Help link : 
WebEventCode : 0
ErrorCode : -2147467259
Data : System.Collections.ListDictionaryInternal
TargetSite : Void ProcessRequest(System.Web.HttpContextBase, VirtualFileReader, System.Action`2[System.String,System.Exception], Boolean)
HResult : -2147467259
Stack Trace :    at System.Web.Handlers.ScriptResourceHandler.ProcessRequest(HttpContextBase context, VirtualFileReader fileReader, Action`2 logAction, Boolean validatePath)
   at System.Web.Handlers.ScriptResourceHandler.ProcessRequest(HttpContext context)
   at System.Web.Handlers.ScriptResourceHandler.System.Web.IHttpHandler.ProcessRequest(HttpContext context)
   at System.Web.HttpApplication.CallHandlerExecutionStep.System.Web.HttpApplication.IExecutionStep.Execute()
   at System.Web.HttpApplication.ExecuteStep(IExecutionStep step, Boolean& completedSynchronously)

Additional Info:

MachineName : WEB03
TimeStamp : 15/07/2014 10:07:04
FullName : Telerik.Sitefinity.Utilities, Version=5.2.3700.0, Culture=neutral, PublicKeyToken=b28c218413bdf563
AppDomainName : /LM/W3SVC/124/ROOT-1-130498896570000000
ThreadIdentity : 
WindowsIdentity : SWBROADBAND\oldsugar
Requested URL : http://oldsugarmill.swbroadband.co.uk/ScriptResource.axd?d=8z_M8dAveHdrBfBUCd1q2ir_3ObVQ41SnODKgX8PI0VAndb3I35RLqfXVDO2iFhREGz1l7V558ay_WoUR4B22zfkto2vnZjfYxYT2XrdsiRMtS5oZDAetacB2owI5WFzSn0_R-KbNewjWbUeyXzp3T6lRNEHcGVsmk9bEMCU3E7wIiOUHa8lQyswUAb7zzBrr4lG62zGp9xcGfeWq-jfgQ2&t=155533f4


Category: ErrorLog

Priority: 0

EventId: 90000

Severity: Error

Title:Enterprise Library Exception Handling

Machine: WEB03

App Domain: /LM/W3SVC/124/ROOT-1-130498896570000000

ProcessId: 12000

Process Name: C:\Windows\SysWOW64\inetsrv\w3wp.exe

Thread Name: 

Win32 ThreadId:11440

Extended Properties: 
----------------------------------------
----------------------------------------
Timestamp: 15/07/2014 11:36:03

Message: HandlingInstanceID: a5cc2266-6411-446a-be0c-3d126cabcb8d
An exception of type 'System.Web.HttpException' occurred and was caught.
------------------------------------------------------------------------
07/15/2014 12:36:03
Type : System.Web.HttpException, System.Web, Version=4.0.0.0, Culture=neutral, PublicKeyToken=b03f5f7f11d50a3a
Message : This is an invalid webresource request.
Source : System.Web
Help link : 
WebEventCode : 0
ErrorCode : -2147467259
Data : System.Collections.ListDictionaryInternal
TargetSite : Void System.Web.IHttpHandler.ProcessRequest(System.Web.HttpContext)
HResult : -2147467259
Stack Trace :    at System.Web.Handlers.AssemblyResourceLoader.System.Web.IHttpHandler.ProcessRequest(HttpContext context)
   at System.Web.HttpApplication.CallHandlerExecutionStep.System.Web.HttpApplication.IExecutionStep.Execute()
   at System.Web.HttpApplication.ExecuteStep(IExecutionStep step, Boolean& completedSynchronously)

Additional Info:

MachineName : WEB03
TimeStamp : 15/07/2014 11:36:03
FullName : Telerik.Sitefinity.Utilities, Version=5.2.3700.0, Culture=neutral, PublicKeyToken=b28c218413bdf563
AppDomainName : /LM/W3SVC/124/ROOT-1-130498965933750000
ThreadIdentity : 
WindowsIdentity : SWBROADBAND\oldsugar
Requested URL : http://oldsugarmill.swbroadband.co.uk/WebResource.axd?d=PBxYP2CDxP16UFQ3k7SDR11HhwqBEvrcN0UA3cJYkU9OU65sv3YgHdtEOcodQaCkMgPR_0Js9ELBgy1w2jx84E91LFv77cgBXiDFLJbuyh01&t=635195625120000000


Category: ErrorLog

Priority: 0

EventId: 90000

Severity: Error

Title:Enterprise Library Exception Handling

Machine: WEB03

App Domain: /LM/W3SVC/124/ROOT-1-130498965933750000

ProcessId: 5876

Process Name: C:\Windows\SysWOW64\inetsrv\w3wp.exe

Thread Name: 

Win32 ThreadId:6696

Extended Properties: 
----------------------------------------
----------------------------------------
Timestamp: 15/07/2014 12:32:51

Message: HandlingInstanceID: 442c545e-9ecf-4f54-ae7a-558824a97dcd
An exception of type 'System.Web.HttpException' occurred and was caught.
------------------------------------------------------------------------
07/15/2014 13:32:51
Type : System.Web.HttpException, System.Web, Version=4.0.0.0, Culture=neutral, PublicKeyToken=b03f5f7f11d50a3a
Message : This is an invalid webresource request.
Source : System.Web
Help link : 
WebEventCode : 0
ErrorCode : -2147467259
Data : System.Collections.ListDictionaryInternal
TargetSite : Void System.Web.IHttpHandler.ProcessRequest(System.Web.HttpContext)
HResult : -2147467259
Stack Trace :    at System.Web.Handlers.AssemblyResourceLoader.System.Web.IHttpHandler.ProcessRequest(HttpContext context)
   at System.Web.HttpApplication.CallHandlerExecutionStep.System.Web.HttpApplication.IExecutionStep.Execute()
   at System.Web.HttpApplication.ExecuteStep(IExecutionStep step, Boolean& completedSynchronously)

Additional Info:

MachineName : WEB03
TimeStamp : 15/07/2014 12:32:51
FullName : Telerik.Sitefinity.Utilities, Version=5.2.3700.0, Culture=neutral, PublicKeyToken=b28c218413bdf563
AppDomainName : /LM/W3SVC/124/ROOT-1-130498996307343750
ThreadIdentity : 
WindowsIdentity : SWBROADBAND\oldsugar
Requested URL : http://www.oldsugarmill.com/WebResource.axd?d=3rMBNvEbXyVKvk1eTv9z3g6Z8p0tDizreUb3iNQoDJGNNFMCBGyPDsexGQKWKpJixXpdvcpAby6D_VETD_LCP7GDgY-0u3VuJibophcfZtE1&t=635195625120000000


Category: ErrorLog

Priority: 0

EventId: 90000

Severity: Error

Title:Enterprise Library Exception Handling

Machine: WEB03

App Domain: /LM/W3SVC/124/ROOT-1-130498996307343750

ProcessId: 11192

Process Name: C:\Windows\SysWOW64\inetsrv\w3wp.exe

Thread Name: 

Win32 ThreadId:7180

Extended Properties: 
----------------------------------------
----------------------------------------
Timestamp: 15/07/2014 13:38:09

Message: HandlingInstanceID: 60af2f25-722f-4f6a-913e-5507f4119308
An exception of type 'System.Web.HttpException' occurred and was caught.
------------------------------------------------------------------------
07/15/2014 14:38:09
Type : System.Web.HttpException, System.Web, Version=4.0.0.0, Culture=neutral, PublicKeyToken=b03f5f7f11d50a3a
Message : This is an invalid script resource request.
Source : System.Web.Extensions
Help link : 
WebEventCode : 0
ErrorCode : -2147467259
Data : System.Collections.ListDictionaryInternal
TargetSite : Void ProcessRequest(System.Web.HttpContextBase, VirtualFileReader, System.Action`2[System.String,System.Exception], Boolean)
HResult : -2147467259
Stack Trace :    at System.Web.Handlers.ScriptResourceHandler.ProcessRequest(HttpContextBase context, VirtualFileReader fileReader, Action`2 logAction, Boolean validatePath)
   at System.Web.Handlers.ScriptResourceHandler.ProcessRequest(HttpContext context)
   at System.Web.Handlers.ScriptResourceHandler.System.Web.IHttpHandler.ProcessRequest(HttpContext context)
   at System.Web.HttpApplication.CallHandlerExecutionStep.System.Web.HttpApplication.IExecutionStep.Execute()
   at System.Web.HttpApplication.ExecuteStep(IExecutionStep step, Boolean& completedSynchronously)

Additional Info:

MachineName : WEB03
TimeStamp : 15/07/2014 13:38:09
FullName : Telerik.Sitefinity.Utilities, Version=5.2.3700.0, Culture=neutral, PublicKeyToken=b28c218413bdf563
AppDomainName : /LM/W3SVC/124/ROOT-1-130499042891875000
ThreadIdentity : 
WindowsIdentity : SWBROADBAND\oldsugar
Requested URL : http://www.oldsugarmill.com/ScriptResource.axd?d=_KZmTDqQA2lVgnaeJDoaBVjDo2Sme8oSXalZQT-awGadD_HoJ9OhP2qO9wrAFXNiINha54FyYq7wEC0Gm985Y1S4T86Bbg7hvgxKzyIjZN8QoxGG0aq9R9ncdDp71ssLzw3RnmCWZdTyoC1xCl8kBIq1w3WvCw37-8hoROSkO6QWZESE8qVV45OM6wVz5Qez0&t=155533f4


Category: ErrorLog

Priority: 0

EventId: 90000

Severity: Error

Title:Enterprise Library Exception Handling

Machine: WEB03

App Domain: /LM/W3SVC/124/ROOT-1-130499042891875000

ProcessId: 7252

Process Name: C:\Windows\SysWOW64\inetsrv\w3wp.exe

Thread Name: 

Win32 ThreadId:4408

Extended Properties: 
----------------------------------------
----------------------------------------
Timestamp: 15/07/2014 13:38:10

Message: HandlingInstanceID: e3a9e369-60ec-4c3b-a5a8-e924582b17f7
An exception of type 'System.Web.HttpException' occurred and was caught.
------------------------------------------------------------------------
07/15/2014 14:38:10
Type : System.Web.HttpException, System.Web, Version=4.0.0.0, Culture=neutral, PublicKeyToken=b03f5f7f11d50a3a
Message : This is an invalid script resource request.
Source : System.Web.Extensions
Help link : 
WebEventCode : 0
ErrorCode : -2147467259
Data : System.Collections.ListDictionaryInternal
TargetSite : Void ProcessRequest(System.Web.HttpContextBase, VirtualFileReader, System.Action`2[System.String,System.Exception], Boolean)
HResult : -2147467259
Stack Trace :    at System.Web.Handlers.ScriptResourceHandler.ProcessRequest(HttpContextBase context, VirtualFileReader fileReader, Action`2 logAction, Boolean validatePath)
   at System.Web.Handlers.ScriptResourceHandler.ProcessRequest(HttpContext context)
   at System.Web.Handlers.ScriptResourceHandler.System.Web.IHttpHandler.ProcessRequest(HttpContext context)
   at System.Web.HttpApplication.CallHandlerExecutionStep.System.Web.HttpApplication.IExecutionStep.Execute()
   at System.Web.HttpApplication.ExecuteStep(IExecutionStep step, Boolean& completedSynchronously)

Additional Info:

MachineName : WEB03
TimeStamp : 15/07/2014 13:38:10
FullName : Telerik.Sitefinity.Utilities, Version=5.2.3700.0, Culture=neutral, PublicKeyToken=b28c218413bdf563
AppDomainName : /LM/W3SVC/124/ROOT-1-130499042891875000
ThreadIdentity : 
WindowsIdentity : SWBROADBAND\oldsugar
Requested URL : http://www.oldsugarmill.com/ScriptResource.axd?d=6ZiL_TBUBw4kG6V9LOWYI9wTMiy_bzGkevYtS7PEniUd4v58xWOlO6S1utzH3p7N6_Og9f_mXFWAAZ7p0OlGM1QcpTGHAb6wxWQELsCO3ZDKs8odCrMOLIZn3lCm9pVitUXJLFg-R0JSyWb3sjQwQCho2M0flYHWWBUAWsIOrLcKnPFHhdje5bVHfr3eDNGQNCXVaWib0fZtNFv9_M7dOw2&t=155533f4


Category: ErrorLog

Priority: 0

EventId: 90000

Severity: Error

Title:Enterprise Library Exception Handling

Machine: WEB03

App Domain: /LM/W3SVC/124/ROOT-1-130499042891875000

ProcessId: 7252

Process Name: C:\Windows\SysWOW64\inetsrv\w3wp.exe

Thread Name: 

Win32 ThreadId:4408

Extended Properties: 
----------------------------------------
----------------------------------------
Timestamp: 7/15/2014 4:36:07 PM

Message: HandlingInstanceID: 283257f4-b0e9-4bbd-8c7f-f3318b7f4889
An exception of type 'System.Web.HttpException' occurred and was caught.
------------------------------------------------------------------------
07/15/2014 17:36:07
Type : System.Web.HttpException, System.Web, Version=4.0.0.0, Culture=neutral, PublicKeyToken=b03f5f7f11d50a3a
Message : File not found.
Source : Telerik.Sitefinity
Help link : 
WebEventCode : 0
ErrorCode : -2147467259
Data : System.Collections.ListDictionaryInternal
TargetSite : IOutputItem GetOutputItem(System.Web.HttpRequest, System.Web.HttpResponse, Telerik.Microsoft.Practices.EnterpriseLibrary.Caching.ICacheManager, System.String, Telerik.Sitefinity.Libraries.Model.MediaContent ByRef)
HResult : -2147467259
Stack Trace :    at Telerik.Sitefinity.Modules.Libraries.Web.LibraryHttpHandler.GetOutputItem(HttpRequest request, HttpResponse response, ICacheManager cache, String key, MediaContent& content)
   at Telerik.Sitefinity.Modules.Libraries.Web.LibraryHttpHandler.ProcessRequest(HttpContext context)
   at System.Web.HttpApplication.CallHandlerExecutionStep.System.Web.HttpApplication.IExecutionStep.Execute()
   at System.Web.HttpApplication.ExecuteStep(IExecutionStep step, Boolean& completedSynchronously)

Additional Info:

MachineName : WEB03
TimeStamp : 7/15/2014 4:36:07 PM
FullName : Telerik.Sitefinity.Utilities, Version=5.2.3700.0, Culture=neutral, PublicKeyToken=b28c218413bdf563
AppDomainName : /LM/W3SVC/124/ROOT-1-130499096739843750
ThreadIdentity : 
WindowsIdentity : SWBROADBAND\oldsugar
Requested URL : http://www.oldsugarmill.com/images/buyhere_mini.png


Category: ErrorLog

Priority: 0

EventId: 90000

Severity: Error

Title:Enterprise Library Exception Handling

Machine: WEB03

App Domain: /LM/W3SVC/124/ROOT-1-130499096739843750

ProcessId: 9504

Process Name: C:\Windows\SysWOW64\inetsrv\w3wp.exe

Thread Name: 

Win32 ThreadId:1956

Extended Properties: 
----------------------------------------
----------------------------------------
Timestamp: 7/15/2014 4:36:08 PM

Message: HandlingInstanceID: 2abcc505-f7a0-44da-bcb5-7002c099db49
An exception of type 'System.Web.HttpException' occurred and was caught.
------------------------------------------------------------------------
07/15/2014 17:36:08
Type : System.Web.HttpException, System.Web, Version=4.0.0.0, Culture=neutral, PublicKeyToken=b03f5f7f11d50a3a
Message : File not found.
Source : Telerik.Sitefinity
Help link : 
WebEventCode : 0
ErrorCode : -2147467259
Data : System.Collections.ListDictionaryInternal
TargetSite : IOutputItem GetOutputItem(System.Web.HttpRequest, System.Web.HttpResponse, Telerik.Microsoft.Practices.EnterpriseLibrary.Caching.ICacheManager, System.String, Telerik.Sitefinity.Libraries.Model.MediaContent ByRef)
HResult : -2147467259
Stack Trace :    at Telerik.Sitefinity.Modules.Libraries.Web.LibraryHttpHandler.GetOutputItem(HttpRequest request, HttpResponse response, ICacheManager cache, String key, MediaContent& content)
   at Telerik.Sitefinity.Modules.Libraries.Web.LibraryHttpHandler.ProcessRequest(HttpContext context)
   at System.Web.HttpApplication.CallHandlerExecutionStep.System.Web.HttpApplication.IExecutionStep.Execute()
   at System.Web.HttpApplication.ExecuteStep(IExecutionStep step, Boolean& completedSynchronously)

Additional Info:

MachineName : WEB03
TimeStamp : 7/15/2014 4:36:08 PM
FullName : Telerik.Sitefinity.Utilities, Version=5.2.3700.0, Culture=neutral, PublicKeyToken=b28c218413bdf563
AppDomainName : /LM/W3SVC/124/ROOT-1-130499096739843750
ThreadIdentity : 
WindowsIdentity : SWBROADBAND\oldsugar
Requested URL : http://www.oldsugarmill.com/images/buyhere_mini.png


Category: ErrorLog

Priority: 0

EventId: 90000

Severity: Error

Title:Enterprise Library Exception Handling

Machine: WEB03

App Domain: /LM/W3SVC/124/ROOT-1-130499096739843750

ProcessId: 9504

Process Name: C:\Windows\SysWOW64\inetsrv\w3wp.exe

Thread Name: 

Win32 ThreadId:5604

Extended Properties: 
----------------------------------------
----------------------------------------
Timestamp: 15/07/2014 16:46:26

Message: HandlingInstanceID: 9867aa1c-b8b7-4c78-83f8-2dae9e4d54de
An exception of type 'System.Web.HttpException' occurred and was caught.
------------------------------------------------------------------------
07/15/2014 17:46:26
Type : System.Web.HttpException, System.Web, Version=4.0.0.0, Culture=neutral, PublicKeyToken=b03f5f7f11d50a3a
Message : This is an invalid webresource request.
Source : System.Web
Help link : 
WebEventCode : 0
ErrorCode : -2147467259
Data : System.Collections.ListDictionaryInternal
TargetSite : Void System.Web.IHttpHandler.ProcessRequest(System.Web.HttpContext)
HResult : -2147467259
Stack Trace :    at System.Web.Handlers.AssemblyResourceLoader.System.Web.IHttpHandler.ProcessRequest(HttpContext context)
   at System.Web.HttpApplication.CallHandlerExecutionStep.System.Web.HttpApplication.IExecutionStep.Execute()
   at System.Web.HttpApplication.ExecuteStep(IExecutionStep step, Boolean& completedSynchronously)

Additional Info:

MachineName : WEB03
TimeStamp : 15/07/2014 16:46:26
FullName : Telerik.Sitefinity.Utilities, Version=5.2.3700.0, Culture=neutral, PublicKeyToken=b28c218413bdf563
AppDomainName : /LM/W3SVC/124/ROOT-1-130499096739843750
ThreadIdentity : 
WindowsIdentity : SWBROADBAND\oldsugar
Requested URL : http://www.oldsugarmill.com/WebResource.axd?d=zqNmJG1_O8AxJeADLIxHc9X9YmmV6RjanZn0AFcUqtkm0ir6T0A-2FlbRT_DaoXabZTsIGGmK6ycPmytSYePeuY5CFrXphGnxvkoHEHzB3lnjYhJB4YRfGGao8MXnegbCw7AVFj7ZrdrNqys49EHlJtEuFYBAbwX5HUF7hHpu9AOciHlm3t3bLv6ll-_1aE10&t=634901614949834375


Category: ErrorLog

Priority: 0

EventId: 90000

Severity: Error

Title:Enterprise Library Exception Handling

Machine: WEB03

App Domain: /LM/W3SVC/124/ROOT-1-130499096739843750

ProcessId: 9504

Process Name: C:\Windows\SysWOW64\inetsrv\w3wp.exe

Thread Name: 

Win32 ThreadId:6172

Extended Properties: 
----------------------------------------
----------------------------------------
Timestamp: 15/07/2014 17:13:46

Message: HandlingInstanceID: c127479b-1c68-4118-ad37-8ea87b412086
An exception of type 'System.Web.HttpException' occurred and was caught.
------------------------------------------------------------------------
07/15/2014 18:13:46
Type : System.Web.HttpException, System.Web, Version=4.0.0.0, Culture=neutral, PublicKeyToken=b03f5f7f11d50a3a
Message : This is an invalid script resource request.
Source : System.Web.Extensions
Help link : 
WebEventCode : 0
ErrorCode : -2147467259
Data : System.Collections.ListDictionaryInternal
TargetSite : Void ProcessRequest(System.Web.HttpContextBase, VirtualFileReader, System.Action`2[System.String,System.Exception], Boolean)
HResult : -2147467259
Stack Trace :    at System.Web.Handlers.ScriptResourceHandler.ProcessRequest(HttpContextBase context, VirtualFileReader fileReader, Action`2 logAction, Boolean validatePath)
   at System.Web.Handlers.ScriptResourceHandler.ProcessRequest(HttpContext context)
   at System.Web.Handlers.ScriptResourceHandler.System.Web.IHttpHandler.ProcessRequest(HttpContext context)
   at System.Web.HttpApplication.CallHandlerExecutionStep.System.Web.HttpApplication.IExecutionStep.Execute()
   at System.Web.HttpApplication.ExecuteStep(IExecutionStep step, Boolean& completedSynchronously)

Additional Info:

MachineName : WEB03
TimeStamp : 15/07/2014 17:13:46
FullName : Telerik.Sitefinity.Utilities, Version=5.2.3700.0, Culture=neutral, PublicKeyToken=b28c218413bdf563
AppDomainName : /LM/W3SVC/124/ROOT-1-130499096739843750
ThreadIdentity : 
WindowsIdentity : SWBROADBAND\oldsugar
Requested URL : http://www.oldsugarmill.com/footbar/contact/ScriptResource.axd?d=sFNPU90y1S5eZMUChLO5tE_XUTWc_ULEiadLBE3Pcj5MoYTHyvdIfZ3_akuB34lY05RTTs-5eon8HwV4j-s0L_ZMtca_ARMNMYV3AqPr46Q1


Category: ErrorLog

Priority: 0

EventId: 90000

Severity: Error

Title:Enterprise Library Exception Handling

Machine: WEB03

App Domain: /LM/W3SVC/124/ROOT-1-130499096739843750

ProcessId: 9504

Process Name: C:\Windows\SysWOW64\inetsrv\w3wp.exe

Thread Name: 

Win32 ThreadId:10988

Extended Properties: 
----------------------------------------
----------------------------------------
Timestamp: 15/07/2014 17:14:25

Message: HandlingInstanceID: c1eb9a05-2305-4bc5-a91a-681eef01b006
An exception of type 'System.Web.HttpException' occurred and was caught.
------------------------------------------------------------------------
07/15/2014 18:14:25
Type : System.Web.HttpException, System.Web, Version=4.0.0.0, Culture=neutral, PublicKeyToken=b03f5f7f11d50a3a
Message : This is an invalid script resource request.
Source : System.Web.Extensions
Help link : 
WebEventCode : 0
ErrorCode : -2147467259
Data : System.Collections.ListDictionaryInternal
TargetSite : Void ProcessRequest(System.Web.HttpContextBase, VirtualFileReader, System.Action`2[System.String,System.Exception], Boolean)
HResult : -2147467259
Stack Trace :    at System.Web.Handlers.ScriptResourceHandler.ProcessRequest(HttpContextBase context, VirtualFileReader fileReader, Action`2 logAction, Boolean validatePath)
   at System.Web.Handlers.ScriptResourceHandler.ProcessRequest(HttpContext context)
   at System.Web.Handlers.ScriptResourceHandler.System.Web.IHttpHandler.ProcessRequest(HttpContext context)
   at System.Web.HttpApplication.CallHandlerExecutionStep.System.Web.HttpApplication.IExecutionStep.Execute()
   at System.Web.HttpApplication.ExecuteStep(IExecutionStep step, Boolean& completedSynchronously)

Additional Info:

MachineName : WEB03
TimeStamp : 15/07/2014 17:14:25
FullName : Telerik.Sitefinity.Utilities, Version=5.2.3700.0, Culture=neutral, PublicKeyToken=b28c218413bdf563
AppDomainName : /LM/W3SVC/124/ROOT-1-130499096739843750
ThreadIdentity : 
WindowsIdentity : SWBROADBAND\oldsugar
Requested URL : http://www.oldsugarmill.com/footbar/mailing-list/ScriptResource.axd?d=mejcNPiSf2V45BvclfwwlodsAwFK9aXXmW_qLT98tCjlLwc8sAx2KHubQQ0-V6IA3N-bRciGlbJ4ZMsLSFu5AF-ZieX4sxJac8kutpepZDw1


Category: ErrorLog

Priority: 0

EventId: 90000

Severity: Error

Title:Enterprise Library Exception Handling

Machine: WEB03

App Domain: /LM/W3SVC/124/ROOT-1-130499096739843750

ProcessId: 9504

Process Name: C:\Windows\SysWOW64\inetsrv\w3wp.exe

Thread Name: 

Win32 ThreadId:7412

Extended Properties: 
----------------------------------------
----------------------------------------
Timestamp: 7/15/2014 8:14:10 PM

Message: HandlingInstanceID: 0f69ae92-c2b4-4b54-ab23-d78b47470b79
An exception of type 'System.Web.HttpException' occurred and was caught.
------------------------------------------------------------------------
07/15/2014 21:14:10
Type : System.Web.HttpException, System.Web, Version=4.0.0.0, Culture=neutral, PublicKeyToken=b03f5f7f11d50a3a
Message : Request timed out.
Source : 
Help link : 
WebEventCode : 3001
ErrorCode : -2147467259
Data : System.Collections.ListDictionaryInternal
TargetSite : 
HResult : -2147467259
Stack Trace : The stack trace is unavailable.
Additional Info:

MachineName : WEB03
TimeStamp : 7/15/2014 8:14:10 PM
FullName : Telerik.Sitefinity.Utilities, Version=5.2.3700.0, Culture=neutral, PublicKeyToken=b28c218413bdf563
AppDomainName : /LM/W3SVC/124/ROOT-1-130499237307812500
ThreadIdentity : 
WindowsIdentity : SWBROADBAND\oldsugar
Requested URL : http://www.oldsugarmill.com/images/default-source/base-images/cwc_wb_seasonalpairing_spring.png?sfvrsn=0


Category: ErrorLog

Priority: 0

EventId: 90000

Severity: Error

Title:Enterprise Library Exception Handling

Machine: WEB03

App Domain: /LM/W3SVC/124/ROOT-1-130499237307812500

ProcessId: 9916

Process Name: C:\Windows\SysWOW64\inetsrv\w3wp.exe

Thread Name: 

Win32 ThreadId:5348

Extended Properties: 
----------------------------------------
----------------------------------------
Timestamp: 15/07/2014 21:42:28

Message: HandlingInstanceID: d55fd5af-a44c-4ace-b7c8-741bd43085cb
An exception of type 'System.Web.HttpException' occurred and was caught.
------------------------------------------------------------------------
07/15/2014 22:42:28
Type : System.Web.HttpException, System.Web, Version=4.0.0.0, Culture=neutral, PublicKeyToken=b03f5f7f11d50a3a
Message : This is an invalid script resource request.
Source : System.Web.Extensions
Help link : 
WebEventCode : 0
ErrorCode : -2147467259
Data : System.Collections.ListDictionaryInternal
TargetSite : Void ProcessRequest(System.Web.HttpContextBase, VirtualFileReader, System.Action`2[System.String,System.Exception], Boolean)
HResult : -2147467259
Stack Trace :    at System.Web.Handlers.ScriptResourceHandler.ProcessRequest(HttpContextBase context, VirtualFileReader fileReader, Action`2 logAction, Boolean validatePath)
   at System.Web.Handlers.ScriptResourceHandler.ProcessRequest(HttpContext context)
   at System.Web.Handlers.ScriptResourceHandler.System.Web.IHttpHandler.ProcessRequest(HttpContext context)
   at System.Web.HttpApplication.CallHandlerExecutionStep.System.Web.HttpApplication.IExecutionStep.Execute()
   at System.Web.HttpApplication.ExecuteStep(IExecutionStep step, Boolean& completedSynchronously)

Additional Info:

MachineName : WEB03
TimeStamp : 15/07/2014 21:42:28
FullName : Telerik.Sitefinity.Utilities, Version=5.2.3700.0, Culture=neutral, PublicKeyToken=b28c218413bdf563
AppDomainName : /LM/W3SVC/124/ROOT-1-130499237307812500
ThreadIdentity : 
WindowsIdentity : SWBROADBAND\oldsugar
Requested URL : http://www.oldsugarmill.com/ScriptResource.axd?d=WbpAPAUjXH2DNyyuJoiyDlcHjDsUweISSAf2wY2MpVTQYyPWzbvgB41NbVOr7SXKsISnid0b1gVHe4xhafQ-98NUziE5klu71MkH7Ohvy7ZEP67PbuEbpFFKvUoVuyV1Ehg2AOlqiPBBp1EYSszn8gP8ZCXM64RPGEBPZfR4Zc0y2Zx2FV5v2ZHkAni8pQwf0&t=155533f4


Category: ErrorLog

Priority: 0

EventId: 90000

Severity: Error

Title:Enterprise Library Exception Handling

Machine: WEB03

App Domain: /LM/W3SVC/124/ROOT-1-130499237307812500

ProcessId: 9916

Process Name: C:\Windows\SysWOW64\inetsrv\w3wp.exe

Thread Name: 

Win32 ThreadId:7028

Extended Properties: 
----------------------------------------
----------------------------------------
Timestamp: 15/07/2014 21:42:34

Message: HandlingInstanceID: 33df879a-7d22-405d-b55f-8009735d5dae
An exception of type 'System.Web.HttpException' occurred and was caught.
------------------------------------------------------------------------
07/15/2014 22:42:34
Type : System.Web.HttpException, System.Web, Version=4.0.0.0, Culture=neutral, PublicKeyToken=b03f5f7f11d50a3a
Message : This is an invalid script resource request.
Source : System.Web.Extensions
Help link : 
WebEventCode : 0
ErrorCode : -2147467259
Data : System.Collections.ListDictionaryInternal
TargetSite : Void ProcessRequest(System.Web.HttpContextBase, VirtualFileReader, System.Action`2[System.String,System.Exception], Boolean)
HResult : -2147467259
Stack Trace :    at System.Web.Handlers.ScriptResourceHandler.ProcessRequest(HttpContextBase context, VirtualFileReader fileReader, Action`2 logAction, Boolean validatePath)
   at System.Web.Handlers.ScriptResourceHandler.ProcessRequest(HttpContext context)
   at System.Web.Handlers.ScriptResourceHandler.System.Web.IHttpHandler.ProcessRequest(HttpContext context)
   at System.Web.HttpApplication.CallHandlerExecutionStep.System.Web.HttpApplication.IExecutionStep.Execute()
   at System.Web.HttpApplication.ExecuteStep(IExecutionStep step, Boolean& completedSynchronously)

Additional Info:

MachineName : WEB03
TimeStamp : 15/07/2014 21:42:34
FullName : Telerik.Sitefinity.Utilities, Version=5.2.3700.0, Culture=neutral, PublicKeyToken=b28c218413bdf563
AppDomainName : /LM/W3SVC/124/ROOT-1-130499237307812500
ThreadIdentity : 
WindowsIdentity : SWBROADBAND\oldsugar
Requested URL : http://www.oldsugarmill.com/ScriptResource.axd?d=unko5q28W0Ml9PAK3gzoriZVNx431OHmDIM0T1ztZMQmQkg8LYWplWs6-wMSx1jyqL482ccG8dqGbkVR_-8sDIq50Gz3aCoh-DHkH8PHI7AwRWjTzKPMToVODHV_vEC6Es0XNaOACeEE4BH_OE1QAyU1WKDC8qNaIPBzFtaTIhmG7r9mkpLfP3lBnUCwY8u5luZdWYGjWaelG_-GUEoGcA2&t=155533f4


Category: ErrorLog

Priority: 0

EventId: 90000

Severity: Error

Title:Enterprise Library Exception Handling

Machine: WEB03

App Domain: /LM/W3SVC/124/ROOT-1-130499237307812500

ProcessId: 9916

Process Name: C:\Windows\SysWOW64\inetsrv\w3wp.exe

Thread Name: 

Win32 ThreadId:9252

Extended Properties: 
----------------------------------------
----------------------------------------
Timestamp: 7/15/2014 9:46:55 PM

Message: HandlingInstanceID: 2f85704e-04c4-4a69-85f5-47f49026b7c5
An exception of type 'System.Web.HttpException' occurred and was caught.
------------------------------------------------------------------------
07/15/2014 22:46:55
Type : System.Web.HttpException, System.Web, Version=4.0.0.0, Culture=neutral, PublicKeyToken=b03f5f7f11d50a3a
Message : The remote host closed the connection. The error code is 0x80070079.
Source : System.Web
Help link : 
WebEventCode : 0
ErrorCode : -2147024775
Data : System.Collections.ListDictionaryInternal
TargetSite : Void RaiseCommunicationError(Int32, Boolean)
HResult : -2147024775
Stack Trace :    at System.Web.Hosting.IIS7WorkerRequest.RaiseCommunicationError(Int32 result, Boolean throwOnDisconnect)
   at System.Web.Hosting.IIS7WorkerRequest.ExplicitFlush()
   at System.Web.HttpResponse.Flush(Boolean finalFlush, Boolean async)
   at System.Web.HttpResponse.Flush()
   at System.Web.HttpWriter.WriteFromStream(Byte[] data, Int32 offset, Int32 size)
   at System.Web.HttpResponseStream.Write(Byte[] buffer, Int32 offset, Int32 count)
   at Telerik.Sitefinity.Modules.Libraries.Web.LibraryHttpHandler.<>c__DisplayClassd.<SendCachedResponse>b__b()
   at Telerik.Sitefinity.Modules.Libraries.Web.LibraryHttpHandler.IgnoringClosedConnection(Action action)
   at Telerik.Sitefinity.Modules.Libraries.Web.LibraryHttpHandler.SendCachedResponse(HttpRequest request, HttpResponse response, OutputItem item)
   at Telerik.Sitefinity.Modules.Libraries.Web.LibraryHttpHandler.ProcessRequest(HttpContext context)
   at System.Web.HttpApplication.CallHandlerExecutionStep.System.Web.HttpApplication.IExecutionStep.Execute()
   at System.Web.HttpApplication.ExecuteStep(IExecutionStep step, Boolean& completedSynchronously)

Additional Info:

MachineName : WEB03
TimeStamp : 7/15/2014 9:46:55 PM
FullName : Telerik.Sitefinity.Utilities, Version=5.2.3700.0, Culture=neutral, PublicKeyToken=b28c218413bdf563
AppDomainName : /LM/W3SVC/124/ROOT-1-130499237307812500
ThreadIdentity : 
WindowsIdentity : SWBROADBAND\oldsugar
Requested URL : http://www.oldsugarmill.com/images/default-source/default-album/entrance-2207661318-o---copy-(2).jpg?sfvrsn=0


Category: ErrorLog

Priority: 0

EventId: 90000

Severity: Error

Title:Enterprise Library Exception Handling

Machine: WEB03

App Domain: /LM/W3SVC/124/ROOT-1-130499237307812500

ProcessId: 9916

Process Name: C:\Windows\SysWOW64\inetsrv\w3wp.exe

Thread Name: 

Win32 ThreadId:9248

Extended Properties: 
----------------------------------------
----------------------------------------
Timestamp: 16/07/2014 01:48:24

Message: HandlingInstanceID: 4272fc75-2432-4c39-ac1c-1a7f6b50d686
An exception of type 'System.Web.HttpException' occurred and was caught.
------------------------------------------------------------------------
07/16/2014 02:48:24
Type : System.Web.HttpException, System.Web, Version=4.0.0.0, Culture=neutral, PublicKeyToken=b03f5f7f11d50a3a
Message : This is an invalid script resource request.
Source : System.Web.Extensions
Help link : 
WebEventCode : 0
ErrorCode : -2147467259
Data : System.Collections.ListDictionaryInternal
TargetSite : Void ProcessRequest(System.Web.HttpContextBase, VirtualFileReader, System.Action`2[System.String,System.Exception], Boolean)
HResult : -2147467259
Stack Trace :    at System.Web.Handlers.ScriptResourceHandler.ProcessRequest(HttpContextBase context, VirtualFileReader fileReader, Action`2 logAction, Boolean validatePath)
   at System.Web.Handlers.ScriptResourceHandler.ProcessRequest(HttpContext context)
   at System.Web.Handlers.ScriptResourceHandler.System.Web.IHttpHandler.ProcessRequest(HttpContext context)
   at System.Web.HttpApplication.CallHandlerExecutionStep.System.Web.HttpApplication.IExecutionStep.Execute()
   at System.Web.HttpApplication.ExecuteStep(IExecutionStep step, Boolean& completedSynchronously)

Additional Info:

MachineName : WEB03
TimeStamp : 16/07/2014 01:48:24
FullName : Telerik.Sitefinity.Utilities, Version=5.2.3700.0, Culture=neutral, PublicKeyToken=b28c218413bdf563
AppDomainName : /LM/W3SVC/124/ROOT-1-130499237307812500
ThreadIdentity : 
WindowsIdentity : SWBROADBAND\oldsugar
Requested URL : http://www.oldsugarmill.com/ScriptResource.axd?d=QWI0Gx8n5CdW2t37m511TCR7pp2Asc6HZ2tVbQylWMHc4ZrFe2Nhawf76PnQGBxOb_PSz-DVrKNfd78USPui5D0Ut2s6ZqFuolUcoYNn8Wi6qxct5ZuK0h-_mu3mmtN7WRWHtRMt4RhSONhNAG8-FpjSGcSoMHsITlux1IiV-7-aVuD3Kvcv-mm5Z3xhr_xr0&t=155533f4


Category: ErrorLog

Priority: 0

EventId: 90000

Severity: Error

Title:Enterprise Library Exception Handling

Machine: WEB03

App Domain: /LM/W3SVC/124/ROOT-1-130499237307812500

ProcessId: 9916

Process Name: C:\Windows\SysWOW64\inetsrv\w3wp.exe

Thread Name: 

Win32 ThreadId:852

Extended Properties: 
----------------------------------------
----------------------------------------
Timestamp: 16/07/2014 01:48:25

Message: HandlingInstanceID: 2914efb2-3714-42c7-9c19-621793cb36a2
An exception of type 'System.Web.HttpException' occurred and was caught.
------------------------------------------------------------------------
07/16/2014 02:48:25
Type : System.Web.HttpException, System.Web, Version=4.0.0.0, Culture=neutral, PublicKeyToken=b03f5f7f11d50a3a
Message : This is an invalid script resource request.
Source : System.Web.Extensions
Help link : 
WebEventCode : 0
ErrorCode : -2147467259
Data : System.Collections.ListDictionaryInternal
TargetSite : Void ProcessRequest(System.Web.HttpContextBase, VirtualFileReader, System.Action`2[System.String,System.Exception], Boolean)
HResult : -2147467259
Stack Trace :    at System.Web.Handlers.ScriptResourceHandler.ProcessRequest(HttpContextBase context, VirtualFileReader fileReader, Action`2 logAction, Boolean validatePath)
   at System.Web.Handlers.ScriptResourceHandler.ProcessRequest(HttpContext context)
   at System.Web.Handlers.ScriptResourceHandler.System.Web.IHttpHandler.ProcessRequest(HttpContext context)
   at System.Web.HttpApplication.CallHandlerExecutionStep.System.Web.HttpApplication.IExecutionStep.Execute()
   at System.Web.HttpApplication.ExecuteStep(IExecutionStep step, Boolean& completedSynchronously)

Additional Info:

MachineName : WEB03
TimeStamp : 16/07/2014 01:48:25
FullName : Telerik.Sitefinity.Utilities, Version=5.2.3700.0, Culture=neutral, PublicKeyToken=b28c218413bdf563
AppDomainName : /LM/W3SVC/124/ROOT-1-130499237307812500
ThreadIdentity : 
WindowsIdentity : SWBROADBAND\oldsugar
Requested URL : http://www.oldsugarmill.com/ScriptResource.axd?d=JO0miTEiIB_Eec00P8hCSJH0FWqCRIyXDX_qjsB0BTnoBJnjBCte9Td8AVCJbe8eVGD57a-dCdS39gghrgo0OKWZzSOfxb9lvfElL1D_i_KVL1HyHI3ti28DT53F8UVCt2XEeHTq8Mn-h9KqYDwtBMKM8Zior9bhCuaZJXMSQ8FHNEggkpcW_Ein9-DKYkCiyek0PSeeFT6KBRVRmUvLPA2&t=155533f4


Category: ErrorLog

Priority: 0

EventId: 90000

Severity: Error

Title:Enterprise Library Exception Handling

Machine: WEB03

App Domain: /LM/W3SVC/124/ROOT-1-130499237307812500

ProcessId: 9916

Process Name: C:\Windows\SysWOW64\inetsrv\w3wp.exe

Thread Name: 

Win32 ThreadId:10532

Extended Properties: 
----------------------------------------
