----------------------------------------
Timestamp: 3/30/2013 10:33:20 PM

Message: HandlingInstanceID: e89ebfc3-ad85-40dd-94c7-814002f7cde6
An exception of type 'System.Web.HttpException' occurred and was caught.
------------------------------------------------------------------------
03/30/2013 22:33:20
Type : System.Web.HttpException, System.Web, Version=4.0.0.0, Culture=neutral, PublicKeyToken=b03f5f7f11d50a3a
Message : This is an invalid webresource request.
Source : System.Web
Help link : 
WebEventCode : 0
ErrorCode : -2147467259
Data : System.Collections.ListDictionaryInternal
TargetSite : Void System.Web.IHttpHandler.ProcessRequest(System.Web.HttpContext)
Stack Trace :    at System.Web.Handlers.AssemblyResourceLoader.System.Web.IHttpHandler.ProcessRequest(HttpContext context)
   at System.Web.HttpApplication.CallHandlerExecutionStep.System.Web.HttpApplication.IExecutionStep.Execute()
   at System.Web.HttpApplication.ExecuteStep(IExecutionStep step, Boolean& completedSynchronously)

Additional Info:

MachineName : WEB03
TimeStamp : 3/30/2013 10:33:20 PM
FullName : Telerik.Sitefinity.Utilities, Version=5.2.3700.0, Culture=neutral, PublicKeyToken=b28c218413bdf563
AppDomainName : /LM/W3SVC/124/ROOT-1-130091563566367187
ThreadIdentity : mtye
WindowsIdentity : SWBROADBAND\oldsugar
Requested URL : http://oldsugarmill.swbroadband.co.uk/WebResource.axd?d=UOlFsju-SdydZ-q8ANWc0IPKDsdT3Aw2mfrgmio9TSPGz5YIfYgUJDGykhETPXdTA4TwNIaevR9tEvEpxaYLmpDMiW9WuUZoG48fJw_ClrmcD7WBXhwTsjcEkjZeHGysomEDHsO0uqcIQPMXuzTVRGm2BVLrlcRJuzwlPT-Ne0iNKun8IHNHWr_4BtozkKKxeHabuZqkh8Bla0BPi3VEOA2&t=634901608697490625


Category: ErrorLog

Priority: 0

EventId: 90000

Severity: Error

Title:Enterprise Library Exception Handling

Machine: WEB03

App Domain: /LM/W3SVC/124/ROOT-1-130091563566367187

ProcessId: 9996

Process Name: C:\Windows\SysWOW64\inetsrv\w3wp.exe

Thread Name: 

Win32 ThreadId:16204

Extended Properties: 
----------------------------------------
----------------------------------------
Timestamp: 3/30/2013 10:35:40 PM

Message: HandlingInstanceID: cd8d131e-6973-433a-aa56-f70c2e69de91
An exception of type 'System.Web.HttpException' occurred and was caught.
------------------------------------------------------------------------
03/30/2013 22:35:40
Type : System.Web.HttpException, System.Web, Version=4.0.0.0, Culture=neutral, PublicKeyToken=b03f5f7f11d50a3a
Message : This is an invalid webresource request.
Source : System.Web
Help link : 
WebEventCode : 0
ErrorCode : -2147467259
Data : System.Collections.ListDictionaryInternal
TargetSite : Void System.Web.IHttpHandler.ProcessRequest(System.Web.HttpContext)
Stack Trace :    at System.Web.Handlers.AssemblyResourceLoader.System.Web.IHttpHandler.ProcessRequest(HttpContext context)
   at System.Web.HttpApplication.CallHandlerExecutionStep.System.Web.HttpApplication.IExecutionStep.Execute()
   at System.Web.HttpApplication.ExecuteStep(IExecutionStep step, Boolean& completedSynchronously)

Additional Info:

MachineName : WEB03
TimeStamp : 3/30/2013 10:35:40 PM
FullName : Telerik.Sitefinity.Utilities, Version=5.2.3700.0, Culture=neutral, PublicKeyToken=b28c218413bdf563
AppDomainName : /LM/W3SVC/124/ROOT-1-130091563566367187
ThreadIdentity : mtye
WindowsIdentity : SWBROADBAND\oldsugar
Requested URL : http://oldsugarmill.swbroadband.co.uk/WebResource.axd?d=NNPcY7fcJqUDVWkaw8D4Ele1hBmJZyN6nyofziZyDWwPrRcZB13RqBY9qsMBAoJI60O71qoXpMGPzKFk2M92teDSqYRXuqkCfvUXGQ98gDQd5fATOlFeQ382X5auDTqkuH9HYho3YRgkzIbp2zRce7VJess--v1zdwerTULEK6Fy25HHpsNPnn50PGYyqUc8i9SeRefSJyOfOzwpOnjpyFXSrhqWX4RwOVdomeri86U1&t=634901608697490625


Category: ErrorLog

Priority: 0

EventId: 90000

Severity: Error

Title:Enterprise Library Exception Handling

Machine: WEB03

App Domain: /LM/W3SVC/124/ROOT-1-130091563566367187

ProcessId: 9996

Process Name: C:\Windows\SysWOW64\inetsrv\w3wp.exe

Thread Name: 

Win32 ThreadId:7208

Extended Properties: 
----------------------------------------
----------------------------------------
Timestamp: 3/30/2013 10:37:23 PM

Message: HandlingInstanceID: d939ccc4-9f50-4798-8950-3fcb46a9cb85
An exception of type 'System.Web.HttpException' occurred and was caught.
------------------------------------------------------------------------
03/30/2013 22:37:23
Type : System.Web.HttpException, System.Web, Version=4.0.0.0, Culture=neutral, PublicKeyToken=b03f5f7f11d50a3a
Message : This is an invalid webresource request.
Source : System.Web
Help link : 
WebEventCode : 0
ErrorCode : -2147467259
Data : System.Collections.ListDictionaryInternal
TargetSite : Void System.Web.IHttpHandler.ProcessRequest(System.Web.HttpContext)
Stack Trace :    at System.Web.Handlers.AssemblyResourceLoader.System.Web.IHttpHandler.ProcessRequest(HttpContext context)
   at System.Web.HttpApplication.CallHandlerExecutionStep.System.Web.HttpApplication.IExecutionStep.Execute()
   at System.Web.HttpApplication.ExecuteStep(IExecutionStep step, Boolean& completedSynchronously)

Additional Info:

MachineName : WEB03
TimeStamp : 3/30/2013 10:37:23 PM
FullName : Telerik.Sitefinity.Utilities, Version=5.2.3700.0, Culture=neutral, PublicKeyToken=b28c218413bdf563
AppDomainName : /LM/W3SVC/124/ROOT-1-130091563566367187
ThreadIdentity : mtye
WindowsIdentity : SWBROADBAND\oldsugar
Requested URL : http://oldsugarmill.swbroadband.co.uk/WebResource.axd?d=xROLcX-WDgnIAlCsT31hsW8KNqaE1udZLbEeC_ldcPuSVhSTZiR_m0gjHKvAh1vdEbtYD6E-icSsEH7y4wJFX6zLVeSolUuLApuHbYuXkMUZyoNL9VMMF7Rza9gvj2DX1z62QRoAqn42TlN7G2swlAEUi2S3FtOfXc0RBMF6PTS0LhF7UFG62KUH7GX2fLa6WbPI225Cs9UpTxjIjeogwA2&t=634901608697490625


Category: ErrorLog

Priority: 0

EventId: 90000

Severity: Error

Title:Enterprise Library Exception Handling

Machine: WEB03

App Domain: /LM/W3SVC/124/ROOT-1-130091563566367187

ProcessId: 9996

Process Name: C:\Windows\SysWOW64\inetsrv\w3wp.exe

Thread Name: 

Win32 ThreadId:7828

Extended Properties: 
----------------------------------------
----------------------------------------
Timestamp: 3/31/2013 4:35:34 PM

Message: HandlingInstanceID: c2909235-2250-47d9-b1db-c485eee578e4
An exception of type 'System.Web.HttpException' occurred and was caught.
------------------------------------------------------------------------
03/31/2013 17:35:34
Type : System.Web.HttpException, System.Web, Version=4.0.0.0, Culture=neutral, PublicKeyToken=b03f5f7f11d50a3a
Message : This is an invalid webresource request.
Source : System.Web
Help link : 
WebEventCode : 0
ErrorCode : -2147467259
Data : System.Collections.ListDictionaryInternal
TargetSite : Void System.Web.IHttpHandler.ProcessRequest(System.Web.HttpContext)
Stack Trace :    at System.Web.Handlers.AssemblyResourceLoader.System.Web.IHttpHandler.ProcessRequest(HttpContext context)
   at System.Web.HttpApplication.CallHandlerExecutionStep.System.Web.HttpApplication.IExecutionStep.Execute()
   at System.Web.HttpApplication.ExecuteStep(IExecutionStep step, Boolean& completedSynchronously)

Additional Info:

MachineName : WEB03
TimeStamp : 3/31/2013 4:35:34 PM
FullName : Telerik.Sitefinity.Utilities, Version=5.2.3700.0, Culture=neutral, PublicKeyToken=b28c218413bdf563
AppDomainName : /LM/W3SVC/124/ROOT-1-130092206779023437
ThreadIdentity : synxiec
WindowsIdentity : SWBROADBAND\oldsugar
Requested URL : http://oldsugarmill.swbroadband.co.uk/WebResource.axd?d=-mja6jr6mIjFfec3Fe2vo5dEpYY2eq0Xw6iPm4B2G8oTH6eKnp29mKwnd_s7U1x14rjBjLOeeoonsi-618FCy3u1xK-lAxPdUTyrw8CEIEbws29Ps1-1zv5tb-r6Xz-SYotP6TsRiZN93wDSGAJiOvV7vlB8mDozk3hw33-OPTHhh_1Y7B0T0aZx0cLAd8keIByreB6GVB4J80Prf643Bw2&t=634901608697490625


Category: ErrorLog

Priority: 0

EventId: 90000

Severity: Error

Title:Enterprise Library Exception Handling

Machine: WEB03

App Domain: /LM/W3SVC/124/ROOT-1-130092206779023437

ProcessId: 7520

Process Name: C:\Windows\SysWOW64\inetsrv\w3wp.exe

Thread Name: 

Win32 ThreadId:20532

Extended Properties: 
----------------------------------------
----------------------------------------
Timestamp: 3/31/2013 4:35:34 PM

Message: HandlingInstanceID: 709a96af-e07f-4d53-9c04-d81bd78e8dea
An exception of type 'System.Web.HttpException' occurred and was caught.
------------------------------------------------------------------------
03/31/2013 17:35:34
Type : System.Web.HttpException, System.Web, Version=4.0.0.0, Culture=neutral, PublicKeyToken=b03f5f7f11d50a3a
Message : This is an invalid webresource request.
Source : System.Web
Help link : 
WebEventCode : 0
ErrorCode : -2147467259
Data : System.Collections.ListDictionaryInternal
TargetSite : Void System.Web.IHttpHandler.ProcessRequest(System.Web.HttpContext)
Stack Trace :    at System.Web.Handlers.AssemblyResourceLoader.System.Web.IHttpHandler.ProcessRequest(HttpContext context)
   at System.Web.HttpApplication.CallHandlerExecutionStep.System.Web.HttpApplication.IExecutionStep.Execute()
   at System.Web.HttpApplication.ExecuteStep(IExecutionStep step, Boolean& completedSynchronously)

Additional Info:

MachineName : WEB03
TimeStamp : 3/31/2013 4:35:34 PM
FullName : Telerik.Sitefinity.Utilities, Version=5.2.3700.0, Culture=neutral, PublicKeyToken=b28c218413bdf563
AppDomainName : /LM/W3SVC/124/ROOT-1-130092206779023437
ThreadIdentity : synxiec
WindowsIdentity : SWBROADBAND\oldsugar
Requested URL : http://oldsugarmill.swbroadband.co.uk/WebResource.axd?d=k3nWzR1VRpiJUSovxVJmc0iMDvZ1wAIRgmF-ur3E1VDKDTeIDcHupaPKxTznKtS59sBmebn0LgxmnXzS4Stvdys_CF8VrrawC7RVMq75nHSu3s58zGkpk4vRsd0SmUawHmGh66rzzU5tDeEHm9YO-ppIvbDNK8UG3Wdjc5BvXJLPcDMyxSDqEj5w4XIisYTQFEokHoTg9NNGnKRpSsNJMA2&t=634901608697490625


Category: ErrorLog

Priority: 0

EventId: 90000

Severity: Error

Title:Enterprise Library Exception Handling

Machine: WEB03

App Domain: /LM/W3SVC/124/ROOT-1-130092206779023437

ProcessId: 7520

Process Name: C:\Windows\SysWOW64\inetsrv\w3wp.exe

Thread Name: 

Win32 ThreadId:9908

Extended Properties: 
----------------------------------------
----------------------------------------
Timestamp: 3/31/2013 4:35:34 PM

Message: HandlingInstanceID: 3c1b57dd-3fcf-4c0f-998f-ee6f8b1a3f59
An exception of type 'System.Web.HttpException' occurred and was caught.
------------------------------------------------------------------------
03/31/2013 17:35:34
Type : System.Web.HttpException, System.Web, Version=4.0.0.0, Culture=neutral, PublicKeyToken=b03f5f7f11d50a3a
Message : This is an invalid webresource request.
Source : System.Web
Help link : 
WebEventCode : 0
ErrorCode : -2147467259
Data : System.Collections.ListDictionaryInternal
TargetSite : Void System.Web.IHttpHandler.ProcessRequest(System.Web.HttpContext)
Stack Trace :    at System.Web.Handlers.AssemblyResourceLoader.System.Web.IHttpHandler.ProcessRequest(HttpContext context)
   at System.Web.HttpApplication.CallHandlerExecutionStep.System.Web.HttpApplication.IExecutionStep.Execute()
   at System.Web.HttpApplication.ExecuteStep(IExecutionStep step, Boolean& completedSynchronously)

Additional Info:

MachineName : WEB03
TimeStamp : 3/31/2013 4:35:34 PM
FullName : Telerik.Sitefinity.Utilities, Version=5.2.3700.0, Culture=neutral, PublicKeyToken=b28c218413bdf563
AppDomainName : /LM/W3SVC/124/ROOT-1-130092206779023437
ThreadIdentity : synxiec
WindowsIdentity : SWBROADBAND\oldsugar
Requested URL : http://oldsugarmill.swbroadband.co.uk/WebResource.axd?d=kQod45jepZDGEShHAFhNQ2rTWmAcoMchq4YLItPu3iBBoCY2xTXI0aN4W7HvcLPot9pCBQnp7I-wfm9dy5oTV-Ffqy05czuTmqNhDOVpnKzmyxj-Qem48y2fdGHko4V2NKho5kjtndDZi7Mi5jeAwp_zPqxcv4v9y9NaP_7ZAMn3CxPL1Wuy3eHNC0Lw_UuEcElpo5bCC9bwkLjCdsgXaA2&t=634901608697490625


Category: ErrorLog

Priority: 0

EventId: 90000

Severity: Error

Title:Enterprise Library Exception Handling

Machine: WEB03

App Domain: /LM/W3SVC/124/ROOT-1-130092206779023437

ProcessId: 7520

Process Name: C:\Windows\SysWOW64\inetsrv\w3wp.exe

Thread Name: 

Win32 ThreadId:12508

Extended Properties: 
----------------------------------------
----------------------------------------
Timestamp: 3/31/2013 4:35:34 PM

Message: HandlingInstanceID: 2cd2b442-d7b5-4062-851b-55d9fa4a4389
An exception of type 'System.Web.HttpException' occurred and was caught.
------------------------------------------------------------------------
03/31/2013 17:35:34
Type : System.Web.HttpException, System.Web, Version=4.0.0.0, Culture=neutral, PublicKeyToken=b03f5f7f11d50a3a
Message : This is an invalid webresource request.
Source : System.Web
Help link : 
WebEventCode : 0
ErrorCode : -2147467259
Data : System.Collections.ListDictionaryInternal
TargetSite : Void System.Web.IHttpHandler.ProcessRequest(System.Web.HttpContext)
Stack Trace :    at System.Web.Handlers.AssemblyResourceLoader.System.Web.IHttpHandler.ProcessRequest(HttpContext context)
   at System.Web.HttpApplication.CallHandlerExecutionStep.System.Web.HttpApplication.IExecutionStep.Execute()
   at System.Web.HttpApplication.ExecuteStep(IExecutionStep step, Boolean& completedSynchronously)

Additional Info:

MachineName : WEB03
TimeStamp : 3/31/2013 4:35:34 PM
FullName : Telerik.Sitefinity.Utilities, Version=5.2.3700.0, Culture=neutral, PublicKeyToken=b28c218413bdf563
AppDomainName : /LM/W3SVC/124/ROOT-1-130092206779023437
ThreadIdentity : synxiec
WindowsIdentity : SWBROADBAND\oldsugar
Requested URL : http://oldsugarmill.swbroadband.co.uk/WebResource.axd?d=rWRU8sxTqRNG1mC1UzcG9-BofLMydq-Io7mnyNrEIqKSeySDGqr5gJbJbtedaZ7Z9NnaGSCzZtKFeVFJI1LbgwWHKTAuEz98bGgvpFUhQdrhyB8dGrp-8gtQ5Jpu1AOr_09QzHtvzn4LS1JCVUhWyz_DoJcAE5rMvWrJ1DmFJBRFB9lXPUJm02jApzjgqUQXtI1qhv-GOg8jwijbVWZmNA2&t=634901608697490625


Category: ErrorLog

Priority: 0

EventId: 90000

Severity: Error

Title:Enterprise Library Exception Handling

Machine: WEB03

App Domain: /LM/W3SVC/124/ROOT-1-130092206779023437

ProcessId: 7520

Process Name: C:\Windows\SysWOW64\inetsrv\w3wp.exe

Thread Name: 

Win32 ThreadId:12308

Extended Properties: 
----------------------------------------
----------------------------------------
Timestamp: 3/31/2013 4:35:34 PM

Message: HandlingInstanceID: a46e3595-b00d-4afb-b55e-75c19f9231f1
An exception of type 'System.Web.HttpException' occurred and was caught.
------------------------------------------------------------------------
03/31/2013 17:35:34
Type : System.Web.HttpException, System.Web, Version=4.0.0.0, Culture=neutral, PublicKeyToken=b03f5f7f11d50a3a
Message : This is an invalid webresource request.
Source : System.Web
Help link : 
WebEventCode : 0
ErrorCode : -2147467259
Data : System.Collections.ListDictionaryInternal
TargetSite : Void System.Web.IHttpHandler.ProcessRequest(System.Web.HttpContext)
Stack Trace :    at System.Web.Handlers.AssemblyResourceLoader.System.Web.IHttpHandler.ProcessRequest(HttpContext context)
   at System.Web.HttpApplication.CallHandlerExecutionStep.System.Web.HttpApplication.IExecutionStep.Execute()
   at System.Web.HttpApplication.ExecuteStep(IExecutionStep step, Boolean& completedSynchronously)

Additional Info:

MachineName : WEB03
TimeStamp : 3/31/2013 4:35:34 PM
FullName : Telerik.Sitefinity.Utilities, Version=5.2.3700.0, Culture=neutral, PublicKeyToken=b28c218413bdf563
AppDomainName : /LM/W3SVC/124/ROOT-1-130092206779023437
ThreadIdentity : synxiec
WindowsIdentity : SWBROADBAND\oldsugar
Requested URL : http://oldsugarmill.swbroadband.co.uk/WebResource.axd?d=UhwW8UcmxzA6G759adVCzpAkmhSWABR1ZJhucYPKOPuTMpRV0t9MrP3r-3MnN6FSBH5g5r2IFjkjMYvDwocqimIg1ViStc_obcoqhmd688LapzmPeICshlJxvutGXZNDm1Jt1eeH9QXm0Lkd_d9Du2sJWi1HUSHoYhQUfnXYPficKe0mKsR-NDkfsHfaWu_w9AJLaKALNrFe5qozNE6dnw2&t=634901608697490625


Category: ErrorLog

Priority: 0

EventId: 90000

Severity: Error

Title:Enterprise Library Exception Handling

Machine: WEB03

App Domain: /LM/W3SVC/124/ROOT-1-130092206779023437

ProcessId: 7520

Process Name: C:\Windows\SysWOW64\inetsrv\w3wp.exe

Thread Name: 

Win32 ThreadId:13852

Extended Properties: 
----------------------------------------
----------------------------------------
Timestamp: 3/31/2013 4:35:34 PM

Message: HandlingInstanceID: 527449b8-92df-43f7-9c42-fa3429a70dc8
An exception of type 'System.Web.HttpException' occurred and was caught.
------------------------------------------------------------------------
03/31/2013 17:35:34
Type : System.Web.HttpException, System.Web, Version=4.0.0.0, Culture=neutral, PublicKeyToken=b03f5f7f11d50a3a
Message : This is an invalid webresource request.
Source : System.Web
Help link : 
WebEventCode : 0
ErrorCode : -2147467259
Data : System.Collections.ListDictionaryInternal
TargetSite : Void System.Web.IHttpHandler.ProcessRequest(System.Web.HttpContext)
Stack Trace :    at System.Web.Handlers.AssemblyResourceLoader.System.Web.IHttpHandler.ProcessRequest(HttpContext context)
   at System.Web.HttpApplication.CallHandlerExecutionStep.System.Web.HttpApplication.IExecutionStep.Execute()
   at System.Web.HttpApplication.ExecuteStep(IExecutionStep step, Boolean& completedSynchronously)

Additional Info:

MachineName : WEB03
TimeStamp : 3/31/2013 4:35:34 PM
FullName : Telerik.Sitefinity.Utilities, Version=5.2.3700.0, Culture=neutral, PublicKeyToken=b28c218413bdf563
AppDomainName : /LM/W3SVC/124/ROOT-1-130092206779023437
ThreadIdentity : synxiec
WindowsIdentity : SWBROADBAND\oldsugar
Requested URL : http://oldsugarmill.swbroadband.co.uk/WebResource.axd?d=to_NcFeetGqfdyDytS4KQDe3F_EsXFtATDiFlB6UpXx9rtBu7Gggb_z7wjHJ1OoRBbPhejxvdLZx9wGFIELfh7TuCgoB4dWNyve3Yt0425om71Y2FvpE23dMZkxvOlkAI47yKnGAI3McEvHRWY0Bpc0SzfdG5hZod74QleWPJaQ0NNua9WIhY9WesowLRtq9O1mki43GCm9Om4ugetQoi5gABywt9phaoET6wws7AM01&t=634901608697490625


Category: ErrorLog

Priority: 0

EventId: 90000

Severity: Error

Title:Enterprise Library Exception Handling

Machine: WEB03

App Domain: /LM/W3SVC/124/ROOT-1-130092206779023437

ProcessId: 7520

Process Name: C:\Windows\SysWOW64\inetsrv\w3wp.exe

Thread Name: 

Win32 ThreadId:9908

Extended Properties: 
----------------------------------------
----------------------------------------
Timestamp: 3/31/2013 4:35:34 PM

Message: HandlingInstanceID: abef3917-bca4-4754-a12b-8326809bcedb
An exception of type 'System.Web.HttpException' occurred and was caught.
------------------------------------------------------------------------
03/31/2013 17:35:34
Type : System.Web.HttpException, System.Web, Version=4.0.0.0, Culture=neutral, PublicKeyToken=b03f5f7f11d50a3a
Message : This is an invalid webresource request.
Source : System.Web
Help link : 
WebEventCode : 0
ErrorCode : -2147467259
Data : System.Collections.ListDictionaryInternal
TargetSite : Void System.Web.IHttpHandler.ProcessRequest(System.Web.HttpContext)
Stack Trace :    at System.Web.Handlers.AssemblyResourceLoader.System.Web.IHttpHandler.ProcessRequest(HttpContext context)
   at System.Web.HttpApplication.CallHandlerExecutionStep.System.Web.HttpApplication.IExecutionStep.Execute()
   at System.Web.HttpApplication.ExecuteStep(IExecutionStep step, Boolean& completedSynchronously)

Additional Info:

MachineName : WEB03
TimeStamp : 3/31/2013 4:35:34 PM
FullName : Telerik.Sitefinity.Utilities, Version=5.2.3700.0, Culture=neutral, PublicKeyToken=b28c218413bdf563
AppDomainName : /LM/W3SVC/124/ROOT-1-130092206779023437
ThreadIdentity : synxiec
WindowsIdentity : SWBROADBAND\oldsugar
Requested URL : http://oldsugarmill.swbroadband.co.uk/WebResource.axd?d=rNvlHq9U82FKDOdmS0VhWmvOA89n-nd350G6MjL2EhCYAegpLxtpi4obPtlaVxBhdGBNnTFE5HPk52i2Xu9o7tC6CWjn1x7yCEB9O2FVoTv4kIwjWvpgOl8RJo1DjLrYNWlkrYUwpTQv4fs1VT6SSorJ2Jt0Z3ZmiNY-NLJYomN2IANMkG4N3jR_Ystwjc-FIBPoqiZN_k0FJrpztMHlvA2&t=634901608697490625


Category: ErrorLog

Priority: 0

EventId: 90000

Severity: Error

Title:Enterprise Library Exception Handling

Machine: WEB03

App Domain: /LM/W3SVC/124/ROOT-1-130092206779023437

ProcessId: 7520

Process Name: C:\Windows\SysWOW64\inetsrv\w3wp.exe

Thread Name: 

Win32 ThreadId:20532

Extended Properties: 
----------------------------------------
----------------------------------------
Timestamp: 3/31/2013 4:35:34 PM

Message: HandlingInstanceID: 26de0f18-11c2-4de2-bda2-e84ca8096c04
An exception of type 'System.Web.HttpException' occurred and was caught.
------------------------------------------------------------------------
03/31/2013 17:35:34
Type : System.Web.HttpException, System.Web, Version=4.0.0.0, Culture=neutral, PublicKeyToken=b03f5f7f11d50a3a
Message : This is an invalid webresource request.
Source : System.Web
Help link : 
WebEventCode : 0
ErrorCode : -2147467259
Data : System.Collections.ListDictionaryInternal
TargetSite : Void System.Web.IHttpHandler.ProcessRequest(System.Web.HttpContext)
Stack Trace :    at System.Web.Handlers.AssemblyResourceLoader.System.Web.IHttpHandler.ProcessRequest(HttpContext context)
   at System.Web.HttpApplication.CallHandlerExecutionStep.System.Web.HttpApplication.IExecutionStep.Execute()
   at System.Web.HttpApplication.ExecuteStep(IExecutionStep step, Boolean& completedSynchronously)

Additional Info:

MachineName : WEB03
TimeStamp : 3/31/2013 4:35:34 PM
FullName : Telerik.Sitefinity.Utilities, Version=5.2.3700.0, Culture=neutral, PublicKeyToken=b28c218413bdf563
AppDomainName : /LM/W3SVC/124/ROOT-1-130092206779023437
ThreadIdentity : synxiec
WindowsIdentity : SWBROADBAND\oldsugar
Requested URL : http://oldsugarmill.swbroadband.co.uk/WebResource.axd?d=CbPHKJGJPYuulqe3WTlWPpdvfwnLxR_AZpWxWUhGGAsRny3SKZA5Bucf-sg7cgchNT8vNZ7hood54CEPeTktpM64mxn789SADsEEqduZWsrLL9UZ8kV9zGUTzOwiL7a9iVlePyQcYcf3jM57mpW4fwRcdyuHZXOU-5N6ESNDt6IbQgTsLPik0ZPRMmMigsPwcs-k-spCzcLkmybwLrLjmA2&t=634901608697490625


Category: ErrorLog

Priority: 0

EventId: 90000

Severity: Error

Title:Enterprise Library Exception Handling

Machine: WEB03

App Domain: /LM/W3SVC/124/ROOT-1-130092206779023437

ProcessId: 7520

Process Name: C:\Windows\SysWOW64\inetsrv\w3wp.exe

Thread Name: 

Win32 ThreadId:13852

Extended Properties: 
----------------------------------------
----------------------------------------
Timestamp: 3/31/2013 4:35:39 PM

Message: HandlingInstanceID: 36f388f7-8071-4a17-867c-4342bbbb0b58
An exception of type 'System.Web.HttpException' occurred and was caught.
------------------------------------------------------------------------
03/31/2013 17:35:39
Type : System.Web.HttpException, System.Web, Version=4.0.0.0, Culture=neutral, PublicKeyToken=b03f5f7f11d50a3a
Message : This is an invalid webresource request.
Source : System.Web
Help link : 
WebEventCode : 0
ErrorCode : -2147467259
Data : System.Collections.ListDictionaryInternal
TargetSite : Void System.Web.IHttpHandler.ProcessRequest(System.Web.HttpContext)
Stack Trace :    at System.Web.Handlers.AssemblyResourceLoader.System.Web.IHttpHandler.ProcessRequest(HttpContext context)
   at System.Web.HttpApplication.CallHandlerExecutionStep.System.Web.HttpApplication.IExecutionStep.Execute()
   at System.Web.HttpApplication.ExecuteStep(IExecutionStep step, Boolean& completedSynchronously)

Additional Info:

MachineName : WEB03
TimeStamp : 3/31/2013 4:35:39 PM
FullName : Telerik.Sitefinity.Utilities, Version=5.2.3700.0, Culture=neutral, PublicKeyToken=b28c218413bdf563
AppDomainName : /LM/W3SVC/124/ROOT-1-130092206779023437
ThreadIdentity : synxiec
WindowsIdentity : SWBROADBAND\oldsugar
Requested URL : http://oldsugarmill.swbroadband.co.uk/WebResource.axd?d=rWRU8sxTqRNG1mC1UzcG9-BofLMydq-Io7mnyNrEIqKSeySDGqr5gJbJbtedaZ7Z9NnaGSCzZtKFeVFJI1LbgwWHKTAuEz98bGgvpFUhQdrhyB8dGrp-8gtQ5Jpu1AOr_09QzHtvzn4LS1JCVUhWyz_DoJcAE5rMvWrJ1DmFJBRFB9lXPUJm02jApzjgqUQXtI1qhv-GOg8jwijbVWZmNA2&t=634901608697490625


Category: ErrorLog

Priority: 0

EventId: 90000

Severity: Error

Title:Enterprise Library Exception Handling

Machine: WEB03

App Domain: /LM/W3SVC/124/ROOT-1-130092206779023437

ProcessId: 7520

Process Name: C:\Windows\SysWOW64\inetsrv\w3wp.exe

Thread Name: 

Win32 ThreadId:13852

Extended Properties: 
----------------------------------------
----------------------------------------
Timestamp: 3/31/2013 4:35:39 PM

Message: HandlingInstanceID: eb284730-228d-4ea8-8f85-5869b88e2b94
An exception of type 'System.Web.HttpException' occurred and was caught.
------------------------------------------------------------------------
03/31/2013 17:35:39
Type : System.Web.HttpException, System.Web, Version=4.0.0.0, Culture=neutral, PublicKeyToken=b03f5f7f11d50a3a
Message : This is an invalid webresource request.
Source : System.Web
Help link : 
WebEventCode : 0
ErrorCode : -2147467259
Data : System.Collections.ListDictionaryInternal
TargetSite : Void System.Web.IHttpHandler.ProcessRequest(System.Web.HttpContext)
Stack Trace :    at System.Web.Handlers.AssemblyResourceLoader.System.Web.IHttpHandler.ProcessRequest(HttpContext context)
   at System.Web.HttpApplication.CallHandlerExecutionStep.System.Web.HttpApplication.IExecutionStep.Execute()
   at System.Web.HttpApplication.ExecuteStep(IExecutionStep step, Boolean& completedSynchronously)

Additional Info:

MachineName : WEB03
TimeStamp : 3/31/2013 4:35:39 PM
FullName : Telerik.Sitefinity.Utilities, Version=5.2.3700.0, Culture=neutral, PublicKeyToken=b28c218413bdf563
AppDomainName : /LM/W3SVC/124/ROOT-1-130092206779023437
ThreadIdentity : synxiec
WindowsIdentity : SWBROADBAND\oldsugar
Requested URL : http://oldsugarmill.swbroadband.co.uk/WebResource.axd?d=CbPHKJGJPYuulqe3WTlWPpdvfwnLxR_AZpWxWUhGGAsRny3SKZA5Bucf-sg7cgchNT8vNZ7hood54CEPeTktpM64mxn789SADsEEqduZWsrLL9UZ8kV9zGUTzOwiL7a9iVlePyQcYcf3jM57mpW4fwRcdyuHZXOU-5N6ESNDt6IbQgTsLPik0ZPRMmMigsPwcs-k-spCzcLkmybwLrLjmA2&t=634901608697490625


Category: ErrorLog

Priority: 0

EventId: 90000

Severity: Error

Title:Enterprise Library Exception Handling

Machine: WEB03

App Domain: /LM/W3SVC/124/ROOT-1-130092206779023437

ProcessId: 7520

Process Name: C:\Windows\SysWOW64\inetsrv\w3wp.exe

Thread Name: 

Win32 ThreadId:13852

Extended Properties: 
----------------------------------------
----------------------------------------
Timestamp: 3/31/2013 4:35:39 PM

Message: HandlingInstanceID: f35fee42-91f0-4636-933a-9e4358028d8c
An exception of type 'System.Web.HttpException' occurred and was caught.
------------------------------------------------------------------------
03/31/2013 17:35:39
Type : System.Web.HttpException, System.Web, Version=4.0.0.0, Culture=neutral, PublicKeyToken=b03f5f7f11d50a3a
Message : This is an invalid webresource request.
Source : System.Web
Help link : 
WebEventCode : 0
ErrorCode : -2147467259
Data : System.Collections.ListDictionaryInternal
TargetSite : Void System.Web.IHttpHandler.ProcessRequest(System.Web.HttpContext)
Stack Trace :    at System.Web.Handlers.AssemblyResourceLoader.System.Web.IHttpHandler.ProcessRequest(HttpContext context)
   at System.Web.HttpApplication.CallHandlerExecutionStep.System.Web.HttpApplication.IExecutionStep.Execute()
   at System.Web.HttpApplication.ExecuteStep(IExecutionStep step, Boolean& completedSynchronously)

Additional Info:

MachineName : WEB03
TimeStamp : 3/31/2013 4:35:39 PM
FullName : Telerik.Sitefinity.Utilities, Version=5.2.3700.0, Culture=neutral, PublicKeyToken=b28c218413bdf563
AppDomainName : /LM/W3SVC/124/ROOT-1-130092206779023437
ThreadIdentity : synxiec
WindowsIdentity : SWBROADBAND\oldsugar
Requested URL : http://oldsugarmill.swbroadband.co.uk/WebResource.axd?d=Q4rGW3gtAmHyT4Z7PQmbqp1u_z5pM2pDVJCPMP4oZc8YEJxnmqzXzJnZNo6ErIxNkO0zCnUavCu-eBlFmDbNdgeGhbm6Ea5eRRFHvj2K5w6j-qU2IXiWrOkGMGVbkjv0m3EGjOwYI7CRHy6fwyB8noPlNeYGaf168VECKPeBsr9ngeS9LwniCYV2XELr0GU-3jRu9Q1ud4ALoZ2hMPuaPw2&t=634901608697490625


Category: ErrorLog

Priority: 0

EventId: 90000

Severity: Error

Title:Enterprise Library Exception Handling

Machine: WEB03

App Domain: /LM/W3SVC/124/ROOT-1-130092206779023437

ProcessId: 7520

Process Name: C:\Windows\SysWOW64\inetsrv\w3wp.exe

Thread Name: 

Win32 ThreadId:12308

Extended Properties: 
----------------------------------------
----------------------------------------
Timestamp: 3/31/2013 4:35:39 PM

Message: HandlingInstanceID: 466ae8b6-d76a-4a7e-93df-a4b70a30c57c
An exception of type 'System.Web.HttpException' occurred and was caught.
------------------------------------------------------------------------
03/31/2013 17:35:39
Type : System.Web.HttpException, System.Web, Version=4.0.0.0, Culture=neutral, PublicKeyToken=b03f5f7f11d50a3a
Message : This is an invalid webresource request.
Source : System.Web
Help link : 
WebEventCode : 0
ErrorCode : -2147467259
Data : System.Collections.ListDictionaryInternal
TargetSite : Void System.Web.IHttpHandler.ProcessRequest(System.Web.HttpContext)
Stack Trace :    at System.Web.Handlers.AssemblyResourceLoader.System.Web.IHttpHandler.ProcessRequest(HttpContext context)
   at System.Web.HttpApplication.CallHandlerExecutionStep.System.Web.HttpApplication.IExecutionStep.Execute()
   at System.Web.HttpApplication.ExecuteStep(IExecutionStep step, Boolean& completedSynchronously)

Additional Info:

MachineName : WEB03
TimeStamp : 3/31/2013 4:35:39 PM
FullName : Telerik.Sitefinity.Utilities, Version=5.2.3700.0, Culture=neutral, PublicKeyToken=b28c218413bdf563
AppDomainName : /LM/W3SVC/124/ROOT-1-130092206779023437
ThreadIdentity : synxiec
WindowsIdentity : SWBROADBAND\oldsugar
Requested URL : http://oldsugarmill.swbroadband.co.uk/WebResource.axd?d=QzEagHvW0REuWPPQsjpZiAsDHgiMdvpn7lWI9_0o7qqkuvIEC0TX8RMhcPBe0si-S88AavWzdmz4UQdpYHV_1dcszZ0irL-DTFrafWMdIkPh6lOT9syKuyVGtYGOzxgbRIonfRYWSZkW_oBoUBUSJ79DWUsFXcuYEE4CYI5Rk0VI8d_bn5zPMGdyfpMN2ES5xiyMh5mO6rlfVCeXH2NywQ2&t=634901608697490625


Category: ErrorLog

Priority: 0

EventId: 90000

Severity: Error

Title:Enterprise Library Exception Handling

Machine: WEB03

App Domain: /LM/W3SVC/124/ROOT-1-130092206779023437

ProcessId: 7520

Process Name: C:\Windows\SysWOW64\inetsrv\w3wp.exe

Thread Name: 

Win32 ThreadId:20532

Extended Properties: 
----------------------------------------
----------------------------------------
Timestamp: 3/31/2013 4:35:39 PM

Message: HandlingInstanceID: 9044eef1-f9c6-4e1f-85fc-af277a23a607
An exception of type 'System.Web.HttpException' occurred and was caught.
------------------------------------------------------------------------
03/31/2013 17:35:39
Type : System.Web.HttpException, System.Web, Version=4.0.0.0, Culture=neutral, PublicKeyToken=b03f5f7f11d50a3a
Message : This is an invalid webresource request.
Source : System.Web
Help link : 
WebEventCode : 0
ErrorCode : -2147467259
Data : System.Collections.ListDictionaryInternal
TargetSite : Void System.Web.IHttpHandler.ProcessRequest(System.Web.HttpContext)
Stack Trace :    at System.Web.Handlers.AssemblyResourceLoader.System.Web.IHttpHandler.ProcessRequest(HttpContext context)
   at System.Web.HttpApplication.CallHandlerExecutionStep.System.Web.HttpApplication.IExecutionStep.Execute()
   at System.Web.HttpApplication.ExecuteStep(IExecutionStep step, Boolean& completedSynchronously)

Additional Info:

MachineName : WEB03
TimeStamp : 3/31/2013 4:35:39 PM
FullName : Telerik.Sitefinity.Utilities, Version=5.2.3700.0, Culture=neutral, PublicKeyToken=b28c218413bdf563
AppDomainName : /LM/W3SVC/124/ROOT-1-130092206779023437
ThreadIdentity : synxiec
WindowsIdentity : SWBROADBAND\oldsugar
Requested URL : http://oldsugarmill.swbroadband.co.uk/WebResource.axd?d=zoIax1u-xRZrssz1nNMRgdEl8X381ezwBG228wctawHCCePfHe_APGNHwQ0TvaOBFMaiA2o_NOewN13pgaZHgaWQuwqDkkhRU5x7-EezKyPYqquINaGiugbViP9U683ShplfBAlXf_MA3Tv1rOUtZg3PwctD4IXrEu52eOKqbXGrOGD3Xgedwm8hGeXLpsMtL3QrQPXFD73qiG6k_18Lfw2&t=634901608697490625


Category: ErrorLog

Priority: 0

EventId: 90000

Severity: Error

Title:Enterprise Library Exception Handling

Machine: WEB03

App Domain: /LM/W3SVC/124/ROOT-1-130092206779023437

ProcessId: 7520

Process Name: C:\Windows\SysWOW64\inetsrv\w3wp.exe

Thread Name: 

Win32 ThreadId:9908

Extended Properties: 
----------------------------------------
----------------------------------------
Timestamp: 3/31/2013 4:35:39 PM

Message: HandlingInstanceID: d2fb2a83-52f0-4f01-a083-457549d17187
An exception of type 'System.Web.HttpException' occurred and was caught.
------------------------------------------------------------------------
03/31/2013 17:35:39
Type : System.Web.HttpException, System.Web, Version=4.0.0.0, Culture=neutral, PublicKeyToken=b03f5f7f11d50a3a
Message : This is an invalid webresource request.
Source : System.Web
Help link : 
WebEventCode : 0
ErrorCode : -2147467259
Data : System.Collections.ListDictionaryInternal
TargetSite : Void System.Web.IHttpHandler.ProcessRequest(System.Web.HttpContext)
Stack Trace :    at System.Web.Handlers.AssemblyResourceLoader.System.Web.IHttpHandler.ProcessRequest(HttpContext context)
   at System.Web.HttpApplication.CallHandlerExecutionStep.System.Web.HttpApplication.IExecutionStep.Execute()
   at System.Web.HttpApplication.ExecuteStep(IExecutionStep step, Boolean& completedSynchronously)

Additional Info:

MachineName : WEB03
TimeStamp : 3/31/2013 4:35:39 PM
FullName : Telerik.Sitefinity.Utilities, Version=5.2.3700.0, Culture=neutral, PublicKeyToken=b28c218413bdf563
AppDomainName : /LM/W3SVC/124/ROOT-1-130092206779023437
ThreadIdentity : synxiec
WindowsIdentity : SWBROADBAND\oldsugar
Requested URL : http://oldsugarmill.swbroadband.co.uk/WebResource.axd?d=S6N489C4eRcjQIeVQf6HROEodddYc8EQRHDhDsb0VN4cQ5dJ5BQZiR3F8PhPfp0uaqXCE8-UJVeF4qMAL89M2UNm4gwEB8q7OhycxjfVqsCw4HpPTYMJWHcncHmqh8xX7tdsArCF-TidCGixTwUcI12fDlOKwhSl-gaxNQiotlHlzcKceCE6A_1FiPB-zKZ2xCCXMHgbYwR5YQsY1NkD1A2&t=634901608697490625


Category: ErrorLog

Priority: 0

EventId: 90000

Severity: Error

Title:Enterprise Library Exception Handling

Machine: WEB03

App Domain: /LM/W3SVC/124/ROOT-1-130092206779023437

ProcessId: 7520

Process Name: C:\Windows\SysWOW64\inetsrv\w3wp.exe

Thread Name: 

Win32 ThreadId:13852

Extended Properties: 
----------------------------------------
----------------------------------------
Timestamp: 3/31/2013 4:35:39 PM

Message: HandlingInstanceID: fca3631f-3a9a-4634-8700-14b40e40a0e3
An exception of type 'System.Web.HttpException' occurred and was caught.
------------------------------------------------------------------------
03/31/2013 17:35:39
Type : System.Web.HttpException, System.Web, Version=4.0.0.0, Culture=neutral, PublicKeyToken=b03f5f7f11d50a3a
Message : This is an invalid webresource request.
Source : System.Web
Help link : 
WebEventCode : 0
ErrorCode : -2147467259
Data : System.Collections.ListDictionaryInternal
TargetSite : Void System.Web.IHttpHandler.ProcessRequest(System.Web.HttpContext)
Stack Trace :    at System.Web.Handlers.AssemblyResourceLoader.System.Web.IHttpHandler.ProcessRequest(HttpContext context)
   at System.Web.HttpApplication.CallHandlerExecutionStep.System.Web.HttpApplication.IExecutionStep.Execute()
   at System.Web.HttpApplication.ExecuteStep(IExecutionStep step, Boolean& completedSynchronously)

Additional Info:

MachineName : WEB03
TimeStamp : 3/31/2013 4:35:39 PM
FullName : Telerik.Sitefinity.Utilities, Version=5.2.3700.0, Culture=neutral, PublicKeyToken=b28c218413bdf563
AppDomainName : /LM/W3SVC/124/ROOT-1-130092206779023437
ThreadIdentity : synxiec
WindowsIdentity : SWBROADBAND\oldsugar
Requested URL : http://oldsugarmill.swbroadband.co.uk/WebResource.axd?d=UHENuYNh0cJr24abVX37-vbzHmRf_xdVY6qVaAvkAUj0UgBD-D6JsqhghcMPDMKQJxtRjUcmnUq25aGSDJWBJ1oi19pMNVOvKZEDO2qY8GWAz_wYcM0M21OnOaKN2MxH-k5JYDkHn9gQSo2Pk5tYK1T0PgEZs_yEW2TjsFdTmghoZ_mJ7cXDVbkzABgsMme7dZ0UhfLvtgubQll_rQrJZg2&t=634901608697490625


Category: ErrorLog

Priority: 0

EventId: 90000

Severity: Error

Title:Enterprise Library Exception Handling

Machine: WEB03

App Domain: /LM/W3SVC/124/ROOT-1-130092206779023437

ProcessId: 7520

Process Name: C:\Windows\SysWOW64\inetsrv\w3wp.exe

Thread Name: 

Win32 ThreadId:12308

Extended Properties: 
----------------------------------------
----------------------------------------
Timestamp: 3/31/2013 4:35:39 PM

Message: HandlingInstanceID: 33eebf13-b928-48ce-b413-9db0ef213e7f
An exception of type 'System.Web.HttpException' occurred and was caught.
------------------------------------------------------------------------
03/31/2013 17:35:39
Type : System.Web.HttpException, System.Web, Version=4.0.0.0, Culture=neutral, PublicKeyToken=b03f5f7f11d50a3a
Message : This is an invalid webresource request.
Source : System.Web
Help link : 
WebEventCode : 0
ErrorCode : -2147467259
Data : System.Collections.ListDictionaryInternal
TargetSite : Void System.Web.IHttpHandler.ProcessRequest(System.Web.HttpContext)
Stack Trace :    at System.Web.Handlers.AssemblyResourceLoader.System.Web.IHttpHandler.ProcessRequest(HttpContext context)
   at System.Web.HttpApplication.CallHandlerExecutionStep.System.Web.HttpApplication.IExecutionStep.Execute()
   at System.Web.HttpApplication.ExecuteStep(IExecutionStep step, Boolean& completedSynchronously)

Additional Info:

MachineName : WEB03
TimeStamp : 3/31/2013 4:35:39 PM
FullName : Telerik.Sitefinity.Utilities, Version=5.2.3700.0, Culture=neutral, PublicKeyToken=b28c218413bdf563
AppDomainName : /LM/W3SVC/124/ROOT-1-130092206779023437
ThreadIdentity : synxiec
WindowsIdentity : SWBROADBAND\oldsugar
Requested URL : http://oldsugarmill.swbroadband.co.uk/WebResource.axd?d=-mja6jr6mIjFfec3Fe2vo5dEpYY2eq0Xw6iPm4B2G8oTH6eKnp29mKwnd_s7U1x14rjBjLOeeoonsi-618FCy3u1xK-lAxPdUTyrw8CEIEbws29Ps1-1zv5tb-r6Xz-SYotP6TsRiZN93wDSGAJiOvV7vlB8mDozk3hw33-OPTHhh_1Y7B0T0aZx0cLAd8keIByreB6GVB4J80Prf643Bw2&t=634901608697490625


Category: ErrorLog

Priority: 0

EventId: 90000

Severity: Error

Title:Enterprise Library Exception Handling

Machine: WEB03

App Domain: /LM/W3SVC/124/ROOT-1-130092206779023437

ProcessId: 7520

Process Name: C:\Windows\SysWOW64\inetsrv\w3wp.exe

Thread Name: 

Win32 ThreadId:13852

Extended Properties: 
----------------------------------------
----------------------------------------
Timestamp: 3/31/2013 4:35:40 PM

Message: HandlingInstanceID: 79d02f21-a5a6-4bd1-984d-03661cf680f5
An exception of type 'System.Web.HttpException' occurred and was caught.
------------------------------------------------------------------------
03/31/2013 17:35:40
Type : System.Web.HttpException, System.Web, Version=4.0.0.0, Culture=neutral, PublicKeyToken=b03f5f7f11d50a3a
Message : This is an invalid webresource request.
Source : System.Web
Help link : 
WebEventCode : 0
ErrorCode : -2147467259
Data : System.Collections.ListDictionaryInternal
TargetSite : Void System.Web.IHttpHandler.ProcessRequest(System.Web.HttpContext)
Stack Trace :    at System.Web.Handlers.AssemblyResourceLoader.System.Web.IHttpHandler.ProcessRequest(HttpContext context)
   at System.Web.HttpApplication.CallHandlerExecutionStep.System.Web.HttpApplication.IExecutionStep.Execute()
   at System.Web.HttpApplication.ExecuteStep(IExecutionStep step, Boolean& completedSynchronously)

Additional Info:

MachineName : WEB03
TimeStamp : 3/31/2013 4:35:40 PM
FullName : Telerik.Sitefinity.Utilities, Version=5.2.3700.0, Culture=neutral, PublicKeyToken=b28c218413bdf563
AppDomainName : /LM/W3SVC/124/ROOT-1-130092206779023437
ThreadIdentity : synxiec
WindowsIdentity : SWBROADBAND\oldsugar
Requested URL : http://oldsugarmill.swbroadband.co.uk/WebResource.axd?d=UHENuYNh0cJr24abVX37-vbzHmRf_xdVY6qVaAvkAUj0UgBD-D6JsqhghcMPDMKQJxtRjUcmnUq25aGSDJWBJ1oi19pMNVOvKZEDO2qY8GWAz_wYcM0M21OnOaKN2MxH-k5JYDkHn9gQSo2Pk5tYK1T0PgEZs_yEW2TjsFdTmghoZ_mJ7cXDVbkzABgsMme7dZ0UhfLvtgubQll_rQrJZg2&t=634901608697490625


Category: ErrorLog

Priority: 0

EventId: 90000

Severity: Error

Title:Enterprise Library Exception Handling

Machine: WEB03

App Domain: /LM/W3SVC/124/ROOT-1-130092206779023437

ProcessId: 7520

Process Name: C:\Windows\SysWOW64\inetsrv\w3wp.exe

Thread Name: 

Win32 ThreadId:12508

Extended Properties: 
----------------------------------------
----------------------------------------
Timestamp: 3/31/2013 4:59:05 PM

Message: HandlingInstanceID: a80e452d-81d5-4cea-96de-b9d66cb8a27a
An exception of type 'System.Web.HttpException' occurred and was caught.
------------------------------------------------------------------------
03/31/2013 17:59:05
Type : System.Web.HttpException, System.Web, Version=4.0.0.0, Culture=neutral, PublicKeyToken=b03f5f7f11d50a3a
Message : This is an invalid webresource request.
Source : System.Web
Help link : 
WebEventCode : 0
ErrorCode : -2147467259
Data : System.Collections.ListDictionaryInternal
TargetSite : Void System.Web.IHttpHandler.ProcessRequest(System.Web.HttpContext)
Stack Trace :    at System.Web.Handlers.AssemblyResourceLoader.System.Web.IHttpHandler.ProcessRequest(HttpContext context)
   at System.Web.HttpApplication.CallHandlerExecutionStep.System.Web.HttpApplication.IExecutionStep.Execute()
   at System.Web.HttpApplication.ExecuteStep(IExecutionStep step, Boolean& completedSynchronously)

Additional Info:

MachineName : WEB03
TimeStamp : 3/31/2013 4:59:05 PM
FullName : Telerik.Sitefinity.Utilities, Version=5.2.3700.0, Culture=neutral, PublicKeyToken=b28c218413bdf563
AppDomainName : /LM/W3SVC/124/ROOT-1-130092227311054687
ThreadIdentity : synxiec
WindowsIdentity : SWBROADBAND\oldsugar
Requested URL : http://oldsugarmill.swbroadband.co.uk/WebResource.axd?d=rWRU8sxTqRNG1mC1UzcG9-BofLMydq-Io7mnyNrEIqKSeySDGqr5gJbJbtedaZ7Z9NnaGSCzZtKFeVFJI1LbgwWHKTAuEz98bGgvpFUhQdrhyB8dGrp-8gtQ5Jpu1AOr_09QzHtvzn4LS1JCVUhWyz_DoJcAE5rMvWrJ1DmFJBRFB9lXPUJm02jApzjgqUQXtI1qhv-GOg8jwijbVWZmNA2&t=634901608697490625


Category: ErrorLog

Priority: 0

EventId: 90000

Severity: Error

Title:Enterprise Library Exception Handling

Machine: WEB03

App Domain: /LM/W3SVC/124/ROOT-1-130092227311054687

ProcessId: 16228

Process Name: C:\Windows\SysWOW64\inetsrv\w3wp.exe

Thread Name: 

Win32 ThreadId:13368

Extended Properties: 
----------------------------------------
