----------------------------------------
Timestamp: 19/04/2014 17:38:22

Message: HandlingInstanceID: f435e990-ff27-401a-8b84-6e28b40d59fc
An exception of type 'System.Web.HttpException' occurred and was caught.
------------------------------------------------------------------------
04/19/2014 18:38:22
Type : System.Web.HttpException, System.Web, Version=4.0.0.0, Culture=neutral, PublicKeyToken=b03f5f7f11d50a3a
Message : This is an invalid script resource request.
Source : System.Web.Extensions
Help link : 
WebEventCode : 0
ErrorCode : -2147467259
Data : System.Collections.ListDictionaryInternal
TargetSite : Void ProcessRequest(System.Web.HttpContextBase, VirtualFileReader, System.Action`2[System.String,System.Exception], Boolean)
HResult : -2147467259
Stack Trace :    at System.Web.Handlers.ScriptResourceHandler.ProcessRequest(HttpContextBase context, VirtualFileReader fileReader, Action`2 logAction, Boolean validatePath)
   at System.Web.Handlers.ScriptResourceHandler.ProcessRequest(HttpContext context)
   at System.Web.Handlers.ScriptResourceHandler.System.Web.IHttpHandler.ProcessRequest(HttpContext context)
   at System.Web.HttpApplication.CallHandlerExecutionStep.System.Web.HttpApplication.IExecutionStep.Execute()
   at System.Web.HttpApplication.ExecuteStep(IExecutionStep step, Boolean& completedSynchronously)

Additional Info:

MachineName : WEB03
TimeStamp : 19/04/2014 17:38:22
FullName : Telerik.Sitefinity.Utilities, Version=5.2.3700.0, Culture=neutral, PublicKeyToken=b28c218413bdf563
AppDomainName : /LM/W3SVC/124/ROOT-1-130423900096360000
ThreadIdentity : 
WindowsIdentity : SWBROADBAND\oldsugar
Requested URL : http://www.oldsugarmill.com/ScriptResource.axd?d=EDlO5e0Pyr0tUPE7A1Qd02UQh7uNzaJ5aQ8WT1dZzVBJ5qQmcnFpmzTYkoX9d1xP40hFzWqy2gSj126jCy-xFIx3HQA-7jgLUVumUVmPUpKFIqF0s4FGYzA7O6OmC5MwhYwXXn7wgABb66EFDGdlQjdHH6VW1dwI_6E2_n7HdfFHjAwea7fyFHnwGYdeOsii-07-SneTx2sCTdubIeDlZA2&t=155533f4


Category: ErrorLog

Priority: 0

EventId: 90000

Severity: Error

Title:Enterprise Library Exception Handling

Machine: WEB03

App Domain: /LM/W3SVC/124/ROOT-1-130423900096360000

ProcessId: 9696

Process Name: C:\Windows\SysWOW64\inetsrv\w3wp.exe

Thread Name: 

Win32 ThreadId:5480

Extended Properties: 
----------------------------------------
----------------------------------------
Timestamp: 19/04/2014 17:38:22

Message: HandlingInstanceID: d9ddebff-3a36-45b9-a9b3-584587b03ad0
An exception of type 'System.Web.HttpException' occurred and was caught.
------------------------------------------------------------------------
04/19/2014 18:38:22
Type : System.Web.HttpException, System.Web, Version=4.0.0.0, Culture=neutral, PublicKeyToken=b03f5f7f11d50a3a
Message : This is an invalid script resource request.
Source : System.Web.Extensions
Help link : 
WebEventCode : 0
ErrorCode : -2147467259
Data : System.Collections.ListDictionaryInternal
TargetSite : Void ProcessRequest(System.Web.HttpContextBase, VirtualFileReader, System.Action`2[System.String,System.Exception], Boolean)
HResult : -2147467259
Stack Trace :    at System.Web.Handlers.ScriptResourceHandler.ProcessRequest(HttpContextBase context, VirtualFileReader fileReader, Action`2 logAction, Boolean validatePath)
   at System.Web.Handlers.ScriptResourceHandler.ProcessRequest(HttpContext context)
   at System.Web.Handlers.ScriptResourceHandler.System.Web.IHttpHandler.ProcessRequest(HttpContext context)
   at System.Web.HttpApplication.CallHandlerExecutionStep.System.Web.HttpApplication.IExecutionStep.Execute()
   at System.Web.HttpApplication.ExecuteStep(IExecutionStep step, Boolean& completedSynchronously)

Additional Info:

MachineName : WEB03
TimeStamp : 19/04/2014 17:38:22
FullName : Telerik.Sitefinity.Utilities, Version=5.2.3700.0, Culture=neutral, PublicKeyToken=b28c218413bdf563
AppDomainName : /LM/W3SVC/124/ROOT-1-130423900096360000
ThreadIdentity : 
WindowsIdentity : SWBROADBAND\oldsugar
Requested URL : http://www.oldsugarmill.com/ScriptResource.axd?d=uf5E9k2s3ezr78_RfthrDSutySyuOkrG83Z3w8ZsfBXlB5qF8iTg2tbM3KAX0W7gq7jEHJOkOFvuY3zX-RwOiI4pNN6myLoGEdOzymayK36m0cHD2VekDsI2W4-8W-2_EehiSjkikXx2ywxR-9G7LSjJXRcP5xpiwyIUguMt1M_FFeArz953UOdXKs-ChGZK0&t=155533f4


Category: ErrorLog

Priority: 0

EventId: 90000

Severity: Error

Title:Enterprise Library Exception Handling

Machine: WEB03

App Domain: /LM/W3SVC/124/ROOT-1-130423900096360000

ProcessId: 9696

Process Name: C:\Windows\SysWOW64\inetsrv\w3wp.exe

Thread Name: 

Win32 ThreadId:12592

Extended Properties: 
----------------------------------------
----------------------------------------
Timestamp: 20/04/2014 01:44:03

Message: HandlingInstanceID: ffe4e133-0145-4345-9095-d76ed5d96d12
An exception of type 'System.Web.HttpException' occurred and was caught.
------------------------------------------------------------------------
04/20/2014 02:44:03
Type : System.Web.HttpException, System.Web, Version=4.0.0.0, Culture=neutral, PublicKeyToken=b03f5f7f11d50a3a
Message : This is an invalid webresource request.
Source : System.Web
Help link : 
WebEventCode : 0
ErrorCode : -2147467259
Data : System.Collections.ListDictionaryInternal
TargetSite : Void System.Web.IHttpHandler.ProcessRequest(System.Web.HttpContext)
HResult : -2147467259
Stack Trace :    at System.Web.Handlers.AssemblyResourceLoader.System.Web.IHttpHandler.ProcessRequest(HttpContext context)
   at System.Web.HttpApplication.CallHandlerExecutionStep.System.Web.HttpApplication.IExecutionStep.Execute()
   at System.Web.HttpApplication.ExecuteStep(IExecutionStep step, Boolean& completedSynchronously)

Additional Info:

MachineName : WEB03
TimeStamp : 20/04/2014 01:44:03
FullName : Telerik.Sitefinity.Utilities, Version=5.2.3700.0, Culture=neutral, PublicKeyToken=b28c218413bdf563
AppDomainName : /LM/W3SVC/124/ROOT-1-130423900096360000
ThreadIdentity : 
WindowsIdentity : SWBROADBAND\oldsugar
Requested URL : http://oldsugarmill.swbroadband.co.uk/WebResource.axd?d=XmiTycBiuJBaqvZ6poBBUmzZ9lE8PMw4HWVPXBzMLK1KWU5mWzLNGP8yluhu6-EwwV3QzivYjMML5XjxHJ90FpsDLgdSKBntevRTl2_SySA1&t=635195661120000000


Category: ErrorLog

Priority: 0

EventId: 90000

Severity: Error

Title:Enterprise Library Exception Handling

Machine: WEB03

App Domain: /LM/W3SVC/124/ROOT-1-130423900096360000

ProcessId: 9696

Process Name: C:\Windows\SysWOW64\inetsrv\w3wp.exe

Thread Name: 

Win32 ThreadId:7388

Extended Properties: 
----------------------------------------
----------------------------------------
Timestamp: 20/04/2014 01:44:04

Message: HandlingInstanceID: 000fdec7-6a55-49eb-887f-3f487913de26
An exception of type 'System.Web.HttpException' occurred and was caught.
------------------------------------------------------------------------
04/20/2014 02:44:04
Type : System.Web.HttpException, System.Web, Version=4.0.0.0, Culture=neutral, PublicKeyToken=b03f5f7f11d50a3a
Message : This is an invalid script resource request.
Source : System.Web.Extensions
Help link : 
WebEventCode : 0
ErrorCode : -2147467259
Data : System.Collections.ListDictionaryInternal
TargetSite : Void ProcessRequest(System.Web.HttpContextBase, VirtualFileReader, System.Action`2[System.String,System.Exception], Boolean)
HResult : -2147467259
Stack Trace :    at System.Web.Handlers.ScriptResourceHandler.ProcessRequest(HttpContextBase context, VirtualFileReader fileReader, Action`2 logAction, Boolean validatePath)
   at System.Web.Handlers.ScriptResourceHandler.ProcessRequest(HttpContext context)
   at System.Web.Handlers.ScriptResourceHandler.System.Web.IHttpHandler.ProcessRequest(HttpContext context)
   at System.Web.HttpApplication.CallHandlerExecutionStep.System.Web.HttpApplication.IExecutionStep.Execute()
   at System.Web.HttpApplication.ExecuteStep(IExecutionStep step, Boolean& completedSynchronously)

Additional Info:

MachineName : WEB03
TimeStamp : 20/04/2014 01:44:04
FullName : Telerik.Sitefinity.Utilities, Version=5.2.3700.0, Culture=neutral, PublicKeyToken=b28c218413bdf563
AppDomainName : /LM/W3SVC/124/ROOT-1-130423900096360000
ThreadIdentity : 
WindowsIdentity : SWBROADBAND\oldsugar
Requested URL : http://oldsugarmill.swbroadband.co.uk/ScriptResource.axd?d=a-kDx5PLh1eBvNWtHP5xe8MlVcdkhwMc9mm39jJ2VdoZt4-USE-13rOW74cMhZk5YDpfYCkdf2nssAd7izG9wtgc0yBa2gV9t7ygONdwdWaB4t88iq70Pu8pbbn0yC4Gp75Q7vQbOlrkW3rYulFC3igYFOsdY1Sb6cFQkrVdJFEUB0zbVpUj545P6SN0fz0v0&t=155533f4


Category: ErrorLog

Priority: 0

EventId: 90000

Severity: Error

Title:Enterprise Library Exception Handling

Machine: WEB03

App Domain: /LM/W3SVC/124/ROOT-1-130423900096360000

ProcessId: 9696

Process Name: C:\Windows\SysWOW64\inetsrv\w3wp.exe

Thread Name: 

Win32 ThreadId:6012

Extended Properties: 
----------------------------------------
----------------------------------------
Timestamp: 20/04/2014 01:44:05

Message: HandlingInstanceID: 42b1ead0-d991-41f5-b353-cb69ca98e50c
An exception of type 'System.Web.HttpException' occurred and was caught.
------------------------------------------------------------------------
04/20/2014 02:44:05
Type : System.Web.HttpException, System.Web, Version=4.0.0.0, Culture=neutral, PublicKeyToken=b03f5f7f11d50a3a
Message : This is an invalid script resource request.
Source : System.Web.Extensions
Help link : 
WebEventCode : 0
ErrorCode : -2147467259
Data : System.Collections.ListDictionaryInternal
TargetSite : Void ProcessRequest(System.Web.HttpContextBase, VirtualFileReader, System.Action`2[System.String,System.Exception], Boolean)
HResult : -2147467259
Stack Trace :    at System.Web.Handlers.ScriptResourceHandler.ProcessRequest(HttpContextBase context, VirtualFileReader fileReader, Action`2 logAction, Boolean validatePath)
   at System.Web.Handlers.ScriptResourceHandler.ProcessRequest(HttpContext context)
   at System.Web.Handlers.ScriptResourceHandler.System.Web.IHttpHandler.ProcessRequest(HttpContext context)
   at System.Web.HttpApplication.CallHandlerExecutionStep.System.Web.HttpApplication.IExecutionStep.Execute()
   at System.Web.HttpApplication.ExecuteStep(IExecutionStep step, Boolean& completedSynchronously)

Additional Info:

MachineName : WEB03
TimeStamp : 20/04/2014 01:44:05
FullName : Telerik.Sitefinity.Utilities, Version=5.2.3700.0, Culture=neutral, PublicKeyToken=b28c218413bdf563
AppDomainName : /LM/W3SVC/124/ROOT-1-130423900096360000
ThreadIdentity : 
WindowsIdentity : SWBROADBAND\oldsugar
Requested URL : http://oldsugarmill.swbroadband.co.uk/ScriptResource.axd?d=ZjMeMTbiFJP_8_iR4IAU4cxHdWkdtaqrtuWmKk8h2xuHsO10dHrGYfcUWg82Z8Ov0N_mwUEdKq7tFPXxCMbAODtMpNdQ-PgrLTOVTiuyAQWROC4Izl7Cnq_4Ho9o7KBXZ1yLPs6LylkWUtCp_1lk0YfXUJD2-6_zJKmn4tKVmPgI8y4ns47gnJrJeSZGQQzOd-18YcuUZNLR08W2no8vjg2&t=155533f4


Category: ErrorLog

Priority: 0

EventId: 90000

Severity: Error

Title:Enterprise Library Exception Handling

Machine: WEB03

App Domain: /LM/W3SVC/124/ROOT-1-130423900096360000

ProcessId: 9696

Process Name: C:\Windows\SysWOW64\inetsrv\w3wp.exe

Thread Name: 

Win32 ThreadId:13296

Extended Properties: 
----------------------------------------
----------------------------------------
Timestamp: 20/04/2014 01:47:05

Message: HandlingInstanceID: 26635e27-bc48-48b6-8cc6-fbf7ef1de7c0
An exception of type 'System.Web.HttpException' occurred and was caught.
------------------------------------------------------------------------
04/20/2014 02:47:05
Type : System.Web.HttpException, System.Web, Version=4.0.0.0, Culture=neutral, PublicKeyToken=b03f5f7f11d50a3a
Message : This is an invalid script resource request.
Source : System.Web.Extensions
Help link : 
WebEventCode : 0
ErrorCode : -2147467259
Data : System.Collections.ListDictionaryInternal
TargetSite : Void ProcessRequest(System.Web.HttpContextBase, VirtualFileReader, System.Action`2[System.String,System.Exception], Boolean)
HResult : -2147467259
Stack Trace :    at System.Web.Handlers.ScriptResourceHandler.ProcessRequest(HttpContextBase context, VirtualFileReader fileReader, Action`2 logAction, Boolean validatePath)
   at System.Web.Handlers.ScriptResourceHandler.ProcessRequest(HttpContext context)
   at System.Web.Handlers.ScriptResourceHandler.System.Web.IHttpHandler.ProcessRequest(HttpContext context)
   at System.Web.HttpApplication.CallHandlerExecutionStep.System.Web.HttpApplication.IExecutionStep.Execute()
   at System.Web.HttpApplication.ExecuteStep(IExecutionStep step, Boolean& completedSynchronously)

Additional Info:

MachineName : WEB03
TimeStamp : 20/04/2014 01:47:05
FullName : Telerik.Sitefinity.Utilities, Version=5.2.3700.0, Culture=neutral, PublicKeyToken=b28c218413bdf563
AppDomainName : /LM/W3SVC/124/ROOT-1-130423900096360000
ThreadIdentity : 
WindowsIdentity : SWBROADBAND\oldsugar
Requested URL : http://www.oldsugarmill.com/ScriptResource.axd?d=_TzymZr7DjuBZGhJ3XHkHHVEATK5Uu0vDcO-iia-0pvnrPrlXSU1CeuINfr3R9wDYomfu4vdY0WsUEspjJcArzgJSZgXYg4vnvQaPULQmGe8zKNyVPuEnooPI3kNTBLmHq22pXpAU08sTXWbTokLRfpl63XiBDI4KBXZmZg3AeBuhvExZXGjuori7hHwEKkU0&t=155533f4


Category: ErrorLog

Priority: 0

EventId: 90000

Severity: Error

Title:Enterprise Library Exception Handling

Machine: WEB03

App Domain: /LM/W3SVC/124/ROOT-1-130423900096360000

ProcessId: 9696

Process Name: C:\Windows\SysWOW64\inetsrv\w3wp.exe

Thread Name: 

Win32 ThreadId:7388

Extended Properties: 
----------------------------------------
----------------------------------------
Timestamp: 20/04/2014 03:11:41

Message: HandlingInstanceID: 9af5e1ed-53f0-4721-a296-7c7b6690a8ff
An exception of type 'System.Web.HttpException' occurred and was caught.
------------------------------------------------------------------------
04/20/2014 04:11:41
Type : System.Web.HttpException, System.Web, Version=4.0.0.0, Culture=neutral, PublicKeyToken=b03f5f7f11d50a3a
Message : This is an invalid script resource request.
Source : System.Web.Extensions
Help link : 
WebEventCode : 0
ErrorCode : -2147467259
Data : System.Collections.ListDictionaryInternal
TargetSite : Void ProcessRequest(System.Web.HttpContextBase, VirtualFileReader, System.Action`2[System.String,System.Exception], Boolean)
HResult : -2147467259
Stack Trace :    at System.Web.Handlers.ScriptResourceHandler.ProcessRequest(HttpContextBase context, VirtualFileReader fileReader, Action`2 logAction, Boolean validatePath)
   at System.Web.Handlers.ScriptResourceHandler.ProcessRequest(HttpContext context)
   at System.Web.Handlers.ScriptResourceHandler.System.Web.IHttpHandler.ProcessRequest(HttpContext context)
   at System.Web.HttpApplication.CallHandlerExecutionStep.System.Web.HttpApplication.IExecutionStep.Execute()
   at System.Web.HttpApplication.ExecuteStep(IExecutionStep step, Boolean& completedSynchronously)

Additional Info:

MachineName : WEB03
TimeStamp : 20/04/2014 03:11:41
FullName : Telerik.Sitefinity.Utilities, Version=5.2.3700.0, Culture=neutral, PublicKeyToken=b28c218413bdf563
AppDomainName : /LM/W3SVC/124/ROOT-1-130423900096360000
ThreadIdentity : 
WindowsIdentity : SWBROADBAND\oldsugar
Requested URL : http://www.oldsugarmill.com/ScriptResource.axd?d=Vs4bbjtGqfyJVlhA-oxkbQjdbQXxPVTv6XDkOS2xSUTqt_Hx_3wn14t--ECGMn4YX8_4096uLQBxSd87A1h6en9d-EfLX2TT5uv9LiDNlAi_1Um1A-2-LPp7EezHMWqEcYU6mVN7drFPp4iqxLW0652l3ifPEjgYmMouIrGDz1M9A1yI0yUB4Xn32TrgWMi00&t=155533f4


Category: ErrorLog

Priority: 0

EventId: 90000

Severity: Error

Title:Enterprise Library Exception Handling

Machine: WEB03

App Domain: /LM/W3SVC/124/ROOT-1-130423900096360000

ProcessId: 9696

Process Name: C:\Windows\SysWOW64\inetsrv\w3wp.exe

Thread Name: 

Win32 ThreadId:2644

Extended Properties: 
----------------------------------------
----------------------------------------
Timestamp: 20/04/2014 03:11:43

Message: HandlingInstanceID: 98d7e9d0-1548-4a9c-b834-96479554151d
An exception of type 'System.Web.HttpException' occurred and was caught.
------------------------------------------------------------------------
04/20/2014 04:11:43
Type : System.Web.HttpException, System.Web, Version=4.0.0.0, Culture=neutral, PublicKeyToken=b03f5f7f11d50a3a
Message : This is an invalid script resource request.
Source : System.Web.Extensions
Help link : 
WebEventCode : 0
ErrorCode : -2147467259
Data : System.Collections.ListDictionaryInternal
TargetSite : Void ProcessRequest(System.Web.HttpContextBase, VirtualFileReader, System.Action`2[System.String,System.Exception], Boolean)
HResult : -2147467259
Stack Trace :    at System.Web.Handlers.ScriptResourceHandler.ProcessRequest(HttpContextBase context, VirtualFileReader fileReader, Action`2 logAction, Boolean validatePath)
   at System.Web.Handlers.ScriptResourceHandler.ProcessRequest(HttpContext context)
   at System.Web.Handlers.ScriptResourceHandler.System.Web.IHttpHandler.ProcessRequest(HttpContext context)
   at System.Web.HttpApplication.CallHandlerExecutionStep.System.Web.HttpApplication.IExecutionStep.Execute()
   at System.Web.HttpApplication.ExecuteStep(IExecutionStep step, Boolean& completedSynchronously)

Additional Info:

MachineName : WEB03
TimeStamp : 20/04/2014 03:11:43
FullName : Telerik.Sitefinity.Utilities, Version=5.2.3700.0, Culture=neutral, PublicKeyToken=b28c218413bdf563
AppDomainName : /LM/W3SVC/124/ROOT-1-130423900096360000
ThreadIdentity : 
WindowsIdentity : SWBROADBAND\oldsugar
Requested URL : http://www.oldsugarmill.com/ScriptResource.axd?d=70XQ3Hj8X6F68UJs2xh2VW3vGoszD6xEjOk09lsxjUhwgMs3UH_XNCfA79lTEpyglXPjHlyfkShdSp_uZUGzoEBryrQBPcjzSfVctpWG6XeCDLm6S4H2vmfBjJ-bZvynrPaCwH1CmLSrrMdJSjCiG4FTMPS56-wk9VqrZdRbEI0OYL1HLT7cmHEERUcmsV12CWM0ZT9dlK2ImnyNi7nzaA2&t=155533f4


Category: ErrorLog

Priority: 0

EventId: 90000

Severity: Error

Title:Enterprise Library Exception Handling

Machine: WEB03

App Domain: /LM/W3SVC/124/ROOT-1-130423900096360000

ProcessId: 9696

Process Name: C:\Windows\SysWOW64\inetsrv\w3wp.exe

Thread Name: 

Win32 ThreadId:5240

Extended Properties: 
----------------------------------------
----------------------------------------
Timestamp: 20/04/2014 05:45:23

Message: HandlingInstanceID: 7957b8cf-d469-4b08-ba21-fde7c6a3897e
An exception of type 'System.Web.HttpException' occurred and was caught.
------------------------------------------------------------------------
04/20/2014 06:45:23
Type : System.Web.HttpException, System.Web, Version=4.0.0.0, Culture=neutral, PublicKeyToken=b03f5f7f11d50a3a
Message : This is an invalid script resource request.
Source : System.Web.Extensions
Help link : 
WebEventCode : 0
ErrorCode : -2147467259
Data : System.Collections.ListDictionaryInternal
TargetSite : Void ProcessRequest(System.Web.HttpContextBase, VirtualFileReader, System.Action`2[System.String,System.Exception], Boolean)
HResult : -2147467259
Stack Trace :    at System.Web.Handlers.ScriptResourceHandler.ProcessRequest(HttpContextBase context, VirtualFileReader fileReader, Action`2 logAction, Boolean validatePath)
   at System.Web.Handlers.ScriptResourceHandler.ProcessRequest(HttpContext context)
   at System.Web.Handlers.ScriptResourceHandler.System.Web.IHttpHandler.ProcessRequest(HttpContext context)
   at System.Web.HttpApplication.CallHandlerExecutionStep.System.Web.HttpApplication.IExecutionStep.Execute()
   at System.Web.HttpApplication.ExecuteStep(IExecutionStep step, Boolean& completedSynchronously)

Additional Info:

MachineName : WEB03
TimeStamp : 20/04/2014 05:45:23
FullName : Telerik.Sitefinity.Utilities, Version=5.2.3700.0, Culture=neutral, PublicKeyToken=b28c218413bdf563
AppDomainName : /LM/W3SVC/124/ROOT-1-130424460870891250
ThreadIdentity : 
WindowsIdentity : SWBROADBAND\oldsugar
Requested URL : http://www.oldsugarmill.com/ScriptResource.axd?d=QF9qiBPYHYg4e_1afqoISuSs9AcPQoBSNBun1TOMckjdM37X41opn37QIxywkod1oK6qAgmMdJan8kRsihBViRYaLeJJGl6MNs_EWdEe6rroYhAos-YXSNR1OEnrLIWtLowhPhhJM3urup7iDe3-mVMsgsNAIblsobdQMvkRyqWIF11d6Fi60dCSHDWey-_K4IwifnX2C5cTCeqGoEOlPg2&t=155533f4


Category: ErrorLog

Priority: 0

EventId: 90000

Severity: Error

Title:Enterprise Library Exception Handling

Machine: WEB03

App Domain: /LM/W3SVC/124/ROOT-1-130424460870891250

ProcessId: 1780

Process Name: C:\Windows\SysWOW64\inetsrv\w3wp.exe

Thread Name: 

Win32 ThreadId:7036

Extended Properties: 
----------------------------------------
----------------------------------------
Timestamp: 20/04/2014 06:49:12

Message: HandlingInstanceID: 654ccc85-81cf-4157-bdef-084246bfede9
An exception of type 'System.Web.HttpException' occurred and was caught.
------------------------------------------------------------------------
04/20/2014 07:49:12
Type : System.Web.HttpException, System.Web, Version=4.0.0.0, Culture=neutral, PublicKeyToken=b03f5f7f11d50a3a
Message : This is an invalid script resource request.
Source : System.Web.Extensions
Help link : 
WebEventCode : 0
ErrorCode : -2147467259
Data : System.Collections.ListDictionaryInternal
TargetSite : Void ProcessRequest(System.Web.HttpContextBase, VirtualFileReader, System.Action`2[System.String,System.Exception], Boolean)
HResult : -2147467259
Stack Trace :    at System.Web.Handlers.ScriptResourceHandler.ProcessRequest(HttpContextBase context, VirtualFileReader fileReader, Action`2 logAction, Boolean validatePath)
   at System.Web.Handlers.ScriptResourceHandler.ProcessRequest(HttpContext context)
   at System.Web.Handlers.ScriptResourceHandler.System.Web.IHttpHandler.ProcessRequest(HttpContext context)
   at System.Web.HttpApplication.CallHandlerExecutionStep.System.Web.HttpApplication.IExecutionStep.Execute()
   at System.Web.HttpApplication.ExecuteStep(IExecutionStep step, Boolean& completedSynchronously)

Additional Info:

MachineName : WEB03
TimeStamp : 20/04/2014 06:49:12
FullName : Telerik.Sitefinity.Utilities, Version=5.2.3700.0, Culture=neutral, PublicKeyToken=b28c218413bdf563
AppDomainName : /LM/W3SVC/124/ROOT-1-130424460870891250
ThreadIdentity : 
WindowsIdentity : SWBROADBAND\oldsugar
Requested URL : http://www.oldsugarmill.com/ScriptResource.axd?d=r8OrnFSGmG3v0vLe1FfkA96z8Qt7bn-Y9sRBWNC6ZnkWYiev3iUcF1h2iAKpypWHg6O5pvig6nt-iAmk9ymjl2xZbIuXA9p1HlATJ8579JN5JA_-E4cRsYJ1VI-2ivqCljHNzFi-QNmTAVLDVRCRXLHeP939B0LFMDW2UZbAp_4WTrn4tsP-h09oZU_u9VyzqJhxzd4ExPQmI4nGviixYQ2&t=155533f4


Category: ErrorLog

Priority: 0

EventId: 90000

Severity: Error

Title:Enterprise Library Exception Handling

Machine: WEB03

App Domain: /LM/W3SVC/124/ROOT-1-130424460870891250

ProcessId: 1780

Process Name: C:\Windows\SysWOW64\inetsrv\w3wp.exe

Thread Name: 

Win32 ThreadId:12776

Extended Properties: 
----------------------------------------
----------------------------------------
Timestamp: 20/04/2014 06:49:14

Message: HandlingInstanceID: 16560739-48a6-4903-afa9-0c7e40308451
An exception of type 'System.Web.HttpException' occurred and was caught.
------------------------------------------------------------------------
04/20/2014 07:49:14
Type : System.Web.HttpException, System.Web, Version=4.0.0.0, Culture=neutral, PublicKeyToken=b03f5f7f11d50a3a
Message : This is an invalid script resource request.
Source : System.Web.Extensions
Help link : 
WebEventCode : 0
ErrorCode : -2147467259
Data : System.Collections.ListDictionaryInternal
TargetSite : Void ProcessRequest(System.Web.HttpContextBase, VirtualFileReader, System.Action`2[System.String,System.Exception], Boolean)
HResult : -2147467259
Stack Trace :    at System.Web.Handlers.ScriptResourceHandler.ProcessRequest(HttpContextBase context, VirtualFileReader fileReader, Action`2 logAction, Boolean validatePath)
   at System.Web.Handlers.ScriptResourceHandler.ProcessRequest(HttpContext context)
   at System.Web.Handlers.ScriptResourceHandler.System.Web.IHttpHandler.ProcessRequest(HttpContext context)
   at System.Web.HttpApplication.CallHandlerExecutionStep.System.Web.HttpApplication.IExecutionStep.Execute()
   at System.Web.HttpApplication.ExecuteStep(IExecutionStep step, Boolean& completedSynchronously)

Additional Info:

MachineName : WEB03
TimeStamp : 20/04/2014 06:49:14
FullName : Telerik.Sitefinity.Utilities, Version=5.2.3700.0, Culture=neutral, PublicKeyToken=b28c218413bdf563
AppDomainName : /LM/W3SVC/124/ROOT-1-130424460870891250
ThreadIdentity : 
WindowsIdentity : SWBROADBAND\oldsugar
Requested URL : http://www.oldsugarmill.com/ScriptResource.axd?d=zgQA0gp07MBkSrKfAx2G3PpwLCkuRJfNKr7aXRMgxhd_hs0KDvyvqGaUmdL4cletMOTBBQ_GBsMBd4OJvInHoZl9AQJzYLD726n9LLx4hr8FeyqVYrumSX2q-9vNAXE9B6JVKm9GNweIKpcLZ2ot8FBwyzIKkvIzAfAQSjjDVTNGniqRHHNzavfKMyAfrPVP0&t=155533f4


Category: ErrorLog

Priority: 0

EventId: 90000

Severity: Error

Title:Enterprise Library Exception Handling

Machine: WEB03

App Domain: /LM/W3SVC/124/ROOT-1-130424460870891250

ProcessId: 1780

Process Name: C:\Windows\SysWOW64\inetsrv\w3wp.exe

Thread Name: 

Win32 ThreadId:13716

Extended Properties: 
----------------------------------------
----------------------------------------
Timestamp: 20/04/2014 12:00:00

Message: HandlingInstanceID: 580a35e5-2b1d-4276-8186-b0bee19c18be
An exception of type 'System.Web.HttpException' occurred and was caught.
------------------------------------------------------------------------
04/20/2014 13:00:00
Type : System.Web.HttpException, System.Web, Version=4.0.0.0, Culture=neutral, PublicKeyToken=b03f5f7f11d50a3a
Message : This is an invalid webresource request.
Source : System.Web
Help link : 
WebEventCode : 0
ErrorCode : -2147467259
Data : System.Collections.ListDictionaryInternal
TargetSite : Void System.Web.IHttpHandler.ProcessRequest(System.Web.HttpContext)
HResult : -2147467259
Stack Trace :    at System.Web.Handlers.AssemblyResourceLoader.System.Web.IHttpHandler.ProcessRequest(HttpContext context)
   at System.Web.HttpApplication.CallHandlerExecutionStep.System.Web.HttpApplication.IExecutionStep.Execute()
   at System.Web.HttpApplication.ExecuteStep(IExecutionStep step, Boolean& completedSynchronously)

Additional Info:

MachineName : WEB03
TimeStamp : 20/04/2014 12:00:00
FullName : Telerik.Sitefinity.Utilities, Version=5.2.3700.0, Culture=neutral, PublicKeyToken=b28c218413bdf563
AppDomainName : /LM/W3SVC/124/ROOT-1-130424667196047500
ThreadIdentity : 
WindowsIdentity : SWBROADBAND\oldsugar
Requested URL : http://www.oldsugarmill.com/WebResource.axd?d=GU7frnbpvqY6xWNTymLVjo0Ls-XEZXGucCZ5KzwnY_ROLSHqMO6iM4ZaSZZSOYpHO9t4Ia6HrmAvPahiQBiA0lTRBe0XFt9LbtvsDewRN-I1&t=635195661120000000


Category: ErrorLog

Priority: 0

EventId: 90000

Severity: Error

Title:Enterprise Library Exception Handling

Machine: WEB03

App Domain: /LM/W3SVC/124/ROOT-1-130424667196047500

ProcessId: 3084

Process Name: C:\Windows\SysWOW64\inetsrv\w3wp.exe

Thread Name: 

Win32 ThreadId:6068

Extended Properties: 
----------------------------------------
----------------------------------------
Timestamp: 20/04/2014 12:00:01

Message: HandlingInstanceID: 89f1e23e-52aa-476e-886a-c4f13dca9520
An exception of type 'System.Web.HttpException' occurred and was caught.
------------------------------------------------------------------------
04/20/2014 13:00:01
Type : System.Web.HttpException, System.Web, Version=4.0.0.0, Culture=neutral, PublicKeyToken=b03f5f7f11d50a3a
Message : This is an invalid webresource request.
Source : System.Web
Help link : 
WebEventCode : 0
ErrorCode : -2147467259
Data : System.Collections.ListDictionaryInternal
TargetSite : Void System.Web.IHttpHandler.ProcessRequest(System.Web.HttpContext)
HResult : -2147467259
Stack Trace :    at System.Web.Handlers.AssemblyResourceLoader.System.Web.IHttpHandler.ProcessRequest(HttpContext context)
   at System.Web.HttpApplication.CallHandlerExecutionStep.System.Web.HttpApplication.IExecutionStep.Execute()
   at System.Web.HttpApplication.ExecuteStep(IExecutionStep step, Boolean& completedSynchronously)

Additional Info:

MachineName : WEB03
TimeStamp : 20/04/2014 12:00:01
FullName : Telerik.Sitefinity.Utilities, Version=5.2.3700.0, Culture=neutral, PublicKeyToken=b28c218413bdf563
AppDomainName : /LM/W3SVC/124/ROOT-1-130424667196047500
ThreadIdentity : 
WindowsIdentity : SWBROADBAND\oldsugar
Requested URL : http://www.oldsugarmill.com/WebResource.axd?d=GU7frnbpvqY6xWNTymLVjo0Ls-XEZXGucCZ5KzwnY_ROLSHqMO6iM4ZaSZZSOYpHO9t4Ia6HrmAvPahiQBiA0lTRBe0XFt9LbtvsDewRN-I1&t=635195661120000000


Category: ErrorLog

Priority: 0

EventId: 90000

Severity: Error

Title:Enterprise Library Exception Handling

Machine: WEB03

App Domain: /LM/W3SVC/124/ROOT-1-130424667196047500

ProcessId: 3084

Process Name: C:\Windows\SysWOW64\inetsrv\w3wp.exe

Thread Name: 

Win32 ThreadId:9728

Extended Properties: 
----------------------------------------
----------------------------------------
Timestamp: 20/04/2014 12:00:02

Message: HandlingInstanceID: e716e29e-3afd-4f0a-96b8-0de224b26153
An exception of type 'System.Web.HttpException' occurred and was caught.
------------------------------------------------------------------------
04/20/2014 13:00:02
Type : System.Web.HttpException, System.Web, Version=4.0.0.0, Culture=neutral, PublicKeyToken=b03f5f7f11d50a3a
Message : This is an invalid webresource request.
Source : System.Web
Help link : 
WebEventCode : 0
ErrorCode : -2147467259
Data : System.Collections.ListDictionaryInternal
TargetSite : Void System.Web.IHttpHandler.ProcessRequest(System.Web.HttpContext)
HResult : -2147467259
Stack Trace :    at System.Web.Handlers.AssemblyResourceLoader.System.Web.IHttpHandler.ProcessRequest(HttpContext context)
   at System.Web.HttpApplication.CallHandlerExecutionStep.System.Web.HttpApplication.IExecutionStep.Execute()
   at System.Web.HttpApplication.ExecuteStep(IExecutionStep step, Boolean& completedSynchronously)

Additional Info:

MachineName : WEB03
TimeStamp : 20/04/2014 12:00:02
FullName : Telerik.Sitefinity.Utilities, Version=5.2.3700.0, Culture=neutral, PublicKeyToken=b28c218413bdf563
AppDomainName : /LM/W3SVC/124/ROOT-1-130424667196047500
ThreadIdentity : 
WindowsIdentity : SWBROADBAND\oldsugar
Requested URL : http://www.oldsugarmill.com/WebResource.axd?d=GU7frnbpvqY6xWNTymLVjo0Ls-XEZXGucCZ5KzwnY_ROLSHqMO6iM4ZaSZZSOYpHO9t4Ia6HrmAvPahiQBiA0lTRBe0XFt9LbtvsDewRN-I1&t=635195661120000000


Category: ErrorLog

Priority: 0

EventId: 90000

Severity: Error

Title:Enterprise Library Exception Handling

Machine: WEB03

App Domain: /LM/W3SVC/124/ROOT-1-130424667196047500

ProcessId: 3084

Process Name: C:\Windows\SysWOW64\inetsrv\w3wp.exe

Thread Name: 

Win32 ThreadId:6076

Extended Properties: 
----------------------------------------
----------------------------------------
Timestamp: 20/04/2014 17:36:44

Message: HandlingInstanceID: 92ce7a50-cd97-4276-8367-d097b755ecf9
An exception of type 'System.Web.HttpException' occurred and was caught.
------------------------------------------------------------------------
04/20/2014 18:36:44
Type : System.Web.HttpException, System.Web, Version=4.0.0.0, Culture=neutral, PublicKeyToken=b03f5f7f11d50a3a
Message : This is an invalid script resource request.
Source : System.Web.Extensions
Help link : 
WebEventCode : 0
ErrorCode : -2147467259
Data : System.Collections.ListDictionaryInternal
TargetSite : Void ProcessRequest(System.Web.HttpContextBase, VirtualFileReader, System.Action`2[System.String,System.Exception], Boolean)
HResult : -2147467259
Stack Trace :    at System.Web.Handlers.ScriptResourceHandler.ProcessRequest(HttpContextBase context, VirtualFileReader fileReader, Action`2 logAction, Boolean validatePath)
   at System.Web.Handlers.ScriptResourceHandler.ProcessRequest(HttpContext context)
   at System.Web.Handlers.ScriptResourceHandler.System.Web.IHttpHandler.ProcessRequest(HttpContext context)
   at System.Web.HttpApplication.CallHandlerExecutionStep.System.Web.HttpApplication.IExecutionStep.Execute()
   at System.Web.HttpApplication.ExecuteStep(IExecutionStep step, Boolean& completedSynchronously)

Additional Info:

MachineName : WEB03
TimeStamp : 20/04/2014 17:36:44
FullName : Telerik.Sitefinity.Utilities, Version=5.2.3700.0, Culture=neutral, PublicKeyToken=b28c218413bdf563
AppDomainName : /LM/W3SVC/124/ROOT-1-130424888212297500
ThreadIdentity : 
WindowsIdentity : SWBROADBAND\oldsugar
Requested URL : http://oldsugarmill.swbroadband.co.uk/ScriptResource.axd?d=QWH17t2Y_30PtAHChAlHmOqPaHEOo6mXLyb9hCaEaHVRl4rFRs8A-1luVLQXEWCLttVtgRskpE0xsBpmbsHd-50xcFqhgWNNHNxSWFHQJ84hj_yY8ZXjzW2zhiiGRQfE46O7rBFmge44rxd32JDNVqJegwgOx9deL64rxpJwxxHAYeI6Ob_BG2dc-WW4TFCnw6EIaW7e-GFVpan3gJENfg2&t=155533f4


Category: ErrorLog

Priority: 0

EventId: 90000

Severity: Error

Title:Enterprise Library Exception Handling

Machine: WEB03

App Domain: /LM/W3SVC/124/ROOT-1-130424888212297500

ProcessId: 9648

Process Name: C:\Windows\SysWOW64\inetsrv\w3wp.exe

Thread Name: 

Win32 ThreadId:13632

Extended Properties: 
----------------------------------------
