----------------------------------------
Timestamp: 2014/3/8 14:36:17

Message: HandlingInstanceID: 60db1b7f-4337-4bf0-86cc-02a03aa99451
An exception of type 'System.Web.HttpException' occurred and was caught.
------------------------------------------------------------------------
03/08/2014 14:36:17
Type : System.Web.HttpException, System.Web, Version=4.0.0.0, Culture=neutral, PublicKeyToken=b03f5f7f11d50a3a
Message : This is an invalid script resource request.
Source : System.Web.Extensions
Help link : 
WebEventCode : 0
ErrorCode : -2147467259
Data : System.Collections.ListDictionaryInternal
TargetSite : Void ProcessRequest(System.Web.HttpContextBase, VirtualFileReader, System.Action`2[System.String,System.Exception], Boolean)
HResult : -2147467259
Stack Trace :    at System.Web.Handlers.ScriptResourceHandler.ProcessRequest(HttpContextBase context, VirtualFileReader fileReader, Action`2 logAction, Boolean validatePath)
   at System.Web.Handlers.ScriptResourceHandler.ProcessRequest(HttpContext context)
   at System.Web.Handlers.ScriptResourceHandler.System.Web.IHttpHandler.ProcessRequest(HttpContext context)
   at System.Web.HttpApplication.CallHandlerExecutionStep.System.Web.HttpApplication.IExecutionStep.Execute()
   at System.Web.HttpApplication.ExecuteStep(IExecutionStep step, Boolean& completedSynchronously)

Additional Info:

MachineName : WEB03
TimeStamp : 2014/3/8 14:36:17
FullName : Telerik.Sitefinity.Utilities, Version=5.2.3700.0, Culture=neutral, PublicKeyToken=b28c218413bdf563
AppDomainName : /LM/W3SVC/124/ROOT-1-130387606256718750
ThreadIdentity : 
WindowsIdentity : SWBROADBAND\oldsugar
Requested URL : http://www.oldsugarmill.com/scriptresource.axd?d=h7llmf5nnzu2bveafzflcwc5pfjh3hutiyhy6oajmr3wn8srixz9srn1yxlaxxxnkuwzm4mbiehjlremg-hsbw2


Category: ErrorLog

Priority: 0

EventId: 90000

Severity: Error

Title:Enterprise Library Exception Handling

Machine: WEB03

App Domain: /LM/W3SVC/124/ROOT-1-130387606256718750

ProcessId: 5132

Process Name: C:\Windows\SysWOW64\inetsrv\w3wp.exe

Thread Name: 

Win32 ThreadId:6832

Extended Properties: 
----------------------------------------
----------------------------------------
Timestamp: 2014/3/8 14:36:18

Message: HandlingInstanceID: e5141489-bfd4-490f-97a4-53161ef05771
An exception of type 'System.Web.HttpException' occurred and was caught.
------------------------------------------------------------------------
03/08/2014 14:36:18
Type : System.Web.HttpException, System.Web, Version=4.0.0.0, Culture=neutral, PublicKeyToken=b03f5f7f11d50a3a
Message : This is an invalid webresource request.
Source : System.Web
Help link : 
WebEventCode : 0
ErrorCode : -2147467259
Data : System.Collections.ListDictionaryInternal
TargetSite : Void System.Web.IHttpHandler.ProcessRequest(System.Web.HttpContext)
HResult : -2147467259
Stack Trace :    at System.Web.Handlers.AssemblyResourceLoader.System.Web.IHttpHandler.ProcessRequest(HttpContext context)
   at System.Web.HttpApplication.CallHandlerExecutionStep.System.Web.HttpApplication.IExecutionStep.Execute()
   at System.Web.HttpApplication.ExecuteStep(IExecutionStep step, Boolean& completedSynchronously)

Additional Info:

MachineName : WEB03
TimeStamp : 2014/3/8 14:36:18
FullName : Telerik.Sitefinity.Utilities, Version=5.2.3700.0, Culture=neutral, PublicKeyToken=b28c218413bdf563
AppDomainName : /LM/W3SVC/124/ROOT-1-130387606256718750
ThreadIdentity : 
WindowsIdentity : SWBROADBAND\oldsugar
Requested URL : http://www.oldsugarmill.com/webresource.axd?d=zzyuqxoaxzoaiezl2-3ywncvzixem2frgg0sxirofoshsxcfu7ljpbj72vgpgqchgmzs5f6tf4glmkfopl6ju2ytc7miilyiscyfl0owofk1&amp;t=635195661120000000


Category: ErrorLog

Priority: 0

EventId: 90000

Severity: Error

Title:Enterprise Library Exception Handling

Machine: WEB03

App Domain: /LM/W3SVC/124/ROOT-1-130387606256718750

ProcessId: 5132

Process Name: C:\Windows\SysWOW64\inetsrv\w3wp.exe

Thread Name: 

Win32 ThreadId:3504

Extended Properties: 
----------------------------------------
----------------------------------------
Timestamp: 3/8/2014 4:46:44 PM

Message: HandlingInstanceID: a78ce0c8-92ab-4adf-9ad5-66288ad1fae1
An exception of type 'System.Web.HttpException' occurred and was caught.
------------------------------------------------------------------------
03/08/2014 16:46:44
Type : System.Web.HttpException, System.Web, Version=4.0.0.0, Culture=neutral, PublicKeyToken=b03f5f7f11d50a3a
Message : File not found.
Source : Telerik.Sitefinity
Help link : 
WebEventCode : 0
ErrorCode : -2147467259
Data : System.Collections.ListDictionaryInternal
TargetSite : IOutputItem GetOutputItem(System.Web.HttpRequest, System.Web.HttpResponse, Telerik.Microsoft.Practices.EnterpriseLibrary.Caching.ICacheManager, System.String, Telerik.Sitefinity.Libraries.Model.MediaContent ByRef)
HResult : -2147467259
Stack Trace :    at Telerik.Sitefinity.Modules.Libraries.Web.LibraryHttpHandler.GetOutputItem(HttpRequest request, HttpResponse response, ICacheManager cache, String key, MediaContent& content)
   at Telerik.Sitefinity.Modules.Libraries.Web.LibraryHttpHandler.ProcessRequest(HttpContext context)
   at System.Web.HttpApplication.CallHandlerExecutionStep.System.Web.HttpApplication.IExecutionStep.Execute()
   at System.Web.HttpApplication.ExecuteStep(IExecutionStep step, Boolean& completedSynchronously)

Additional Info:

MachineName : WEB03
TimeStamp : 3/8/2014 4:46:44 PM
FullName : Telerik.Sitefinity.Utilities, Version=5.2.3700.0, Culture=neutral, PublicKeyToken=b28c218413bdf563
AppDomainName : /LM/W3SVC/124/ROOT-1-130387606256718750
ThreadIdentity : 
WindowsIdentity : SWBROADBAND\oldsugar
Requested URL : http://www.oldsugarmill.com/images/bubble.png


Category: ErrorLog

Priority: 0

EventId: 90000

Severity: Error

Title:Enterprise Library Exception Handling

Machine: WEB03

App Domain: /LM/W3SVC/124/ROOT-1-130387606256718750

ProcessId: 5132

Process Name: C:\Windows\SysWOW64\inetsrv\w3wp.exe

Thread Name: 

Win32 ThreadId:10636

Extended Properties: 
----------------------------------------
----------------------------------------
Timestamp: 3/8/2014 9:11:30 PM

Message: HandlingInstanceID: 4ba8bc82-b4e9-41ad-9e07-8c7afcba8514
An exception of type 'System.Web.HttpException' occurred and was caught.
------------------------------------------------------------------------
03/08/2014 21:11:30
Type : System.Web.HttpException, System.Web, Version=4.0.0.0, Culture=neutral, PublicKeyToken=b03f5f7f11d50a3a
Message : File not found.
Source : Telerik.Sitefinity
Help link : 
WebEventCode : 0
ErrorCode : -2147467259
Data : System.Collections.ListDictionaryInternal
TargetSite : IOutputItem GetOutputItem(System.Web.HttpRequest, System.Web.HttpResponse, Telerik.Microsoft.Practices.EnterpriseLibrary.Caching.ICacheManager, System.String, Telerik.Sitefinity.Libraries.Model.MediaContent ByRef)
HResult : -2147467259
Stack Trace :    at Telerik.Sitefinity.Modules.Libraries.Web.LibraryHttpHandler.GetOutputItem(HttpRequest request, HttpResponse response, ICacheManager cache, String key, MediaContent& content)
   at Telerik.Sitefinity.Modules.Libraries.Web.LibraryHttpHandler.ProcessRequest(HttpContext context)
   at System.Web.HttpApplication.CallHandlerExecutionStep.System.Web.HttpApplication.IExecutionStep.Execute()
   at System.Web.HttpApplication.ExecuteStep(IExecutionStep step, Boolean& completedSynchronously)

Additional Info:

MachineName : WEB03
TimeStamp : 3/8/2014 9:11:30 PM
FullName : Telerik.Sitefinity.Utilities, Version=5.2.3700.0, Culture=neutral, PublicKeyToken=b28c218413bdf563
AppDomainName : /LM/W3SVC/124/ROOT-1-130387606256718750
ThreadIdentity : 
WindowsIdentity : SWBROADBAND\oldsugar
Requested URL : http://www.oldsugarmill.com/images/buyhere_mini.png


Category: ErrorLog

Priority: 0

EventId: 90000

Severity: Error

Title:Enterprise Library Exception Handling

Machine: WEB03

App Domain: /LM/W3SVC/124/ROOT-1-130387606256718750

ProcessId: 5132

Process Name: C:\Windows\SysWOW64\inetsrv\w3wp.exe

Thread Name: 

Win32 ThreadId:4412

Extended Properties: 
----------------------------------------
----------------------------------------
Timestamp: 3/8/2014 9:11:30 PM

Message: HandlingInstanceID: 71531b17-abc4-478d-8578-537189b0c0c8
An exception of type 'System.Web.HttpException' occurred and was caught.
------------------------------------------------------------------------
03/08/2014 21:11:30
Type : System.Web.HttpException, System.Web, Version=4.0.0.0, Culture=neutral, PublicKeyToken=b03f5f7f11d50a3a
Message : File not found.
Source : Telerik.Sitefinity
Help link : 
WebEventCode : 0
ErrorCode : -2147467259
Data : System.Collections.ListDictionaryInternal
TargetSite : IOutputItem GetOutputItem(System.Web.HttpRequest, System.Web.HttpResponse, Telerik.Microsoft.Practices.EnterpriseLibrary.Caching.ICacheManager, System.String, Telerik.Sitefinity.Libraries.Model.MediaContent ByRef)
HResult : -2147467259
Stack Trace :    at Telerik.Sitefinity.Modules.Libraries.Web.LibraryHttpHandler.GetOutputItem(HttpRequest request, HttpResponse response, ICacheManager cache, String key, MediaContent& content)
   at Telerik.Sitefinity.Modules.Libraries.Web.LibraryHttpHandler.ProcessRequest(HttpContext context)
   at System.Web.HttpApplication.CallHandlerExecutionStep.System.Web.HttpApplication.IExecutionStep.Execute()
   at System.Web.HttpApplication.ExecuteStep(IExecutionStep step, Boolean& completedSynchronously)

Additional Info:

MachineName : WEB03
TimeStamp : 3/8/2014 9:11:30 PM
FullName : Telerik.Sitefinity.Utilities, Version=5.2.3700.0, Culture=neutral, PublicKeyToken=b28c218413bdf563
AppDomainName : /LM/W3SVC/124/ROOT-1-130387606256718750
ThreadIdentity : 
WindowsIdentity : SWBROADBAND\oldsugar
Requested URL : http://www.oldsugarmill.com/images/buyhere_mini.png


Category: ErrorLog

Priority: 0

EventId: 90000

Severity: Error

Title:Enterprise Library Exception Handling

Machine: WEB03

App Domain: /LM/W3SVC/124/ROOT-1-130387606256718750

ProcessId: 5132

Process Name: C:\Windows\SysWOW64\inetsrv\w3wp.exe

Thread Name: 

Win32 ThreadId:6008

Extended Properties: 
----------------------------------------
----------------------------------------
Timestamp: 3/8/2014 9:11:30 PM

Message: HandlingInstanceID: 15a75c16-2e80-4ba1-bb6c-6e0b3d6f1dd1
An exception of type 'System.Web.HttpException' occurred and was caught.
------------------------------------------------------------------------
03/08/2014 21:11:30
Type : System.Web.HttpException, System.Web, Version=4.0.0.0, Culture=neutral, PublicKeyToken=b03f5f7f11d50a3a
Message : File not found.
Source : Telerik.Sitefinity
Help link : 
WebEventCode : 0
ErrorCode : -2147467259
Data : System.Collections.ListDictionaryInternal
TargetSite : IOutputItem GetOutputItem(System.Web.HttpRequest, System.Web.HttpResponse, Telerik.Microsoft.Practices.EnterpriseLibrary.Caching.ICacheManager, System.String, Telerik.Sitefinity.Libraries.Model.MediaContent ByRef)
HResult : -2147467259
Stack Trace :    at Telerik.Sitefinity.Modules.Libraries.Web.LibraryHttpHandler.GetOutputItem(HttpRequest request, HttpResponse response, ICacheManager cache, String key, MediaContent& content)
   at Telerik.Sitefinity.Modules.Libraries.Web.LibraryHttpHandler.ProcessRequest(HttpContext context)
   at System.Web.HttpApplication.CallHandlerExecutionStep.System.Web.HttpApplication.IExecutionStep.Execute()
   at System.Web.HttpApplication.ExecuteStep(IExecutionStep step, Boolean& completedSynchronously)

Additional Info:

MachineName : WEB03
TimeStamp : 3/8/2014 9:11:30 PM
FullName : Telerik.Sitefinity.Utilities, Version=5.2.3700.0, Culture=neutral, PublicKeyToken=b28c218413bdf563
AppDomainName : /LM/W3SVC/124/ROOT-1-130387606256718750
ThreadIdentity : 
WindowsIdentity : SWBROADBAND\oldsugar
Requested URL : http://www.oldsugarmill.com/images/buyhere_mini.png


Category: ErrorLog

Priority: 0

EventId: 90000

Severity: Error

Title:Enterprise Library Exception Handling

Machine: WEB03

App Domain: /LM/W3SVC/124/ROOT-1-130387606256718750

ProcessId: 5132

Process Name: C:\Windows\SysWOW64\inetsrv\w3wp.exe

Thread Name: 

Win32 ThreadId:10488

Extended Properties: 
----------------------------------------
----------------------------------------
Timestamp: 3/8/2014 9:11:31 PM

Message: HandlingInstanceID: 45dd69ba-862a-4330-aa68-b2dd5aaa5f36
An exception of type 'System.Web.HttpException' occurred and was caught.
------------------------------------------------------------------------
03/08/2014 21:11:31
Type : System.Web.HttpException, System.Web, Version=4.0.0.0, Culture=neutral, PublicKeyToken=b03f5f7f11d50a3a
Message : File not found.
Source : Telerik.Sitefinity
Help link : 
WebEventCode : 0
ErrorCode : -2147467259
Data : System.Collections.ListDictionaryInternal
TargetSite : IOutputItem GetOutputItem(System.Web.HttpRequest, System.Web.HttpResponse, Telerik.Microsoft.Practices.EnterpriseLibrary.Caching.ICacheManager, System.String, Telerik.Sitefinity.Libraries.Model.MediaContent ByRef)
HResult : -2147467259
Stack Trace :    at Telerik.Sitefinity.Modules.Libraries.Web.LibraryHttpHandler.GetOutputItem(HttpRequest request, HttpResponse response, ICacheManager cache, String key, MediaContent& content)
   at Telerik.Sitefinity.Modules.Libraries.Web.LibraryHttpHandler.ProcessRequest(HttpContext context)
   at System.Web.HttpApplication.CallHandlerExecutionStep.System.Web.HttpApplication.IExecutionStep.Execute()
   at System.Web.HttpApplication.ExecuteStep(IExecutionStep step, Boolean& completedSynchronously)

Additional Info:

MachineName : WEB03
TimeStamp : 3/8/2014 9:11:31 PM
FullName : Telerik.Sitefinity.Utilities, Version=5.2.3700.0, Culture=neutral, PublicKeyToken=b28c218413bdf563
AppDomainName : /LM/W3SVC/124/ROOT-1-130387606256718750
ThreadIdentity : 
WindowsIdentity : SWBROADBAND\oldsugar
Requested URL : http://www.oldsugarmill.com/images/buyhere_mini.png


Category: ErrorLog

Priority: 0

EventId: 90000

Severity: Error

Title:Enterprise Library Exception Handling

Machine: WEB03

App Domain: /LM/W3SVC/124/ROOT-1-130387606256718750

ProcessId: 5132

Process Name: C:\Windows\SysWOW64\inetsrv\w3wp.exe

Thread Name: 

Win32 ThreadId:6008

Extended Properties: 
----------------------------------------
----------------------------------------
Timestamp: 3/8/2014 11:19:57 PM

Message: HandlingInstanceID: 58a03c78-257e-497e-9eb2-43029964ec09
An exception of type 'System.Web.HttpException' occurred and was caught.
------------------------------------------------------------------------
03/08/2014 23:19:57
Type : System.Web.HttpException, System.Web, Version=4.0.0.0, Culture=neutral, PublicKeyToken=b03f5f7f11d50a3a
Message : Page not found
Source : Telerik.Sitefinity
Help link : 
WebEventCode : 0
ErrorCode : -2147467259
Data : System.Collections.ListDictionaryInternal
TargetSite : Void handler_PreRenderComplete(System.Object, System.EventArgs)
HResult : -2147467259
Stack Trace :    at Telerik.Sitefinity.Web.PageRouteHandler.handler_PreRenderComplete(Object sender, EventArgs e)
   at System.EventHandler.Invoke(Object sender, EventArgs e)
   at System.Web.UI.Page.OnPreRenderComplete(EventArgs e)
   at System.Web.UI.Page.ProcessRequestMain(Boolean includeStagesBeforeAsyncPoint, Boolean includeStagesAfterAsyncPoint)

Additional Info:

MachineName : WEB03
TimeStamp : 3/8/2014 11:19:57 PM
FullName : Telerik.Sitefinity.Utilities, Version=5.2.3700.0, Culture=neutral, PublicKeyToken=b28c218413bdf563
AppDomainName : /LM/W3SVC/124/ROOT-1-130387606256718750
ThreadIdentity : 
WindowsIdentity : SWBROADBAND\oldsugar
Requested URL : http://www.oldsugarmill.com/sidebar/weddings/RK=0/RS=YMLRIhUwh942aRARFYPYFWYtTbs-


Category: ErrorLog

Priority: 0

EventId: 90000

Severity: Error

Title:Enterprise Library Exception Handling

Machine: WEB03

App Domain: /LM/W3SVC/124/ROOT-1-130387606256718750

ProcessId: 5132

Process Name: C:\Windows\SysWOW64\inetsrv\w3wp.exe

Thread Name: 

Win32 ThreadId:7084

Extended Properties: 
----------------------------------------
----------------------------------------
Timestamp: 3/8/2014 11:42:44 PM

Message: HandlingInstanceID: c353dc4e-138b-449f-82f3-e2a78f74ec54
An exception of type 'System.Web.HttpException' occurred and was caught.
------------------------------------------------------------------------
03/08/2014 23:42:44
Type : System.Web.HttpException, System.Web, Version=4.0.0.0, Culture=neutral, PublicKeyToken=b03f5f7f11d50a3a
Message : File not found.
Source : Telerik.Sitefinity
Help link : 
WebEventCode : 0
ErrorCode : -2147467259
Data : System.Collections.ListDictionaryInternal
TargetSite : IOutputItem GetOutputItem(System.Web.HttpRequest, System.Web.HttpResponse, Telerik.Microsoft.Practices.EnterpriseLibrary.Caching.ICacheManager, System.String, Telerik.Sitefinity.Libraries.Model.MediaContent ByRef)
HResult : -2147467259
Stack Trace :    at Telerik.Sitefinity.Modules.Libraries.Web.LibraryHttpHandler.GetOutputItem(HttpRequest request, HttpResponse response, ICacheManager cache, String key, MediaContent& content)
   at Telerik.Sitefinity.Modules.Libraries.Web.LibraryHttpHandler.ProcessRequest(HttpContext context)
   at System.Web.HttpApplication.CallHandlerExecutionStep.System.Web.HttpApplication.IExecutionStep.Execute()
   at System.Web.HttpApplication.ExecuteStep(IExecutionStep step, Boolean& completedSynchronously)

Additional Info:

MachineName : WEB03
TimeStamp : 3/8/2014 11:42:44 PM
FullName : Telerik.Sitefinity.Utilities, Version=5.2.3700.0, Culture=neutral, PublicKeyToken=b28c218413bdf563
AppDomainName : /LM/W3SVC/124/ROOT-1-130387606256718750
ThreadIdentity : 
WindowsIdentity : SWBROADBAND\oldsugar
Requested URL : http://www.oldsugarmill.com/images/Flyer12.jpg


Category: ErrorLog

Priority: 0

EventId: 90000

Severity: Error

Title:Enterprise Library Exception Handling

Machine: WEB03

App Domain: /LM/W3SVC/124/ROOT-1-130387606256718750

ProcessId: 5132

Process Name: C:\Windows\SysWOW64\inetsrv\w3wp.exe

Thread Name: 

Win32 ThreadId:12368

Extended Properties: 
----------------------------------------
----------------------------------------
Timestamp: 3/8/2014 11:42:45 PM

Message: HandlingInstanceID: c6b0935e-f0b3-4786-a963-a0835c447d02
An exception of type 'System.Web.HttpException' occurred and was caught.
------------------------------------------------------------------------
03/08/2014 23:42:45
Type : System.Web.HttpException, System.Web, Version=4.0.0.0, Culture=neutral, PublicKeyToken=b03f5f7f11d50a3a
Message : File not found.
Source : Telerik.Sitefinity
Help link : 
WebEventCode : 0
ErrorCode : -2147467259
Data : System.Collections.ListDictionaryInternal
TargetSite : IOutputItem GetOutputItem(System.Web.HttpRequest, System.Web.HttpResponse, Telerik.Microsoft.Practices.EnterpriseLibrary.Caching.ICacheManager, System.String, Telerik.Sitefinity.Libraries.Model.MediaContent ByRef)
HResult : -2147467259
Stack Trace :    at Telerik.Sitefinity.Modules.Libraries.Web.LibraryHttpHandler.GetOutputItem(HttpRequest request, HttpResponse response, ICacheManager cache, String key, MediaContent& content)
   at Telerik.Sitefinity.Modules.Libraries.Web.LibraryHttpHandler.ProcessRequest(HttpContext context)
   at System.Web.HttpApplication.CallHandlerExecutionStep.System.Web.HttpApplication.IExecutionStep.Execute()
   at System.Web.HttpApplication.ExecuteStep(IExecutionStep step, Boolean& completedSynchronously)

Additional Info:

MachineName : WEB03
TimeStamp : 3/8/2014 11:42:45 PM
FullName : Telerik.Sitefinity.Utilities, Version=5.2.3700.0, Culture=neutral, PublicKeyToken=b28c218413bdf563
AppDomainName : /LM/W3SVC/124/ROOT-1-130387606256718750
ThreadIdentity : 
WindowsIdentity : SWBROADBAND\oldsugar
Requested URL : http://www.oldsugarmill.com/images/Flyer12.jpg


Category: ErrorLog

Priority: 0

EventId: 90000

Severity: Error

Title:Enterprise Library Exception Handling

Machine: WEB03

App Domain: /LM/W3SVC/124/ROOT-1-130387606256718750

ProcessId: 5132

Process Name: C:\Windows\SysWOW64\inetsrv\w3wp.exe

Thread Name: 

Win32 ThreadId:13324

Extended Properties: 
----------------------------------------
----------------------------------------
Timestamp: 09/03/2014 10:21:53

Message: HandlingInstanceID: b8f43ae0-fe67-470c-bc65-9a2163c168c0
An exception of type 'System.Web.HttpException' occurred and was caught.
------------------------------------------------------------------------
03/09/2014 10:21:53
Type : System.Web.HttpException, System.Web, Version=4.0.0.0, Culture=neutral, PublicKeyToken=b03f5f7f11d50a3a
Message : This is an invalid script resource request.
Source : System.Web.Extensions
Help link : 
WebEventCode : 0
ErrorCode : -2147467259
Data : System.Collections.ListDictionaryInternal
TargetSite : Void ProcessRequest(System.Web.HttpContextBase, VirtualFileReader, System.Action`2[System.String,System.Exception], Boolean)
HResult : -2147467259
Stack Trace :    at System.Web.Handlers.ScriptResourceHandler.ProcessRequest(HttpContextBase context, VirtualFileReader fileReader, Action`2 logAction, Boolean validatePath)
   at System.Web.Handlers.ScriptResourceHandler.ProcessRequest(HttpContext context)
   at System.Web.Handlers.ScriptResourceHandler.System.Web.IHttpHandler.ProcessRequest(HttpContext context)
   at System.Web.HttpApplication.CallHandlerExecutionStep.System.Web.HttpApplication.IExecutionStep.Execute()
   at System.Web.HttpApplication.ExecuteStep(IExecutionStep step, Boolean& completedSynchronously)

Additional Info:

MachineName : WEB03
TimeStamp : 09/03/2014 10:21:53
FullName : Telerik.Sitefinity.Utilities, Version=5.2.3700.0, Culture=neutral, PublicKeyToken=b28c218413bdf563
AppDomainName : /LM/W3SVC/124/ROOT-1-130388335866093750
ThreadIdentity : 
WindowsIdentity : SWBROADBAND\oldsugar
Requested URL : http://www.oldsugarmill.com/ScriptResource.axd?d=kqmJSUaMOzGI-X6S6nkGPP2rjLmfxWdeWl8MM9Vr5PiIXApb8OI5yul_GPn0dnWyiMpaEO0xsalIkOmTCCpX5QxUl8BpUbBSiMDT2dRzEbq62eu-IWf9E3oXX10fINpjapDPgpo2B1QB_Yt0b1-2TyW19nXjf11a4WpWRqXbsyePv_028M7EGLMkAFbTgmtS0&t=155533f4


Category: ErrorLog

Priority: 0

EventId: 90000

Severity: Error

Title:Enterprise Library Exception Handling

Machine: WEB03

App Domain: /LM/W3SVC/124/ROOT-1-130388335866093750

ProcessId: 3584

Process Name: C:\Windows\SysWOW64\inetsrv\w3wp.exe

Thread Name: 

Win32 ThreadId:9332

Extended Properties: 
----------------------------------------
----------------------------------------
Timestamp: 09/03/2014 13:38:39

Message: HandlingInstanceID: a0b91558-97a9-47a6-a271-877f62cc8436
An exception of type 'System.Web.HttpException' occurred and was caught.
------------------------------------------------------------------------
03/09/2014 13:38:39
Type : System.Web.HttpException, System.Web, Version=4.0.0.0, Culture=neutral, PublicKeyToken=b03f5f7f11d50a3a
Message : This is an invalid webresource request.
Source : System.Web
Help link : 
WebEventCode : 0
ErrorCode : -2147467259
Data : System.Collections.ListDictionaryInternal
TargetSite : Void System.Web.IHttpHandler.ProcessRequest(System.Web.HttpContext)
HResult : -2147467259
Stack Trace :    at System.Web.Handlers.AssemblyResourceLoader.System.Web.IHttpHandler.ProcessRequest(HttpContext context)
   at System.Web.HttpApplication.CallHandlerExecutionStep.System.Web.HttpApplication.IExecutionStep.Execute()
   at System.Web.HttpApplication.ExecuteStep(IExecutionStep step, Boolean& completedSynchronously)

Additional Info:

MachineName : WEB03
TimeStamp : 09/03/2014 13:38:39
FullName : Telerik.Sitefinity.Utilities, Version=5.2.3700.0, Culture=neutral, PublicKeyToken=b28c218413bdf563
AppDomainName : /LM/W3SVC/124/ROOT-1-130388459097343750
ThreadIdentity : 
WindowsIdentity : SWBROADBAND\oldsugar
Requested URL : http://www.oldsugarmill.com/WebResource.axd?d=LyqX_wQMBoIQDTIZEm3juopNO2SOGSKVOrekuLI64HYLyFB-rZGCWvEhIjf0vXtlPr8_h1DeO6XbIClTsLbbEECj-iCO7PVYP5Lm4A1AFRc1&t=635195661120000000


Category: ErrorLog

Priority: 0

EventId: 90000

Severity: Error

Title:Enterprise Library Exception Handling

Machine: WEB03

App Domain: /LM/W3SVC/124/ROOT-1-130388459097343750

ProcessId: 5356

Process Name: C:\Windows\SysWOW64\inetsrv\w3wp.exe

Thread Name: 

Win32 ThreadId:6304

Extended Properties: 
----------------------------------------
----------------------------------------
Timestamp: 09/03/2014 13:38:48

Message: HandlingInstanceID: abba7727-fe90-4a70-b961-f16ea56512ed
An exception of type 'System.Web.HttpException' occurred and was caught.
------------------------------------------------------------------------
03/09/2014 13:38:48
Type : System.Web.HttpException, System.Web, Version=4.0.0.0, Culture=neutral, PublicKeyToken=b03f5f7f11d50a3a
Message : This is an invalid script resource request.
Source : System.Web.Extensions
Help link : 
WebEventCode : 0
ErrorCode : -2147467259
Data : System.Collections.ListDictionaryInternal
TargetSite : Void ProcessRequest(System.Web.HttpContextBase, VirtualFileReader, System.Action`2[System.String,System.Exception], Boolean)
HResult : -2147467259
Stack Trace :    at System.Web.Handlers.ScriptResourceHandler.ProcessRequest(HttpContextBase context, VirtualFileReader fileReader, Action`2 logAction, Boolean validatePath)
   at System.Web.Handlers.ScriptResourceHandler.ProcessRequest(HttpContext context)
   at System.Web.Handlers.ScriptResourceHandler.System.Web.IHttpHandler.ProcessRequest(HttpContext context)
   at System.Web.HttpApplication.CallHandlerExecutionStep.System.Web.HttpApplication.IExecutionStep.Execute()
   at System.Web.HttpApplication.ExecuteStep(IExecutionStep step, Boolean& completedSynchronously)

Additional Info:

MachineName : WEB03
TimeStamp : 09/03/2014 13:38:48
FullName : Telerik.Sitefinity.Utilities, Version=5.2.3700.0, Culture=neutral, PublicKeyToken=b28c218413bdf563
AppDomainName : /LM/W3SVC/124/ROOT-1-130388459097343750
ThreadIdentity : 
WindowsIdentity : SWBROADBAND\oldsugar
Requested URL : http://www.oldsugarmill.com/ScriptResource.axd?d=qePtjJc-_KzyM1TDgHEcEgrFl6P_cFVXm8nQcRJv--dFqVD-vR66lZIXrKwnmg9cgdk5t1jPow9LCOQ0yJQCEhR46zgpUJo9LOxZsM2epcaEM3nRAoMg4PL7WLPZBpRxPQdNrcH8PndqsNoeyN-XzUAgGu8jezzXZcWnQZnUuF9CfsYOXN_JWUhRHGNj1o0D0&t=155533f4


Category: ErrorLog

Priority: 0

EventId: 90000

Severity: Error

Title:Enterprise Library Exception Handling

Machine: WEB03

App Domain: /LM/W3SVC/124/ROOT-1-130388459097343750

ProcessId: 5356

Process Name: C:\Windows\SysWOW64\inetsrv\w3wp.exe

Thread Name: 

Win32 ThreadId:11672

Extended Properties: 
----------------------------------------
